ARM GAS  C:\Users\klabu\AppData\Local\Temp\ccJA4uAm.s 			page 1


   1              		.syntax unified
   2              		.cpu cortex-m3
   3              		.fpu softvfp
   4              		.eabi_attribute 20, 1
   5              		.eabi_attribute 21, 1
   6              		.eabi_attribute 23, 3
   7              		.eabi_attribute 24, 1
   8              		.eabi_attribute 25, 1
   9              		.eabi_attribute 26, 1
  10              		.eabi_attribute 30, 6
  11              		.eabi_attribute 34, 1
  12              		.eabi_attribute 18, 4
  13              		.thumb
  14              		.syntax unified
  15              		.file	"ADC_PM.c"
  16              		.text
  17              	.Ltext0:
  18              		.cfi_sections	.debug_frame
  19              		.data
  20              		.align	2
  21              		.type	ADC_backup, %object
  22              		.size	ADC_backup, 2
  23              	ADC_backup:
  24 0000 00       		.byte	0
  25 0001 30       		.byte	48
  26              		.section	.text.ADC_SaveConfig,"ax",%progbits
  27              		.align	2
  28              		.global	ADC_SaveConfig
  29              		.thumb
  30              		.thumb_func
  31              		.type	ADC_SaveConfig, %function
  32              	ADC_SaveConfig:
  33              	.LFB0:
  34              		.file 1 "Generated_Source\\PSoC5\\ADC_PM.c"
   1:Generated_Source\PSoC5/ADC_PM.c **** /*******************************************************************************
   2:Generated_Source\PSoC5/ADC_PM.c **** * File Name: ADC_PM.c
   3:Generated_Source\PSoC5/ADC_PM.c **** * Version 3.30
   4:Generated_Source\PSoC5/ADC_PM.c **** *
   5:Generated_Source\PSoC5/ADC_PM.c **** * Description:
   6:Generated_Source\PSoC5/ADC_PM.c **** *  This file provides the power manager source code to the API for the
   7:Generated_Source\PSoC5/ADC_PM.c **** *  Delta-Sigma ADC Component.
   8:Generated_Source\PSoC5/ADC_PM.c **** *
   9:Generated_Source\PSoC5/ADC_PM.c **** * Note:
  10:Generated_Source\PSoC5/ADC_PM.c **** *
  11:Generated_Source\PSoC5/ADC_PM.c **** ********************************************************************************
  12:Generated_Source\PSoC5/ADC_PM.c **** * Copyright 2008-2017, Cypress Semiconductor Corporation.  All rights reserved.
  13:Generated_Source\PSoC5/ADC_PM.c **** * You may use this file only in accordance with the license, terms, conditions,
  14:Generated_Source\PSoC5/ADC_PM.c **** * disclaimers, and limitations in the end user license agreement accompanying
  15:Generated_Source\PSoC5/ADC_PM.c **** * the software package with which this file was provided.
  16:Generated_Source\PSoC5/ADC_PM.c **** *******************************************************************************/
  17:Generated_Source\PSoC5/ADC_PM.c **** 
  18:Generated_Source\PSoC5/ADC_PM.c **** #include "ADC.h"
  19:Generated_Source\PSoC5/ADC_PM.c **** 
  20:Generated_Source\PSoC5/ADC_PM.c **** static ADC_BACKUP_STRUCT ADC_backup =
  21:Generated_Source\PSoC5/ADC_PM.c **** {
  22:Generated_Source\PSoC5/ADC_PM.c ****     ADC_DISABLED,
  23:Generated_Source\PSoC5/ADC_PM.c ****     ADC_CFG1_DEC_CR
ARM GAS  C:\Users\klabu\AppData\Local\Temp\ccJA4uAm.s 			page 2


  24:Generated_Source\PSoC5/ADC_PM.c **** };
  25:Generated_Source\PSoC5/ADC_PM.c **** 
  26:Generated_Source\PSoC5/ADC_PM.c **** 
  27:Generated_Source\PSoC5/ADC_PM.c **** /*******************************************************************************
  28:Generated_Source\PSoC5/ADC_PM.c **** * Function Name: ADC_SaveConfig
  29:Generated_Source\PSoC5/ADC_PM.c **** ********************************************************************************
  30:Generated_Source\PSoC5/ADC_PM.c **** *
  31:Generated_Source\PSoC5/ADC_PM.c **** * Summary:
  32:Generated_Source\PSoC5/ADC_PM.c **** *  Save the register configuration which are not retention.
  33:Generated_Source\PSoC5/ADC_PM.c **** *
  34:Generated_Source\PSoC5/ADC_PM.c **** * Parameters:
  35:Generated_Source\PSoC5/ADC_PM.c **** *  None
  36:Generated_Source\PSoC5/ADC_PM.c **** *
  37:Generated_Source\PSoC5/ADC_PM.c **** * Return:
  38:Generated_Source\PSoC5/ADC_PM.c **** *  None
  39:Generated_Source\PSoC5/ADC_PM.c **** *
  40:Generated_Source\PSoC5/ADC_PM.c **** * Global variables:
  41:Generated_Source\PSoC5/ADC_PM.c **** *  ADC_backup:  This global structure variable is used to store
  42:Generated_Source\PSoC5/ADC_PM.c **** *  configuration registers which are non retention whenever user wants to go
  43:Generated_Source\PSoC5/ADC_PM.c **** *  sleep mode by calling Sleep() API.
  44:Generated_Source\PSoC5/ADC_PM.c **** *
  45:Generated_Source\PSoC5/ADC_PM.c **** *******************************************************************************/
  46:Generated_Source\PSoC5/ADC_PM.c **** void ADC_SaveConfig(void) 
  47:Generated_Source\PSoC5/ADC_PM.c **** {
  35              		.loc 1 47 0
  36              		.cfi_startproc
  37              		@ args = 0, pretend = 0, frame = 0
  38              		@ frame_needed = 1, uses_anonymous_args = 0
  39              		@ link register save eliminated.
  40 0000 80B4     		push	{r7}
  41              		.cfi_def_cfa_offset 4
  42              		.cfi_offset 7, -4
  43 0002 00AF     		add	r7, sp, #0
  44              		.cfi_def_cfa_register 7
  48:Generated_Source\PSoC5/ADC_PM.c ****     ADC_backup.deccr = ADC_DEC_CR_REG;
  45              		.loc 1 48 0
  46 0004 044B     		ldr	r3, .L2
  47 0006 1B78     		ldrb	r3, [r3]
  48 0008 DAB2     		uxtb	r2, r3
  49 000a 044B     		ldr	r3, .L2+4
  50 000c 5A70     		strb	r2, [r3, #1]
  49:Generated_Source\PSoC5/ADC_PM.c **** }
  51              		.loc 1 49 0
  52 000e 00BF     		nop
  53 0010 BD46     		mov	sp, r7
  54              		.cfi_def_cfa_register 13
  55              		@ sp needed
  56 0012 80BC     		pop	{r7}
  57              		.cfi_restore 7
  58              		.cfi_def_cfa_offset 0
  59 0014 7047     		bx	lr
  60              	.L3:
  61 0016 00BF     		.align	2
  62              	.L2:
  63 0018 004E0040 		.word	1073761792
  64 001c 00000000 		.word	ADC_backup
  65              		.cfi_endproc
ARM GAS  C:\Users\klabu\AppData\Local\Temp\ccJA4uAm.s 			page 3


  66              	.LFE0:
  67              		.size	ADC_SaveConfig, .-ADC_SaveConfig
  68              		.section	.text.ADC_RestoreConfig,"ax",%progbits
  69              		.align	2
  70              		.global	ADC_RestoreConfig
  71              		.thumb
  72              		.thumb_func
  73              		.type	ADC_RestoreConfig, %function
  74              	ADC_RestoreConfig:
  75              	.LFB1:
  50:Generated_Source\PSoC5/ADC_PM.c **** 
  51:Generated_Source\PSoC5/ADC_PM.c **** 
  52:Generated_Source\PSoC5/ADC_PM.c **** /*******************************************************************************
  53:Generated_Source\PSoC5/ADC_PM.c **** * Function Name: ADC_RestoreConfig
  54:Generated_Source\PSoC5/ADC_PM.c **** ********************************************************************************
  55:Generated_Source\PSoC5/ADC_PM.c **** *
  56:Generated_Source\PSoC5/ADC_PM.c **** * Summary:
  57:Generated_Source\PSoC5/ADC_PM.c **** *  Restore the register configurations which are not retention.
  58:Generated_Source\PSoC5/ADC_PM.c **** *
  59:Generated_Source\PSoC5/ADC_PM.c **** * Parameters:
  60:Generated_Source\PSoC5/ADC_PM.c **** *  None
  61:Generated_Source\PSoC5/ADC_PM.c **** *
  62:Generated_Source\PSoC5/ADC_PM.c **** * Return:
  63:Generated_Source\PSoC5/ADC_PM.c **** *  None
  64:Generated_Source\PSoC5/ADC_PM.c **** *
  65:Generated_Source\PSoC5/ADC_PM.c **** * Global variables:
  66:Generated_Source\PSoC5/ADC_PM.c **** *  ADC_backup:  This global structure variable is used to restore
  67:Generated_Source\PSoC5/ADC_PM.c **** *  configuration registers which are non retention whenever user wants to switch
  68:Generated_Source\PSoC5/ADC_PM.c **** *  to active power mode by calling Wakeup() API.
  69:Generated_Source\PSoC5/ADC_PM.c **** *
  70:Generated_Source\PSoC5/ADC_PM.c **** *******************************************************************************/
  71:Generated_Source\PSoC5/ADC_PM.c **** void ADC_RestoreConfig(void) 
  72:Generated_Source\PSoC5/ADC_PM.c **** {
  76              		.loc 1 72 0
  77              		.cfi_startproc
  78              		@ args = 0, pretend = 0, frame = 0
  79              		@ frame_needed = 1, uses_anonymous_args = 0
  80              		@ link register save eliminated.
  81 0000 80B4     		push	{r7}
  82              		.cfi_def_cfa_offset 4
  83              		.cfi_offset 7, -4
  84 0002 00AF     		add	r7, sp, #0
  85              		.cfi_def_cfa_register 7
  73:Generated_Source\PSoC5/ADC_PM.c ****     ADC_DEC_CR_REG = ADC_backup.deccr;
  86              		.loc 1 73 0
  87 0004 034B     		ldr	r3, .L5
  88 0006 044A     		ldr	r2, .L5+4
  89 0008 5278     		ldrb	r2, [r2, #1]	@ zero_extendqisi2
  90 000a 1A70     		strb	r2, [r3]
  74:Generated_Source\PSoC5/ADC_PM.c **** }
  91              		.loc 1 74 0
  92 000c 00BF     		nop
  93 000e BD46     		mov	sp, r7
  94              		.cfi_def_cfa_register 13
  95              		@ sp needed
  96 0010 80BC     		pop	{r7}
  97              		.cfi_restore 7
ARM GAS  C:\Users\klabu\AppData\Local\Temp\ccJA4uAm.s 			page 4


  98              		.cfi_def_cfa_offset 0
  99 0012 7047     		bx	lr
 100              	.L6:
 101              		.align	2
 102              	.L5:
 103 0014 004E0040 		.word	1073761792
 104 0018 00000000 		.word	ADC_backup
 105              		.cfi_endproc
 106              	.LFE1:
 107              		.size	ADC_RestoreConfig, .-ADC_RestoreConfig
 108              		.section	.text.ADC_Sleep,"ax",%progbits
 109              		.align	2
 110              		.global	ADC_Sleep
 111              		.thumb
 112              		.thumb_func
 113              		.type	ADC_Sleep, %function
 114              	ADC_Sleep:
 115              	.LFB2:
  75:Generated_Source\PSoC5/ADC_PM.c **** 
  76:Generated_Source\PSoC5/ADC_PM.c **** 
  77:Generated_Source\PSoC5/ADC_PM.c **** /*******************************************************************************
  78:Generated_Source\PSoC5/ADC_PM.c **** * Function Name: ADC_Sleep
  79:Generated_Source\PSoC5/ADC_PM.c **** ********************************************************************************
  80:Generated_Source\PSoC5/ADC_PM.c **** *
  81:Generated_Source\PSoC5/ADC_PM.c **** * Summary:
  82:Generated_Source\PSoC5/ADC_PM.c **** *  Stops the operation of the block and saves the user configuration.
  83:Generated_Source\PSoC5/ADC_PM.c **** *
  84:Generated_Source\PSoC5/ADC_PM.c **** * Parameters:
  85:Generated_Source\PSoC5/ADC_PM.c **** *  None
  86:Generated_Source\PSoC5/ADC_PM.c **** *
  87:Generated_Source\PSoC5/ADC_PM.c **** * Return:
  88:Generated_Source\PSoC5/ADC_PM.c **** *  None
  89:Generated_Source\PSoC5/ADC_PM.c **** *
  90:Generated_Source\PSoC5/ADC_PM.c **** * Global variables:
  91:Generated_Source\PSoC5/ADC_PM.c **** *  ADC_backup:  The structure field 'enableState' is modified
  92:Generated_Source\PSoC5/ADC_PM.c **** *  depending on the enable state of the block before entering to sleep mode.
  93:Generated_Source\PSoC5/ADC_PM.c **** *
  94:Generated_Source\PSoC5/ADC_PM.c **** *******************************************************************************/
  95:Generated_Source\PSoC5/ADC_PM.c **** void ADC_Sleep(void) 
  96:Generated_Source\PSoC5/ADC_PM.c **** {
 116              		.loc 1 96 0
 117              		.cfi_startproc
 118              		@ args = 0, pretend = 0, frame = 0
 119              		@ frame_needed = 1, uses_anonymous_args = 0
 120 0000 80B5     		push	{r7, lr}
 121              		.cfi_def_cfa_offset 8
 122              		.cfi_offset 7, -8
 123              		.cfi_offset 14, -4
 124 0002 00AF     		add	r7, sp, #0
 125              		.cfi_def_cfa_register 7
  97:Generated_Source\PSoC5/ADC_PM.c ****     /* Save ADC enable state */
  98:Generated_Source\PSoC5/ADC_PM.c ****     if((ADC_ACT_PWR_DEC_EN == (ADC_PWRMGR_DEC_REG & ADC_ACT_PWR_DEC_EN)) &&
 126              		.loc 1 98 0
 127 0004 144B     		ldr	r3, .L11
 128 0006 1B78     		ldrb	r3, [r3]
 129 0008 DBB2     		uxtb	r3, r3
 130 000a 03F00103 		and	r3, r3, #1
ARM GAS  C:\Users\klabu\AppData\Local\Temp\ccJA4uAm.s 			page 5


 131 000e 002B     		cmp	r3, #0
 132 0010 1AD0     		beq	.L8
  99:Generated_Source\PSoC5/ADC_PM.c ****        (ADC_ACT_PWR_DSM_EN == (ADC_PWRMGR_DSM_REG & ADC_ACT_PWR_DSM_EN)))
 133              		.loc 1 99 0 discriminator 1
 134 0012 114B     		ldr	r3, .L11
 135 0014 1B78     		ldrb	r3, [r3]
 136 0016 DBB2     		uxtb	r3, r3
 137 0018 03F01003 		and	r3, r3, #16
  98:Generated_Source\PSoC5/ADC_PM.c ****        (ADC_ACT_PWR_DSM_EN == (ADC_PWRMGR_DSM_REG & ADC_ACT_PWR_DSM_EN)))
 138              		.loc 1 98 0 discriminator 1
 139 001c 002B     		cmp	r3, #0
 140 001e 13D0     		beq	.L8
 100:Generated_Source\PSoC5/ADC_PM.c ****     {
 101:Generated_Source\PSoC5/ADC_PM.c ****         /* Component is enabled */
 102:Generated_Source\PSoC5/ADC_PM.c ****         ADC_backup.enableState = ADC_ENABLED;
 141              		.loc 1 102 0
 142 0020 0E4B     		ldr	r3, .L11+4
 143 0022 0122     		movs	r2, #1
 144 0024 1A70     		strb	r2, [r3]
 103:Generated_Source\PSoC5/ADC_PM.c ****         if((ADC_DEC_CR_REG & ADC_DEC_START_CONV) != 0u)
 145              		.loc 1 103 0
 146 0026 0E4B     		ldr	r3, .L11+8
 147 0028 1B78     		ldrb	r3, [r3]
 148 002a DBB2     		uxtb	r3, r3
 149 002c 03F00103 		and	r3, r3, #1
 150 0030 002B     		cmp	r3, #0
 151 0032 06D0     		beq	.L9
 104:Generated_Source\PSoC5/ADC_PM.c ****         {   
 105:Generated_Source\PSoC5/ADC_PM.c ****             /* Conversion is started */
 106:Generated_Source\PSoC5/ADC_PM.c ****             ADC_backup.enableState |= ADC_STARTED;
 152              		.loc 1 106 0
 153 0034 094B     		ldr	r3, .L11+4
 154 0036 1B78     		ldrb	r3, [r3]	@ zero_extendqisi2
 155 0038 43F00203 		orr	r3, r3, #2
 156 003c DAB2     		uxtb	r2, r3
 157 003e 074B     		ldr	r3, .L11+4
 158 0040 1A70     		strb	r2, [r3]
 159              	.L9:
 107:Generated_Source\PSoC5/ADC_PM.c ****         }
 108:Generated_Source\PSoC5/ADC_PM.c **** 		
 109:Generated_Source\PSoC5/ADC_PM.c ****         /* Stop the configuration */
 110:Generated_Source\PSoC5/ADC_PM.c ****         ADC_Stop();
 160              		.loc 1 110 0
 161 0042 FFF7FEFF 		bl	ADC_Stop
 162 0046 02E0     		b	.L10
 163              	.L8:
 111:Generated_Source\PSoC5/ADC_PM.c ****     }
 112:Generated_Source\PSoC5/ADC_PM.c ****     else
 113:Generated_Source\PSoC5/ADC_PM.c ****     {
 114:Generated_Source\PSoC5/ADC_PM.c ****         /* Component is disabled */
 115:Generated_Source\PSoC5/ADC_PM.c ****         ADC_backup.enableState = ADC_DISABLED;
 164              		.loc 1 115 0
 165 0048 044B     		ldr	r3, .L11+4
 166 004a 0022     		movs	r2, #0
 167 004c 1A70     		strb	r2, [r3]
 168              	.L10:
 116:Generated_Source\PSoC5/ADC_PM.c ****     }
ARM GAS  C:\Users\klabu\AppData\Local\Temp\ccJA4uAm.s 			page 6


 117:Generated_Source\PSoC5/ADC_PM.c **** 
 118:Generated_Source\PSoC5/ADC_PM.c ****     /* Save the user configuration */
 119:Generated_Source\PSoC5/ADC_PM.c ****     ADC_SaveConfig();
 169              		.loc 1 119 0
 170 004e FFF7FEFF 		bl	ADC_SaveConfig
 120:Generated_Source\PSoC5/ADC_PM.c **** }
 171              		.loc 1 120 0
 172 0052 00BF     		nop
 173 0054 80BD     		pop	{r7, pc}
 174              	.L12:
 175 0056 00BF     		.align	2
 176              	.L11:
 177 0058 AA430040 		.word	1073759146
 178 005c 00000000 		.word	ADC_backup
 179 0060 004E0040 		.word	1073761792
 180              		.cfi_endproc
 181              	.LFE2:
 182              		.size	ADC_Sleep, .-ADC_Sleep
 183              		.section	.text.ADC_Wakeup,"ax",%progbits
 184              		.align	2
 185              		.global	ADC_Wakeup
 186              		.thumb
 187              		.thumb_func
 188              		.type	ADC_Wakeup, %function
 189              	ADC_Wakeup:
 190              	.LFB3:
 121:Generated_Source\PSoC5/ADC_PM.c **** 
 122:Generated_Source\PSoC5/ADC_PM.c **** 
 123:Generated_Source\PSoC5/ADC_PM.c **** /*******************************************************************************
 124:Generated_Source\PSoC5/ADC_PM.c **** * Function Name: ADC_Wakeup
 125:Generated_Source\PSoC5/ADC_PM.c **** ********************************************************************************
 126:Generated_Source\PSoC5/ADC_PM.c **** *
 127:Generated_Source\PSoC5/ADC_PM.c **** * Summary:
 128:Generated_Source\PSoC5/ADC_PM.c **** *  Restores the user configuration and enables the power to the block.
 129:Generated_Source\PSoC5/ADC_PM.c **** *
 130:Generated_Source\PSoC5/ADC_PM.c **** * Parameters:
 131:Generated_Source\PSoC5/ADC_PM.c **** *  None
 132:Generated_Source\PSoC5/ADC_PM.c **** *
 133:Generated_Source\PSoC5/ADC_PM.c **** * Return:
 134:Generated_Source\PSoC5/ADC_PM.c **** *  None
 135:Generated_Source\PSoC5/ADC_PM.c **** *
 136:Generated_Source\PSoC5/ADC_PM.c **** * Global variables:
 137:Generated_Source\PSoC5/ADC_PM.c **** *  ADC_backup:  The structure field 'enableState' is used to
 138:Generated_Source\PSoC5/ADC_PM.c **** *  restore the enable state of block after wakeup from sleep mode.
 139:Generated_Source\PSoC5/ADC_PM.c **** *
 140:Generated_Source\PSoC5/ADC_PM.c **** *******************************************************************************/
 141:Generated_Source\PSoC5/ADC_PM.c **** void ADC_Wakeup(void) 
 142:Generated_Source\PSoC5/ADC_PM.c **** {
 191              		.loc 1 142 0
 192              		.cfi_startproc
 193              		@ args = 0, pretend = 0, frame = 0
 194              		@ frame_needed = 1, uses_anonymous_args = 0
 195 0000 80B5     		push	{r7, lr}
 196              		.cfi_def_cfa_offset 8
 197              		.cfi_offset 7, -8
 198              		.cfi_offset 14, -4
 199 0002 00AF     		add	r7, sp, #0
ARM GAS  C:\Users\klabu\AppData\Local\Temp\ccJA4uAm.s 			page 7


 200              		.cfi_def_cfa_register 7
 143:Generated_Source\PSoC5/ADC_PM.c ****     /* Restore the configuration */
 144:Generated_Source\PSoC5/ADC_PM.c ****     ADC_RestoreConfig();
 201              		.loc 1 144 0
 202 0004 FFF7FEFF 		bl	ADC_RestoreConfig
 145:Generated_Source\PSoC5/ADC_PM.c **** 
 146:Generated_Source\PSoC5/ADC_PM.c ****     /* Enables the component operation */
 147:Generated_Source\PSoC5/ADC_PM.c ****     if(ADC_backup.enableState != ADC_DISABLED)
 203              		.loc 1 147 0
 204 0008 074B     		ldr	r3, .L16
 205 000a 1B78     		ldrb	r3, [r3]	@ zero_extendqisi2
 206 000c 002B     		cmp	r3, #0
 207 000e 09D0     		beq	.L15
 148:Generated_Source\PSoC5/ADC_PM.c ****     {
 149:Generated_Source\PSoC5/ADC_PM.c ****         ADC_Enable();
 208              		.loc 1 149 0
 209 0010 FFF7FEFF 		bl	ADC_Enable
 150:Generated_Source\PSoC5/ADC_PM.c ****         if((ADC_backup.enableState & ADC_STARTED) != 0u)
 210              		.loc 1 150 0
 211 0014 044B     		ldr	r3, .L16
 212 0016 1B78     		ldrb	r3, [r3]	@ zero_extendqisi2
 213 0018 03F00203 		and	r3, r3, #2
 214 001c 002B     		cmp	r3, #0
 215 001e 01D0     		beq	.L15
 151:Generated_Source\PSoC5/ADC_PM.c ****         {
 152:Generated_Source\PSoC5/ADC_PM.c ****             ADC_StartConvert();
 216              		.loc 1 152 0
 217 0020 FFF7FEFF 		bl	ADC_StartConvert
 218              	.L15:
 153:Generated_Source\PSoC5/ADC_PM.c ****         }
 154:Generated_Source\PSoC5/ADC_PM.c ****     } /* Do nothing if component was disable before */
 155:Generated_Source\PSoC5/ADC_PM.c **** }
 219              		.loc 1 155 0
 220 0024 00BF     		nop
 221 0026 80BD     		pop	{r7, pc}
 222              	.L17:
 223              		.align	2
 224              	.L16:
 225 0028 00000000 		.word	ADC_backup
 226              		.cfi_endproc
 227              	.LFE3:
 228              		.size	ADC_Wakeup, .-ADC_Wakeup
 229              		.text
 230              	.Letext0:
 231              		.file 2 "Generated_Source\\PSoC5\\cytypes.h"
 232              		.file 3 "Generated_Source\\PSoC5\\ADC.h"
 233              		.section	.debug_info,"",%progbits
 234              	.Ldebug_info0:
 235 0000 29010000 		.4byte	0x129
 236 0004 0400     		.2byte	0x4
 237 0006 00000000 		.4byte	.Ldebug_abbrev0
 238 000a 04       		.byte	0x4
 239 000b 01       		.uleb128 0x1
 240 000c 9A000000 		.4byte	.LASF23
 241 0010 0C       		.byte	0xc
 242 0011 95010000 		.4byte	.LASF24
 243 0015 0E000000 		.4byte	.LASF25
ARM GAS  C:\Users\klabu\AppData\Local\Temp\ccJA4uAm.s 			page 8


 244 0019 00000000 		.4byte	.Ldebug_ranges0+0
 245 001d 00000000 		.4byte	0
 246 0021 00000000 		.4byte	.Ldebug_line0
 247 0025 02       		.uleb128 0x2
 248 0026 01       		.byte	0x1
 249 0027 06       		.byte	0x6
 250 0028 83010000 		.4byte	.LASF0
 251 002c 02       		.uleb128 0x2
 252 002d 01       		.byte	0x1
 253 002e 08       		.byte	0x8
 254 002f 28010000 		.4byte	.LASF1
 255 0033 02       		.uleb128 0x2
 256 0034 02       		.byte	0x2
 257 0035 05       		.byte	0x5
 258 0036 C1010000 		.4byte	.LASF2
 259 003a 02       		.uleb128 0x2
 260 003b 02       		.byte	0x2
 261 003c 07       		.byte	0x7
 262 003d 70010000 		.4byte	.LASF3
 263 0041 02       		.uleb128 0x2
 264 0042 04       		.byte	0x4
 265 0043 05       		.byte	0x5
 266 0044 45010000 		.4byte	.LASF4
 267 0048 02       		.uleb128 0x2
 268 0049 04       		.byte	0x4
 269 004a 07       		.byte	0x7
 270 004b 3C000000 		.4byte	.LASF5
 271 004f 02       		.uleb128 0x2
 272 0050 08       		.byte	0x8
 273 0051 05       		.byte	0x5
 274 0052 00000000 		.4byte	.LASF6
 275 0056 02       		.uleb128 0x2
 276 0057 08       		.byte	0x8
 277 0058 07       		.byte	0x7
 278 0059 4E000000 		.4byte	.LASF7
 279 005d 03       		.uleb128 0x3
 280 005e 04       		.byte	0x4
 281 005f 05       		.byte	0x5
 282 0060 696E7400 		.ascii	"int\000"
 283 0064 02       		.uleb128 0x2
 284 0065 04       		.byte	0x4
 285 0066 07       		.byte	0x7
 286 0067 29000000 		.4byte	.LASF8
 287 006b 04       		.uleb128 0x4
 288 006c 36000000 		.4byte	.LASF12
 289 0070 02       		.byte	0x2
 290 0071 9201     		.2byte	0x192
 291 0073 2C000000 		.4byte	0x2c
 292 0077 02       		.uleb128 0x2
 293 0078 04       		.byte	0x4
 294 0079 04       		.byte	0x4
 295 007a 77000000 		.4byte	.LASF9
 296 007e 02       		.uleb128 0x2
 297 007f 08       		.byte	0x8
 298 0080 04       		.byte	0x4
 299 0081 5A010000 		.4byte	.LASF10
 300 0085 02       		.uleb128 0x2
ARM GAS  C:\Users\klabu\AppData\Local\Temp\ccJA4uAm.s 			page 9


 301 0086 01       		.byte	0x1
 302 0087 08       		.byte	0x8
 303 0088 36010000 		.4byte	.LASF11
 304 008c 04       		.uleb128 0x4
 305 008d CB010000 		.4byte	.LASF13
 306 0091 02       		.byte	0x2
 307 0092 3C02     		.2byte	0x23c
 308 0094 98000000 		.4byte	0x98
 309 0098 05       		.uleb128 0x5
 310 0099 6B000000 		.4byte	0x6b
 311 009d 02       		.uleb128 0x2
 312 009e 08       		.byte	0x8
 313 009f 04       		.byte	0x4
 314 00a0 B5010000 		.4byte	.LASF14
 315 00a4 02       		.uleb128 0x2
 316 00a5 04       		.byte	0x4
 317 00a6 07       		.byte	0x7
 318 00a7 DB010000 		.4byte	.LASF15
 319 00ab 06       		.uleb128 0x6
 320 00ac 02       		.byte	0x2
 321 00ad 03       		.byte	0x3
 322 00ae 28       		.byte	0x28
 323 00af CC000000 		.4byte	0xcc
 324 00b3 07       		.uleb128 0x7
 325 00b4 4E010000 		.4byte	.LASF16
 326 00b8 03       		.byte	0x3
 327 00b9 2A       		.byte	0x2a
 328 00ba 6B000000 		.4byte	0x6b
 329 00be 00       		.byte	0
 330 00bf 07       		.uleb128 0x7
 331 00c0 8F010000 		.4byte	.LASF17
 332 00c4 03       		.byte	0x3
 333 00c5 2B       		.byte	0x2b
 334 00c6 6B000000 		.4byte	0x6b
 335 00ca 01       		.byte	0x1
 336 00cb 00       		.byte	0
 337 00cc 08       		.uleb128 0x8
 338 00cd 7D000000 		.4byte	.LASF18
 339 00d1 03       		.byte	0x3
 340 00d2 2C       		.byte	0x2c
 341 00d3 AB000000 		.4byte	0xab
 342 00d7 09       		.uleb128 0x9
 343 00d8 61010000 		.4byte	.LASF19
 344 00dc 01       		.byte	0x1
 345 00dd 2E       		.byte	0x2e
 346 00de 00000000 		.4byte	.LFB0
 347 00e2 20000000 		.4byte	.LFE0-.LFB0
 348 00e6 01       		.uleb128 0x1
 349 00e7 9C       		.byte	0x9c
 350 00e8 09       		.uleb128 0x9
 351 00e9 65000000 		.4byte	.LASF20
 352 00ed 01       		.byte	0x1
 353 00ee 47       		.byte	0x47
 354 00ef 00000000 		.4byte	.LFB1
 355 00f3 1C000000 		.4byte	.LFE1-.LFB1
 356 00f7 01       		.uleb128 0x1
 357 00f8 9C       		.byte	0x9c
ARM GAS  C:\Users\klabu\AppData\Local\Temp\ccJA4uAm.s 			page 10


 358 00f9 0A       		.uleb128 0xa
 359 00fa 3B010000 		.4byte	.LASF21
 360 00fe 01       		.byte	0x1
 361 00ff 5F       		.byte	0x5f
 362 0100 00000000 		.4byte	.LFB2
 363 0104 64000000 		.4byte	.LFE2-.LFB2
 364 0108 01       		.uleb128 0x1
 365 0109 9C       		.byte	0x9c
 366 010a 0A       		.uleb128 0xa
 367 010b 8F000000 		.4byte	.LASF22
 368 010f 01       		.byte	0x1
 369 0110 8D       		.byte	0x8d
 370 0111 00000000 		.4byte	.LFB3
 371 0115 2C000000 		.4byte	.LFE3-.LFB3
 372 0119 01       		.uleb128 0x1
 373 011a 9C       		.byte	0x9c
 374 011b 0B       		.uleb128 0xb
 375 011c D0010000 		.4byte	.LASF26
 376 0120 01       		.byte	0x1
 377 0121 14       		.byte	0x14
 378 0122 CC000000 		.4byte	0xcc
 379 0126 05       		.uleb128 0x5
 380 0127 03       		.byte	0x3
 381 0128 00000000 		.4byte	ADC_backup
 382 012c 00       		.byte	0
 383              		.section	.debug_abbrev,"",%progbits
 384              	.Ldebug_abbrev0:
 385 0000 01       		.uleb128 0x1
 386 0001 11       		.uleb128 0x11
 387 0002 01       		.byte	0x1
 388 0003 25       		.uleb128 0x25
 389 0004 0E       		.uleb128 0xe
 390 0005 13       		.uleb128 0x13
 391 0006 0B       		.uleb128 0xb
 392 0007 03       		.uleb128 0x3
 393 0008 0E       		.uleb128 0xe
 394 0009 1B       		.uleb128 0x1b
 395 000a 0E       		.uleb128 0xe
 396 000b 55       		.uleb128 0x55
 397 000c 17       		.uleb128 0x17
 398 000d 11       		.uleb128 0x11
 399 000e 01       		.uleb128 0x1
 400 000f 10       		.uleb128 0x10
 401 0010 17       		.uleb128 0x17
 402 0011 00       		.byte	0
 403 0012 00       		.byte	0
 404 0013 02       		.uleb128 0x2
 405 0014 24       		.uleb128 0x24
 406 0015 00       		.byte	0
 407 0016 0B       		.uleb128 0xb
 408 0017 0B       		.uleb128 0xb
 409 0018 3E       		.uleb128 0x3e
 410 0019 0B       		.uleb128 0xb
 411 001a 03       		.uleb128 0x3
 412 001b 0E       		.uleb128 0xe
 413 001c 00       		.byte	0
 414 001d 00       		.byte	0
ARM GAS  C:\Users\klabu\AppData\Local\Temp\ccJA4uAm.s 			page 11


 415 001e 03       		.uleb128 0x3
 416 001f 24       		.uleb128 0x24
 417 0020 00       		.byte	0
 418 0021 0B       		.uleb128 0xb
 419 0022 0B       		.uleb128 0xb
 420 0023 3E       		.uleb128 0x3e
 421 0024 0B       		.uleb128 0xb
 422 0025 03       		.uleb128 0x3
 423 0026 08       		.uleb128 0x8
 424 0027 00       		.byte	0
 425 0028 00       		.byte	0
 426 0029 04       		.uleb128 0x4
 427 002a 16       		.uleb128 0x16
 428 002b 00       		.byte	0
 429 002c 03       		.uleb128 0x3
 430 002d 0E       		.uleb128 0xe
 431 002e 3A       		.uleb128 0x3a
 432 002f 0B       		.uleb128 0xb
 433 0030 3B       		.uleb128 0x3b
 434 0031 05       		.uleb128 0x5
 435 0032 49       		.uleb128 0x49
 436 0033 13       		.uleb128 0x13
 437 0034 00       		.byte	0
 438 0035 00       		.byte	0
 439 0036 05       		.uleb128 0x5
 440 0037 35       		.uleb128 0x35
 441 0038 00       		.byte	0
 442 0039 49       		.uleb128 0x49
 443 003a 13       		.uleb128 0x13
 444 003b 00       		.byte	0
 445 003c 00       		.byte	0
 446 003d 06       		.uleb128 0x6
 447 003e 13       		.uleb128 0x13
 448 003f 01       		.byte	0x1
 449 0040 0B       		.uleb128 0xb
 450 0041 0B       		.uleb128 0xb
 451 0042 3A       		.uleb128 0x3a
 452 0043 0B       		.uleb128 0xb
 453 0044 3B       		.uleb128 0x3b
 454 0045 0B       		.uleb128 0xb
 455 0046 01       		.uleb128 0x1
 456 0047 13       		.uleb128 0x13
 457 0048 00       		.byte	0
 458 0049 00       		.byte	0
 459 004a 07       		.uleb128 0x7
 460 004b 0D       		.uleb128 0xd
 461 004c 00       		.byte	0
 462 004d 03       		.uleb128 0x3
 463 004e 0E       		.uleb128 0xe
 464 004f 3A       		.uleb128 0x3a
 465 0050 0B       		.uleb128 0xb
 466 0051 3B       		.uleb128 0x3b
 467 0052 0B       		.uleb128 0xb
 468 0053 49       		.uleb128 0x49
 469 0054 13       		.uleb128 0x13
 470 0055 38       		.uleb128 0x38
 471 0056 0B       		.uleb128 0xb
ARM GAS  C:\Users\klabu\AppData\Local\Temp\ccJA4uAm.s 			page 12


 472 0057 00       		.byte	0
 473 0058 00       		.byte	0
 474 0059 08       		.uleb128 0x8
 475 005a 16       		.uleb128 0x16
 476 005b 00       		.byte	0
 477 005c 03       		.uleb128 0x3
 478 005d 0E       		.uleb128 0xe
 479 005e 3A       		.uleb128 0x3a
 480 005f 0B       		.uleb128 0xb
 481 0060 3B       		.uleb128 0x3b
 482 0061 0B       		.uleb128 0xb
 483 0062 49       		.uleb128 0x49
 484 0063 13       		.uleb128 0x13
 485 0064 00       		.byte	0
 486 0065 00       		.byte	0
 487 0066 09       		.uleb128 0x9
 488 0067 2E       		.uleb128 0x2e
 489 0068 00       		.byte	0
 490 0069 3F       		.uleb128 0x3f
 491 006a 19       		.uleb128 0x19
 492 006b 03       		.uleb128 0x3
 493 006c 0E       		.uleb128 0xe
 494 006d 3A       		.uleb128 0x3a
 495 006e 0B       		.uleb128 0xb
 496 006f 3B       		.uleb128 0x3b
 497 0070 0B       		.uleb128 0xb
 498 0071 27       		.uleb128 0x27
 499 0072 19       		.uleb128 0x19
 500 0073 11       		.uleb128 0x11
 501 0074 01       		.uleb128 0x1
 502 0075 12       		.uleb128 0x12
 503 0076 06       		.uleb128 0x6
 504 0077 40       		.uleb128 0x40
 505 0078 18       		.uleb128 0x18
 506 0079 9742     		.uleb128 0x2117
 507 007b 19       		.uleb128 0x19
 508 007c 00       		.byte	0
 509 007d 00       		.byte	0
 510 007e 0A       		.uleb128 0xa
 511 007f 2E       		.uleb128 0x2e
 512 0080 00       		.byte	0
 513 0081 3F       		.uleb128 0x3f
 514 0082 19       		.uleb128 0x19
 515 0083 03       		.uleb128 0x3
 516 0084 0E       		.uleb128 0xe
 517 0085 3A       		.uleb128 0x3a
 518 0086 0B       		.uleb128 0xb
 519 0087 3B       		.uleb128 0x3b
 520 0088 0B       		.uleb128 0xb
 521 0089 27       		.uleb128 0x27
 522 008a 19       		.uleb128 0x19
 523 008b 11       		.uleb128 0x11
 524 008c 01       		.uleb128 0x1
 525 008d 12       		.uleb128 0x12
 526 008e 06       		.uleb128 0x6
 527 008f 40       		.uleb128 0x40
 528 0090 18       		.uleb128 0x18
ARM GAS  C:\Users\klabu\AppData\Local\Temp\ccJA4uAm.s 			page 13


 529 0091 9642     		.uleb128 0x2116
 530 0093 19       		.uleb128 0x19
 531 0094 00       		.byte	0
 532 0095 00       		.byte	0
 533 0096 0B       		.uleb128 0xb
 534 0097 34       		.uleb128 0x34
 535 0098 00       		.byte	0
 536 0099 03       		.uleb128 0x3
 537 009a 0E       		.uleb128 0xe
 538 009b 3A       		.uleb128 0x3a
 539 009c 0B       		.uleb128 0xb
 540 009d 3B       		.uleb128 0x3b
 541 009e 0B       		.uleb128 0xb
 542 009f 49       		.uleb128 0x49
 543 00a0 13       		.uleb128 0x13
 544 00a1 02       		.uleb128 0x2
 545 00a2 18       		.uleb128 0x18
 546 00a3 00       		.byte	0
 547 00a4 00       		.byte	0
 548 00a5 00       		.byte	0
 549              		.section	.debug_aranges,"",%progbits
 550 0000 34000000 		.4byte	0x34
 551 0004 0200     		.2byte	0x2
 552 0006 00000000 		.4byte	.Ldebug_info0
 553 000a 04       		.byte	0x4
 554 000b 00       		.byte	0
 555 000c 0000     		.2byte	0
 556 000e 0000     		.2byte	0
 557 0010 00000000 		.4byte	.LFB0
 558 0014 20000000 		.4byte	.LFE0-.LFB0
 559 0018 00000000 		.4byte	.LFB1
 560 001c 1C000000 		.4byte	.LFE1-.LFB1
 561 0020 00000000 		.4byte	.LFB2
 562 0024 64000000 		.4byte	.LFE2-.LFB2
 563 0028 00000000 		.4byte	.LFB3
 564 002c 2C000000 		.4byte	.LFE3-.LFB3
 565 0030 00000000 		.4byte	0
 566 0034 00000000 		.4byte	0
 567              		.section	.debug_ranges,"",%progbits
 568              	.Ldebug_ranges0:
 569 0000 00000000 		.4byte	.LFB0
 570 0004 20000000 		.4byte	.LFE0
 571 0008 00000000 		.4byte	.LFB1
 572 000c 1C000000 		.4byte	.LFE1
 573 0010 00000000 		.4byte	.LFB2
 574 0014 64000000 		.4byte	.LFE2
 575 0018 00000000 		.4byte	.LFB3
 576 001c 2C000000 		.4byte	.LFE3
 577 0020 00000000 		.4byte	0
 578 0024 00000000 		.4byte	0
 579              		.section	.debug_line,"",%progbits
 580              	.Ldebug_line0:
 581 0000 AD000000 		.section	.debug_str,"MS",%progbits,1
 581      02004C00 
 581      00000201 
 581      FB0E0D00 
 581      01010101 
ARM GAS  C:\Users\klabu\AppData\Local\Temp\ccJA4uAm.s 			page 14


 582              	.LASF6:
 583 0000 6C6F6E67 		.ascii	"long long int\000"
 583      206C6F6E 
 583      6720696E 
 583      7400
 584              	.LASF25:
 585 000e 433A5C6E 		.ascii	"C:\\notoriOS\\notoriOS.cydsn\000"
 585      6F746F72 
 585      694F535C 
 585      6E6F746F 
 585      72694F53 
 586              	.LASF8:
 587 0029 756E7369 		.ascii	"unsigned int\000"
 587      676E6564 
 587      20696E74 
 587      00
 588              	.LASF12:
 589 0036 75696E74 		.ascii	"uint8\000"
 589      3800
 590              	.LASF5:
 591 003c 6C6F6E67 		.ascii	"long unsigned int\000"
 591      20756E73 
 591      69676E65 
 591      6420696E 
 591      7400
 592              	.LASF7:
 593 004e 6C6F6E67 		.ascii	"long long unsigned int\000"
 593      206C6F6E 
 593      6720756E 
 593      7369676E 
 593      65642069 
 594              	.LASF20:
 595 0065 4144435F 		.ascii	"ADC_RestoreConfig\000"
 595      52657374 
 595      6F726543 
 595      6F6E6669 
 595      6700
 596              	.LASF9:
 597 0077 666C6F61 		.ascii	"float\000"
 597      7400
 598              	.LASF18:
 599 007d 4144435F 		.ascii	"ADC_BACKUP_STRUCT\000"
 599      4241434B 
 599      55505F53 
 599      54525543 
 599      5400
 600              	.LASF22:
 601 008f 4144435F 		.ascii	"ADC_Wakeup\000"
 601      57616B65 
 601      757000
 602              	.LASF23:
 603 009a 474E5520 		.ascii	"GNU C11 5.4.1 20160609 (release) [ARM/embedded-5-br"
 603      43313120 
 603      352E342E 
 603      31203230 
 603      31363036 
 604 00cd 616E6368 		.ascii	"anch revision 237715] -mcpu=cortex-m3 -mthumb -g -O"
ARM GAS  C:\Users\klabu\AppData\Local\Temp\ccJA4uAm.s 			page 15


 604      20726576 
 604      6973696F 
 604      6E203233 
 604      37373135 
 605 0100 30202D66 		.ascii	"0 -ffunction-sections -ffat-lto-objects\000"
 605      66756E63 
 605      74696F6E 
 605      2D736563 
 605      74696F6E 
 606              	.LASF1:
 607 0128 756E7369 		.ascii	"unsigned char\000"
 607      676E6564 
 607      20636861 
 607      7200
 608              	.LASF11:
 609 0136 63686172 		.ascii	"char\000"
 609      00
 610              	.LASF21:
 611 013b 4144435F 		.ascii	"ADC_Sleep\000"
 611      536C6565 
 611      7000
 612              	.LASF4:
 613 0145 6C6F6E67 		.ascii	"long int\000"
 613      20696E74 
 613      00
 614              	.LASF16:
 615 014e 656E6162 		.ascii	"enableState\000"
 615      6C655374 
 615      61746500 
 616              	.LASF10:
 617 015a 646F7562 		.ascii	"double\000"
 617      6C6500
 618              	.LASF19:
 619 0161 4144435F 		.ascii	"ADC_SaveConfig\000"
 619      53617665 
 619      436F6E66 
 619      696700
 620              	.LASF3:
 621 0170 73686F72 		.ascii	"short unsigned int\000"
 621      7420756E 
 621      7369676E 
 621      65642069 
 621      6E7400
 622              	.LASF0:
 623 0183 7369676E 		.ascii	"signed char\000"
 623      65642063 
 623      68617200 
 624              	.LASF17:
 625 018f 64656363 		.ascii	"deccr\000"
 625      7200
 626              	.LASF24:
 627 0195 47656E65 		.ascii	"Generated_Source\\PSoC5\\ADC_PM.c\000"
 627      72617465 
 627      645F536F 
 627      75726365 
 627      5C50536F 
 628              	.LASF14:
ARM GAS  C:\Users\klabu\AppData\Local\Temp\ccJA4uAm.s 			page 16


 629 01b5 6C6F6E67 		.ascii	"long double\000"
 629      20646F75 
 629      626C6500 
 630              	.LASF2:
 631 01c1 73686F72 		.ascii	"short int\000"
 631      7420696E 
 631      7400
 632              	.LASF13:
 633 01cb 72656738 		.ascii	"reg8\000"
 633      00
 634              	.LASF26:
 635 01d0 4144435F 		.ascii	"ADC_backup\000"
 635      6261636B 
 635      757000
 636              	.LASF15:
 637 01db 73697A65 		.ascii	"sizetype\000"
 637      74797065 
 637      00
 638              		.ident	"GCC: (GNU Tools for ARM Embedded Processors) 5.4.1 20160609 (release) [ARM/embedded-5-bran
