ARM GAS  C:\Users\klabu\AppData\Local\Temp\cclBK9ZD.s 			page 1


   1              		.syntax unified
   2              		.cpu cortex-m3
   3              		.fpu softvfp
   4              		.eabi_attribute 20, 1
   5              		.eabi_attribute 21, 1
   6              		.eabi_attribute 23, 3
   7              		.eabi_attribute 24, 1
   8              		.eabi_attribute 25, 1
   9              		.eabi_attribute 26, 1
  10              		.eabi_attribute 30, 6
  11              		.eabi_attribute 34, 1
  12              		.eabi_attribute 18, 4
  13              		.thumb
  14              		.syntax unified
  15              		.file	"App_LED.c"
  16              		.text
  17              	.Ltext0:
  18              		.cfi_sections	.debug_frame
  19              		.comm	buffer_overflow,1,1
  20              		.comm	dataPointsInStack,2,2
  21              		.comm	dataPointsInStackDesired,2,2
  22              		.comm	data,6600,4
  23              		.comm	modem_state,1,1
  24              		.comm	modem_start_time_stamp,4,4
  25              		.comm	modem_info,60,4
  26              		.comm	modem_stats,32,4
  27              		.comm	updatable_parameters,10,4
  28              		.syntax unified
  29              		.global _printf_float
  30              		.thumb
  31              		.syntax unified
  32              		.comm	App_LED_enabled,1,1
  33              		.comm	app_led_inbox,100,4
  34              		.comm	level_sensor_inbox,100,4
  35              		.comm	level_sensor_enabled,1,1
  36              		.comm	downstream_level_sensor_inbox,100,4
  37              		.comm	downstream_level_sensor_enabled,1,1
  38              		.comm	valve_diameter,4,4
  39              		.comm	valve_type,10,4
  40              		.comm	valve_enabled,1,1
  41              		.comm	valve_inbox,100,4
  42              		.comm	autosampler_enabled,1,1
  43              		.comm	autosampler_inbox,100,4
  44              		.comm	http_request,10000,4
  45              		.comm	http_body,10000,4
  46              		.comm	http_route,200,4
  47              		.comm	system_info,28,4
  48              		.comm	system_settings,104,4
  49              		.comm	alarmMeasure,6,4
  50              		.comm	timeToMeasure,1,1
  51              		.comm	alarmSync,6,4
  52              		.comm	timeToSync,1,1
  53              		.comm	timeToSycnRemoteParams,1,1
  54              		.comm	hey,1,1
  55              		.comm	alarmAppLED,6,4
  56              		.comm	timeToAppLED,1,1
  57              		.comm	alarmLevelSensor,6,4
ARM GAS  C:\Users\klabu\AppData\Local\Temp\cclBK9ZD.s 			page 2


  58              		.comm	timeToLevelSensor,1,1
  59              		.comm	alarmDownstreamLevelSensor,6,4
  60              		.comm	timeToDownstreamLevelSensor,1,1
  61              		.comm	alarmValve,6,4
  62              		.comm	timeToValve,1,1
  63              		.comm	alarmAutosampler,6,4
  64              		.comm	timeToAutosampler,1,1
  65              		.section	.rodata
  66              		.align	2
  67              	.LC0:
  68 0000 4170705F 		.ascii	"App_LED_State\000"
  68      4C45445F 
  68      53746174 
  68      6500
  69 000e 0000     		.align	2
  70              	.LC1:
  71 0010 4170705F 		.ascii	"App_LED_State: \000"
  71      4C45445F 
  71      53746174 
  71      653A2000 
  72              		.align	2
  73              	.LC2:
  74 0020 4F4E00   		.ascii	"ON\000"
  75 0023 00       		.align	2
  76              	.LC3:
  77 0024 3100     		.ascii	"1\000"
  78 0026 0000     		.align	2
  79              	.LC4:
  80 0028 0A0A2D2D 		.ascii	"\012\012------------  BLINK ON ---------------\012\012"
  80      2D2D2D2D 
  80      2D2D2D2D 
  80      2D2D2020 
  80      424C494E 
  81 0052 00       		.ascii	"\000"
  82 0053 00       		.align	2
  83              	.LC5:
  84 0054 4F464600 		.ascii	"OFF\000"
  85              		.align	2
  86              	.LC6:
  87 0058 3000     		.ascii	"0\000"
  88 005a 0000     		.align	2
  89              	.LC7:
  90 005c 0A0A2D2D 		.ascii	"\012\012------------  BLINK OFF ---------------\012"
  90      2D2D2D2D 
  90      2D2D2D2D 
  90      2D2D2020 
  90      424C494E 
  91 0086 0A00     		.ascii	"\012\000"
  92              		.section	.text.App_LED,"ax",%progbits
  93              		.align	2
  94              		.global	App_LED
  95              		.thumb
  96              		.thumb_func
  97              		.type	App_LED, %function
  98              	App_LED:
  99              	.LFB64:
 100              		.file 1 "App_LED.c"
ARM GAS  C:\Users\klabu\AppData\Local\Temp\cclBK9ZD.s 			page 3


   1:App_LED.c     **** /* ========================================
   2:App_LED.c     ****  *
   3:App_LED.c     ****  * Copyright YOUR COMPANY, THE YEAR
   4:App_LED.c     ****  * All Rights Reserved
   5:App_LED.c     ****  * UNPUBLISHED, LICENSED SOFTWARE.
   6:App_LED.c     ****  *
   7:App_LED.c     ****  * CONFIDENTIAL AND PROPRIETARY INFORMATION
   8:App_LED.c     ****  * WHICH IS THE PROPERTY OF your company.
   9:App_LED.c     ****  *
  10:App_LED.c     ****  * ========================================
  11:App_LED.c     **** */
  12:App_LED.c     **** 
  13:App_LED.c     **** /* [] END OF FILE */
  14:App_LED.c     **** #include "LED.h"
  15:App_LED.c     **** #include "notoriOS.h"
  16:App_LED.c     **** #include "debug.h"
  17:App_LED.c     **** 
  18:App_LED.c     **** uint8 App_LED(){
 101              		.loc 1 18 0
 102              		.cfi_startproc
 103              		@ args = 0, pretend = 0, frame = 48
 104              		@ frame_needed = 1, uses_anonymous_args = 0
 105 0000 B0B5     		push	{r4, r5, r7, lr}
 106              		.cfi_def_cfa_offset 16
 107              		.cfi_offset 4, -16
 108              		.cfi_offset 5, -12
 109              		.cfi_offset 7, -8
 110              		.cfi_offset 14, -4
 111 0002 8CB0     		sub	sp, sp, #48
 112              		.cfi_def_cfa_offset 64
 113 0004 00AF     		add	r7, sp, #0
 114              		.cfi_def_cfa_register 7
  19:App_LED.c     ****     
  20:App_LED.c     ****     //LED_Write(!LED_Read()); <- local blinky
  21:App_LED.c     ****     // printNotif(NOTIF_TYPE_EVENT,"\n\n------------  BLINK ---------------\n\n");
  22:App_LED.c     ****     
  23:App_LED.c     ****     char * compare_location;
  24:App_LED.c     ****     uint8 LED_State = LED_Read();
 115              		.loc 1 24 0
 116 0006 FFF7FEFF 		bl	LED_Read
 117 000a 0346     		mov	r3, r0
 118 000c 87F82F30 		strb	r3, [r7, #47]
  25:App_LED.c     ****     char c_LED_State[3];
  26:App_LED.c     ****     itoa(LED_State,c_LED_State,10); // "10" is for "base 10"
 119              		.loc 1 26 0
 120 0010 97F82F30 		ldrb	r3, [r7, #47]	@ zero_extendqisi2
 121 0014 07F12401 		add	r1, r7, #36
 122 0018 0A22     		movs	r2, #10
 123 001a 1846     		mov	r0, r3
 124 001c FFF7FEFF 		bl	itoa
  27:App_LED.c     ****     pushData("App_LED_State", c_LED_State, getTimeStamp());
 125              		.loc 1 27 0
 126 0020 FFF7FEFF 		bl	getTimeStamp
 127 0024 0246     		mov	r2, r0
 128 0026 07F12403 		add	r3, r7, #36
 129 002a 1946     		mov	r1, r3
 130 002c 2C48     		ldr	r0, .L5
ARM GAS  C:\Users\klabu\AppData\Local\Temp\cclBK9ZD.s 			page 4


 131 002e FFF7FEFF 		bl	pushData
  28:App_LED.c     ****     char notification[30];
  29:App_LED.c     ****     notification[0] = '\0';
 132              		.loc 1 29 0
 133 0032 0023     		movs	r3, #0
 134 0034 3B71     		strb	r3, [r7, #4]
  30:App_LED.c     ****     strcat(notification,"App_LED_State: ");
 135              		.loc 1 30 0
 136 0036 3B1D     		adds	r3, r7, #4
 137 0038 1846     		mov	r0, r3
 138 003a FFF7FEFF 		bl	strlen
 139 003e 0346     		mov	r3, r0
 140 0040 1A46     		mov	r2, r3
 141 0042 3B1D     		adds	r3, r7, #4
 142 0044 1344     		add	r3, r3, r2
 143 0046 274A     		ldr	r2, .L5+4
 144 0048 1C46     		mov	r4, r3
 145 004a 1546     		mov	r5, r2
 146 004c 0FCD     		ldmia	r5!, {r0, r1, r2, r3}
 147 004e 2060     		str	r0, [r4]	@ unaligned
 148 0050 6160     		str	r1, [r4, #4]	@ unaligned
 149 0052 A260     		str	r2, [r4, #8]	@ unaligned
 150 0054 E360     		str	r3, [r4, #12]	@ unaligned
  31:App_LED.c     ****     strcat(notification,c_LED_State);
 151              		.loc 1 31 0
 152 0056 07F12402 		add	r2, r7, #36
 153 005a 3B1D     		adds	r3, r7, #4
 154 005c 1146     		mov	r1, r2
 155 005e 1846     		mov	r0, r3
 156 0060 FFF7FEFF 		bl	strcat
  32:App_LED.c     ****     strcat(notification,"\0");
  33:App_LED.c     ****     printNotif(NOTIF_TYPE_EVENT,notification);
 157              		.loc 1 33 0
 158 0064 3B1D     		adds	r3, r7, #4
 159 0066 1946     		mov	r1, r3
 160 0068 0020     		movs	r0, #0
 161 006a FFF7FEFF 		bl	printNotif
  34:App_LED.c     ****     
  35:App_LED.c     ****     compare_location = strstr(app_led_inbox,"ON");        
 162              		.loc 1 35 0
 163 006e 1E49     		ldr	r1, .L5+8
 164 0070 1E48     		ldr	r0, .L5+12
 165 0072 FFF7FEFF 		bl	strstr
 166 0076 B862     		str	r0, [r7, #40]
  36:App_LED.c     ****     if(compare_location!=NULL){
 167              		.loc 1 36 0
 168 0078 BB6A     		ldr	r3, [r7, #40]
 169 007a 002B     		cmp	r3, #0
 170 007c 11D0     		beq	.L2
  37:App_LED.c     ****         LED_Write(1u);
 171              		.loc 1 37 0
 172 007e 0120     		movs	r0, #1
 173 0080 FFF7FEFF 		bl	LED_Write
  38:App_LED.c     ****         app_led_inbox[0] = '\0';
 174              		.loc 1 38 0
 175 0084 194B     		ldr	r3, .L5+12
 176 0086 0022     		movs	r2, #0
ARM GAS  C:\Users\klabu\AppData\Local\Temp\cclBK9ZD.s 			page 5


 177 0088 1A70     		strb	r2, [r3]
  39:App_LED.c     ****         pushData("App_LED_State", "1", getTimeStamp());
 178              		.loc 1 39 0
 179 008a FFF7FEFF 		bl	getTimeStamp
 180 008e 0346     		mov	r3, r0
 181 0090 1A46     		mov	r2, r3
 182 0092 1749     		ldr	r1, .L5+16
 183 0094 1248     		ldr	r0, .L5
 184 0096 FFF7FEFF 		bl	pushData
  40:App_LED.c     ****         printNotif(NOTIF_TYPE_EVENT,"\n\n------------  BLINK ON ---------------\n\n");   
 185              		.loc 1 40 0
 186 009a 1649     		ldr	r1, .L5+20
 187 009c 0020     		movs	r0, #0
 188 009e FFF7FEFF 		bl	printNotif
 189              	.L2:
  41:App_LED.c     ****     }
  42:App_LED.c     ****     
  43:App_LED.c     ****     compare_location = strstr(app_led_inbox,"OFF");        
 190              		.loc 1 43 0
 191 00a2 1549     		ldr	r1, .L5+24
 192 00a4 1148     		ldr	r0, .L5+12
 193 00a6 FFF7FEFF 		bl	strstr
 194 00aa B862     		str	r0, [r7, #40]
  44:App_LED.c     ****     if(compare_location!=NULL){
 195              		.loc 1 44 0
 196 00ac BB6A     		ldr	r3, [r7, #40]
 197 00ae 002B     		cmp	r3, #0
 198 00b0 11D0     		beq	.L3
  45:App_LED.c     ****         LED_Write(0u);
 199              		.loc 1 45 0
 200 00b2 0020     		movs	r0, #0
 201 00b4 FFF7FEFF 		bl	LED_Write
  46:App_LED.c     ****         app_led_inbox[0] = '\0';
 202              		.loc 1 46 0
 203 00b8 0C4B     		ldr	r3, .L5+12
 204 00ba 0022     		movs	r2, #0
 205 00bc 1A70     		strb	r2, [r3]
  47:App_LED.c     ****         pushData("App_LED_State", "0", getTimeStamp());
 206              		.loc 1 47 0
 207 00be FFF7FEFF 		bl	getTimeStamp
 208 00c2 0346     		mov	r3, r0
 209 00c4 1A46     		mov	r2, r3
 210 00c6 0D49     		ldr	r1, .L5+28
 211 00c8 0548     		ldr	r0, .L5
 212 00ca FFF7FEFF 		bl	pushData
  48:App_LED.c     ****         printNotif(NOTIF_TYPE_EVENT,"\n\n------------  BLINK OFF ---------------\n\n");
 213              		.loc 1 48 0
 214 00ce 0C49     		ldr	r1, .L5+32
 215 00d0 0020     		movs	r0, #0
 216 00d2 FFF7FEFF 		bl	printNotif
 217              	.L3:
  49:App_LED.c     ****     }
  50:App_LED.c     ****     return 0u;
 218              		.loc 1 50 0
 219 00d6 0023     		movs	r3, #0
  51:App_LED.c     **** }
 220              		.loc 1 51 0
ARM GAS  C:\Users\klabu\AppData\Local\Temp\cclBK9ZD.s 			page 6


 221 00d8 1846     		mov	r0, r3
 222 00da 3037     		adds	r7, r7, #48
 223              		.cfi_def_cfa_offset 16
 224 00dc BD46     		mov	sp, r7
 225              		.cfi_def_cfa_register 13
 226              		@ sp needed
 227 00de B0BD     		pop	{r4, r5, r7, pc}
 228              	.L6:
 229              		.align	2
 230              	.L5:
 231 00e0 00000000 		.word	.LC0
 232 00e4 10000000 		.word	.LC1
 233 00e8 20000000 		.word	.LC2
 234 00ec 00000000 		.word	app_led_inbox
 235 00f0 24000000 		.word	.LC3
 236 00f4 28000000 		.word	.LC4
 237 00f8 54000000 		.word	.LC5
 238 00fc 58000000 		.word	.LC6
 239 0100 5C000000 		.word	.LC7
 240              		.cfi_endproc
 241              	.LFE64:
 242              		.size	App_LED, .-App_LED
 243              		.section	.text.App_LED_Update,"ax",%progbits
 244              		.align	2
 245              		.global	App_LED_Update
 246              		.thumb
 247              		.thumb_func
 248              		.type	App_LED_Update, %function
 249              	App_LED_Update:
 250              	.LFB65:
  52:App_LED.c     **** 
  53:App_LED.c     **** void App_LED_Update(char * message){
 251              		.loc 1 53 0
 252              		.cfi_startproc
 253              		@ args = 0, pretend = 0, frame = 8
 254              		@ frame_needed = 1, uses_anonymous_args = 0
 255 0000 80B5     		push	{r7, lr}
 256              		.cfi_def_cfa_offset 8
 257              		.cfi_offset 7, -8
 258              		.cfi_offset 14, -4
 259 0002 82B0     		sub	sp, sp, #8
 260              		.cfi_def_cfa_offset 16
 261 0004 00AF     		add	r7, sp, #0
 262              		.cfi_def_cfa_register 7
 263 0006 7860     		str	r0, [r7, #4]
  54:App_LED.c     ****     strcpy(app_led_inbox, message);
 264              		.loc 1 54 0
 265 0008 7968     		ldr	r1, [r7, #4]
 266 000a 0348     		ldr	r0, .L8
 267 000c FFF7FEFF 		bl	strcpy
  55:App_LED.c     **** }
 268              		.loc 1 55 0
 269 0010 00BF     		nop
 270 0012 0837     		adds	r7, r7, #8
 271              		.cfi_def_cfa_offset 8
 272 0014 BD46     		mov	sp, r7
 273              		.cfi_def_cfa_register 13
ARM GAS  C:\Users\klabu\AppData\Local\Temp\cclBK9ZD.s 			page 7


 274              		@ sp needed
 275 0016 80BD     		pop	{r7, pc}
 276              	.L9:
 277              		.align	2
 278              	.L8:
 279 0018 00000000 		.word	app_led_inbox
 280              		.cfi_endproc
 281              	.LFE65:
 282              		.size	App_LED_Update, .-App_LED_Update
 283              		.text
 284              	.Letext0:
 285              		.file 2 "c:\\program files (x86)\\cypress\\psoc creator\\4.4\\psoc creator\\import\\gnu\\arm\\5.4.
 286              		.file 3 "c:\\program files (x86)\\cypress\\psoc creator\\4.4\\psoc creator\\import\\gnu\\arm\\5.4.
 287              		.file 4 "Generated_Source\\PSoC5/cytypes.h"
 288              		.file 5 "data.h"
 289              		.file 6 "modem.h"
 290              		.file 7 "notoriOS.h"
 291              		.file 8 "Generated_Source\\PSoC5/core_cm3.h"
 292              		.file 9 "App_LED.h"
 293              		.file 10 "level_sensor.h"
 294              		.file 11 "downstream_level_sensor.h"
 295              		.file 12 "valve.h"
 296              		.file 13 "autosampler.h"
 297              		.section	.debug_info,"",%progbits
 298              	.Ldebug_info0:
 299 0000 E3060000 		.4byte	0x6e3
 300 0004 0400     		.2byte	0x4
 301 0006 00000000 		.4byte	.Ldebug_abbrev0
 302 000a 04       		.byte	0x4
 303 000b 01       		.uleb128 0x1
 304 000c 84000000 		.4byte	.LASF106
 305 0010 0C       		.byte	0xc
 306 0011 84020000 		.4byte	.LASF107
 307 0015 38050000 		.4byte	.LASF108
 308 0019 00000000 		.4byte	.Ldebug_ranges0+0
 309 001d 00000000 		.4byte	0
 310 0021 00000000 		.4byte	.Ldebug_line0
 311 0025 02       		.uleb128 0x2
 312 0026 01       		.byte	0x1
 313 0027 06       		.byte	0x6
 314 0028 31030000 		.4byte	.LASF0
 315 002c 02       		.uleb128 0x2
 316 002d 01       		.byte	0x1
 317 002e 08       		.byte	0x8
 318 002f FB020000 		.4byte	.LASF1
 319 0033 02       		.uleb128 0x2
 320 0034 02       		.byte	0x2
 321 0035 05       		.byte	0x5
 322 0036 5A000000 		.4byte	.LASF2
 323 003a 02       		.uleb128 0x2
 324 003b 02       		.byte	0x2
 325 003c 07       		.byte	0x7
 326 003d 03040000 		.4byte	.LASF3
 327 0041 03       		.uleb128 0x3
 328 0042 7A050000 		.4byte	.LASF9
 329 0046 02       		.byte	0x2
 330 0047 3F       		.byte	0x3f
ARM GAS  C:\Users\klabu\AppData\Local\Temp\cclBK9ZD.s 			page 8


 331 0048 4C000000 		.4byte	0x4c
 332 004c 02       		.uleb128 0x2
 333 004d 04       		.byte	0x4
 334 004e 05       		.byte	0x5
 335 004f 41020000 		.4byte	.LASF4
 336 0053 02       		.uleb128 0x2
 337 0054 04       		.byte	0x4
 338 0055 07       		.byte	0x7
 339 0056 FB040000 		.4byte	.LASF5
 340 005a 02       		.uleb128 0x2
 341 005b 08       		.byte	0x8
 342 005c 05       		.byte	0x5
 343 005d 2E020000 		.4byte	.LASF6
 344 0061 02       		.uleb128 0x2
 345 0062 08       		.byte	0x8
 346 0063 07       		.byte	0x7
 347 0064 5A030000 		.4byte	.LASF7
 348 0068 04       		.uleb128 0x4
 349 0069 04       		.byte	0x4
 350 006a 05       		.byte	0x5
 351 006b 696E7400 		.ascii	"int\000"
 352 006f 02       		.uleb128 0x2
 353 0070 04       		.byte	0x4
 354 0071 07       		.byte	0x7
 355 0072 81030000 		.4byte	.LASF8
 356 0076 03       		.uleb128 0x3
 357 0077 94040000 		.4byte	.LASF10
 358 007b 03       		.byte	0x3
 359 007c 2C       		.byte	0x2c
 360 007d 41000000 		.4byte	0x41
 361 0081 05       		.uleb128 0x5
 362 0082 A2010000 		.4byte	.LASF11
 363 0086 04       		.byte	0x4
 364 0087 9201     		.2byte	0x192
 365 0089 2C000000 		.4byte	0x2c
 366 008d 05       		.uleb128 0x5
 367 008e 63010000 		.4byte	.LASF12
 368 0092 04       		.byte	0x4
 369 0093 9301     		.2byte	0x193
 370 0095 3A000000 		.4byte	0x3a
 371 0099 05       		.uleb128 0x5
 372 009a CA010000 		.4byte	.LASF13
 373 009e 04       		.byte	0x4
 374 009f 9601     		.2byte	0x196
 375 00a1 33000000 		.4byte	0x33
 376 00a5 05       		.uleb128 0x5
 377 00a6 0D050000 		.4byte	.LASF14
 378 00aa 04       		.byte	0x4
 379 00ab 9701     		.2byte	0x197
 380 00ad 4C000000 		.4byte	0x4c
 381 00b1 05       		.uleb128 0x5
 382 00b2 2D000000 		.4byte	.LASF15
 383 00b6 04       		.byte	0x4
 384 00b7 9801     		.2byte	0x198
 385 00b9 BD000000 		.4byte	0xbd
 386 00bd 02       		.uleb128 0x2
 387 00be 04       		.byte	0x4
ARM GAS  C:\Users\klabu\AppData\Local\Temp\cclBK9ZD.s 			page 9


 388 00bf 04       		.byte	0x4
 389 00c0 04020000 		.4byte	.LASF16
 390 00c4 02       		.uleb128 0x2
 391 00c5 08       		.byte	0x8
 392 00c6 04       		.byte	0x4
 393 00c7 13050000 		.4byte	.LASF17
 394 00cb 02       		.uleb128 0x2
 395 00cc 01       		.byte	0x1
 396 00cd 08       		.byte	0x8
 397 00ce 3C020000 		.4byte	.LASF18
 398 00d2 02       		.uleb128 0x2
 399 00d3 08       		.byte	0x8
 400 00d4 04       		.byte	0x4
 401 00d5 C5020000 		.4byte	.LASF19
 402 00d9 02       		.uleb128 0x2
 403 00da 04       		.byte	0x4
 404 00db 07       		.byte	0x7
 405 00dc 64000000 		.4byte	.LASF20
 406 00e0 06       		.uleb128 0x6
 407 00e1 04       		.byte	0x4
 408 00e2 CB000000 		.4byte	0xcb
 409 00e6 07       		.uleb128 0x7
 410 00e7 CB000000 		.4byte	0xcb
 411 00eb F6000000 		.4byte	0xf6
 412 00ef 08       		.uleb128 0x8
 413 00f0 D9000000 		.4byte	0xd9
 414 00f4 17       		.byte	0x17
 415 00f5 00       		.byte	0
 416 00f6 09       		.uleb128 0x9
 417 00f7 2C       		.byte	0x2c
 418 00f8 05       		.byte	0x5
 419 00f9 14       		.byte	0x14
 420 00fa 23010000 		.4byte	0x123
 421 00fe 0A       		.uleb128 0xa
 422 00ff 6B657900 		.ascii	"key\000"
 423 0103 05       		.byte	0x5
 424 0104 15       		.byte	0x15
 425 0105 23010000 		.4byte	0x123
 426 0109 00       		.byte	0
 427 010a 0B       		.uleb128 0xb
 428 010b 51010000 		.4byte	.LASF21
 429 010f 05       		.byte	0x5
 430 0110 16       		.byte	0x16
 431 0111 23010000 		.4byte	0x123
 432 0115 14       		.byte	0x14
 433 0116 0B       		.uleb128 0xb
 434 0117 D0010000 		.4byte	.LASF22
 435 011b 05       		.byte	0x5
 436 011c 17       		.byte	0x17
 437 011d A5000000 		.4byte	0xa5
 438 0121 28       		.byte	0x28
 439 0122 00       		.byte	0
 440 0123 07       		.uleb128 0x7
 441 0124 CB000000 		.4byte	0xcb
 442 0128 33010000 		.4byte	0x133
 443 012c 08       		.uleb128 0x8
 444 012d D9000000 		.4byte	0xd9
ARM GAS  C:\Users\klabu\AppData\Local\Temp\cclBK9ZD.s 			page 10


 445 0131 13       		.byte	0x13
 446 0132 00       		.byte	0
 447 0133 03       		.uleb128 0x3
 448 0134 8E030000 		.4byte	.LASF23
 449 0138 05       		.byte	0x5
 450 0139 19       		.byte	0x19
 451 013a F6000000 		.4byte	0xf6
 452 013e 09       		.uleb128 0x9
 453 013f 3C       		.byte	0x3c
 454 0140 06       		.byte	0x6
 455 0141 36       		.byte	0x36
 456 0142 6B010000 		.4byte	0x16b
 457 0146 0B       		.uleb128 0xb
 458 0147 17000000 		.4byte	.LASF24
 459 014b 06       		.byte	0x6
 460 014c 37       		.byte	0x37
 461 014d 23010000 		.4byte	0x123
 462 0151 00       		.byte	0
 463 0152 0B       		.uleb128 0xb
 464 0153 0E000000 		.4byte	.LASF25
 465 0157 06       		.byte	0x6
 466 0158 38       		.byte	0x38
 467 0159 23010000 		.4byte	0x123
 468 015d 14       		.byte	0x14
 469 015e 0B       		.uleb128 0xb
 470 015f 8F040000 		.4byte	.LASF26
 471 0163 06       		.byte	0x6
 472 0164 39       		.byte	0x39
 473 0165 23010000 		.4byte	0x123
 474 0169 28       		.byte	0x28
 475 016a 00       		.byte	0
 476 016b 03       		.uleb128 0x3
 477 016c 5F050000 		.4byte	.LASF27
 478 0170 06       		.byte	0x6
 479 0171 3B       		.byte	0x3b
 480 0172 3E010000 		.4byte	0x13e
 481 0176 09       		.uleb128 0x9
 482 0177 20       		.byte	0x20
 483 0178 06       		.byte	0x6
 484 0179 3D       		.byte	0x3d
 485 017a DF010000 		.4byte	0x1df
 486 017e 0B       		.uleb128 0xb
 487 017f E9030000 		.4byte	.LASF28
 488 0183 06       		.byte	0x6
 489 0184 3E       		.byte	0x3e
 490 0185 68000000 		.4byte	0x68
 491 0189 00       		.byte	0
 492 018a 0A       		.uleb128 0xa
 493 018b 62657200 		.ascii	"ber\000"
 494 018f 06       		.byte	0x6
 495 0190 3F       		.byte	0x3f
 496 0191 68000000 		.4byte	0x68
 497 0195 04       		.byte	0x4
 498 0196 0B       		.uleb128 0xb
 499 0197 C5010000 		.4byte	.LASF29
 500 019b 06       		.byte	0x6
 501 019c 40       		.byte	0x40
ARM GAS  C:\Users\klabu\AppData\Local\Temp\cclBK9ZD.s 			page 11


 502 019d 68000000 		.4byte	0x68
 503 01a1 08       		.byte	0x8
 504 01a2 0B       		.uleb128 0xb
 505 01a3 40010000 		.4byte	.LASF30
 506 01a7 06       		.byte	0x6
 507 01a8 41       		.byte	0x41
 508 01a9 68000000 		.4byte	0x68
 509 01ad 0C       		.byte	0xc
 510 01ae 0B       		.uleb128 0xb
 511 01af 7F000000 		.4byte	.LASF31
 512 01b3 06       		.byte	0x6
 513 01b4 42       		.byte	0x42
 514 01b5 68000000 		.4byte	0x68
 515 01b9 10       		.byte	0x10
 516 01ba 0B       		.uleb128 0xb
 517 01bb 09030000 		.4byte	.LASF32
 518 01bf 06       		.byte	0x6
 519 01c0 43       		.byte	0x43
 520 01c1 68000000 		.4byte	0x68
 521 01c5 14       		.byte	0x14
 522 01c6 0B       		.uleb128 0xb
 523 01c7 16040000 		.4byte	.LASF33
 524 01cb 06       		.byte	0x6
 525 01cc 44       		.byte	0x44
 526 01cd 68000000 		.4byte	0x68
 527 01d1 18       		.byte	0x18
 528 01d2 0B       		.uleb128 0xb
 529 01d3 5C040000 		.4byte	.LASF34
 530 01d7 06       		.byte	0x6
 531 01d8 45       		.byte	0x45
 532 01d9 68000000 		.4byte	0x68
 533 01dd 1C       		.byte	0x1c
 534 01de 00       		.byte	0
 535 01df 03       		.uleb128 0x3
 536 01e0 9C040000 		.4byte	.LASF35
 537 01e4 06       		.byte	0x6
 538 01e5 47       		.byte	0x47
 539 01e6 76010000 		.4byte	0x176
 540 01ea 09       		.uleb128 0x9
 541 01eb 0A       		.byte	0xa
 542 01ec 06       		.byte	0x6
 543 01ed 53       		.byte	0x53
 544 01ee 6B020000 		.4byte	0x26b
 545 01f2 0B       		.uleb128 0xb
 546 01f3 05060000 		.4byte	.LASF36
 547 01f7 06       		.byte	0x6
 548 01f8 55       		.byte	0x55
 549 01f9 81000000 		.4byte	0x81
 550 01fd 00       		.byte	0
 551 01fe 0B       		.uleb128 0xb
 552 01ff EF030000 		.4byte	.LASF37
 553 0203 06       		.byte	0x6
 554 0204 57       		.byte	0x57
 555 0205 6B020000 		.4byte	0x26b
 556 0209 01       		.byte	0x1
 557 020a 0B       		.uleb128 0xb
 558 020b 9C020000 		.4byte	.LASF38
ARM GAS  C:\Users\klabu\AppData\Local\Temp\cclBK9ZD.s 			page 12


 559 020f 06       		.byte	0x6
 560 0210 59       		.byte	0x59
 561 0211 81000000 		.4byte	0x81
 562 0215 02       		.byte	0x2
 563 0216 0B       		.uleb128 0xb
 564 0217 AE030000 		.4byte	.LASF39
 565 021b 06       		.byte	0x6
 566 021c 5B       		.byte	0x5b
 567 021d 81000000 		.4byte	0x81
 568 0221 03       		.byte	0x3
 569 0222 0B       		.uleb128 0xb
 570 0223 53050000 		.4byte	.LASF40
 571 0227 06       		.byte	0x6
 572 0228 5E       		.byte	0x5e
 573 0229 81000000 		.4byte	0x81
 574 022d 04       		.byte	0x4
 575 022e 0B       		.uleb128 0xb
 576 022f 12010000 		.4byte	.LASF41
 577 0233 06       		.byte	0x6
 578 0234 63       		.byte	0x63
 579 0235 81000000 		.4byte	0x81
 580 0239 05       		.byte	0x5
 581 023a 0B       		.uleb128 0xb
 582 023b A9020000 		.4byte	.LASF42
 583 023f 06       		.byte	0x6
 584 0240 65       		.byte	0x65
 585 0241 81000000 		.4byte	0x81
 586 0245 06       		.byte	0x6
 587 0246 0B       		.uleb128 0xb
 588 0247 3D030000 		.4byte	.LASF43
 589 024b 06       		.byte	0x6
 590 024c 66       		.byte	0x66
 591 024d 81000000 		.4byte	0x81
 592 0251 07       		.byte	0x7
 593 0252 0B       		.uleb128 0xb
 594 0253 1F010000 		.4byte	.LASF44
 595 0257 06       		.byte	0x6
 596 0258 67       		.byte	0x67
 597 0259 81000000 		.4byte	0x81
 598 025d 08       		.byte	0x8
 599 025e 0B       		.uleb128 0xb
 600 025f 91050000 		.4byte	.LASF45
 601 0263 06       		.byte	0x6
 602 0264 68       		.byte	0x68
 603 0265 81000000 		.4byte	0x81
 604 0269 09       		.byte	0x9
 605 026a 00       		.byte	0
 606 026b 02       		.uleb128 0x2
 607 026c 01       		.byte	0x1
 608 026d 02       		.byte	0x2
 609 026e AA040000 		.4byte	.LASF46
 610 0272 03       		.uleb128 0x3
 611 0273 D2030000 		.4byte	.LASF47
 612 0277 06       		.byte	0x6
 613 0278 6E       		.byte	0x6e
 614 0279 EA010000 		.4byte	0x1ea
 615 027d 09       		.uleb128 0x9
ARM GAS  C:\Users\klabu\AppData\Local\Temp\cclBK9ZD.s 			page 13


 616 027e 06       		.byte	0x6
 617 027f 07       		.byte	0x7
 618 0280 35       		.byte	0x35
 619 0281 B6020000 		.4byte	0x2b6
 620 0285 0B       		.uleb128 0xb
 621 0286 4B000000 		.4byte	.LASF48
 622 028a 07       		.byte	0x7
 623 028b 37       		.byte	0x37
 624 028c 8D000000 		.4byte	0x8d
 625 0290 00       		.byte	0
 626 0291 0B       		.uleb128 0xb
 627 0292 35000000 		.4byte	.LASF49
 628 0296 07       		.byte	0x7
 629 0297 38       		.byte	0x38
 630 0298 99000000 		.4byte	0x99
 631 029c 02       		.byte	0x2
 632 029d 0B       		.uleb128 0xb
 633 029e 6C050000 		.4byte	.LASF50
 634 02a2 07       		.byte	0x7
 635 02a3 39       		.byte	0x39
 636 02a4 81000000 		.4byte	0x81
 637 02a8 04       		.byte	0x4
 638 02a9 0B       		.uleb128 0xb
 639 02aa B4050000 		.4byte	.LASF51
 640 02ae 07       		.byte	0x7
 641 02af 3A       		.byte	0x3a
 642 02b0 81000000 		.4byte	0x81
 643 02b4 05       		.byte	0x5
 644 02b5 00       		.byte	0
 645 02b6 03       		.uleb128 0x3
 646 02b7 96020000 		.4byte	.LASF52
 647 02bb 07       		.byte	0x7
 648 02bc 3D       		.byte	0x3d
 649 02bd C1020000 		.4byte	0x2c1
 650 02c1 0C       		.uleb128 0xc
 651 02c2 7D020000 		.4byte	0x27d
 652 02c6 09       		.uleb128 0x9
 653 02c7 1C       		.byte	0x1c
 654 02c8 07       		.byte	0x7
 655 02c9 40       		.byte	0x40
 656 02ca E7020000 		.4byte	0x2e7
 657 02ce 0B       		.uleb128 0xb
 658 02cf 5A020000 		.4byte	.LASF53
 659 02d3 07       		.byte	0x7
 660 02d4 42       		.byte	0x42
 661 02d5 E7020000 		.4byte	0x2e7
 662 02d9 00       		.byte	0
 663 02da 0B       		.uleb128 0xb
 664 02db 2A010000 		.4byte	.LASF54
 665 02df 07       		.byte	0x7
 666 02e0 43       		.byte	0x43
 667 02e1 E6000000 		.4byte	0xe6
 668 02e5 04       		.byte	0x4
 669 02e6 00       		.byte	0
 670 02e7 06       		.uleb128 0x6
 671 02e8 04       		.byte	0x4
 672 02e9 6B010000 		.4byte	0x16b
ARM GAS  C:\Users\klabu\AppData\Local\Temp\cclBK9ZD.s 			page 14


 673 02ed 03       		.uleb128 0x3
 674 02ee F8030000 		.4byte	.LASF55
 675 02f2 07       		.byte	0x7
 676 02f3 45       		.byte	0x45
 677 02f4 C6020000 		.4byte	0x2c6
 678 02f8 09       		.uleb128 0x9
 679 02f9 68       		.byte	0x68
 680 02fa 07       		.byte	0x7
 681 02fb 4B       		.byte	0x4b
 682 02fc 19030000 		.4byte	0x319
 683 0300 0B       		.uleb128 0xb
 684 0301 77000000 		.4byte	.LASF56
 685 0305 07       		.byte	0x7
 686 0306 50       		.byte	0x50
 687 0307 19030000 		.4byte	0x319
 688 030b 00       		.byte	0
 689 030c 0B       		.uleb128 0xb
 690 030d E1050000 		.4byte	.LASF57
 691 0311 07       		.byte	0x7
 692 0312 51       		.byte	0x51
 693 0313 68000000 		.4byte	0x68
 694 0317 64       		.byte	0x64
 695 0318 00       		.byte	0
 696 0319 07       		.uleb128 0x7
 697 031a CB000000 		.4byte	0xcb
 698 031e 29030000 		.4byte	0x329
 699 0322 08       		.uleb128 0x8
 700 0323 D9000000 		.4byte	0xd9
 701 0327 63       		.byte	0x63
 702 0328 00       		.byte	0
 703 0329 03       		.uleb128 0x3
 704 032a 1E000000 		.4byte	.LASF58
 705 032e 07       		.byte	0x7
 706 032f 57       		.byte	0x57
 707 0330 F8020000 		.4byte	0x2f8
 708 0334 0D       		.uleb128 0xd
 709 0335 8E020000 		.4byte	.LASF63
 710 0339 01       		.byte	0x1
 711 033a 12       		.byte	0x12
 712 033b 81000000 		.4byte	0x81
 713 033f 00000000 		.4byte	.LFB64
 714 0343 04010000 		.4byte	.LFE64-.LFB64
 715 0347 01       		.uleb128 0x1
 716 0348 9C       		.byte	0x9c
 717 0349 86030000 		.4byte	0x386
 718 034d 0E       		.uleb128 0xe
 719 034e B4010000 		.4byte	.LASF59
 720 0352 01       		.byte	0x1
 721 0353 17       		.byte	0x17
 722 0354 E0000000 		.4byte	0xe0
 723 0358 02       		.uleb128 0x2
 724 0359 91       		.byte	0x91
 725 035a 68       		.sleb128 -24
 726 035b 0E       		.uleb128 0xe
 727 035c 6D000000 		.4byte	.LASF60
 728 0360 01       		.byte	0x1
 729 0361 18       		.byte	0x18
ARM GAS  C:\Users\klabu\AppData\Local\Temp\cclBK9ZD.s 			page 15


 730 0362 81000000 		.4byte	0x81
 731 0366 02       		.uleb128 0x2
 732 0367 91       		.byte	0x91
 733 0368 6F       		.sleb128 -17
 734 0369 0E       		.uleb128 0xe
 735 036a EF040000 		.4byte	.LASF61
 736 036e 01       		.byte	0x1
 737 036f 19       		.byte	0x19
 738 0370 86030000 		.4byte	0x386
 739 0374 02       		.uleb128 0x2
 740 0375 91       		.byte	0x91
 741 0376 64       		.sleb128 -28
 742 0377 0E       		.uleb128 0xe
 743 0378 E2040000 		.4byte	.LASF62
 744 037c 01       		.byte	0x1
 745 037d 1C       		.byte	0x1c
 746 037e 96030000 		.4byte	0x396
 747 0382 02       		.uleb128 0x2
 748 0383 91       		.byte	0x91
 749 0384 44       		.sleb128 -60
 750 0385 00       		.byte	0
 751 0386 07       		.uleb128 0x7
 752 0387 CB000000 		.4byte	0xcb
 753 038b 96030000 		.4byte	0x396
 754 038f 08       		.uleb128 0x8
 755 0390 D9000000 		.4byte	0xd9
 756 0394 02       		.byte	0x2
 757 0395 00       		.byte	0
 758 0396 07       		.uleb128 0x7
 759 0397 CB000000 		.4byte	0xcb
 760 039b A6030000 		.4byte	0x3a6
 761 039f 08       		.uleb128 0x8
 762 03a0 D9000000 		.4byte	0xd9
 763 03a4 1D       		.byte	0x1d
 764 03a5 00       		.byte	0
 765 03a6 0F       		.uleb128 0xf
 766 03a7 0A020000 		.4byte	.LASF64
 767 03ab 01       		.byte	0x1
 768 03ac 35       		.byte	0x35
 769 03ad 00000000 		.4byte	.LFB65
 770 03b1 1C000000 		.4byte	.LFE65-.LFB65
 771 03b5 01       		.uleb128 0x1
 772 03b6 9C       		.byte	0x9c
 773 03b7 CA030000 		.4byte	0x3ca
 774 03bb 10       		.uleb128 0x10
 775 03bc 38010000 		.4byte	.LASF109
 776 03c0 01       		.byte	0x1
 777 03c1 35       		.byte	0x35
 778 03c2 E0000000 		.4byte	0xe0
 779 03c6 02       		.uleb128 0x2
 780 03c7 91       		.byte	0x91
 781 03c8 74       		.sleb128 -12
 782 03c9 00       		.byte	0
 783 03ca 11       		.uleb128 0x11
 784 03cb 1A050000 		.4byte	.LASF65
 785 03cf 08       		.byte	0x8
 786 03d0 1207     		.2byte	0x712
ARM GAS  C:\Users\klabu\AppData\Local\Temp\cclBK9ZD.s 			page 16


 787 03d2 D6030000 		.4byte	0x3d6
 788 03d6 0C       		.uleb128 0xc
 789 03d7 76000000 		.4byte	0x76
 790 03db 12       		.uleb128 0x12
 791 03dc 4A020000 		.4byte	.LASF66
 792 03e0 05       		.byte	0x5
 793 03e1 11       		.byte	0x11
 794 03e2 6B020000 		.4byte	0x26b
 795 03e6 05       		.uleb128 0x5
 796 03e7 03       		.byte	0x3
 797 03e8 00000000 		.4byte	buffer_overflow
 798 03ec 12       		.uleb128 0x12
 799 03ed 90010000 		.4byte	.LASF67
 800 03f1 05       		.byte	0x5
 801 03f2 22       		.byte	0x22
 802 03f3 8D000000 		.4byte	0x8d
 803 03f7 05       		.uleb128 0x5
 804 03f8 03       		.byte	0x3
 805 03f9 00000000 		.4byte	dataPointsInStack
 806 03fd 12       		.uleb128 0x12
 807 03fe EB010000 		.4byte	.LASF68
 808 0402 05       		.byte	0x5
 809 0403 23       		.byte	0x23
 810 0404 8D000000 		.4byte	0x8d
 811 0408 05       		.uleb128 0x5
 812 0409 03       		.byte	0x3
 813 040a 00000000 		.4byte	dataPointsInStackDesired
 814 040e 07       		.uleb128 0x7
 815 040f 33010000 		.4byte	0x133
 816 0413 1E040000 		.4byte	0x41e
 817 0417 08       		.uleb128 0x8
 818 0418 D9000000 		.4byte	0xd9
 819 041c 95       		.byte	0x95
 820 041d 00       		.byte	0
 821 041e 12       		.uleb128 0x12
 822 041f C7040000 		.4byte	.LASF69
 823 0423 05       		.byte	0x5
 824 0424 24       		.byte	0x24
 825 0425 0E040000 		.4byte	0x40e
 826 0429 05       		.uleb128 0x5
 827 042a 03       		.byte	0x3
 828 042b 00000000 		.4byte	data
 829 042f 12       		.uleb128 0x12
 830 0430 25030000 		.4byte	.LASF70
 831 0434 06       		.byte	0x6
 832 0435 20       		.byte	0x20
 833 0436 81000000 		.4byte	0x81
 834 043a 05       		.uleb128 0x5
 835 043b 03       		.byte	0x3
 836 043c 00000000 		.4byte	modem_state
 837 0440 12       		.uleb128 0x12
 838 0441 0E030000 		.4byte	.LASF71
 839 0445 06       		.byte	0x6
 840 0446 71       		.byte	0x71
 841 0447 A5000000 		.4byte	0xa5
 842 044b 05       		.uleb128 0x5
 843 044c 03       		.byte	0x3
ARM GAS  C:\Users\klabu\AppData\Local\Temp\cclBK9ZD.s 			page 17


 844 044d 00000000 		.4byte	modem_start_time_stamp
 845 0451 12       		.uleb128 0x12
 846 0452 5A020000 		.4byte	.LASF53
 847 0456 06       		.byte	0x6
 848 0457 72       		.byte	0x72
 849 0458 6B010000 		.4byte	0x16b
 850 045c 05       		.uleb128 0x5
 851 045d 03       		.byte	0x3
 852 045e 00000000 		.4byte	modem_info
 853 0462 12       		.uleb128 0x12
 854 0463 B8030000 		.4byte	.LASF72
 855 0467 06       		.byte	0x6
 856 0468 73       		.byte	0x73
 857 0469 DF010000 		.4byte	0x1df
 858 046d 05       		.uleb128 0x5
 859 046e 03       		.byte	0x3
 860 046f 00000000 		.4byte	modem_stats
 861 0473 12       		.uleb128 0x12
 862 0474 CC050000 		.4byte	.LASF73
 863 0478 06       		.byte	0x6
 864 0479 74       		.byte	0x74
 865 047a 72020000 		.4byte	0x272
 866 047e 05       		.uleb128 0x5
 867 047f 03       		.byte	0x3
 868 0480 00000000 		.4byte	updatable_parameters
 869 0484 12       		.uleb128 0x12
 870 0485 0F060000 		.4byte	.LASF74
 871 0489 09       		.byte	0x9
 872 048a 07       		.byte	0x7
 873 048b 81000000 		.4byte	0x81
 874 048f 05       		.uleb128 0x5
 875 0490 03       		.byte	0x3
 876 0491 00000000 		.4byte	App_LED_enabled
 877 0495 12       		.uleb128 0x12
 878 0496 D1020000 		.4byte	.LASF75
 879 049a 09       		.byte	0x9
 880 049b 08       		.byte	0x8
 881 049c 19030000 		.4byte	0x319
 882 04a0 05       		.uleb128 0x5
 883 04a1 03       		.byte	0x3
 884 04a2 00000000 		.4byte	app_led_inbox
 885 04a6 12       		.uleb128 0x12
 886 04a7 2E040000 		.4byte	.LASF76
 887 04ab 0A       		.byte	0xa
 888 04ac 25       		.byte	0x25
 889 04ad 19030000 		.4byte	0x319
 890 04b1 05       		.uleb128 0x5
 891 04b2 03       		.byte	0x3
 892 04b3 00000000 		.4byte	level_sensor_inbox
 893 04b7 12       		.uleb128 0x12
 894 04b8 19020000 		.4byte	.LASF77
 895 04bc 0A       		.byte	0xa
 896 04bd 27       		.byte	0x27
 897 04be 6B020000 		.4byte	0x26b
 898 04c2 05       		.uleb128 0x5
 899 04c3 03       		.byte	0x3
 900 04c4 00000000 		.4byte	level_sensor_enabled
ARM GAS  C:\Users\klabu\AppData\Local\Temp\cclBK9ZD.s 			page 18


 901 04c8 12       		.uleb128 0x12
 902 04c9 37060000 		.4byte	.LASF78
 903 04cd 0B       		.byte	0xb
 904 04ce 0F       		.byte	0xf
 905 04cf 19030000 		.4byte	0x319
 906 04d3 05       		.uleb128 0x5
 907 04d4 03       		.byte	0x3
 908 04d5 00000000 		.4byte	downstream_level_sensor_inbox
 909 04d9 12       		.uleb128 0x12
 910 04da 6F040000 		.4byte	.LASF79
 911 04de 0B       		.byte	0xb
 912 04df 11       		.byte	0x11
 913 04e0 6B020000 		.4byte	0x26b
 914 04e4 05       		.uleb128 0x5
 915 04e5 03       		.byte	0x3
 916 04e6 00000000 		.4byte	downstream_level_sensor_enabled
 917 04ea 12       		.uleb128 0x12
 918 04eb 41040000 		.4byte	.LASF80
 919 04ef 0C       		.byte	0xc
 920 04f0 2A       		.byte	0x2a
 921 04f1 B1000000 		.4byte	0xb1
 922 04f5 05       		.uleb128 0x5
 923 04f6 03       		.byte	0x3
 924 04f7 00000000 		.4byte	valve_diameter
 925 04fb 07       		.uleb128 0x7
 926 04fc CB000000 		.4byte	0xcb
 927 0500 0B050000 		.4byte	0x50b
 928 0504 08       		.uleb128 0x8
 929 0505 D9000000 		.4byte	0xd9
 930 0509 09       		.byte	0x9
 931 050a 00       		.byte	0
 932 050b 12       		.uleb128 0x12
 933 050c 85010000 		.4byte	.LASF81
 934 0510 0C       		.byte	0xc
 935 0511 2B       		.byte	0x2b
 936 0512 FB040000 		.4byte	0x4fb
 937 0516 05       		.uleb128 0x5
 938 0517 03       		.byte	0x3
 939 0518 00000000 		.4byte	valve_type
 940 051c 12       		.uleb128 0x12
 941 051d 00000000 		.4byte	.LASF82
 942 0521 0C       		.byte	0xc
 943 0522 30       		.byte	0x30
 944 0523 81000000 		.4byte	0x81
 945 0527 05       		.uleb128 0x5
 946 0528 03       		.byte	0x3
 947 0529 00000000 		.4byte	valve_enabled
 948 052d 12       		.uleb128 0x12
 949 052e 57010000 		.4byte	.LASF83
 950 0532 0C       		.byte	0xc
 951 0533 31       		.byte	0x31
 952 0534 19030000 		.4byte	0x319
 953 0538 05       		.uleb128 0x5
 954 0539 03       		.byte	0x3
 955 053a 00000000 		.4byte	valve_inbox
 956 053e 12       		.uleb128 0x12
 957 053f 9A030000 		.4byte	.LASF84
ARM GAS  C:\Users\klabu\AppData\Local\Temp\cclBK9ZD.s 			page 19


 958 0543 0D       		.byte	0xd
 959 0544 69       		.byte	0x69
 960 0545 81000000 		.4byte	0x81
 961 0549 05       		.uleb128 0x5
 962 054a 03       		.byte	0x3
 963 054b 00000000 		.4byte	autosampler_enabled
 964 054f 12       		.uleb128 0x12
 965 0550 F3050000 		.4byte	.LASF85
 966 0554 0D       		.byte	0xd
 967 0555 6B       		.byte	0x6b
 968 0556 19030000 		.4byte	0x319
 969 055a 05       		.uleb128 0x5
 970 055b 03       		.byte	0x3
 971 055c 00000000 		.4byte	autosampler_inbox
 972 0560 07       		.uleb128 0x7
 973 0561 CB000000 		.4byte	0xcb
 974 0565 71050000 		.4byte	0x571
 975 0569 13       		.uleb128 0x13
 976 056a D9000000 		.4byte	0xd9
 977 056e 0F27     		.2byte	0x270f
 978 0570 00       		.byte	0
 979 0571 12       		.uleb128 0x12
 980 0572 1F060000 		.4byte	.LASF86
 981 0576 07       		.byte	0x7
 982 0577 1F       		.byte	0x1f
 983 0578 60050000 		.4byte	0x560
 984 057c 05       		.uleb128 0x5
 985 057d 03       		.byte	0x3
 986 057e 00000000 		.4byte	http_request
 987 0582 12       		.uleb128 0x12
 988 0583 E9050000 		.4byte	.LASF87
 989 0587 07       		.byte	0x7
 990 0588 20       		.byte	0x20
 991 0589 60050000 		.4byte	0x560
 992 058d 05       		.uleb128 0x5
 993 058e 03       		.byte	0x3
 994 058f 00000000 		.4byte	http_body
 995 0593 07       		.uleb128 0x7
 996 0594 CB000000 		.4byte	0xcb
 997 0598 A3050000 		.4byte	0x5a3
 998 059c 08       		.uleb128 0x8
 999 059d D9000000 		.4byte	0xd9
 1000 05a1 C7       		.byte	0xc7
 1001 05a2 00       		.byte	0
 1002 05a3 12       		.uleb128 0x12
 1003 05a4 D7040000 		.4byte	.LASF88
 1004 05a8 07       		.byte	0x7
 1005 05a9 21       		.byte	0x21
 1006 05aa 93050000 		.4byte	0x593
 1007 05ae 05       		.uleb128 0x5
 1008 05af 03       		.byte	0x3
 1009 05b0 00000000 		.4byte	http_route
 1010 05b4 12       		.uleb128 0x12
 1011 05b5 50040000 		.4byte	.LASF89
 1012 05b9 07       		.byte	0x7
 1013 05ba 48       		.byte	0x48
 1014 05bb ED020000 		.4byte	0x2ed
ARM GAS  C:\Users\klabu\AppData\Local\Temp\cclBK9ZD.s 			page 20


 1015 05bf 05       		.uleb128 0x5
 1016 05c0 03       		.byte	0x3
 1017 05c1 00000000 		.4byte	system_info
 1018 05c5 12       		.uleb128 0x12
 1019 05c6 71030000 		.4byte	.LASF90
 1020 05ca 07       		.byte	0x7
 1021 05cb 5A       		.byte	0x5a
 1022 05cc 29030000 		.4byte	0x329
 1023 05d0 05       		.uleb128 0x5
 1024 05d1 03       		.byte	0x3
 1025 05d2 00000000 		.4byte	system_settings
 1026 05d6 12       		.uleb128 0x12
 1027 05d7 65020000 		.4byte	.LASF91
 1028 05db 07       		.byte	0x7
 1029 05dc 76       		.byte	0x76
 1030 05dd B6020000 		.4byte	0x2b6
 1031 05e1 05       		.uleb128 0x5
 1032 05e2 03       		.byte	0x3
 1033 05e3 00000000 		.4byte	alarmMeasure
 1034 05e7 12       		.uleb128 0x12
 1035 05e8 C4030000 		.4byte	.LASF92
 1036 05ec 07       		.byte	0x7
 1037 05ed 77       		.byte	0x77
 1038 05ee 81000000 		.4byte	0x81
 1039 05f2 05       		.uleb128 0x5
 1040 05f3 03       		.byte	0x3
 1041 05f4 00000000 		.4byte	timeToMeasure
 1042 05f8 12       		.uleb128 0x12
 1043 05f9 BB020000 		.4byte	.LASF93
 1044 05fd 07       		.byte	0x7
 1045 05fe 78       		.byte	0x78
 1046 05ff B6020000 		.4byte	0x2b6
 1047 0603 05       		.uleb128 0x5
 1048 0604 03       		.byte	0x3
 1049 0605 00000000 		.4byte	alarmSync
 1050 0609 12       		.uleb128 0x12
 1051 060a 2C060000 		.4byte	.LASF94
 1052 060e 07       		.byte	0x7
 1053 060f 79       		.byte	0x79
 1054 0610 81000000 		.4byte	0x81
 1055 0614 05       		.uleb128 0x5
 1056 0615 03       		.byte	0x3
 1057 0616 00000000 		.4byte	timeToSync
 1058 061a 12       		.uleb128 0x12
 1059 061b B0040000 		.4byte	.LASF95
 1060 061f 07       		.byte	0x7
 1061 0620 7A       		.byte	0x7a
 1062 0621 81000000 		.4byte	0x81
 1063 0625 05       		.uleb128 0x5
 1064 0626 03       		.byte	0x3
 1065 0627 00000000 		.4byte	timeToSycnRemoteParams
 1066 062b 14       		.uleb128 0x14
 1067 062c 68657900 		.ascii	"hey\000"
 1068 0630 07       		.byte	0x7
 1069 0631 7B       		.byte	0x7b
 1070 0632 81000000 		.4byte	0x81
 1071 0636 05       		.uleb128 0x5
ARM GAS  C:\Users\klabu\AppData\Local\Temp\cclBK9ZD.s 			page 21


 1072 0637 03       		.byte	0x3
 1073 0638 00000000 		.4byte	hey
 1074 063c 12       		.uleb128 0x12
 1075 063d 45010000 		.4byte	.LASF96
 1076 0641 07       		.byte	0x7
 1077 0642 7F       		.byte	0x7f
 1078 0643 B6020000 		.4byte	0x2b6
 1079 0647 05       		.uleb128 0x5
 1080 0648 03       		.byte	0x3
 1081 0649 00000000 		.4byte	alarmAppLED
 1082 064d 12       		.uleb128 0x12
 1083 064e 84050000 		.4byte	.LASF97
 1084 0652 07       		.byte	0x7
 1085 0653 80       		.byte	0x80
 1086 0654 81000000 		.4byte	0x81
 1087 0658 05       		.uleb128 0x5
 1088 0659 03       		.byte	0x3
 1089 065a 00000000 		.4byte	timeToAppLED
 1090 065e 12       		.uleb128 0x12
 1091 065f 27050000 		.4byte	.LASF98
 1092 0663 07       		.byte	0x7
 1093 0664 82       		.byte	0x82
 1094 0665 B6020000 		.4byte	0x2b6
 1095 0669 05       		.uleb128 0x5
 1096 066a 03       		.byte	0x3
 1097 066b 00000000 		.4byte	alarmLevelSensor
 1098 066f 12       		.uleb128 0x12
 1099 0670 A2050000 		.4byte	.LASF99
 1100 0674 07       		.byte	0x7
 1101 0675 83       		.byte	0x83
 1102 0676 81000000 		.4byte	0x81
 1103 067a 05       		.uleb128 0x5
 1104 067b 03       		.byte	0x3
 1105 067c 00000000 		.4byte	timeToLevelSensor
 1106 0680 12       		.uleb128 0x12
 1107 0681 6A010000 		.4byte	.LASF100
 1108 0685 07       		.byte	0x7
 1109 0686 85       		.byte	0x85
 1110 0687 B6020000 		.4byte	0x2b6
 1111 068b 05       		.uleb128 0x5
 1112 068c 03       		.byte	0x3
 1113 068d 00000000 		.4byte	alarmDownstreamLevelSensor
 1114 0691 12       		.uleb128 0x12
 1115 0692 DF020000 		.4byte	.LASF101
 1116 0696 07       		.byte	0x7
 1117 0697 86       		.byte	0x86
 1118 0698 81000000 		.4byte	0x81
 1119 069c 05       		.uleb128 0x5
 1120 069d 03       		.byte	0x3
 1121 069e 00000000 		.4byte	timeToDownstreamLevelSensor
 1122 06a2 12       		.uleb128 0x12
 1123 06a3 CC040000 		.4byte	.LASF102
 1124 06a7 07       		.byte	0x7
 1125 06a8 88       		.byte	0x88
 1126 06a9 B6020000 		.4byte	0x2b6
 1127 06ad 05       		.uleb128 0x5
 1128 06ae 03       		.byte	0x3
ARM GAS  C:\Users\klabu\AppData\Local\Temp\cclBK9ZD.s 			page 22


 1129 06af 00000000 		.4byte	alarmValve
 1130 06b3 12       		.uleb128 0x12
 1131 06b4 A8010000 		.4byte	.LASF103
 1132 06b8 07       		.byte	0x7
 1133 06b9 89       		.byte	0x89
 1134 06ba 81000000 		.4byte	0x81
 1135 06be 05       		.uleb128 0x5
 1136 06bf 03       		.byte	0x3
 1137 06c0 00000000 		.4byte	timeToValve
 1138 06c4 12       		.uleb128 0x12
 1139 06c5 DA010000 		.4byte	.LASF104
 1140 06c9 07       		.byte	0x7
 1141 06ca 8B       		.byte	0x8b
 1142 06cb B6020000 		.4byte	0x2b6
 1143 06cf 05       		.uleb128 0x5
 1144 06d0 03       		.byte	0x3
 1145 06d1 00000000 		.4byte	alarmAutosampler
 1146 06d5 12       		.uleb128 0x12
 1147 06d6 72020000 		.4byte	.LASF105
 1148 06da 07       		.byte	0x7
 1149 06db 8C       		.byte	0x8c
 1150 06dc 81000000 		.4byte	0x81
 1151 06e0 05       		.uleb128 0x5
 1152 06e1 03       		.byte	0x3
 1153 06e2 00000000 		.4byte	timeToAutosampler
 1154 06e6 00       		.byte	0
 1155              		.section	.debug_abbrev,"",%progbits
 1156              	.Ldebug_abbrev0:
 1157 0000 01       		.uleb128 0x1
 1158 0001 11       		.uleb128 0x11
 1159 0002 01       		.byte	0x1
 1160 0003 25       		.uleb128 0x25
 1161 0004 0E       		.uleb128 0xe
 1162 0005 13       		.uleb128 0x13
 1163 0006 0B       		.uleb128 0xb
 1164 0007 03       		.uleb128 0x3
 1165 0008 0E       		.uleb128 0xe
 1166 0009 1B       		.uleb128 0x1b
 1167 000a 0E       		.uleb128 0xe
 1168 000b 55       		.uleb128 0x55
 1169 000c 17       		.uleb128 0x17
 1170 000d 11       		.uleb128 0x11
 1171 000e 01       		.uleb128 0x1
 1172 000f 10       		.uleb128 0x10
 1173 0010 17       		.uleb128 0x17
 1174 0011 00       		.byte	0
 1175 0012 00       		.byte	0
 1176 0013 02       		.uleb128 0x2
 1177 0014 24       		.uleb128 0x24
 1178 0015 00       		.byte	0
 1179 0016 0B       		.uleb128 0xb
 1180 0017 0B       		.uleb128 0xb
 1181 0018 3E       		.uleb128 0x3e
 1182 0019 0B       		.uleb128 0xb
 1183 001a 03       		.uleb128 0x3
 1184 001b 0E       		.uleb128 0xe
 1185 001c 00       		.byte	0
ARM GAS  C:\Users\klabu\AppData\Local\Temp\cclBK9ZD.s 			page 23


 1186 001d 00       		.byte	0
 1187 001e 03       		.uleb128 0x3
 1188 001f 16       		.uleb128 0x16
 1189 0020 00       		.byte	0
 1190 0021 03       		.uleb128 0x3
 1191 0022 0E       		.uleb128 0xe
 1192 0023 3A       		.uleb128 0x3a
 1193 0024 0B       		.uleb128 0xb
 1194 0025 3B       		.uleb128 0x3b
 1195 0026 0B       		.uleb128 0xb
 1196 0027 49       		.uleb128 0x49
 1197 0028 13       		.uleb128 0x13
 1198 0029 00       		.byte	0
 1199 002a 00       		.byte	0
 1200 002b 04       		.uleb128 0x4
 1201 002c 24       		.uleb128 0x24
 1202 002d 00       		.byte	0
 1203 002e 0B       		.uleb128 0xb
 1204 002f 0B       		.uleb128 0xb
 1205 0030 3E       		.uleb128 0x3e
 1206 0031 0B       		.uleb128 0xb
 1207 0032 03       		.uleb128 0x3
 1208 0033 08       		.uleb128 0x8
 1209 0034 00       		.byte	0
 1210 0035 00       		.byte	0
 1211 0036 05       		.uleb128 0x5
 1212 0037 16       		.uleb128 0x16
 1213 0038 00       		.byte	0
 1214 0039 03       		.uleb128 0x3
 1215 003a 0E       		.uleb128 0xe
 1216 003b 3A       		.uleb128 0x3a
 1217 003c 0B       		.uleb128 0xb
 1218 003d 3B       		.uleb128 0x3b
 1219 003e 05       		.uleb128 0x5
 1220 003f 49       		.uleb128 0x49
 1221 0040 13       		.uleb128 0x13
 1222 0041 00       		.byte	0
 1223 0042 00       		.byte	0
 1224 0043 06       		.uleb128 0x6
 1225 0044 0F       		.uleb128 0xf
 1226 0045 00       		.byte	0
 1227 0046 0B       		.uleb128 0xb
 1228 0047 0B       		.uleb128 0xb
 1229 0048 49       		.uleb128 0x49
 1230 0049 13       		.uleb128 0x13
 1231 004a 00       		.byte	0
 1232 004b 00       		.byte	0
 1233 004c 07       		.uleb128 0x7
 1234 004d 01       		.uleb128 0x1
 1235 004e 01       		.byte	0x1
 1236 004f 49       		.uleb128 0x49
 1237 0050 13       		.uleb128 0x13
 1238 0051 01       		.uleb128 0x1
 1239 0052 13       		.uleb128 0x13
 1240 0053 00       		.byte	0
 1241 0054 00       		.byte	0
 1242 0055 08       		.uleb128 0x8
ARM GAS  C:\Users\klabu\AppData\Local\Temp\cclBK9ZD.s 			page 24


 1243 0056 21       		.uleb128 0x21
 1244 0057 00       		.byte	0
 1245 0058 49       		.uleb128 0x49
 1246 0059 13       		.uleb128 0x13
 1247 005a 2F       		.uleb128 0x2f
 1248 005b 0B       		.uleb128 0xb
 1249 005c 00       		.byte	0
 1250 005d 00       		.byte	0
 1251 005e 09       		.uleb128 0x9
 1252 005f 13       		.uleb128 0x13
 1253 0060 01       		.byte	0x1
 1254 0061 0B       		.uleb128 0xb
 1255 0062 0B       		.uleb128 0xb
 1256 0063 3A       		.uleb128 0x3a
 1257 0064 0B       		.uleb128 0xb
 1258 0065 3B       		.uleb128 0x3b
 1259 0066 0B       		.uleb128 0xb
 1260 0067 01       		.uleb128 0x1
 1261 0068 13       		.uleb128 0x13
 1262 0069 00       		.byte	0
 1263 006a 00       		.byte	0
 1264 006b 0A       		.uleb128 0xa
 1265 006c 0D       		.uleb128 0xd
 1266 006d 00       		.byte	0
 1267 006e 03       		.uleb128 0x3
 1268 006f 08       		.uleb128 0x8
 1269 0070 3A       		.uleb128 0x3a
 1270 0071 0B       		.uleb128 0xb
 1271 0072 3B       		.uleb128 0x3b
 1272 0073 0B       		.uleb128 0xb
 1273 0074 49       		.uleb128 0x49
 1274 0075 13       		.uleb128 0x13
 1275 0076 38       		.uleb128 0x38
 1276 0077 0B       		.uleb128 0xb
 1277 0078 00       		.byte	0
 1278 0079 00       		.byte	0
 1279 007a 0B       		.uleb128 0xb
 1280 007b 0D       		.uleb128 0xd
 1281 007c 00       		.byte	0
 1282 007d 03       		.uleb128 0x3
 1283 007e 0E       		.uleb128 0xe
 1284 007f 3A       		.uleb128 0x3a
 1285 0080 0B       		.uleb128 0xb
 1286 0081 3B       		.uleb128 0x3b
 1287 0082 0B       		.uleb128 0xb
 1288 0083 49       		.uleb128 0x49
 1289 0084 13       		.uleb128 0x13
 1290 0085 38       		.uleb128 0x38
 1291 0086 0B       		.uleb128 0xb
 1292 0087 00       		.byte	0
 1293 0088 00       		.byte	0
 1294 0089 0C       		.uleb128 0xc
 1295 008a 35       		.uleb128 0x35
 1296 008b 00       		.byte	0
 1297 008c 49       		.uleb128 0x49
 1298 008d 13       		.uleb128 0x13
 1299 008e 00       		.byte	0
ARM GAS  C:\Users\klabu\AppData\Local\Temp\cclBK9ZD.s 			page 25


 1300 008f 00       		.byte	0
 1301 0090 0D       		.uleb128 0xd
 1302 0091 2E       		.uleb128 0x2e
 1303 0092 01       		.byte	0x1
 1304 0093 3F       		.uleb128 0x3f
 1305 0094 19       		.uleb128 0x19
 1306 0095 03       		.uleb128 0x3
 1307 0096 0E       		.uleb128 0xe
 1308 0097 3A       		.uleb128 0x3a
 1309 0098 0B       		.uleb128 0xb
 1310 0099 3B       		.uleb128 0x3b
 1311 009a 0B       		.uleb128 0xb
 1312 009b 49       		.uleb128 0x49
 1313 009c 13       		.uleb128 0x13
 1314 009d 11       		.uleb128 0x11
 1315 009e 01       		.uleb128 0x1
 1316 009f 12       		.uleb128 0x12
 1317 00a0 06       		.uleb128 0x6
 1318 00a1 40       		.uleb128 0x40
 1319 00a2 18       		.uleb128 0x18
 1320 00a3 9642     		.uleb128 0x2116
 1321 00a5 19       		.uleb128 0x19
 1322 00a6 01       		.uleb128 0x1
 1323 00a7 13       		.uleb128 0x13
 1324 00a8 00       		.byte	0
 1325 00a9 00       		.byte	0
 1326 00aa 0E       		.uleb128 0xe
 1327 00ab 34       		.uleb128 0x34
 1328 00ac 00       		.byte	0
 1329 00ad 03       		.uleb128 0x3
 1330 00ae 0E       		.uleb128 0xe
 1331 00af 3A       		.uleb128 0x3a
 1332 00b0 0B       		.uleb128 0xb
 1333 00b1 3B       		.uleb128 0x3b
 1334 00b2 0B       		.uleb128 0xb
 1335 00b3 49       		.uleb128 0x49
 1336 00b4 13       		.uleb128 0x13
 1337 00b5 02       		.uleb128 0x2
 1338 00b6 18       		.uleb128 0x18
 1339 00b7 00       		.byte	0
 1340 00b8 00       		.byte	0
 1341 00b9 0F       		.uleb128 0xf
 1342 00ba 2E       		.uleb128 0x2e
 1343 00bb 01       		.byte	0x1
 1344 00bc 3F       		.uleb128 0x3f
 1345 00bd 19       		.uleb128 0x19
 1346 00be 03       		.uleb128 0x3
 1347 00bf 0E       		.uleb128 0xe
 1348 00c0 3A       		.uleb128 0x3a
 1349 00c1 0B       		.uleb128 0xb
 1350 00c2 3B       		.uleb128 0x3b
 1351 00c3 0B       		.uleb128 0xb
 1352 00c4 27       		.uleb128 0x27
 1353 00c5 19       		.uleb128 0x19
 1354 00c6 11       		.uleb128 0x11
 1355 00c7 01       		.uleb128 0x1
 1356 00c8 12       		.uleb128 0x12
ARM GAS  C:\Users\klabu\AppData\Local\Temp\cclBK9ZD.s 			page 26


 1357 00c9 06       		.uleb128 0x6
 1358 00ca 40       		.uleb128 0x40
 1359 00cb 18       		.uleb128 0x18
 1360 00cc 9642     		.uleb128 0x2116
 1361 00ce 19       		.uleb128 0x19
 1362 00cf 01       		.uleb128 0x1
 1363 00d0 13       		.uleb128 0x13
 1364 00d1 00       		.byte	0
 1365 00d2 00       		.byte	0
 1366 00d3 10       		.uleb128 0x10
 1367 00d4 05       		.uleb128 0x5
 1368 00d5 00       		.byte	0
 1369 00d6 03       		.uleb128 0x3
 1370 00d7 0E       		.uleb128 0xe
 1371 00d8 3A       		.uleb128 0x3a
 1372 00d9 0B       		.uleb128 0xb
 1373 00da 3B       		.uleb128 0x3b
 1374 00db 0B       		.uleb128 0xb
 1375 00dc 49       		.uleb128 0x49
 1376 00dd 13       		.uleb128 0x13
 1377 00de 02       		.uleb128 0x2
 1378 00df 18       		.uleb128 0x18
 1379 00e0 00       		.byte	0
 1380 00e1 00       		.byte	0
 1381 00e2 11       		.uleb128 0x11
 1382 00e3 34       		.uleb128 0x34
 1383 00e4 00       		.byte	0
 1384 00e5 03       		.uleb128 0x3
 1385 00e6 0E       		.uleb128 0xe
 1386 00e7 3A       		.uleb128 0x3a
 1387 00e8 0B       		.uleb128 0xb
 1388 00e9 3B       		.uleb128 0x3b
 1389 00ea 05       		.uleb128 0x5
 1390 00eb 49       		.uleb128 0x49
 1391 00ec 13       		.uleb128 0x13
 1392 00ed 3F       		.uleb128 0x3f
 1393 00ee 19       		.uleb128 0x19
 1394 00ef 3C       		.uleb128 0x3c
 1395 00f0 19       		.uleb128 0x19
 1396 00f1 00       		.byte	0
 1397 00f2 00       		.byte	0
 1398 00f3 12       		.uleb128 0x12
 1399 00f4 34       		.uleb128 0x34
 1400 00f5 00       		.byte	0
 1401 00f6 03       		.uleb128 0x3
 1402 00f7 0E       		.uleb128 0xe
 1403 00f8 3A       		.uleb128 0x3a
 1404 00f9 0B       		.uleb128 0xb
 1405 00fa 3B       		.uleb128 0x3b
 1406 00fb 0B       		.uleb128 0xb
 1407 00fc 49       		.uleb128 0x49
 1408 00fd 13       		.uleb128 0x13
 1409 00fe 3F       		.uleb128 0x3f
 1410 00ff 19       		.uleb128 0x19
 1411 0100 02       		.uleb128 0x2
 1412 0101 18       		.uleb128 0x18
 1413 0102 00       		.byte	0
ARM GAS  C:\Users\klabu\AppData\Local\Temp\cclBK9ZD.s 			page 27


 1414 0103 00       		.byte	0
 1415 0104 13       		.uleb128 0x13
 1416 0105 21       		.uleb128 0x21
 1417 0106 00       		.byte	0
 1418 0107 49       		.uleb128 0x49
 1419 0108 13       		.uleb128 0x13
 1420 0109 2F       		.uleb128 0x2f
 1421 010a 05       		.uleb128 0x5
 1422 010b 00       		.byte	0
 1423 010c 00       		.byte	0
 1424 010d 14       		.uleb128 0x14
 1425 010e 34       		.uleb128 0x34
 1426 010f 00       		.byte	0
 1427 0110 03       		.uleb128 0x3
 1428 0111 08       		.uleb128 0x8
 1429 0112 3A       		.uleb128 0x3a
 1430 0113 0B       		.uleb128 0xb
 1431 0114 3B       		.uleb128 0x3b
 1432 0115 0B       		.uleb128 0xb
 1433 0116 49       		.uleb128 0x49
 1434 0117 13       		.uleb128 0x13
 1435 0118 3F       		.uleb128 0x3f
 1436 0119 19       		.uleb128 0x19
 1437 011a 02       		.uleb128 0x2
 1438 011b 18       		.uleb128 0x18
 1439 011c 00       		.byte	0
 1440 011d 00       		.byte	0
 1441 011e 00       		.byte	0
 1442              		.section	.debug_aranges,"",%progbits
 1443 0000 24000000 		.4byte	0x24
 1444 0004 0200     		.2byte	0x2
 1445 0006 00000000 		.4byte	.Ldebug_info0
 1446 000a 04       		.byte	0x4
 1447 000b 00       		.byte	0
 1448 000c 0000     		.2byte	0
 1449 000e 0000     		.2byte	0
 1450 0010 00000000 		.4byte	.LFB64
 1451 0014 04010000 		.4byte	.LFE64-.LFB64
 1452 0018 00000000 		.4byte	.LFB65
 1453 001c 1C000000 		.4byte	.LFE65-.LFB65
 1454 0020 00000000 		.4byte	0
 1455 0024 00000000 		.4byte	0
 1456              		.section	.debug_ranges,"",%progbits
 1457              	.Ldebug_ranges0:
 1458 0000 00000000 		.4byte	.LFB64
 1459 0004 04010000 		.4byte	.LFE64
 1460 0008 00000000 		.4byte	.LFB65
 1461 000c 1C000000 		.4byte	.LFE65
 1462 0010 00000000 		.4byte	0
 1463 0014 00000000 		.4byte	0
 1464              		.section	.debug_line,"",%progbits
 1465              	.Ldebug_line0:
 1466 0000 05020000 		.section	.debug_str,"MS",%progbits,1
 1466      0200CA01 
 1466      00000201 
 1466      FB0E0D00 
 1466      01010101 
ARM GAS  C:\Users\klabu\AppData\Local\Temp\cclBK9ZD.s 			page 28


 1467              	.LASF82:
 1468 0000 76616C76 		.ascii	"valve_enabled\000"
 1468      655F656E 
 1468      61626C65 
 1468      6400
 1469              	.LASF25:
 1470 000e 6D6F6465 		.ascii	"model_id\000"
 1470      6C5F6964 
 1470      00
 1471              	.LASF24:
 1472 0017 73696D5F 		.ascii	"sim_id\000"
 1472      696400
 1473              	.LASF58:
 1474 001e 7379735F 		.ascii	"sys_settings_t\000"
 1474      73657474 
 1474      696E6773 
 1474      5F7400
 1475              	.LASF15:
 1476 002d 666C6F61 		.ascii	"float32\000"
 1476      74333200 
 1477              	.LASF49:
 1478 0035 63757272 		.ascii	"currentCountDownValue\000"
 1478      656E7443 
 1478      6F756E74 
 1478      446F776E 
 1478      56616C75 
 1479              	.LASF48:
 1480 004b 636F756E 		.ascii	"countDownValue\000"
 1480      74446F77 
 1480      6E56616C 
 1480      756500
 1481              	.LASF2:
 1482 005a 73686F72 		.ascii	"short int\000"
 1482      7420696E 
 1482      7400
 1483              	.LASF20:
 1484 0064 73697A65 		.ascii	"sizetype\000"
 1484      74797065 
 1484      00
 1485              	.LASF60:
 1486 006d 4C45445F 		.ascii	"LED_State\000"
 1486      53746174 
 1486      6500
 1487              	.LASF56:
 1488 0077 65705F68 		.ascii	"ep_host\000"
 1488      6F737400 
 1489              	.LASF31:
 1490 007f 72737271 		.ascii	"rsrq\000"
 1490      00
 1491              	.LASF106:
 1492 0084 474E5520 		.ascii	"GNU C11 5.4.1 20160609 (release) [ARM/embedded-5-br"
 1492      43313120 
 1492      352E342E 
 1492      31203230 
 1492      31363036 
 1493 00b7 616E6368 		.ascii	"anch revision 237715] -mcpu=cortex-m3 -mthumb -g -O"
 1493      20726576 
ARM GAS  C:\Users\klabu\AppData\Local\Temp\cclBK9ZD.s 			page 29


 1493      6973696F 
 1493      6E203233 
 1493      37373135 
 1494 00ea 30202D66 		.ascii	"0 -ffunction-sections -ffat-lto-objects\000"
 1494      66756E63 
 1494      74696F6E 
 1494      2D736563 
 1494      74696F6E 
 1495              	.LASF41:
 1496 0112 4170705F 		.ascii	"App_LED_freq\000"
 1496      4C45445F 
 1496      66726571 
 1496      00
 1497              	.LASF44:
 1498 011f 56616C76 		.ascii	"Valve_freq\000"
 1498      655F6672 
 1498      657100
 1499              	.LASF54:
 1500 012a 63686970 		.ascii	"chip_uniqueId\000"
 1500      5F756E69 
 1500      71756549 
 1500      6400
 1501              	.LASF109:
 1502 0138 6D657373 		.ascii	"message\000"
 1502      61676500 
 1503              	.LASF30:
 1504 0140 65636E6F 		.ascii	"ecno\000"
 1504      00
 1505              	.LASF96:
 1506 0145 616C6172 		.ascii	"alarmAppLED\000"
 1506      6D417070 
 1506      4C454400 
 1507              	.LASF21:
 1508 0151 76616C75 		.ascii	"value\000"
 1508      6500
 1509              	.LASF83:
 1510 0157 76616C76 		.ascii	"valve_inbox\000"
 1510      655F696E 
 1510      626F7800 
 1511              	.LASF12:
 1512 0163 75696E74 		.ascii	"uint16\000"
 1512      313600
 1513              	.LASF100:
 1514 016a 616C6172 		.ascii	"alarmDownstreamLevelSensor\000"
 1514      6D446F77 
 1514      6E737472 
 1514      65616D4C 
 1514      6576656C 
 1515              	.LASF81:
 1516 0185 76616C76 		.ascii	"valve_type\000"
 1516      655F7479 
 1516      706500
 1517              	.LASF67:
 1518 0190 64617461 		.ascii	"dataPointsInStack\000"
 1518      506F696E 
 1518      7473496E 
 1518      53746163 
ARM GAS  C:\Users\klabu\AppData\Local\Temp\cclBK9ZD.s 			page 30


 1518      6B00
 1519              	.LASF11:
 1520 01a2 75696E74 		.ascii	"uint8\000"
 1520      3800
 1521              	.LASF103:
 1522 01a8 74696D65 		.ascii	"timeToValve\000"
 1522      546F5661 
 1522      6C766500 
 1523              	.LASF59:
 1524 01b4 636F6D70 		.ascii	"compare_location\000"
 1524      6172655F 
 1524      6C6F6361 
 1524      74696F6E 
 1524      00
 1525              	.LASF29:
 1526 01c5 72736370 		.ascii	"rscp\000"
 1526      00
 1527              	.LASF13:
 1528 01ca 696E7431 		.ascii	"int16\000"
 1528      3600
 1529              	.LASF22:
 1530 01d0 74696D65 		.ascii	"timeStamp\000"
 1530      5374616D 
 1530      7000
 1531              	.LASF104:
 1532 01da 616C6172 		.ascii	"alarmAutosampler\000"
 1532      6D417574 
 1532      6F73616D 
 1532      706C6572 
 1532      00
 1533              	.LASF68:
 1534 01eb 64617461 		.ascii	"dataPointsInStackDesired\000"
 1534      506F696E 
 1534      7473496E 
 1534      53746163 
 1534      6B446573 
 1535              	.LASF16:
 1536 0204 666C6F61 		.ascii	"float\000"
 1536      7400
 1537              	.LASF64:
 1538 020a 4170705F 		.ascii	"App_LED_Update\000"
 1538      4C45445F 
 1538      55706461 
 1538      746500
 1539              	.LASF77:
 1540 0219 6C657665 		.ascii	"level_sensor_enabled\000"
 1540      6C5F7365 
 1540      6E736F72 
 1540      5F656E61 
 1540      626C6564 
 1541              	.LASF6:
 1542 022e 6C6F6E67 		.ascii	"long long int\000"
 1542      206C6F6E 
 1542      6720696E 
 1542      7400
 1543              	.LASF18:
 1544 023c 63686172 		.ascii	"char\000"
ARM GAS  C:\Users\klabu\AppData\Local\Temp\cclBK9ZD.s 			page 31


 1544      00
 1545              	.LASF4:
 1546 0241 6C6F6E67 		.ascii	"long int\000"
 1546      20696E74 
 1546      00
 1547              	.LASF66:
 1548 024a 62756666 		.ascii	"buffer_overflow\000"
 1548      65725F6F 
 1548      76657266 
 1548      6C6F7700 
 1549              	.LASF53:
 1550 025a 6D6F6465 		.ascii	"modem_info\000"
 1550      6D5F696E 
 1550      666F00
 1551              	.LASF91:
 1552 0265 616C6172 		.ascii	"alarmMeasure\000"
 1552      6D4D6561 
 1552      73757265 
 1552      00
 1553              	.LASF105:
 1554 0272 74696D65 		.ascii	"timeToAutosampler\000"
 1554      546F4175 
 1554      746F7361 
 1554      6D706C65 
 1554      7200
 1555              	.LASF107:
 1556 0284 4170705F 		.ascii	"App_LED.c\000"
 1556      4C45442E 
 1556      6300
 1557              	.LASF63:
 1558 028e 4170705F 		.ascii	"App_LED\000"
 1558      4C454400 
 1559              	.LASF52:
 1560 0296 616C6172 		.ascii	"alarm\000"
 1560      6D00
 1561              	.LASF38:
 1562 029c 6D656173 		.ascii	"measure_time\000"
 1562      7572655F 
 1562      74696D65 
 1562      00
 1563              	.LASF42:
 1564 02a9 4C657665 		.ascii	"Level_Sensor_freq\000"
 1564      6C5F5365 
 1564      6E736F72 
 1564      5F667265 
 1564      7100
 1565              	.LASF93:
 1566 02bb 616C6172 		.ascii	"alarmSync\000"
 1566      6D53796E 
 1566      6300
 1567              	.LASF19:
 1568 02c5 6C6F6E67 		.ascii	"long double\000"
 1568      20646F75 
 1568      626C6500 
 1569              	.LASF75:
 1570 02d1 6170705F 		.ascii	"app_led_inbox\000"
 1570      6C65645F 
ARM GAS  C:\Users\klabu\AppData\Local\Temp\cclBK9ZD.s 			page 32


 1570      696E626F 
 1570      7800
 1571              	.LASF101:
 1572 02df 74696D65 		.ascii	"timeToDownstreamLevelSensor\000"
 1572      546F446F 
 1572      776E7374 
 1572      7265616D 
 1572      4C657665 
 1573              	.LASF1:
 1574 02fb 756E7369 		.ascii	"unsigned char\000"
 1574      676E6564 
 1574      20636861 
 1574      7200
 1575              	.LASF32:
 1576 0309 72737270 		.ascii	"rsrp\000"
 1576      00
 1577              	.LASF71:
 1578 030e 6D6F6465 		.ascii	"modem_start_time_stamp\000"
 1578      6D5F7374 
 1578      6172745F 
 1578      74696D65 
 1578      5F737461 
 1579              	.LASF70:
 1580 0325 6D6F6465 		.ascii	"modem_state\000"
 1580      6D5F7374 
 1580      61746500 
 1581              	.LASF0:
 1582 0331 7369676E 		.ascii	"signed char\000"
 1582      65642063 
 1582      68617200 
 1583              	.LASF43:
 1584 033d 446F776E 		.ascii	"Downstream_Level_Sensor_freq\000"
 1584      73747265 
 1584      616D5F4C 
 1584      6576656C 
 1584      5F53656E 
 1585              	.LASF7:
 1586 035a 6C6F6E67 		.ascii	"long long unsigned int\000"
 1586      206C6F6E 
 1586      6720756E 
 1586      7369676E 
 1586      65642069 
 1587              	.LASF90:
 1588 0371 73797374 		.ascii	"system_settings\000"
 1588      656D5F73 
 1588      65747469 
 1588      6E677300 
 1589              	.LASF8:
 1590 0381 756E7369 		.ascii	"unsigned int\000"
 1590      676E6564 
 1590      20696E74 
 1590      00
 1591              	.LASF23:
 1592 038e 6B65795F 		.ascii	"key_value_t\000"
 1592      76616C75 
 1592      655F7400 
 1593              	.LASF84:
ARM GAS  C:\Users\klabu\AppData\Local\Temp\cclBK9ZD.s 			page 33


 1594 039a 6175746F 		.ascii	"autosampler_enabled\000"
 1594      73616D70 
 1594      6C65725F 
 1594      656E6162 
 1594      6C656400 
 1595              	.LASF39:
 1596 03ae 73796E63 		.ascii	"sync_time\000"
 1596      5F74696D 
 1596      6500
 1597              	.LASF72:
 1598 03b8 6D6F6465 		.ascii	"modem_stats\000"
 1598      6D5F7374 
 1598      61747300 
 1599              	.LASF92:
 1600 03c4 74696D65 		.ascii	"timeToMeasure\000"
 1600      546F4D65 
 1600      61737572 
 1600      6500
 1601              	.LASF47:
 1602 03d2 75706461 		.ascii	"updatable_parameters_t\000"
 1602      7461626C 
 1602      655F7061 
 1602      72616D65 
 1602      74657273 
 1603              	.LASF28:
 1604 03e9 72786C65 		.ascii	"rxlev\000"
 1604      7600
 1605              	.LASF37:
 1606 03ef 73696D5F 		.ascii	"sim_type\000"
 1606      74797065 
 1606      00
 1607              	.LASF55:
 1608 03f8 7379735F 		.ascii	"sys_info_t\000"
 1608      696E666F 
 1608      5F7400
 1609              	.LASF3:
 1610 0403 73686F72 		.ascii	"short unsigned int\000"
 1610      7420756E 
 1610      7369676E 
 1610      65642069 
 1610      6E7400
 1611              	.LASF33:
 1612 0416 74696D65 		.ascii	"time_to_network_connect\000"
 1612      5F746F5F 
 1612      6E657477 
 1612      6F726B5F 
 1612      636F6E6E 
 1613              	.LASF76:
 1614 042e 6C657665 		.ascii	"level_sensor_inbox\000"
 1614      6C5F7365 
 1614      6E736F72 
 1614      5F696E62 
 1614      6F7800
 1615              	.LASF80:
 1616 0441 76616C76 		.ascii	"valve_diameter\000"
 1616      655F6469 
 1616      616D6574 
ARM GAS  C:\Users\klabu\AppData\Local\Temp\cclBK9ZD.s 			page 34


 1616      657200
 1617              	.LASF89:
 1618 0450 73797374 		.ascii	"system_info\000"
 1618      656D5F69 
 1618      6E666F00 
 1619              	.LASF34:
 1620 045c 74696D65 		.ascii	"time_to_acquire_ip\000"
 1620      5F746F5F 
 1620      61637175 
 1620      6972655F 
 1620      697000
 1621              	.LASF79:
 1622 046f 646F776E 		.ascii	"downstream_level_sensor_enabled\000"
 1622      73747265 
 1622      616D5F6C 
 1622      6576656C 
 1622      5F73656E 
 1623              	.LASF26:
 1624 048f 696D6569 		.ascii	"imei\000"
 1624      00
 1625              	.LASF10:
 1626 0494 696E7433 		.ascii	"int32_t\000"
 1626      325F7400 
 1627              	.LASF35:
 1628 049c 6D6F6465 		.ascii	"modem_stats_t\000"
 1628      6D5F7374 
 1628      6174735F 
 1628      7400
 1629              	.LASF46:
 1630 04aa 5F426F6F 		.ascii	"_Bool\000"
 1630      6C00
 1631              	.LASF95:
 1632 04b0 74696D65 		.ascii	"timeToSycnRemoteParams\000"
 1632      546F5379 
 1632      636E5265 
 1632      6D6F7465 
 1632      50617261 
 1633              	.LASF69:
 1634 04c7 64617461 		.ascii	"data\000"
 1634      00
 1635              	.LASF102:
 1636 04cc 616C6172 		.ascii	"alarmValve\000"
 1636      6D56616C 
 1636      766500
 1637              	.LASF88:
 1638 04d7 68747470 		.ascii	"http_route\000"
 1638      5F726F75 
 1638      746500
 1639              	.LASF62:
 1640 04e2 6E6F7469 		.ascii	"notification\000"
 1640      66696361 
 1640      74696F6E 
 1640      00
 1641              	.LASF61:
 1642 04ef 635F4C45 		.ascii	"c_LED_State\000"
 1642      445F5374 
 1642      61746500 
ARM GAS  C:\Users\klabu\AppData\Local\Temp\cclBK9ZD.s 			page 35


 1643              	.LASF5:
 1644 04fb 6C6F6E67 		.ascii	"long unsigned int\000"
 1644      20756E73 
 1644      69676E65 
 1644      6420696E 
 1644      7400
 1645              	.LASF14:
 1646 050d 696E7433 		.ascii	"int32\000"
 1646      3200
 1647              	.LASF17:
 1648 0513 646F7562 		.ascii	"double\000"
 1648      6C6500
 1649              	.LASF65:
 1650 051a 49544D5F 		.ascii	"ITM_RxBuffer\000"
 1650      52784275 
 1650      66666572 
 1650      00
 1651              	.LASF98:
 1652 0527 616C6172 		.ascii	"alarmLevelSensor\000"
 1652      6D4C6576 
 1652      656C5365 
 1652      6E736F72 
 1652      00
 1653              	.LASF108:
 1654 0538 433A5C6E 		.ascii	"C:\\notoriOS\\notoriOS.cydsn\000"
 1654      6F746F72 
 1654      694F535C 
 1654      6E6F746F 
 1654      72694F53 
 1655              	.LASF40:
 1656 0553 64656275 		.ascii	"debug_level\000"
 1656      675F6C65 
 1656      76656C00 
 1657              	.LASF27:
 1658 055f 6D6F6465 		.ascii	"modem_info_t\000"
 1658      6D5F696E 
 1658      666F5F74 
 1658      00
 1659              	.LASF50:
 1660 056c 636F756E 		.ascii	"countDownType\000"
 1660      74446F77 
 1660      6E547970 
 1660      6500
 1661              	.LASF9:
 1662 057a 5F5F696E 		.ascii	"__int32_t\000"
 1662      7433325F 
 1662      7400
 1663              	.LASF97:
 1664 0584 74696D65 		.ascii	"timeToAppLED\000"
 1664      546F4170 
 1664      704C4544 
 1664      00
 1665              	.LASF45:
 1666 0591 4175746F 		.ascii	"Autosampler_freq\000"
 1666      73616D70 
 1666      6C65725F 
 1666      66726571 
ARM GAS  C:\Users\klabu\AppData\Local\Temp\cclBK9ZD.s 			page 36


 1666      00
 1667              	.LASF99:
 1668 05a2 74696D65 		.ascii	"timeToLevelSensor\000"
 1668      546F4C65 
 1668      76656C53 
 1668      656E736F 
 1668      7200
 1669              	.LASF51:
 1670 05b4 636F756E 		.ascii	"countDownResetCondition\000"
 1670      74446F77 
 1670      6E526573 
 1670      6574436F 
 1670      6E646974 
 1671              	.LASF73:
 1672 05cc 75706461 		.ascii	"updatable_parameters\000"
 1672      7461626C 
 1672      655F7061 
 1672      72616D65 
 1672      74657273 
 1673              	.LASF57:
 1674 05e1 65705F70 		.ascii	"ep_port\000"
 1674      6F727400 
 1675              	.LASF87:
 1676 05e9 68747470 		.ascii	"http_body\000"
 1676      5F626F64 
 1676      7900
 1677              	.LASF85:
 1678 05f3 6175746F 		.ascii	"autosampler_inbox\000"
 1678      73616D70 
 1678      6C65725F 
 1678      696E626F 
 1678      7800
 1679              	.LASF36:
 1680 0605 6E6F6465 		.ascii	"node_type\000"
 1680      5F747970 
 1680      6500
 1681              	.LASF74:
 1682 060f 4170705F 		.ascii	"App_LED_enabled\000"
 1682      4C45445F 
 1682      656E6162 
 1682      6C656400 
 1683              	.LASF86:
 1684 061f 68747470 		.ascii	"http_request\000"
 1684      5F726571 
 1684      75657374 
 1684      00
 1685              	.LASF94:
 1686 062c 74696D65 		.ascii	"timeToSync\000"
 1686      546F5379 
 1686      6E6300
 1687              	.LASF78:
 1688 0637 646F776E 		.ascii	"downstream_level_sensor_inbox\000"
 1688      73747265 
 1688      616D5F6C 
 1688      6576656C 
 1688      5F73656E 
 1689              		.ident	"GCC: (GNU Tools for ARM Embedded Processors) 5.4.1 20160609 (release) [ARM/embedded-5-bran
ARM GAS  C:\Users\klabu\AppData\Local\Temp\cclBK9ZD.s 			page 37


