ARM GAS  C:\Users\klabu\AppData\Local\Temp\ccFsqyJ3.s 			page 1


   1              		.syntax unified
   2              		.cpu cortex-m3
   3              		.fpu softvfp
   4              		.eabi_attribute 20, 1
   5              		.eabi_attribute 21, 1
   6              		.eabi_attribute 23, 3
   7              		.eabi_attribute 24, 1
   8              		.eabi_attribute 25, 1
   9              		.eabi_attribute 26, 1
  10              		.eabi_attribute 30, 6
  11              		.eabi_attribute 34, 1
  12              		.eabi_attribute 18, 4
  13              		.thumb
  14              		.syntax unified
  15              		.file	"BottleCounter_PM.c"
  16              		.text
  17              	.Ltext0:
  18              		.cfi_sections	.debug_frame
  19              		.bss
  20              		.align	2
  21              	BottleCounter_backup:
  22 0000 00000000 		.space	6
  22      0000
  23              		.section	.text.BottleCounter_SaveConfig,"ax",%progbits
  24              		.align	2
  25              		.global	BottleCounter_SaveConfig
  26              		.thumb
  27              		.thumb_func
  28              		.type	BottleCounter_SaveConfig, %function
  29              	BottleCounter_SaveConfig:
  30              	.LFB0:
  31              		.file 1 "Generated_Source\\PSoC5\\BottleCounter_PM.c"
   1:Generated_Source\PSoC5/BottleCounter_PM.c **** /*******************************************************************************
   2:Generated_Source\PSoC5/BottleCounter_PM.c **** * File Name: BottleCounter_PM.c  
   3:Generated_Source\PSoC5/BottleCounter_PM.c **** * Version 3.0
   4:Generated_Source\PSoC5/BottleCounter_PM.c **** *
   5:Generated_Source\PSoC5/BottleCounter_PM.c **** *  Description:
   6:Generated_Source\PSoC5/BottleCounter_PM.c **** *    This file provides the power management source code to API for the
   7:Generated_Source\PSoC5/BottleCounter_PM.c **** *    Counter.  
   8:Generated_Source\PSoC5/BottleCounter_PM.c **** *
   9:Generated_Source\PSoC5/BottleCounter_PM.c **** *   Note:
  10:Generated_Source\PSoC5/BottleCounter_PM.c **** *     None
  11:Generated_Source\PSoC5/BottleCounter_PM.c **** *
  12:Generated_Source\PSoC5/BottleCounter_PM.c **** ********************************************************************************
  13:Generated_Source\PSoC5/BottleCounter_PM.c **** * Copyright 2008-2012, Cypress Semiconductor Corporation.  All rights reserved.
  14:Generated_Source\PSoC5/BottleCounter_PM.c **** * You may use this file only in accordance with the license, terms, conditions, 
  15:Generated_Source\PSoC5/BottleCounter_PM.c **** * disclaimers, and limitations in the end user license agreement accompanying 
  16:Generated_Source\PSoC5/BottleCounter_PM.c **** * the software package with which this file was provided.
  17:Generated_Source\PSoC5/BottleCounter_PM.c **** *******************************************************************************/
  18:Generated_Source\PSoC5/BottleCounter_PM.c **** 
  19:Generated_Source\PSoC5/BottleCounter_PM.c **** #include "BottleCounter.h"
  20:Generated_Source\PSoC5/BottleCounter_PM.c **** 
  21:Generated_Source\PSoC5/BottleCounter_PM.c **** static BottleCounter_backupStruct BottleCounter_backup;
  22:Generated_Source\PSoC5/BottleCounter_PM.c **** 
  23:Generated_Source\PSoC5/BottleCounter_PM.c **** 
  24:Generated_Source\PSoC5/BottleCounter_PM.c **** /*******************************************************************************
  25:Generated_Source\PSoC5/BottleCounter_PM.c **** * Function Name: BottleCounter_SaveConfig
ARM GAS  C:\Users\klabu\AppData\Local\Temp\ccFsqyJ3.s 			page 2


  26:Generated_Source\PSoC5/BottleCounter_PM.c **** ********************************************************************************
  27:Generated_Source\PSoC5/BottleCounter_PM.c **** * Summary:
  28:Generated_Source\PSoC5/BottleCounter_PM.c **** *     Save the current user configuration
  29:Generated_Source\PSoC5/BottleCounter_PM.c **** *
  30:Generated_Source\PSoC5/BottleCounter_PM.c **** * Parameters:  
  31:Generated_Source\PSoC5/BottleCounter_PM.c **** *  void
  32:Generated_Source\PSoC5/BottleCounter_PM.c **** *
  33:Generated_Source\PSoC5/BottleCounter_PM.c **** * Return: 
  34:Generated_Source\PSoC5/BottleCounter_PM.c **** *  void
  35:Generated_Source\PSoC5/BottleCounter_PM.c **** *
  36:Generated_Source\PSoC5/BottleCounter_PM.c **** * Global variables:
  37:Generated_Source\PSoC5/BottleCounter_PM.c **** *  BottleCounter_backup:  Variables of this global structure are modified to 
  38:Generated_Source\PSoC5/BottleCounter_PM.c **** *  store the values of non retention configuration registers when Sleep() API is 
  39:Generated_Source\PSoC5/BottleCounter_PM.c **** *  called.
  40:Generated_Source\PSoC5/BottleCounter_PM.c **** *
  41:Generated_Source\PSoC5/BottleCounter_PM.c **** *******************************************************************************/
  42:Generated_Source\PSoC5/BottleCounter_PM.c **** void BottleCounter_SaveConfig(void) 
  43:Generated_Source\PSoC5/BottleCounter_PM.c **** {
  32              		.loc 1 43 0
  33              		.cfi_startproc
  34              		@ args = 0, pretend = 0, frame = 0
  35              		@ frame_needed = 1, uses_anonymous_args = 0
  36 0000 80B5     		push	{r7, lr}
  37              		.cfi_def_cfa_offset 8
  38              		.cfi_offset 7, -8
  39              		.cfi_offset 14, -4
  40 0002 00AF     		add	r7, sp, #0
  41              		.cfi_def_cfa_register 7
  44:Generated_Source\PSoC5/BottleCounter_PM.c ****     #if (!BottleCounter_UsingFixedFunction)
  45:Generated_Source\PSoC5/BottleCounter_PM.c **** 
  46:Generated_Source\PSoC5/BottleCounter_PM.c ****         BottleCounter_backup.CounterUdb = BottleCounter_ReadCounter();
  42              		.loc 1 46 0
  43 0004 FFF7FEFF 		bl	BottleCounter_ReadCounter
  44 0008 0346     		mov	r3, r0
  45 000a 1A46     		mov	r2, r3
  46 000c 044B     		ldr	r3, .L2
  47 000e 5A80     		strh	r2, [r3, #2]	@ movhi
  47:Generated_Source\PSoC5/BottleCounter_PM.c **** 
  48:Generated_Source\PSoC5/BottleCounter_PM.c ****         #if(!BottleCounter_ControlRegRemoved)
  49:Generated_Source\PSoC5/BottleCounter_PM.c ****             BottleCounter_backup.CounterControlRegister = BottleCounter_ReadControlRegister();
  48              		.loc 1 49 0
  49 0010 FFF7FEFF 		bl	BottleCounter_ReadControlRegister
  50 0014 0346     		mov	r3, r0
  51 0016 1A46     		mov	r2, r3
  52 0018 014B     		ldr	r3, .L2
  53 001a 1A71     		strb	r2, [r3, #4]
  50:Generated_Source\PSoC5/BottleCounter_PM.c ****         #endif /* (!BottleCounter_ControlRegRemoved) */
  51:Generated_Source\PSoC5/BottleCounter_PM.c **** 
  52:Generated_Source\PSoC5/BottleCounter_PM.c ****     #endif /* (!BottleCounter_UsingFixedFunction) */
  53:Generated_Source\PSoC5/BottleCounter_PM.c **** }
  54              		.loc 1 53 0
  55 001c 00BF     		nop
  56 001e 80BD     		pop	{r7, pc}
  57              	.L3:
  58              		.align	2
  59              	.L2:
  60 0020 00000000 		.word	BottleCounter_backup
ARM GAS  C:\Users\klabu\AppData\Local\Temp\ccFsqyJ3.s 			page 3


  61              		.cfi_endproc
  62              	.LFE0:
  63              		.size	BottleCounter_SaveConfig, .-BottleCounter_SaveConfig
  64              		.section	.text.BottleCounter_RestoreConfig,"ax",%progbits
  65              		.align	2
  66              		.global	BottleCounter_RestoreConfig
  67              		.thumb
  68              		.thumb_func
  69              		.type	BottleCounter_RestoreConfig, %function
  70              	BottleCounter_RestoreConfig:
  71              	.LFB1:
  54:Generated_Source\PSoC5/BottleCounter_PM.c **** 
  55:Generated_Source\PSoC5/BottleCounter_PM.c **** 
  56:Generated_Source\PSoC5/BottleCounter_PM.c **** /*******************************************************************************
  57:Generated_Source\PSoC5/BottleCounter_PM.c **** * Function Name: BottleCounter_RestoreConfig
  58:Generated_Source\PSoC5/BottleCounter_PM.c **** ********************************************************************************
  59:Generated_Source\PSoC5/BottleCounter_PM.c **** *
  60:Generated_Source\PSoC5/BottleCounter_PM.c **** * Summary:
  61:Generated_Source\PSoC5/BottleCounter_PM.c **** *  Restores the current user configuration.
  62:Generated_Source\PSoC5/BottleCounter_PM.c **** *
  63:Generated_Source\PSoC5/BottleCounter_PM.c **** * Parameters:  
  64:Generated_Source\PSoC5/BottleCounter_PM.c **** *  void
  65:Generated_Source\PSoC5/BottleCounter_PM.c **** *
  66:Generated_Source\PSoC5/BottleCounter_PM.c **** * Return: 
  67:Generated_Source\PSoC5/BottleCounter_PM.c **** *  void
  68:Generated_Source\PSoC5/BottleCounter_PM.c **** *
  69:Generated_Source\PSoC5/BottleCounter_PM.c **** * Global variables:
  70:Generated_Source\PSoC5/BottleCounter_PM.c **** *  BottleCounter_backup:  Variables of this global structure are used to 
  71:Generated_Source\PSoC5/BottleCounter_PM.c **** *  restore the values of non retention registers on wakeup from sleep mode.
  72:Generated_Source\PSoC5/BottleCounter_PM.c **** *
  73:Generated_Source\PSoC5/BottleCounter_PM.c **** *******************************************************************************/
  74:Generated_Source\PSoC5/BottleCounter_PM.c **** void BottleCounter_RestoreConfig(void) 
  75:Generated_Source\PSoC5/BottleCounter_PM.c **** {      
  72              		.loc 1 75 0
  73              		.cfi_startproc
  74              		@ args = 0, pretend = 0, frame = 0
  75              		@ frame_needed = 1, uses_anonymous_args = 0
  76 0000 80B5     		push	{r7, lr}
  77              		.cfi_def_cfa_offset 8
  78              		.cfi_offset 7, -8
  79              		.cfi_offset 14, -4
  80 0002 00AF     		add	r7, sp, #0
  81              		.cfi_def_cfa_register 7
  76:Generated_Source\PSoC5/BottleCounter_PM.c ****     #if (!BottleCounter_UsingFixedFunction)
  77:Generated_Source\PSoC5/BottleCounter_PM.c **** 
  78:Generated_Source\PSoC5/BottleCounter_PM.c ****        BottleCounter_WriteCounter(BottleCounter_backup.CounterUdb);
  82              		.loc 1 78 0
  83 0004 054B     		ldr	r3, .L5
  84 0006 5B88     		ldrh	r3, [r3, #2]
  85 0008 1846     		mov	r0, r3
  86 000a FFF7FEFF 		bl	BottleCounter_WriteCounter
  79:Generated_Source\PSoC5/BottleCounter_PM.c **** 
  80:Generated_Source\PSoC5/BottleCounter_PM.c ****         #if(!BottleCounter_ControlRegRemoved)
  81:Generated_Source\PSoC5/BottleCounter_PM.c ****             BottleCounter_WriteControlRegister(BottleCounter_backup.CounterControlRegister);
  87              		.loc 1 81 0
  88 000e 034B     		ldr	r3, .L5
  89 0010 1B79     		ldrb	r3, [r3, #4]	@ zero_extendqisi2
ARM GAS  C:\Users\klabu\AppData\Local\Temp\ccFsqyJ3.s 			page 4


  90 0012 1846     		mov	r0, r3
  91 0014 FFF7FEFF 		bl	BottleCounter_WriteControlRegister
  82:Generated_Source\PSoC5/BottleCounter_PM.c ****         #endif /* (!BottleCounter_ControlRegRemoved) */
  83:Generated_Source\PSoC5/BottleCounter_PM.c **** 
  84:Generated_Source\PSoC5/BottleCounter_PM.c ****     #endif /* (!BottleCounter_UsingFixedFunction) */
  85:Generated_Source\PSoC5/BottleCounter_PM.c **** }
  92              		.loc 1 85 0
  93 0018 00BF     		nop
  94 001a 80BD     		pop	{r7, pc}
  95              	.L6:
  96              		.align	2
  97              	.L5:
  98 001c 00000000 		.word	BottleCounter_backup
  99              		.cfi_endproc
 100              	.LFE1:
 101              		.size	BottleCounter_RestoreConfig, .-BottleCounter_RestoreConfig
 102              		.section	.text.BottleCounter_Sleep,"ax",%progbits
 103              		.align	2
 104              		.global	BottleCounter_Sleep
 105              		.thumb
 106              		.thumb_func
 107              		.type	BottleCounter_Sleep, %function
 108              	BottleCounter_Sleep:
 109              	.LFB2:
  86:Generated_Source\PSoC5/BottleCounter_PM.c **** 
  87:Generated_Source\PSoC5/BottleCounter_PM.c **** 
  88:Generated_Source\PSoC5/BottleCounter_PM.c **** /*******************************************************************************
  89:Generated_Source\PSoC5/BottleCounter_PM.c **** * Function Name: BottleCounter_Sleep
  90:Generated_Source\PSoC5/BottleCounter_PM.c **** ********************************************************************************
  91:Generated_Source\PSoC5/BottleCounter_PM.c **** * Summary:
  92:Generated_Source\PSoC5/BottleCounter_PM.c **** *     Stop and Save the user configuration
  93:Generated_Source\PSoC5/BottleCounter_PM.c **** *
  94:Generated_Source\PSoC5/BottleCounter_PM.c **** * Parameters:  
  95:Generated_Source\PSoC5/BottleCounter_PM.c **** *  void
  96:Generated_Source\PSoC5/BottleCounter_PM.c **** *
  97:Generated_Source\PSoC5/BottleCounter_PM.c **** * Return: 
  98:Generated_Source\PSoC5/BottleCounter_PM.c **** *  void
  99:Generated_Source\PSoC5/BottleCounter_PM.c **** *
 100:Generated_Source\PSoC5/BottleCounter_PM.c **** * Global variables:
 101:Generated_Source\PSoC5/BottleCounter_PM.c **** *  BottleCounter_backup.enableState:  Is modified depending on the enable 
 102:Generated_Source\PSoC5/BottleCounter_PM.c **** *  state of the block before entering sleep mode.
 103:Generated_Source\PSoC5/BottleCounter_PM.c **** *
 104:Generated_Source\PSoC5/BottleCounter_PM.c **** *******************************************************************************/
 105:Generated_Source\PSoC5/BottleCounter_PM.c **** void BottleCounter_Sleep(void) 
 106:Generated_Source\PSoC5/BottleCounter_PM.c **** {
 110              		.loc 1 106 0
 111              		.cfi_startproc
 112              		@ args = 0, pretend = 0, frame = 0
 113              		@ frame_needed = 1, uses_anonymous_args = 0
 114 0000 80B5     		push	{r7, lr}
 115              		.cfi_def_cfa_offset 8
 116              		.cfi_offset 7, -8
 117              		.cfi_offset 14, -4
 118 0002 00AF     		add	r7, sp, #0
 119              		.cfi_def_cfa_register 7
 107:Generated_Source\PSoC5/BottleCounter_PM.c ****     #if(!BottleCounter_ControlRegRemoved)
 108:Generated_Source\PSoC5/BottleCounter_PM.c ****         /* Save Counter's enable state */
ARM GAS  C:\Users\klabu\AppData\Local\Temp\ccFsqyJ3.s 			page 5


 109:Generated_Source\PSoC5/BottleCounter_PM.c ****         if(BottleCounter_CTRL_ENABLE == (BottleCounter_CONTROL & BottleCounter_CTRL_ENABLE))
 120              		.loc 1 109 0
 121 0004 094B     		ldr	r3, .L10
 122 0006 1B78     		ldrb	r3, [r3]
 123 0008 DBB2     		uxtb	r3, r3
 124 000a 5BB2     		sxtb	r3, r3
 125 000c 002B     		cmp	r3, #0
 126 000e 03DA     		bge	.L8
 110:Generated_Source\PSoC5/BottleCounter_PM.c ****         {
 111:Generated_Source\PSoC5/BottleCounter_PM.c ****             /* Counter is enabled */
 112:Generated_Source\PSoC5/BottleCounter_PM.c ****             BottleCounter_backup.CounterEnableState = 1u;
 127              		.loc 1 112 0
 128 0010 074B     		ldr	r3, .L10+4
 129 0012 0122     		movs	r2, #1
 130 0014 1A70     		strb	r2, [r3]
 131 0016 02E0     		b	.L9
 132              	.L8:
 113:Generated_Source\PSoC5/BottleCounter_PM.c ****         }
 114:Generated_Source\PSoC5/BottleCounter_PM.c ****         else
 115:Generated_Source\PSoC5/BottleCounter_PM.c ****         {
 116:Generated_Source\PSoC5/BottleCounter_PM.c ****             /* Counter is disabled */
 117:Generated_Source\PSoC5/BottleCounter_PM.c ****             BottleCounter_backup.CounterEnableState = 0u;
 133              		.loc 1 117 0
 134 0018 054B     		ldr	r3, .L10+4
 135 001a 0022     		movs	r2, #0
 136 001c 1A70     		strb	r2, [r3]
 137              	.L9:
 118:Generated_Source\PSoC5/BottleCounter_PM.c ****         }
 119:Generated_Source\PSoC5/BottleCounter_PM.c ****     #else
 120:Generated_Source\PSoC5/BottleCounter_PM.c ****         BottleCounter_backup.CounterEnableState = 1u;
 121:Generated_Source\PSoC5/BottleCounter_PM.c ****         if(BottleCounter_backup.CounterEnableState != 0u)
 122:Generated_Source\PSoC5/BottleCounter_PM.c ****         {
 123:Generated_Source\PSoC5/BottleCounter_PM.c ****             BottleCounter_backup.CounterEnableState = 0u;
 124:Generated_Source\PSoC5/BottleCounter_PM.c ****         }
 125:Generated_Source\PSoC5/BottleCounter_PM.c ****     #endif /* (!BottleCounter_ControlRegRemoved) */
 126:Generated_Source\PSoC5/BottleCounter_PM.c ****     
 127:Generated_Source\PSoC5/BottleCounter_PM.c ****     BottleCounter_Stop();
 138              		.loc 1 127 0
 139 001e FFF7FEFF 		bl	BottleCounter_Stop
 128:Generated_Source\PSoC5/BottleCounter_PM.c ****     BottleCounter_SaveConfig();
 140              		.loc 1 128 0
 141 0022 FFF7FEFF 		bl	BottleCounter_SaveConfig
 129:Generated_Source\PSoC5/BottleCounter_PM.c **** }
 142              		.loc 1 129 0
 143 0026 00BF     		nop
 144 0028 80BD     		pop	{r7, pc}
 145              	.L11:
 146 002a 00BF     		.align	2
 147              	.L10:
 148 002c 7B650040 		.word	1073767803
 149 0030 00000000 		.word	BottleCounter_backup
 150              		.cfi_endproc
 151              	.LFE2:
 152              		.size	BottleCounter_Sleep, .-BottleCounter_Sleep
 153              		.section	.text.BottleCounter_Wakeup,"ax",%progbits
 154              		.align	2
 155              		.global	BottleCounter_Wakeup
ARM GAS  C:\Users\klabu\AppData\Local\Temp\ccFsqyJ3.s 			page 6


 156              		.thumb
 157              		.thumb_func
 158              		.type	BottleCounter_Wakeup, %function
 159              	BottleCounter_Wakeup:
 160              	.LFB3:
 130:Generated_Source\PSoC5/BottleCounter_PM.c **** 
 131:Generated_Source\PSoC5/BottleCounter_PM.c **** 
 132:Generated_Source\PSoC5/BottleCounter_PM.c **** /*******************************************************************************
 133:Generated_Source\PSoC5/BottleCounter_PM.c **** * Function Name: BottleCounter_Wakeup
 134:Generated_Source\PSoC5/BottleCounter_PM.c **** ********************************************************************************
 135:Generated_Source\PSoC5/BottleCounter_PM.c **** *
 136:Generated_Source\PSoC5/BottleCounter_PM.c **** * Summary:
 137:Generated_Source\PSoC5/BottleCounter_PM.c **** *  Restores and enables the user configuration
 138:Generated_Source\PSoC5/BottleCounter_PM.c **** *  
 139:Generated_Source\PSoC5/BottleCounter_PM.c **** * Parameters:  
 140:Generated_Source\PSoC5/BottleCounter_PM.c **** *  void
 141:Generated_Source\PSoC5/BottleCounter_PM.c **** *
 142:Generated_Source\PSoC5/BottleCounter_PM.c **** * Return: 
 143:Generated_Source\PSoC5/BottleCounter_PM.c **** *  void
 144:Generated_Source\PSoC5/BottleCounter_PM.c **** *
 145:Generated_Source\PSoC5/BottleCounter_PM.c **** * Global variables:
 146:Generated_Source\PSoC5/BottleCounter_PM.c **** *  BottleCounter_backup.enableState:  Is used to restore the enable state of 
 147:Generated_Source\PSoC5/BottleCounter_PM.c **** *  block on wakeup from sleep mode.
 148:Generated_Source\PSoC5/BottleCounter_PM.c **** *
 149:Generated_Source\PSoC5/BottleCounter_PM.c **** *******************************************************************************/
 150:Generated_Source\PSoC5/BottleCounter_PM.c **** void BottleCounter_Wakeup(void) 
 151:Generated_Source\PSoC5/BottleCounter_PM.c **** {
 161              		.loc 1 151 0
 162              		.cfi_startproc
 163              		@ args = 0, pretend = 0, frame = 0
 164              		@ frame_needed = 1, uses_anonymous_args = 0
 165 0000 80B5     		push	{r7, lr}
 166              		.cfi_def_cfa_offset 8
 167              		.cfi_offset 7, -8
 168              		.cfi_offset 14, -4
 169 0002 00AF     		add	r7, sp, #0
 170              		.cfi_def_cfa_register 7
 152:Generated_Source\PSoC5/BottleCounter_PM.c ****     BottleCounter_RestoreConfig();
 171              		.loc 1 152 0
 172 0004 FFF7FEFF 		bl	BottleCounter_RestoreConfig
 153:Generated_Source\PSoC5/BottleCounter_PM.c ****     #if(!BottleCounter_ControlRegRemoved)
 154:Generated_Source\PSoC5/BottleCounter_PM.c ****         if(BottleCounter_backup.CounterEnableState == 1u)
 173              		.loc 1 154 0
 174 0008 034B     		ldr	r3, .L15
 175 000a 1B78     		ldrb	r3, [r3]	@ zero_extendqisi2
 176 000c 012B     		cmp	r3, #1
 177 000e 01D1     		bne	.L14
 155:Generated_Source\PSoC5/BottleCounter_PM.c ****         {
 156:Generated_Source\PSoC5/BottleCounter_PM.c ****             /* Enable Counter's operation */
 157:Generated_Source\PSoC5/BottleCounter_PM.c ****             BottleCounter_Enable();
 178              		.loc 1 157 0
 179 0010 FFF7FEFF 		bl	BottleCounter_Enable
 180              	.L14:
 158:Generated_Source\PSoC5/BottleCounter_PM.c ****         } /* Do nothing if Counter was disabled before */    
 159:Generated_Source\PSoC5/BottleCounter_PM.c ****     #endif /* (!BottleCounter_ControlRegRemoved) */
 160:Generated_Source\PSoC5/BottleCounter_PM.c ****     
 161:Generated_Source\PSoC5/BottleCounter_PM.c **** }
ARM GAS  C:\Users\klabu\AppData\Local\Temp\ccFsqyJ3.s 			page 7


 181              		.loc 1 161 0
 182 0014 00BF     		nop
 183 0016 80BD     		pop	{r7, pc}
 184              	.L16:
 185              		.align	2
 186              	.L15:
 187 0018 00000000 		.word	BottleCounter_backup
 188              		.cfi_endproc
 189              	.LFE3:
 190              		.size	BottleCounter_Wakeup, .-BottleCounter_Wakeup
 191              		.text
 192              	.Letext0:
 193              		.file 2 "Generated_Source\\PSoC5\\cytypes.h"
 194              		.file 3 "Generated_Source\\PSoC5\\BottleCounter.h"
 195              		.section	.debug_info,"",%progbits
 196              	.Ldebug_info0:
 197 0000 41010000 		.4byte	0x141
 198 0004 0400     		.2byte	0x4
 199 0006 00000000 		.4byte	.Ldebug_abbrev0
 200 000a 04       		.byte	0x4
 201 000b 01       		.uleb128 0x1
 202 000c EA000000 		.4byte	.LASF25
 203 0010 0C       		.byte	0xc
 204 0011 5D000000 		.4byte	.LASF26
 205 0015 0E000000 		.4byte	.LASF27
 206 0019 00000000 		.4byte	.Ldebug_ranges0+0
 207 001d 00000000 		.4byte	0
 208 0021 00000000 		.4byte	.Ldebug_line0
 209 0025 02       		.uleb128 0x2
 210 0026 01       		.byte	0x1
 211 0027 06       		.byte	0x6
 212 0028 01020000 		.4byte	.LASF0
 213 002c 02       		.uleb128 0x2
 214 002d 01       		.byte	0x1
 215 002e 08       		.byte	0x8
 216 002f 36000000 		.4byte	.LASF1
 217 0033 02       		.uleb128 0x2
 218 0034 02       		.byte	0x2
 219 0035 05       		.byte	0x5
 220 0036 19020000 		.4byte	.LASF2
 221 003a 02       		.uleb128 0x2
 222 003b 02       		.byte	0x2
 223 003c 07       		.byte	0x7
 224 003d EE010000 		.4byte	.LASF3
 225 0041 02       		.uleb128 0x2
 226 0042 04       		.byte	0x4
 227 0043 05       		.byte	0x5
 228 0044 94010000 		.4byte	.LASF4
 229 0048 02       		.uleb128 0x2
 230 0049 04       		.byte	0x4
 231 004a 07       		.byte	0x7
 232 004b 92000000 		.4byte	.LASF5
 233 004f 02       		.uleb128 0x2
 234 0050 08       		.byte	0x8
 235 0051 05       		.byte	0x5
 236 0052 00000000 		.4byte	.LASF6
 237 0056 02       		.uleb128 0x2
ARM GAS  C:\Users\klabu\AppData\Local\Temp\ccFsqyJ3.s 			page 8


 238 0057 08       		.byte	0x8
 239 0058 07       		.byte	0x7
 240 0059 A4000000 		.4byte	.LASF7
 241 005d 03       		.uleb128 0x3
 242 005e 04       		.byte	0x4
 243 005f 05       		.byte	0x5
 244 0060 696E7400 		.ascii	"int\000"
 245 0064 02       		.uleb128 0x2
 246 0065 04       		.byte	0x4
 247 0066 07       		.byte	0x7
 248 0067 29000000 		.4byte	.LASF8
 249 006b 04       		.uleb128 0x4
 250 006c 8C000000 		.4byte	.LASF9
 251 0070 02       		.byte	0x2
 252 0071 9201     		.2byte	0x192
 253 0073 2C000000 		.4byte	0x2c
 254 0077 04       		.uleb128 0x4
 255 0078 23020000 		.4byte	.LASF10
 256 007c 02       		.byte	0x2
 257 007d 9301     		.2byte	0x193
 258 007f 3A000000 		.4byte	0x3a
 259 0083 02       		.uleb128 0x2
 260 0084 04       		.byte	0x4
 261 0085 04       		.byte	0x4
 262 0086 BB000000 		.4byte	.LASF11
 263 008a 02       		.uleb128 0x2
 264 008b 08       		.byte	0x8
 265 008c 04       		.byte	0x4
 266 008d CC010000 		.4byte	.LASF12
 267 0091 02       		.uleb128 0x2
 268 0092 01       		.byte	0x1
 269 0093 08       		.byte	0x8
 270 0094 8F010000 		.4byte	.LASF13
 271 0098 04       		.uleb128 0x4
 272 0099 87000000 		.4byte	.LASF14
 273 009d 02       		.byte	0x2
 274 009e 3C02     		.2byte	0x23c
 275 00a0 A4000000 		.4byte	0xa4
 276 00a4 05       		.uleb128 0x5
 277 00a5 6B000000 		.4byte	0x6b
 278 00a9 02       		.uleb128 0x2
 279 00aa 08       		.byte	0x8
 280 00ab 04       		.byte	0x4
 281 00ac 0D020000 		.4byte	.LASF15
 282 00b0 02       		.uleb128 0x2
 283 00b1 04       		.byte	0x4
 284 00b2 07       		.byte	0x7
 285 00b3 35020000 		.4byte	.LASF16
 286 00b7 06       		.uleb128 0x6
 287 00b8 06       		.byte	0x6
 288 00b9 03       		.byte	0x3
 289 00ba 40       		.byte	0x40
 290 00bb E4000000 		.4byte	0xe4
 291 00bf 07       		.uleb128 0x7
 292 00c0 B9010000 		.4byte	.LASF17
 293 00c4 03       		.byte	0x3
 294 00c5 42       		.byte	0x42
ARM GAS  C:\Users\klabu\AppData\Local\Temp\ccFsqyJ3.s 			page 9


 295 00c6 6B000000 		.4byte	0x6b
 296 00ca 00       		.byte	0
 297 00cb 07       		.uleb128 0x7
 298 00cc 2A020000 		.4byte	.LASF18
 299 00d0 03       		.byte	0x3
 300 00d1 43       		.byte	0x43
 301 00d2 77000000 		.4byte	0x77
 302 00d6 02       		.byte	0x2
 303 00d7 07       		.uleb128 0x7
 304 00d8 78010000 		.4byte	.LASF19
 305 00dc 03       		.byte	0x3
 306 00dd 46       		.byte	0x46
 307 00de 6B000000 		.4byte	0x6b
 308 00e2 04       		.byte	0x4
 309 00e3 00       		.byte	0
 310 00e4 08       		.uleb128 0x8
 311 00e5 D3010000 		.4byte	.LASF20
 312 00e9 03       		.byte	0x3
 313 00ea 49       		.byte	0x49
 314 00eb B7000000 		.4byte	0xb7
 315 00ef 09       		.uleb128 0x9
 316 00f0 44000000 		.4byte	.LASF21
 317 00f4 01       		.byte	0x1
 318 00f5 2A       		.byte	0x2a
 319 00f6 00000000 		.4byte	.LFB0
 320 00fa 24000000 		.4byte	.LFE0-.LFB0
 321 00fe 01       		.uleb128 0x1
 322 00ff 9C       		.byte	0x9c
 323 0100 09       		.uleb128 0x9
 324 0101 9D010000 		.4byte	.LASF22
 325 0105 01       		.byte	0x1
 326 0106 4A       		.byte	0x4a
 327 0107 00000000 		.4byte	.LFB1
 328 010b 20000000 		.4byte	.LFE1-.LFB1
 329 010f 01       		.uleb128 0x1
 330 0110 9C       		.byte	0x9c
 331 0111 09       		.uleb128 0x9
 332 0112 D6000000 		.4byte	.LASF23
 333 0116 01       		.byte	0x1
 334 0117 69       		.byte	0x69
 335 0118 00000000 		.4byte	.LFB2
 336 011c 34000000 		.4byte	.LFE2-.LFB2
 337 0120 01       		.uleb128 0x1
 338 0121 9C       		.byte	0x9c
 339 0122 09       		.uleb128 0x9
 340 0123 C1000000 		.4byte	.LASF24
 341 0127 01       		.byte	0x1
 342 0128 96       		.byte	0x96
 343 0129 00000000 		.4byte	.LFB3
 344 012d 1C000000 		.4byte	.LFE3-.LFB3
 345 0131 01       		.uleb128 0x1
 346 0132 9C       		.byte	0x9c
 347 0133 0A       		.uleb128 0xa
 348 0134 3E020000 		.4byte	.LASF28
 349 0138 01       		.byte	0x1
 350 0139 15       		.byte	0x15
 351 013a E4000000 		.4byte	0xe4
ARM GAS  C:\Users\klabu\AppData\Local\Temp\ccFsqyJ3.s 			page 10


 352 013e 05       		.uleb128 0x5
 353 013f 03       		.byte	0x3
 354 0140 00000000 		.4byte	BottleCounter_backup
 355 0144 00       		.byte	0
 356              		.section	.debug_abbrev,"",%progbits
 357              	.Ldebug_abbrev0:
 358 0000 01       		.uleb128 0x1
 359 0001 11       		.uleb128 0x11
 360 0002 01       		.byte	0x1
 361 0003 25       		.uleb128 0x25
 362 0004 0E       		.uleb128 0xe
 363 0005 13       		.uleb128 0x13
 364 0006 0B       		.uleb128 0xb
 365 0007 03       		.uleb128 0x3
 366 0008 0E       		.uleb128 0xe
 367 0009 1B       		.uleb128 0x1b
 368 000a 0E       		.uleb128 0xe
 369 000b 55       		.uleb128 0x55
 370 000c 17       		.uleb128 0x17
 371 000d 11       		.uleb128 0x11
 372 000e 01       		.uleb128 0x1
 373 000f 10       		.uleb128 0x10
 374 0010 17       		.uleb128 0x17
 375 0011 00       		.byte	0
 376 0012 00       		.byte	0
 377 0013 02       		.uleb128 0x2
 378 0014 24       		.uleb128 0x24
 379 0015 00       		.byte	0
 380 0016 0B       		.uleb128 0xb
 381 0017 0B       		.uleb128 0xb
 382 0018 3E       		.uleb128 0x3e
 383 0019 0B       		.uleb128 0xb
 384 001a 03       		.uleb128 0x3
 385 001b 0E       		.uleb128 0xe
 386 001c 00       		.byte	0
 387 001d 00       		.byte	0
 388 001e 03       		.uleb128 0x3
 389 001f 24       		.uleb128 0x24
 390 0020 00       		.byte	0
 391 0021 0B       		.uleb128 0xb
 392 0022 0B       		.uleb128 0xb
 393 0023 3E       		.uleb128 0x3e
 394 0024 0B       		.uleb128 0xb
 395 0025 03       		.uleb128 0x3
 396 0026 08       		.uleb128 0x8
 397 0027 00       		.byte	0
 398 0028 00       		.byte	0
 399 0029 04       		.uleb128 0x4
 400 002a 16       		.uleb128 0x16
 401 002b 00       		.byte	0
 402 002c 03       		.uleb128 0x3
 403 002d 0E       		.uleb128 0xe
 404 002e 3A       		.uleb128 0x3a
 405 002f 0B       		.uleb128 0xb
 406 0030 3B       		.uleb128 0x3b
 407 0031 05       		.uleb128 0x5
 408 0032 49       		.uleb128 0x49
ARM GAS  C:\Users\klabu\AppData\Local\Temp\ccFsqyJ3.s 			page 11


 409 0033 13       		.uleb128 0x13
 410 0034 00       		.byte	0
 411 0035 00       		.byte	0
 412 0036 05       		.uleb128 0x5
 413 0037 35       		.uleb128 0x35
 414 0038 00       		.byte	0
 415 0039 49       		.uleb128 0x49
 416 003a 13       		.uleb128 0x13
 417 003b 00       		.byte	0
 418 003c 00       		.byte	0
 419 003d 06       		.uleb128 0x6
 420 003e 13       		.uleb128 0x13
 421 003f 01       		.byte	0x1
 422 0040 0B       		.uleb128 0xb
 423 0041 0B       		.uleb128 0xb
 424 0042 3A       		.uleb128 0x3a
 425 0043 0B       		.uleb128 0xb
 426 0044 3B       		.uleb128 0x3b
 427 0045 0B       		.uleb128 0xb
 428 0046 01       		.uleb128 0x1
 429 0047 13       		.uleb128 0x13
 430 0048 00       		.byte	0
 431 0049 00       		.byte	0
 432 004a 07       		.uleb128 0x7
 433 004b 0D       		.uleb128 0xd
 434 004c 00       		.byte	0
 435 004d 03       		.uleb128 0x3
 436 004e 0E       		.uleb128 0xe
 437 004f 3A       		.uleb128 0x3a
 438 0050 0B       		.uleb128 0xb
 439 0051 3B       		.uleb128 0x3b
 440 0052 0B       		.uleb128 0xb
 441 0053 49       		.uleb128 0x49
 442 0054 13       		.uleb128 0x13
 443 0055 38       		.uleb128 0x38
 444 0056 0B       		.uleb128 0xb
 445 0057 00       		.byte	0
 446 0058 00       		.byte	0
 447 0059 08       		.uleb128 0x8
 448 005a 16       		.uleb128 0x16
 449 005b 00       		.byte	0
 450 005c 03       		.uleb128 0x3
 451 005d 0E       		.uleb128 0xe
 452 005e 3A       		.uleb128 0x3a
 453 005f 0B       		.uleb128 0xb
 454 0060 3B       		.uleb128 0x3b
 455 0061 0B       		.uleb128 0xb
 456 0062 49       		.uleb128 0x49
 457 0063 13       		.uleb128 0x13
 458 0064 00       		.byte	0
 459 0065 00       		.byte	0
 460 0066 09       		.uleb128 0x9
 461 0067 2E       		.uleb128 0x2e
 462 0068 00       		.byte	0
 463 0069 3F       		.uleb128 0x3f
 464 006a 19       		.uleb128 0x19
 465 006b 03       		.uleb128 0x3
ARM GAS  C:\Users\klabu\AppData\Local\Temp\ccFsqyJ3.s 			page 12


 466 006c 0E       		.uleb128 0xe
 467 006d 3A       		.uleb128 0x3a
 468 006e 0B       		.uleb128 0xb
 469 006f 3B       		.uleb128 0x3b
 470 0070 0B       		.uleb128 0xb
 471 0071 27       		.uleb128 0x27
 472 0072 19       		.uleb128 0x19
 473 0073 11       		.uleb128 0x11
 474 0074 01       		.uleb128 0x1
 475 0075 12       		.uleb128 0x12
 476 0076 06       		.uleb128 0x6
 477 0077 40       		.uleb128 0x40
 478 0078 18       		.uleb128 0x18
 479 0079 9642     		.uleb128 0x2116
 480 007b 19       		.uleb128 0x19
 481 007c 00       		.byte	0
 482 007d 00       		.byte	0
 483 007e 0A       		.uleb128 0xa
 484 007f 34       		.uleb128 0x34
 485 0080 00       		.byte	0
 486 0081 03       		.uleb128 0x3
 487 0082 0E       		.uleb128 0xe
 488 0083 3A       		.uleb128 0x3a
 489 0084 0B       		.uleb128 0xb
 490 0085 3B       		.uleb128 0x3b
 491 0086 0B       		.uleb128 0xb
 492 0087 49       		.uleb128 0x49
 493 0088 13       		.uleb128 0x13
 494 0089 02       		.uleb128 0x2
 495 008a 18       		.uleb128 0x18
 496 008b 00       		.byte	0
 497 008c 00       		.byte	0
 498 008d 00       		.byte	0
 499              		.section	.debug_aranges,"",%progbits
 500 0000 34000000 		.4byte	0x34
 501 0004 0200     		.2byte	0x2
 502 0006 00000000 		.4byte	.Ldebug_info0
 503 000a 04       		.byte	0x4
 504 000b 00       		.byte	0
 505 000c 0000     		.2byte	0
 506 000e 0000     		.2byte	0
 507 0010 00000000 		.4byte	.LFB0
 508 0014 24000000 		.4byte	.LFE0-.LFB0
 509 0018 00000000 		.4byte	.LFB1
 510 001c 20000000 		.4byte	.LFE1-.LFB1
 511 0020 00000000 		.4byte	.LFB2
 512 0024 34000000 		.4byte	.LFE2-.LFB2
 513 0028 00000000 		.4byte	.LFB3
 514 002c 1C000000 		.4byte	.LFE3-.LFB3
 515 0030 00000000 		.4byte	0
 516 0034 00000000 		.4byte	0
 517              		.section	.debug_ranges,"",%progbits
 518              	.Ldebug_ranges0:
 519 0000 00000000 		.4byte	.LFB0
 520 0004 24000000 		.4byte	.LFE0
 521 0008 00000000 		.4byte	.LFB1
 522 000c 20000000 		.4byte	.LFE1
ARM GAS  C:\Users\klabu\AppData\Local\Temp\ccFsqyJ3.s 			page 13


 523 0010 00000000 		.4byte	.LFB2
 524 0014 34000000 		.4byte	.LFE2
 525 0018 00000000 		.4byte	.LFB3
 526 001c 1C000000 		.4byte	.LFE3
 527 0020 00000000 		.4byte	0
 528 0024 00000000 		.4byte	0
 529              		.section	.debug_line,"",%progbits
 530              	.Ldebug_line0:
 531 0000 B7000000 		.section	.debug_str,"MS",%progbits,1
 531      02006000 
 531      00000201 
 531      FB0E0D00 
 531      01010101 
 532              	.LASF6:
 533 0000 6C6F6E67 		.ascii	"long long int\000"
 533      206C6F6E 
 533      6720696E 
 533      7400
 534              	.LASF27:
 535 000e 433A5C6E 		.ascii	"C:\\notoriOS\\notoriOS.cydsn\000"
 535      6F746F72 
 535      694F535C 
 535      6E6F746F 
 535      72694F53 
 536              	.LASF8:
 537 0029 756E7369 		.ascii	"unsigned int\000"
 537      676E6564 
 537      20696E74 
 537      00
 538              	.LASF1:
 539 0036 756E7369 		.ascii	"unsigned char\000"
 539      676E6564 
 539      20636861 
 539      7200
 540              	.LASF21:
 541 0044 426F7474 		.ascii	"BottleCounter_SaveConfig\000"
 541      6C65436F 
 541      756E7465 
 541      725F5361 
 541      7665436F 
 542              	.LASF26:
 543 005d 47656E65 		.ascii	"Generated_Source\\PSoC5\\BottleCounter_PM.c\000"
 543      72617465 
 543      645F536F 
 543      75726365 
 543      5C50536F 
 544              	.LASF14:
 545 0087 72656738 		.ascii	"reg8\000"
 545      00
 546              	.LASF9:
 547 008c 75696E74 		.ascii	"uint8\000"
 547      3800
 548              	.LASF5:
 549 0092 6C6F6E67 		.ascii	"long unsigned int\000"
 549      20756E73 
 549      69676E65 
 549      6420696E 
ARM GAS  C:\Users\klabu\AppData\Local\Temp\ccFsqyJ3.s 			page 14


 549      7400
 550              	.LASF7:
 551 00a4 6C6F6E67 		.ascii	"long long unsigned int\000"
 551      206C6F6E 
 551      6720756E 
 551      7369676E 
 551      65642069 
 552              	.LASF11:
 553 00bb 666C6F61 		.ascii	"float\000"
 553      7400
 554              	.LASF24:
 555 00c1 426F7474 		.ascii	"BottleCounter_Wakeup\000"
 555      6C65436F 
 555      756E7465 
 555      725F5761 
 555      6B657570 
 556              	.LASF23:
 557 00d6 426F7474 		.ascii	"BottleCounter_Sleep\000"
 557      6C65436F 
 557      756E7465 
 557      725F536C 
 557      65657000 
 558              	.LASF25:
 559 00ea 474E5520 		.ascii	"GNU C11 5.4.1 20160609 (release) [ARM/embedded-5-br"
 559      43313120 
 559      352E342E 
 559      31203230 
 559      31363036 
 560 011d 616E6368 		.ascii	"anch revision 237715] -mcpu=cortex-m3 -mthumb -g -O"
 560      20726576 
 560      6973696F 
 560      6E203233 
 560      37373135 
 561 0150 30202D66 		.ascii	"0 -ffunction-sections -ffat-lto-objects\000"
 561      66756E63 
 561      74696F6E 
 561      2D736563 
 561      74696F6E 
 562              	.LASF19:
 563 0178 436F756E 		.ascii	"CounterControlRegister\000"
 563      74657243 
 563      6F6E7472 
 563      6F6C5265 
 563      67697374 
 564              	.LASF13:
 565 018f 63686172 		.ascii	"char\000"
 565      00
 566              	.LASF4:
 567 0194 6C6F6E67 		.ascii	"long int\000"
 567      20696E74 
 567      00
 568              	.LASF22:
 569 019d 426F7474 		.ascii	"BottleCounter_RestoreConfig\000"
 569      6C65436F 
 569      756E7465 
 569      725F5265 
 569      73746F72 
ARM GAS  C:\Users\klabu\AppData\Local\Temp\ccFsqyJ3.s 			page 15


 570              	.LASF17:
 571 01b9 436F756E 		.ascii	"CounterEnableState\000"
 571      74657245 
 571      6E61626C 
 571      65537461 
 571      746500
 572              	.LASF12:
 573 01cc 646F7562 		.ascii	"double\000"
 573      6C6500
 574              	.LASF20:
 575 01d3 426F7474 		.ascii	"BottleCounter_backupStruct\000"
 575      6C65436F 
 575      756E7465 
 575      725F6261 
 575      636B7570 
 576              	.LASF3:
 577 01ee 73686F72 		.ascii	"short unsigned int\000"
 577      7420756E 
 577      7369676E 
 577      65642069 
 577      6E7400
 578              	.LASF0:
 579 0201 7369676E 		.ascii	"signed char\000"
 579      65642063 
 579      68617200 
 580              	.LASF15:
 581 020d 6C6F6E67 		.ascii	"long double\000"
 581      20646F75 
 581      626C6500 
 582              	.LASF2:
 583 0219 73686F72 		.ascii	"short int\000"
 583      7420696E 
 583      7400
 584              	.LASF10:
 585 0223 75696E74 		.ascii	"uint16\000"
 585      313600
 586              	.LASF18:
 587 022a 436F756E 		.ascii	"CounterUdb\000"
 587      74657255 
 587      646200
 588              	.LASF16:
 589 0235 73697A65 		.ascii	"sizetype\000"
 589      74797065 
 589      00
 590              	.LASF28:
 591 023e 426F7474 		.ascii	"BottleCounter_backup\000"
 591      6C65436F 
 591      756E7465 
 591      725F6261 
 591      636B7570 
 592              		.ident	"GCC: (GNU Tools for ARM Embedded Processors) 5.4.1 20160609 (release) [ARM/embedded-5-bran
