ARM GAS  C:\Users\dantz\AppData\Local\Temp\ccj7LoQt.s 			page 1


   1              		.syntax unified
   2              		.cpu cortex-m3
   3              		.fpu softvfp
   4              		.eabi_attribute 20, 1
   5              		.eabi_attribute 21, 1
   6              		.eabi_attribute 23, 3
   7              		.eabi_attribute 24, 1
   8              		.eabi_attribute 25, 1
   9              		.eabi_attribute 26, 1
  10              		.eabi_attribute 30, 6
  11              		.eabi_attribute 34, 1
  12              		.eabi_attribute 18, 4
  13              		.thumb
  14              		.syntax unified
  15              		.file	"cymetadata.c"
  16              		.text
  17              	.Ltext0:
  18              		.cfi_sections	.debug_frame
  19              		.global	cy_meta_configecc
  20              		.section	.cyconfigecc,"a",%progbits
  21              		.align	2
  22              		.type	cy_meta_configecc, %object
  23              		.size	cy_meta_configecc, 2340
  24              	cy_meta_configecc:
  25 0000 01       		.byte	1
  26 0001 45       		.byte	69
  27 0002 00       		.byte	0
  28 0003 40       		.byte	64
  29 0004 07       		.byte	7
  30 0005 52       		.byte	82
  31 0006 00       		.byte	0
  32 0007 40       		.byte	64
  33 0008 03       		.byte	3
  34 0009 64       		.byte	100
  35 000a 00       		.byte	0
  36 000b 40       		.byte	64
  37 000c 04       		.byte	4
  38 000d 65       		.byte	101
  39 000e 00       		.byte	0
  40 000f 40       		.byte	64
  41 0010 01       		.byte	1
  42 0011 05       		.byte	5
  43 0012 01       		.byte	1
  44 0013 40       		.byte	64
  45 0014 04       		.byte	4
  46 0015 06       		.byte	6
  47 0016 01       		.byte	1
  48 0017 40       		.byte	64
  49 0018 01       		.byte	1
  50 0019 07       		.byte	7
  51 001a 01       		.byte	1
  52 001b 40       		.byte	64
  53 001c 28       		.byte	40
  54 001d 08       		.byte	8
  55 001e 01       		.byte	1
  56 001f 40       		.byte	64
  57 0020 4A       		.byte	74
ARM GAS  C:\Users\dantz\AppData\Local\Temp\ccj7LoQt.s 			page 2


  58 0021 09       		.byte	9
  59 0022 01       		.byte	1
  60 0023 40       		.byte	64
  61 0024 69       		.byte	105
  62 0025 0A       		.byte	10
  63 0026 01       		.byte	1
  64 0027 40       		.byte	64
  65 0028 4B       		.byte	75
  66 0029 0B       		.byte	11
  67 002a 01       		.byte	1
  68 002b 40       		.byte	64
  69 002c 5D       		.byte	93
  70 002d 0C       		.byte	12
  71 002e 01       		.byte	1
  72 002f 40       		.byte	64
  73 0030 34       		.byte	52
  74 0031 0D       		.byte	13
  75 0032 01       		.byte	1
  76 0033 40       		.byte	64
  77 0034 13       		.byte	19
  78 0035 14       		.byte	20
  79 0036 01       		.byte	1
  80 0037 40       		.byte	64
  81 0038 40       		.byte	64
  82 0039 15       		.byte	21
  83 003a 01       		.byte	1
  84 003b 40       		.byte	64
  85 003c 02       		.byte	2
  86 003d 17       		.byte	23
  87 003e 01       		.byte	1
  88 003f 40       		.byte	64
  89 0040 1E       		.byte	30
  90 0041 18       		.byte	24
  91 0042 01       		.byte	1
  92 0043 40       		.byte	64
  93 0044 4C       		.byte	76
  94 0045 19       		.byte	25
  95 0046 01       		.byte	1
  96 0047 40       		.byte	64
  97 0048 4B       		.byte	75
  98 0049 1A       		.byte	26
  99 004a 01       		.byte	1
 100 004b 40       		.byte	64
 101 004c 4D       		.byte	77
 102 004d 1B       		.byte	27
 103 004e 01       		.byte	1
 104 004f 40       		.byte	64
 105 0050 04       		.byte	4
 106 0051 40       		.byte	64
 107 0052 01       		.byte	1
 108 0053 40       		.byte	64
 109 0054 04       		.byte	4
 110 0055 41       		.byte	65
 111 0056 01       		.byte	1
 112 0057 40       		.byte	64
 113 0058 07       		.byte	7
 114 0059 42       		.byte	66
ARM GAS  C:\Users\dantz\AppData\Local\Temp\ccj7LoQt.s 			page 3


 115 005a 01       		.byte	1
 116 005b 40       		.byte	64
 117 005c 09       		.byte	9
 118 005d 43       		.byte	67
 119 005e 01       		.byte	1
 120 005f 40       		.byte	64
 121 0060 02       		.byte	2
 122 0061 44       		.byte	68
 123 0062 01       		.byte	1
 124 0063 40       		.byte	64
 125 0064 03       		.byte	3
 126 0065 45       		.byte	69
 127 0066 01       		.byte	1
 128 0067 40       		.byte	64
 129 0068 09       		.byte	9
 130 0069 46       		.byte	70
 131 006a 01       		.byte	1
 132 006b 40       		.byte	64
 133 006c 03       		.byte	3
 134 006d 47       		.byte	71
 135 006e 01       		.byte	1
 136 006f 40       		.byte	64
 137 0070 07       		.byte	7
 138 0071 48       		.byte	72
 139 0072 01       		.byte	1
 140 0073 40       		.byte	64
 141 0074 0B       		.byte	11
 142 0075 49       		.byte	73
 143 0076 01       		.byte	1
 144 0077 40       		.byte	64
 145 0078 07       		.byte	7
 146 0079 4C       		.byte	76
 147 007a 01       		.byte	1
 148 007b 40       		.byte	64
 149 007c 05       		.byte	5
 150 007d 4D       		.byte	77
 151 007e 01       		.byte	1
 152 007f 40       		.byte	64
 153 0080 06       		.byte	6
 154 0081 50       		.byte	80
 155 0082 01       		.byte	1
 156 0083 40       		.byte	64
 157 0084 01       		.byte	1
 158 0085 51       		.byte	81
 159 0086 01       		.byte	1
 160 0087 40       		.byte	64
 161 0088 1E       		.byte	30
 162 0089 02       		.byte	2
 163 008a 08       		.byte	8
 164 008b 10       		.byte	16
 165 008c 09       		.byte	9
 166 008d 10       		.byte	16
 167 008e 0C       		.byte	12
 168 008f 04       		.byte	4
 169 0090 18       		.byte	24
 170 0091 80       		.byte	-128
 171 0092 19       		.byte	25
ARM GAS  C:\Users\dantz\AppData\Local\Temp\ccj7LoQt.s 			page 4


 172 0093 80       		.byte	-128
 173 0094 1C       		.byte	28
 174 0095 40       		.byte	64
 175 0096 78       		.byte	120
 176 0097 10       		.byte	16
 177 0098 88       		.byte	-120
 178 0099 0F       		.byte	15
 179 009a 8B       		.byte	-117
 180 009b 0F       		.byte	15
 181 009c 8D       		.byte	-115
 182 009d 0F       		.byte	15
 183 009e 84       		.byte	-124
 184 009f 72       		.byte	114
 185 00a0 89       		.byte	-119
 186 00a1 38       		.byte	56
 187 00a2 8A       		.byte	-118
 188 00a3 72       		.byte	114
 189 00a4 8B       		.byte	-117
 190 00a5 38       		.byte	56
 191 00a6 EE       		.byte	-18
 192 00a7 08       		.byte	8
 193 00a8 B9       		.byte	-71
 194 00a9 80       		.byte	-128
 195 00aa BF       		.byte	-65
 196 00ab 40       		.byte	64
 197 00ac D9       		.byte	-39
 198 00ad 04       		.byte	4
 199 00ae DF       		.byte	-33
 200 00af 01       		.byte	1
 201 00b0 20       		.byte	32
 202 00b1 02       		.byte	2
 203 00b2 01       		.byte	1
 204 00b3 10       		.byte	16
 205 00b4 02       		.byte	2
 206 00b5 0C       		.byte	12
 207 00b6 03       		.byte	3
 208 00b7 40       		.byte	64
 209 00b8 04       		.byte	4
 210 00b9 11       		.byte	17
 211 00ba 05       		.byte	5
 212 00bb 0C       		.byte	12
 213 00bc 06       		.byte	6
 214 00bd 0E       		.byte	14
 215 00be 07       		.byte	7
 216 00bf 71       		.byte	113
 217 00c0 0B       		.byte	11
 218 00c1 03       		.byte	3
 219 00c2 11       		.byte	17
 220 00c3 09       		.byte	9
 221 00c4 13       		.byte	19
 222 00c5 D0       		.byte	-48
 223 00c6 14       		.byte	20
 224 00c7 0C       		.byte	12
 225 00c8 16       		.byte	22
 226 00c9 13       		.byte	19
 227 00ca 1C       		.byte	28
 228 00cb 11       		.byte	17
ARM GAS  C:\Users\dantz\AppData\Local\Temp\ccj7LoQt.s 			page 5


 229 00cc 1E       		.byte	30
 230 00cd 06       		.byte	6
 231 00ce 20       		.byte	32
 232 00cf 40       		.byte	64
 233 00d0 21       		.byte	33
 234 00d1 10       		.byte	16
 235 00d2 23       		.byte	35
 236 00d3 AC       		.byte	-84
 237 00d4 24       		.byte	36
 238 00d5 20       		.byte	32
 239 00d6 26       		.byte	38
 240 00d7 03       		.byte	3
 241 00d8 27       		.byte	39
 242 00d9 20       		.byte	32
 243 00da 29       		.byte	41
 244 00db DC       		.byte	-36
 245 00dc 2B       		.byte	43
 246 00dd 22       		.byte	34
 247 00de 2D       		.byte	45
 248 00df 14       		.byte	20
 249 00e0 2E       		.byte	46
 250 00e1 08       		.byte	8
 251 00e2 30       		.byte	48
 252 00e3 30       		.byte	48
 253 00e4 32       		.byte	50
 254 00e5 0F       		.byte	15
 255 00e6 33       		.byte	51
 256 00e7 E0       		.byte	-32
 257 00e8 34       		.byte	52
 258 00e9 40       		.byte	64
 259 00ea 35       		.byte	53
 260 00eb 1F       		.byte	31
 261 00ec 38       		.byte	56
 262 00ed 02       		.byte	2
 263 00ee 3A       		.byte	58
 264 00ef 08       		.byte	8
 265 00f0 3B       		.byte	59
 266 00f1 08       		.byte	8
 267 00f2 3E       		.byte	62
 268 00f3 10       		.byte	16
 269 00f4 54       		.byte	84
 270 00f5 01       		.byte	1
 271 00f6 58       		.byte	88
 272 00f7 04       		.byte	4
 273 00f8 59       		.byte	89
 274 00f9 04       		.byte	4
 275 00fa 5B       		.byte	91
 276 00fb 04       		.byte	4
 277 00fc 5C       		.byte	92
 278 00fd 22       		.byte	34
 279 00fe 5D       		.byte	93
 280 00ff 20       		.byte	32
 281 0100 5F       		.byte	95
 282 0101 01       		.byte	1
 283 0102 00       		.byte	0
 284 0103 90       		.byte	-112
 285 0104 01       		.byte	1
ARM GAS  C:\Users\dantz\AppData\Local\Temp\ccj7LoQt.s 			page 6


 286 0105 04       		.byte	4
 287 0106 03       		.byte	3
 288 0107 80       		.byte	-128
 289 0108 05       		.byte	5
 290 0109 01       		.byte	1
 291 010a 07       		.byte	7
 292 010b 10       		.byte	16
 293 010c 09       		.byte	9
 294 010d 10       		.byte	16
 295 010e 0A       		.byte	10
 296 010f 81       		.byte	-127
 297 0110 0C       		.byte	12
 298 0111 40       		.byte	64
 299 0112 0E       		.byte	14
 300 0113 10       		.byte	16
 301 0114 11       		.byte	17
 302 0115 10       		.byte	16
 303 0116 12       		.byte	18
 304 0117 60       		.byte	96
 305 0118 13       		.byte	19
 306 0119 40       		.byte	64
 307 011a 14       		.byte	20
 308 011b 10       		.byte	16
 309 011c 15       		.byte	21
 310 011d 01       		.byte	1
 311 011e 16       		.byte	22
 312 011f 0A       		.byte	10
 313 0120 17       		.byte	23
 314 0121 20       		.byte	32
 315 0122 1B       		.byte	27
 316 0123 91       		.byte	-111
 317 0124 1D       		.byte	29
 318 0125 01       		.byte	1
 319 0126 1E       		.byte	30
 320 0127 18       		.byte	24
 321 0128 20       		.byte	32
 322 0129 20       		.byte	32
 323 012a 21       		.byte	33
 324 012b 08       		.byte	8
 325 012c 22       		.byte	34
 326 012d 02       		.byte	2
 327 012e 23       		.byte	35
 328 012f 11       		.byte	17
 329 0130 25       		.byte	37
 330 0131 14       		.byte	20
 331 0132 27       		.byte	39
 332 0133 10       		.byte	16
 333 0134 2C       		.byte	44
 334 0135 50       		.byte	80
 335 0136 2E       		.byte	46
 336 0137 10       		.byte	16
 337 0138 2F       		.byte	47
 338 0139 02       		.byte	2
 339 013a 30       		.byte	48
 340 013b 28       		.byte	40
 341 013c 32       		.byte	50
 342 013d 02       		.byte	2
ARM GAS  C:\Users\dantz\AppData\Local\Temp\ccj7LoQt.s 			page 7


 343 013e 35       		.byte	53
 344 013f 09       		.byte	9
 345 0140 36       		.byte	54
 346 0141 08       		.byte	8
 347 0142 38       		.byte	56
 348 0143 80       		.byte	-128
 349 0144 3B       		.byte	59
 350 0145 10       		.byte	16
 351 0146 3D       		.byte	61
 352 0147 2A       		.byte	42
 353 0148 3E       		.byte	62
 354 0149 02       		.byte	2
 355 014a 40       		.byte	64
 356 014b 80       		.byte	-128
 357 014c 41       		.byte	65
 358 014d 54       		.byte	84
 359 014e 49       		.byte	73
 360 014f 06       		.byte	6
 361 0150 4B       		.byte	75
 362 0151 42       		.byte	66
 363 0152 52       		.byte	82
 364 0153 50       		.byte	80
 365 0154 53       		.byte	83
 366 0155 08       		.byte	8
 367 0156 5D       		.byte	93
 368 0157 01       		.byte	1
 369 0158 5E       		.byte	94
 370 0159 48       		.byte	72
 371 015a 5F       		.byte	95
 372 015b 20       		.byte	32
 373 015c 62       		.byte	98
 374 015d 50       		.byte	80
 375 015e 63       		.byte	99
 376 015f 20       		.byte	32
 377 0160 90       		.byte	-112
 378 0161 10       		.byte	16
 379 0162 91       		.byte	-111
 380 0163 1E       		.byte	30
 381 0164 92       		.byte	-110
 382 0165 C9       		.byte	-55
 383 0166 93       		.byte	-109
 384 0167 40       		.byte	64
 385 0168 96       		.byte	-106
 386 0169 10       		.byte	16
 387 016a 98       		.byte	-104
 388 016b D0       		.byte	-48
 389 016c 99       		.byte	-103
 390 016d 40       		.byte	64
 391 016e 9D       		.byte	-99
 392 016f 0F       		.byte	15
 393 0170 9E       		.byte	-98
 394 0171 08       		.byte	8
 395 0172 9F       		.byte	-97
 396 0173 12       		.byte	18
 397 0174 A0       		.byte	-96
 398 0175 40       		.byte	64
 399 0176 A1       		.byte	-95
ARM GAS  C:\Users\dantz\AppData\Local\Temp\ccj7LoQt.s 			page 8


 400 0177 01       		.byte	1
 401 0178 A6       		.byte	-90
 402 0179 A8       		.byte	-88
 403 017a A7       		.byte	-89
 404 017b 09       		.byte	9
 405 017c B0       		.byte	-80
 406 017d 04       		.byte	4
 407 017e B6       		.byte	-74
 408 017f 04       		.byte	4
 409 0180 B7       		.byte	-73
 410 0181 01       		.byte	1
 411 0182 C0       		.byte	-64
 412 0183 3F       		.byte	63
 413 0184 C2       		.byte	-62
 414 0185 AB       		.byte	-85
 415 0186 C4       		.byte	-60
 416 0187 BF       		.byte	-65
 417 0188 CA       		.byte	-54
 418 0189 F0       		.byte	-16
 419 018a CC       		.byte	-52
 420 018b 87       		.byte	-121
 421 018c CE       		.byte	-50
 422 018d EC       		.byte	-20
 423 018e D0       		.byte	-48
 424 018f 0F       		.byte	15
 425 0190 D2       		.byte	-46
 426 0191 08       		.byte	8
 427 0192 D6       		.byte	-42
 428 0193 F0       		.byte	-16
 429 0194 D8       		.byte	-40
 430 0195 0E       		.byte	14
 431 0196 01       		.byte	1
 432 0197 01       		.byte	1
 433 0198 05       		.byte	5
 434 0199 A2       		.byte	-94
 435 019a 06       		.byte	6
 436 019b 01       		.byte	1
 437 019c 07       		.byte	7
 438 019d 08       		.byte	8
 439 019e 09       		.byte	9
 440 019f 04       		.byte	4
 441 01a0 0A       		.byte	10
 442 01a1 03       		.byte	3
 443 01a2 0C       		.byte	12
 444 01a3 04       		.byte	4
 445 01a4 0D       		.byte	13
 446 01a5 08       		.byte	8
 447 01a6 0E       		.byte	14
 448 01a7 01       		.byte	1
 449 01a8 0F       		.byte	15
 450 01a9 61       		.byte	97
 451 01aa 15       		.byte	21
 452 01ab 01       		.byte	1
 453 01ac 19       		.byte	25
 454 01ad 07       		.byte	7
 455 01ae 1B       		.byte	27
 456 01af D8       		.byte	-40
ARM GAS  C:\Users\dantz\AppData\Local\Temp\ccj7LoQt.s 			page 9


 457 01b0 1D       		.byte	29
 458 01b1 01       		.byte	1
 459 01b2 21       		.byte	33
 460 01b3 10       		.byte	16
 461 01b4 24       		.byte	36
 462 01b5 07       		.byte	7
 463 01b6 25       		.byte	37
 464 01b7 01       		.byte	1
 465 01b8 28       		.byte	40
 466 01b9 07       		.byte	7
 467 01ba 2B       		.byte	43
 468 01bb 40       		.byte	64
 469 01bc 2D       		.byte	45
 470 01bd 01       		.byte	1
 471 01be 30       		.byte	48
 472 01bf 01       		.byte	1
 473 01c0 31       		.byte	49
 474 01c1 08       		.byte	8
 475 01c2 34       		.byte	52
 476 01c3 06       		.byte	6
 477 01c4 35       		.byte	53
 478 01c5 E0       		.byte	-32
 479 01c6 37       		.byte	55
 480 01c7 3F       		.byte	63
 481 01c8 38       		.byte	56
 482 01c9 20       		.byte	32
 483 01ca 39       		.byte	57
 484 01cb 80       		.byte	-128
 485 01cc 3E       		.byte	62
 486 01cd 11       		.byte	17
 487 01ce 3F       		.byte	63
 488 01cf 41       		.byte	65
 489 01d0 40       		.byte	64
 490 01d1 02       		.byte	2
 491 01d2 47       		.byte	71
 492 01d3 04       		.byte	4
 493 01d4 49       		.byte	73
 494 01d5 FF       		.byte	-1
 495 01d6 4A       		.byte	74
 496 01d7 07       		.byte	7
 497 01d8 4B       		.byte	75
 498 01d9 FF       		.byte	-1
 499 01da 4C       		.byte	76
 500 01db 40       		.byte	64
 501 01dc 4D       		.byte	77
 502 01dd 20       		.byte	32
 503 01de 4E       		.byte	78
 504 01df F0       		.byte	-16
 505 01e0 4F       		.byte	79
 506 01e1 05       		.byte	5
 507 01e2 50       		.byte	80
 508 01e3 08       		.byte	8
 509 01e4 54       		.byte	84
 510 01e5 09       		.byte	9
 511 01e6 58       		.byte	88
 512 01e7 04       		.byte	4
 513 01e8 59       		.byte	89
ARM GAS  C:\Users\dantz\AppData\Local\Temp\ccj7LoQt.s 			page 10


 514 01e9 04       		.byte	4
 515 01ea 5A       		.byte	90
 516 01eb 04       		.byte	4
 517 01ec 5B       		.byte	91
 518 01ed 04       		.byte	4
 519 01ee 5D       		.byte	93
 520 01ef 03       		.byte	3
 521 01f0 5F       		.byte	95
 522 01f1 01       		.byte	1
 523 01f2 60       		.byte	96
 524 01f3 40       		.byte	64
 525 01f4 61       		.byte	97
 526 01f5 A8       		.byte	-88
 527 01f6 62       		.byte	98
 528 01f7 40       		.byte	64
 529 01f8 63       		.byte	99
 530 01f9 20       		.byte	32
 531 01fa 82       		.byte	-126
 532 01fb 08       		.byte	8
 533 01fc 84       		.byte	-124
 534 01fd 73       		.byte	115
 535 01fe 85       		.byte	-123
 536 01ff 13       		.byte	19
 537 0200 86       		.byte	-122
 538 0201 04       		.byte	4
 539 0202 87       		.byte	-121
 540 0203 E4       		.byte	-28
 541 0204 88       		.byte	-120
 542 0205 03       		.byte	3
 543 0206 89       		.byte	-119
 544 0207 13       		.byte	19
 545 0208 8A       		.byte	-118
 546 0209 14       		.byte	20
 547 020a 8B       		.byte	-117
 548 020b 6C       		.byte	108
 549 020c 91       		.byte	-111
 550 020d CA       		.byte	-54
 551 020e 93       		.byte	-109
 552 020f 34       		.byte	52
 553 0210 94       		.byte	-108
 554 0211 4A       		.byte	74
 555 0212 96       		.byte	-106
 556 0213 14       		.byte	20
 557 0214 97       		.byte	-105
 558 0215 C8       		.byte	-56
 559 0216 9B       		.byte	-101
 560 0217 35       		.byte	53
 561 0218 9C       		.byte	-100
 562 0219 73       		.byte	115
 563 021a 9E       		.byte	-98
 564 021b 0C       		.byte	12
 565 021c A5       		.byte	-91
 566 021d 03       		.byte	3
 567 021e A6       		.byte	-90
 568 021f 35       		.byte	53
 569 0220 A7       		.byte	-89
 570 0221 04       		.byte	4
ARM GAS  C:\Users\dantz\AppData\Local\Temp\ccj7LoQt.s 			page 11


 571 0222 A8       		.byte	-88
 572 0223 80       		.byte	-128
 573 0224 AB       		.byte	-85
 574 0225 80       		.byte	-128
 575 0226 B0       		.byte	-80
 576 0227 10       		.byte	16
 577 0228 B2       		.byte	-78
 578 0229 60       		.byte	96
 579 022a B3       		.byte	-77
 580 022b A8       		.byte	-88
 581 022c B4       		.byte	-76
 582 022d 80       		.byte	-128
 583 022e B5       		.byte	-75
 584 022f 0F       		.byte	15
 585 0230 B6       		.byte	-74
 586 0231 0F       		.byte	15
 587 0232 B7       		.byte	-73
 588 0233 F0       		.byte	-16
 589 0234 B8       		.byte	-72
 590 0235 08       		.byte	8
 591 0236 BA       		.byte	-70
 592 0237 80       		.byte	-128
 593 0238 BB       		.byte	-69
 594 0239 A8       		.byte	-88
 595 023a BE       		.byte	-66
 596 023b 15       		.byte	21
 597 023c C0       		.byte	-64
 598 023d 03       		.byte	3
 599 023e C7       		.byte	-57
 600 023f 40       		.byte	64
 601 0240 C9       		.byte	-55
 602 0241 FF       		.byte	-1
 603 0242 CA       		.byte	-54
 604 0243 07       		.byte	7
 605 0244 CB       		.byte	-53
 606 0245 FF       		.byte	-1
 607 0246 CC       		.byte	-52
 608 0247 40       		.byte	64
 609 0248 CD       		.byte	-51
 610 0249 20       		.byte	32
 611 024a CE       		.byte	-50
 612 024b F0       		.byte	-16
 613 024c CF       		.byte	-49
 614 024d 05       		.byte	5
 615 024e D0       		.byte	-48
 616 024f 08       		.byte	8
 617 0250 D4       		.byte	-44
 618 0251 01       		.byte	1
 619 0252 D8       		.byte	-40
 620 0253 04       		.byte	4
 621 0254 D9       		.byte	-39
 622 0255 04       		.byte	4
 623 0256 DA       		.byte	-38
 624 0257 04       		.byte	4
 625 0258 DB       		.byte	-37
 626 0259 04       		.byte	4
 627 025a DC       		.byte	-36
ARM GAS  C:\Users\dantz\AppData\Local\Temp\ccj7LoQt.s 			page 12


 628 025b 32       		.byte	50
 629 025c DD       		.byte	-35
 630 025d 32       		.byte	50
 631 025e DF       		.byte	-33
 632 025f 01       		.byte	1
 633 0260 E0       		.byte	-32
 634 0261 40       		.byte	64
 635 0262 E1       		.byte	-31
 636 0263 A8       		.byte	-88
 637 0264 E2       		.byte	-30
 638 0265 40       		.byte	64
 639 0266 E3       		.byte	-29
 640 0267 20       		.byte	32
 641 0268 00       		.byte	0
 642 0269 20       		.byte	32
 643 026a 01       		.byte	1
 644 026b 20       		.byte	32
 645 026c 03       		.byte	3
 646 026d 21       		.byte	33
 647 026e 05       		.byte	5
 648 026f 01       		.byte	1
 649 0270 06       		.byte	6
 650 0271 08       		.byte	8
 651 0272 07       		.byte	7
 652 0273 10       		.byte	16
 653 0274 0C       		.byte	12
 654 0275 40       		.byte	64
 655 0276 0E       		.byte	14
 656 0277 12       		.byte	18
 657 0278 11       		.byte	17
 658 0279 28       		.byte	40
 659 027a 14       		.byte	20
 660 027b 10       		.byte	16
 661 027c 16       		.byte	22
 662 027d 14       		.byte	20
 663 027e 18       		.byte	24
 664 027f 44       		.byte	68
 665 0280 1D       		.byte	29
 666 0281 08       		.byte	8
 667 0282 1E       		.byte	30
 668 0283 4A       		.byte	74
 669 0284 20       		.byte	32
 670 0285 09       		.byte	9
 671 0286 23       		.byte	35
 672 0287 80       		.byte	-128
 673 0288 25       		.byte	37
 674 0289 14       		.byte	20
 675 028a 27       		.byte	39
 676 028b 01       		.byte	1
 677 028c 29       		.byte	41
 678 028d 5A       		.byte	90
 679 028e 2F       		.byte	47
 680 028f 24       		.byte	36
 681 0290 32       		.byte	50
 682 0291 64       		.byte	100
 683 0292 35       		.byte	53
 684 0293 20       		.byte	32
ARM GAS  C:\Users\dantz\AppData\Local\Temp\ccj7LoQt.s 			page 13


 685 0294 37       		.byte	55
 686 0295 09       		.byte	9
 687 0296 39       		.byte	57
 688 0297 2A       		.byte	42
 689 0298 3B       		.byte	59
 690 0299 40       		.byte	64
 691 029a 3D       		.byte	61
 692 029b 28       		.byte	40
 693 029c 40       		.byte	64
 694 029d 24       		.byte	36
 695 029e 43       		.byte	67
 696 029f 08       		.byte	8
 697 02a0 45       		.byte	69
 698 02a1 08       		.byte	8
 699 02a2 48       		.byte	72
 700 02a3 14       		.byte	20
 701 02a4 49       		.byte	73
 702 02a5 10       		.byte	16
 703 02a6 50       		.byte	80
 704 02a7 04       		.byte	4
 705 02a8 53       		.byte	83
 706 02a9 04       		.byte	4
 707 02aa 55       		.byte	85
 708 02ab 01       		.byte	1
 709 02ac 56       		.byte	86
 710 02ad 10       		.byte	16
 711 02ae 58       		.byte	88
 712 02af 20       		.byte	32
 713 02b0 59       		.byte	89
 714 02b1 04       		.byte	4
 715 02b2 5B       		.byte	91
 716 02b3 82       		.byte	-126
 717 02b4 5C       		.byte	92
 718 02b5 40       		.byte	64
 719 02b6 5E       		.byte	94
 720 02b7 28       		.byte	40
 721 02b8 5F       		.byte	95
 722 02b9 01       		.byte	1
 723 02ba 61       		.byte	97
 724 02bb 80       		.byte	-128
 725 02bc 7A       		.byte	122
 726 02bd 10       		.byte	16
 727 02be 7B       		.byte	123
 728 02bf 20       		.byte	32
 729 02c0 8B       		.byte	-117
 730 02c1 01       		.byte	1
 731 02c2 90       		.byte	-112
 732 02c3 10       		.byte	16
 733 02c4 91       		.byte	-111
 734 02c5 3E       		.byte	62
 735 02c6 92       		.byte	-110
 736 02c7 89       		.byte	-119
 737 02c8 93       		.byte	-109
 738 02c9 40       		.byte	64
 739 02ca 94       		.byte	-108
 740 02cb 09       		.byte	9
 741 02cc 98       		.byte	-104
ARM GAS  C:\Users\dantz\AppData\Local\Temp\ccj7LoQt.s 			page 14


 742 02cd 80       		.byte	-128
 743 02ce 99       		.byte	-103
 744 02cf 40       		.byte	64
 745 02d0 9A       		.byte	-102
 746 02d1 04       		.byte	4
 747 02d2 9B       		.byte	-101
 748 02d3 08       		.byte	8
 749 02d4 9D       		.byte	-99
 750 02d5 22       		.byte	34
 751 02d6 9F       		.byte	-97
 752 02d7 01       		.byte	1
 753 02d8 A0       		.byte	-96
 754 02d9 40       		.byte	64
 755 02da A1       		.byte	-95
 756 02db 80       		.byte	-128
 757 02dc A3       		.byte	-93
 758 02dd 20       		.byte	32
 759 02de A5       		.byte	-91
 760 02df 14       		.byte	20
 761 02e0 A6       		.byte	-90
 762 02e1 A8       		.byte	-88
 763 02e2 A7       		.byte	-89
 764 02e3 08       		.byte	8
 765 02e4 A8       		.byte	-88
 766 02e5 80       		.byte	-128
 767 02e6 AF       		.byte	-81
 768 02e7 80       		.byte	-128
 769 02e8 B6       		.byte	-74
 770 02e9 12       		.byte	18
 771 02ea C0       		.byte	-64
 772 02eb 77       		.byte	119
 773 02ec C2       		.byte	-62
 774 02ed A0       		.byte	-96
 775 02ee C4       		.byte	-60
 776 02ef 66       		.byte	102
 777 02f0 CA       		.byte	-54
 778 02f1 6F       		.byte	111
 779 02f2 CC       		.byte	-52
 780 02f3 EE       		.byte	-18
 781 02f4 CE       		.byte	-50
 782 02f5 6F       		.byte	111
 783 02f6 D0       		.byte	-48
 784 02f7 44       		.byte	68
 785 02f8 D6       		.byte	-42
 786 02f9 FF       		.byte	-1
 787 02fa D8       		.byte	-40
 788 02fb 08       		.byte	8
 789 02fc EE       		.byte	-18
 790 02fd 01       		.byte	1
 791 02fe 02       		.byte	2
 792 02ff 20       		.byte	32
 793 0300 04       		.byte	4
 794 0301 10       		.byte	16
 795 0302 05       		.byte	5
 796 0303 01       		.byte	1
 797 0304 08       		.byte	8
 798 0305 09       		.byte	9
ARM GAS  C:\Users\dantz\AppData\Local\Temp\ccj7LoQt.s 			page 15


 799 0306 09       		.byte	9
 800 0307 01       		.byte	1
 801 0308 0A       		.byte	10
 802 0309 10       		.byte	16
 803 030a 10       		.byte	16
 804 030b 20       		.byte	32
 805 030c 12       		.byte	18
 806 030d 03       		.byte	3
 807 030e 13       		.byte	19
 808 030f 01       		.byte	1
 809 0310 1C       		.byte	28
 810 0311 14       		.byte	20
 811 0312 20       		.byte	32
 812 0313 1C       		.byte	28
 813 0314 22       		.byte	34
 814 0315 02       		.byte	2
 815 0316 24       		.byte	36
 816 0317 0C       		.byte	12
 817 0318 26       		.byte	38
 818 0319 11       		.byte	17
 819 031a 28       		.byte	40
 820 031b 10       		.byte	16
 821 031c 29       		.byte	41
 822 031d 02       		.byte	2
 823 031e 2A       		.byte	42
 824 031f 0C       		.byte	12
 825 0320 30       		.byte	48
 826 0321 1F       		.byte	31
 827 0322 35       		.byte	53
 828 0323 03       		.byte	3
 829 0324 36       		.byte	54
 830 0325 20       		.byte	32
 831 0326 39       		.byte	57
 832 0327 20       		.byte	32
 833 0328 3E       		.byte	62
 834 0329 40       		.byte	64
 835 032a 40       		.byte	64
 836 032b 26       		.byte	38
 837 032c 41       		.byte	65
 838 032d 03       		.byte	3
 839 032e 46       		.byte	70
 840 032f C0       		.byte	-64
 841 0330 47       		.byte	71
 842 0331 BE       		.byte	-66
 843 0332 48       		.byte	72
 844 0333 38       		.byte	56
 845 0334 49       		.byte	73
 846 0335 FF       		.byte	-1
 847 0336 4A       		.byte	74
 848 0337 FF       		.byte	-1
 849 0338 4B       		.byte	75
 850 0339 FF       		.byte	-1
 851 033a 4E       		.byte	78
 852 033b F0       		.byte	-16
 853 033c 4F       		.byte	79
 854 033d 44       		.byte	68
 855 033e 50       		.byte	80
ARM GAS  C:\Users\dantz\AppData\Local\Temp\ccj7LoQt.s 			page 16


 856 033f 0C       		.byte	12
 857 0340 58       		.byte	88
 858 0341 04       		.byte	4
 859 0342 59       		.byte	89
 860 0343 04       		.byte	4
 861 0344 5A       		.byte	90
 862 0345 04       		.byte	4
 863 0346 5B       		.byte	91
 864 0347 04       		.byte	4
 865 0348 5C       		.byte	92
 866 0349 33       		.byte	51
 867 034a 5D       		.byte	93
 868 034b 03       		.byte	3
 869 034c 5F       		.byte	95
 870 034d 01       		.byte	1
 871 034e 66       		.byte	102
 872 034f C0       		.byte	-64
 873 0350 6A       		.byte	106
 874 0351 40       		.byte	64
 875 0352 6B       		.byte	107
 876 0353 02       		.byte	2
 877 0354 81       		.byte	-127
 878 0355 80       		.byte	-128
 879 0356 82       		.byte	-126
 880 0357 9F       		.byte	-97
 881 0358 84       		.byte	-124
 882 0359 C0       		.byte	-64
 883 035a 85       		.byte	-123
 884 035b 42       		.byte	66
 885 035c 86       		.byte	-122
 886 035d 04       		.byte	4
 887 035e 87       		.byte	-121
 888 035f 04       		.byte	4
 889 0360 88       		.byte	-120
 890 0361 80       		.byte	-128
 891 0362 89       		.byte	-119
 892 0363 01       		.byte	1
 893 0364 8B       		.byte	-117
 894 0365 5E       		.byte	94
 895 0366 8C       		.byte	-116
 896 0367 C0       		.byte	-64
 897 0368 8D       		.byte	-115
 898 0369 39       		.byte	57
 899 036a 8E       		.byte	-114
 900 036b 02       		.byte	2
 901 036c 8F       		.byte	-113
 902 036d 06       		.byte	6
 903 036e 90       		.byte	-112
 904 036f 90       		.byte	-112
 905 0370 92       		.byte	-110
 906 0371 40       		.byte	64
 907 0372 93       		.byte	-109
 908 0373 46       		.byte	70
 909 0374 94       		.byte	-108
 910 0375 7F       		.byte	127
 911 0376 95       		.byte	-107
 912 0377 42       		.byte	66
ARM GAS  C:\Users\dantz\AppData\Local\Temp\ccj7LoQt.s 			page 17


 913 0378 96       		.byte	-106
 914 0379 80       		.byte	-128
 915 037a 99       		.byte	-103
 916 037b 77       		.byte	119
 917 037c 9A       		.byte	-102
 918 037d 60       		.byte	96
 919 037e 9B       		.byte	-101
 920 037f 08       		.byte	8
 921 0380 9C       		.byte	-100
 922 0381 C0       		.byte	-64
 923 0382 9D       		.byte	-99
 924 0383 46       		.byte	70
 925 0384 9E       		.byte	-98
 926 0385 01       		.byte	1
 927 0386 A1       		.byte	-95
 928 0387 46       		.byte	70
 929 0388 A4       		.byte	-92
 930 0389 1F       		.byte	31
 931 038a A5       		.byte	-91
 932 038b 80       		.byte	-128
 933 038c A6       		.byte	-90
 934 038d 20       		.byte	32
 935 038e A8       		.byte	-88
 936 038f C0       		.byte	-64
 937 0390 A9       		.byte	-87
 938 0391 04       		.byte	4
 939 0392 AA       		.byte	-86
 940 0393 08       		.byte	8
 941 0394 AB       		.byte	-85
 942 0395 20       		.byte	32
 943 0396 AD       		.byte	-83
 944 0397 46       		.byte	70
 945 0398 AE       		.byte	-82
 946 0399 FF       		.byte	-1
 947 039a B1       		.byte	-79
 948 039b 0F       		.byte	15
 949 039c B2       		.byte	-78
 950 039d FF       		.byte	-1
 951 039e B3       		.byte	-77
 952 039f 70       		.byte	112
 953 03a0 B5       		.byte	-75
 954 03a1 80       		.byte	-128
 955 03a2 B7       		.byte	-73
 956 03a3 01       		.byte	1
 957 03a4 B9       		.byte	-71
 958 03a5 22       		.byte	34
 959 03a6 BB       		.byte	-69
 960 03a7 0C       		.byte	12
 961 03a8 BE       		.byte	-66
 962 03a9 04       		.byte	4
 963 03aa BF       		.byte	-65
 964 03ab 40       		.byte	64
 965 03ac D6       		.byte	-42
 966 03ad 02       		.byte	2
 967 03ae D7       		.byte	-41
 968 03af 20       		.byte	32
 969 03b0 D8       		.byte	-40
ARM GAS  C:\Users\dantz\AppData\Local\Temp\ccj7LoQt.s 			page 18


 970 03b1 04       		.byte	4
 971 03b2 D9       		.byte	-39
 972 03b3 04       		.byte	4
 973 03b4 DB       		.byte	-37
 974 03b5 04       		.byte	4
 975 03b6 DF       		.byte	-33
 976 03b7 01       		.byte	1
 977 03b8 00       		.byte	0
 978 03b9 80       		.byte	-128
 979 03ba 01       		.byte	1
 980 03bb 86       		.byte	-122
 981 03bc 02       		.byte	2
 982 03bd 08       		.byte	8
 983 03be 04       		.byte	4
 984 03bf 0A       		.byte	10
 985 03c0 07       		.byte	7
 986 03c1 08       		.byte	8
 987 03c2 09       		.byte	9
 988 03c3 08       		.byte	8
 989 03c4 0A       		.byte	10
 990 03c5 81       		.byte	-127
 991 03c6 0B       		.byte	11
 992 03c7 04       		.byte	4
 993 03c8 0E       		.byte	14
 994 03c9 80       		.byte	-128
 995 03ca 0F       		.byte	15
 996 03cb 02       		.byte	2
 997 03cc 11       		.byte	17
 998 03cd 10       		.byte	16
 999 03ce 12       		.byte	18
 1000 03cf 20       		.byte	32
 1001 03d0 13       		.byte	19
 1002 03d1 40       		.byte	64
 1003 03d2 17       		.byte	23
 1004 03d3 15       		.byte	21
 1005 03d4 19       		.byte	25
 1006 03d5 04       		.byte	4
 1007 03d6 1E       		.byte	30
 1008 03d7 80       		.byte	-128
 1009 03d8 1F       		.byte	31
 1010 03d9 80       		.byte	-128
 1011 03da 20       		.byte	32
 1012 03db 10       		.byte	16
 1013 03dc 21       		.byte	33
 1014 03dd 9C       		.byte	-100
 1015 03de 23       		.byte	35
 1016 03df 44       		.byte	68
 1017 03e0 27       		.byte	39
 1018 03e1 08       		.byte	8
 1019 03e2 29       		.byte	41
 1020 03e3 84       		.byte	-124
 1021 03e4 2A       		.byte	42
 1022 03e5 02       		.byte	2
 1023 03e6 2B       		.byte	43
 1024 03e7 08       		.byte	8
 1025 03e8 2D       		.byte	45
 1026 03e9 20       		.byte	32
ARM GAS  C:\Users\dantz\AppData\Local\Temp\ccj7LoQt.s 			page 19


 1027 03ea 32       		.byte	50
 1028 03eb 6A       		.byte	106
 1029 03ec 37       		.byte	55
 1030 03ed 01       		.byte	1
 1031 03ee 38       		.byte	56
 1032 03ef 11       		.byte	17
 1033 03f0 39       		.byte	57
 1034 03f1 04       		.byte	4
 1035 03f2 3B       		.byte	59
 1036 03f3 40       		.byte	64
 1037 03f4 3D       		.byte	61
 1038 03f5 28       		.byte	40
 1039 03f6 45       		.byte	69
 1040 03f7 14       		.byte	20
 1041 03f8 47       		.byte	71
 1042 03f9 14       		.byte	20
 1043 03fa 4D       		.byte	77
 1044 03fb 20       		.byte	32
 1045 03fc 56       		.byte	86
 1046 03fd 04       		.byte	4
 1047 03fe 57       		.byte	87
 1048 03ff 21       		.byte	33
 1049 0400 62       		.byte	98
 1050 0401 80       		.byte	-128
 1051 0402 68       		.byte	104
 1052 0403 40       		.byte	64
 1053 0404 69       		.byte	105
 1054 0405 16       		.byte	22
 1055 0406 6A       		.byte	106
 1056 0407 98       		.byte	-104
 1057 0408 6C       		.byte	108
 1058 0409 01       		.byte	1
 1059 040a 71       		.byte	113
 1060 040b 40       		.byte	64
 1061 040c 72       		.byte	114
 1062 040d 03       		.byte	3
 1063 040e C0       		.byte	-64
 1064 040f 7F       		.byte	127
 1065 0410 C2       		.byte	-62
 1066 0411 9F       		.byte	-97
 1067 0412 C4       		.byte	-60
 1068 0413 77       		.byte	119
 1069 0414 CA       		.byte	-54
 1070 0415 2F       		.byte	47
 1071 0416 CC       		.byte	-52
 1072 0417 8F       		.byte	-113
 1073 0418 CE       		.byte	-50
 1074 0419 6F       		.byte	111
 1075 041a D0       		.byte	-48
 1076 041b 60       		.byte	96
 1077 041c D2       		.byte	-46
 1078 041d 20       		.byte	32
 1079 041e D8       		.byte	-40
 1080 041f 08       		.byte	8
 1081 0420 84       		.byte	-124
 1082 0421 01       		.byte	1
 1083 0422 86       		.byte	-122
ARM GAS  C:\Users\dantz\AppData\Local\Temp\ccj7LoQt.s 			page 20


 1084 0423 0E       		.byte	14
 1085 0424 94       		.byte	-108
 1086 0425 22       		.byte	34
 1087 0426 96       		.byte	-106
 1088 0427 51       		.byte	81
 1089 0428 9C       		.byte	-100
 1090 0429 44       		.byte	68
 1091 042a 9E       		.byte	-98
 1092 042b 31       		.byte	49
 1093 042c A4       		.byte	-92
 1094 042d E7       		.byte	-25
 1095 042e A8       		.byte	-88
 1096 042f E7       		.byte	-25
 1097 0430 AC       		.byte	-84
 1098 0431 80       		.byte	-128
 1099 0432 B0       		.byte	-80
 1100 0433 18       		.byte	24
 1101 0434 B2       		.byte	-78
 1102 0435 07       		.byte	7
 1103 0436 B4       		.byte	-76
 1104 0437 80       		.byte	-128
 1105 0438 B6       		.byte	-74
 1106 0439 60       		.byte	96
 1107 043a BB       		.byte	-69
 1108 043b 02       		.byte	2
 1109 043c BE       		.byte	-66
 1110 043d 01       		.byte	1
 1111 043e D8       		.byte	-40
 1112 043f 04       		.byte	4
 1113 0440 D9       		.byte	-39
 1114 0441 04       		.byte	4
 1115 0442 DC       		.byte	-36
 1116 0443 33       		.byte	51
 1117 0444 DF       		.byte	-33
 1118 0445 01       		.byte	1
 1119 0446 00       		.byte	0
 1120 0447 26       		.byte	38
 1121 0448 03       		.byte	3
 1122 0449 02       		.byte	2
 1123 044a 05       		.byte	5
 1124 044b 04       		.byte	4
 1125 044c 07       		.byte	7
 1126 044d 10       		.byte	16
 1127 044e 09       		.byte	9
 1128 044f 01       		.byte	1
 1129 0450 0A       		.byte	10
 1130 0451 18       		.byte	24
 1131 0452 0E       		.byte	14
 1132 0453 02       		.byte	2
 1133 0454 0F       		.byte	15
 1134 0455 22       		.byte	34
 1135 0456 10       		.byte	16
 1136 0457 A0       		.byte	-96
 1137 0458 13       		.byte	19
 1138 0459 80       		.byte	-128
 1139 045a 15       		.byte	21
 1140 045b 80       		.byte	-128
ARM GAS  C:\Users\dantz\AppData\Local\Temp\ccj7LoQt.s 			page 21


 1141 045c 17       		.byte	23
 1142 045d 28       		.byte	40
 1143 045e 19       		.byte	25
 1144 045f 98       		.byte	-104
 1145 0460 1A       		.byte	26
 1146 0461 09       		.byte	9
 1147 0462 1B       		.byte	27
 1148 0463 02       		.byte	2
 1149 0464 1C       		.byte	28
 1150 0465 04       		.byte	4
 1151 0466 1D       		.byte	29
 1152 0467 04       		.byte	4
 1153 0468 1E       		.byte	30
 1154 0469 42       		.byte	66
 1155 046a 1F       		.byte	31
 1156 046b 20       		.byte	32
 1157 046c 20       		.byte	32
 1158 046d 22       		.byte	34
 1159 046e 22       		.byte	34
 1160 046f 1A       		.byte	26
 1161 0470 27       		.byte	39
 1162 0471 C0       		.byte	-64
 1163 0472 28       		.byte	40
 1164 0473 80       		.byte	-128
 1165 0474 29       		.byte	41
 1166 0475 10       		.byte	16
 1167 0476 2B       		.byte	43
 1168 0477 21       		.byte	33
 1169 0478 32       		.byte	50
 1170 0479 08       		.byte	8
 1171 047a 33       		.byte	51
 1172 047b 50       		.byte	80
 1173 047c 38       		.byte	56
 1174 047d 28       		.byte	40
 1175 047e 3A       		.byte	58
 1176 047f 02       		.byte	2
 1177 0480 3B       		.byte	59
 1178 0481 40       		.byte	64
 1179 0482 40       		.byte	64
 1180 0483 04       		.byte	4
 1181 0484 41       		.byte	65
 1182 0485 08       		.byte	8
 1183 0486 42       		.byte	66
 1184 0487 41       		.byte	65
 1185 0488 48       		.byte	72
 1186 0489 01       		.byte	1
 1187 048a 4B       		.byte	75
 1188 048b 40       		.byte	64
 1189 048c 50       		.byte	80
 1190 048d 02       		.byte	2
 1191 048e 53       		.byte	83
 1192 048f 80       		.byte	-128
 1193 0490 59       		.byte	89
 1194 0491 08       		.byte	8
 1195 0492 69       		.byte	105
 1196 0493 80       		.byte	-128
 1197 0494 6B       		.byte	107
ARM GAS  C:\Users\dantz\AppData\Local\Temp\ccj7LoQt.s 			page 22


 1198 0495 28       		.byte	40
 1199 0496 70       		.byte	112
 1200 0497 B4       		.byte	-76
 1201 0498 72       		.byte	114
 1202 0499 12       		.byte	18
 1203 049a 80       		.byte	-128
 1204 049b 80       		.byte	-128
 1205 049c 81       		.byte	-127
 1206 049d 81       		.byte	-127
 1207 049e 82       		.byte	-126
 1208 049f 10       		.byte	16
 1209 04a0 83       		.byte	-125
 1210 04a1 10       		.byte	16
 1211 04a2 84       		.byte	-124
 1212 04a3 02       		.byte	2
 1213 04a4 87       		.byte	-121
 1214 04a5 80       		.byte	-128
 1215 04a6 89       		.byte	-119
 1216 04a7 08       		.byte	8
 1217 04a8 8B       		.byte	-117
 1218 04a9 80       		.byte	-128
 1219 04aa 8E       		.byte	-114
 1220 04ab 02       		.byte	2
 1221 04ac C0       		.byte	-64
 1222 04ad 2F       		.byte	47
 1223 04ae C2       		.byte	-62
 1224 04af AE       		.byte	-82
 1225 04b0 C4       		.byte	-60
 1226 04b1 ED       		.byte	-19
 1227 04b2 CA       		.byte	-54
 1228 04b3 0F       		.byte	15
 1229 04b4 CC       		.byte	-52
 1230 04b5 0E       		.byte	14
 1231 04b6 CE       		.byte	-50
 1232 04b7 0F       		.byte	15
 1233 04b8 D0       		.byte	-48
 1234 04b9 0F       		.byte	15
 1235 04ba D2       		.byte	-46
 1236 04bb 08       		.byte	8
 1237 04bc D6       		.byte	-42
 1238 04bd 02       		.byte	2
 1239 04be E0       		.byte	-32
 1240 04bf 0C       		.byte	12
 1241 04c0 E4       		.byte	-28
 1242 04c1 0C       		.byte	12
 1243 04c2 E6       		.byte	-26
 1244 04c3 02       		.byte	2
 1245 04c4 E8       		.byte	-24
 1246 04c5 20       		.byte	32
 1247 04c6 B0       		.byte	-80
 1248 04c7 01       		.byte	1
 1249 04c8 E6       		.byte	-26
 1250 04c9 01       		.byte	1
 1251 04ca 08       		.byte	8
 1252 04cb 14       		.byte	20
 1253 04cc 09       		.byte	9
 1254 04cd A8       		.byte	-88
ARM GAS  C:\Users\dantz\AppData\Local\Temp\ccj7LoQt.s 			page 23


 1255 04ce 0A       		.byte	10
 1256 04cf 08       		.byte	8
 1257 04d0 0B       		.byte	11
 1258 04d1 43       		.byte	67
 1259 04d2 0D       		.byte	13
 1260 04d3 64       		.byte	100
 1261 04d4 0F       		.byte	15
 1262 04d5 83       		.byte	-125
 1263 04d6 10       		.byte	16
 1264 04d7 08       		.byte	8
 1265 04d8 12       		.byte	18
 1266 04d9 22       		.byte	34
 1267 04da 17       		.byte	23
 1268 04db 0C       		.byte	12
 1269 04dc 1B       		.byte	27
 1270 04dd 01       		.byte	1
 1271 04de 1C       		.byte	28
 1272 04df 37       		.byte	55
 1273 04e0 1D       		.byte	29
 1274 04e1 80       		.byte	-128
 1275 04e2 1F       		.byte	31
 1276 04e3 60       		.byte	96
 1277 04e4 26       		.byte	38
 1278 04e5 07       		.byte	7
 1279 04e6 28       		.byte	40
 1280 04e7 09       		.byte	9
 1281 04e8 29       		.byte	41
 1282 04e9 21       		.byte	33
 1283 04ea 2A       		.byte	42
 1284 04eb 10       		.byte	16
 1285 04ec 2B       		.byte	43
 1286 04ed C2       		.byte	-62
 1287 04ee 2F       		.byte	47
 1288 04ef 12       		.byte	18
 1289 04f0 33       		.byte	51
 1290 04f1 10       		.byte	16
 1291 04f2 34       		.byte	52
 1292 04f3 07       		.byte	7
 1293 04f4 35       		.byte	53
 1294 04f5 0F       		.byte	15
 1295 04f6 36       		.byte	54
 1296 04f7 38       		.byte	56
 1297 04f8 37       		.byte	55
 1298 04f9 E0       		.byte	-32
 1299 04fa 38       		.byte	56
 1300 04fb 80       		.byte	-128
 1301 04fc 3B       		.byte	59
 1302 04fd 80       		.byte	-128
 1303 04fe 3E       		.byte	62
 1304 04ff 10       		.byte	16
 1305 0500 58       		.byte	88
 1306 0501 04       		.byte	4
 1307 0502 59       		.byte	89
 1308 0503 04       		.byte	4
 1309 0504 5F       		.byte	95
 1310 0505 01       		.byte	1
 1311 0506 00       		.byte	0
ARM GAS  C:\Users\dantz\AppData\Local\Temp\ccj7LoQt.s 			page 24


 1312 0507 20       		.byte	32
 1313 0508 01       		.byte	1
 1314 0509 8A       		.byte	-118
 1315 050a 04       		.byte	4
 1316 050b 10       		.byte	16
 1317 050c 08       		.byte	8
 1318 050d 20       		.byte	32
 1319 050e 09       		.byte	9
 1320 050f 82       		.byte	-126
 1321 0510 0B       		.byte	11
 1322 0511 10       		.byte	16
 1323 0512 0E       		.byte	14
 1324 0513 02       		.byte	2
 1325 0514 0F       		.byte	15
 1326 0515 40       		.byte	64
 1327 0516 11       		.byte	17
 1328 0517 20       		.byte	32
 1329 0518 12       		.byte	18
 1330 0519 02       		.byte	2
 1331 051a 13       		.byte	19
 1332 051b 09       		.byte	9
 1333 051c 14       		.byte	20
 1334 051d 04       		.byte	4
 1335 051e 15       		.byte	21
 1336 051f 20       		.byte	32
 1337 0520 17       		.byte	23
 1338 0521 04       		.byte	4
 1339 0522 18       		.byte	24
 1340 0523 60       		.byte	96
 1341 0524 19       		.byte	25
 1342 0525 0A       		.byte	10
 1343 0526 1A       		.byte	26
 1344 0527 04       		.byte	4
 1345 0528 1E       		.byte	30
 1346 0529 02       		.byte	2
 1347 052a 1F       		.byte	31
 1348 052b 20       		.byte	32
 1349 052c 21       		.byte	33
 1350 052d 50       		.byte	80
 1351 052e 22       		.byte	34
 1352 052f 28       		.byte	40
 1353 0530 23       		.byte	35
 1354 0531 02       		.byte	2
 1355 0532 26       		.byte	38
 1356 0533 80       		.byte	-128
 1357 0534 27       		.byte	39
 1358 0535 24       		.byte	36
 1359 0536 29       		.byte	41
 1360 0537 40       		.byte	64
 1361 0538 2B       		.byte	43
 1362 0539 18       		.byte	24
 1363 053a 2C       		.byte	44
 1364 053b 04       		.byte	4
 1365 053c 2F       		.byte	47
 1366 053d 01       		.byte	1
 1367 053e 32       		.byte	50
 1368 053f 64       		.byte	100
ARM GAS  C:\Users\dantz\AppData\Local\Temp\ccj7LoQt.s 			page 25


 1369 0540 36       		.byte	54
 1370 0541 80       		.byte	-128
 1371 0542 37       		.byte	55
 1372 0543 24       		.byte	36
 1373 0544 39       		.byte	57
 1374 0545 1A       		.byte	26
 1375 0546 3B       		.byte	59
 1376 0547 40       		.byte	64
 1377 0548 3C       		.byte	60
 1378 0549 10       		.byte	16
 1379 054a 3F       		.byte	63
 1380 054b 40       		.byte	64
 1381 054c 40       		.byte	64
 1382 054d 20       		.byte	32
 1383 054e 41       		.byte	65
 1384 054f 02       		.byte	2
 1385 0550 42       		.byte	66
 1386 0551 24       		.byte	36
 1387 0552 48       		.byte	72
 1388 0553 84       		.byte	-124
 1389 0554 49       		.byte	73
 1390 0555 80       		.byte	-128
 1391 0556 4B       		.byte	75
 1392 0557 04       		.byte	4
 1393 0558 4E       		.byte	78
 1394 0559 08       		.byte	8
 1395 055a 4F       		.byte	79
 1396 055b 20       		.byte	32
 1397 055c 5A       		.byte	90
 1398 055d 02       		.byte	2
 1399 055e 60       		.byte	96
 1400 055f 84       		.byte	-124
 1401 0560 63       		.byte	99
 1402 0561 02       		.byte	2
 1403 0562 80       		.byte	-128
 1404 0563 80       		.byte	-128
 1405 0564 90       		.byte	-112
 1406 0565 10       		.byte	16
 1407 0566 91       		.byte	-111
 1408 0567 1A       		.byte	26
 1409 0568 92       		.byte	-110
 1410 0569 88       		.byte	-120
 1411 056a 93       		.byte	-109
 1412 056b 43       		.byte	67
 1413 056c 94       		.byte	-108
 1414 056d 80       		.byte	-128
 1415 056e 95       		.byte	-107
 1416 056f A1       		.byte	-95
 1417 0570 98       		.byte	-104
 1418 0571 50       		.byte	80
 1419 0572 99       		.byte	-103
 1420 0573 40       		.byte	64
 1421 0574 9B       		.byte	-101
 1422 0575 10       		.byte	16
 1423 0576 9E       		.byte	-98
 1424 0577 08       		.byte	8
 1425 0578 9F       		.byte	-97
ARM GAS  C:\Users\dantz\AppData\Local\Temp\ccj7LoQt.s 			page 26


 1426 0579 02       		.byte	2
 1427 057a A0       		.byte	-96
 1428 057b 10       		.byte	16
 1429 057c A1       		.byte	-95
 1430 057d 08       		.byte	8
 1431 057e A2       		.byte	-94
 1432 057f 02       		.byte	2
 1433 0580 A3       		.byte	-93
 1434 0581 08       		.byte	8
 1435 0582 A4       		.byte	-92
 1436 0583 28       		.byte	40
 1437 0584 A6       		.byte	-90
 1438 0585 A8       		.byte	-88
 1439 0586 A7       		.byte	-89
 1440 0587 02       		.byte	2
 1441 0588 C0       		.byte	-64
 1442 0589 4F       		.byte	79
 1443 058a C2       		.byte	-62
 1444 058b 9F       		.byte	-97
 1445 058c C4       		.byte	-60
 1446 058d 6F       		.byte	111
 1447 058e CA       		.byte	-54
 1448 058f 3E       		.byte	62
 1449 0590 CC       		.byte	-52
 1450 0591 7E       		.byte	126
 1451 0592 CE       		.byte	-50
 1452 0593 3F       		.byte	63
 1453 0594 D0       		.byte	-48
 1454 0595 07       		.byte	7
 1455 0596 D2       		.byte	-46
 1456 0597 0C       		.byte	12
 1457 0598 D6       		.byte	-42
 1458 0599 01       		.byte	1
 1459 059a D8       		.byte	-40
 1460 059b 0D       		.byte	13
 1461 059c E8       		.byte	-24
 1462 059d 80       		.byte	-128
 1463 059e 00       		.byte	0
 1464 059f 01       		.byte	1
 1465 05a0 05       		.byte	5
 1466 05a1 0C       		.byte	12
 1467 05a2 06       		.byte	6
 1468 05a3 08       		.byte	8
 1469 05a4 09       		.byte	9
 1470 05a5 CD       		.byte	-51
 1471 05a6 0A       		.byte	10
 1472 05a7 02       		.byte	2
 1473 05a8 0B       		.byte	11
 1474 05a9 32       		.byte	50
 1475 05aa 0D       		.byte	13
 1476 05ab 0F       		.byte	15
 1477 05ac 0E       		.byte	14
 1478 05ad 04       		.byte	4
 1479 05ae 0F       		.byte	15
 1480 05af F0       		.byte	-16
 1481 05b0 10       		.byte	16
 1482 05b1 04       		.byte	4
ARM GAS  C:\Users\dantz\AppData\Local\Temp\ccj7LoQt.s 			page 27


 1483 05b2 11       		.byte	17
 1484 05b3 F0       		.byte	-16
 1485 05b4 15       		.byte	21
 1486 05b5 A0       		.byte	-96
 1487 05b6 16       		.byte	22
 1488 05b7 04       		.byte	4
 1489 05b8 19       		.byte	25
 1490 05b9 04       		.byte	4
 1491 05ba 1A       		.byte	26
 1492 05bb 02       		.byte	2
 1493 05bc 1C       		.byte	28
 1494 05bd 04       		.byte	4
 1495 05be 1D       		.byte	29
 1496 05bf F3       		.byte	-13
 1497 05c0 1F       		.byte	31
 1498 05c1 0C       		.byte	12
 1499 05c2 21       		.byte	33
 1500 05c3 08       		.byte	8
 1501 05c4 22       		.byte	34
 1502 05c5 08       		.byte	8
 1503 05c6 24       		.byte	36
 1504 05c7 01       		.byte	1
 1505 05c8 25       		.byte	37
 1506 05c9 50       		.byte	80
 1507 05ca 28       		.byte	40
 1508 05cb 01       		.byte	1
 1509 05cc 29       		.byte	41
 1510 05cd FF       		.byte	-1
 1511 05ce 2F       		.byte	47
 1512 05cf F2       		.byte	-14
 1513 05d0 30       		.byte	48
 1514 05d1 08       		.byte	8
 1515 05d2 31       		.byte	49
 1516 05d3 30       		.byte	48
 1517 05d4 32       		.byte	50
 1518 05d5 04       		.byte	4
 1519 05d6 33       		.byte	51
 1520 05d7 01       		.byte	1
 1521 05d8 34       		.byte	52
 1522 05d9 02       		.byte	2
 1523 05da 35       		.byte	53
 1524 05db 0E       		.byte	14
 1525 05dc 36       		.byte	54
 1526 05dd 01       		.byte	1
 1527 05de 37       		.byte	55
 1528 05df CC       		.byte	-52
 1529 05e0 38       		.byte	56
 1530 05e1 08       		.byte	8
 1531 05e2 3B       		.byte	59
 1532 05e3 80       		.byte	-128
 1533 05e4 3E       		.byte	62
 1534 05e5 11       		.byte	17
 1535 05e6 3F       		.byte	63
 1536 05e7 04       		.byte	4
 1537 05e8 56       		.byte	86
 1538 05e9 02       		.byte	2
 1539 05ea 57       		.byte	87
ARM GAS  C:\Users\dantz\AppData\Local\Temp\ccj7LoQt.s 			page 28


 1540 05eb 12       		.byte	18
 1541 05ec 58       		.byte	88
 1542 05ed 04       		.byte	4
 1543 05ee 59       		.byte	89
 1544 05ef 04       		.byte	4
 1545 05f0 5B       		.byte	91
 1546 05f1 04       		.byte	4
 1547 05f2 5C       		.byte	92
 1548 05f3 44       		.byte	68
 1549 05f4 5D       		.byte	93
 1550 05f5 40       		.byte	64
 1551 05f6 5F       		.byte	95
 1552 05f7 01       		.byte	1
 1553 05f8 86       		.byte	-122
 1554 05f9 01       		.byte	1
 1555 05fa 92       		.byte	-110
 1556 05fb 02       		.byte	2
 1557 05fc A2       		.byte	-94
 1558 05fd 02       		.byte	2
 1559 05fe AA       		.byte	-86
 1560 05ff 01       		.byte	1
 1561 0600 B0       		.byte	-80
 1562 0601 02       		.byte	2
 1563 0602 B2       		.byte	-78
 1564 0603 01       		.byte	1
 1565 0604 BA       		.byte	-70
 1566 0605 20       		.byte	32
 1567 0606 BE       		.byte	-66
 1568 0607 05       		.byte	5
 1569 0608 C0       		.byte	-64
 1570 0609 43       		.byte	67
 1571 060a C1       		.byte	-63
 1572 060b 02       		.byte	2
 1573 060c C5       		.byte	-59
 1574 060d E0       		.byte	-32
 1575 060e C7       		.byte	-57
 1576 060f BC       		.byte	-68
 1577 0610 C8       		.byte	-56
 1578 0611 32       		.byte	50
 1579 0612 C9       		.byte	-55
 1580 0613 FF       		.byte	-1
 1581 0614 CA       		.byte	-54
 1582 0615 FF       		.byte	-1
 1583 0616 CB       		.byte	-53
 1584 0617 FF       		.byte	-1
 1585 0618 CE       		.byte	-50
 1586 0619 F0       		.byte	-16
 1587 061a CF       		.byte	-49
 1588 061b 44       		.byte	68
 1589 061c D0       		.byte	-48
 1590 061d 0C       		.byte	12
 1591 061e D4       		.byte	-44
 1592 061f 18       		.byte	24
 1593 0620 D6       		.byte	-42
 1594 0621 04       		.byte	4
 1595 0622 D8       		.byte	-40
 1596 0623 04       		.byte	4
ARM GAS  C:\Users\dantz\AppData\Local\Temp\ccj7LoQt.s 			page 29


 1597 0624 DA       		.byte	-38
 1598 0625 04       		.byte	4
 1599 0626 DB       		.byte	-37
 1600 0627 04       		.byte	4
 1601 0628 DC       		.byte	-36
 1602 0629 04       		.byte	4
 1603 062a DD       		.byte	-35
 1604 062b 32       		.byte	50
 1605 062c DF       		.byte	-33
 1606 062d 01       		.byte	1
 1607 062e E6       		.byte	-26
 1608 062f C0       		.byte	-64
 1609 0630 EA       		.byte	-22
 1610 0631 40       		.byte	64
 1611 0632 EB       		.byte	-21
 1612 0633 02       		.byte	2
 1613 0634 00       		.byte	0
 1614 0635 52       		.byte	82
 1615 0636 02       		.byte	2
 1616 0637 20       		.byte	32
 1617 0638 07       		.byte	7
 1618 0639 20       		.byte	32
 1619 063a 09       		.byte	9
 1620 063b 02       		.byte	2
 1621 063c 0A       		.byte	10
 1622 063d 81       		.byte	-127
 1623 063e 0B       		.byte	11
 1624 063f 24       		.byte	36
 1625 0640 0E       		.byte	14
 1626 0641 40       		.byte	64
 1627 0642 10       		.byte	16
 1628 0643 A8       		.byte	-88
 1629 0644 15       		.byte	21
 1630 0645 10       		.byte	16
 1631 0646 16       		.byte	22
 1632 0647 40       		.byte	64
 1633 0648 18       		.byte	24
 1634 0649 14       		.byte	20
 1635 064a 19       		.byte	25
 1636 064b 80       		.byte	-128
 1637 064c 1B       		.byte	27
 1638 064d 01       		.byte	1
 1639 064e 1D       		.byte	29
 1640 064f 10       		.byte	16
 1641 0650 1F       		.byte	31
 1642 0651 05       		.byte	5
 1643 0652 20       		.byte	32
 1644 0653 08       		.byte	8
 1645 0654 22       		.byte	34
 1646 0655 65       		.byte	101
 1647 0656 29       		.byte	41
 1648 0657 90       		.byte	-112
 1649 0658 2A       		.byte	42
 1650 0659 26       		.byte	38
 1651 065a 31       		.byte	49
 1652 065b 28       		.byte	40
 1653 065c 32       		.byte	50
ARM GAS  C:\Users\dantz\AppData\Local\Temp\ccj7LoQt.s 			page 30


 1654 065d 42       		.byte	66
 1655 065e 38       		.byte	56
 1656 065f 68       		.byte	104
 1657 0660 3B       		.byte	59
 1658 0661 20       		.byte	32
 1659 0662 44       		.byte	68
 1660 0663 50       		.byte	80
 1661 0664 47       		.byte	71
 1662 0665 10       		.byte	16
 1663 0666 4D       		.byte	77
 1664 0667 01       		.byte	1
 1665 0668 56       		.byte	86
 1666 0669 08       		.byte	8
 1667 066a 57       		.byte	87
 1668 066b 02       		.byte	2
 1669 066c 5A       		.byte	90
 1670 066d 08       		.byte	8
 1671 066e 5D       		.byte	93
 1672 066f 02       		.byte	2
 1673 0670 67       		.byte	103
 1674 0671 4A       		.byte	74
 1675 0672 68       		.byte	104
 1676 0673 29       		.byte	41
 1677 0674 70       		.byte	112
 1678 0675 04       		.byte	4
 1679 0676 71       		.byte	113
 1680 0677 A0       		.byte	-96
 1681 0678 72       		.byte	114
 1682 0679 02       		.byte	2
 1683 067a 73       		.byte	115
 1684 067b 18       		.byte	24
 1685 067c 81       		.byte	-127
 1686 067d 02       		.byte	2
 1687 067e 82       		.byte	-126
 1688 067f 40       		.byte	64
 1689 0680 85       		.byte	-123
 1690 0681 10       		.byte	16
 1691 0682 86       		.byte	-122
 1692 0683 40       		.byte	64
 1693 0684 87       		.byte	-121
 1694 0685 40       		.byte	64
 1695 0686 8A       		.byte	-118
 1696 0687 21       		.byte	33
 1697 0688 8F       		.byte	-113
 1698 0689 20       		.byte	32
 1699 068a 90       		.byte	-112
 1700 068b 60       		.byte	96
 1701 068c 93       		.byte	-109
 1702 068d 04       		.byte	4
 1703 068e 94       		.byte	-108
 1704 068f 04       		.byte	4
 1705 0690 95       		.byte	-107
 1706 0691 01       		.byte	1
 1707 0692 96       		.byte	-106
 1708 0693 02       		.byte	2
 1709 0694 97       		.byte	-105
 1710 0695 10       		.byte	16
ARM GAS  C:\Users\dantz\AppData\Local\Temp\ccj7LoQt.s 			page 31


 1711 0696 98       		.byte	-104
 1712 0697 50       		.byte	80
 1713 0698 9A       		.byte	-102
 1714 0699 04       		.byte	4
 1715 069a 9B       		.byte	-101
 1716 069b 10       		.byte	16
 1717 069c 9D       		.byte	-99
 1718 069d 80       		.byte	-128
 1719 069e 9E       		.byte	-98
 1720 069f 28       		.byte	40
 1721 06a0 9F       		.byte	-97
 1722 06a1 08       		.byte	8
 1723 06a2 A0       		.byte	-96
 1724 06a3 80       		.byte	-128
 1725 06a4 A1       		.byte	-95
 1726 06a5 08       		.byte	8
 1727 06a6 A2       		.byte	-94
 1728 06a7 02       		.byte	2
 1729 06a8 A4       		.byte	-92
 1730 06a9 2C       		.byte	44
 1731 06aa A5       		.byte	-91
 1732 06ab 82       		.byte	-126
 1733 06ac A7       		.byte	-89
 1734 06ad 03       		.byte	3
 1735 06ae AF       		.byte	-81
 1736 06af 20       		.byte	32
 1737 06b0 B4       		.byte	-76
 1738 06b1 40       		.byte	64
 1739 06b2 B5       		.byte	-75
 1740 06b3 10       		.byte	16
 1741 06b4 B6       		.byte	-74
 1742 06b5 04       		.byte	4
 1743 06b6 C0       		.byte	-64
 1744 06b7 2F       		.byte	47
 1745 06b8 C2       		.byte	-62
 1746 06b9 1F       		.byte	31
 1747 06ba C4       		.byte	-60
 1748 06bb 5E       		.byte	94
 1749 06bc CA       		.byte	-54
 1750 06bd 0F       		.byte	15
 1751 06be CC       		.byte	-52
 1752 06bf 0F       		.byte	15
 1753 06c0 CE       		.byte	-50
 1754 06c1 0E       		.byte	14
 1755 06c2 D0       		.byte	-48
 1756 06c3 E0       		.byte	-32
 1757 06c4 D6       		.byte	-42
 1758 06c5 82       		.byte	-126
 1759 06c6 D8       		.byte	-40
 1760 06c7 B0       		.byte	-80
 1761 06c8 E4       		.byte	-28
 1762 06c9 10       		.byte	16
 1763 06ca E8       		.byte	-24
 1764 06cb 20       		.byte	32
 1765 06cc EC       		.byte	-20
 1766 06cd 08       		.byte	8
 1767 06ce 32       		.byte	50
ARM GAS  C:\Users\dantz\AppData\Local\Temp\ccj7LoQt.s 			page 32


 1768 06cf 48       		.byte	72
 1769 06d0 34       		.byte	52
 1770 06d1 02       		.byte	2
 1771 06d2 35       		.byte	53
 1772 06d3 80       		.byte	-128
 1773 06d4 CC       		.byte	-52
 1774 06d5 F0       		.byte	-16
 1775 06d6 96       		.byte	-106
 1776 06d7 80       		.byte	-128
 1777 06d8 9C       		.byte	-100
 1778 06d9 02       		.byte	2
 1779 06da 9D       		.byte	-99
 1780 06db 80       		.byte	-128
 1781 06dc A6       		.byte	-90
 1782 06dd 08       		.byte	8
 1783 06de 93       		.byte	-109
 1784 06df 08       		.byte	8
 1785 06e0 96       		.byte	-106
 1786 06e1 80       		.byte	-128
 1787 06e2 9C       		.byte	-100
 1788 06e3 02       		.byte	2
 1789 06e4 9D       		.byte	-99
 1790 06e5 80       		.byte	-128
 1791 06e6 A6       		.byte	-90
 1792 06e7 08       		.byte	8
 1793 06e8 AF       		.byte	-81
 1794 06e9 04       		.byte	4
 1795 06ea EE       		.byte	-18
 1796 06eb 10       		.byte	16
 1797 06ec 26       		.byte	38
 1798 06ed 08       		.byte	8
 1799 06ee 2D       		.byte	45
 1800 06ef 80       		.byte	-128
 1801 06f0 93       		.byte	-109
 1802 06f1 08       		.byte	8
 1803 06f2 96       		.byte	-106
 1804 06f3 80       		.byte	-128
 1805 06f4 9C       		.byte	-100
 1806 06f5 02       		.byte	2
 1807 06f6 9D       		.byte	-99
 1808 06f7 80       		.byte	-128
 1809 06f8 A6       		.byte	-90
 1810 06f9 08       		.byte	8
 1811 06fa C8       		.byte	-56
 1812 06fb 80       		.byte	-128
 1813 06fc CA       		.byte	-54
 1814 06fd 20       		.byte	32
 1815 06fe 7C       		.byte	124
 1816 06ff 20       		.byte	32
 1817 0700 DE       		.byte	-34
 1818 0701 01       		.byte	1
 1819 0702 00       		.byte	0
 1820 0703 10       		.byte	16
 1821 0704 9C       		.byte	-100
 1822 0705 20       		.byte	32
 1823 0706 C0       		.byte	-64
 1824 0707 02       		.byte	2
ARM GAS  C:\Users\dantz\AppData\Local\Temp\ccj7LoQt.s 			page 33


 1825 0708 44       		.byte	68
 1826 0709 10       		.byte	16
 1827 070a 52       		.byte	82
 1828 070b 20       		.byte	32
 1829 070c 57       		.byte	87
 1830 070d 80       		.byte	-128
 1831 070e 8B       		.byte	-117
 1832 070f 80       		.byte	-128
 1833 0710 9C       		.byte	-100
 1834 0711 20       		.byte	32
 1835 0712 A8       		.byte	-88
 1836 0713 10       		.byte	16
 1837 0714 D0       		.byte	-48
 1838 0715 01       		.byte	1
 1839 0716 D4       		.byte	-44
 1840 0717 06       		.byte	6
 1841 0718 E0       		.byte	-32
 1842 0719 01       		.byte	1
 1843 071a 9C       		.byte	-100
 1844 071b 30       		.byte	48
 1845 071c B2       		.byte	-78
 1846 071d 20       		.byte	32
 1847 071e E8       		.byte	-24
 1848 071f 04       		.byte	4
 1849 0720 21       		.byte	33
 1850 0721 01       		.byte	1
 1851 0722 82       		.byte	-126
 1852 0723 40       		.byte	64
 1853 0724 93       		.byte	-109
 1854 0725 08       		.byte	8
 1855 0726 96       		.byte	-106
 1856 0727 80       		.byte	-128
 1857 0728 9C       		.byte	-100
 1858 0729 02       		.byte	2
 1859 072a C8       		.byte	-56
 1860 072b 40       		.byte	64
 1861 072c E6       		.byte	-26
 1862 072d 80       		.byte	-128
 1863 072e 09       		.byte	9
 1864 072f 80       		.byte	-128
 1865 0730 67       		.byte	103
 1866 0731 08       		.byte	8
 1867 0732 81       		.byte	-127
 1868 0733 80       		.byte	-128
 1869 0734 84       		.byte	-124
 1870 0735 02       		.byte	2
 1871 0736 93       		.byte	-109
 1872 0737 08       		.byte	8
 1873 0738 9C       		.byte	-100
 1874 0739 02       		.byte	2
 1875 073a B1       		.byte	-79
 1876 073b 01       		.byte	1
 1877 073c C2       		.byte	-62
 1878 073d 40       		.byte	64
 1879 073e D8       		.byte	-40
 1880 073f 80       		.byte	-128
 1881 0740 E4       		.byte	-28
ARM GAS  C:\Users\dantz\AppData\Local\Temp\ccj7LoQt.s 			page 34


 1882 0741 80       		.byte	-128
 1883 0742 E6       		.byte	-26
 1884 0743 40       		.byte	64
 1885 0744 02       		.byte	2
 1886 0745 02       		.byte	2
 1887 0746 67       		.byte	103
 1888 0747 08       		.byte	8
 1889 0748 9C       		.byte	-100
 1890 0749 10       		.byte	16
 1891 074a B0       		.byte	-80
 1892 074b 20       		.byte	32
 1893 074c C0       		.byte	-64
 1894 074d 02       		.byte	2
 1895 074e D8       		.byte	-40
 1896 074f 01       		.byte	1
 1897 0750 E8       		.byte	-24
 1898 0751 01       		.byte	1
 1899 0752 AF       		.byte	-81
 1900 0753 04       		.byte	4
 1901 0754 B0       		.byte	-80
 1902 0755 10       		.byte	16
 1903 0756 B6       		.byte	-74
 1904 0757 02       		.byte	2
 1905 0758 E8       		.byte	-24
 1906 0759 04       		.byte	4
 1907 075a EE       		.byte	-18
 1908 075b 08       		.byte	8
 1909 075c 00       		.byte	0
 1910 075d 1D       		.byte	29
 1911 075e 0C       		.byte	12
 1912 075f 1D       		.byte	29
 1913 0760 0E       		.byte	14
 1914 0761 09       		.byte	9
 1915 0762 10       		.byte	16
 1916 0763 1D       		.byte	29
 1917 0764 1A       		.byte	26
 1918 0765 08       		.byte	8
 1919 0766 1C       		.byte	28
 1920 0767 1D       		.byte	29
 1921 0768 00       		.byte	0
 1922 0769 EB       		.byte	-21
 1923 076a 00       		.byte	0
 1924 076b 00       		.byte	0
 1925 076c 02       		.byte	2
 1926 076d 00       		.byte	0
 1927 076e 0D       		.byte	13
 1928 076f 00       		.byte	0
 1929 0770 2D       		.byte	45
 1930 0771 00       		.byte	0
 1931 0772 00       		.byte	0
 1932 0773 00       		.byte	0
 1933 0774 02       		.byte	2
 1934 0775 14       		.byte	20
 1935 0776 08       		.byte	8
 1936 0777 0A       		.byte	10
 1937 0778 2D       		.byte	45
 1938 0779 09       		.byte	9
ARM GAS  C:\Users\dantz\AppData\Local\Temp\ccj7LoQt.s 			page 35


 1939 077a 00       		.byte	0
 1940 077b 32       		.byte	50
 1941 077c 0D       		.byte	13
 1942 077d 02       		.byte	2
 1943 077e 20       		.byte	32
 1944 077f 05       		.byte	5
 1945 0780 00       		.byte	0
 1946 0781 1F       		.byte	31
 1947 0782 00       		.byte	0
 1948 0783 00       		.byte	0
 1949 0784 10       		.byte	16
 1950 0785 1F       		.byte	31
 1951 0786 00       		.byte	0
 1952 0787 00       		.byte	0
 1953 0788 2D       		.byte	45
 1954 0789 00       		.byte	0
 1955 078a 00       		.byte	0
 1956 078b 00       		.byte	0
 1957 078c 00       		.byte	0
 1958 078d 00       		.byte	0
 1959 078e 20       		.byte	32
 1960 078f 00       		.byte	0
 1961 0790 01       		.byte	1
 1962 0791 00       		.byte	0
 1963 0792 02       		.byte	2
 1964 0793 00       		.byte	0
 1965 0794 2D       		.byte	45
 1966 0795 00       		.byte	0
 1967 0796 00       		.byte	0
 1968 0797 00       		.byte	0
 1969 0798 02       		.byte	2
 1970 0799 00       		.byte	0
 1971 079a 04       		.byte	4
 1972 079b 00       		.byte	0
 1973 079c 10       		.byte	16
 1974 079d 07       		.byte	7
 1975 079e 00       		.byte	0
 1976 079f 18       		.byte	24
 1977 07a0 20       		.byte	32
 1978 07a1 00       		.byte	0
 1979 07a2 0F       		.byte	15
 1980 07a3 20       		.byte	32
 1981 07a4 00       		.byte	0
 1982 07a5 00       		.byte	0
 1983 07a6 80       		.byte	-128
 1984 07a7 00       		.byte	0
 1985 07a8 00       		.byte	0
 1986 07a9 00       		.byte	0
 1987 07aa 11       		.byte	17
 1988 07ab 00       		.byte	0
 1989 07ac 53       		.byte	83
 1990 07ad 02       		.byte	2
 1991 07ae 10       		.byte	16
 1992 07af 00       		.byte	0
 1993 07b0 04       		.byte	4
 1994 07b1 BE       		.byte	-66
 1995 07b2 FD       		.byte	-3
ARM GAS  C:\Users\dantz\AppData\Local\Temp\ccj7LoQt.s 			page 36


 1996 07b3 0C       		.byte	12
 1997 07b4 1F       		.byte	31
 1998 07b5 FF       		.byte	-1
 1999 07b6 FF       		.byte	-1
 2000 07b7 FF       		.byte	-1
 2001 07b8 22       		.byte	34
 2002 07b9 00       		.byte	0
 2003 07ba F0       		.byte	-16
 2004 07bb 08       		.byte	8
 2005 07bc 04       		.byte	4
 2006 07bd 00       		.byte	0
 2007 07be 00       		.byte	0
 2008 07bf 00       		.byte	0
 2009 07c0 40       		.byte	64
 2010 07c1 00       		.byte	0
 2011 07c2 00       		.byte	0
 2012 07c3 00       		.byte	0
 2013 07c4 04       		.byte	4
 2014 07c5 04       		.byte	4
 2015 07c6 04       		.byte	4
 2016 07c7 04       		.byte	4
 2017 07c8 40       		.byte	64
 2018 07c9 00       		.byte	0
 2019 07ca 00       		.byte	0
 2020 07cb 01       		.byte	1
 2021 07cc 00       		.byte	0
 2022 07cd 00       		.byte	0
 2023 07ce C0       		.byte	-64
 2024 07cf 00       		.byte	0
 2025 07d0 40       		.byte	64
 2026 07d1 01       		.byte	1
 2027 07d2 10       		.byte	16
 2028 07d3 11       		.byte	17
 2029 07d4 C0       		.byte	-64
 2030 07d5 01       		.byte	1
 2031 07d6 00       		.byte	0
 2032 07d7 11       		.byte	17
 2033 07d8 40       		.byte	64
 2034 07d9 01       		.byte	1
 2035 07da 40       		.byte	64
 2036 07db 01       		.byte	1
 2037 07dc 00       		.byte	0
 2038 07dd 00       		.byte	0
 2039 07de 00       		.byte	0
 2040 07df 00       		.byte	0
 2041 07e0 00       		.byte	0
 2042 07e1 00       		.byte	0
 2043 07e2 00       		.byte	0
 2044 07e3 00       		.byte	0
 2045 07e4 00       		.byte	0
 2046 07e5 00       		.byte	0
 2047 07e6 00       		.byte	0
 2048 07e7 00       		.byte	0
 2049 07e8 00       		.byte	0
 2050 07e9 00       		.byte	0
 2051 07ea 00       		.byte	0
 2052 07eb 00       		.byte	0
ARM GAS  C:\Users\dantz\AppData\Local\Temp\ccj7LoQt.s 			page 37


 2053 07ec 67       		.byte	103
 2054 07ed 08       		.byte	8
 2055 07ee 18       		.byte	24
 2056 07ef 00       		.byte	0
 2057 07f0 00       		.byte	0
 2058 07f1 0C       		.byte	12
 2059 07f2 23       		.byte	35
 2060 07f3 00       		.byte	0
 2061 07f4 5C       		.byte	92
 2062 07f5 04       		.byte	4
 2063 07f6 21       		.byte	33
 2064 07f7 00       		.byte	0
 2065 07f8 00       		.byte	0
 2066 07f9 F3       		.byte	-13
 2067 07fa 04       		.byte	4
 2068 07fb 0C       		.byte	12
 2069 07fc 04       		.byte	4
 2070 07fd 00       		.byte	0
 2071 07fe 80       		.byte	-128
 2072 07ff 00       		.byte	0
 2073 0800 18       		.byte	24
 2074 0801 0F       		.byte	15
 2075 0802 00       		.byte	0
 2076 0803 F0       		.byte	-16
 2077 0804 7C       		.byte	124
 2078 0805 33       		.byte	51
 2079 0806 02       		.byte	2
 2080 0807 00       		.byte	0
 2081 0808 00       		.byte	0
 2082 0809 FF       		.byte	-1
 2083 080a 00       		.byte	0
 2084 080b 00       		.byte	0
 2085 080c 10       		.byte	16
 2086 080d 11       		.byte	17
 2087 080e 00       		.byte	0
 2088 080f 00       		.byte	0
 2089 0810 08       		.byte	8
 2090 0811 00       		.byte	0
 2091 0812 00       		.byte	0
 2092 0813 73       		.byte	115
 2093 0814 00       		.byte	0
 2094 0815 0C       		.byte	12
 2095 0816 00       		.byte	0
 2096 0817 F3       		.byte	-13
 2097 0818 7F       		.byte	127
 2098 0819 22       		.byte	34
 2099 081a 00       		.byte	0
 2100 081b 00       		.byte	0
 2101 081c 80       		.byte	-128
 2102 081d 80       		.byte	-128
 2103 081e 40       		.byte	64
 2104 081f 4C       		.byte	76
 2105 0820 1F       		.byte	31
 2106 0821 30       		.byte	48
 2107 0822 38       		.byte	56
 2108 0823 0F       		.byte	15
 2109 0824 00       		.byte	0
ARM GAS  C:\Users\dantz\AppData\Local\Temp\ccj7LoQt.s 			page 38


 2110 0825 02       		.byte	2
 2111 0826 20       		.byte	32
 2112 0827 88       		.byte	-120
 2113 0828 00       		.byte	0
 2114 0829 00       		.byte	0
 2115 082a 04       		.byte	4
 2116 082b 00       		.byte	0
 2117 082c 52       		.byte	82
 2118 082d 03       		.byte	3
 2119 082e 01       		.byte	1
 2120 082f 00       		.byte	0
 2121 0830 04       		.byte	4
 2122 0831 00       		.byte	0
 2123 0832 0E       		.byte	14
 2124 0833 C0       		.byte	-64
 2125 0834 24       		.byte	36
 2126 0835 FF       		.byte	-1
 2127 0836 FF       		.byte	-1
 2128 0837 FF       		.byte	-1
 2129 0838 62       		.byte	98
 2130 0839 A0       		.byte	-96
 2131 083a F0       		.byte	-16
 2132 083b 41       		.byte	65
 2133 083c 0C       		.byte	12
 2134 083d 00       		.byte	0
 2135 083e 00       		.byte	0
 2136 083f 00       		.byte	0
 2137 0840 00       		.byte	0
 2138 0841 00       		.byte	0
 2139 0842 02       		.byte	2
 2140 0843 12       		.byte	18
 2141 0844 04       		.byte	4
 2142 0845 04       		.byte	4
 2143 0846 04       		.byte	4
 2144 0847 04       		.byte	4
 2145 0848 33       		.byte	51
 2146 0849 33       		.byte	51
 2147 084a 00       		.byte	0
 2148 084b 01       		.byte	1
 2149 084c 00       		.byte	0
 2150 084d 00       		.byte	0
 2151 084e 00       		.byte	0
 2152 084f 00       		.byte	0
 2153 0850 00       		.byte	0
 2154 0851 00       		.byte	0
 2155 0852 40       		.byte	64
 2156 0853 02       		.byte	2
 2157 0854 00       		.byte	0
 2158 0855 10       		.byte	16
 2159 0856 30       		.byte	48
 2160 0857 10       		.byte	16
 2161 0858 00       		.byte	0
 2162 0859 10       		.byte	16
 2163 085a 10       		.byte	16
 2164 085b 12       		.byte	18
 2165 085c 00       		.byte	0
 2166 085d 00       		.byte	0
ARM GAS  C:\Users\dantz\AppData\Local\Temp\ccj7LoQt.s 			page 39


 2167 085e 00       		.byte	0
 2168 085f 00       		.byte	0
 2169 0860 00       		.byte	0
 2170 0861 00       		.byte	0
 2171 0862 00       		.byte	0
 2172 0863 00       		.byte	0
 2173 0864 00       		.byte	0
 2174 0865 00       		.byte	0
 2175 0866 00       		.byte	0
 2176 0867 00       		.byte	0
 2177 0868 00       		.byte	0
 2178 0869 00       		.byte	0
 2179 086a 00       		.byte	0
 2180 086b 00       		.byte	0
 2181 086c 98       		.byte	-104
 2182 086d 5C       		.byte	92
 2183 086e 44       		.byte	68
 2184 086f 00       		.byte	0
 2185 0870 98       		.byte	-104
 2186 0871 30       		.byte	48
 2187 0872 24       		.byte	36
 2188 0873 0F       		.byte	15
 2189 0874 00       		.byte	0
 2190 0875 50       		.byte	80
 2191 0876 01       		.byte	1
 2192 0877 0C       		.byte	12
 2193 0878 00       		.byte	0
 2194 0879 21       		.byte	33
 2195 087a 64       		.byte	100
 2196 087b 1E       		.byte	30
 2197 087c E4       		.byte	-28
 2198 087d 00       		.byte	0
 2199 087e 18       		.byte	24
 2200 087f 00       		.byte	0
 2201 0880 18       		.byte	24
 2202 0881 54       		.byte	84
 2203 0882 00       		.byte	0
 2204 0883 08       		.byte	8
 2205 0884 FC       		.byte	-4
 2206 0885 11       		.byte	17
 2207 0886 00       		.byte	0
 2208 0887 22       		.byte	34
 2209 0888 10       		.byte	16
 2210 0889 0C       		.byte	12
 2211 088a 00       		.byte	0
 2212 088b 50       		.byte	80
 2213 088c 00       		.byte	0
 2214 088d 00       		.byte	0
 2215 088e 80       		.byte	-128
 2216 088f 00       		.byte	0
 2217 0890 08       		.byte	8
 2218 0891 24       		.byte	36
 2219 0892 00       		.byte	0
 2220 0893 10       		.byte	16
 2221 0894 80       		.byte	-128
 2222 0895 08       		.byte	8
 2223 0896 01       		.byte	1
ARM GAS  C:\Users\dantz\AppData\Local\Temp\ccj7LoQt.s 			page 40


 2224 0897 00       		.byte	0
 2225 0898 00       		.byte	0
 2226 0899 5C       		.byte	92
 2227 089a 02       		.byte	2
 2228 089b 00       		.byte	0
 2229 089c F8       		.byte	-8
 2230 089d 00       		.byte	0
 2231 089e 1C       		.byte	28
 2232 089f 30       		.byte	48
 2233 08a0 03       		.byte	3
 2234 08a1 0F       		.byte	15
 2235 08a2 00       		.byte	0
 2236 08a3 40       		.byte	64
 2237 08a4 00       		.byte	0
 2238 08a5 00       		.byte	0
 2239 08a6 0A       		.byte	10
 2240 08a7 08       		.byte	8
 2241 08a8 00       		.byte	0
 2242 08a9 00       		.byte	0
 2243 08aa 10       		.byte	16
 2244 08ab 40       		.byte	64
 2245 08ac 45       		.byte	69
 2246 08ad 03       		.byte	3
 2247 08ae 06       		.byte	6
 2248 08af 00       		.byte	0
 2249 08b0 02       		.byte	2
 2250 08b1 CE       		.byte	-50
 2251 08b2 00       		.byte	0
 2252 08b3 00       		.byte	0
 2253 08b4 03       		.byte	3
 2254 08b5 FF       		.byte	-1
 2255 08b6 FF       		.byte	-1
 2256 08b7 FF       		.byte	-1
 2257 08b8 62       		.byte	98
 2258 08b9 A0       		.byte	-96
 2259 08ba F0       		.byte	-16
 2260 08bb 41       		.byte	65
 2261 08bc 0C       		.byte	12
 2262 08bd 00       		.byte	0
 2263 08be 00       		.byte	0
 2264 08bf 00       		.byte	0
 2265 08c0 18       		.byte	24
 2266 08c1 00       		.byte	0
 2267 08c2 04       		.byte	4
 2268 08c3 00       		.byte	0
 2269 08c4 04       		.byte	4
 2270 08c5 04       		.byte	4
 2271 08c6 04       		.byte	4
 2272 08c7 04       		.byte	4
 2273 08c8 04       		.byte	4
 2274 08c9 44       		.byte	68
 2275 08ca 00       		.byte	0
 2276 08cb 01       		.byte	1
 2277 08cc 00       		.byte	0
 2278 08cd 00       		.byte	0
 2279 08ce 00       		.byte	0
 2280 08cf 00       		.byte	0
ARM GAS  C:\Users\dantz\AppData\Local\Temp\ccj7LoQt.s 			page 41


 2281 08d0 00       		.byte	0
 2282 08d1 00       		.byte	0
 2283 08d2 40       		.byte	64
 2284 08d3 02       		.byte	2
 2285 08d4 00       		.byte	0
 2286 08d5 10       		.byte	16
 2287 08d6 30       		.byte	48
 2288 08d7 10       		.byte	16
 2289 08d8 00       		.byte	0
 2290 08d9 10       		.byte	16
 2291 08da 10       		.byte	16
 2292 08db 12       		.byte	18
 2293 08dc 00       		.byte	0
 2294 08dd 00       		.byte	0
 2295 08de 00       		.byte	0
 2296 08df 00       		.byte	0
 2297 08e0 00       		.byte	0
 2298 08e1 00       		.byte	0
 2299 08e2 00       		.byte	0
 2300 08e3 00       		.byte	0
 2301 08e4 00       		.byte	0
 2302 08e5 00       		.byte	0
 2303 08e6 00       		.byte	0
 2304 08e7 00       		.byte	0
 2305 08e8 00       		.byte	0
 2306 08e9 00       		.byte	0
 2307 08ea 00       		.byte	0
 2308 08eb 00       		.byte	0
 2309 08ec 00       		.byte	0
 2310 08ed 1E       		.byte	30
 2311 08ee 1E       		.byte	30
 2312 08ef 00       		.byte	0
 2313 08f0 00       		.byte	0
 2314 08f1 00       		.byte	0
 2315 08f2 E1       		.byte	-31
 2316 08f3 00       		.byte	0
 2317 08f4 00       		.byte	0
 2318 08f5 13       		.byte	19
 2319 08f6 13       		.byte	19
 2320 08f7 00       		.byte	0
 2321 08f8 00       		.byte	0
 2322 08f9 00       		.byte	0
 2323 08fa 00       		.byte	0
 2324 08fb 00       		.byte	0
 2325 08fc 10       		.byte	16
 2326 08fd 00       		.byte	0
 2327 08fe 00       		.byte	0
 2328 08ff 33       		.byte	51
 2329 0900 33       		.byte	51
 2330 0901 00       		.byte	0
 2331 0902 30       		.byte	48
 2332 0903 00       		.byte	0
 2333 0904 00       		.byte	0
 2334 0905 00       		.byte	0
 2335 0906 00       		.byte	0
 2336 0907 00       		.byte	0
 2337 0908 00       		.byte	0
ARM GAS  C:\Users\dantz\AppData\Local\Temp\ccj7LoQt.s 			page 42


 2338 0909 14       		.byte	20
 2339 090a 14       		.byte	20
 2340 090b 00       		.byte	0
 2341 090c 10       		.byte	16
 2342 090d 00       		.byte	0
 2343 090e 00       		.byte	0
 2344 090f 00       		.byte	0
 2345 0910 04       		.byte	4
 2346 0911 B1       		.byte	-79
 2347 0912 B1       		.byte	-79
 2348 0913 00       		.byte	0
 2349 0914 00       		.byte	0
 2350 0915 00       		.byte	0
 2351 0916 00       		.byte	0
 2352 0917 00       		.byte	0
 2353 0918 40       		.byte	64
 2354 0919 88       		.byte	-120
 2355 091a 88       		.byte	-120
 2356 091b 00       		.byte	0
 2357 091c 80       		.byte	-128
 2358 091d 00       		.byte	0
 2359 091e 04       		.byte	4
 2360 091f 00       		.byte	0
 2361 0920 8B       		.byte	-117
 2362 0921 00       		.byte	0
 2363 0922 18       		.byte	24
 2364 0923 01       		.byte	1
 2365              		.global	cy_meta_custnvl
 2366              		.section	.cycustnvl,"a",%progbits
 2367              		.align	2
 2368              		.type	cy_meta_custnvl, %object
 2369              		.size	cy_meta_custnvl, 4
 2370              	cy_meta_custnvl:
 2371 0000 00       		.byte	0
 2372 0001 00       		.byte	0
 2373 0002 40       		.byte	64
 2374 0003 07       		.byte	7
 2375              		.global	cy_meta_wonvl
 2376              		.section	.cywolatch,"a",%progbits
 2377              		.align	2
 2378              		.type	cy_meta_wonvl, %object
 2379              		.size	cy_meta_wonvl, 4
 2380              	cy_meta_wonvl:
 2381 0000 BC       		.byte	-68
 2382 0001 90       		.byte	-112
 2383 0002 AC       		.byte	-84
 2384 0003 AF       		.byte	-81
 2385              		.global	cy_meta_flashprotect
 2386              		.section	.cyflashprotect,"a",%progbits
 2387              		.align	2
 2388              		.type	cy_meta_flashprotect, %object
 2389              		.size	cy_meta_flashprotect, 256
 2390              	cy_meta_flashprotect:
 2391 0000 00000000 		.space	256
 2391      00000000 
 2391      00000000 
 2391      00000000 
ARM GAS  C:\Users\dantz\AppData\Local\Temp\ccj7LoQt.s 			page 43


 2391      00000000 
 2392              		.global	cy_metadata
 2393              		.section	.cymeta,"a",%progbits
 2394              		.align	2
 2395              		.type	cy_metadata, %object
 2396              		.size	cy_metadata, 12
 2397              	cy_metadata:
 2398 0000 00       		.byte	0
 2399 0001 01       		.byte	1
 2400 0002 2E       		.byte	46
 2401 0003 16       		.byte	22
 2402 0004 10       		.byte	16
 2403 0005 69       		.byte	105
 2404 0006 00       		.byte	0
 2405 0007 01       		.byte	1
 2406 0008 00       		.byte	0
 2407 0009 00       		.byte	0
 2408 000a 00       		.byte	0
 2409 000b 00       		.byte	0
 2410              		.text
 2411              	.Letext0:
 2412              		.file 1 "c:\\program files (x86)\\cypress\\psoc creator\\4.4\\psoc creator\\import\\gnu\\arm\\5.4.
 2413              		.file 2 "c:\\program files (x86)\\cypress\\psoc creator\\4.4\\psoc creator\\import\\gnu\\arm\\5.4.
 2414              		.file 3 "Generated_Source\\PSoC5\\cymetadata.c"
 2415              		.section	.debug_info,"",%progbits
 2416              	.Ldebug_info0:
 2417 0000 35010000 		.4byte	0x135
 2418 0004 0400     		.2byte	0x4
 2419 0006 00000000 		.4byte	.Ldebug_abbrev0
 2420 000a 04       		.byte	0x4
 2421 000b 01       		.uleb128 0x1
 2422 000c 0A000000 		.4byte	.LASF17
 2423 0010 0C       		.byte	0xc
 2424 0011 B8010000 		.4byte	.LASF18
 2425 0015 25010000 		.4byte	.LASF19
 2426 0019 00000000 		.4byte	.Ldebug_line0
 2427 001d 02       		.uleb128 0x2
 2428 001e 01       		.byte	0x1
 2429 001f 06       		.byte	0x6
 2430 0020 AC010000 		.4byte	.LASF0
 2431 0024 03       		.uleb128 0x3
 2432 0025 00000000 		.4byte	.LASF9
 2433 0029 01       		.byte	0x1
 2434 002a 1D       		.byte	0x1d
 2435 002b 2F000000 		.4byte	0x2f
 2436 002f 02       		.uleb128 0x2
 2437 0030 01       		.byte	0x1
 2438 0031 08       		.byte	0x8
 2439 0032 A4000000 		.4byte	.LASF1
 2440 0036 02       		.uleb128 0x2
 2441 0037 02       		.byte	0x2
 2442 0038 05       		.byte	0x5
 2443 0039 99010000 		.4byte	.LASF2
 2444 003d 02       		.uleb128 0x2
 2445 003e 02       		.byte	0x2
 2446 003f 07       		.byte	0x7
 2447 0040 C4000000 		.4byte	.LASF3
ARM GAS  C:\Users\dantz\AppData\Local\Temp\ccj7LoQt.s 			page 44


 2448 0044 02       		.uleb128 0x2
 2449 0045 04       		.byte	0x4
 2450 0046 05       		.byte	0x5
 2451 0047 A3010000 		.4byte	.LASF4
 2452 004b 02       		.uleb128 0x2
 2453 004c 04       		.byte	0x4
 2454 004d 07       		.byte	0x7
 2455 004e B2000000 		.4byte	.LASF5
 2456 0052 02       		.uleb128 0x2
 2457 0053 08       		.byte	0x8
 2458 0054 05       		.byte	0x5
 2459 0055 8B010000 		.4byte	.LASF6
 2460 0059 02       		.uleb128 0x2
 2461 005a 08       		.byte	0x8
 2462 005b 07       		.byte	0x7
 2463 005c 06010000 		.4byte	.LASF7
 2464 0060 04       		.uleb128 0x4
 2465 0061 04       		.byte	0x4
 2466 0062 05       		.byte	0x5
 2467 0063 696E7400 		.ascii	"int\000"
 2468 0067 02       		.uleb128 0x2
 2469 0068 04       		.byte	0x4
 2470 0069 07       		.byte	0x7
 2471 006a F9000000 		.4byte	.LASF8
 2472 006e 03       		.uleb128 0x3
 2473 006f 1D010000 		.4byte	.LASF10
 2474 0073 02       		.byte	0x2
 2475 0074 18       		.byte	0x18
 2476 0075 24000000 		.4byte	0x24
 2477 0079 05       		.uleb128 0x5
 2478 007a 91000000 		.4byte	0x91
 2479 007e 8A000000 		.4byte	0x8a
 2480 0082 06       		.uleb128 0x6
 2481 0083 8A000000 		.4byte	0x8a
 2482 0087 2309     		.2byte	0x923
 2483 0089 00       		.byte	0
 2484 008a 02       		.uleb128 0x2
 2485 008b 04       		.byte	0x4
 2486 008c 07       		.byte	0x7
 2487 008d 82010000 		.4byte	.LASF11
 2488 0091 07       		.uleb128 0x7
 2489 0092 6E000000 		.4byte	0x6e
 2490 0096 08       		.uleb128 0x8
 2491 0097 E7000000 		.4byte	.LASF12
 2492 009b 03       		.byte	0x3
 2493 009c 1F       		.byte	0x1f
 2494 009d A7000000 		.4byte	0xa7
 2495 00a1 05       		.uleb128 0x5
 2496 00a2 03       		.byte	0x3
 2497 00a3 00000000 		.4byte	cy_meta_configecc
 2498 00a7 07       		.uleb128 0x7
 2499 00a8 79000000 		.4byte	0x79
 2500 00ac 05       		.uleb128 0x5
 2501 00ad 91000000 		.4byte	0x91
 2502 00b1 BC000000 		.4byte	0xbc
 2503 00b5 09       		.uleb128 0x9
 2504 00b6 8A000000 		.4byte	0x8a
ARM GAS  C:\Users\dantz\AppData\Local\Temp\ccj7LoQt.s 			page 45


 2505 00ba 03       		.byte	0x3
 2506 00bb 00       		.byte	0
 2507 00bc 0A       		.uleb128 0xa
 2508 00bd D7000000 		.4byte	.LASF13
 2509 00c1 03       		.byte	0x3
 2510 00c2 5101     		.2byte	0x151
 2511 00c4 CE000000 		.4byte	0xce
 2512 00c8 05       		.uleb128 0x5
 2513 00c9 03       		.byte	0x3
 2514 00ca 00000000 		.4byte	cy_meta_custnvl
 2515 00ce 07       		.uleb128 0x7
 2516 00cf AC000000 		.4byte	0xac
 2517 00d3 0A       		.uleb128 0xa
 2518 00d4 74010000 		.4byte	.LASF14
 2519 00d8 03       		.byte	0x3
 2520 00d9 5F01     		.2byte	0x15f
 2521 00db E5000000 		.4byte	0xe5
 2522 00df 05       		.uleb128 0x5
 2523 00e0 03       		.byte	0x3
 2524 00e1 00000000 		.4byte	cy_meta_wonvl
 2525 00e5 07       		.uleb128 0x7
 2526 00e6 AC000000 		.4byte	0xac
 2527 00ea 05       		.uleb128 0x5
 2528 00eb 91000000 		.4byte	0x91
 2529 00ef FA000000 		.4byte	0xfa
 2530 00f3 09       		.uleb128 0x9
 2531 00f4 8A000000 		.4byte	0x8a
 2532 00f8 FF       		.byte	0xff
 2533 00f9 00       		.byte	0
 2534 00fa 0A       		.uleb128 0xa
 2535 00fb 5F010000 		.4byte	.LASF15
 2536 00ff 03       		.byte	0x3
 2537 0100 6D01     		.2byte	0x16d
 2538 0102 0C010000 		.4byte	0x10c
 2539 0106 05       		.uleb128 0x5
 2540 0107 03       		.byte	0x3
 2541 0108 00000000 		.4byte	cy_meta_flashprotect
 2542 010c 07       		.uleb128 0x7
 2543 010d EA000000 		.4byte	0xea
 2544 0111 05       		.uleb128 0x5
 2545 0112 91000000 		.4byte	0x91
 2546 0116 21010000 		.4byte	0x121
 2547 011a 09       		.uleb128 0x9
 2548 011b 8A000000 		.4byte	0x8a
 2549 011f 0B       		.byte	0xb
 2550 0120 00       		.byte	0
 2551 0121 0A       		.uleb128 0xa
 2552 0122 98000000 		.4byte	.LASF16
 2553 0126 03       		.byte	0x3
 2554 0127 9A01     		.2byte	0x19a
 2555 0129 33010000 		.4byte	0x133
 2556 012d 05       		.uleb128 0x5
 2557 012e 03       		.byte	0x3
 2558 012f 00000000 		.4byte	cy_metadata
 2559 0133 07       		.uleb128 0x7
 2560 0134 11010000 		.4byte	0x111
 2561 0138 00       		.byte	0
ARM GAS  C:\Users\dantz\AppData\Local\Temp\ccj7LoQt.s 			page 46


 2562              		.section	.debug_abbrev,"",%progbits
 2563              	.Ldebug_abbrev0:
 2564 0000 01       		.uleb128 0x1
 2565 0001 11       		.uleb128 0x11
 2566 0002 01       		.byte	0x1
 2567 0003 25       		.uleb128 0x25
 2568 0004 0E       		.uleb128 0xe
 2569 0005 13       		.uleb128 0x13
 2570 0006 0B       		.uleb128 0xb
 2571 0007 03       		.uleb128 0x3
 2572 0008 0E       		.uleb128 0xe
 2573 0009 1B       		.uleb128 0x1b
 2574 000a 0E       		.uleb128 0xe
 2575 000b 10       		.uleb128 0x10
 2576 000c 17       		.uleb128 0x17
 2577 000d 00       		.byte	0
 2578 000e 00       		.byte	0
 2579 000f 02       		.uleb128 0x2
 2580 0010 24       		.uleb128 0x24
 2581 0011 00       		.byte	0
 2582 0012 0B       		.uleb128 0xb
 2583 0013 0B       		.uleb128 0xb
 2584 0014 3E       		.uleb128 0x3e
 2585 0015 0B       		.uleb128 0xb
 2586 0016 03       		.uleb128 0x3
 2587 0017 0E       		.uleb128 0xe
 2588 0018 00       		.byte	0
 2589 0019 00       		.byte	0
 2590 001a 03       		.uleb128 0x3
 2591 001b 16       		.uleb128 0x16
 2592 001c 00       		.byte	0
 2593 001d 03       		.uleb128 0x3
 2594 001e 0E       		.uleb128 0xe
 2595 001f 3A       		.uleb128 0x3a
 2596 0020 0B       		.uleb128 0xb
 2597 0021 3B       		.uleb128 0x3b
 2598 0022 0B       		.uleb128 0xb
 2599 0023 49       		.uleb128 0x49
 2600 0024 13       		.uleb128 0x13
 2601 0025 00       		.byte	0
 2602 0026 00       		.byte	0
 2603 0027 04       		.uleb128 0x4
 2604 0028 24       		.uleb128 0x24
 2605 0029 00       		.byte	0
 2606 002a 0B       		.uleb128 0xb
 2607 002b 0B       		.uleb128 0xb
 2608 002c 3E       		.uleb128 0x3e
 2609 002d 0B       		.uleb128 0xb
 2610 002e 03       		.uleb128 0x3
 2611 002f 08       		.uleb128 0x8
 2612 0030 00       		.byte	0
 2613 0031 00       		.byte	0
 2614 0032 05       		.uleb128 0x5
 2615 0033 01       		.uleb128 0x1
 2616 0034 01       		.byte	0x1
 2617 0035 49       		.uleb128 0x49
 2618 0036 13       		.uleb128 0x13
ARM GAS  C:\Users\dantz\AppData\Local\Temp\ccj7LoQt.s 			page 47


 2619 0037 01       		.uleb128 0x1
 2620 0038 13       		.uleb128 0x13
 2621 0039 00       		.byte	0
 2622 003a 00       		.byte	0
 2623 003b 06       		.uleb128 0x6
 2624 003c 21       		.uleb128 0x21
 2625 003d 00       		.byte	0
 2626 003e 49       		.uleb128 0x49
 2627 003f 13       		.uleb128 0x13
 2628 0040 2F       		.uleb128 0x2f
 2629 0041 05       		.uleb128 0x5
 2630 0042 00       		.byte	0
 2631 0043 00       		.byte	0
 2632 0044 07       		.uleb128 0x7
 2633 0045 26       		.uleb128 0x26
 2634 0046 00       		.byte	0
 2635 0047 49       		.uleb128 0x49
 2636 0048 13       		.uleb128 0x13
 2637 0049 00       		.byte	0
 2638 004a 00       		.byte	0
 2639 004b 08       		.uleb128 0x8
 2640 004c 34       		.uleb128 0x34
 2641 004d 00       		.byte	0
 2642 004e 03       		.uleb128 0x3
 2643 004f 0E       		.uleb128 0xe
 2644 0050 3A       		.uleb128 0x3a
 2645 0051 0B       		.uleb128 0xb
 2646 0052 3B       		.uleb128 0x3b
 2647 0053 0B       		.uleb128 0xb
 2648 0054 49       		.uleb128 0x49
 2649 0055 13       		.uleb128 0x13
 2650 0056 3F       		.uleb128 0x3f
 2651 0057 19       		.uleb128 0x19
 2652 0058 02       		.uleb128 0x2
 2653 0059 18       		.uleb128 0x18
 2654 005a 00       		.byte	0
 2655 005b 00       		.byte	0
 2656 005c 09       		.uleb128 0x9
 2657 005d 21       		.uleb128 0x21
 2658 005e 00       		.byte	0
 2659 005f 49       		.uleb128 0x49
 2660 0060 13       		.uleb128 0x13
 2661 0061 2F       		.uleb128 0x2f
 2662 0062 0B       		.uleb128 0xb
 2663 0063 00       		.byte	0
 2664 0064 00       		.byte	0
 2665 0065 0A       		.uleb128 0xa
 2666 0066 34       		.uleb128 0x34
 2667 0067 00       		.byte	0
 2668 0068 03       		.uleb128 0x3
 2669 0069 0E       		.uleb128 0xe
 2670 006a 3A       		.uleb128 0x3a
 2671 006b 0B       		.uleb128 0xb
 2672 006c 3B       		.uleb128 0x3b
 2673 006d 05       		.uleb128 0x5
 2674 006e 49       		.uleb128 0x49
 2675 006f 13       		.uleb128 0x13
ARM GAS  C:\Users\dantz\AppData\Local\Temp\ccj7LoQt.s 			page 48


 2676 0070 3F       		.uleb128 0x3f
 2677 0071 19       		.uleb128 0x19
 2678 0072 02       		.uleb128 0x2
 2679 0073 18       		.uleb128 0x18
 2680 0074 00       		.byte	0
 2681 0075 00       		.byte	0
 2682 0076 00       		.byte	0
 2683              		.section	.debug_aranges,"",%progbits
 2684 0000 14000000 		.4byte	0x14
 2685 0004 0200     		.2byte	0x2
 2686 0006 00000000 		.4byte	.Ldebug_info0
 2687 000a 04       		.byte	0x4
 2688 000b 00       		.byte	0
 2689 000c 0000     		.2byte	0
 2690 000e 0000     		.2byte	0
 2691 0010 00000000 		.4byte	0
 2692 0014 00000000 		.4byte	0
 2693              		.section	.debug_line,"",%progbits
 2694              	.Ldebug_line0:
 2695 0000 3D010000 		.section	.debug_str,"MS",%progbits,1
 2695      02003701 
 2695      00000201 
 2695      FB0E0D00 
 2695      01010101 
 2696              	.LASF9:
 2697 0000 5F5F7569 		.ascii	"__uint8_t\000"
 2697      6E74385F 
 2697      7400
 2698              	.LASF17:
 2699 000a 474E5520 		.ascii	"GNU C11 5.4.1 20160609 (release) [ARM/embedded-5-br"
 2699      43313120 
 2699      352E342E 
 2699      31203230 
 2699      31363036 
 2700 003d 616E6368 		.ascii	"anch revision 237715] -mcpu=cortex-m3 -mthumb -g -O"
 2700      20726576 
 2700      6973696F 
 2700      6E203233 
 2700      37373135 
 2701 0070 30202D66 		.ascii	"0 -ffunction-sections -ffat-lto-objects\000"
 2701      66756E63 
 2701      74696F6E 
 2701      2D736563 
 2701      74696F6E 
 2702              	.LASF16:
 2703 0098 63795F6D 		.ascii	"cy_metadata\000"
 2703      65746164 
 2703      61746100 
 2704              	.LASF1:
 2705 00a4 756E7369 		.ascii	"unsigned char\000"
 2705      676E6564 
 2705      20636861 
 2705      7200
 2706              	.LASF5:
 2707 00b2 6C6F6E67 		.ascii	"long unsigned int\000"
 2707      20756E73 
 2707      69676E65 
ARM GAS  C:\Users\dantz\AppData\Local\Temp\ccj7LoQt.s 			page 49


 2707      6420696E 
 2707      7400
 2708              	.LASF3:
 2709 00c4 73686F72 		.ascii	"short unsigned int\000"
 2709      7420756E 
 2709      7369676E 
 2709      65642069 
 2709      6E7400
 2710              	.LASF13:
 2711 00d7 63795F6D 		.ascii	"cy_meta_custnvl\000"
 2711      6574615F 
 2711      63757374 
 2711      6E766C00 
 2712              	.LASF12:
 2713 00e7 63795F6D 		.ascii	"cy_meta_configecc\000"
 2713      6574615F 
 2713      636F6E66 
 2713      69676563 
 2713      6300
 2714              	.LASF8:
 2715 00f9 756E7369 		.ascii	"unsigned int\000"
 2715      676E6564 
 2715      20696E74 
 2715      00
 2716              	.LASF7:
 2717 0106 6C6F6E67 		.ascii	"long long unsigned int\000"
 2717      206C6F6E 
 2717      6720756E 
 2717      7369676E 
 2717      65642069 
 2718              	.LASF10:
 2719 011d 75696E74 		.ascii	"uint8_t\000"
 2719      385F7400 
 2720              	.LASF19:
 2721 0125 433A5C55 		.ascii	"C:\\Users\\dantz\\Documents\\notoriOS\\notoriOS\\no"
 2721      73657273 
 2721      5C64616E 
 2721      747A5C44 
 2721      6F63756D 
 2722 0152 746F7269 		.ascii	"toriOS.cydsn\000"
 2722      4F532E63 
 2722      7964736E 
 2722      00
 2723              	.LASF15:
 2724 015f 63795F6D 		.ascii	"cy_meta_flashprotect\000"
 2724      6574615F 
 2724      666C6173 
 2724      6870726F 
 2724      74656374 
 2725              	.LASF14:
 2726 0174 63795F6D 		.ascii	"cy_meta_wonvl\000"
 2726      6574615F 
 2726      776F6E76 
 2726      6C00
 2727              	.LASF11:
 2728 0182 73697A65 		.ascii	"sizetype\000"
 2728      74797065 
ARM GAS  C:\Users\dantz\AppData\Local\Temp\ccj7LoQt.s 			page 50


 2728      00
 2729              	.LASF6:
 2730 018b 6C6F6E67 		.ascii	"long long int\000"
 2730      206C6F6E 
 2730      6720696E 
 2730      7400
 2731              	.LASF2:
 2732 0199 73686F72 		.ascii	"short int\000"
 2732      7420696E 
 2732      7400
 2733              	.LASF4:
 2734 01a3 6C6F6E67 		.ascii	"long int\000"
 2734      20696E74 
 2734      00
 2735              	.LASF0:
 2736 01ac 7369676E 		.ascii	"signed char\000"
 2736      65642063 
 2736      68617200 
 2737              	.LASF18:
 2738 01b8 47656E65 		.ascii	"Generated_Source\\PSoC5\\cymetadata.c\000"
 2738      72617465 
 2738      645F536F 
 2738      75726365 
 2738      5C50536F 
 2739              		.ident	"GCC: (GNU Tools for ARM Embedded Processors) 5.4.1 20160609 (release) [ARM/embedded-5-bran
