ARM GAS  C:\Users\hail\AppData\Local\Temp\ccgoPSMu.s 			page 1


   1              		.syntax unified
   2              		.cpu cortex-m3
   3              		.fpu softvfp
   4              		.eabi_attribute 20, 1
   5              		.eabi_attribute 21, 1
   6              		.eabi_attribute 23, 3
   7              		.eabi_attribute 24, 1
   8              		.eabi_attribute 25, 1
   9              		.eabi_attribute 26, 1
  10              		.eabi_attribute 30, 6
  11              		.eabi_attribute 34, 1
  12              		.eabi_attribute 18, 4
  13              		.thumb
  14              		.syntax unified
  15              		.file	"data.c"
  16              		.text
  17              	.Ltext0:
  18              		.cfi_sections	.debug_frame
  19              		.comm	modem_state,1,1
  20              		.comm	modem_start_time_stamp,4,4
  21              		.comm	modem_info,60,4
  22              		.comm	modem_stats,16,4
  23              		.comm	updatable_parameters,3,4
  24              		.syntax unified
  25              		.global _printf_float
  26              		.thumb
  27              		.syntax unified
  28              		.comm	dataPointsInStack,2,2
  29              		.comm	dataPointsInStackDesired,2,2
  30              		.comm	data,6600,4
  31              		.comm	http_request,10000,4
  32              		.comm	http_body,10000,4
  33              		.comm	http_route,200,4
  34              		.comm	system_info,28,4
  35              		.comm	system_settings,324,4
  36              		.section	.rodata
  37              		.align	2
  38              	.LC0:
  39 0000 257300   		.ascii	"%s\000"
  40 0003 00       		.align	2
  41              	.LC1:
  42 0004 44617461 		.ascii	"Data stack full. Begin overwrite of circular buffer"
  42      20737461 
  42      636B2066 
  42      756C6C2E 
  42      20426567 
  43 0037 2E00     		.ascii	".\000"
  44              		.section	.text.pushData,"ax",%progbits
  45              		.align	2
  46              		.global	pushData
  47              		.thumb
  48              		.thumb_func
  49              		.type	pushData, %function
  50              	pushData:
  51              	.LFB64:
  52              		.file 1 "data.c"
   1:data.c        **** // ==============================================
ARM GAS  C:\Users\hail\AppData\Local\Temp\ccgoPSMu.s 			page 2


   2:data.c        **** //  I got stacks on stacks (on stacks)
   3:data.c        **** //      - Soulja Boy (2011)
   4:data.c        **** //
   5:data.c        **** // This defines methods for the core data stack, which will be syunced with the server
   6:data.c        **** // ==============================================
   7:data.c        **** #include "data.h"
   8:data.c        **** #include "notoriOS.h"
   9:data.c        **** 
  10:data.c        **** 
  11:data.c        **** // ==============================================
  12:data.c        **** //  Push It
  13:data.c        **** //      - Salt-n-Peppa (1987)
  14:data.c        **** //
  15:data.c        **** // This pushes data onto the stack
  16:data.c        **** // ==============================================
  17:data.c        **** uint8 pushData(char * key, char *value, int32 timestamp){
  53              		.loc 1 17 0
  54              		.cfi_startproc
  55              		@ args = 0, pretend = 0, frame = 16
  56              		@ frame_needed = 1, uses_anonymous_args = 0
  57 0000 80B5     		push	{r7, lr}
  58              		.cfi_def_cfa_offset 8
  59              		.cfi_offset 7, -8
  60              		.cfi_offset 14, -4
  61 0002 84B0     		sub	sp, sp, #16
  62              		.cfi_def_cfa_offset 24
  63 0004 00AF     		add	r7, sp, #0
  64              		.cfi_def_cfa_register 7
  65 0006 F860     		str	r0, [r7, #12]
  66 0008 B960     		str	r1, [r7, #8]
  67 000a 7A60     		str	r2, [r7, #4]
  18:data.c        ****     // Print data key, value and timestamp
  19:data.c        ****     snprintf(data[dataPointsInStack].key,sizeof(data[dataPointsInStack].key), "%s", key);
  68              		.loc 1 19 0
  69 000c 224B     		ldr	r3, .L4
  70 000e 1B88     		ldrh	r3, [r3]
  71 0010 1A46     		mov	r2, r3
  72 0012 2C23     		movs	r3, #44
  73 0014 03FB02F3 		mul	r3, r3, r2
  74 0018 204A     		ldr	r2, .L4+4
  75 001a 9818     		adds	r0, r3, r2
  76 001c FB68     		ldr	r3, [r7, #12]
  77 001e 204A     		ldr	r2, .L4+8
  78 0020 1421     		movs	r1, #20
  79 0022 FFF7FEFF 		bl	snprintf
  20:data.c        ****     snprintf(data[dataPointsInStack].value,sizeof(data[dataPointsInStack].value), "%s", value);
  80              		.loc 1 20 0
  81 0026 1C4B     		ldr	r3, .L4
  82 0028 1B88     		ldrh	r3, [r3]
  83 002a 1A46     		mov	r2, r3
  84 002c 2C23     		movs	r3, #44
  85 002e 03FB02F3 		mul	r3, r3, r2
  86 0032 1033     		adds	r3, r3, #16
  87 0034 194A     		ldr	r2, .L4+4
  88 0036 1344     		add	r3, r3, r2
  89 0038 181D     		adds	r0, r3, #4
  90 003a BB68     		ldr	r3, [r7, #8]
ARM GAS  C:\Users\hail\AppData\Local\Temp\ccgoPSMu.s 			page 3


  91 003c 184A     		ldr	r2, .L4+8
  92 003e 1421     		movs	r1, #20
  93 0040 FFF7FEFF 		bl	snprintf
  21:data.c        ****     data[dataPointsInStack].timeStamp = timestamp;
  94              		.loc 1 21 0
  95 0044 144B     		ldr	r3, .L4
  96 0046 1B88     		ldrh	r3, [r3]
  97 0048 1946     		mov	r1, r3
  98 004a 144A     		ldr	r2, .L4+4
  99 004c 2C23     		movs	r3, #44
 100 004e 03FB01F3 		mul	r3, r3, r1
 101 0052 1344     		add	r3, r3, r2
 102 0054 2833     		adds	r3, r3, #40
 103 0056 7A68     		ldr	r2, [r7, #4]
 104 0058 1A60     		str	r2, [r3]
  22:data.c        ****     
  23:data.c        ****     // Track the number of actual (dataPointsInStack) and desired (dataPointsInStackPointer) data p
  24:data.c        ****     dataPointsInStack++;
 105              		.loc 1 24 0
 106 005a 0F4B     		ldr	r3, .L4
 107 005c 1B88     		ldrh	r3, [r3]
 108 005e 0133     		adds	r3, r3, #1
 109 0060 9AB2     		uxth	r2, r3
 110 0062 0D4B     		ldr	r3, .L4
 111 0064 1A80     		strh	r2, [r3]	@ movhi
  25:data.c        ****     dataPointsInStackDesired++;
 112              		.loc 1 25 0
 113 0066 0F4B     		ldr	r3, .L4+12
 114 0068 1B88     		ldrh	r3, [r3]
 115 006a 0133     		adds	r3, r3, #1
 116 006c 9AB2     		uxth	r2, r3
 117 006e 0D4B     		ldr	r3, .L4+12
 118 0070 1A80     		strh	r2, [r3]	@ movhi
  26:data.c        ****     
  27:data.c        ****     // Circular buffer
  28:data.c        ****     // If stack is full, loop around and rewrite over the first point.
  29:data.c        ****     // Keep datPointsInStackDesired increasing to track total number of desired points.
  30:data.c        ****     // Both reset to zero once buffer is flushed ( see Clear_Data_Stack() ).
  31:data.c        ****     if(dataPointsInStack >= DATA_MAX_VALUES){
 119              		.loc 1 31 0
 120 0072 094B     		ldr	r3, .L4
 121 0074 1B88     		ldrh	r3, [r3]
 122 0076 952B     		cmp	r3, #149
 123 0078 08D9     		bls	.L2
  32:data.c        ****         dataPointsInStack = 0;
 124              		.loc 1 32 0
 125 007a 074B     		ldr	r3, .L4
 126 007c 0022     		movs	r2, #0
 127 007e 1A80     		strh	r2, [r3]	@ movhi
  33:data.c        ****         printNotif(NOTIF_TYPE_ERROR,"Data stack full. Begin overwrite of circular buffer.");
 128              		.loc 1 33 0
 129 0080 0949     		ldr	r1, .L4+16
 130 0082 0220     		movs	r0, #2
 131 0084 FFF7FEFF 		bl	printNotif
  34:data.c        ****         return 0; // If stack full, and points need to be deleted, return 0 
 132              		.loc 1 34 0
 133 0088 0023     		movs	r3, #0
ARM GAS  C:\Users\hail\AppData\Local\Temp\ccgoPSMu.s 			page 4


 134 008a 00E0     		b	.L3
 135              	.L2:
  35:data.c        ****     }
  36:data.c        ****     
  37:data.c        ****     return 1; // If data pushed succesfully, return 1
 136              		.loc 1 37 0
 137 008c 0123     		movs	r3, #1
 138              	.L3:
  38:data.c        ****     
  39:data.c        **** }
 139              		.loc 1 39 0
 140 008e 1846     		mov	r0, r3
 141 0090 1037     		adds	r7, r7, #16
 142              		.cfi_def_cfa_offset 8
 143 0092 BD46     		mov	sp, r7
 144              		.cfi_def_cfa_register 13
 145              		@ sp needed
 146 0094 80BD     		pop	{r7, pc}
 147              	.L5:
 148 0096 00BF     		.align	2
 149              	.L4:
 150 0098 00000000 		.word	dataPointsInStack
 151 009c 00000000 		.word	data
 152 00a0 00000000 		.word	.LC0
 153 00a4 00000000 		.word	dataPointsInStackDesired
 154 00a8 04000000 		.word	.LC1
 155              		.cfi_endproc
 156              	.LFE64:
 157              		.size	pushData, .-pushData
 158              		.section	.text.Initialize_Data_Stack,"ax",%progbits
 159              		.align	2
 160              		.global	Initialize_Data_Stack
 161              		.thumb
 162              		.thumb_func
 163              		.type	Initialize_Data_Stack, %function
 164              	Initialize_Data_Stack:
 165              	.LFB65:
  40:data.c        **** 
  41:data.c        **** // Initalize Data Stack -- sets counter and pointer to zero
  42:data.c        **** void Initialize_Data_Stack(){
 166              		.loc 1 42 0
 167              		.cfi_startproc
 168              		@ args = 0, pretend = 0, frame = 0
 169              		@ frame_needed = 1, uses_anonymous_args = 0
 170 0000 80B5     		push	{r7, lr}
 171              		.cfi_def_cfa_offset 8
 172              		.cfi_offset 7, -8
 173              		.cfi_offset 14, -4
 174 0002 00AF     		add	r7, sp, #0
 175              		.cfi_def_cfa_register 7
  43:data.c        ****     Clear_Data_Stack(); // Clear out whatever data was in the stack.
 176              		.loc 1 43 0
 177 0004 FFF7FEFF 		bl	Clear_Data_Stack
  44:data.c        **** }
 178              		.loc 1 44 0
 179 0008 00BF     		nop
 180 000a 80BD     		pop	{r7, pc}
ARM GAS  C:\Users\hail\AppData\Local\Temp\ccgoPSMu.s 			page 5


 181              		.cfi_endproc
 182              	.LFE65:
 183              		.size	Initialize_Data_Stack, .-Initialize_Data_Stack
 184              		.section	.text.Clear_Data_Stack,"ax",%progbits
 185              		.align	2
 186              		.global	Clear_Data_Stack
 187              		.thumb
 188              		.thumb_func
 189              		.type	Clear_Data_Stack, %function
 190              	Clear_Data_Stack:
 191              	.LFB66:
  45:data.c        **** 
  46:data.c        **** // Clear the data stack
  47:data.c        **** void Clear_Data_Stack(){
 192              		.loc 1 47 0
 193              		.cfi_startproc
 194              		@ args = 0, pretend = 0, frame = 8
 195              		@ frame_needed = 1, uses_anonymous_args = 0
 196              		@ link register save eliminated.
 197 0000 80B4     		push	{r7}
 198              		.cfi_def_cfa_offset 4
 199              		.cfi_offset 7, -4
 200 0002 83B0     		sub	sp, sp, #12
 201              		.cfi_def_cfa_offset 16
 202 0004 00AF     		add	r7, sp, #0
 203              		.cfi_def_cfa_register 7
 204              	.LBB2:
  48:data.c        ****     for(uint16 i;i<DATA_MAX_VALUES;i++){
 205              		.loc 1 48 0
 206 0006 1CE0     		b	.L8
 207              	.L9:
  49:data.c        ****         data[i].key[0] = '\0';
 208              		.loc 1 49 0 discriminator 2
 209 0008 FB88     		ldrh	r3, [r7, #6]
 210 000a 154A     		ldr	r2, .L10
 211 000c 2C21     		movs	r1, #44
 212 000e 01FB03F3 		mul	r3, r1, r3
 213 0012 1344     		add	r3, r3, r2
 214 0014 0022     		movs	r2, #0
 215 0016 1A70     		strb	r2, [r3]
  50:data.c        ****         data[i].value[0] = '\0';
 216              		.loc 1 50 0 discriminator 2
 217 0018 FB88     		ldrh	r3, [r7, #6]
 218 001a 114A     		ldr	r2, .L10
 219 001c 2C21     		movs	r1, #44
 220 001e 01FB03F3 		mul	r3, r1, r3
 221 0022 1344     		add	r3, r3, r2
 222 0024 1433     		adds	r3, r3, #20
 223 0026 0022     		movs	r2, #0
 224 0028 1A70     		strb	r2, [r3]
  51:data.c        ****         data[i].timeStamp = 0;
 225              		.loc 1 51 0 discriminator 2
 226 002a FB88     		ldrh	r3, [r7, #6]
 227 002c 0C4A     		ldr	r2, .L10
 228 002e 2C21     		movs	r1, #44
 229 0030 01FB03F3 		mul	r3, r1, r3
 230 0034 1344     		add	r3, r3, r2
ARM GAS  C:\Users\hail\AppData\Local\Temp\ccgoPSMu.s 			page 6


 231 0036 2833     		adds	r3, r3, #40
 232 0038 0022     		movs	r2, #0
 233 003a 1A60     		str	r2, [r3]
  48:data.c        ****         data[i].key[0] = '\0';
 234              		.loc 1 48 0 discriminator 2
 235 003c FB88     		ldrh	r3, [r7, #6]
 236 003e 0133     		adds	r3, r3, #1
 237 0040 FB80     		strh	r3, [r7, #6]	@ movhi
 238              	.L8:
  48:data.c        ****         data[i].key[0] = '\0';
 239              		.loc 1 48 0 is_stmt 0 discriminator 1
 240 0042 FB88     		ldrh	r3, [r7, #6]
 241 0044 952B     		cmp	r3, #149
 242 0046 DFD9     		bls	.L9
 243              	.LBE2:
  52:data.c        ****     }
  53:data.c        ****     dataPointsInStack = 0;
 244              		.loc 1 53 0 is_stmt 1
 245 0048 064B     		ldr	r3, .L10+4
 246 004a 0022     		movs	r2, #0
 247 004c 1A80     		strh	r2, [r3]	@ movhi
  54:data.c        ****     dataPointsInStackDesired = 0;
 248              		.loc 1 54 0
 249 004e 064B     		ldr	r3, .L10+8
 250 0050 0022     		movs	r2, #0
 251 0052 1A80     		strh	r2, [r3]	@ movhi
  55:data.c        ****    
  56:data.c        **** }
 252              		.loc 1 56 0
 253 0054 00BF     		nop
 254 0056 0C37     		adds	r7, r7, #12
 255              		.cfi_def_cfa_offset 4
 256 0058 BD46     		mov	sp, r7
 257              		.cfi_def_cfa_register 13
 258              		@ sp needed
 259 005a 80BC     		pop	{r7}
 260              		.cfi_restore 7
 261              		.cfi_def_cfa_offset 0
 262 005c 7047     		bx	lr
 263              	.L11:
 264 005e 00BF     		.align	2
 265              	.L10:
 266 0060 00000000 		.word	data
 267 0064 00000000 		.word	dataPointsInStack
 268 0068 00000000 		.word	dataPointsInStackDesired
 269              		.cfi_endproc
 270              	.LFE66:
 271              		.size	Clear_Data_Stack, .-Clear_Data_Stack
 272              		.section	.text.sizeOfDataStackDesired,"ax",%progbits
 273              		.align	2
 274              		.global	sizeOfDataStackDesired
 275              		.thumb
 276              		.thumb_func
 277              		.type	sizeOfDataStackDesired, %function
 278              	sizeOfDataStackDesired:
 279              	.LFB67:
  57:data.c        **** 
ARM GAS  C:\Users\hail\AppData\Local\Temp\ccgoPSMu.s 			page 7


  58:data.c        **** // Return the desired number of points in the stack
  59:data.c        **** uint16 sizeOfDataStackDesired(){
 280              		.loc 1 59 0
 281              		.cfi_startproc
 282              		@ args = 0, pretend = 0, frame = 0
 283              		@ frame_needed = 1, uses_anonymous_args = 0
 284              		@ link register save eliminated.
 285 0000 80B4     		push	{r7}
 286              		.cfi_def_cfa_offset 4
 287              		.cfi_offset 7, -4
 288 0002 00AF     		add	r7, sp, #0
 289              		.cfi_def_cfa_register 7
  60:data.c        ****     return dataPointsInStackDesired;
 290              		.loc 1 60 0
 291 0004 024B     		ldr	r3, .L14
 292 0006 1B88     		ldrh	r3, [r3]
  61:data.c        **** }
 293              		.loc 1 61 0
 294 0008 1846     		mov	r0, r3
 295 000a BD46     		mov	sp, r7
 296              		.cfi_def_cfa_register 13
 297              		@ sp needed
 298 000c 80BC     		pop	{r7}
 299              		.cfi_restore 7
 300              		.cfi_def_cfa_offset 0
 301 000e 7047     		bx	lr
 302              	.L15:
 303              		.align	2
 304              	.L14:
 305 0010 00000000 		.word	dataPointsInStackDesired
 306              		.cfi_endproc
 307              	.LFE67:
 308              		.size	sizeOfDataStackDesired, .-sizeOfDataStackDesired
 309              		.section	.text.sizeOfDataStack,"ax",%progbits
 310              		.align	2
 311              		.global	sizeOfDataStack
 312              		.thumb
 313              		.thumb_func
 314              		.type	sizeOfDataStack, %function
 315              	sizeOfDataStack:
 316              	.LFB68:
  62:data.c        **** 
  63:data.c        **** // Return the actual number of points in the stack 
  64:data.c        **** uint16 sizeOfDataStack(){
 317              		.loc 1 64 0
 318              		.cfi_startproc
 319              		@ args = 0, pretend = 0, frame = 0
 320              		@ frame_needed = 1, uses_anonymous_args = 0
 321              		@ link register save eliminated.
 322 0000 80B4     		push	{r7}
 323              		.cfi_def_cfa_offset 4
 324              		.cfi_offset 7, -4
 325 0002 00AF     		add	r7, sp, #0
 326              		.cfi_def_cfa_register 7
  65:data.c        ****     return dataPointsInStack;
 327              		.loc 1 65 0
 328 0004 024B     		ldr	r3, .L18
ARM GAS  C:\Users\hail\AppData\Local\Temp\ccgoPSMu.s 			page 8


 329 0006 1B88     		ldrh	r3, [r3]
  66:data.c        **** }
 330              		.loc 1 66 0
 331 0008 1846     		mov	r0, r3
 332 000a BD46     		mov	sp, r7
 333              		.cfi_def_cfa_register 13
 334              		@ sp needed
 335 000c 80BC     		pop	{r7}
 336              		.cfi_restore 7
 337              		.cfi_def_cfa_offset 0
 338 000e 7047     		bx	lr
 339              	.L19:
 340              		.align	2
 341              	.L18:
 342 0010 00000000 		.word	dataPointsInStack
 343              		.cfi_endproc
 344              	.LFE68:
 345              		.size	sizeOfDataStack, .-sizeOfDataStack
 346              		.section	.rodata
 347 0039 000000   		.align	2
 348              	.LC2:
 349 003c 2573202F 		.ascii	"%s /%s HTTP/%s\015\012\000"
 349      25732048 
 349      5454502F 
 349      25730D0A 
 349      00
 350 004d 000000   		.align	2
 351              	.LC3:
 352 0050 25732573 		.ascii	"%s%s%s%s%d%s%s%s%s\000"
 352      25732573 
 352      25642573 
 352      25732573 
 352      257300
 353 0063 00       		.align	2
 354              	.LC4:
 355 0064 0D0A00   		.ascii	"\015\012\000"
 356 0067 00       		.align	2
 357              	.LC5:
 358 0068 436F6E6E 		.ascii	"Connection: \000"
 358      65637469 
 358      6F6E3A20 
 358      00
 359 0075 000000   		.align	2
 360              	.LC6:
 361 0078 3A00     		.ascii	":\000"
 362 007a 0000     		.align	2
 363              	.LC7:
 364 007c 486F7374 		.ascii	"Host: \000"
 364      3A2000
 365 0083 00       		.align	2
 366              	.LC8:
 367 0084 25732573 		.ascii	"%s%s\000"
 367      00
 368 0089 000000   		.align	2
 369              	.LC9:
 370 008c 47455400 		.ascii	"GET\000"
 371              		.align	2
ARM GAS  C:\Users\hail\AppData\Local\Temp\ccgoPSMu.s 			page 9


 372              	.LC10:
 373 0090 25732573 		.ascii	"%s%s%s%d%s\000"
 373      25732564 
 373      257300
 374 009b 00       		.align	2
 375              	.LC11:
 376 009c 0D0A0D0A 		.ascii	"\015\012\015\012\000"
 376      00
 377 00a1 000000   		.align	2
 378              	.LC12:
 379 00a4 436F6E74 		.ascii	"Content-Length: \000"
 379      656E742D 
 379      4C656E67 
 379      74683A20 
 379      00
 380 00b5 000000   		.align	2
 381              	.LC13:
 382 00b8 436F6E74 		.ascii	"Content-Type: text/plain\015\012\000"
 382      656E742D 
 382      54797065 
 382      3A207465 
 382      78742F70 
 383 00d3 00       		.align	2
 384              	.LC14:
 385 00d4 25732573 		.ascii	"%s%s\015\012\000"
 385      0D0A00
 386              		.section	.text.construct_generic_HTTP_request,"ax",%progbits
 387              		.align	2
 388              		.global	construct_generic_HTTP_request
 389              		.thumb
 390              		.thumb_func
 391              		.type	construct_generic_HTTP_request, %function
 392              	construct_generic_HTTP_request:
 393              	.LFB69:
  67:data.c        **** 
  68:data.c        **** // This function could really use a test
  69:data.c        **** void construct_generic_HTTP_request(char* request, char* body, char* host, char* route,
  70:data.c        ****                                int port, char* method, char* connection_type,
  71:data.c        **** 	                           char *extra_headers, int extra_len, char* http_protocol){
 394              		.loc 1 71 0
 395              		.cfi_startproc
 396              		@ args = 24, pretend = 0, frame = 16
 397              		@ frame_needed = 1, uses_anonymous_args = 0
 398 0000 80B5     		push	{r7, lr}
 399              		.cfi_def_cfa_offset 8
 400              		.cfi_offset 7, -8
 401              		.cfi_offset 14, -4
 402 0002 8CB0     		sub	sp, sp, #48
 403              		.cfi_def_cfa_offset 56
 404 0004 08AF     		add	r7, sp, #32
 405              		.cfi_def_cfa 7, 24
 406 0006 F860     		str	r0, [r7, #12]
 407 0008 B960     		str	r1, [r7, #8]
 408 000a 7A60     		str	r2, [r7, #4]
 409 000c 3B60     		str	r3, [r7]
  72:data.c        **** 
  73:data.c        ****     snprintf(request,sizeof(http_request),"%s /%s HTTP/%s\r\n", method, route, http_protocol);
ARM GAS  C:\Users\hail\AppData\Local\Temp\ccgoPSMu.s 			page 10


 410              		.loc 1 73 0
 411 000e FB6A     		ldr	r3, [r7, #44]
 412 0010 0193     		str	r3, [sp, #4]
 413 0012 3B68     		ldr	r3, [r7]
 414 0014 0093     		str	r3, [sp]
 415 0016 FB69     		ldr	r3, [r7, #28]
 416 0018 2A4A     		ldr	r2, .L23
 417 001a 42F21071 		movw	r1, #10000
 418 001e F868     		ldr	r0, [r7, #12]
 419 0020 FFF7FEFF 		bl	snprintf
  74:data.c        ****     snprintf(request,sizeof(http_request),"%s%s%s%s%d%s%s%s%s",
 420              		.loc 1 74 0
 421 0024 284B     		ldr	r3, .L23+4
 422 0026 0793     		str	r3, [sp, #28]
 423 0028 3B6A     		ldr	r3, [r7, #32]
 424 002a 0693     		str	r3, [sp, #24]
 425 002c 274B     		ldr	r3, .L23+8
 426 002e 0593     		str	r3, [sp, #20]
 427 0030 254B     		ldr	r3, .L23+4
 428 0032 0493     		str	r3, [sp, #16]
 429 0034 BB69     		ldr	r3, [r7, #24]
 430 0036 0393     		str	r3, [sp, #12]
 431 0038 254B     		ldr	r3, .L23+12
 432 003a 0293     		str	r3, [sp, #8]
 433 003c 7B68     		ldr	r3, [r7, #4]
 434 003e 0193     		str	r3, [sp, #4]
 435 0040 244B     		ldr	r3, .L23+16
 436 0042 0093     		str	r3, [sp]
 437 0044 FB68     		ldr	r3, [r7, #12]
 438 0046 244A     		ldr	r2, .L23+20
 439 0048 42F21071 		movw	r1, #10000
 440 004c F868     		ldr	r0, [r7, #12]
 441 004e FFF7FEFF 		bl	snprintf
  75:data.c        ****             request, // 1
  76:data.c        ****             "Host: ", host, ":", port, "\r\n", // 2 3 4 5 6
  77:data.c        ****             "Connection: ", connection_type, "\r\n"); // 7 8 9
  78:data.c        **** 	if (extra_headers && strlen(extra_headers) > 0){
 442              		.loc 1 78 0
 443 0052 7B6A     		ldr	r3, [r7, #36]
 444 0054 002B     		cmp	r3, #0
 445 0056 0CD0     		beq	.L21
 446              		.loc 1 78 0 is_stmt 0 discriminator 1
 447 0058 7B6A     		ldr	r3, [r7, #36]
 448 005a 1B78     		ldrb	r3, [r3]	@ zero_extendqisi2
 449 005c 002B     		cmp	r3, #0
 450 005e 08D0     		beq	.L21
  79:data.c        **** 		snprintf(request,sizeof(http_request), "%s%s", request, extra_headers);
 451              		.loc 1 79 0 is_stmt 1
 452 0060 7B6A     		ldr	r3, [r7, #36]
 453 0062 0093     		str	r3, [sp]
 454 0064 FB68     		ldr	r3, [r7, #12]
 455 0066 1D4A     		ldr	r2, .L23+24
 456 0068 42F21071 		movw	r1, #10000
 457 006c F868     		ldr	r0, [r7, #12]
 458 006e FFF7FEFF 		bl	snprintf
 459              	.L21:
  80:data.c        **** 	}
ARM GAS  C:\Users\hail\AppData\Local\Temp\ccgoPSMu.s 			page 11


  81:data.c        **** 	if (strcmp(method, "GET") != 0){
 460              		.loc 1 81 0
 461 0072 1B49     		ldr	r1, .L23+28
 462 0074 F869     		ldr	r0, [r7, #28]
 463 0076 FFF7FEFF 		bl	strcmp
 464 007a 0346     		mov	r3, r0
 465 007c 002B     		cmp	r3, #0
 466 007e 13D0     		beq	.L22
  82:data.c        **** 		snprintf(request,sizeof(http_request), "%s%s%s%d%s",
  83:data.c        **** 			request,
  84:data.c        ****             "Content-Type: text/plain\r\n", // 10
  85:data.c        ****             "Content-Length: ", (extra_len + strlen(body)), //11 12 (Extra len should be 2 for flas
 467              		.loc 1 85 0
 468 0080 B868     		ldr	r0, [r7, #8]
 469 0082 FFF7FEFF 		bl	strlen
 470 0086 0246     		mov	r2, r0
  82:data.c        **** 		snprintf(request,sizeof(http_request), "%s%s%s%d%s",
 471              		.loc 1 82 0
 472 0088 BB6A     		ldr	r3, [r7, #40]
 473 008a 1344     		add	r3, r3, r2
 474 008c 154A     		ldr	r2, .L23+32
 475 008e 0392     		str	r2, [sp, #12]
 476 0090 0293     		str	r3, [sp, #8]
 477 0092 154B     		ldr	r3, .L23+36
 478 0094 0193     		str	r3, [sp, #4]
 479 0096 154B     		ldr	r3, .L23+40
 480 0098 0093     		str	r3, [sp]
 481 009a FB68     		ldr	r3, [r7, #12]
 482 009c 144A     		ldr	r2, .L23+44
 483 009e 42F21071 		movw	r1, #10000
 484 00a2 F868     		ldr	r0, [r7, #12]
 485 00a4 FFF7FEFF 		bl	snprintf
 486              	.L22:
  86:data.c        ****             "\r\n\r\n"); // 13 14 15
  87:data.c        **** 	}
  88:data.c        **** 	snprintf(request,sizeof(http_request), "%s%s\r\n", request, body); 
 487              		.loc 1 88 0
 488 00a8 BB68     		ldr	r3, [r7, #8]
 489 00aa 0093     		str	r3, [sp]
 490 00ac FB68     		ldr	r3, [r7, #12]
 491 00ae 114A     		ldr	r2, .L23+48
 492 00b0 42F21071 		movw	r1, #10000
 493 00b4 F868     		ldr	r0, [r7, #12]
 494 00b6 FFF7FEFF 		bl	snprintf
  89:data.c        ****     
  90:data.c        **** }
 495              		.loc 1 90 0
 496 00ba 00BF     		nop
 497 00bc 1037     		adds	r7, r7, #16
 498              		.cfi_def_cfa_offset 8
 499 00be BD46     		mov	sp, r7
 500              		.cfi_def_cfa_register 13
 501              		@ sp needed
 502 00c0 80BD     		pop	{r7, pc}
 503              	.L24:
 504 00c2 00BF     		.align	2
 505              	.L23:
ARM GAS  C:\Users\hail\AppData\Local\Temp\ccgoPSMu.s 			page 12


 506 00c4 3C000000 		.word	.LC2
 507 00c8 64000000 		.word	.LC4
 508 00cc 68000000 		.word	.LC5
 509 00d0 78000000 		.word	.LC6
 510 00d4 7C000000 		.word	.LC7
 511 00d8 50000000 		.word	.LC3
 512 00dc 84000000 		.word	.LC8
 513 00e0 8C000000 		.word	.LC9
 514 00e4 9C000000 		.word	.LC11
 515 00e8 A4000000 		.word	.LC12
 516 00ec B8000000 		.word	.LC13
 517 00f0 90000000 		.word	.LC10
 518 00f4 D4000000 		.word	.LC14
 519              		.cfi_endproc
 520              	.LFE69:
 521              		.size	construct_generic_HTTP_request, .-construct_generic_HTTP_request
 522              		.section	.rodata
 523 00db 00       		.align	2
 524              	.LC15:
 525 00dc 25732573 		.ascii	"%s%s, value=%s %ld000000000\012\000"
 525      2C207661 
 525      6C75653D 
 525      25732025 
 525      6C643030 
 526              		.section	.text.construct_malcom_body,"ax",%progbits
 527              		.align	2
 528              		.global	construct_malcom_body
 529              		.thumb
 530              		.thumb_func
 531              		.type	construct_malcom_body, %function
 532              	construct_malcom_body:
 533              	.LFB70:
  91:data.c        ****                             
  92:data.c        **** // Construct middle layer called Malcom (aka Malcom in the Middle)                                 
  93:data.c        **** unsigned int construct_malcom_body(char* body){
 534              		.loc 1 93 0
 535              		.cfi_startproc
 536              		@ args = 0, pretend = 0, frame = 16
 537              		@ frame_needed = 1, uses_anonymous_args = 0
 538 0000 90B5     		push	{r4, r7, lr}
 539              		.cfi_def_cfa_offset 12
 540              		.cfi_offset 4, -12
 541              		.cfi_offset 7, -8
 542              		.cfi_offset 14, -4
 543 0002 89B0     		sub	sp, sp, #36
 544              		.cfi_def_cfa_offset 48
 545 0004 04AF     		add	r7, sp, #16
 546              		.cfi_def_cfa 7, 32
 547 0006 7860     		str	r0, [r7, #4]
  94:data.c        ****    
  95:data.c        ****     body[0] = '\0';
 548              		.loc 1 95 0
 549 0008 7B68     		ldr	r3, [r7, #4]
 550 000a 0022     		movs	r2, #0
 551 000c 1A70     		strb	r2, [r3]
 552              	.LBB3:
  96:data.c        ****  
ARM GAS  C:\Users\hail\AppData\Local\Temp\ccgoPSMu.s 			page 13


  97:data.c        ****     // Construct influx body
  98:data.c        ****     for(uint16 i = 0;i < sizeOfDataStack();i++){
 553              		.loc 1 98 0
 554 000e 0023     		movs	r3, #0
 555 0010 FB81     		strh	r3, [r7, #14]	@ movhi
 556 0012 22E0     		b	.L26
 557              	.L27:
  99:data.c        ****         // Note that influx uses a timestamp in nano-seconds, so we have to add 9 zeros
 100:data.c        ****         snprintf(body,sizeof(http_body), "%s%s, value=%s %ld000000000\n", body, data[i].key, data[i
 558              		.loc 1 100 0 discriminator 3
 559 0014 FB89     		ldrh	r3, [r7, #14]
 560 0016 2C22     		movs	r2, #44
 561 0018 02FB03F3 		mul	r3, r2, r3
 562 001c 174A     		ldr	r2, .L29
 563 001e 1344     		add	r3, r3, r2
 564 0020 FA89     		ldrh	r2, [r7, #14]
 565 0022 2C21     		movs	r1, #44
 566 0024 01FB02F2 		mul	r2, r1, r2
 567 0028 1032     		adds	r2, r2, #16
 568 002a 1449     		ldr	r1, .L29
 569 002c 0A44     		add	r2, r2, r1
 570 002e 0432     		adds	r2, r2, #4
 571 0030 F989     		ldrh	r1, [r7, #14]
 572 0032 1248     		ldr	r0, .L29
 573 0034 2C24     		movs	r4, #44
 574 0036 04FB01F1 		mul	r1, r4, r1
 575 003a 0144     		add	r1, r1, r0
 576 003c 2831     		adds	r1, r1, #40
 577 003e 0968     		ldr	r1, [r1]
 578 0040 0291     		str	r1, [sp, #8]
 579 0042 0192     		str	r2, [sp, #4]
 580 0044 0093     		str	r3, [sp]
 581 0046 7B68     		ldr	r3, [r7, #4]
 582 0048 0D4A     		ldr	r2, .L29+4
 583 004a 42F21071 		movw	r1, #10000
 584 004e 7868     		ldr	r0, [r7, #4]
 585 0050 FFF7FEFF 		bl	snprintf
  98:data.c        ****         // Note that influx uses a timestamp in nano-seconds, so we have to add 9 zeros
 586              		.loc 1 98 0 discriminator 3
 587 0054 FB89     		ldrh	r3, [r7, #14]
 588 0056 0133     		adds	r3, r3, #1
 589 0058 FB81     		strh	r3, [r7, #14]	@ movhi
 590              	.L26:
  98:data.c        ****         // Note that influx uses a timestamp in nano-seconds, so we have to add 9 zeros
 591              		.loc 1 98 0 is_stmt 0 discriminator 1
 592 005a FFF7FEFF 		bl	sizeOfDataStack
 593 005e 0346     		mov	r3, r0
 594 0060 1A46     		mov	r2, r3
 595 0062 FB89     		ldrh	r3, [r7, #14]
 596 0064 9342     		cmp	r3, r2
 597 0066 D5D3     		bcc	.L27
 598              	.LBE3:
 101:data.c        ****     }
 102:data.c        ****     // Get the length of the influx body and save to request_len
 103:data.c        ****     unsigned int request_len = strlen(body);
 599              		.loc 1 103 0 is_stmt 1
 600 0068 7868     		ldr	r0, [r7, #4]
ARM GAS  C:\Users\hail\AppData\Local\Temp\ccgoPSMu.s 			page 14


 601 006a FFF7FEFF 		bl	strlen
 602 006e B860     		str	r0, [r7, #8]
 104:data.c        ****    
 105:data.c        ****     return request_len; // Return the length of the influx body
 603              		.loc 1 105 0
 604 0070 BB68     		ldr	r3, [r7, #8]
 106:data.c        **** }
 605              		.loc 1 106 0
 606 0072 1846     		mov	r0, r3
 607 0074 1437     		adds	r7, r7, #20
 608              		.cfi_def_cfa_offset 12
 609 0076 BD46     		mov	sp, r7
 610              		.cfi_def_cfa_register 13
 611              		@ sp needed
 612 0078 90BD     		pop	{r4, r7, pc}
 613              	.L30:
 614 007a 00BF     		.align	2
 615              	.L29:
 616 007c 00000000 		.word	data
 617 0080 DC000000 		.word	.LC15
 618              		.cfi_endproc
 619              	.LFE70:
 620              		.size	construct_malcom_body, .-construct_malcom_body
 621              		.section	.rodata
 622 00f9 000000   		.align	2
 623              	.LC16:
 624 00fc 25732573 		.ascii	"%s%s?d=%s&h=%s\000"
 624      3F643D25 
 624      7326683D 
 624      257300
 625              		.section	.text.construct_malcom_route,"ax",%progbits
 626              		.align	2
 627              		.global	construct_malcom_route
 628              		.thumb
 629              		.thumb_func
 630              		.type	construct_malcom_route, %function
 631              	construct_malcom_route:
 632              	.LFB71:
 107:data.c        **** 
 108:data.c        **** // Construct the route to the Malcom middle layer
 109:data.c        **** void construct_malcom_route(char* route, char* base, char* device, char* hash){
 633              		.loc 1 109 0
 634              		.cfi_startproc
 635              		@ args = 0, pretend = 0, frame = 16
 636              		@ frame_needed = 1, uses_anonymous_args = 0
 637 0000 80B5     		push	{r7, lr}
 638              		.cfi_def_cfa_offset 8
 639              		.cfi_offset 7, -8
 640              		.cfi_offset 14, -4
 641 0002 88B0     		sub	sp, sp, #32
 642              		.cfi_def_cfa_offset 40
 643 0004 04AF     		add	r7, sp, #16
 644              		.cfi_def_cfa 7, 24
 645 0006 F860     		str	r0, [r7, #12]
 646 0008 B960     		str	r1, [r7, #8]
 647 000a 7A60     		str	r2, [r7, #4]
 648 000c 3B60     		str	r3, [r7]
ARM GAS  C:\Users\hail\AppData\Local\Temp\ccgoPSMu.s 			page 15


 110:data.c        ****     route[0] = '\0';
 649              		.loc 1 110 0
 650 000e FB68     		ldr	r3, [r7, #12]
 651 0010 0022     		movs	r2, #0
 652 0012 1A70     		strb	r2, [r3]
 111:data.c        ****     snprintf(route,sizeof(http_route), "%s%s?d=%s&h=%s", route, base, device, hash); 
 653              		.loc 1 111 0
 654 0014 3B68     		ldr	r3, [r7]
 655 0016 0293     		str	r3, [sp, #8]
 656 0018 7B68     		ldr	r3, [r7, #4]
 657 001a 0193     		str	r3, [sp, #4]
 658 001c BB68     		ldr	r3, [r7, #8]
 659 001e 0093     		str	r3, [sp]
 660 0020 FB68     		ldr	r3, [r7, #12]
 661 0022 044A     		ldr	r2, .L32
 662 0024 C821     		movs	r1, #200
 663 0026 F868     		ldr	r0, [r7, #12]
 664 0028 FFF7FEFF 		bl	snprintf
 112:data.c        **** }
 665              		.loc 1 112 0
 666 002c 00BF     		nop
 667 002e 1037     		adds	r7, r7, #16
 668              		.cfi_def_cfa_offset 8
 669 0030 BD46     		mov	sp, r7
 670              		.cfi_def_cfa_register 13
 671              		@ sp needed
 672 0032 80BD     		pop	{r7, pc}
 673              	.L33:
 674              		.align	2
 675              	.L32:
 676 0034 FC000000 		.word	.LC16
 677              		.cfi_endproc
 678              	.LFE71:
 679              		.size	construct_malcom_route, .-construct_malcom_route
 680              		.text
 681              	.Letext0:
 682              		.file 2 "c:\\program files (x86)\\cypress\\psoc creator\\4.3\\psoc creator\\import\\gnu\\arm\\5.4.
 683              		.file 3 "c:\\program files (x86)\\cypress\\psoc creator\\4.3\\psoc creator\\import\\gnu\\arm\\5.4.
 684              		.file 4 "Generated_Source\\PSoC5/cytypes.h"
 685              		.file 5 "modem.h"
 686              		.file 6 "data.h"
 687              		.file 7 "notoriOS.h"
 688              		.file 8 "Generated_Source\\PSoC5/core_cm3.h"
 689              		.section	.debug_info,"",%progbits
 690              	.Ldebug_info0:
 691 0000 BD050000 		.4byte	0x5bd
 692 0004 0400     		.2byte	0x4
 693 0006 00000000 		.4byte	.Ldebug_abbrev0
 694 000a 04       		.byte	0x4
 695 000b 01       		.uleb128 0x1
 696 000c 7A000000 		.4byte	.LASF82
 697 0010 0C       		.byte	0xc
 698 0011 08010000 		.4byte	.LASF83
 699 0015 AC020000 		.4byte	.LASF84
 700 0019 00000000 		.4byte	.Ldebug_ranges0+0
 701 001d 00000000 		.4byte	0
 702 0021 00000000 		.4byte	.Ldebug_line0
ARM GAS  C:\Users\hail\AppData\Local\Temp\ccgoPSMu.s 			page 16


 703 0025 02       		.uleb128 0x2
 704 0026 04       		.byte	0x4
 705 0027 05       		.byte	0x5
 706 0028 696E7400 		.ascii	"int\000"
 707 002c 03       		.uleb128 0x3
 708 002d 04       		.byte	0x4
 709 002e 07       		.byte	0x7
 710 002f 89020000 		.4byte	.LASF0
 711 0033 03       		.uleb128 0x3
 712 0034 08       		.byte	0x8
 713 0035 05       		.byte	0x5
 714 0036 9B010000 		.4byte	.LASF1
 715 003a 03       		.uleb128 0x3
 716 003b 08       		.byte	0x8
 717 003c 04       		.byte	0x4
 718 003d F1010000 		.4byte	.LASF2
 719 0041 03       		.uleb128 0x3
 720 0042 01       		.byte	0x1
 721 0043 06       		.byte	0x6
 722 0044 56020000 		.4byte	.LASF3
 723 0048 03       		.uleb128 0x3
 724 0049 01       		.byte	0x1
 725 004a 08       		.byte	0x8
 726 004b FD010000 		.4byte	.LASF4
 727 004f 03       		.uleb128 0x3
 728 0050 02       		.byte	0x2
 729 0051 05       		.byte	0x5
 730 0052 55000000 		.4byte	.LASF5
 731 0056 03       		.uleb128 0x3
 732 0057 02       		.byte	0x2
 733 0058 07       		.byte	0x7
 734 0059 1B030000 		.4byte	.LASF6
 735 005d 04       		.uleb128 0x4
 736 005e 20040000 		.4byte	.LASF12
 737 0062 02       		.byte	0x2
 738 0063 3F       		.byte	0x3f
 739 0064 68000000 		.4byte	0x68
 740 0068 03       		.uleb128 0x3
 741 0069 04       		.byte	0x4
 742 006a 05       		.byte	0x5
 743 006b BB010000 		.4byte	.LASF7
 744 006f 03       		.uleb128 0x3
 745 0070 04       		.byte	0x4
 746 0071 07       		.byte	0x7
 747 0072 BB030000 		.4byte	.LASF8
 748 0076 03       		.uleb128 0x3
 749 0077 08       		.byte	0x8
 750 0078 07       		.byte	0x7
 751 0079 62020000 		.4byte	.LASF9
 752 007d 03       		.uleb128 0x3
 753 007e 04       		.byte	0x4
 754 007f 07       		.byte	0x7
 755 0080 69000000 		.4byte	.LASF10
 756 0084 05       		.uleb128 0x5
 757 0085 04       		.byte	0x4
 758 0086 8A000000 		.4byte	0x8a
 759 008a 03       		.uleb128 0x3
ARM GAS  C:\Users\hail\AppData\Local\Temp\ccgoPSMu.s 			page 17


 760 008b 01       		.byte	0x1
 761 008c 08       		.byte	0x8
 762 008d A9010000 		.4byte	.LASF11
 763 0091 06       		.uleb128 0x6
 764 0092 8A000000 		.4byte	0x8a
 765 0096 A1000000 		.4byte	0xa1
 766 009a 07       		.uleb128 0x7
 767 009b 7D000000 		.4byte	0x7d
 768 009f 17       		.byte	0x17
 769 00a0 00       		.byte	0
 770 00a1 04       		.uleb128 0x4
 771 00a2 6A030000 		.4byte	.LASF13
 772 00a6 03       		.byte	0x3
 773 00a7 2C       		.byte	0x2c
 774 00a8 5D000000 		.4byte	0x5d
 775 00ac 03       		.uleb128 0x3
 776 00ad 08       		.byte	0x8
 777 00ae 04       		.byte	0x4
 778 00af D3030000 		.4byte	.LASF14
 779 00b3 03       		.uleb128 0x3
 780 00b4 04       		.byte	0x4
 781 00b5 04       		.byte	0x4
 782 00b6 95010000 		.4byte	.LASF15
 783 00ba 08       		.uleb128 0x8
 784 00bb 57010000 		.4byte	.LASF16
 785 00bf 04       		.byte	0x4
 786 00c0 9201     		.2byte	0x192
 787 00c2 48000000 		.4byte	0x48
 788 00c6 08       		.uleb128 0x8
 789 00c7 39010000 		.4byte	.LASF17
 790 00cb 04       		.byte	0x4
 791 00cc 9301     		.2byte	0x193
 792 00ce 56000000 		.4byte	0x56
 793 00d2 08       		.uleb128 0x8
 794 00d3 CD030000 		.4byte	.LASF18
 795 00d7 04       		.byte	0x4
 796 00d8 9701     		.2byte	0x197
 797 00da 68000000 		.4byte	0x68
 798 00de 09       		.uleb128 0x9
 799 00df 3C       		.byte	0x3c
 800 00e0 05       		.byte	0x5
 801 00e1 2E       		.byte	0x2e
 802 00e2 0B010000 		.4byte	0x10b
 803 00e6 0A       		.uleb128 0xa
 804 00e7 13000000 		.4byte	.LASF19
 805 00eb 05       		.byte	0x5
 806 00ec 2F       		.byte	0x2f
 807 00ed 0B010000 		.4byte	0x10b
 808 00f1 00       		.byte	0
 809 00f2 0A       		.uleb128 0xa
 810 00f3 00000000 		.4byte	.LASF20
 811 00f7 05       		.byte	0x5
 812 00f8 30       		.byte	0x30
 813 00f9 0B010000 		.4byte	0x10b
 814 00fd 14       		.byte	0x14
 815 00fe 0A       		.uleb128 0xa
 816 00ff 65030000 		.4byte	.LASF21
ARM GAS  C:\Users\hail\AppData\Local\Temp\ccgoPSMu.s 			page 18


 817 0103 05       		.byte	0x5
 818 0104 31       		.byte	0x31
 819 0105 0B010000 		.4byte	0x10b
 820 0109 28       		.byte	0x28
 821 010a 00       		.byte	0
 822 010b 06       		.uleb128 0x6
 823 010c 8A000000 		.4byte	0x8a
 824 0110 1B010000 		.4byte	0x11b
 825 0114 07       		.uleb128 0x7
 826 0115 7D000000 		.4byte	0x7d
 827 0119 13       		.byte	0x13
 828 011a 00       		.byte	0
 829 011b 04       		.uleb128 0x4
 830 011c AE010000 		.4byte	.LASF22
 831 0120 05       		.byte	0x5
 832 0121 32       		.byte	0x32
 833 0122 DE000000 		.4byte	0xde
 834 0126 09       		.uleb128 0x9
 835 0127 10       		.byte	0x10
 836 0128 05       		.byte	0x5
 837 0129 34       		.byte	0x34
 838 012a 8F010000 		.4byte	0x18f
 839 012e 0A       		.uleb128 0xa
 840 012f AB040000 		.4byte	.LASF23
 841 0133 05       		.byte	0x5
 842 0134 35       		.byte	0x35
 843 0135 BA000000 		.4byte	0xba
 844 0139 00       		.byte	0
 845 013a 0B       		.uleb128 0xb
 846 013b 62657200 		.ascii	"ber\000"
 847 013f 05       		.byte	0x5
 848 0140 36       		.byte	0x36
 849 0141 BA000000 		.4byte	0xba
 850 0145 01       		.byte	0x1
 851 0146 0A       		.uleb128 0xa
 852 0147 7F010000 		.4byte	.LASF24
 853 014b 05       		.byte	0x5
 854 014c 37       		.byte	0x37
 855 014d BA000000 		.4byte	0xba
 856 0151 02       		.byte	0x2
 857 0152 0A       		.uleb128 0xa
 858 0153 2E010000 		.4byte	.LASF25
 859 0157 05       		.byte	0x5
 860 0158 38       		.byte	0x38
 861 0159 BA000000 		.4byte	0xba
 862 015d 03       		.byte	0x3
 863 015e 0A       		.uleb128 0xa
 864 015f 89010000 		.4byte	.LASF26
 865 0163 05       		.byte	0x5
 866 0164 39       		.byte	0x39
 867 0165 BA000000 		.4byte	0xba
 868 0169 04       		.byte	0x4
 869 016a 0A       		.uleb128 0xa
 870 016b 84010000 		.4byte	.LASF27
 871 016f 05       		.byte	0x5
 872 0170 3A       		.byte	0x3a
 873 0171 BA000000 		.4byte	0xba
ARM GAS  C:\Users\hail\AppData\Local\Temp\ccgoPSMu.s 			page 19


 874 0175 05       		.byte	0x5
 875 0176 0A       		.uleb128 0xa
 876 0177 2E030000 		.4byte	.LASF28
 877 017b 05       		.byte	0x5
 878 017c 3B       		.byte	0x3b
 879 017d 25000000 		.4byte	0x25
 880 0181 08       		.byte	0x8
 881 0182 0A       		.uleb128 0xa
 882 0183 52030000 		.4byte	.LASF29
 883 0187 05       		.byte	0x5
 884 0188 3C       		.byte	0x3c
 885 0189 25000000 		.4byte	0x25
 886 018d 0C       		.byte	0xc
 887 018e 00       		.byte	0
 888 018f 04       		.uleb128 0x4
 889 0190 72030000 		.4byte	.LASF30
 890 0194 05       		.byte	0x5
 891 0195 3D       		.byte	0x3d
 892 0196 26010000 		.4byte	0x126
 893 019a 09       		.uleb128 0x9
 894 019b 03       		.byte	0x3
 895 019c 05       		.byte	0x5
 896 019d 49       		.byte	0x49
 897 019e C7010000 		.4byte	0x1c7
 898 01a2 0A       		.uleb128 0xa
 899 01a3 E4010000 		.4byte	.LASF31
 900 01a7 05       		.byte	0x5
 901 01a8 4C       		.byte	0x4c
 902 01a9 BA000000 		.4byte	0xba
 903 01ad 00       		.byte	0
 904 01ae 0A       		.uleb128 0xa
 905 01af A2020000 		.4byte	.LASF32
 906 01b3 05       		.byte	0x5
 907 01b4 4E       		.byte	0x4e
 908 01b5 BA000000 		.4byte	0xba
 909 01b9 01       		.byte	0x1
 910 01ba 0A       		.uleb128 0xa
 911 01bb 14040000 		.4byte	.LASF33
 912 01bf 05       		.byte	0x5
 913 01c0 51       		.byte	0x51
 914 01c1 BA000000 		.4byte	0xba
 915 01c5 02       		.byte	0x2
 916 01c6 00       		.byte	0
 917 01c7 04       		.uleb128 0x4
 918 01c8 33020000 		.4byte	.LASF34
 919 01cc 05       		.byte	0x5
 920 01cd 52       		.byte	0x52
 921 01ce 9A010000 		.4byte	0x19a
 922 01d2 09       		.uleb128 0x9
 923 01d3 2C       		.byte	0x2c
 924 01d4 06       		.byte	0x6
 925 01d5 10       		.byte	0x10
 926 01d6 FF010000 		.4byte	0x1ff
 927 01da 0B       		.uleb128 0xb
 928 01db 6B657900 		.ascii	"key\000"
 929 01df 06       		.byte	0x6
 930 01e0 11       		.byte	0x11
ARM GAS  C:\Users\hail\AppData\Local\Temp\ccgoPSMu.s 			page 20


 931 01e1 0B010000 		.4byte	0x10b
 932 01e5 00       		.byte	0
 933 01e6 0A       		.uleb128 0xa
 934 01e7 33010000 		.4byte	.LASF35
 935 01eb 06       		.byte	0x6
 936 01ec 12       		.byte	0x12
 937 01ed 0B010000 		.4byte	0x10b
 938 01f1 14       		.byte	0x14
 939 01f2 0A       		.uleb128 0xa
 940 01f3 5F000000 		.4byte	.LASF36
 941 01f7 06       		.byte	0x6
 942 01f8 13       		.byte	0x13
 943 01f9 D2000000 		.4byte	0xd2
 944 01fd 28       		.byte	0x28
 945 01fe 00       		.byte	0
 946 01ff 04       		.uleb128 0x4
 947 0200 96020000 		.4byte	.LASF37
 948 0204 06       		.byte	0x6
 949 0205 14       		.byte	0x14
 950 0206 D2010000 		.4byte	0x1d2
 951 020a 09       		.uleb128 0x9
 952 020b 1C       		.byte	0x1c
 953 020c 07       		.byte	0x7
 954 020d 36       		.byte	0x36
 955 020e 2B020000 		.4byte	0x22b
 956 0212 0A       		.uleb128 0xa
 957 0213 C4010000 		.4byte	.LASF38
 958 0217 07       		.byte	0x7
 959 0218 38       		.byte	0x38
 960 0219 2B020000 		.4byte	0x22b
 961 021d 00       		.byte	0
 962 021e 0A       		.uleb128 0xa
 963 021f 47000000 		.4byte	.LASF39
 964 0223 07       		.byte	0x7
 965 0224 39       		.byte	0x39
 966 0225 91000000 		.4byte	0x91
 967 0229 04       		.byte	0x4
 968 022a 00       		.byte	0
 969 022b 05       		.uleb128 0x5
 970 022c 04       		.byte	0x4
 971 022d 1B010000 		.4byte	0x11b
 972 0231 04       		.uleb128 0x4
 973 0232 10030000 		.4byte	.LASF40
 974 0236 07       		.byte	0x7
 975 0237 3B       		.byte	0x3b
 976 0238 0A020000 		.4byte	0x20a
 977 023c 0C       		.uleb128 0xc
 978 023d 4401     		.2byte	0x144
 979 023f 07       		.byte	0x7
 980 0240 41       		.byte	0x41
 981 0241 8F020000 		.4byte	0x28f
 982 0245 0A       		.uleb128 0xa
 983 0246 2A040000 		.4byte	.LASF41
 984 024a 07       		.byte	0x7
 985 024b 44       		.byte	0x44
 986 024c 0B010000 		.4byte	0x10b
 987 0250 00       		.byte	0
ARM GAS  C:\Users\hail\AppData\Local\Temp\ccgoPSMu.s 			page 21


 988 0251 0A       		.uleb128 0xa
 989 0252 72000000 		.4byte	.LASF42
 990 0256 07       		.byte	0x7
 991 0257 46       		.byte	0x46
 992 0258 8F020000 		.4byte	0x28f
 993 025c 14       		.byte	0x14
 994 025d 0A       		.uleb128 0xa
 995 025e 8C040000 		.4byte	.LASF43
 996 0262 07       		.byte	0x7
 997 0263 47       		.byte	0x47
 998 0264 25000000 		.4byte	0x25
 999 0268 78       		.byte	0x78
 1000 0269 0A       		.uleb128 0xa
 1001 026a 77010000 		.4byte	.LASF44
 1002 026e 07       		.byte	0x7
 1003 026f 48       		.byte	0x48
 1004 0270 9F020000 		.4byte	0x29f
 1005 0274 7C       		.byte	0x7c
 1006 0275 0A       		.uleb128 0xa
 1007 0276 AE030000 		.4byte	.LASF45
 1008 027a 07       		.byte	0x7
 1009 027b 49       		.byte	0x49
 1010 027c 8F020000 		.4byte	0x28f
 1011 0280 AE       		.byte	0xae
 1012 0281 0D       		.uleb128 0xd
 1013 0282 6B010000 		.4byte	.LASF46
 1014 0286 07       		.byte	0x7
 1015 0287 4A       		.byte	0x4a
 1016 0288 9F020000 		.4byte	0x29f
 1017 028c 1201     		.2byte	0x112
 1018 028e 00       		.byte	0
 1019 028f 06       		.uleb128 0x6
 1020 0290 8A000000 		.4byte	0x8a
 1021 0294 9F020000 		.4byte	0x29f
 1022 0298 07       		.uleb128 0x7
 1023 0299 7D000000 		.4byte	0x7d
 1024 029d 63       		.byte	0x63
 1025 029e 00       		.byte	0
 1026 029f 06       		.uleb128 0x6
 1027 02a0 8A000000 		.4byte	0x8a
 1028 02a4 AF020000 		.4byte	0x2af
 1029 02a8 07       		.uleb128 0x7
 1030 02a9 7D000000 		.4byte	0x7d
 1031 02ad 31       		.byte	0x31
 1032 02ae 00       		.byte	0
 1033 02af 04       		.uleb128 0x4
 1034 02b0 21000000 		.4byte	.LASF47
 1035 02b4 07       		.byte	0x7
 1036 02b5 4D       		.byte	0x4d
 1037 02b6 3C020000 		.4byte	0x23c
 1038 02ba 0E       		.uleb128 0xe
 1039 02bb FF020000 		.4byte	.LASF61
 1040 02bf 01       		.byte	0x1
 1041 02c0 11       		.byte	0x11
 1042 02c1 BA000000 		.4byte	0xba
 1043 02c5 00000000 		.4byte	.LFB64
 1044 02c9 AC000000 		.4byte	.LFE64-.LFB64
ARM GAS  C:\Users\hail\AppData\Local\Temp\ccgoPSMu.s 			page 22


 1045 02cd 01       		.uleb128 0x1
 1046 02ce 9C       		.byte	0x9c
 1047 02cf FE020000 		.4byte	0x2fe
 1048 02d3 0F       		.uleb128 0xf
 1049 02d4 6B657900 		.ascii	"key\000"
 1050 02d8 01       		.byte	0x1
 1051 02d9 11       		.byte	0x11
 1052 02da 84000000 		.4byte	0x84
 1053 02de 02       		.uleb128 0x2
 1054 02df 91       		.byte	0x91
 1055 02e0 74       		.sleb128 -12
 1056 02e1 10       		.uleb128 0x10
 1057 02e2 33010000 		.4byte	.LASF35
 1058 02e6 01       		.byte	0x1
 1059 02e7 11       		.byte	0x11
 1060 02e8 84000000 		.4byte	0x84
 1061 02ec 02       		.uleb128 0x2
 1062 02ed 91       		.byte	0x91
 1063 02ee 70       		.sleb128 -16
 1064 02ef 10       		.uleb128 0x10
 1065 02f0 09000000 		.4byte	.LASF48
 1066 02f4 01       		.byte	0x1
 1067 02f5 11       		.byte	0x11
 1068 02f6 D2000000 		.4byte	0xd2
 1069 02fa 02       		.uleb128 0x2
 1070 02fb 91       		.byte	0x91
 1071 02fc 6C       		.sleb128 -20
 1072 02fd 00       		.byte	0
 1073 02fe 11       		.uleb128 0x11
 1074 02ff 42040000 		.4byte	.LASF85
 1075 0303 01       		.byte	0x1
 1076 0304 2A       		.byte	0x2a
 1077 0305 00000000 		.4byte	.LFB65
 1078 0309 0C000000 		.4byte	.LFE65-.LFB65
 1079 030d 01       		.uleb128 0x1
 1080 030e 9C       		.byte	0x9c
 1081 030f 12       		.uleb128 0x12
 1082 0310 0B020000 		.4byte	.LASF86
 1083 0314 01       		.byte	0x1
 1084 0315 2F       		.byte	0x2f
 1085 0316 00000000 		.4byte	.LFB66
 1086 031a 6C000000 		.4byte	.LFE66-.LFB66
 1087 031e 01       		.uleb128 0x1
 1088 031f 9C       		.byte	0x9c
 1089 0320 3B030000 		.4byte	0x33b
 1090 0324 13       		.uleb128 0x13
 1091 0325 06000000 		.4byte	.LBB2
 1092 0329 42000000 		.4byte	.LBE2-.LBB2
 1093 032d 14       		.uleb128 0x14
 1094 032e 6900     		.ascii	"i\000"
 1095 0330 01       		.byte	0x1
 1096 0331 30       		.byte	0x30
 1097 0332 C6000000 		.4byte	0xc6
 1098 0336 02       		.uleb128 0x2
 1099 0337 91       		.byte	0x91
 1100 0338 76       		.sleb128 -10
 1101 0339 00       		.byte	0
ARM GAS  C:\Users\hail\AppData\Local\Temp\ccgoPSMu.s 			page 23


 1102 033a 00       		.byte	0
 1103 033b 15       		.uleb128 0x15
 1104 033c 30000000 		.4byte	.LASF49
 1105 0340 01       		.byte	0x1
 1106 0341 3B       		.byte	0x3b
 1107 0342 C6000000 		.4byte	0xc6
 1108 0346 00000000 		.4byte	.LFB67
 1109 034a 14000000 		.4byte	.LFE67-.LFB67
 1110 034e 01       		.uleb128 0x1
 1111 034f 9C       		.byte	0x9c
 1112 0350 15       		.uleb128 0x15
 1113 0351 B0040000 		.4byte	.LASF50
 1114 0355 01       		.byte	0x1
 1115 0356 40       		.byte	0x40
 1116 0357 C6000000 		.4byte	0xc6
 1117 035b 00000000 		.4byte	.LFB68
 1118 035f 14000000 		.4byte	.LFE68-.LFB68
 1119 0363 01       		.uleb128 0x1
 1120 0364 9C       		.byte	0x9c
 1121 0365 16       		.uleb128 0x16
 1122 0366 6D040000 		.4byte	.LASF64
 1123 036a 01       		.byte	0x1
 1124 036b 45       		.byte	0x45
 1125 036c 00000000 		.4byte	.LFB69
 1126 0370 F8000000 		.4byte	.LFE69-.LFB69
 1127 0374 01       		.uleb128 0x1
 1128 0375 9C       		.byte	0x9c
 1129 0376 07040000 		.4byte	0x407
 1130 037a 10       		.uleb128 0x10
 1131 037b 08030000 		.4byte	.LASF51
 1132 037f 01       		.byte	0x1
 1133 0380 45       		.byte	0x45
 1134 0381 84000000 		.4byte	0x84
 1135 0385 02       		.uleb128 0x2
 1136 0386 91       		.byte	0x91
 1137 0387 74       		.sleb128 -12
 1138 0388 10       		.uleb128 0x10
 1139 0389 CF010000 		.4byte	.LASF52
 1140 038d 01       		.byte	0x1
 1141 038e 45       		.byte	0x45
 1142 038f 84000000 		.4byte	0x84
 1143 0393 02       		.uleb128 0x2
 1144 0394 91       		.byte	0x91
 1145 0395 70       		.sleb128 -16
 1146 0396 10       		.uleb128 0x10
 1147 0397 94040000 		.4byte	.LASF53
 1148 039b 01       		.byte	0x1
 1149 039c 45       		.byte	0x45
 1150 039d 84000000 		.4byte	0x84
 1151 03a1 02       		.uleb128 0x2
 1152 03a2 91       		.byte	0x91
 1153 03a3 6C       		.sleb128 -20
 1154 03a4 10       		.uleb128 0x10
 1155 03a5 D4010000 		.4byte	.LASF54
 1156 03a9 01       		.byte	0x1
 1157 03aa 45       		.byte	0x45
 1158 03ab 84000000 		.4byte	0x84
ARM GAS  C:\Users\hail\AppData\Local\Temp\ccgoPSMu.s 			page 24


 1159 03af 02       		.uleb128 0x2
 1160 03b0 91       		.byte	0x91
 1161 03b1 68       		.sleb128 -24
 1162 03b2 10       		.uleb128 0x10
 1163 03b3 B6030000 		.4byte	.LASF55
 1164 03b7 01       		.byte	0x1
 1165 03b8 46       		.byte	0x46
 1166 03b9 25000000 		.4byte	0x25
 1167 03bd 02       		.uleb128 0x2
 1168 03be 91       		.byte	0x91
 1169 03bf 00       		.sleb128 0
 1170 03c0 10       		.uleb128 0x10
 1171 03c1 1A000000 		.4byte	.LASF56
 1172 03c5 01       		.byte	0x1
 1173 03c6 46       		.byte	0x46
 1174 03c7 84000000 		.4byte	0x84
 1175 03cb 02       		.uleb128 0x2
 1176 03cc 91       		.byte	0x91
 1177 03cd 04       		.sleb128 4
 1178 03ce 10       		.uleb128 0x10
 1179 03cf 32040000 		.4byte	.LASF57
 1180 03d3 01       		.byte	0x1
 1181 03d4 46       		.byte	0x46
 1182 03d5 84000000 		.4byte	0x84
 1183 03d9 02       		.uleb128 0x2
 1184 03da 91       		.byte	0x91
 1185 03db 08       		.sleb128 8
 1186 03dc 10       		.uleb128 0x10
 1187 03dd 5D010000 		.4byte	.LASF58
 1188 03e1 01       		.byte	0x1
 1189 03e2 47       		.byte	0x47
 1190 03e3 84000000 		.4byte	0x84
 1191 03e7 02       		.uleb128 0x2
 1192 03e8 91       		.byte	0x91
 1193 03e9 0C       		.sleb128 12
 1194 03ea 10       		.uleb128 0x10
 1195 03eb 80030000 		.4byte	.LASF59
 1196 03ef 01       		.byte	0x1
 1197 03f0 47       		.byte	0x47
 1198 03f1 25000000 		.4byte	0x25
 1199 03f5 02       		.uleb128 0x2
 1200 03f6 91       		.byte	0x91
 1201 03f7 10       		.sleb128 16
 1202 03f8 10       		.uleb128 0x10
 1203 03f9 14010000 		.4byte	.LASF60
 1204 03fd 01       		.byte	0x1
 1205 03fe 47       		.byte	0x47
 1206 03ff 84000000 		.4byte	0x84
 1207 0403 02       		.uleb128 0x2
 1208 0404 91       		.byte	0x91
 1209 0405 14       		.sleb128 20
 1210 0406 00       		.byte	0
 1211 0407 0E       		.uleb128 0xe
 1212 0408 FE030000 		.4byte	.LASF62
 1213 040c 01       		.byte	0x1
 1214 040d 5D       		.byte	0x5d
 1215 040e 2C000000 		.4byte	0x2c
ARM GAS  C:\Users\hail\AppData\Local\Temp\ccgoPSMu.s 			page 25


 1216 0412 00000000 		.4byte	.LFB70
 1217 0416 84000000 		.4byte	.LFE70-.LFB70
 1218 041a 01       		.uleb128 0x1
 1219 041b 9C       		.byte	0x9c
 1220 041c 53040000 		.4byte	0x453
 1221 0420 10       		.uleb128 0x10
 1222 0421 CF010000 		.4byte	.LASF52
 1223 0425 01       		.byte	0x1
 1224 0426 5D       		.byte	0x5d
 1225 0427 84000000 		.4byte	0x84
 1226 042b 02       		.uleb128 0x2
 1227 042c 91       		.byte	0x91
 1228 042d 64       		.sleb128 -28
 1229 042e 17       		.uleb128 0x17
 1230 042f 22010000 		.4byte	.LASF63
 1231 0433 01       		.byte	0x1
 1232 0434 67       		.byte	0x67
 1233 0435 2C000000 		.4byte	0x2c
 1234 0439 02       		.uleb128 0x2
 1235 043a 91       		.byte	0x91
 1236 043b 68       		.sleb128 -24
 1237 043c 13       		.uleb128 0x13
 1238 043d 0E000000 		.4byte	.LBB3
 1239 0441 5A000000 		.4byte	.LBE3-.LBB3
 1240 0445 14       		.uleb128 0x14
 1241 0446 6900     		.ascii	"i\000"
 1242 0448 01       		.byte	0x1
 1243 0449 62       		.byte	0x62
 1244 044a C6000000 		.4byte	0xc6
 1245 044e 02       		.uleb128 0x2
 1246 044f 91       		.byte	0x91
 1247 0450 6E       		.sleb128 -18
 1248 0451 00       		.byte	0
 1249 0452 00       		.byte	0
 1250 0453 16       		.uleb128 0x16
 1251 0454 DA030000 		.4byte	.LASF65
 1252 0458 01       		.byte	0x1
 1253 0459 6D       		.byte	0x6d
 1254 045a 00000000 		.4byte	.LFB71
 1255 045e 38000000 		.4byte	.LFE71-.LFB71
 1256 0462 01       		.uleb128 0x1
 1257 0463 9C       		.byte	0x9c
 1258 0464 A1040000 		.4byte	0x4a1
 1259 0468 10       		.uleb128 0x10
 1260 0469 D4010000 		.4byte	.LASF54
 1261 046d 01       		.byte	0x1
 1262 046e 6D       		.byte	0x6d
 1263 046f 84000000 		.4byte	0x84
 1264 0473 02       		.uleb128 0x2
 1265 0474 91       		.byte	0x91
 1266 0475 74       		.sleb128 -12
 1267 0476 10       		.uleb128 0x10
 1268 0477 99040000 		.4byte	.LASF66
 1269 047b 01       		.byte	0x1
 1270 047c 6D       		.byte	0x6d
 1271 047d 84000000 		.4byte	0x84
 1272 0481 02       		.uleb128 0x2
ARM GAS  C:\Users\hail\AppData\Local\Temp\ccgoPSMu.s 			page 26


 1273 0482 91       		.byte	0x91
 1274 0483 70       		.sleb128 -16
 1275 0484 10       		.uleb128 0x10
 1276 0485 8E010000 		.4byte	.LASF67
 1277 0489 01       		.byte	0x1
 1278 048a 6D       		.byte	0x6d
 1279 048b 84000000 		.4byte	0x84
 1280 048f 02       		.uleb128 0x2
 1281 0490 91       		.byte	0x91
 1282 0491 6C       		.sleb128 -20
 1283 0492 10       		.uleb128 0x10
 1284 0493 52010000 		.4byte	.LASF68
 1285 0497 01       		.byte	0x1
 1286 0498 6D       		.byte	0x6d
 1287 0499 84000000 		.4byte	0x84
 1288 049d 02       		.uleb128 0x2
 1289 049e 91       		.byte	0x91
 1290 049f 68       		.sleb128 -24
 1291 04a0 00       		.byte	0
 1292 04a1 18       		.uleb128 0x18
 1293 04a2 F1030000 		.4byte	.LASF69
 1294 04a6 08       		.byte	0x8
 1295 04a7 1207     		.2byte	0x712
 1296 04a9 AD040000 		.4byte	0x4ad
 1297 04ad 19       		.uleb128 0x19
 1298 04ae A1000000 		.4byte	0xa1
 1299 04b2 1A       		.uleb128 0x1a
 1300 04b3 4A020000 		.4byte	.LASF70
 1301 04b7 05       		.byte	0x5
 1302 04b8 16       		.byte	0x16
 1303 04b9 BA000000 		.4byte	0xba
 1304 04bd 05       		.uleb128 0x5
 1305 04be 03       		.byte	0x3
 1306 04bf 00000000 		.4byte	modem_state
 1307 04c3 1A       		.uleb128 0x1a
 1308 04c4 1C020000 		.4byte	.LASF71
 1309 04c8 05       		.byte	0x5
 1310 04c9 55       		.byte	0x55
 1311 04ca D2000000 		.4byte	0xd2
 1312 04ce 05       		.uleb128 0x5
 1313 04cf 03       		.byte	0x3
 1314 04d0 00000000 		.4byte	modem_start_time_stamp
 1315 04d4 1A       		.uleb128 0x1a
 1316 04d5 C4010000 		.4byte	.LASF38
 1317 04d9 05       		.byte	0x5
 1318 04da 56       		.byte	0x56
 1319 04db 1B010000 		.4byte	0x11b
 1320 04df 05       		.uleb128 0x5
 1321 04e0 03       		.byte	0x3
 1322 04e1 00000000 		.4byte	modem_info
 1323 04e5 1A       		.uleb128 0x1a
 1324 04e6 F3020000 		.4byte	.LASF72
 1325 04ea 05       		.byte	0x5
 1326 04eb 57       		.byte	0x57
 1327 04ec 8F010000 		.4byte	0x18f
 1328 04f0 05       		.uleb128 0x5
 1329 04f1 03       		.byte	0x3
ARM GAS  C:\Users\hail\AppData\Local\Temp\ccgoPSMu.s 			page 27


 1330 04f2 00000000 		.4byte	modem_stats
 1331 04f6 1A       		.uleb128 0x1a
 1332 04f7 58040000 		.4byte	.LASF73
 1333 04fb 05       		.byte	0x5
 1334 04fc 58       		.byte	0x58
 1335 04fd C7010000 		.4byte	0x1c7
 1336 0501 05       		.uleb128 0x5
 1337 0502 03       		.byte	0x3
 1338 0503 00000000 		.4byte	updatable_parameters
 1339 0507 1A       		.uleb128 0x1a
 1340 0508 40010000 		.4byte	.LASF74
 1341 050c 06       		.byte	0x6
 1342 050d 1D       		.byte	0x1d
 1343 050e C6000000 		.4byte	0xc6
 1344 0512 05       		.uleb128 0x5
 1345 0513 03       		.byte	0x3
 1346 0514 00000000 		.4byte	dataPointsInStack
 1347 0518 1A       		.uleb128 0x1a
 1348 0519 8A030000 		.4byte	.LASF75
 1349 051d 06       		.byte	0x6
 1350 051e 1E       		.byte	0x1e
 1351 051f C6000000 		.4byte	0xc6
 1352 0523 05       		.uleb128 0x5
 1353 0524 03       		.byte	0x3
 1354 0525 00000000 		.4byte	dataPointsInStackDesired
 1355 0529 06       		.uleb128 0x6
 1356 052a FF010000 		.4byte	0x1ff
 1357 052e 39050000 		.4byte	0x539
 1358 0532 07       		.uleb128 0x7
 1359 0533 7D000000 		.4byte	0x7d
 1360 0537 95       		.byte	0x95
 1361 0538 00       		.byte	0
 1362 0539 1A       		.uleb128 0x1a
 1363 053a 0F010000 		.4byte	.LASF76
 1364 053e 06       		.byte	0x6
 1365 053f 1F       		.byte	0x1f
 1366 0540 29050000 		.4byte	0x529
 1367 0544 05       		.uleb128 0x5
 1368 0545 03       		.byte	0x3
 1369 0546 00000000 		.4byte	data
 1370 054a 06       		.uleb128 0x6
 1371 054b 8A000000 		.4byte	0x8a
 1372 054f 5B050000 		.4byte	0x55b
 1373 0553 1B       		.uleb128 0x1b
 1374 0554 7D000000 		.4byte	0x7d
 1375 0558 0F27     		.2byte	0x270f
 1376 055a 00       		.byte	0
 1377 055b 1A       		.uleb128 0x1a
 1378 055c 9E040000 		.4byte	.LASF77
 1379 0560 07       		.byte	0x7
 1380 0561 15       		.byte	0x15
 1381 0562 4A050000 		.4byte	0x54a
 1382 0566 05       		.uleb128 0x5
 1383 0567 03       		.byte	0x3
 1384 0568 00000000 		.4byte	http_request
 1385 056c 1A       		.uleb128 0x1a
 1386 056d DA010000 		.4byte	.LASF78
ARM GAS  C:\Users\hail\AppData\Local\Temp\ccgoPSMu.s 			page 28


 1387 0571 07       		.byte	0x7
 1388 0572 16       		.byte	0x16
 1389 0573 4A050000 		.4byte	0x54a
 1390 0577 05       		.uleb128 0x5
 1391 0578 03       		.byte	0x3
 1392 0579 00000000 		.4byte	http_body
 1393 057d 06       		.uleb128 0x6
 1394 057e 8A000000 		.4byte	0x8a
 1395 0582 8D050000 		.4byte	0x58d
 1396 0586 07       		.uleb128 0x7
 1397 0587 7D000000 		.4byte	0x7d
 1398 058b C7       		.byte	0xc7
 1399 058c 00       		.byte	0
 1400 058d 1A       		.uleb128 0x1a
 1401 058e A3030000 		.4byte	.LASF79
 1402 0592 07       		.byte	0x7
 1403 0593 17       		.byte	0x17
 1404 0594 7D050000 		.4byte	0x57d
 1405 0598 05       		.uleb128 0x5
 1406 0599 03       		.byte	0x3
 1407 059a 00000000 		.4byte	http_route
 1408 059e 1A       		.uleb128 0x1a
 1409 059f 46030000 		.4byte	.LASF80
 1410 05a3 07       		.byte	0x7
 1411 05a4 3E       		.byte	0x3e
 1412 05a5 31020000 		.4byte	0x231
 1413 05a9 05       		.uleb128 0x5
 1414 05aa 03       		.byte	0x3
 1415 05ab 00000000 		.4byte	system_info
 1416 05af 1A       		.uleb128 0x1a
 1417 05b0 79020000 		.4byte	.LASF81
 1418 05b4 07       		.byte	0x7
 1419 05b5 50       		.byte	0x50
 1420 05b6 AF020000 		.4byte	0x2af
 1421 05ba 05       		.uleb128 0x5
 1422 05bb 03       		.byte	0x3
 1423 05bc 00000000 		.4byte	system_settings
 1424 05c0 00       		.byte	0
 1425              		.section	.debug_abbrev,"",%progbits
 1426              	.Ldebug_abbrev0:
 1427 0000 01       		.uleb128 0x1
 1428 0001 11       		.uleb128 0x11
 1429 0002 01       		.byte	0x1
 1430 0003 25       		.uleb128 0x25
 1431 0004 0E       		.uleb128 0xe
 1432 0005 13       		.uleb128 0x13
 1433 0006 0B       		.uleb128 0xb
 1434 0007 03       		.uleb128 0x3
 1435 0008 0E       		.uleb128 0xe
 1436 0009 1B       		.uleb128 0x1b
 1437 000a 0E       		.uleb128 0xe
 1438 000b 55       		.uleb128 0x55
 1439 000c 17       		.uleb128 0x17
 1440 000d 11       		.uleb128 0x11
 1441 000e 01       		.uleb128 0x1
 1442 000f 10       		.uleb128 0x10
 1443 0010 17       		.uleb128 0x17
ARM GAS  C:\Users\hail\AppData\Local\Temp\ccgoPSMu.s 			page 29


 1444 0011 00       		.byte	0
 1445 0012 00       		.byte	0
 1446 0013 02       		.uleb128 0x2
 1447 0014 24       		.uleb128 0x24
 1448 0015 00       		.byte	0
 1449 0016 0B       		.uleb128 0xb
 1450 0017 0B       		.uleb128 0xb
 1451 0018 3E       		.uleb128 0x3e
 1452 0019 0B       		.uleb128 0xb
 1453 001a 03       		.uleb128 0x3
 1454 001b 08       		.uleb128 0x8
 1455 001c 00       		.byte	0
 1456 001d 00       		.byte	0
 1457 001e 03       		.uleb128 0x3
 1458 001f 24       		.uleb128 0x24
 1459 0020 00       		.byte	0
 1460 0021 0B       		.uleb128 0xb
 1461 0022 0B       		.uleb128 0xb
 1462 0023 3E       		.uleb128 0x3e
 1463 0024 0B       		.uleb128 0xb
 1464 0025 03       		.uleb128 0x3
 1465 0026 0E       		.uleb128 0xe
 1466 0027 00       		.byte	0
 1467 0028 00       		.byte	0
 1468 0029 04       		.uleb128 0x4
 1469 002a 16       		.uleb128 0x16
 1470 002b 00       		.byte	0
 1471 002c 03       		.uleb128 0x3
 1472 002d 0E       		.uleb128 0xe
 1473 002e 3A       		.uleb128 0x3a
 1474 002f 0B       		.uleb128 0xb
 1475 0030 3B       		.uleb128 0x3b
 1476 0031 0B       		.uleb128 0xb
 1477 0032 49       		.uleb128 0x49
 1478 0033 13       		.uleb128 0x13
 1479 0034 00       		.byte	0
 1480 0035 00       		.byte	0
 1481 0036 05       		.uleb128 0x5
 1482 0037 0F       		.uleb128 0xf
 1483 0038 00       		.byte	0
 1484 0039 0B       		.uleb128 0xb
 1485 003a 0B       		.uleb128 0xb
 1486 003b 49       		.uleb128 0x49
 1487 003c 13       		.uleb128 0x13
 1488 003d 00       		.byte	0
 1489 003e 00       		.byte	0
 1490 003f 06       		.uleb128 0x6
 1491 0040 01       		.uleb128 0x1
 1492 0041 01       		.byte	0x1
 1493 0042 49       		.uleb128 0x49
 1494 0043 13       		.uleb128 0x13
 1495 0044 01       		.uleb128 0x1
 1496 0045 13       		.uleb128 0x13
 1497 0046 00       		.byte	0
 1498 0047 00       		.byte	0
 1499 0048 07       		.uleb128 0x7
 1500 0049 21       		.uleb128 0x21
ARM GAS  C:\Users\hail\AppData\Local\Temp\ccgoPSMu.s 			page 30


 1501 004a 00       		.byte	0
 1502 004b 49       		.uleb128 0x49
 1503 004c 13       		.uleb128 0x13
 1504 004d 2F       		.uleb128 0x2f
 1505 004e 0B       		.uleb128 0xb
 1506 004f 00       		.byte	0
 1507 0050 00       		.byte	0
 1508 0051 08       		.uleb128 0x8
 1509 0052 16       		.uleb128 0x16
 1510 0053 00       		.byte	0
 1511 0054 03       		.uleb128 0x3
 1512 0055 0E       		.uleb128 0xe
 1513 0056 3A       		.uleb128 0x3a
 1514 0057 0B       		.uleb128 0xb
 1515 0058 3B       		.uleb128 0x3b
 1516 0059 05       		.uleb128 0x5
 1517 005a 49       		.uleb128 0x49
 1518 005b 13       		.uleb128 0x13
 1519 005c 00       		.byte	0
 1520 005d 00       		.byte	0
 1521 005e 09       		.uleb128 0x9
 1522 005f 13       		.uleb128 0x13
 1523 0060 01       		.byte	0x1
 1524 0061 0B       		.uleb128 0xb
 1525 0062 0B       		.uleb128 0xb
 1526 0063 3A       		.uleb128 0x3a
 1527 0064 0B       		.uleb128 0xb
 1528 0065 3B       		.uleb128 0x3b
 1529 0066 0B       		.uleb128 0xb
 1530 0067 01       		.uleb128 0x1
 1531 0068 13       		.uleb128 0x13
 1532 0069 00       		.byte	0
 1533 006a 00       		.byte	0
 1534 006b 0A       		.uleb128 0xa
 1535 006c 0D       		.uleb128 0xd
 1536 006d 00       		.byte	0
 1537 006e 03       		.uleb128 0x3
 1538 006f 0E       		.uleb128 0xe
 1539 0070 3A       		.uleb128 0x3a
 1540 0071 0B       		.uleb128 0xb
 1541 0072 3B       		.uleb128 0x3b
 1542 0073 0B       		.uleb128 0xb
 1543 0074 49       		.uleb128 0x49
 1544 0075 13       		.uleb128 0x13
 1545 0076 38       		.uleb128 0x38
 1546 0077 0B       		.uleb128 0xb
 1547 0078 00       		.byte	0
 1548 0079 00       		.byte	0
 1549 007a 0B       		.uleb128 0xb
 1550 007b 0D       		.uleb128 0xd
 1551 007c 00       		.byte	0
 1552 007d 03       		.uleb128 0x3
 1553 007e 08       		.uleb128 0x8
 1554 007f 3A       		.uleb128 0x3a
 1555 0080 0B       		.uleb128 0xb
 1556 0081 3B       		.uleb128 0x3b
 1557 0082 0B       		.uleb128 0xb
ARM GAS  C:\Users\hail\AppData\Local\Temp\ccgoPSMu.s 			page 31


 1558 0083 49       		.uleb128 0x49
 1559 0084 13       		.uleb128 0x13
 1560 0085 38       		.uleb128 0x38
 1561 0086 0B       		.uleb128 0xb
 1562 0087 00       		.byte	0
 1563 0088 00       		.byte	0
 1564 0089 0C       		.uleb128 0xc
 1565 008a 13       		.uleb128 0x13
 1566 008b 01       		.byte	0x1
 1567 008c 0B       		.uleb128 0xb
 1568 008d 05       		.uleb128 0x5
 1569 008e 3A       		.uleb128 0x3a
 1570 008f 0B       		.uleb128 0xb
 1571 0090 3B       		.uleb128 0x3b
 1572 0091 0B       		.uleb128 0xb
 1573 0092 01       		.uleb128 0x1
 1574 0093 13       		.uleb128 0x13
 1575 0094 00       		.byte	0
 1576 0095 00       		.byte	0
 1577 0096 0D       		.uleb128 0xd
 1578 0097 0D       		.uleb128 0xd
 1579 0098 00       		.byte	0
 1580 0099 03       		.uleb128 0x3
 1581 009a 0E       		.uleb128 0xe
 1582 009b 3A       		.uleb128 0x3a
 1583 009c 0B       		.uleb128 0xb
 1584 009d 3B       		.uleb128 0x3b
 1585 009e 0B       		.uleb128 0xb
 1586 009f 49       		.uleb128 0x49
 1587 00a0 13       		.uleb128 0x13
 1588 00a1 38       		.uleb128 0x38
 1589 00a2 05       		.uleb128 0x5
 1590 00a3 00       		.byte	0
 1591 00a4 00       		.byte	0
 1592 00a5 0E       		.uleb128 0xe
 1593 00a6 2E       		.uleb128 0x2e
 1594 00a7 01       		.byte	0x1
 1595 00a8 3F       		.uleb128 0x3f
 1596 00a9 19       		.uleb128 0x19
 1597 00aa 03       		.uleb128 0x3
 1598 00ab 0E       		.uleb128 0xe
 1599 00ac 3A       		.uleb128 0x3a
 1600 00ad 0B       		.uleb128 0xb
 1601 00ae 3B       		.uleb128 0x3b
 1602 00af 0B       		.uleb128 0xb
 1603 00b0 27       		.uleb128 0x27
 1604 00b1 19       		.uleb128 0x19
 1605 00b2 49       		.uleb128 0x49
 1606 00b3 13       		.uleb128 0x13
 1607 00b4 11       		.uleb128 0x11
 1608 00b5 01       		.uleb128 0x1
 1609 00b6 12       		.uleb128 0x12
 1610 00b7 06       		.uleb128 0x6
 1611 00b8 40       		.uleb128 0x40
 1612 00b9 18       		.uleb128 0x18
 1613 00ba 9642     		.uleb128 0x2116
 1614 00bc 19       		.uleb128 0x19
ARM GAS  C:\Users\hail\AppData\Local\Temp\ccgoPSMu.s 			page 32


 1615 00bd 01       		.uleb128 0x1
 1616 00be 13       		.uleb128 0x13
 1617 00bf 00       		.byte	0
 1618 00c0 00       		.byte	0
 1619 00c1 0F       		.uleb128 0xf
 1620 00c2 05       		.uleb128 0x5
 1621 00c3 00       		.byte	0
 1622 00c4 03       		.uleb128 0x3
 1623 00c5 08       		.uleb128 0x8
 1624 00c6 3A       		.uleb128 0x3a
 1625 00c7 0B       		.uleb128 0xb
 1626 00c8 3B       		.uleb128 0x3b
 1627 00c9 0B       		.uleb128 0xb
 1628 00ca 49       		.uleb128 0x49
 1629 00cb 13       		.uleb128 0x13
 1630 00cc 02       		.uleb128 0x2
 1631 00cd 18       		.uleb128 0x18
 1632 00ce 00       		.byte	0
 1633 00cf 00       		.byte	0
 1634 00d0 10       		.uleb128 0x10
 1635 00d1 05       		.uleb128 0x5
 1636 00d2 00       		.byte	0
 1637 00d3 03       		.uleb128 0x3
 1638 00d4 0E       		.uleb128 0xe
 1639 00d5 3A       		.uleb128 0x3a
 1640 00d6 0B       		.uleb128 0xb
 1641 00d7 3B       		.uleb128 0x3b
 1642 00d8 0B       		.uleb128 0xb
 1643 00d9 49       		.uleb128 0x49
 1644 00da 13       		.uleb128 0x13
 1645 00db 02       		.uleb128 0x2
 1646 00dc 18       		.uleb128 0x18
 1647 00dd 00       		.byte	0
 1648 00de 00       		.byte	0
 1649 00df 11       		.uleb128 0x11
 1650 00e0 2E       		.uleb128 0x2e
 1651 00e1 00       		.byte	0
 1652 00e2 3F       		.uleb128 0x3f
 1653 00e3 19       		.uleb128 0x19
 1654 00e4 03       		.uleb128 0x3
 1655 00e5 0E       		.uleb128 0xe
 1656 00e6 3A       		.uleb128 0x3a
 1657 00e7 0B       		.uleb128 0xb
 1658 00e8 3B       		.uleb128 0x3b
 1659 00e9 0B       		.uleb128 0xb
 1660 00ea 11       		.uleb128 0x11
 1661 00eb 01       		.uleb128 0x1
 1662 00ec 12       		.uleb128 0x12
 1663 00ed 06       		.uleb128 0x6
 1664 00ee 40       		.uleb128 0x40
 1665 00ef 18       		.uleb128 0x18
 1666 00f0 9642     		.uleb128 0x2116
 1667 00f2 19       		.uleb128 0x19
 1668 00f3 00       		.byte	0
 1669 00f4 00       		.byte	0
 1670 00f5 12       		.uleb128 0x12
 1671 00f6 2E       		.uleb128 0x2e
ARM GAS  C:\Users\hail\AppData\Local\Temp\ccgoPSMu.s 			page 33


 1672 00f7 01       		.byte	0x1
 1673 00f8 3F       		.uleb128 0x3f
 1674 00f9 19       		.uleb128 0x19
 1675 00fa 03       		.uleb128 0x3
 1676 00fb 0E       		.uleb128 0xe
 1677 00fc 3A       		.uleb128 0x3a
 1678 00fd 0B       		.uleb128 0xb
 1679 00fe 3B       		.uleb128 0x3b
 1680 00ff 0B       		.uleb128 0xb
 1681 0100 11       		.uleb128 0x11
 1682 0101 01       		.uleb128 0x1
 1683 0102 12       		.uleb128 0x12
 1684 0103 06       		.uleb128 0x6
 1685 0104 40       		.uleb128 0x40
 1686 0105 18       		.uleb128 0x18
 1687 0106 9742     		.uleb128 0x2117
 1688 0108 19       		.uleb128 0x19
 1689 0109 01       		.uleb128 0x1
 1690 010a 13       		.uleb128 0x13
 1691 010b 00       		.byte	0
 1692 010c 00       		.byte	0
 1693 010d 13       		.uleb128 0x13
 1694 010e 0B       		.uleb128 0xb
 1695 010f 01       		.byte	0x1
 1696 0110 11       		.uleb128 0x11
 1697 0111 01       		.uleb128 0x1
 1698 0112 12       		.uleb128 0x12
 1699 0113 06       		.uleb128 0x6
 1700 0114 00       		.byte	0
 1701 0115 00       		.byte	0
 1702 0116 14       		.uleb128 0x14
 1703 0117 34       		.uleb128 0x34
 1704 0118 00       		.byte	0
 1705 0119 03       		.uleb128 0x3
 1706 011a 08       		.uleb128 0x8
 1707 011b 3A       		.uleb128 0x3a
 1708 011c 0B       		.uleb128 0xb
 1709 011d 3B       		.uleb128 0x3b
 1710 011e 0B       		.uleb128 0xb
 1711 011f 49       		.uleb128 0x49
 1712 0120 13       		.uleb128 0x13
 1713 0121 02       		.uleb128 0x2
 1714 0122 18       		.uleb128 0x18
 1715 0123 00       		.byte	0
 1716 0124 00       		.byte	0
 1717 0125 15       		.uleb128 0x15
 1718 0126 2E       		.uleb128 0x2e
 1719 0127 00       		.byte	0
 1720 0128 3F       		.uleb128 0x3f
 1721 0129 19       		.uleb128 0x19
 1722 012a 03       		.uleb128 0x3
 1723 012b 0E       		.uleb128 0xe
 1724 012c 3A       		.uleb128 0x3a
 1725 012d 0B       		.uleb128 0xb
 1726 012e 3B       		.uleb128 0x3b
 1727 012f 0B       		.uleb128 0xb
 1728 0130 49       		.uleb128 0x49
ARM GAS  C:\Users\hail\AppData\Local\Temp\ccgoPSMu.s 			page 34


 1729 0131 13       		.uleb128 0x13
 1730 0132 11       		.uleb128 0x11
 1731 0133 01       		.uleb128 0x1
 1732 0134 12       		.uleb128 0x12
 1733 0135 06       		.uleb128 0x6
 1734 0136 40       		.uleb128 0x40
 1735 0137 18       		.uleb128 0x18
 1736 0138 9742     		.uleb128 0x2117
 1737 013a 19       		.uleb128 0x19
 1738 013b 00       		.byte	0
 1739 013c 00       		.byte	0
 1740 013d 16       		.uleb128 0x16
 1741 013e 2E       		.uleb128 0x2e
 1742 013f 01       		.byte	0x1
 1743 0140 3F       		.uleb128 0x3f
 1744 0141 19       		.uleb128 0x19
 1745 0142 03       		.uleb128 0x3
 1746 0143 0E       		.uleb128 0xe
 1747 0144 3A       		.uleb128 0x3a
 1748 0145 0B       		.uleb128 0xb
 1749 0146 3B       		.uleb128 0x3b
 1750 0147 0B       		.uleb128 0xb
 1751 0148 27       		.uleb128 0x27
 1752 0149 19       		.uleb128 0x19
 1753 014a 11       		.uleb128 0x11
 1754 014b 01       		.uleb128 0x1
 1755 014c 12       		.uleb128 0x12
 1756 014d 06       		.uleb128 0x6
 1757 014e 40       		.uleb128 0x40
 1758 014f 18       		.uleb128 0x18
 1759 0150 9642     		.uleb128 0x2116
 1760 0152 19       		.uleb128 0x19
 1761 0153 01       		.uleb128 0x1
 1762 0154 13       		.uleb128 0x13
 1763 0155 00       		.byte	0
 1764 0156 00       		.byte	0
 1765 0157 17       		.uleb128 0x17
 1766 0158 34       		.uleb128 0x34
 1767 0159 00       		.byte	0
 1768 015a 03       		.uleb128 0x3
 1769 015b 0E       		.uleb128 0xe
 1770 015c 3A       		.uleb128 0x3a
 1771 015d 0B       		.uleb128 0xb
 1772 015e 3B       		.uleb128 0x3b
 1773 015f 0B       		.uleb128 0xb
 1774 0160 49       		.uleb128 0x49
 1775 0161 13       		.uleb128 0x13
 1776 0162 02       		.uleb128 0x2
 1777 0163 18       		.uleb128 0x18
 1778 0164 00       		.byte	0
 1779 0165 00       		.byte	0
 1780 0166 18       		.uleb128 0x18
 1781 0167 34       		.uleb128 0x34
 1782 0168 00       		.byte	0
 1783 0169 03       		.uleb128 0x3
 1784 016a 0E       		.uleb128 0xe
 1785 016b 3A       		.uleb128 0x3a
ARM GAS  C:\Users\hail\AppData\Local\Temp\ccgoPSMu.s 			page 35


 1786 016c 0B       		.uleb128 0xb
 1787 016d 3B       		.uleb128 0x3b
 1788 016e 05       		.uleb128 0x5
 1789 016f 49       		.uleb128 0x49
 1790 0170 13       		.uleb128 0x13
 1791 0171 3F       		.uleb128 0x3f
 1792 0172 19       		.uleb128 0x19
 1793 0173 3C       		.uleb128 0x3c
 1794 0174 19       		.uleb128 0x19
 1795 0175 00       		.byte	0
 1796 0176 00       		.byte	0
 1797 0177 19       		.uleb128 0x19
 1798 0178 35       		.uleb128 0x35
 1799 0179 00       		.byte	0
 1800 017a 49       		.uleb128 0x49
 1801 017b 13       		.uleb128 0x13
 1802 017c 00       		.byte	0
 1803 017d 00       		.byte	0
 1804 017e 1A       		.uleb128 0x1a
 1805 017f 34       		.uleb128 0x34
 1806 0180 00       		.byte	0
 1807 0181 03       		.uleb128 0x3
 1808 0182 0E       		.uleb128 0xe
 1809 0183 3A       		.uleb128 0x3a
 1810 0184 0B       		.uleb128 0xb
 1811 0185 3B       		.uleb128 0x3b
 1812 0186 0B       		.uleb128 0xb
 1813 0187 49       		.uleb128 0x49
 1814 0188 13       		.uleb128 0x13
 1815 0189 3F       		.uleb128 0x3f
 1816 018a 19       		.uleb128 0x19
 1817 018b 02       		.uleb128 0x2
 1818 018c 18       		.uleb128 0x18
 1819 018d 00       		.byte	0
 1820 018e 00       		.byte	0
 1821 018f 1B       		.uleb128 0x1b
 1822 0190 21       		.uleb128 0x21
 1823 0191 00       		.byte	0
 1824 0192 49       		.uleb128 0x49
 1825 0193 13       		.uleb128 0x13
 1826 0194 2F       		.uleb128 0x2f
 1827 0195 05       		.uleb128 0x5
 1828 0196 00       		.byte	0
 1829 0197 00       		.byte	0
 1830 0198 00       		.byte	0
 1831              		.section	.debug_aranges,"",%progbits
 1832 0000 54000000 		.4byte	0x54
 1833 0004 0200     		.2byte	0x2
 1834 0006 00000000 		.4byte	.Ldebug_info0
 1835 000a 04       		.byte	0x4
 1836 000b 00       		.byte	0
 1837 000c 0000     		.2byte	0
 1838 000e 0000     		.2byte	0
 1839 0010 00000000 		.4byte	.LFB64
 1840 0014 AC000000 		.4byte	.LFE64-.LFB64
 1841 0018 00000000 		.4byte	.LFB65
 1842 001c 0C000000 		.4byte	.LFE65-.LFB65
ARM GAS  C:\Users\hail\AppData\Local\Temp\ccgoPSMu.s 			page 36


 1843 0020 00000000 		.4byte	.LFB66
 1844 0024 6C000000 		.4byte	.LFE66-.LFB66
 1845 0028 00000000 		.4byte	.LFB67
 1846 002c 14000000 		.4byte	.LFE67-.LFB67
 1847 0030 00000000 		.4byte	.LFB68
 1848 0034 14000000 		.4byte	.LFE68-.LFB68
 1849 0038 00000000 		.4byte	.LFB69
 1850 003c F8000000 		.4byte	.LFE69-.LFB69
 1851 0040 00000000 		.4byte	.LFB70
 1852 0044 84000000 		.4byte	.LFE70-.LFB70
 1853 0048 00000000 		.4byte	.LFB71
 1854 004c 38000000 		.4byte	.LFE71-.LFB71
 1855 0050 00000000 		.4byte	0
 1856 0054 00000000 		.4byte	0
 1857              		.section	.debug_ranges,"",%progbits
 1858              	.Ldebug_ranges0:
 1859 0000 00000000 		.4byte	.LFB64
 1860 0004 AC000000 		.4byte	.LFE64
 1861 0008 00000000 		.4byte	.LFB65
 1862 000c 0C000000 		.4byte	.LFE65
 1863 0010 00000000 		.4byte	.LFB66
 1864 0014 6C000000 		.4byte	.LFE66
 1865 0018 00000000 		.4byte	.LFB67
 1866 001c 14000000 		.4byte	.LFE67
 1867 0020 00000000 		.4byte	.LFB68
 1868 0024 14000000 		.4byte	.LFE68
 1869 0028 00000000 		.4byte	.LFB69
 1870 002c F8000000 		.4byte	.LFE69
 1871 0030 00000000 		.4byte	.LFB70
 1872 0034 84000000 		.4byte	.LFE70
 1873 0038 00000000 		.4byte	.LFB71
 1874 003c 38000000 		.4byte	.LFE71
 1875 0040 00000000 		.4byte	0
 1876 0044 00000000 		.4byte	0
 1877              		.section	.debug_line,"",%progbits
 1878              	.Ldebug_line0:
 1879 0000 4B020000 		.section	.debug_str,"MS",%progbits,1
 1879      02006F01 
 1879      00000201 
 1879      FB0E0D00 
 1879      01010101 
 1880              	.LASF20:
 1881 0000 6D6F6465 		.ascii	"model_id\000"
 1881      6C5F6964 
 1881      00
 1882              	.LASF48:
 1883 0009 74696D65 		.ascii	"timestamp\000"
 1883      7374616D 
 1883      7000
 1884              	.LASF19:
 1885 0013 73696D5F 		.ascii	"sim_id\000"
 1885      696400
 1886              	.LASF56:
 1887 001a 6D657468 		.ascii	"method\000"
 1887      6F6400
 1888              	.LASF47:
 1889 0021 7379735F 		.ascii	"sys_settings_t\000"
ARM GAS  C:\Users\hail\AppData\Local\Temp\ccgoPSMu.s 			page 37


 1889      73657474 
 1889      696E6773 
 1889      5F7400
 1890              	.LASF49:
 1891 0030 73697A65 		.ascii	"sizeOfDataStackDesired\000"
 1891      4F664461 
 1891      74615374 
 1891      61636B44 
 1891      65736972 
 1892              	.LASF39:
 1893 0047 63686970 		.ascii	"chip_uniqueId\000"
 1893      5F756E69 
 1893      71756549 
 1893      6400
 1894              	.LASF5:
 1895 0055 73686F72 		.ascii	"short int\000"
 1895      7420696E 
 1895      7400
 1896              	.LASF36:
 1897 005f 74696D65 		.ascii	"timeStamp\000"
 1897      5374616D 
 1897      7000
 1898              	.LASF10:
 1899 0069 73697A65 		.ascii	"sizetype\000"
 1899      74797065 
 1899      00
 1900              	.LASF42:
 1901 0072 65705F68 		.ascii	"ep_host\000"
 1901      6F737400 
 1902              	.LASF82:
 1903 007a 474E5520 		.ascii	"GNU C11 5.4.1 20160609 (release) [ARM/embedded-5-br"
 1903      43313120 
 1903      352E342E 
 1903      31203230 
 1903      31363036 
 1904 00ad 616E6368 		.ascii	"anch revision 237715] -mcpu=cortex-m3 -mthumb -g -O"
 1904      20726576 
 1904      6973696F 
 1904      6E203233 
 1904      37373135 
 1905 00e0 30202D66 		.ascii	"0 -ffunction-sections -ffat-lto-objects\000"
 1905      66756E63 
 1905      74696F6E 
 1905      2D736563 
 1905      74696F6E 
 1906              	.LASF83:
 1907 0108 64617461 		.ascii	"data.c\000"
 1907      2E6300
 1908              	.LASF76:
 1909 010f 64617461 		.ascii	"data\000"
 1909      00
 1910              	.LASF60:
 1911 0114 68747470 		.ascii	"http_protocol\000"
 1911      5F70726F 
 1911      746F636F 
 1911      6C00
 1912              	.LASF63:
ARM GAS  C:\Users\hail\AppData\Local\Temp\ccgoPSMu.s 			page 38


 1913 0122 72657175 		.ascii	"request_len\000"
 1913      6573745F 
 1913      6C656E00 
 1914              	.LASF25:
 1915 012e 65636E6F 		.ascii	"ecno\000"
 1915      00
 1916              	.LASF35:
 1917 0133 76616C75 		.ascii	"value\000"
 1917      6500
 1918              	.LASF17:
 1919 0139 75696E74 		.ascii	"uint16\000"
 1919      313600
 1920              	.LASF74:
 1921 0140 64617461 		.ascii	"dataPointsInStack\000"
 1921      506F696E 
 1921      7473496E 
 1921      53746163 
 1921      6B00
 1922              	.LASF68:
 1923 0152 68617368 		.ascii	"hash\000"
 1923      00
 1924              	.LASF16:
 1925 0157 75696E74 		.ascii	"uint8\000"
 1925      3800
 1926              	.LASF58:
 1927 015d 65787472 		.ascii	"extra_headers\000"
 1927      615F6865 
 1927      61646572 
 1927      7300
 1928              	.LASF46:
 1929 016b 65705F64 		.ascii	"ep_database\000"
 1929      61746162 
 1929      61736500 
 1930              	.LASF44:
 1931 0177 65705F75 		.ascii	"ep_user\000"
 1931      73657200 
 1932              	.LASF24:
 1933 017f 72736370 		.ascii	"rscp\000"
 1933      00
 1934              	.LASF27:
 1935 0184 72737270 		.ascii	"rsrp\000"
 1935      00
 1936              	.LASF26:
 1937 0189 72737271 		.ascii	"rsrq\000"
 1937      00
 1938              	.LASF67:
 1939 018e 64657669 		.ascii	"device\000"
 1939      636500
 1940              	.LASF15:
 1941 0195 666C6F61 		.ascii	"float\000"
 1941      7400
 1942              	.LASF1:
 1943 019b 6C6F6E67 		.ascii	"long long int\000"
 1943      206C6F6E 
 1943      6720696E 
 1943      7400
 1944              	.LASF11:
ARM GAS  C:\Users\hail\AppData\Local\Temp\ccgoPSMu.s 			page 39


 1945 01a9 63686172 		.ascii	"char\000"
 1945      00
 1946              	.LASF22:
 1947 01ae 6D6F6465 		.ascii	"modem_info_t\000"
 1947      6D5F696E 
 1947      666F5F74 
 1947      00
 1948              	.LASF7:
 1949 01bb 6C6F6E67 		.ascii	"long int\000"
 1949      20696E74 
 1949      00
 1950              	.LASF38:
 1951 01c4 6D6F6465 		.ascii	"modem_info\000"
 1951      6D5F696E 
 1951      666F00
 1952              	.LASF52:
 1953 01cf 626F6479 		.ascii	"body\000"
 1953      00
 1954              	.LASF54:
 1955 01d4 726F7574 		.ascii	"route\000"
 1955      6500
 1956              	.LASF78:
 1957 01da 68747470 		.ascii	"http_body\000"
 1957      5F626F64 
 1957      7900
 1958              	.LASF31:
 1959 01e4 6D656173 		.ascii	"measure_time\000"
 1959      7572655F 
 1959      74696D65 
 1959      00
 1960              	.LASF2:
 1961 01f1 6C6F6E67 		.ascii	"long double\000"
 1961      20646F75 
 1961      626C6500 
 1962              	.LASF4:
 1963 01fd 756E7369 		.ascii	"unsigned char\000"
 1963      676E6564 
 1963      20636861 
 1963      7200
 1964              	.LASF86:
 1965 020b 436C6561 		.ascii	"Clear_Data_Stack\000"
 1965      725F4461 
 1965      74615F53 
 1965      7461636B 
 1965      00
 1966              	.LASF71:
 1967 021c 6D6F6465 		.ascii	"modem_start_time_stamp\000"
 1967      6D5F7374 
 1967      6172745F 
 1967      74696D65 
 1967      5F737461 
 1968              	.LASF34:
 1969 0233 75706461 		.ascii	"updatable_parameters_t\000"
 1969      7461626C 
 1969      655F7061 
 1969      72616D65 
 1969      74657273 
ARM GAS  C:\Users\hail\AppData\Local\Temp\ccgoPSMu.s 			page 40


 1970              	.LASF70:
 1971 024a 6D6F6465 		.ascii	"modem_state\000"
 1971      6D5F7374 
 1971      61746500 
 1972              	.LASF3:
 1973 0256 7369676E 		.ascii	"signed char\000"
 1973      65642063 
 1973      68617200 
 1974              	.LASF9:
 1975 0262 6C6F6E67 		.ascii	"long long unsigned int\000"
 1975      206C6F6E 
 1975      6720756E 
 1975      7369676E 
 1975      65642069 
 1976              	.LASF81:
 1977 0279 73797374 		.ascii	"system_settings\000"
 1977      656D5F73 
 1977      65747469 
 1977      6E677300 
 1978              	.LASF0:
 1979 0289 756E7369 		.ascii	"unsigned int\000"
 1979      676E6564 
 1979      20696E74 
 1979      00
 1980              	.LASF37:
 1981 0296 6B65795F 		.ascii	"key_value_t\000"
 1981      76616C75 
 1981      655F7400 
 1982              	.LASF32:
 1983 02a2 73796E63 		.ascii	"sync_time\000"
 1983      5F74696D 
 1983      6500
 1984              	.LASF84:
 1985 02ac 433A5C55 		.ascii	"C:\\Users\\hail\\Desktop\\Brooke Research\\notoriOS"
 1985      73657273 
 1985      5C686169 
 1985      6C5C4465 
 1985      736B746F 
 1986 02da 5C6E6F74 		.ascii	"\\notoriOS\\notoriOS.cydsn\000"
 1986      6F72694F 
 1986      535C6E6F 
 1986      746F7269 
 1986      4F532E63 
 1987              	.LASF72:
 1988 02f3 6D6F6465 		.ascii	"modem_stats\000"
 1988      6D5F7374 
 1988      61747300 
 1989              	.LASF61:
 1990 02ff 70757368 		.ascii	"pushData\000"
 1990      44617461 
 1990      00
 1991              	.LASF51:
 1992 0308 72657175 		.ascii	"request\000"
 1992      65737400 
 1993              	.LASF40:
 1994 0310 7379735F 		.ascii	"sys_info_t\000"
 1994      696E666F 
ARM GAS  C:\Users\hail\AppData\Local\Temp\ccgoPSMu.s 			page 41


 1994      5F7400
 1995              	.LASF6:
 1996 031b 73686F72 		.ascii	"short unsigned int\000"
 1996      7420756E 
 1996      7369676E 
 1996      65642069 
 1996      6E7400
 1997              	.LASF28:
 1998 032e 74696D65 		.ascii	"time_to_network_connect\000"
 1998      5F746F5F 
 1998      6E657477 
 1998      6F726B5F 
 1998      636F6E6E 
 1999              	.LASF80:
 2000 0346 73797374 		.ascii	"system_info\000"
 2000      656D5F69 
 2000      6E666F00 
 2001              	.LASF29:
 2002 0352 74696D65 		.ascii	"time_to_acquire_ip\000"
 2002      5F746F5F 
 2002      61637175 
 2002      6972655F 
 2002      697000
 2003              	.LASF21:
 2004 0365 696D6569 		.ascii	"imei\000"
 2004      00
 2005              	.LASF13:
 2006 036a 696E7433 		.ascii	"int32_t\000"
 2006      325F7400 
 2007              	.LASF30:
 2008 0372 6D6F6465 		.ascii	"modem_stats_t\000"
 2008      6D5F7374 
 2008      6174735F 
 2008      7400
 2009              	.LASF59:
 2010 0380 65787472 		.ascii	"extra_len\000"
 2010      615F6C65 
 2010      6E00
 2011              	.LASF75:
 2012 038a 64617461 		.ascii	"dataPointsInStackDesired\000"
 2012      506F696E 
 2012      7473496E 
 2012      53746163 
 2012      6B446573 
 2013              	.LASF79:
 2014 03a3 68747470 		.ascii	"http_route\000"
 2014      5F726F75 
 2014      746500
 2015              	.LASF45:
 2016 03ae 65705F70 		.ascii	"ep_pswd\000"
 2016      73776400 
 2017              	.LASF55:
 2018 03b6 706F7274 		.ascii	"port\000"
 2018      00
 2019              	.LASF8:
 2020 03bb 6C6F6E67 		.ascii	"long unsigned int\000"
 2020      20756E73 
ARM GAS  C:\Users\hail\AppData\Local\Temp\ccgoPSMu.s 			page 42


 2020      69676E65 
 2020      6420696E 
 2020      7400
 2021              	.LASF18:
 2022 03cd 696E7433 		.ascii	"int32\000"
 2022      3200
 2023              	.LASF14:
 2024 03d3 646F7562 		.ascii	"double\000"
 2024      6C6500
 2025              	.LASF65:
 2026 03da 636F6E73 		.ascii	"construct_malcom_route\000"
 2026      74727563 
 2026      745F6D61 
 2026      6C636F6D 
 2026      5F726F75 
 2027              	.LASF69:
 2028 03f1 49544D5F 		.ascii	"ITM_RxBuffer\000"
 2028      52784275 
 2028      66666572 
 2028      00
 2029              	.LASF62:
 2030 03fe 636F6E73 		.ascii	"construct_malcom_body\000"
 2030      74727563 
 2030      745F6D61 
 2030      6C636F6D 
 2030      5F626F64 
 2031              	.LASF33:
 2032 0414 64656275 		.ascii	"debug_level\000"
 2032      675F6C65 
 2032      76656C00 
 2033              	.LASF12:
 2034 0420 5F5F696E 		.ascii	"__int32_t\000"
 2034      7433325F 
 2034      7400
 2035              	.LASF41:
 2036 042a 6E6F6465 		.ascii	"node_id\000"
 2036      5F696400 
 2037              	.LASF57:
 2038 0432 636F6E6E 		.ascii	"connection_type\000"
 2038      65637469 
 2038      6F6E5F74 
 2038      79706500 
 2039              	.LASF85:
 2040 0442 496E6974 		.ascii	"Initialize_Data_Stack\000"
 2040      69616C69 
 2040      7A655F44 
 2040      6174615F 
 2040      53746163 
 2041              	.LASF73:
 2042 0458 75706461 		.ascii	"updatable_parameters\000"
 2042      7461626C 
 2042      655F7061 
 2042      72616D65 
 2042      74657273 
 2043              	.LASF64:
 2044 046d 636F6E73 		.ascii	"construct_generic_HTTP_request\000"
 2044      74727563 
ARM GAS  C:\Users\hail\AppData\Local\Temp\ccgoPSMu.s 			page 43


 2044      745F6765 
 2044      6E657269 
 2044      635F4854 
 2045              	.LASF43:
 2046 048c 65705F70 		.ascii	"ep_port\000"
 2046      6F727400 
 2047              	.LASF53:
 2048 0494 686F7374 		.ascii	"host\000"
 2048      00
 2049              	.LASF66:
 2050 0499 62617365 		.ascii	"base\000"
 2050      00
 2051              	.LASF77:
 2052 049e 68747470 		.ascii	"http_request\000"
 2052      5F726571 
 2052      75657374 
 2052      00
 2053              	.LASF23:
 2054 04ab 72737369 		.ascii	"rssi\000"
 2054      00
 2055              	.LASF50:
 2056 04b0 73697A65 		.ascii	"sizeOfDataStack\000"
 2056      4F664461 
 2056      74615374 
 2056      61636B00 
 2057              		.ident	"GCC: (GNU Tools for ARM Embedded Processors) 5.4.1 20160609 (release) [ARM/embedded-5-bran
