ARM GAS  C:\Users\hail\AppData\Local\Temp\ccd0n9VP.s 			page 1


   1              		.syntax unified
   2              		.cpu cortex-m3
   3              		.fpu softvfp
   4              		.eabi_attribute 20, 1
   5              		.eabi_attribute 21, 1
   6              		.eabi_attribute 23, 3
   7              		.eabi_attribute 24, 1
   8              		.eabi_attribute 25, 1
   9              		.eabi_attribute 26, 1
  10              		.eabi_attribute 30, 6
  11              		.eabi_attribute 34, 1
  12              		.eabi_attribute 18, 4
  13              		.thumb
  14              		.syntax unified
  15              		.file	"debug.c"
  16              		.text
  17              	.Ltext0:
  18              		.cfi_sections	.debug_frame
  19              		.syntax unified
  20              		.global _printf_float
  21              		.thumb
  22              		.syntax unified
  23              		.global	BB_fileName
  24              		.data
  25              		.align	2
  26              		.type	BB_fileName, %object
  27              		.size	BB_fileName, 30
  28              	BB_fileName:
  29 0000 626C6163 		.ascii	"blackbox.txt\000"
  29      6B626F78 
  29      2E747874 
  29      00
  30 000d 00000000 		.space	17
  30      00000000 
  30      00000000 
  30      00000000 
  30      00
  31              		.global	debug_level
  32              		.type	debug_level, %object
  33              		.size	debug_level, 1
  34              	debug_level:
  35 001e 01       		.byte	1
  36              		.section	.text.debug_start,"ax",%progbits
  37              		.align	2
  38              		.global	debug_start
  39              		.thumb
  40              		.thumb_func
  41              		.type	debug_start, %function
  42              	debug_start:
  43              	.LFB64:
  44              		.file 1 "debug.c"
   1:debug.c       **** //drivers for UART debug 
   2:debug.c       **** 
   3:debug.c       **** #include "debug.h"
   4:debug.c       **** #include <stdarg.h> // handles variable argument list
   5:debug.c       **** 
   6:debug.c       **** char    BB_fileName[30] = "blackbox.txt";
ARM GAS  C:\Users\hail\AppData\Local\Temp\ccd0n9VP.s 			page 2


   7:debug.c       **** 
   8:debug.c       **** // Set debug level based on what you want printed/ written to SD card
   9:debug.c       **** // 0u = errors, warnings, startup notifications , 1u = all notifications
  10:debug.c       **** uint8   debug_level = 1u;
  11:debug.c       **** 
  12:debug.c       **** // function to start UART debug
  13:debug.c       **** void debug_start(){
  45              		.loc 1 13 0
  46              		.cfi_startproc
  47              		@ args = 0, pretend = 0, frame = 0
  48              		@ frame_needed = 1, uses_anonymous_args = 0
  49 0000 80B5     		push	{r7, lr}
  50              		.cfi_def_cfa_offset 8
  51              		.cfi_offset 7, -8
  52              		.cfi_offset 14, -4
  53 0002 00AF     		add	r7, sp, #0
  54              		.cfi_def_cfa_register 7
  14:debug.c       ****     // if debug flag = 1 then start UART
  15:debug.c       ****     #if USE_DEBUG
  16:debug.c       ****        Debug_UART_Start();
  55              		.loc 1 16 0
  56 0004 FFF7FEFF 		bl	Debug_UART_Start
  17:debug.c       ****        //setvbuf(stdout, NULL, _IOFBF, Debug_UART_TX_BUFFER_SIZE);//this sets the printf() bufefr t
  18:debug.c       ****        //setbuf(stdout, NULL);
  19:debug.c       ****     #endif
  20:debug.c       **** }
  57              		.loc 1 20 0
  58 0008 00BF     		nop
  59 000a 80BD     		pop	{r7, pc}
  60              		.cfi_endproc
  61              	.LFE64:
  62              		.size	debug_start, .-debug_start
  63              		.section	.text.debug_stop,"ax",%progbits
  64              		.align	2
  65              		.global	debug_stop
  66              		.thumb
  67              		.thumb_func
  68              		.type	debug_stop, %function
  69              	debug_stop:
  70              	.LFB65:
  21:debug.c       **** 
  22:debug.c       **** // function to stop UART debug
  23:debug.c       **** void debug_stop(){
  71              		.loc 1 23 0
  72              		.cfi_startproc
  73              		@ args = 0, pretend = 0, frame = 0
  74              		@ frame_needed = 1, uses_anonymous_args = 0
  75 0000 80B5     		push	{r7, lr}
  76              		.cfi_def_cfa_offset 8
  77              		.cfi_offset 7, -8
  78              		.cfi_offset 14, -4
  79 0002 00AF     		add	r7, sp, #0
  80              		.cfi_def_cfa_register 7
  24:debug.c       ****     // if debug flag = 1 then stop UART
  25:debug.c       ****     #if USE_DEBUG
  26:debug.c       ****         Debug_UART_Stop();
  81              		.loc 1 26 0
ARM GAS  C:\Users\hail\AppData\Local\Temp\ccd0n9VP.s 			page 3


  82 0004 FFF7FEFF 		bl	Debug_UART_Stop
  27:debug.c       ****     #endif
  28:debug.c       **** }
  83              		.loc 1 28 0
  84 0008 00BF     		nop
  85 000a 80BD     		pop	{r7, pc}
  86              		.cfi_endproc
  87              	.LFE65:
  88              		.size	debug_stop, .-debug_stop
  89              		.section	.text.debug_sleep,"ax",%progbits
  90              		.align	2
  91              		.global	debug_sleep
  92              		.thumb
  93              		.thumb_func
  94              		.type	debug_sleep, %function
  95              	debug_sleep:
  96              	.LFB66:
  29:debug.c       **** 
  30:debug.c       **** // function to sleep UART debug
  31:debug.c       **** void debug_sleep(){
  97              		.loc 1 31 0
  98              		.cfi_startproc
  99              		@ args = 0, pretend = 0, frame = 0
 100              		@ frame_needed = 1, uses_anonymous_args = 0
 101 0000 80B5     		push	{r7, lr}
 102              		.cfi_def_cfa_offset 8
 103              		.cfi_offset 7, -8
 104              		.cfi_offset 14, -4
 105 0002 00AF     		add	r7, sp, #0
 106              		.cfi_def_cfa_register 7
  32:debug.c       ****     // if debug flag = 1 and printf still writing, sleep UART
  33:debug.c       ****     #if USE_DEBUG
  34:debug.c       **** 
  35:debug.c       ****         // Check if UART is busy writing and waiit, if needed
  36:debug.c       ****         // Debug_UART_ReadTxStatus() reads the status register for the TX portion of the UART.
  37:debug.c       ****         if(!(Debug_UART_ReadTxStatus() & Debug_UART_TX_STS_FIFO_EMPTY)){
 107              		.loc 1 37 0
 108 0004 FFF7FEFF 		bl	Debug_UART_ReadTxStatus
 109 0008 0346     		mov	r3, r0
 110 000a 03F00203 		and	r3, r3, #2
 111 000e 002B     		cmp	r3, #0
 112 0010 02D1     		bne	.L4
  38:debug.c       ****             CyDelay(1u);
 113              		.loc 1 38 0
 114 0012 0120     		movs	r0, #1
 115 0014 FFF7FEFF 		bl	CyDelay
 116              	.L4:
  39:debug.c       ****         }
  40:debug.c       ****     // This is the preferred API to prepare the component for sleep. 
  41:debug.c       ****     // The Debug_UART_Sleep() API saves the current component state. Then it calls the Debug_UART_S
  42:debug.c       ****     Debug_UART_Sleep(); 
 117              		.loc 1 42 0
 118 0018 FFF7FEFF 		bl	Debug_UART_Sleep
  43:debug.c       ****    #endif
  44:debug.c       ****    
  45:debug.c       **** }
 119              		.loc 1 45 0
ARM GAS  C:\Users\hail\AppData\Local\Temp\ccd0n9VP.s 			page 4


 120 001c 00BF     		nop
 121 001e 80BD     		pop	{r7, pc}
 122              		.cfi_endproc
 123              	.LFE66:
 124              		.size	debug_sleep, .-debug_sleep
 125              		.section	.text.debug_wakeup,"ax",%progbits
 126              		.align	2
 127              		.global	debug_wakeup
 128              		.thumb
 129              		.thumb_func
 130              		.type	debug_wakeup, %function
 131              	debug_wakeup:
 132              	.LFB67:
  46:debug.c       **** 
  47:debug.c       **** // function to wakeup UART debug
  48:debug.c       **** void debug_wakeup(){
 133              		.loc 1 48 0
 134              		.cfi_startproc
 135              		@ args = 0, pretend = 0, frame = 0
 136              		@ frame_needed = 1, uses_anonymous_args = 0
 137 0000 80B5     		push	{r7, lr}
 138              		.cfi_def_cfa_offset 8
 139              		.cfi_offset 7, -8
 140              		.cfi_offset 14, -4
 141 0002 00AF     		add	r7, sp, #0
 142              		.cfi_def_cfa_register 7
  49:debug.c       ****     // if debug flag = 1, wakeup UART debug and turn off stillWriting flag
  50:debug.c       ****     #if USE_DEBUG
  51:debug.c       ****         Debug_UART_Wakeup();
 143              		.loc 1 51 0
 144 0004 FFF7FEFF 		bl	Debug_UART_Wakeup
  52:debug.c       ****     #endif
  53:debug.c       **** }
 145              		.loc 1 53 0
 146 0008 00BF     		nop
 147 000a 80BD     		pop	{r7, pc}
 148              		.cfi_endproc
 149              	.LFE67:
 150              		.size	debug_wakeup, .-debug_wakeup
 151              		.section	.text._write,"ax",%progbits
 152              		.align	2
 153              		.global	_write
 154              		.thumb
 155              		.thumb_func
 156              		.type	_write, %function
 157              	_write:
 158              	.LFB68:
  54:debug.c       **** 
  55:debug.c       **** // if debug flag = 1, and using the GCC compiler, revise the _write() function so that when we call
  56:debug.c       **** // NOTE: For this to work HEAP size in "System" must be set to 0x300 or more
  57:debug.c       **** // Stack and heap are both a part of memory. Stack holds functions, variables, etc. Heap sits on to
  58:debug.c       **** // If heap is too small, then you get a stack overflow. FOr printing, need to have a bigger heap. B
  59:debug.c       **** // If have memory problems, play around with heap size.
  60:debug.c       **** #if USE_DEBUG
  61:debug.c       ****     
  62:debug.c       ****     
  63:debug.c       **** // This will allow you to use printf(), as you would in regulart c programs
ARM GAS  C:\Users\hail\AppData\Local\Temp\ccd0n9VP.s 			page 5


  64:debug.c       **** // careful though, printf() is sometimes not safe in embedded sytems
  65:debug.c       **** // may want to use printd() function below
  66:debug.c       **** int _write(int file, char *ptr, int len)
  67:debug.c       **** {
 159              		.loc 1 67 0
 160              		.cfi_startproc
 161              		@ args = 0, pretend = 0, frame = 24
 162              		@ frame_needed = 1, uses_anonymous_args = 0
 163 0000 80B5     		push	{r7, lr}
 164              		.cfi_def_cfa_offset 8
 165              		.cfi_offset 7, -8
 166              		.cfi_offset 14, -4
 167 0002 86B0     		sub	sp, sp, #24
 168              		.cfi_def_cfa_offset 32
 169 0004 00AF     		add	r7, sp, #0
 170              		.cfi_def_cfa_register 7
 171 0006 F860     		str	r0, [r7, #12]
 172 0008 B960     		str	r1, [r7, #8]
 173 000a 7A60     		str	r2, [r7, #4]
  68:debug.c       ****     int i;
  69:debug.c       ****     file = file;
  70:debug.c       ****     for (i = 0; i < len; i++)
 174              		.loc 1 70 0
 175 000c 0023     		movs	r3, #0
 176 000e 7B61     		str	r3, [r7, #20]
 177 0010 09E0     		b	.L7
 178              	.L8:
  71:debug.c       ****     {   
  72:debug.c       ****         // Puts a byte of data into the transmit buffer to be sent when the bus is available.
  73:debug.c       ****         Debug_UART_PutChar(*ptr++);
 179              		.loc 1 73 0 discriminator 3
 180 0012 BB68     		ldr	r3, [r7, #8]
 181 0014 5A1C     		adds	r2, r3, #1
 182 0016 BA60     		str	r2, [r7, #8]
 183 0018 1B78     		ldrb	r3, [r3]	@ zero_extendqisi2
 184 001a 1846     		mov	r0, r3
 185 001c FFF7FEFF 		bl	Debug_UART_PutChar
  70:debug.c       ****     {   
 186              		.loc 1 70 0 discriminator 3
 187 0020 7B69     		ldr	r3, [r7, #20]
 188 0022 0133     		adds	r3, r3, #1
 189 0024 7B61     		str	r3, [r7, #20]
 190              	.L7:
  70:debug.c       ****     {   
 191              		.loc 1 70 0 is_stmt 0 discriminator 1
 192 0026 7A69     		ldr	r2, [r7, #20]
 193 0028 7B68     		ldr	r3, [r7, #4]
 194 002a 9A42     		cmp	r2, r3
 195 002c F1DB     		blt	.L8
  74:debug.c       ****     }
  75:debug.c       ****     
  76:debug.c       ****     return (len);
 196              		.loc 1 76 0 is_stmt 1
 197 002e 7B68     		ldr	r3, [r7, #4]
  77:debug.c       **** }
 198              		.loc 1 77 0
 199 0030 1846     		mov	r0, r3
ARM GAS  C:\Users\hail\AppData\Local\Temp\ccd0n9VP.s 			page 6


 200 0032 1837     		adds	r7, r7, #24
 201              		.cfi_def_cfa_offset 8
 202 0034 BD46     		mov	sp, r7
 203              		.cfi_def_cfa_register 13
 204              		@ sp needed
 205 0036 80BD     		pop	{r7, pc}
 206              		.cfi_endproc
 207              	.LFE68:
 208              		.size	_write, .-_write
 209              		.section	.rodata
 210              		.align	2
 211              	.LC0:
 212 0000 7B2000   		.ascii	"{ \000"
 213 0003 00       		.align	2
 214              	.LC1:
 215 0004 2274696D 		.ascii	"\"time\":\"%ld\" \000"
 215      65223A22 
 215      256C6422 
 215      2000
 216 0012 0000     		.align	2
 217              	.LC2:
 218 0014 22657665 		.ascii	"\"event\":\"error\" \"value\":\"\000"
 218      6E74223A 
 218      22657272 
 218      6F722220 
 218      2276616C 
 219 002e 0000     		.align	2
 220              	.LC3:
 221 0030 22657665 		.ascii	"\"event\":\"warning\" \"value\":\"\000"
 221      6E74223A 
 221      22776172 
 221      6E696E67 
 221      22202276 
 222              		.align	2
 223              	.LC4:
 224 004c 22657665 		.ascii	"\"event\":\"startup\" \"value\":\"\000"
 224      6E74223A 
 224      22737461 
 224      72747570 
 224      22202276 
 225              		.align	2
 226              	.LC5:
 227 0068 22657665 		.ascii	"\"event\":\"notif\" \"value\":\"\000"
 227      6E74223A 
 227      226E6F74 
 227      69662220 
 227      2276616C 
 228 0082 0000     		.align	2
 229              	.LC6:
 230 0084 227D0D0A 		.ascii	"\"}\015\012\000"
 230      00
 231 0089 000000   		.align	2
 232              	.LC7:
 233 008c 612B00   		.ascii	"a+\000"
 234              		.section	.text.printNotif,"ax",%progbits
 235              		.align	2
 236              		.global	printNotif
ARM GAS  C:\Users\hail\AppData\Local\Temp\ccd0n9VP.s 			page 7


 237              		.thumb
 238              		.thumb_func
 239              		.type	printNotif, %function
 240              	printNotif:
 241              	.LFB69:
  78:debug.c       **** 
  79:debug.c       **** #endif
  80:debug.c       **** 
  81:debug.c       **** // Create function to hijack printf to add an epoch timestamp to print output
  82:debug.c       **** // Whenever a function is declared to have an indeterminate number of arguments, in place of the la
  83:debug.c       **** // to tell the compiler the function should accept however many arguments that the programmer uses,
  84:debug.c       **** // to at least the number of variables declared. 
  85:debug.c       **** void printNotif(uint8 type, char* format, ...){
 242              		.loc 1 85 0
 243              		.cfi_startproc
 244              		@ args = 4, pretend = 12, frame = 2064
 245              		@ frame_needed = 1, uses_anonymous_args = 1
 246 0000 0EB4     		push	{r1, r2, r3}
 247              		.cfi_def_cfa_offset 12
 248              		.cfi_offset 1, -12
 249              		.cfi_offset 2, -8
 250              		.cfi_offset 3, -4
 251 0002 80B5     		push	{r7, lr}
 252              		.cfi_def_cfa_offset 20
 253              		.cfi_offset 7, -20
 254              		.cfi_offset 14, -16
 255 0004 ADF6140D 		subw	sp, sp, #2068
 256              		.cfi_def_cfa_offset 2088
 257 0008 00AF     		add	r7, sp, #0
 258              		.cfi_def_cfa_register 7
 259 000a 0246     		mov	r2, r0
 260 000c FB1D     		adds	r3, r7, #7
 261 000e 1A70     		strb	r2, [r3]
  86:debug.c       ****     
  87:debug.c       ****     char debug_string[MAX_DEBUG_STRING_LENGTH]; // string to be printed
  88:debug.c       ****     
  89:debug.c       ****     // if debug flag = 1, then print debug statements, otherwise don't print anything
  90:debug.c       ****     #if USE_DEBUG
  91:debug.c       ****    
  92:debug.c       ****         // if it is an error, warning, or startup notification and debug_level >= 0, then print the
  93:debug.c       ****         if ((type == NOTIF_TYPE_ERROR || type == NOTIF_TYPE_WARNING || type == NOTIF_TYPE_STARTUP) 
 262              		.loc 1 93 0
 263 0010 FB1D     		adds	r3, r7, #7
 264 0012 1B78     		ldrb	r3, [r3]	@ zero_extendqisi2
 265 0014 022B     		cmp	r3, #2
 266 0016 07D0     		beq	.L11
 267              		.loc 1 93 0 is_stmt 0 discriminator 1
 268 0018 FB1D     		adds	r3, r7, #7
 269 001a 1B78     		ldrb	r3, [r3]	@ zero_extendqisi2
 270 001c 012B     		cmp	r3, #1
 271 001e 03D0     		beq	.L11
 272              		.loc 1 93 0 discriminator 2
 273 0020 FB1D     		adds	r3, r7, #7
 274 0022 1B78     		ldrb	r3, [r3]	@ zero_extendqisi2
 275 0024 032B     		cmp	r3, #3
 276 0026 1DD1     		bne	.L12
 277              	.L11:
ARM GAS  C:\Users\hail\AppData\Local\Temp\ccd0n9VP.s 			page 8


  94:debug.c       ****             printd("{ ");
 278              		.loc 1 94 0 is_stmt 1
 279 0028 2D48     		ldr	r0, .L20
 280 002a FFF7FEFF 		bl	printd
  95:debug.c       ****             printd("\"time\":\"%ld\" " , getTimeStamp());
 281              		.loc 1 95 0
 282 002e FFF7FEFF 		bl	getTimeStamp
 283 0032 0346     		mov	r3, r0
 284 0034 1946     		mov	r1, r3
 285 0036 2B48     		ldr	r0, .L20+4
 286 0038 FFF7FEFF 		bl	printd
  96:debug.c       ****             
  97:debug.c       ****             if (type == NOTIF_TYPE_ERROR){
 287              		.loc 1 97 0
 288 003c FB1D     		adds	r3, r7, #7
 289 003e 1B78     		ldrb	r3, [r3]	@ zero_extendqisi2
 290 0040 022B     		cmp	r3, #2
 291 0042 03D1     		bne	.L13
  98:debug.c       ****                 printd("\"event\":\"error\" \"value\":\"");
 292              		.loc 1 98 0
 293 0044 2848     		ldr	r0, .L20+8
 294 0046 FFF7FEFF 		bl	printd
  97:debug.c       ****                 printd("\"event\":\"error\" \"value\":\"");
 295              		.loc 1 97 0
 296 004a 20E0     		b	.L16
 297              	.L13:
  99:debug.c       ****             }else if(type == NOTIF_TYPE_WARNING){
 298              		.loc 1 99 0
 299 004c FB1D     		adds	r3, r7, #7
 300 004e 1B78     		ldrb	r3, [r3]	@ zero_extendqisi2
 301 0050 012B     		cmp	r3, #1
 302 0052 03D1     		bne	.L15
 100:debug.c       ****                 printd("\"event\":\"warning\" \"value\":\"");
 303              		.loc 1 100 0
 304 0054 2548     		ldr	r0, .L20+12
 305 0056 FFF7FEFF 		bl	printd
  97:debug.c       ****                 printd("\"event\":\"error\" \"value\":\"");
 306              		.loc 1 97 0
 307 005a 18E0     		b	.L16
 308              	.L15:
 101:debug.c       ****             } else{
 102:debug.c       ****                 printd("\"event\":\"startup\" \"value\":\"");
 309              		.loc 1 102 0
 310 005c 2448     		ldr	r0, .L20+16
 311 005e FFF7FEFF 		bl	printd
  97:debug.c       ****                 printd("\"event\":\"error\" \"value\":\"");
 312              		.loc 1 97 0
 313 0062 14E0     		b	.L16
 314              	.L12:
 103:debug.c       ****             }
 104:debug.c       ****         
 105:debug.c       ****         // else if it is an event notification and debug level >= 1, then print everything
 106:debug.c       ****         }else if (type == NOTIF_TYPE_EVENT && debug_level >= 1){
 315              		.loc 1 106 0
 316 0064 FB1D     		adds	r3, r7, #7
 317 0066 1B78     		ldrb	r3, [r3]	@ zero_extendqisi2
 318 0068 002B     		cmp	r3, #0
ARM GAS  C:\Users\hail\AppData\Local\Temp\ccd0n9VP.s 			page 9


 319 006a 30D1     		bne	.L19
 320              		.loc 1 106 0 is_stmt 0 discriminator 1
 321 006c 214B     		ldr	r3, .L20+20
 322 006e 1B78     		ldrb	r3, [r3]	@ zero_extendqisi2
 323 0070 002B     		cmp	r3, #0
 324 0072 2CD0     		beq	.L19
 107:debug.c       ****             printd("{ ");
 325              		.loc 1 107 0 is_stmt 1
 326 0074 1A48     		ldr	r0, .L20
 327 0076 FFF7FEFF 		bl	printd
 108:debug.c       ****             printd("\"time\":\"%ld\" " , getTimeStamp());
 328              		.loc 1 108 0
 329 007a FFF7FEFF 		bl	getTimeStamp
 330 007e 0346     		mov	r3, r0
 331 0080 1946     		mov	r1, r3
 332 0082 1848     		ldr	r0, .L20+4
 333 0084 FFF7FEFF 		bl	printd
 109:debug.c       ****             printd("\"event\":\"notif\" \"value\":\"");
 334              		.loc 1 109 0
 335 0088 1B48     		ldr	r0, .L20+24
 336 008a FFF7FEFF 		bl	printd
 337              	.L16:
 110:debug.c       **** 
 111:debug.c       ****         // else do not print and exit the function    
 112:debug.c       ****         }else{
 113:debug.c       ****             return;
 114:debug.c       ****         }
 115:debug.c       ****         
 116:debug.c       ****         va_list argptr; // create variable argprt of the type va_list from stdarg.h
 117:debug.c       ****         va_start(argptr, format); // from stdarg.h: the va_start() macro is invoked to initialize a
 338              		.loc 1 117 0 discriminator 1
 339 008e 07F50262 		add	r2, r7, #2080
 340 0092 07F10C03 		add	r3, r7, #12
 341 0096 1A60     		str	r2, [r3]
 118:debug.c       ****         vsnprintf(debug_string, MAX_DEBUG_STRING_LENGTH, format, argptr); // send text to buffer
 342              		.loc 1 118 0 discriminator 1
 343 0098 07F10C03 		add	r3, r7, #12
 344 009c 07F11000 		add	r0, r7, #16
 345 00a0 1B68     		ldr	r3, [r3]
 346 00a2 D7F81C28 		ldr	r2, [r7, #2076]
 347 00a6 4FF40061 		mov	r1, #2048
 348 00aa FFF7FEFF 		bl	vsnprintf
 119:debug.c       ****         Debug_UART_PutString(debug_string); // Sends a NULL terminated string to the TX buffer for 
 349              		.loc 1 119 0 discriminator 1
 350 00ae 07F11003 		add	r3, r7, #16
 351 00b2 1846     		mov	r0, r3
 352 00b4 FFF7FEFF 		bl	Debug_UART_PutString
 120:debug.c       ****         va_end(argptr); // the va_end() macro is used to clean up; it invalidates ap for use (unles
 121:debug.c       ****         printd("\"}\r\n");
 353              		.loc 1 121 0 discriminator 1
 354 00b8 1048     		ldr	r0, .L20+28
 355 00ba FFF7FEFF 		bl	printd
 122:debug.c       ****         SD_write(BB_fileName,"a+",debug_string); // Write data to SD Card  
 356              		.loc 1 122 0 discriminator 1
 357 00be 07F11003 		add	r3, r7, #16
 358 00c2 1A46     		mov	r2, r3
 359 00c4 0E49     		ldr	r1, .L20+32
ARM GAS  C:\Users\hail\AppData\Local\Temp\ccd0n9VP.s 			page 10


 360 00c6 0F48     		ldr	r0, .L20+36
 361 00c8 FFF7FEFF 		bl	SD_write
 362 00cc 00E0     		b	.L10
 363              	.L19:
 113:debug.c       ****         }
 364              		.loc 1 113 0
 365 00ce 00BF     		nop
 366              	.L10:
 123:debug.c       **** 
 124:debug.c       ****     #endif 
 125:debug.c       **** }
 367              		.loc 1 125 0
 368 00d0 07F61407 		addw	r7, r7, #2068
 369              		.cfi_def_cfa_offset 20
 370 00d4 BD46     		mov	sp, r7
 371              		.cfi_def_cfa_register 13
 372              		@ sp needed
 373 00d6 BDE88040 		pop	{r7, lr}
 374              		.cfi_restore 14
 375              		.cfi_restore 7
 376              		.cfi_def_cfa_offset 12
 377 00da 03B0     		add	sp, sp, #12
 378              		.cfi_restore 3
 379              		.cfi_restore 2
 380              		.cfi_restore 1
 381              		.cfi_def_cfa_offset 0
 382 00dc 7047     		bx	lr
 383              	.L21:
 384 00de 00BF     		.align	2
 385              	.L20:
 386 00e0 00000000 		.word	.LC0
 387 00e4 04000000 		.word	.LC1
 388 00e8 14000000 		.word	.LC2
 389 00ec 30000000 		.word	.LC3
 390 00f0 4C000000 		.word	.LC4
 391 00f4 00000000 		.word	debug_level
 392 00f8 68000000 		.word	.LC5
 393 00fc 84000000 		.word	.LC6
 394 0100 8C000000 		.word	.LC7
 395 0104 00000000 		.word	BB_fileName
 396              		.cfi_endproc
 397              	.LFE69:
 398              		.size	printNotif, .-printNotif
 399              		.section	.rodata
 400 008f 00       		.align	2
 401              	.LC8:
 402 0090 22657665 		.ascii	"\"event\":\"test\" \000"
 402      6E74223A 
 402      22746573 
 402      74222000 
 403              		.align	2
 404              	.LC9:
 405 00a0 226E616D 		.ascii	"\"name\":\"%s\" \000"
 405      65223A22 
 405      25732220 
 405      00
 406 00ad 000000   		.align	2
ARM GAS  C:\Users\hail\AppData\Local\Temp\ccd0n9VP.s 			page 11


 407              	.LC10:
 408 00b0 22737461 		.ascii	"\"status\":\"%d\" \000"
 408      74757322 
 408      3A222564 
 408      222000
 409 00bf 00       		.align	2
 410              	.LC11:
 411 00c0 22726561 		.ascii	"\"reason\":\"%s\" \000"
 411      736F6E22 
 411      3A222573 
 411      222000
 412 00cf 00       		.align	2
 413              	.LC12:
 414 00d0 7D0D0A00 		.ascii	"}\015\012\000"
 415              		.section	.text.printTestStatus,"ax",%progbits
 416              		.align	2
 417              		.global	printTestStatus
 418              		.thumb
 419              		.thumb_func
 420              		.type	printTestStatus, %function
 421              	printTestStatus:
 422              	.LFB70:
 126:debug.c       **** 
 127:debug.c       **** // Print debug test status
 128:debug.c       **** void printTestStatus(test_t test){
 423              		.loc 1 128 0
 424              		.cfi_startproc
 425              		@ args = 388, pretend = 16, frame = 0
 426              		@ frame_needed = 1, uses_anonymous_args = 0
 427 0000 84B0     		sub	sp, sp, #16
 428              		.cfi_def_cfa_offset 16
 429 0002 80B5     		push	{r7, lr}
 430              		.cfi_def_cfa_offset 24
 431              		.cfi_offset 7, -24
 432              		.cfi_offset 14, -20
 433 0004 00AF     		add	r7, sp, #0
 434              		.cfi_def_cfa_register 7
 435 0006 07F1080E 		add	lr, r7, #8
 436 000a 8EE80F00 		stmia	lr, {r0, r1, r2, r3}
 129:debug.c       ****     // if debug flag = 1
 130:debug.c       ****     #if USE_DEBUG
 131:debug.c       ****         printd("{ ");
 437              		.loc 1 131 0
 438 000e 1348     		ldr	r0, .L23
 439 0010 FFF7FEFF 		bl	printd
 132:debug.c       ****         printd("\"time\":\"%ld\" " , getTimeStamp());
 440              		.loc 1 132 0
 441 0014 FFF7FEFF 		bl	getTimeStamp
 442 0018 0346     		mov	r3, r0
 443 001a 1946     		mov	r1, r3
 444 001c 1048     		ldr	r0, .L23+4
 445 001e FFF7FEFF 		bl	printd
 133:debug.c       ****         
 134:debug.c       ****         printd("\"event\":\"test\" ");
 446              		.loc 1 134 0
 447 0022 1048     		ldr	r0, .L23+8
 448 0024 FFF7FEFF 		bl	printd
ARM GAS  C:\Users\hail\AppData\Local\Temp\ccd0n9VP.s 			page 12


 135:debug.c       ****         printd("\"name\":\"%s\" ", test.test_name);
 449              		.loc 1 135 0
 450 0028 07F10801 		add	r1, r7, #8
 451 002c 0E48     		ldr	r0, .L23+12
 452 002e FFF7FEFF 		bl	printd
 136:debug.c       ****         printd("\"status\":\"%d\" ", test.status);
 453              		.loc 1 136 0
 454 0032 97F88830 		ldrb	r3, [r7, #136]	@ zero_extendqisi2
 455 0036 1946     		mov	r1, r3
 456 0038 0C48     		ldr	r0, .L23+16
 457 003a FFF7FEFF 		bl	printd
 137:debug.c       ****         printd("\"reason\":\"%s\" ", test.reason);
 458              		.loc 1 137 0
 459 003e 07F18903 		add	r3, r7, #137
 460 0042 1946     		mov	r1, r3
 461 0044 0A48     		ldr	r0, .L23+20
 462 0046 FFF7FEFF 		bl	printd
 138:debug.c       **** 
 139:debug.c       ****         printd("}\r\n");
 463              		.loc 1 139 0
 464 004a 0A48     		ldr	r0, .L23+24
 465 004c FFF7FEFF 		bl	printd
 140:debug.c       ****     #endif
 141:debug.c       ****    
 142:debug.c       **** }
 466              		.loc 1 142 0
 467 0050 00BF     		nop
 468 0052 BD46     		mov	sp, r7
 469              		.cfi_def_cfa_register 13
 470              		@ sp needed
 471 0054 BDE88040 		pop	{r7, lr}
 472              		.cfi_restore 14
 473              		.cfi_restore 7
 474              		.cfi_def_cfa_offset 16
 475 0058 04B0     		add	sp, sp, #16
 476              		.cfi_def_cfa_offset 0
 477 005a 7047     		bx	lr
 478              	.L24:
 479              		.align	2
 480              	.L23:
 481 005c 00000000 		.word	.LC0
 482 0060 04000000 		.word	.LC1
 483 0064 90000000 		.word	.LC8
 484 0068 A0000000 		.word	.LC9
 485 006c B0000000 		.word	.LC10
 486 0070 C0000000 		.word	.LC11
 487 0074 D0000000 		.word	.LC12
 488              		.cfi_endproc
 489              	.LFE70:
 490              		.size	printTestStatus, .-printTestStatus
 491              		.section	.text.getTimeStamp,"ax",%progbits
 492              		.align	2
 493              		.global	getTimeStamp
 494              		.thumb
 495              		.thumb_func
 496              		.type	getTimeStamp, %function
 497              	getTimeStamp:
ARM GAS  C:\Users\hail\AppData\Local\Temp\ccd0n9VP.s 			page 13


 498              	.LFB71:
 143:debug.c       **** 
 144:debug.c       **** 
 145:debug.c       **** // Returns local times in epoch seconds (seconds since Jan 1, 1970)
 146:debug.c       **** // Can also cast this to a t_of_day struct
 147:debug.c       **** long getTimeStamp(){
 499              		.loc 1 147 0
 500              		.cfi_startproc
 501              		@ args = 0, pretend = 0, frame = 48
 502              		@ frame_needed = 1, uses_anonymous_args = 0
 503 0000 80B5     		push	{r7, lr}
 504              		.cfi_def_cfa_offset 8
 505              		.cfi_offset 7, -8
 506              		.cfi_offset 14, -4
 507 0002 8CB0     		sub	sp, sp, #48
 508              		.cfi_def_cfa_offset 56
 509 0004 00AF     		add	r7, sp, #0
 510              		.cfi_def_cfa_register 7
 148:debug.c       ****     // RTC_TIME_DATE * RTC_ReadTime(void) Description: Reads the current time and date. Parameters:
 149:debug.c       ****     // Creates a variable named localTime that is a pointer to RTC_TIME_DATE. It saves the time and
 150:debug.c       ****     RTC_TIME_DATE *localTime = RTC_ReadTime();
 511              		.loc 1 150 0
 512 0006 FFF7FEFF 		bl	RTC_ReadTime
 513 000a F862     		str	r0, [r7, #44]
 151:debug.c       ****    
 152:debug.c       ****     struct tm t; // creates variable t of struct tm
 153:debug.c       ****     time_t t_of_day;
 154:debug.c       **** 
 155:debug.c       ****     // sets each variable to the correct time 
 156:debug.c       ****     t.tm_sec = localTime->Sec;
 514              		.loc 1 156 0
 515 000c FB6A     		ldr	r3, [r7, #44]
 516 000e 1B78     		ldrb	r3, [r3]
 517 0010 DBB2     		uxtb	r3, r3
 518 0012 7B60     		str	r3, [r7, #4]
 157:debug.c       ****     t.tm_min = localTime->Min;
 519              		.loc 1 157 0
 520 0014 FB6A     		ldr	r3, [r7, #44]
 521 0016 5B78     		ldrb	r3, [r3, #1]
 522 0018 DBB2     		uxtb	r3, r3
 523 001a BB60     		str	r3, [r7, #8]
 158:debug.c       ****     t.tm_hour = localTime->Hour;
 524              		.loc 1 158 0
 525 001c FB6A     		ldr	r3, [r7, #44]
 526 001e 9B78     		ldrb	r3, [r3, #2]
 527 0020 DBB2     		uxtb	r3, r3
 528 0022 FB60     		str	r3, [r7, #12]
 159:debug.c       ****     t.tm_year = localTime->Year - 1900;  // Year - 1900
 529              		.loc 1 159 0
 530 0024 FB6A     		ldr	r3, [r7, #44]
 531 0026 5B89     		ldrh	r3, [r3, #10]	@ movhi
 532 0028 9BB2     		uxth	r3, r3
 533 002a A3F26C73 		subw	r3, r3, #1900
 534 002e BB61     		str	r3, [r7, #24]
 160:debug.c       ****     t.tm_mon = localTime->Month;           // Month, where 0 = jan
 535              		.loc 1 160 0
 536 0030 FB6A     		ldr	r3, [r7, #44]
ARM GAS  C:\Users\hail\AppData\Local\Temp\ccd0n9VP.s 			page 14


 537 0032 1B7A     		ldrb	r3, [r3, #8]
 538 0034 DBB2     		uxtb	r3, r3
 539 0036 7B61     		str	r3, [r7, #20]
 161:debug.c       ****     t.tm_mday = localTime->DayOfMonth;          // Day of the month
 540              		.loc 1 161 0
 541 0038 FB6A     		ldr	r3, [r7, #44]
 542 003a 1B79     		ldrb	r3, [r3, #4]
 543 003c DBB2     		uxtb	r3, r3
 544 003e 3B61     		str	r3, [r7, #16]
 162:debug.c       ****     t.tm_isdst = 0;        // Is Daylight Savings on? 1 = yes, 0 = no, -1 = unknown
 545              		.loc 1 162 0
 546 0040 0023     		movs	r3, #0
 547 0042 7B62     		str	r3, [r7, #36]
 163:debug.c       ****     
 164:debug.c       ****     // the mktime() function converts a broken-down local time (pointed to by timeptr) and returns 
 165:debug.c       ****     // the syntax for the mktime function in the C Language is: time_t mktime(struct tm *timeptr);
 166:debug.c       ****     // creates variable t_of_day of type time_t
 167:debug.c       ****     t_of_day = mktime(&t); // determines a calendar time
 548              		.loc 1 167 0
 549 0044 3B1D     		adds	r3, r7, #4
 550 0046 1846     		mov	r0, r3
 551 0048 FFF7FEFF 		bl	mktime
 552 004c B862     		str	r0, [r7, #40]
 168:debug.c       **** 
 169:debug.c       ****     return (long) t_of_day;
 553              		.loc 1 169 0
 554 004e BB6A     		ldr	r3, [r7, #40]
 170:debug.c       **** }
 555              		.loc 1 170 0
 556 0050 1846     		mov	r0, r3
 557 0052 3037     		adds	r7, r7, #48
 558              		.cfi_def_cfa_offset 8
 559 0054 BD46     		mov	sp, r7
 560              		.cfi_def_cfa_register 13
 561              		@ sp needed
 562 0056 80BD     		pop	{r7, pc}
 563              		.cfi_endproc
 564              	.LFE71:
 565              		.size	getTimeStamp, .-getTimeStamp
 566              		.section	.text.stripEscapeCharacters,"ax",%progbits
 567              		.align	2
 568              		.global	stripEscapeCharacters
 569              		.thumb
 570              		.thumb_func
 571              		.type	stripEscapeCharacters, %function
 572              	stripEscapeCharacters:
 573              	.LFB72:
 171:debug.c       **** 
 172:debug.c       **** // The C library function char *strchr(const char *str, int c) searches for the first occurrence of
 173:debug.c       **** // Format for strchr() function: char *strchr(const char *str, int c).
 174:debug.c       **** void stripEscapeCharacters(char *string){
 574              		.loc 1 174 0
 575              		.cfi_startproc
 576              		@ args = 0, pretend = 0, frame = 16
 577              		@ frame_needed = 1, uses_anonymous_args = 0
 578 0000 80B5     		push	{r7, lr}
 579              		.cfi_def_cfa_offset 8
ARM GAS  C:\Users\hail\AppData\Local\Temp\ccd0n9VP.s 			page 15


 580              		.cfi_offset 7, -8
 581              		.cfi_offset 14, -4
 582 0002 84B0     		sub	sp, sp, #16
 583              		.cfi_def_cfa_offset 24
 584 0004 00AF     		add	r7, sp, #0
 585              		.cfi_def_cfa_register 7
 586 0006 7860     		str	r0, [r7, #4]
 175:debug.c       **** 
 176:debug.c       ****   char * pch;
 177:debug.c       ****   pch=strchr(string,'\n');
 587              		.loc 1 177 0
 588 0008 0A21     		movs	r1, #10
 589 000a 7868     		ldr	r0, [r7, #4]
 590 000c FFF7FEFF 		bl	strchr
 591 0010 F860     		str	r0, [r7, #12]
 178:debug.c       ****   while (pch!=NULL)
 592              		.loc 1 178 0
 593 0012 0EE0     		b	.L28
 594              	.L29:
 179:debug.c       ****   {
 180:debug.c       ****     string[pch-string+1] = 0;
 595              		.loc 1 180 0
 596 0014 FA68     		ldr	r2, [r7, #12]
 597 0016 7B68     		ldr	r3, [r7, #4]
 598 0018 D31A     		subs	r3, r2, r3
 599 001a 0133     		adds	r3, r3, #1
 600 001c 7A68     		ldr	r2, [r7, #4]
 601 001e 1344     		add	r3, r3, r2
 602 0020 0022     		movs	r2, #0
 603 0022 1A70     		strb	r2, [r3]
 181:debug.c       ****     pch=strchr(pch+1,'s');
 604              		.loc 1 181 0
 605 0024 FB68     		ldr	r3, [r7, #12]
 606 0026 0133     		adds	r3, r3, #1
 607 0028 7321     		movs	r1, #115
 608 002a 1846     		mov	r0, r3
 609 002c FFF7FEFF 		bl	strchr
 610 0030 F860     		str	r0, [r7, #12]
 611              	.L28:
 178:debug.c       ****   while (pch!=NULL)
 612              		.loc 1 178 0
 613 0032 FB68     		ldr	r3, [r7, #12]
 614 0034 002B     		cmp	r3, #0
 615 0036 EDD1     		bne	.L29
 182:debug.c       ****   }
 183:debug.c       **** }
 616              		.loc 1 183 0
 617 0038 00BF     		nop
 618 003a 1037     		adds	r7, r7, #16
 619              		.cfi_def_cfa_offset 8
 620 003c BD46     		mov	sp, r7
 621              		.cfi_def_cfa_register 13
 622              		@ sp needed
 623 003e 80BD     		pop	{r7, pc}
 624              		.cfi_endproc
 625              	.LFE72:
 626              		.size	stripEscapeCharacters, .-stripEscapeCharacters
ARM GAS  C:\Users\hail\AppData\Local\Temp\ccd0n9VP.s 			page 16


 627              		.section	.text.strextract,"ax",%progbits
 628              		.align	2
 629              		.global	strextract
 630              		.thumb
 631              		.thumb_func
 632              		.type	strextract, %function
 633              	strextract:
 634              	.LFB73:
 184:debug.c       **** 
 185:debug.c       **** // Extract
 186:debug.c       **** char *strextract(const char input_str[], char output_str[],
 187:debug.c       ****                  const char search_start[], const char search_end[]) {
 635              		.loc 1 187 0
 636              		.cfi_startproc
 637              		@ args = 0, pretend = 0, frame = 24
 638              		@ frame_needed = 1, uses_anonymous_args = 0
 639 0000 80B5     		push	{r7, lr}
 640              		.cfi_def_cfa_offset 8
 641              		.cfi_offset 7, -8
 642              		.cfi_offset 14, -4
 643 0002 86B0     		sub	sp, sp, #24
 644              		.cfi_def_cfa_offset 32
 645 0004 00AF     		add	r7, sp, #0
 646              		.cfi_def_cfa_register 7
 647 0006 F860     		str	r0, [r7, #12]
 648 0008 B960     		str	r1, [r7, #8]
 649 000a 7A60     		str	r2, [r7, #4]
 650 000c 3B60     		str	r3, [r7]
 188:debug.c       ****     if (input_str == NULL) return NULL;
 651              		.loc 1 188 0
 652 000e FB68     		ldr	r3, [r7, #12]
 653 0010 002B     		cmp	r3, #0
 654 0012 01D1     		bne	.L31
 655              		.loc 1 188 0 is_stmt 0 discriminator 1
 656 0014 0023     		movs	r3, #0
 657 0016 29E0     		b	.L32
 658              	.L31:
 189:debug.c       ****     char *begin, *end = NULL;
 659              		.loc 1 189 0 is_stmt 1
 660 0018 0023     		movs	r3, #0
 661 001a 7B61     		str	r3, [r7, #20]
 190:debug.c       **** 
 191:debug.c       ****     // strstr(): char *strstr(const char *haystack, const char *needle). haystack - main C string t
 192:debug.c       ****     if ((begin = strstr(input_str, search_start))) {
 662              		.loc 1 192 0
 663 001c 7968     		ldr	r1, [r7, #4]
 664 001e F868     		ldr	r0, [r7, #12]
 665 0020 FFF7FEFF 		bl	strstr
 666 0024 3861     		str	r0, [r7, #16]
 667 0026 3B69     		ldr	r3, [r7, #16]
 668 0028 002B     		cmp	r3, #0
 669 002a 1ED0     		beq	.L33
 193:debug.c       ****         // The strlen() function calculates the length of a given string. The strlen() function tak
 194:debug.c       ****         begin += strlen(search_start);
 670              		.loc 1 194 0
 671 002c 7868     		ldr	r0, [r7, #4]
 672 002e FFF7FEFF 		bl	strlen
ARM GAS  C:\Users\hail\AppData\Local\Temp\ccd0n9VP.s 			page 17


 673 0032 0246     		mov	r2, r0
 674 0034 3B69     		ldr	r3, [r7, #16]
 675 0036 1344     		add	r3, r3, r2
 676 0038 3B61     		str	r3, [r7, #16]
 195:debug.c       ****         if ((end = strstr(begin, search_end))) {
 677              		.loc 1 195 0
 678 003a 3968     		ldr	r1, [r7]
 679 003c 3869     		ldr	r0, [r7, #16]
 680 003e FFF7FEFF 		bl	strstr
 681 0042 7861     		str	r0, [r7, #20]
 682 0044 7B69     		ldr	r3, [r7, #20]
 683 0046 002B     		cmp	r3, #0
 684 0048 0FD0     		beq	.L33
 196:debug.c       ****             // strncpy(: char *strncpy(char *dest, const char *src, size_t n). dest -  pointer to t
 197:debug.c       ****             strncpy(output_str, begin, end - begin);
 685              		.loc 1 197 0
 686 004a 7A69     		ldr	r2, [r7, #20]
 687 004c 3B69     		ldr	r3, [r7, #16]
 688 004e D31A     		subs	r3, r2, r3
 689 0050 1A46     		mov	r2, r3
 690 0052 3969     		ldr	r1, [r7, #16]
 691 0054 B868     		ldr	r0, [r7, #8]
 692 0056 FFF7FEFF 		bl	strncpy
 198:debug.c       ****             output_str[end - begin] = '\0';
 693              		.loc 1 198 0
 694 005a 7A69     		ldr	r2, [r7, #20]
 695 005c 3B69     		ldr	r3, [r7, #16]
 696 005e D31A     		subs	r3, r2, r3
 697 0060 1A46     		mov	r2, r3
 698 0062 BB68     		ldr	r3, [r7, #8]
 699 0064 1344     		add	r3, r3, r2
 700 0066 0022     		movs	r2, #0
 701 0068 1A70     		strb	r2, [r3]
 702              	.L33:
 199:debug.c       ****         }
 200:debug.c       ****     }
 201:debug.c       **** 
 202:debug.c       ****     return end;
 703              		.loc 1 202 0
 704 006a 7B69     		ldr	r3, [r7, #20]
 705              	.L32:
 203:debug.c       **** }
 706              		.loc 1 203 0
 707 006c 1846     		mov	r0, r3
 708 006e 1837     		adds	r7, r7, #24
 709              		.cfi_def_cfa_offset 8
 710 0070 BD46     		mov	sp, r7
 711              		.cfi_def_cfa_register 13
 712              		@ sp needed
 713 0072 80BD     		pop	{r7, pc}
 714              		.cfi_endproc
 715              	.LFE73:
 716              		.size	strextract, .-strextract
 717              		.section	.text.printd,"ax",%progbits
 718              		.align	2
 719              		.global	printd
 720              		.thumb
ARM GAS  C:\Users\hail\AppData\Local\Temp\ccd0n9VP.s 			page 18


 721              		.thumb_func
 722              		.type	printd, %function
 723              	printd:
 724              	.LFB74:
 204:debug.c       **** 
 205:debug.c       **** //out attempt at a safe (from buffer overflow) version of printf     
 206:debug.c       **** void printd(char* format, ...){
 725              		.loc 1 206 0
 726              		.cfi_startproc
 727              		@ args = 4, pretend = 16, frame = 2056
 728              		@ frame_needed = 1, uses_anonymous_args = 1
 729 0000 0FB4     		push	{r0, r1, r2, r3}
 730              		.cfi_def_cfa_offset 16
 731              		.cfi_offset 0, -16
 732              		.cfi_offset 1, -12
 733              		.cfi_offset 2, -8
 734              		.cfi_offset 3, -4
 735 0002 80B5     		push	{r7, lr}
 736              		.cfi_def_cfa_offset 24
 737              		.cfi_offset 7, -24
 738              		.cfi_offset 14, -20
 739 0004 ADF6080D 		subw	sp, sp, #2056
 740              		.cfi_def_cfa_offset 2080
 741 0008 00AF     		add	r7, sp, #0
 742              		.cfi_def_cfa_register 7
 207:debug.c       ****     
 208:debug.c       ****     va_list argptr; // Create variable argptr of data structure va_list
 209:debug.c       ****     va_start(argptr, format); // void va_start(va_list ap, last_arg) initializes ap variable to be 
 743              		.loc 1 209 0
 744 000a 07F61403 		addw	r3, r7, #2068
 745 000e C7F80438 		str	r3, [r7, #2052]
 210:debug.c       ****     
 211:debug.c       ****     // Create character array debug_string of size MAX_DEBUG_STRING_LENGTH
 212:debug.c       ****     char debug_string[MAX_DEBUG_STRING_LENGTH];
 213:debug.c       ****     // The vsnprintf() used to write a formatted string to a string buffer.vsnprintf(debug_string,M
 214:debug.c       ****     vsnprintf(debug_string,MAX_DEBUG_STRING_LENGTH,format, argptr);
 746              		.loc 1 214 0
 747 0012 381D     		adds	r0, r7, #4
 748 0014 D7F80438 		ldr	r3, [r7, #2052]
 749 0018 D7F81028 		ldr	r2, [r7, #2064]
 750 001c 4FF40061 		mov	r1, #2048
 751 0020 FFF7FEFF 		bl	vsnprintf
 215:debug.c       ****     // Sends a NULL terminated string to the TX buffer for transmission.
 216:debug.c       ****     Debug_UART_PutString(debug_string);
 752              		.loc 1 216 0
 753 0024 3B1D     		adds	r3, r7, #4
 754 0026 1846     		mov	r0, r3
 755 0028 FFF7FEFF 		bl	Debug_UART_PutString
 217:debug.c       ****     
 218:debug.c       ****     va_end(argptr); // macro void va_end(va_list ap) allows a function with variable arguments whic
 219:debug.c       ****     
 220:debug.c       **** }
 756              		.loc 1 220 0
 757 002c 00BF     		nop
 758 002e 07F60807 		addw	r7, r7, #2056
 759              		.cfi_def_cfa_offset 24
 760 0032 BD46     		mov	sp, r7
ARM GAS  C:\Users\hail\AppData\Local\Temp\ccd0n9VP.s 			page 19


 761              		.cfi_def_cfa_register 13
 762              		@ sp needed
 763 0034 BDE88040 		pop	{r7, lr}
 764              		.cfi_restore 14
 765              		.cfi_restore 7
 766              		.cfi_def_cfa_offset 16
 767 0038 04B0     		add	sp, sp, #16
 768              		.cfi_restore 3
 769              		.cfi_restore 2
 770              		.cfi_restore 1
 771              		.cfi_restore 0
 772              		.cfi_def_cfa_offset 0
 773 003a 7047     		bx	lr
 774              		.cfi_endproc
 775              	.LFE74:
 776              		.size	printd, .-printd
 777              		.text
 778              	.Letext0:
 779              		.file 2 "c:\\program files (x86)\\cypress\\psoc creator\\4.3\\psoc creator\\import\\gnu\\arm\\5.4.
 780              		.file 3 "c:\\program files (x86)\\cypress\\psoc creator\\4.3\\psoc creator\\import\\gnu\\arm\\5.4.
 781              		.file 4 "c:\\program files (x86)\\cypress\\psoc creator\\4.3\\psoc creator\\import\\gnu\\arm\\5.4.
 782              		.file 5 "c:\\program files (x86)\\cypress\\psoc creator\\4.3\\psoc creator\\import\\gnu\\arm\\5.4.
 783              		.file 6 "c:\\program files (x86)\\cypress\\psoc creator\\4.3\\psoc creator\\import\\gnu\\arm\\5.4.
 784              		.file 7 "Generated_Source\\PSoC5/cytypes.h"
 785              		.file 8 "Generated_Source\\PSoC5/RTC.h"
 786              		.file 9 "testing.h"
 787              		.file 10 "Generated_Source\\PSoC5/core_cm3.h"
 788              		.file 11 "<built-in>"
 789              		.section	.debug_info,"",%progbits
 790              	.Ldebug_info0:
 791 0000 D6040000 		.4byte	0x4d6
 792 0004 0400     		.2byte	0x4
 793 0006 00000000 		.4byte	.Ldebug_abbrev0
 794 000a 04       		.byte	0x4
 795 000b 01       		.uleb128 0x1
 796 000c 66000000 		.4byte	.LASF70
 797 0010 0C       		.byte	0xc
 798 0011 42010000 		.4byte	.LASF71
 799 0015 27020000 		.4byte	.LASF72
 800 0019 00000000 		.4byte	.Ldebug_ranges0+0
 801 001d 00000000 		.4byte	0
 802 0021 00000000 		.4byte	.Ldebug_line0
 803 0025 02       		.uleb128 0x2
 804 0026 01       		.byte	0x1
 805 0027 06       		.byte	0x6
 806 0028 DD010000 		.4byte	.LASF0
 807 002c 02       		.uleb128 0x2
 808 002d 01       		.byte	0x1
 809 002e 08       		.byte	0x8
 810 002f C5010000 		.4byte	.LASF1
 811 0033 02       		.uleb128 0x2
 812 0034 02       		.byte	0x2
 813 0035 05       		.byte	0x5
 814 0036 3D000000 		.4byte	.LASF2
 815 003a 02       		.uleb128 0x2
 816 003b 02       		.byte	0x2
 817 003c 07       		.byte	0x7
ARM GAS  C:\Users\hail\AppData\Local\Temp\ccd0n9VP.s 			page 20


 818 003d 6E020000 		.4byte	.LASF3
 819 0041 03       		.uleb128 0x3
 820 0042 2B030000 		.4byte	.LASF10
 821 0046 02       		.byte	0x2
 822 0047 3F       		.byte	0x3f
 823 0048 4C000000 		.4byte	0x4c
 824 004c 02       		.uleb128 0x2
 825 004d 04       		.byte	0x4
 826 004e 05       		.byte	0x5
 827 004f 9B020000 		.4byte	.LASF4
 828 0053 02       		.uleb128 0x2
 829 0054 04       		.byte	0x4
 830 0055 07       		.byte	0x7
 831 0056 FF020000 		.4byte	.LASF5
 832 005a 02       		.uleb128 0x2
 833 005b 08       		.byte	0x8
 834 005c 05       		.byte	0x5
 835 005d FC000000 		.4byte	.LASF6
 836 0061 02       		.uleb128 0x2
 837 0062 08       		.byte	0x8
 838 0063 07       		.byte	0x7
 839 0064 F1010000 		.4byte	.LASF7
 840 0068 04       		.uleb128 0x4
 841 0069 04       		.byte	0x4
 842 006a 05       		.byte	0x5
 843 006b 696E7400 		.ascii	"int\000"
 844 006f 02       		.uleb128 0x2
 845 0070 04       		.byte	0x4
 846 0071 07       		.byte	0x7
 847 0072 0D020000 		.4byte	.LASF8
 848 0076 02       		.uleb128 0x2
 849 0077 08       		.byte	0x8
 850 0078 04       		.byte	0x4
 851 0079 B9010000 		.4byte	.LASF9
 852 007d 03       		.uleb128 0x3
 853 007e 3E030000 		.4byte	.LASF11
 854 0082 03       		.byte	0x3
 855 0083 28       		.byte	0x28
 856 0084 88000000 		.4byte	0x88
 857 0088 05       		.uleb128 0x5
 858 0089 7D010000 		.4byte	.LASF16
 859 008d 04       		.byte	0x4
 860 008e 0B       		.byte	0xb
 861 008f 00       		.byte	0
 862 0090 9F000000 		.4byte	0x9f
 863 0094 06       		.uleb128 0x6
 864 0095 1A020000 		.4byte	.LASF73
 865 0099 9F000000 		.4byte	0x9f
 866 009d 00       		.byte	0
 867 009e 00       		.byte	0
 868 009f 07       		.uleb128 0x7
 869 00a0 04       		.byte	0x4
 870 00a1 02       		.uleb128 0x2
 871 00a2 04       		.byte	0x4
 872 00a3 07       		.byte	0x7
 873 00a4 35030000 		.4byte	.LASF12
 874 00a8 08       		.uleb128 0x8
ARM GAS  C:\Users\hail\AppData\Local\Temp\ccd0n9VP.s 			page 21


 875 00a9 04       		.byte	0x4
 876 00aa AE000000 		.4byte	0xae
 877 00ae 02       		.uleb128 0x2
 878 00af 01       		.byte	0x1
 879 00b0 08       		.byte	0x8
 880 00b1 8F020000 		.4byte	.LASF13
 881 00b5 08       		.uleb128 0x8
 882 00b6 04       		.byte	0x4
 883 00b7 BB000000 		.4byte	0xbb
 884 00bb 09       		.uleb128 0x9
 885 00bc AE000000 		.4byte	0xae
 886 00c0 03       		.uleb128 0x3
 887 00c1 B4020000 		.4byte	.LASF14
 888 00c5 04       		.byte	0x4
 889 00c6 2C       		.byte	0x2c
 890 00c7 41000000 		.4byte	0x41
 891 00cb 03       		.uleb128 0x3
 892 00cc 76010000 		.4byte	.LASF15
 893 00d0 05       		.byte	0x5
 894 00d1 28       		.byte	0x28
 895 00d2 4C000000 		.4byte	0x4c
 896 00d6 0A       		.uleb128 0xa
 897 00d7 746D00   		.ascii	"tm\000"
 898 00da 24       		.byte	0x24
 899 00db 06       		.byte	0x6
 900 00dc 21       		.byte	0x21
 901 00dd 4E010000 		.4byte	0x14e
 902 00e1 0B       		.uleb128 0xb
 903 00e2 65030000 		.4byte	.LASF17
 904 00e6 06       		.byte	0x6
 905 00e7 23       		.byte	0x23
 906 00e8 68000000 		.4byte	0x68
 907 00ec 00       		.byte	0
 908 00ed 0B       		.uleb128 0xb
 909 00ee 5B010000 		.4byte	.LASF18
 910 00f2 06       		.byte	0x6
 911 00f3 24       		.byte	0x24
 912 00f4 68000000 		.4byte	0x68
 913 00f8 04       		.byte	0x4
 914 00f9 0B       		.uleb128 0xb
 915 00fa 09000000 		.4byte	.LASF19
 916 00fe 06       		.byte	0x6
 917 00ff 25       		.byte	0x25
 918 0100 68000000 		.4byte	0x68
 919 0104 08       		.byte	0x8
 920 0105 0B       		.uleb128 0xb
 921 0106 1F020000 		.4byte	.LASF20
 922 010a 06       		.byte	0x6
 923 010b 26       		.byte	0x26
 924 010c 68000000 		.4byte	0x68
 925 0110 0C       		.byte	0xc
 926 0111 0B       		.uleb128 0xb
 927 0112 68010000 		.4byte	.LASF21
 928 0116 06       		.byte	0x6
 929 0117 27       		.byte	0x27
 930 0118 68000000 		.4byte	0x68
 931 011c 10       		.byte	0x10
ARM GAS  C:\Users\hail\AppData\Local\Temp\ccd0n9VP.s 			page 22


 932 011d 0B       		.uleb128 0xb
 933 011e E9010000 		.4byte	.LASF22
 934 0122 06       		.byte	0x6
 935 0123 28       		.byte	0x28
 936 0124 68000000 		.4byte	0x68
 937 0128 14       		.byte	0x14
 938 0129 0B       		.uleb128 0xb
 939 012a F4000000 		.4byte	.LASF23
 940 012e 06       		.byte	0x6
 941 012f 29       		.byte	0x29
 942 0130 68000000 		.4byte	0x68
 943 0134 18       		.byte	0x18
 944 0135 0B       		.uleb128 0xb
 945 0136 C9020000 		.4byte	.LASF24
 946 013a 06       		.byte	0x6
 947 013b 2A       		.byte	0x2a
 948 013c 68000000 		.4byte	0x68
 949 0140 1C       		.byte	0x1c
 950 0141 0B       		.uleb128 0xb
 951 0142 EB020000 		.4byte	.LASF25
 952 0146 06       		.byte	0x6
 953 0147 2B       		.byte	0x2b
 954 0148 68000000 		.4byte	0x68
 955 014c 20       		.byte	0x20
 956 014d 00       		.byte	0
 957 014e 0C       		.uleb128 0xc
 958 014f 4A010000 		.4byte	.LASF26
 959 0153 07       		.byte	0x7
 960 0154 9201     		.2byte	0x192
 961 0156 2C000000 		.4byte	0x2c
 962 015a 0C       		.uleb128 0xc
 963 015b 33010000 		.4byte	.LASF27
 964 015f 07       		.byte	0x7
 965 0160 9301     		.2byte	0x193
 966 0162 3A000000 		.4byte	0x3a
 967 0166 02       		.uleb128 0x2
 968 0167 04       		.byte	0x4
 969 0168 04       		.byte	0x4
 970 0169 62010000 		.4byte	.LASF28
 971 016d 02       		.uleb128 0x2
 972 016e 08       		.byte	0x8
 973 016f 04       		.byte	0x4
 974 0170 11030000 		.4byte	.LASF29
 975 0174 0D       		.uleb128 0xd
 976 0175 0C       		.byte	0xc
 977 0176 08       		.byte	0x8
 978 0177 30       		.byte	0x30
 979 0178 DD010000 		.4byte	0x1dd
 980 017c 0E       		.uleb128 0xe
 981 017d 53656300 		.ascii	"Sec\000"
 982 0181 08       		.byte	0x8
 983 0182 32       		.byte	0x32
 984 0183 4E010000 		.4byte	0x14e
 985 0187 00       		.byte	0
 986 0188 0E       		.uleb128 0xe
 987 0189 4D696E00 		.ascii	"Min\000"
 988 018d 08       		.byte	0x8
ARM GAS  C:\Users\hail\AppData\Local\Temp\ccd0n9VP.s 			page 23


 989 018e 33       		.byte	0x33
 990 018f 4E010000 		.4byte	0x14e
 991 0193 01       		.byte	0x1
 992 0194 0B       		.uleb128 0xb
 993 0195 1E010000 		.4byte	.LASF30
 994 0199 08       		.byte	0x8
 995 019a 34       		.byte	0x34
 996 019b 4E010000 		.4byte	0x14e
 997 019f 02       		.byte	0x2
 998 01a0 0B       		.uleb128 0xb
 999 01a1 D3010000 		.4byte	.LASF31
 1000 01a5 08       		.byte	0x8
 1001 01a6 35       		.byte	0x35
 1002 01a7 4E010000 		.4byte	0x14e
 1003 01ab 03       		.byte	0x3
 1004 01ac 0B       		.uleb128 0xb
 1005 01ad 28010000 		.4byte	.LASF32
 1006 01b1 08       		.byte	0x8
 1007 01b2 36       		.byte	0x36
 1008 01b3 4E010000 		.4byte	0x14e
 1009 01b7 04       		.byte	0x4
 1010 01b8 0B       		.uleb128 0xb
 1011 01b9 8F030000 		.4byte	.LASF33
 1012 01bd 08       		.byte	0x8
 1013 01be 37       		.byte	0x37
 1014 01bf 5A010000 		.4byte	0x15a
 1015 01c3 06       		.byte	0x6
 1016 01c4 0B       		.uleb128 0xb
 1017 01c5 B3010000 		.4byte	.LASF34
 1018 01c9 08       		.byte	0x8
 1019 01ca 38       		.byte	0x38
 1020 01cb 4E010000 		.4byte	0x14e
 1021 01cf 08       		.byte	0x8
 1022 01d0 0B       		.uleb128 0xb
 1023 01d1 AE010000 		.4byte	.LASF35
 1024 01d5 08       		.byte	0x8
 1025 01d6 39       		.byte	0x39
 1026 01d7 5A010000 		.4byte	0x15a
 1027 01db 0A       		.byte	0xa
 1028 01dc 00       		.byte	0
 1029 01dd 03       		.uleb128 0x3
 1030 01de 47000000 		.4byte	.LASF36
 1031 01e2 08       		.byte	0x8
 1032 01e3 3A       		.byte	0x3a
 1033 01e4 E8010000 		.4byte	0x1e8
 1034 01e8 0F       		.uleb128 0xf
 1035 01e9 74010000 		.4byte	0x174
 1036 01ed 10       		.uleb128 0x10
 1037 01ee 8101     		.2byte	0x181
 1038 01f0 09       		.byte	0x9
 1039 01f1 0A       		.byte	0xa
 1040 01f2 1B020000 		.4byte	0x21b
 1041 01f6 0B       		.uleb128 0xb
 1042 01f7 1D000000 		.4byte	.LASF37
 1043 01fb 09       		.byte	0x9
 1044 01fc 0C       		.byte	0xc
 1045 01fd 1B020000 		.4byte	0x21b
ARM GAS  C:\Users\hail\AppData\Local\Temp\ccd0n9VP.s 			page 24


 1046 0201 00       		.byte	0
 1047 0202 0B       		.uleb128 0xb
 1048 0203 81020000 		.4byte	.LASF38
 1049 0207 09       		.byte	0x9
 1050 0208 0D       		.byte	0xd
 1051 0209 4E010000 		.4byte	0x14e
 1052 020d 80       		.byte	0x80
 1053 020e 0B       		.uleb128 0xb
 1054 020f 87010000 		.4byte	.LASF39
 1055 0213 09       		.byte	0x9
 1056 0214 0F       		.byte	0xf
 1057 0215 2B020000 		.4byte	0x22b
 1058 0219 81       		.byte	0x81
 1059 021a 00       		.byte	0
 1060 021b 11       		.uleb128 0x11
 1061 021c AE000000 		.4byte	0xae
 1062 0220 2B020000 		.4byte	0x22b
 1063 0224 12       		.uleb128 0x12
 1064 0225 A1000000 		.4byte	0xa1
 1065 0229 7F       		.byte	0x7f
 1066 022a 00       		.byte	0
 1067 022b 11       		.uleb128 0x11
 1068 022c AE000000 		.4byte	0xae
 1069 0230 3B020000 		.4byte	0x23b
 1070 0234 12       		.uleb128 0x12
 1071 0235 A1000000 		.4byte	0xa1
 1072 0239 FF       		.byte	0xff
 1073 023a 00       		.byte	0
 1074 023b 03       		.uleb128 0x3
 1075 023c 94020000 		.4byte	.LASF40
 1076 0240 09       		.byte	0x9
 1077 0241 10       		.byte	0x10
 1078 0242 ED010000 		.4byte	0x1ed
 1079 0246 03       		.uleb128 0x3
 1080 0247 3A010000 		.4byte	.LASF41
 1081 024b 03       		.byte	0x3
 1082 024c 62       		.byte	0x62
 1083 024d 7D000000 		.4byte	0x7d
 1084 0251 13       		.uleb128 0x13
 1085 0252 31000000 		.4byte	.LASF42
 1086 0256 01       		.byte	0x1
 1087 0257 0D       		.byte	0xd
 1088 0258 00000000 		.4byte	.LFB64
 1089 025c 0C000000 		.4byte	.LFE64-.LFB64
 1090 0260 01       		.uleb128 0x1
 1091 0261 9C       		.byte	0x9c
 1092 0262 13       		.uleb128 0x13
 1093 0263 F4020000 		.4byte	.LASF43
 1094 0267 01       		.byte	0x1
 1095 0268 17       		.byte	0x17
 1096 0269 00000000 		.4byte	.LFB65
 1097 026d 0C000000 		.4byte	.LFE65-.LFB65
 1098 0271 01       		.uleb128 0x1
 1099 0272 9C       		.byte	0x9c
 1100 0273 13       		.uleb128 0x13
 1101 0274 11000000 		.4byte	.LASF44
 1102 0278 01       		.byte	0x1
ARM GAS  C:\Users\hail\AppData\Local\Temp\ccd0n9VP.s 			page 25


 1103 0279 1F       		.byte	0x1f
 1104 027a 00000000 		.4byte	.LFB66
 1105 027e 20000000 		.4byte	.LFE66-.LFB66
 1106 0282 01       		.uleb128 0x1
 1107 0283 9C       		.byte	0x9c
 1108 0284 13       		.uleb128 0x13
 1109 0285 4D030000 		.4byte	.LASF45
 1110 0289 01       		.byte	0x1
 1111 028a 30       		.byte	0x30
 1112 028b 00000000 		.4byte	.LFB67
 1113 028f 0C000000 		.4byte	.LFE67-.LFB67
 1114 0293 01       		.uleb128 0x1
 1115 0294 9C       		.byte	0x9c
 1116 0295 14       		.uleb128 0x14
 1117 0296 0A010000 		.4byte	.LASF59
 1118 029a 01       		.byte	0x1
 1119 029b 42       		.byte	0x42
 1120 029c 68000000 		.4byte	0x68
 1121 02a0 00000000 		.4byte	.LFB68
 1122 02a4 38000000 		.4byte	.LFE68-.LFB68
 1123 02a8 01       		.uleb128 0x1
 1124 02a9 9C       		.byte	0x9c
 1125 02aa E5020000 		.4byte	0x2e5
 1126 02ae 15       		.uleb128 0x15
 1127 02af 23010000 		.4byte	.LASF46
 1128 02b3 01       		.byte	0x1
 1129 02b4 42       		.byte	0x42
 1130 02b5 68000000 		.4byte	0x68
 1131 02b9 02       		.uleb128 0x2
 1132 02ba 91       		.byte	0x91
 1133 02bb 6C       		.sleb128 -20
 1134 02bc 16       		.uleb128 0x16
 1135 02bd 70747200 		.ascii	"ptr\000"
 1136 02c1 01       		.byte	0x1
 1137 02c2 42       		.byte	0x42
 1138 02c3 A8000000 		.4byte	0xa8
 1139 02c7 02       		.uleb128 0x2
 1140 02c8 91       		.byte	0x91
 1141 02c9 68       		.sleb128 -24
 1142 02ca 16       		.uleb128 0x16
 1143 02cb 6C656E00 		.ascii	"len\000"
 1144 02cf 01       		.byte	0x1
 1145 02d0 42       		.byte	0x42
 1146 02d1 68000000 		.4byte	0x68
 1147 02d5 02       		.uleb128 0x2
 1148 02d6 91       		.byte	0x91
 1149 02d7 64       		.sleb128 -28
 1150 02d8 17       		.uleb128 0x17
 1151 02d9 6900     		.ascii	"i\000"
 1152 02db 01       		.byte	0x1
 1153 02dc 44       		.byte	0x44
 1154 02dd 68000000 		.4byte	0x68
 1155 02e1 02       		.uleb128 0x2
 1156 02e2 91       		.byte	0x91
 1157 02e3 74       		.sleb128 -12
 1158 02e4 00       		.byte	0
 1159 02e5 18       		.uleb128 0x18
ARM GAS  C:\Users\hail\AppData\Local\Temp\ccd0n9VP.s 			page 26


 1160 02e6 5A030000 		.4byte	.LASF51
 1161 02ea 01       		.byte	0x1
 1162 02eb 55       		.byte	0x55
 1163 02ec 00000000 		.4byte	.LFB69
 1164 02f0 08010000 		.4byte	.LFE69-.LFB69
 1165 02f4 01       		.uleb128 0x1
 1166 02f5 9C       		.byte	0x9c
 1167 02f6 37030000 		.4byte	0x337
 1168 02fa 15       		.uleb128 0x15
 1169 02fb 08020000 		.4byte	.LASF47
 1170 02ff 01       		.byte	0x1
 1171 0300 55       		.byte	0x55
 1172 0301 4E010000 		.4byte	0x14e
 1173 0305 03       		.uleb128 0x3
 1174 0306 91       		.byte	0x91
 1175 0307 DF6F     		.sleb128 -2081
 1176 0309 15       		.uleb128 0x15
 1177 030a 6F010000 		.4byte	.LASF48
 1178 030e 01       		.byte	0x1
 1179 030f 55       		.byte	0x55
 1180 0310 A8000000 		.4byte	0xa8
 1181 0314 02       		.uleb128 0x2
 1182 0315 91       		.byte	0x91
 1183 0316 74       		.sleb128 -12
 1184 0317 19       		.uleb128 0x19
 1185 0318 1A       		.uleb128 0x1a
 1186 0319 BC020000 		.4byte	.LASF49
 1187 031d 01       		.byte	0x1
 1188 031e 57       		.byte	0x57
 1189 031f 37030000 		.4byte	0x337
 1190 0323 03       		.uleb128 0x3
 1191 0324 91       		.byte	0x91
 1192 0325 E86F     		.sleb128 -2072
 1193 0327 1A       		.uleb128 0x1a
 1194 0328 18030000 		.4byte	.LASF50
 1195 032c 01       		.byte	0x1
 1196 032d 74       		.byte	0x74
 1197 032e 46020000 		.4byte	0x246
 1198 0332 03       		.uleb128 0x3
 1199 0333 91       		.byte	0x91
 1200 0334 E46F     		.sleb128 -2076
 1201 0336 00       		.byte	0
 1202 0337 11       		.uleb128 0x11
 1203 0338 AE000000 		.4byte	0xae
 1204 033c 48030000 		.4byte	0x348
 1205 0340 1B       		.uleb128 0x1b
 1206 0341 A1000000 		.4byte	0xa1
 1207 0345 FF07     		.2byte	0x7ff
 1208 0347 00       		.byte	0
 1209 0348 18       		.uleb128 0x18
 1210 0349 A4020000 		.4byte	.LASF52
 1211 034d 01       		.byte	0x1
 1212 034e 80       		.byte	0x80
 1213 034f 00000000 		.4byte	.LFB70
 1214 0353 78000000 		.4byte	.LFE70-.LFB70
 1215 0357 01       		.uleb128 0x1
 1216 0358 9C       		.byte	0x9c
ARM GAS  C:\Users\hail\AppData\Local\Temp\ccd0n9VP.s 			page 27


 1217 0359 6C030000 		.4byte	0x36c
 1218 035d 15       		.uleb128 0x15
 1219 035e DB020000 		.4byte	.LASF53
 1220 0362 01       		.byte	0x1
 1221 0363 80       		.byte	0x80
 1222 0364 3B020000 		.4byte	0x23b
 1223 0368 02       		.uleb128 0x2
 1224 0369 91       		.byte	0x91
 1225 036a 70       		.sleb128 -16
 1226 036b 00       		.byte	0
 1227 036c 1C       		.uleb128 0x1c
 1228 036d 11010000 		.4byte	.LASF54
 1229 0371 01       		.byte	0x1
 1230 0372 93       		.byte	0x93
 1231 0373 4C000000 		.4byte	0x4c
 1232 0377 00000000 		.4byte	.LFB71
 1233 037b 58000000 		.4byte	.LFE71-.LFB71
 1234 037f 01       		.uleb128 0x1
 1235 0380 9C       		.byte	0x9c
 1236 0381 AE030000 		.4byte	0x3ae
 1237 0385 1A       		.uleb128 0x1a
 1238 0386 D1020000 		.4byte	.LASF55
 1239 038a 01       		.byte	0x1
 1240 038b 96       		.byte	0x96
 1241 038c AE030000 		.4byte	0x3ae
 1242 0390 02       		.uleb128 0x2
 1243 0391 91       		.byte	0x91
 1244 0392 74       		.sleb128 -12
 1245 0393 17       		.uleb128 0x17
 1246 0394 7400     		.ascii	"t\000"
 1247 0396 01       		.byte	0x1
 1248 0397 98       		.byte	0x98
 1249 0398 D6000000 		.4byte	0xd6
 1250 039c 02       		.uleb128 0x2
 1251 039d 91       		.byte	0x91
 1252 039e 4C       		.sleb128 -52
 1253 039f 1A       		.uleb128 0x1a
 1254 03a0 00000000 		.4byte	.LASF56
 1255 03a4 01       		.byte	0x1
 1256 03a5 99       		.byte	0x99
 1257 03a6 CB000000 		.4byte	0xcb
 1258 03aa 02       		.uleb128 0x2
 1259 03ab 91       		.byte	0x91
 1260 03ac 70       		.sleb128 -16
 1261 03ad 00       		.byte	0
 1262 03ae 08       		.uleb128 0x8
 1263 03af 04       		.byte	0x4
 1264 03b0 DD010000 		.4byte	0x1dd
 1265 03b4 18       		.uleb128 0x18
 1266 03b5 79030000 		.4byte	.LASF57
 1267 03b9 01       		.byte	0x1
 1268 03ba AE       		.byte	0xae
 1269 03bb 00000000 		.4byte	.LFB72
 1270 03bf 40000000 		.4byte	.LFE72-.LFB72
 1271 03c3 01       		.uleb128 0x1
 1272 03c4 9C       		.byte	0x9c
 1273 03c5 E6030000 		.4byte	0x3e6
ARM GAS  C:\Users\hail\AppData\Local\Temp\ccd0n9VP.s 			page 28


 1274 03c9 15       		.uleb128 0x15
 1275 03ca 9B010000 		.4byte	.LASF58
 1276 03ce 01       		.byte	0x1
 1277 03cf AE       		.byte	0xae
 1278 03d0 A8000000 		.4byte	0xa8
 1279 03d4 02       		.uleb128 0x2
 1280 03d5 91       		.byte	0x91
 1281 03d6 6C       		.sleb128 -20
 1282 03d7 17       		.uleb128 0x17
 1283 03d8 70636800 		.ascii	"pch\000"
 1284 03dc 01       		.byte	0x1
 1285 03dd B0       		.byte	0xb0
 1286 03de A8000000 		.4byte	0xa8
 1287 03e2 02       		.uleb128 0x2
 1288 03e3 91       		.byte	0x91
 1289 03e4 74       		.sleb128 -12
 1290 03e5 00       		.byte	0
 1291 03e6 14       		.uleb128 0x14
 1292 03e7 55000000 		.4byte	.LASF60
 1293 03eb 01       		.byte	0x1
 1294 03ec BA       		.byte	0xba
 1295 03ed A8000000 		.4byte	0xa8
 1296 03f1 00000000 		.4byte	.LFB73
 1297 03f5 74000000 		.4byte	.LFE73-.LFB73
 1298 03f9 01       		.uleb128 0x1
 1299 03fa 9C       		.byte	0x9c
 1300 03fb 54040000 		.4byte	0x454
 1301 03ff 15       		.uleb128 0x15
 1302 0400 27000000 		.4byte	.LASF61
 1303 0404 01       		.byte	0x1
 1304 0405 BA       		.byte	0xba
 1305 0406 B5000000 		.4byte	0xb5
 1306 040a 02       		.uleb128 0x2
 1307 040b 91       		.byte	0x91
 1308 040c 6C       		.sleb128 -20
 1309 040d 15       		.uleb128 0x15
 1310 040e 50010000 		.4byte	.LASF62
 1311 0412 01       		.byte	0x1
 1312 0413 BA       		.byte	0xba
 1313 0414 A8000000 		.4byte	0xa8
 1314 0418 02       		.uleb128 0x2
 1315 0419 91       		.byte	0x91
 1316 041a 68       		.sleb128 -24
 1317 041b 15       		.uleb128 0x15
 1318 041c 8E010000 		.4byte	.LASF63
 1319 0420 01       		.byte	0x1
 1320 0421 BB       		.byte	0xbb
 1321 0422 B5000000 		.4byte	0xb5
 1322 0426 02       		.uleb128 0x2
 1323 0427 91       		.byte	0x91
 1324 0428 64       		.sleb128 -28
 1325 0429 15       		.uleb128 0x15
 1326 042a E0020000 		.4byte	.LASF64
 1327 042e 01       		.byte	0x1
 1328 042f BB       		.byte	0xbb
 1329 0430 B5000000 		.4byte	0xb5
 1330 0434 02       		.uleb128 0x2
ARM GAS  C:\Users\hail\AppData\Local\Temp\ccd0n9VP.s 			page 29


 1331 0435 91       		.byte	0x91
 1332 0436 60       		.sleb128 -32
 1333 0437 1A       		.uleb128 0x1a
 1334 0438 60000000 		.4byte	.LASF65
 1335 043c 01       		.byte	0x1
 1336 043d BD       		.byte	0xbd
 1337 043e A8000000 		.4byte	0xa8
 1338 0442 02       		.uleb128 0x2
 1339 0443 91       		.byte	0x91
 1340 0444 70       		.sleb128 -16
 1341 0445 17       		.uleb128 0x17
 1342 0446 656E6400 		.ascii	"end\000"
 1343 044a 01       		.byte	0x1
 1344 044b BD       		.byte	0xbd
 1345 044c A8000000 		.4byte	0xa8
 1346 0450 02       		.uleb128 0x2
 1347 0451 91       		.byte	0x91
 1348 0452 74       		.sleb128 -12
 1349 0453 00       		.byte	0
 1350 0454 18       		.uleb128 0x18
 1351 0455 88020000 		.4byte	.LASF66
 1352 0459 01       		.byte	0x1
 1353 045a CE       		.byte	0xce
 1354 045b 00000000 		.4byte	.LFB74
 1355 045f 3C000000 		.4byte	.LFE74-.LFB74
 1356 0463 01       		.uleb128 0x1
 1357 0464 9C       		.byte	0x9c
 1358 0465 96040000 		.4byte	0x496
 1359 0469 15       		.uleb128 0x15
 1360 046a 6F010000 		.4byte	.LASF48
 1361 046e 01       		.byte	0x1
 1362 046f CE       		.byte	0xce
 1363 0470 A8000000 		.4byte	0xa8
 1364 0474 02       		.uleb128 0x2
 1365 0475 91       		.byte	0x91
 1366 0476 70       		.sleb128 -16
 1367 0477 19       		.uleb128 0x19
 1368 0478 1A       		.uleb128 0x1a
 1369 0479 18030000 		.4byte	.LASF50
 1370 047d 01       		.byte	0x1
 1371 047e D0       		.byte	0xd0
 1372 047f 46020000 		.4byte	0x246
 1373 0483 02       		.uleb128 0x2
 1374 0484 91       		.byte	0x91
 1375 0485 64       		.sleb128 -28
 1376 0486 1A       		.uleb128 0x1a
 1377 0487 BC020000 		.4byte	.LASF49
 1378 048b 01       		.byte	0x1
 1379 048c D4       		.byte	0xd4
 1380 048d 37030000 		.4byte	0x337
 1381 0491 03       		.uleb128 0x3
 1382 0492 91       		.byte	0x91
 1383 0493 E46F     		.sleb128 -2076
 1384 0495 00       		.byte	0
 1385 0496 1D       		.uleb128 0x1d
 1386 0497 6C030000 		.4byte	.LASF67
 1387 049b 0A       		.byte	0xa
ARM GAS  C:\Users\hail\AppData\Local\Temp\ccd0n9VP.s 			page 30


 1388 049c 1207     		.2byte	0x712
 1389 049e A2040000 		.4byte	0x4a2
 1390 04a2 0F       		.uleb128 0xf
 1391 04a3 C0000000 		.4byte	0xc0
 1392 04a7 11       		.uleb128 0x11
 1393 04a8 AE000000 		.4byte	0xae
 1394 04ac B7040000 		.4byte	0x4b7
 1395 04b0 12       		.uleb128 0x12
 1396 04b1 A1000000 		.4byte	0xa1
 1397 04b5 1D       		.byte	0x1d
 1398 04b6 00       		.byte	0
 1399 04b7 1E       		.uleb128 0x1e
 1400 04b8 A2010000 		.4byte	.LASF68
 1401 04bc 01       		.byte	0x1
 1402 04bd 06       		.byte	0x6
 1403 04be A7040000 		.4byte	0x4a7
 1404 04c2 05       		.uleb128 0x5
 1405 04c3 03       		.byte	0x3
 1406 04c4 00000000 		.4byte	BB_fileName
 1407 04c8 1E       		.uleb128 0x1e
 1408 04c9 1F030000 		.4byte	.LASF69
 1409 04cd 01       		.byte	0x1
 1410 04ce 0A       		.byte	0xa
 1411 04cf 4E010000 		.4byte	0x14e
 1412 04d3 05       		.uleb128 0x5
 1413 04d4 03       		.byte	0x3
 1414 04d5 00000000 		.4byte	debug_level
 1415 04d9 00       		.byte	0
 1416              		.section	.debug_abbrev,"",%progbits
 1417              	.Ldebug_abbrev0:
 1418 0000 01       		.uleb128 0x1
 1419 0001 11       		.uleb128 0x11
 1420 0002 01       		.byte	0x1
 1421 0003 25       		.uleb128 0x25
 1422 0004 0E       		.uleb128 0xe
 1423 0005 13       		.uleb128 0x13
 1424 0006 0B       		.uleb128 0xb
 1425 0007 03       		.uleb128 0x3
 1426 0008 0E       		.uleb128 0xe
 1427 0009 1B       		.uleb128 0x1b
 1428 000a 0E       		.uleb128 0xe
 1429 000b 55       		.uleb128 0x55
 1430 000c 17       		.uleb128 0x17
 1431 000d 11       		.uleb128 0x11
 1432 000e 01       		.uleb128 0x1
 1433 000f 10       		.uleb128 0x10
 1434 0010 17       		.uleb128 0x17
 1435 0011 00       		.byte	0
 1436 0012 00       		.byte	0
 1437 0013 02       		.uleb128 0x2
 1438 0014 24       		.uleb128 0x24
 1439 0015 00       		.byte	0
 1440 0016 0B       		.uleb128 0xb
 1441 0017 0B       		.uleb128 0xb
 1442 0018 3E       		.uleb128 0x3e
 1443 0019 0B       		.uleb128 0xb
 1444 001a 03       		.uleb128 0x3
ARM GAS  C:\Users\hail\AppData\Local\Temp\ccd0n9VP.s 			page 31


 1445 001b 0E       		.uleb128 0xe
 1446 001c 00       		.byte	0
 1447 001d 00       		.byte	0
 1448 001e 03       		.uleb128 0x3
 1449 001f 16       		.uleb128 0x16
 1450 0020 00       		.byte	0
 1451 0021 03       		.uleb128 0x3
 1452 0022 0E       		.uleb128 0xe
 1453 0023 3A       		.uleb128 0x3a
 1454 0024 0B       		.uleb128 0xb
 1455 0025 3B       		.uleb128 0x3b
 1456 0026 0B       		.uleb128 0xb
 1457 0027 49       		.uleb128 0x49
 1458 0028 13       		.uleb128 0x13
 1459 0029 00       		.byte	0
 1460 002a 00       		.byte	0
 1461 002b 04       		.uleb128 0x4
 1462 002c 24       		.uleb128 0x24
 1463 002d 00       		.byte	0
 1464 002e 0B       		.uleb128 0xb
 1465 002f 0B       		.uleb128 0xb
 1466 0030 3E       		.uleb128 0x3e
 1467 0031 0B       		.uleb128 0xb
 1468 0032 03       		.uleb128 0x3
 1469 0033 08       		.uleb128 0x8
 1470 0034 00       		.byte	0
 1471 0035 00       		.byte	0
 1472 0036 05       		.uleb128 0x5
 1473 0037 13       		.uleb128 0x13
 1474 0038 01       		.byte	0x1
 1475 0039 03       		.uleb128 0x3
 1476 003a 0E       		.uleb128 0xe
 1477 003b 0B       		.uleb128 0xb
 1478 003c 0B       		.uleb128 0xb
 1479 003d 3A       		.uleb128 0x3a
 1480 003e 0B       		.uleb128 0xb
 1481 003f 3B       		.uleb128 0x3b
 1482 0040 0B       		.uleb128 0xb
 1483 0041 01       		.uleb128 0x1
 1484 0042 13       		.uleb128 0x13
 1485 0043 00       		.byte	0
 1486 0044 00       		.byte	0
 1487 0045 06       		.uleb128 0x6
 1488 0046 0D       		.uleb128 0xd
 1489 0047 00       		.byte	0
 1490 0048 03       		.uleb128 0x3
 1491 0049 0E       		.uleb128 0xe
 1492 004a 49       		.uleb128 0x49
 1493 004b 13       		.uleb128 0x13
 1494 004c 38       		.uleb128 0x38
 1495 004d 0B       		.uleb128 0xb
 1496 004e 34       		.uleb128 0x34
 1497 004f 19       		.uleb128 0x19
 1498 0050 00       		.byte	0
 1499 0051 00       		.byte	0
 1500 0052 07       		.uleb128 0x7
 1501 0053 0F       		.uleb128 0xf
ARM GAS  C:\Users\hail\AppData\Local\Temp\ccd0n9VP.s 			page 32


 1502 0054 00       		.byte	0
 1503 0055 0B       		.uleb128 0xb
 1504 0056 0B       		.uleb128 0xb
 1505 0057 00       		.byte	0
 1506 0058 00       		.byte	0
 1507 0059 08       		.uleb128 0x8
 1508 005a 0F       		.uleb128 0xf
 1509 005b 00       		.byte	0
 1510 005c 0B       		.uleb128 0xb
 1511 005d 0B       		.uleb128 0xb
 1512 005e 49       		.uleb128 0x49
 1513 005f 13       		.uleb128 0x13
 1514 0060 00       		.byte	0
 1515 0061 00       		.byte	0
 1516 0062 09       		.uleb128 0x9
 1517 0063 26       		.uleb128 0x26
 1518 0064 00       		.byte	0
 1519 0065 49       		.uleb128 0x49
 1520 0066 13       		.uleb128 0x13
 1521 0067 00       		.byte	0
 1522 0068 00       		.byte	0
 1523 0069 0A       		.uleb128 0xa
 1524 006a 13       		.uleb128 0x13
 1525 006b 01       		.byte	0x1
 1526 006c 03       		.uleb128 0x3
 1527 006d 08       		.uleb128 0x8
 1528 006e 0B       		.uleb128 0xb
 1529 006f 0B       		.uleb128 0xb
 1530 0070 3A       		.uleb128 0x3a
 1531 0071 0B       		.uleb128 0xb
 1532 0072 3B       		.uleb128 0x3b
 1533 0073 0B       		.uleb128 0xb
 1534 0074 01       		.uleb128 0x1
 1535 0075 13       		.uleb128 0x13
 1536 0076 00       		.byte	0
 1537 0077 00       		.byte	0
 1538 0078 0B       		.uleb128 0xb
 1539 0079 0D       		.uleb128 0xd
 1540 007a 00       		.byte	0
 1541 007b 03       		.uleb128 0x3
 1542 007c 0E       		.uleb128 0xe
 1543 007d 3A       		.uleb128 0x3a
 1544 007e 0B       		.uleb128 0xb
 1545 007f 3B       		.uleb128 0x3b
 1546 0080 0B       		.uleb128 0xb
 1547 0081 49       		.uleb128 0x49
 1548 0082 13       		.uleb128 0x13
 1549 0083 38       		.uleb128 0x38
 1550 0084 0B       		.uleb128 0xb
 1551 0085 00       		.byte	0
 1552 0086 00       		.byte	0
 1553 0087 0C       		.uleb128 0xc
 1554 0088 16       		.uleb128 0x16
 1555 0089 00       		.byte	0
 1556 008a 03       		.uleb128 0x3
 1557 008b 0E       		.uleb128 0xe
 1558 008c 3A       		.uleb128 0x3a
ARM GAS  C:\Users\hail\AppData\Local\Temp\ccd0n9VP.s 			page 33


 1559 008d 0B       		.uleb128 0xb
 1560 008e 3B       		.uleb128 0x3b
 1561 008f 05       		.uleb128 0x5
 1562 0090 49       		.uleb128 0x49
 1563 0091 13       		.uleb128 0x13
 1564 0092 00       		.byte	0
 1565 0093 00       		.byte	0
 1566 0094 0D       		.uleb128 0xd
 1567 0095 13       		.uleb128 0x13
 1568 0096 01       		.byte	0x1
 1569 0097 0B       		.uleb128 0xb
 1570 0098 0B       		.uleb128 0xb
 1571 0099 3A       		.uleb128 0x3a
 1572 009a 0B       		.uleb128 0xb
 1573 009b 3B       		.uleb128 0x3b
 1574 009c 0B       		.uleb128 0xb
 1575 009d 01       		.uleb128 0x1
 1576 009e 13       		.uleb128 0x13
 1577 009f 00       		.byte	0
 1578 00a0 00       		.byte	0
 1579 00a1 0E       		.uleb128 0xe
 1580 00a2 0D       		.uleb128 0xd
 1581 00a3 00       		.byte	0
 1582 00a4 03       		.uleb128 0x3
 1583 00a5 08       		.uleb128 0x8
 1584 00a6 3A       		.uleb128 0x3a
 1585 00a7 0B       		.uleb128 0xb
 1586 00a8 3B       		.uleb128 0x3b
 1587 00a9 0B       		.uleb128 0xb
 1588 00aa 49       		.uleb128 0x49
 1589 00ab 13       		.uleb128 0x13
 1590 00ac 38       		.uleb128 0x38
 1591 00ad 0B       		.uleb128 0xb
 1592 00ae 00       		.byte	0
 1593 00af 00       		.byte	0
 1594 00b0 0F       		.uleb128 0xf
 1595 00b1 35       		.uleb128 0x35
 1596 00b2 00       		.byte	0
 1597 00b3 49       		.uleb128 0x49
 1598 00b4 13       		.uleb128 0x13
 1599 00b5 00       		.byte	0
 1600 00b6 00       		.byte	0
 1601 00b7 10       		.uleb128 0x10
 1602 00b8 13       		.uleb128 0x13
 1603 00b9 01       		.byte	0x1
 1604 00ba 0B       		.uleb128 0xb
 1605 00bb 05       		.uleb128 0x5
 1606 00bc 3A       		.uleb128 0x3a
 1607 00bd 0B       		.uleb128 0xb
 1608 00be 3B       		.uleb128 0x3b
 1609 00bf 0B       		.uleb128 0xb
 1610 00c0 01       		.uleb128 0x1
 1611 00c1 13       		.uleb128 0x13
 1612 00c2 00       		.byte	0
 1613 00c3 00       		.byte	0
 1614 00c4 11       		.uleb128 0x11
 1615 00c5 01       		.uleb128 0x1
ARM GAS  C:\Users\hail\AppData\Local\Temp\ccd0n9VP.s 			page 34


 1616 00c6 01       		.byte	0x1
 1617 00c7 49       		.uleb128 0x49
 1618 00c8 13       		.uleb128 0x13
 1619 00c9 01       		.uleb128 0x1
 1620 00ca 13       		.uleb128 0x13
 1621 00cb 00       		.byte	0
 1622 00cc 00       		.byte	0
 1623 00cd 12       		.uleb128 0x12
 1624 00ce 21       		.uleb128 0x21
 1625 00cf 00       		.byte	0
 1626 00d0 49       		.uleb128 0x49
 1627 00d1 13       		.uleb128 0x13
 1628 00d2 2F       		.uleb128 0x2f
 1629 00d3 0B       		.uleb128 0xb
 1630 00d4 00       		.byte	0
 1631 00d5 00       		.byte	0
 1632 00d6 13       		.uleb128 0x13
 1633 00d7 2E       		.uleb128 0x2e
 1634 00d8 00       		.byte	0
 1635 00d9 3F       		.uleb128 0x3f
 1636 00da 19       		.uleb128 0x19
 1637 00db 03       		.uleb128 0x3
 1638 00dc 0E       		.uleb128 0xe
 1639 00dd 3A       		.uleb128 0x3a
 1640 00de 0B       		.uleb128 0xb
 1641 00df 3B       		.uleb128 0x3b
 1642 00e0 0B       		.uleb128 0xb
 1643 00e1 11       		.uleb128 0x11
 1644 00e2 01       		.uleb128 0x1
 1645 00e3 12       		.uleb128 0x12
 1646 00e4 06       		.uleb128 0x6
 1647 00e5 40       		.uleb128 0x40
 1648 00e6 18       		.uleb128 0x18
 1649 00e7 9642     		.uleb128 0x2116
 1650 00e9 19       		.uleb128 0x19
 1651 00ea 00       		.byte	0
 1652 00eb 00       		.byte	0
 1653 00ec 14       		.uleb128 0x14
 1654 00ed 2E       		.uleb128 0x2e
 1655 00ee 01       		.byte	0x1
 1656 00ef 3F       		.uleb128 0x3f
 1657 00f0 19       		.uleb128 0x19
 1658 00f1 03       		.uleb128 0x3
 1659 00f2 0E       		.uleb128 0xe
 1660 00f3 3A       		.uleb128 0x3a
 1661 00f4 0B       		.uleb128 0xb
 1662 00f5 3B       		.uleb128 0x3b
 1663 00f6 0B       		.uleb128 0xb
 1664 00f7 27       		.uleb128 0x27
 1665 00f8 19       		.uleb128 0x19
 1666 00f9 49       		.uleb128 0x49
 1667 00fa 13       		.uleb128 0x13
 1668 00fb 11       		.uleb128 0x11
 1669 00fc 01       		.uleb128 0x1
 1670 00fd 12       		.uleb128 0x12
 1671 00fe 06       		.uleb128 0x6
 1672 00ff 40       		.uleb128 0x40
ARM GAS  C:\Users\hail\AppData\Local\Temp\ccd0n9VP.s 			page 35


 1673 0100 18       		.uleb128 0x18
 1674 0101 9642     		.uleb128 0x2116
 1675 0103 19       		.uleb128 0x19
 1676 0104 01       		.uleb128 0x1
 1677 0105 13       		.uleb128 0x13
 1678 0106 00       		.byte	0
 1679 0107 00       		.byte	0
 1680 0108 15       		.uleb128 0x15
 1681 0109 05       		.uleb128 0x5
 1682 010a 00       		.byte	0
 1683 010b 03       		.uleb128 0x3
 1684 010c 0E       		.uleb128 0xe
 1685 010d 3A       		.uleb128 0x3a
 1686 010e 0B       		.uleb128 0xb
 1687 010f 3B       		.uleb128 0x3b
 1688 0110 0B       		.uleb128 0xb
 1689 0111 49       		.uleb128 0x49
 1690 0112 13       		.uleb128 0x13
 1691 0113 02       		.uleb128 0x2
 1692 0114 18       		.uleb128 0x18
 1693 0115 00       		.byte	0
 1694 0116 00       		.byte	0
 1695 0117 16       		.uleb128 0x16
 1696 0118 05       		.uleb128 0x5
 1697 0119 00       		.byte	0
 1698 011a 03       		.uleb128 0x3
 1699 011b 08       		.uleb128 0x8
 1700 011c 3A       		.uleb128 0x3a
 1701 011d 0B       		.uleb128 0xb
 1702 011e 3B       		.uleb128 0x3b
 1703 011f 0B       		.uleb128 0xb
 1704 0120 49       		.uleb128 0x49
 1705 0121 13       		.uleb128 0x13
 1706 0122 02       		.uleb128 0x2
 1707 0123 18       		.uleb128 0x18
 1708 0124 00       		.byte	0
 1709 0125 00       		.byte	0
 1710 0126 17       		.uleb128 0x17
 1711 0127 34       		.uleb128 0x34
 1712 0128 00       		.byte	0
 1713 0129 03       		.uleb128 0x3
 1714 012a 08       		.uleb128 0x8
 1715 012b 3A       		.uleb128 0x3a
 1716 012c 0B       		.uleb128 0xb
 1717 012d 3B       		.uleb128 0x3b
 1718 012e 0B       		.uleb128 0xb
 1719 012f 49       		.uleb128 0x49
 1720 0130 13       		.uleb128 0x13
 1721 0131 02       		.uleb128 0x2
 1722 0132 18       		.uleb128 0x18
 1723 0133 00       		.byte	0
 1724 0134 00       		.byte	0
 1725 0135 18       		.uleb128 0x18
 1726 0136 2E       		.uleb128 0x2e
 1727 0137 01       		.byte	0x1
 1728 0138 3F       		.uleb128 0x3f
 1729 0139 19       		.uleb128 0x19
ARM GAS  C:\Users\hail\AppData\Local\Temp\ccd0n9VP.s 			page 36


 1730 013a 03       		.uleb128 0x3
 1731 013b 0E       		.uleb128 0xe
 1732 013c 3A       		.uleb128 0x3a
 1733 013d 0B       		.uleb128 0xb
 1734 013e 3B       		.uleb128 0x3b
 1735 013f 0B       		.uleb128 0xb
 1736 0140 27       		.uleb128 0x27
 1737 0141 19       		.uleb128 0x19
 1738 0142 11       		.uleb128 0x11
 1739 0143 01       		.uleb128 0x1
 1740 0144 12       		.uleb128 0x12
 1741 0145 06       		.uleb128 0x6
 1742 0146 40       		.uleb128 0x40
 1743 0147 18       		.uleb128 0x18
 1744 0148 9642     		.uleb128 0x2116
 1745 014a 19       		.uleb128 0x19
 1746 014b 01       		.uleb128 0x1
 1747 014c 13       		.uleb128 0x13
 1748 014d 00       		.byte	0
 1749 014e 00       		.byte	0
 1750 014f 19       		.uleb128 0x19
 1751 0150 18       		.uleb128 0x18
 1752 0151 00       		.byte	0
 1753 0152 00       		.byte	0
 1754 0153 00       		.byte	0
 1755 0154 1A       		.uleb128 0x1a
 1756 0155 34       		.uleb128 0x34
 1757 0156 00       		.byte	0
 1758 0157 03       		.uleb128 0x3
 1759 0158 0E       		.uleb128 0xe
 1760 0159 3A       		.uleb128 0x3a
 1761 015a 0B       		.uleb128 0xb
 1762 015b 3B       		.uleb128 0x3b
 1763 015c 0B       		.uleb128 0xb
 1764 015d 49       		.uleb128 0x49
 1765 015e 13       		.uleb128 0x13
 1766 015f 02       		.uleb128 0x2
 1767 0160 18       		.uleb128 0x18
 1768 0161 00       		.byte	0
 1769 0162 00       		.byte	0
 1770 0163 1B       		.uleb128 0x1b
 1771 0164 21       		.uleb128 0x21
 1772 0165 00       		.byte	0
 1773 0166 49       		.uleb128 0x49
 1774 0167 13       		.uleb128 0x13
 1775 0168 2F       		.uleb128 0x2f
 1776 0169 05       		.uleb128 0x5
 1777 016a 00       		.byte	0
 1778 016b 00       		.byte	0
 1779 016c 1C       		.uleb128 0x1c
 1780 016d 2E       		.uleb128 0x2e
 1781 016e 01       		.byte	0x1
 1782 016f 3F       		.uleb128 0x3f
 1783 0170 19       		.uleb128 0x19
 1784 0171 03       		.uleb128 0x3
 1785 0172 0E       		.uleb128 0xe
 1786 0173 3A       		.uleb128 0x3a
ARM GAS  C:\Users\hail\AppData\Local\Temp\ccd0n9VP.s 			page 37


 1787 0174 0B       		.uleb128 0xb
 1788 0175 3B       		.uleb128 0x3b
 1789 0176 0B       		.uleb128 0xb
 1790 0177 49       		.uleb128 0x49
 1791 0178 13       		.uleb128 0x13
 1792 0179 11       		.uleb128 0x11
 1793 017a 01       		.uleb128 0x1
 1794 017b 12       		.uleb128 0x12
 1795 017c 06       		.uleb128 0x6
 1796 017d 40       		.uleb128 0x40
 1797 017e 18       		.uleb128 0x18
 1798 017f 9642     		.uleb128 0x2116
 1799 0181 19       		.uleb128 0x19
 1800 0182 01       		.uleb128 0x1
 1801 0183 13       		.uleb128 0x13
 1802 0184 00       		.byte	0
 1803 0185 00       		.byte	0
 1804 0186 1D       		.uleb128 0x1d
 1805 0187 34       		.uleb128 0x34
 1806 0188 00       		.byte	0
 1807 0189 03       		.uleb128 0x3
 1808 018a 0E       		.uleb128 0xe
 1809 018b 3A       		.uleb128 0x3a
 1810 018c 0B       		.uleb128 0xb
 1811 018d 3B       		.uleb128 0x3b
 1812 018e 05       		.uleb128 0x5
 1813 018f 49       		.uleb128 0x49
 1814 0190 13       		.uleb128 0x13
 1815 0191 3F       		.uleb128 0x3f
 1816 0192 19       		.uleb128 0x19
 1817 0193 3C       		.uleb128 0x3c
 1818 0194 19       		.uleb128 0x19
 1819 0195 00       		.byte	0
 1820 0196 00       		.byte	0
 1821 0197 1E       		.uleb128 0x1e
 1822 0198 34       		.uleb128 0x34
 1823 0199 00       		.byte	0
 1824 019a 03       		.uleb128 0x3
 1825 019b 0E       		.uleb128 0xe
 1826 019c 3A       		.uleb128 0x3a
 1827 019d 0B       		.uleb128 0xb
 1828 019e 3B       		.uleb128 0x3b
 1829 019f 0B       		.uleb128 0xb
 1830 01a0 49       		.uleb128 0x49
 1831 01a1 13       		.uleb128 0x13
 1832 01a2 3F       		.uleb128 0x3f
 1833 01a3 19       		.uleb128 0x19
 1834 01a4 02       		.uleb128 0x2
 1835 01a5 18       		.uleb128 0x18
 1836 01a6 00       		.byte	0
 1837 01a7 00       		.byte	0
 1838 01a8 00       		.byte	0
 1839              		.section	.debug_aranges,"",%progbits
 1840 0000 6C000000 		.4byte	0x6c
 1841 0004 0200     		.2byte	0x2
 1842 0006 00000000 		.4byte	.Ldebug_info0
 1843 000a 04       		.byte	0x4
ARM GAS  C:\Users\hail\AppData\Local\Temp\ccd0n9VP.s 			page 38


 1844 000b 00       		.byte	0
 1845 000c 0000     		.2byte	0
 1846 000e 0000     		.2byte	0
 1847 0010 00000000 		.4byte	.LFB64
 1848 0014 0C000000 		.4byte	.LFE64-.LFB64
 1849 0018 00000000 		.4byte	.LFB65
 1850 001c 0C000000 		.4byte	.LFE65-.LFB65
 1851 0020 00000000 		.4byte	.LFB66
 1852 0024 20000000 		.4byte	.LFE66-.LFB66
 1853 0028 00000000 		.4byte	.LFB67
 1854 002c 0C000000 		.4byte	.LFE67-.LFB67
 1855 0030 00000000 		.4byte	.LFB68
 1856 0034 38000000 		.4byte	.LFE68-.LFB68
 1857 0038 00000000 		.4byte	.LFB69
 1858 003c 08010000 		.4byte	.LFE69-.LFB69
 1859 0040 00000000 		.4byte	.LFB70
 1860 0044 78000000 		.4byte	.LFE70-.LFB70
 1861 0048 00000000 		.4byte	.LFB71
 1862 004c 58000000 		.4byte	.LFE71-.LFB71
 1863 0050 00000000 		.4byte	.LFB72
 1864 0054 40000000 		.4byte	.LFE72-.LFB72
 1865 0058 00000000 		.4byte	.LFB73
 1866 005c 74000000 		.4byte	.LFE73-.LFB73
 1867 0060 00000000 		.4byte	.LFB74
 1868 0064 3C000000 		.4byte	.LFE74-.LFB74
 1869 0068 00000000 		.4byte	0
 1870 006c 00000000 		.4byte	0
 1871              		.section	.debug_ranges,"",%progbits
 1872              	.Ldebug_ranges0:
 1873 0000 00000000 		.4byte	.LFB64
 1874 0004 0C000000 		.4byte	.LFE64
 1875 0008 00000000 		.4byte	.LFB65
 1876 000c 0C000000 		.4byte	.LFE65
 1877 0010 00000000 		.4byte	.LFB66
 1878 0014 20000000 		.4byte	.LFE66
 1879 0018 00000000 		.4byte	.LFB67
 1880 001c 0C000000 		.4byte	.LFE67
 1881 0020 00000000 		.4byte	.LFB68
 1882 0024 38000000 		.4byte	.LFE68
 1883 0028 00000000 		.4byte	.LFB69
 1884 002c 08010000 		.4byte	.LFE69
 1885 0030 00000000 		.4byte	.LFB70
 1886 0034 78000000 		.4byte	.LFE70
 1887 0038 00000000 		.4byte	.LFB71
 1888 003c 58000000 		.4byte	.LFE71
 1889 0040 00000000 		.4byte	.LFB72
 1890 0044 40000000 		.4byte	.LFE72
 1891 0048 00000000 		.4byte	.LFB73
 1892 004c 74000000 		.4byte	.LFE73
 1893 0050 00000000 		.4byte	.LFB74
 1894 0054 3C000000 		.4byte	.LFE74
 1895 0058 00000000 		.4byte	0
 1896 005c 00000000 		.4byte	0
 1897              		.section	.debug_line,"",%progbits
 1898              	.Ldebug_line0:
 1899 0000 B3030000 		.section	.debug_str,"MS",%progbits,1
 1899      02007302 
ARM GAS  C:\Users\hail\AppData\Local\Temp\ccd0n9VP.s 			page 39


 1899      00000201 
 1899      FB0E0D00 
 1899      01010101 
 1900              	.LASF56:
 1901 0000 745F6F66 		.ascii	"t_of_day\000"
 1901      5F646179 
 1901      00
 1902              	.LASF19:
 1903 0009 746D5F68 		.ascii	"tm_hour\000"
 1903      6F757200 
 1904              	.LASF44:
 1905 0011 64656275 		.ascii	"debug_sleep\000"
 1905      675F736C 
 1905      65657000 
 1906              	.LASF37:
 1907 001d 74657374 		.ascii	"test_name\000"
 1907      5F6E616D 
 1907      6500
 1908              	.LASF61:
 1909 0027 696E7075 		.ascii	"input_str\000"
 1909      745F7374 
 1909      7200
 1910              	.LASF42:
 1911 0031 64656275 		.ascii	"debug_start\000"
 1911      675F7374 
 1911      61727400 
 1912              	.LASF2:
 1913 003d 73686F72 		.ascii	"short int\000"
 1913      7420696E 
 1913      7400
 1914              	.LASF36:
 1915 0047 5254435F 		.ascii	"RTC_TIME_DATE\000"
 1915      54494D45 
 1915      5F444154 
 1915      4500
 1916              	.LASF60:
 1917 0055 73747265 		.ascii	"strextract\000"
 1917      78747261 
 1917      637400
 1918              	.LASF65:
 1919 0060 62656769 		.ascii	"begin\000"
 1919      6E00
 1920              	.LASF70:
 1921 0066 474E5520 		.ascii	"GNU C11 5.4.1 20160609 (release) [ARM/embedded-5-br"
 1921      43313120 
 1921      352E342E 
 1921      31203230 
 1921      31363036 
 1922 0099 616E6368 		.ascii	"anch revision 237715] -mcpu=cortex-m3 -mthumb -g -O"
 1922      20726576 
 1922      6973696F 
 1922      6E203233 
 1922      37373135 
 1923 00cc 30202D66 		.ascii	"0 -ffunction-sections -ffat-lto-objects\000"
 1923      66756E63 
 1923      74696F6E 
 1923      2D736563 
ARM GAS  C:\Users\hail\AppData\Local\Temp\ccd0n9VP.s 			page 40


 1923      74696F6E 
 1924              	.LASF23:
 1925 00f4 746D5F77 		.ascii	"tm_wday\000"
 1925      64617900 
 1926              	.LASF6:
 1927 00fc 6C6F6E67 		.ascii	"long long int\000"
 1927      206C6F6E 
 1927      6720696E 
 1927      7400
 1928              	.LASF59:
 1929 010a 5F777269 		.ascii	"_write\000"
 1929      746500
 1930              	.LASF54:
 1931 0111 67657454 		.ascii	"getTimeStamp\000"
 1931      696D6553 
 1931      74616D70 
 1931      00
 1932              	.LASF30:
 1933 011e 486F7572 		.ascii	"Hour\000"
 1933      00
 1934              	.LASF46:
 1935 0123 66696C65 		.ascii	"file\000"
 1935      00
 1936              	.LASF32:
 1937 0128 4461794F 		.ascii	"DayOfMonth\000"
 1937      664D6F6E 
 1937      746800
 1938              	.LASF27:
 1939 0133 75696E74 		.ascii	"uint16\000"
 1939      313600
 1940              	.LASF41:
 1941 013a 76615F6C 		.ascii	"va_list\000"
 1941      69737400 
 1942              	.LASF71:
 1943 0142 64656275 		.ascii	"debug.c\000"
 1943      672E6300 
 1944              	.LASF26:
 1945 014a 75696E74 		.ascii	"uint8\000"
 1945      3800
 1946              	.LASF62:
 1947 0150 6F757470 		.ascii	"output_str\000"
 1947      75745F73 
 1947      747200
 1948              	.LASF18:
 1949 015b 746D5F6D 		.ascii	"tm_min\000"
 1949      696E00
 1950              	.LASF28:
 1951 0162 666C6F61 		.ascii	"float\000"
 1951      7400
 1952              	.LASF21:
 1953 0168 746D5F6D 		.ascii	"tm_mon\000"
 1953      6F6E00
 1954              	.LASF48:
 1955 016f 666F726D 		.ascii	"format\000"
 1955      617400
 1956              	.LASF15:
 1957 0176 74696D65 		.ascii	"time_t\000"
ARM GAS  C:\Users\hail\AppData\Local\Temp\ccd0n9VP.s 			page 41


 1957      5F7400
 1958              	.LASF16:
 1959 017d 5F5F7661 		.ascii	"__va_list\000"
 1959      5F6C6973 
 1959      7400
 1960              	.LASF39:
 1961 0187 72656173 		.ascii	"reason\000"
 1961      6F6E00
 1962              	.LASF63:
 1963 018e 73656172 		.ascii	"search_start\000"
 1963      63685F73 
 1963      74617274 
 1963      00
 1964              	.LASF58:
 1965 019b 73747269 		.ascii	"string\000"
 1965      6E6700
 1966              	.LASF68:
 1967 01a2 42425F66 		.ascii	"BB_fileName\000"
 1967      696C654E 
 1967      616D6500 
 1968              	.LASF35:
 1969 01ae 59656172 		.ascii	"Year\000"
 1969      00
 1970              	.LASF34:
 1971 01b3 4D6F6E74 		.ascii	"Month\000"
 1971      6800
 1972              	.LASF9:
 1973 01b9 6C6F6E67 		.ascii	"long double\000"
 1973      20646F75 
 1973      626C6500 
 1974              	.LASF1:
 1975 01c5 756E7369 		.ascii	"unsigned char\000"
 1975      676E6564 
 1975      20636861 
 1975      7200
 1976              	.LASF31:
 1977 01d3 4461794F 		.ascii	"DayOfWeek\000"
 1977      66576565 
 1977      6B00
 1978              	.LASF0:
 1979 01dd 7369676E 		.ascii	"signed char\000"
 1979      65642063 
 1979      68617200 
 1980              	.LASF22:
 1981 01e9 746D5F79 		.ascii	"tm_year\000"
 1981      65617200 
 1982              	.LASF7:
 1983 01f1 6C6F6E67 		.ascii	"long long unsigned int\000"
 1983      206C6F6E 
 1983      6720756E 
 1983      7369676E 
 1983      65642069 
 1984              	.LASF47:
 1985 0208 74797065 		.ascii	"type\000"
 1985      00
 1986              	.LASF8:
 1987 020d 756E7369 		.ascii	"unsigned int\000"
ARM GAS  C:\Users\hail\AppData\Local\Temp\ccd0n9VP.s 			page 42


 1987      676E6564 
 1987      20696E74 
 1987      00
 1988              	.LASF73:
 1989 021a 5F5F6170 		.ascii	"__ap\000"
 1989      00
 1990              	.LASF20:
 1991 021f 746D5F6D 		.ascii	"tm_mday\000"
 1991      64617900 
 1992              	.LASF72:
 1993 0227 433A5C55 		.ascii	"C:\\Users\\hail\\Desktop\\Brooke Research\\notoriOS"
 1993      73657273 
 1993      5C686169 
 1993      6C5C4465 
 1993      736B746F 
 1994 0255 5C6E6F74 		.ascii	"\\notoriOS\\notoriOS.cydsn\000"
 1994      6F72694F 
 1994      535C6E6F 
 1994      746F7269 
 1994      4F532E63 
 1995              	.LASF3:
 1996 026e 73686F72 		.ascii	"short unsigned int\000"
 1996      7420756E 
 1996      7369676E 
 1996      65642069 
 1996      6E7400
 1997              	.LASF38:
 1998 0281 73746174 		.ascii	"status\000"
 1998      757300
 1999              	.LASF66:
 2000 0288 7072696E 		.ascii	"printd\000"
 2000      746400
 2001              	.LASF13:
 2002 028f 63686172 		.ascii	"char\000"
 2002      00
 2003              	.LASF40:
 2004 0294 74657374 		.ascii	"test_t\000"
 2004      5F7400
 2005              	.LASF4:
 2006 029b 6C6F6E67 		.ascii	"long int\000"
 2006      20696E74 
 2006      00
 2007              	.LASF52:
 2008 02a4 7072696E 		.ascii	"printTestStatus\000"
 2008      74546573 
 2008      74537461 
 2008      74757300 
 2009              	.LASF14:
 2010 02b4 696E7433 		.ascii	"int32_t\000"
 2010      325F7400 
 2011              	.LASF49:
 2012 02bc 64656275 		.ascii	"debug_string\000"
 2012      675F7374 
 2012      72696E67 
 2012      00
 2013              	.LASF24:
 2014 02c9 746D5F79 		.ascii	"tm_yday\000"
ARM GAS  C:\Users\hail\AppData\Local\Temp\ccd0n9VP.s 			page 43


 2014      64617900 
 2015              	.LASF55:
 2016 02d1 6C6F6361 		.ascii	"localTime\000"
 2016      6C54696D 
 2016      6500
 2017              	.LASF53:
 2018 02db 74657374 		.ascii	"test\000"
 2018      00
 2019              	.LASF64:
 2020 02e0 73656172 		.ascii	"search_end\000"
 2020      63685F65 
 2020      6E6400
 2021              	.LASF25:
 2022 02eb 746D5F69 		.ascii	"tm_isdst\000"
 2022      73647374 
 2022      00
 2023              	.LASF43:
 2024 02f4 64656275 		.ascii	"debug_stop\000"
 2024      675F7374 
 2024      6F7000
 2025              	.LASF5:
 2026 02ff 6C6F6E67 		.ascii	"long unsigned int\000"
 2026      20756E73 
 2026      69676E65 
 2026      6420696E 
 2026      7400
 2027              	.LASF29:
 2028 0311 646F7562 		.ascii	"double\000"
 2028      6C6500
 2029              	.LASF50:
 2030 0318 61726770 		.ascii	"argptr\000"
 2030      747200
 2031              	.LASF69:
 2032 031f 64656275 		.ascii	"debug_level\000"
 2032      675F6C65 
 2032      76656C00 
 2033              	.LASF10:
 2034 032b 5F5F696E 		.ascii	"__int32_t\000"
 2034      7433325F 
 2034      7400
 2035              	.LASF12:
 2036 0335 73697A65 		.ascii	"sizetype\000"
 2036      74797065 
 2036      00
 2037              	.LASF11:
 2038 033e 5F5F676E 		.ascii	"__gnuc_va_list\000"
 2038      75635F76 
 2038      615F6C69 
 2038      737400
 2039              	.LASF45:
 2040 034d 64656275 		.ascii	"debug_wakeup\000"
 2040      675F7761 
 2040      6B657570 
 2040      00
 2041              	.LASF51:
 2042 035a 7072696E 		.ascii	"printNotif\000"
 2042      744E6F74 
ARM GAS  C:\Users\hail\AppData\Local\Temp\ccd0n9VP.s 			page 44


 2042      696600
 2043              	.LASF17:
 2044 0365 746D5F73 		.ascii	"tm_sec\000"
 2044      656300
 2045              	.LASF67:
 2046 036c 49544D5F 		.ascii	"ITM_RxBuffer\000"
 2046      52784275 
 2046      66666572 
 2046      00
 2047              	.LASF57:
 2048 0379 73747269 		.ascii	"stripEscapeCharacters\000"
 2048      70457363 
 2048      61706543 
 2048      68617261 
 2048      63746572 
 2049              	.LASF33:
 2050 038f 4461794F 		.ascii	"DayOfYear\000"
 2050      66596561 
 2050      7200
 2051              		.ident	"GCC: (GNU Tools for ARM Embedded Processors) 5.4.1 20160609 (release) [ARM/embedded-5-bran
