ARM GAS  C:\Users\dantz\AppData\Local\Temp\ccgIUsQg.s 			page 1


   1              		.syntax unified
   2              		.cpu cortex-m3
   3              		.fpu softvfp
   4              		.eabi_attribute 20, 1
   5              		.eabi_attribute 21, 1
   6              		.eabi_attribute 23, 3
   7              		.eabi_attribute 24, 1
   8              		.eabi_attribute 25, 1
   9              		.eabi_attribute 26, 1
  10              		.eabi_attribute 30, 6
  11              		.eabi_attribute 34, 1
  12              		.eabi_attribute 18, 4
  13              		.thumb
  14              		.syntax unified
  15              		.file	"Debug_UART_PM.c"
  16              		.text
  17              	.Ltext0:
  18              		.cfi_sections	.debug_frame
  19              		.bss
  20              		.align	2
  21              	Debug_UART_backup:
  22 0000 00       		.space	1
  23              		.section	.text.Debug_UART_SaveConfig,"ax",%progbits
  24              		.align	2
  25              		.global	Debug_UART_SaveConfig
  26              		.thumb
  27              		.thumb_func
  28              		.type	Debug_UART_SaveConfig, %function
  29              	Debug_UART_SaveConfig:
  30              	.LFB0:
  31              		.file 1 "Generated_Source\\PSoC5\\Debug_UART_PM.c"
   1:Generated_Source\PSoC5/Debug_UART_PM.c **** /*******************************************************************************
   2:Generated_Source\PSoC5/Debug_UART_PM.c **** * File Name: Debug_UART_PM.c
   3:Generated_Source\PSoC5/Debug_UART_PM.c **** * Version 2.50
   4:Generated_Source\PSoC5/Debug_UART_PM.c **** *
   5:Generated_Source\PSoC5/Debug_UART_PM.c **** * Description:
   6:Generated_Source\PSoC5/Debug_UART_PM.c **** *  This file provides Sleep/WakeUp APIs functionality.
   7:Generated_Source\PSoC5/Debug_UART_PM.c **** *
   8:Generated_Source\PSoC5/Debug_UART_PM.c **** * Note:
   9:Generated_Source\PSoC5/Debug_UART_PM.c **** *
  10:Generated_Source\PSoC5/Debug_UART_PM.c **** ********************************************************************************
  11:Generated_Source\PSoC5/Debug_UART_PM.c **** * Copyright 2008-2015, Cypress Semiconductor Corporation.  All rights reserved.
  12:Generated_Source\PSoC5/Debug_UART_PM.c **** * You may use this file only in accordance with the license, terms, conditions,
  13:Generated_Source\PSoC5/Debug_UART_PM.c **** * disclaimers, and limitations in the end user license agreement accompanying
  14:Generated_Source\PSoC5/Debug_UART_PM.c **** * the software package with which this file was provided.
  15:Generated_Source\PSoC5/Debug_UART_PM.c **** *******************************************************************************/
  16:Generated_Source\PSoC5/Debug_UART_PM.c **** 
  17:Generated_Source\PSoC5/Debug_UART_PM.c **** #include "Debug_UART.h"
  18:Generated_Source\PSoC5/Debug_UART_PM.c **** 
  19:Generated_Source\PSoC5/Debug_UART_PM.c **** 
  20:Generated_Source\PSoC5/Debug_UART_PM.c **** /***************************************
  21:Generated_Source\PSoC5/Debug_UART_PM.c **** * Local data allocation
  22:Generated_Source\PSoC5/Debug_UART_PM.c **** ***************************************/
  23:Generated_Source\PSoC5/Debug_UART_PM.c **** 
  24:Generated_Source\PSoC5/Debug_UART_PM.c **** static Debug_UART_BACKUP_STRUCT  Debug_UART_backup =
  25:Generated_Source\PSoC5/Debug_UART_PM.c **** {
  26:Generated_Source\PSoC5/Debug_UART_PM.c ****     /* enableState - disabled */
ARM GAS  C:\Users\dantz\AppData\Local\Temp\ccgIUsQg.s 			page 2


  27:Generated_Source\PSoC5/Debug_UART_PM.c ****     0u,
  28:Generated_Source\PSoC5/Debug_UART_PM.c **** };
  29:Generated_Source\PSoC5/Debug_UART_PM.c **** 
  30:Generated_Source\PSoC5/Debug_UART_PM.c **** 
  31:Generated_Source\PSoC5/Debug_UART_PM.c **** 
  32:Generated_Source\PSoC5/Debug_UART_PM.c **** /*******************************************************************************
  33:Generated_Source\PSoC5/Debug_UART_PM.c **** * Function Name: Debug_UART_SaveConfig
  34:Generated_Source\PSoC5/Debug_UART_PM.c **** ********************************************************************************
  35:Generated_Source\PSoC5/Debug_UART_PM.c **** *
  36:Generated_Source\PSoC5/Debug_UART_PM.c **** * Summary:
  37:Generated_Source\PSoC5/Debug_UART_PM.c **** *  This function saves the component nonretention control register.
  38:Generated_Source\PSoC5/Debug_UART_PM.c **** *  Does not save the FIFO which is a set of nonretention registers.
  39:Generated_Source\PSoC5/Debug_UART_PM.c **** *  This function is called by the Debug_UART_Sleep() function.
  40:Generated_Source\PSoC5/Debug_UART_PM.c **** *
  41:Generated_Source\PSoC5/Debug_UART_PM.c **** * Parameters:
  42:Generated_Source\PSoC5/Debug_UART_PM.c **** *  None.
  43:Generated_Source\PSoC5/Debug_UART_PM.c **** *
  44:Generated_Source\PSoC5/Debug_UART_PM.c **** * Return:
  45:Generated_Source\PSoC5/Debug_UART_PM.c **** *  None.
  46:Generated_Source\PSoC5/Debug_UART_PM.c **** *
  47:Generated_Source\PSoC5/Debug_UART_PM.c **** * Global Variables:
  48:Generated_Source\PSoC5/Debug_UART_PM.c **** *  Debug_UART_backup - modified when non-retention registers are saved.
  49:Generated_Source\PSoC5/Debug_UART_PM.c **** *
  50:Generated_Source\PSoC5/Debug_UART_PM.c **** * Reentrant:
  51:Generated_Source\PSoC5/Debug_UART_PM.c **** *  No.
  52:Generated_Source\PSoC5/Debug_UART_PM.c **** *
  53:Generated_Source\PSoC5/Debug_UART_PM.c **** *******************************************************************************/
  54:Generated_Source\PSoC5/Debug_UART_PM.c **** void Debug_UART_SaveConfig(void)
  55:Generated_Source\PSoC5/Debug_UART_PM.c **** {
  32              		.loc 1 55 0
  33              		.cfi_startproc
  34              		@ args = 0, pretend = 0, frame = 0
  35              		@ frame_needed = 1, uses_anonymous_args = 0
  36              		@ link register save eliminated.
  37 0000 80B4     		push	{r7}
  38              		.cfi_def_cfa_offset 4
  39              		.cfi_offset 7, -4
  40 0002 00AF     		add	r7, sp, #0
  41              		.cfi_def_cfa_register 7
  56:Generated_Source\PSoC5/Debug_UART_PM.c ****     #if(Debug_UART_CONTROL_REG_REMOVED == 0u)
  57:Generated_Source\PSoC5/Debug_UART_PM.c ****         Debug_UART_backup.cr = Debug_UART_CONTROL_REG;
  58:Generated_Source\PSoC5/Debug_UART_PM.c ****     #endif /* End Debug_UART_CONTROL_REG_REMOVED */
  59:Generated_Source\PSoC5/Debug_UART_PM.c **** }
  42              		.loc 1 59 0
  43 0004 00BF     		nop
  44 0006 BD46     		mov	sp, r7
  45              		.cfi_def_cfa_register 13
  46              		@ sp needed
  47 0008 80BC     		pop	{r7}
  48              		.cfi_restore 7
  49              		.cfi_def_cfa_offset 0
  50 000a 7047     		bx	lr
  51              		.cfi_endproc
  52              	.LFE0:
  53              		.size	Debug_UART_SaveConfig, .-Debug_UART_SaveConfig
  54              		.section	.text.Debug_UART_RestoreConfig,"ax",%progbits
  55              		.align	2
ARM GAS  C:\Users\dantz\AppData\Local\Temp\ccgIUsQg.s 			page 3


  56              		.global	Debug_UART_RestoreConfig
  57              		.thumb
  58              		.thumb_func
  59              		.type	Debug_UART_RestoreConfig, %function
  60              	Debug_UART_RestoreConfig:
  61              	.LFB1:
  60:Generated_Source\PSoC5/Debug_UART_PM.c **** 
  61:Generated_Source\PSoC5/Debug_UART_PM.c **** 
  62:Generated_Source\PSoC5/Debug_UART_PM.c **** /*******************************************************************************
  63:Generated_Source\PSoC5/Debug_UART_PM.c **** * Function Name: Debug_UART_RestoreConfig
  64:Generated_Source\PSoC5/Debug_UART_PM.c **** ********************************************************************************
  65:Generated_Source\PSoC5/Debug_UART_PM.c **** *
  66:Generated_Source\PSoC5/Debug_UART_PM.c **** * Summary:
  67:Generated_Source\PSoC5/Debug_UART_PM.c **** *  Restores the nonretention control register except FIFO.
  68:Generated_Source\PSoC5/Debug_UART_PM.c **** *  Does not restore the FIFO which is a set of nonretention registers.
  69:Generated_Source\PSoC5/Debug_UART_PM.c **** *
  70:Generated_Source\PSoC5/Debug_UART_PM.c **** * Parameters:
  71:Generated_Source\PSoC5/Debug_UART_PM.c **** *  None.
  72:Generated_Source\PSoC5/Debug_UART_PM.c **** *
  73:Generated_Source\PSoC5/Debug_UART_PM.c **** * Return:
  74:Generated_Source\PSoC5/Debug_UART_PM.c **** *  None.
  75:Generated_Source\PSoC5/Debug_UART_PM.c **** *
  76:Generated_Source\PSoC5/Debug_UART_PM.c **** * Global Variables:
  77:Generated_Source\PSoC5/Debug_UART_PM.c **** *  Debug_UART_backup - used when non-retention registers are restored.
  78:Generated_Source\PSoC5/Debug_UART_PM.c **** *
  79:Generated_Source\PSoC5/Debug_UART_PM.c **** * Reentrant:
  80:Generated_Source\PSoC5/Debug_UART_PM.c **** *  No.
  81:Generated_Source\PSoC5/Debug_UART_PM.c **** *
  82:Generated_Source\PSoC5/Debug_UART_PM.c **** * Notes:
  83:Generated_Source\PSoC5/Debug_UART_PM.c **** *  If this function is called without calling Debug_UART_SaveConfig() 
  84:Generated_Source\PSoC5/Debug_UART_PM.c **** *  first, the data loaded may be incorrect.
  85:Generated_Source\PSoC5/Debug_UART_PM.c **** *
  86:Generated_Source\PSoC5/Debug_UART_PM.c **** *******************************************************************************/
  87:Generated_Source\PSoC5/Debug_UART_PM.c **** void Debug_UART_RestoreConfig(void)
  88:Generated_Source\PSoC5/Debug_UART_PM.c **** {
  62              		.loc 1 88 0
  63              		.cfi_startproc
  64              		@ args = 0, pretend = 0, frame = 0
  65              		@ frame_needed = 1, uses_anonymous_args = 0
  66              		@ link register save eliminated.
  67 0000 80B4     		push	{r7}
  68              		.cfi_def_cfa_offset 4
  69              		.cfi_offset 7, -4
  70 0002 00AF     		add	r7, sp, #0
  71              		.cfi_def_cfa_register 7
  89:Generated_Source\PSoC5/Debug_UART_PM.c ****     #if(Debug_UART_CONTROL_REG_REMOVED == 0u)
  90:Generated_Source\PSoC5/Debug_UART_PM.c ****         Debug_UART_CONTROL_REG = Debug_UART_backup.cr;
  91:Generated_Source\PSoC5/Debug_UART_PM.c ****     #endif /* End Debug_UART_CONTROL_REG_REMOVED */
  92:Generated_Source\PSoC5/Debug_UART_PM.c **** }
  72              		.loc 1 92 0
  73 0004 00BF     		nop
  74 0006 BD46     		mov	sp, r7
  75              		.cfi_def_cfa_register 13
  76              		@ sp needed
  77 0008 80BC     		pop	{r7}
  78              		.cfi_restore 7
  79              		.cfi_def_cfa_offset 0
ARM GAS  C:\Users\dantz\AppData\Local\Temp\ccgIUsQg.s 			page 4


  80 000a 7047     		bx	lr
  81              		.cfi_endproc
  82              	.LFE1:
  83              		.size	Debug_UART_RestoreConfig, .-Debug_UART_RestoreConfig
  84              		.section	.text.Debug_UART_Sleep,"ax",%progbits
  85              		.align	2
  86              		.global	Debug_UART_Sleep
  87              		.thumb
  88              		.thumb_func
  89              		.type	Debug_UART_Sleep, %function
  90              	Debug_UART_Sleep:
  91              	.LFB2:
  93:Generated_Source\PSoC5/Debug_UART_PM.c **** 
  94:Generated_Source\PSoC5/Debug_UART_PM.c **** 
  95:Generated_Source\PSoC5/Debug_UART_PM.c **** /*******************************************************************************
  96:Generated_Source\PSoC5/Debug_UART_PM.c **** * Function Name: Debug_UART_Sleep
  97:Generated_Source\PSoC5/Debug_UART_PM.c **** ********************************************************************************
  98:Generated_Source\PSoC5/Debug_UART_PM.c **** *
  99:Generated_Source\PSoC5/Debug_UART_PM.c **** * Summary:
 100:Generated_Source\PSoC5/Debug_UART_PM.c **** *  This is the preferred API to prepare the component for sleep. 
 101:Generated_Source\PSoC5/Debug_UART_PM.c **** *  The Debug_UART_Sleep() API saves the current component state. Then it
 102:Generated_Source\PSoC5/Debug_UART_PM.c **** *  calls the Debug_UART_Stop() function and calls 
 103:Generated_Source\PSoC5/Debug_UART_PM.c **** *  Debug_UART_SaveConfig() to save the hardware configuration.
 104:Generated_Source\PSoC5/Debug_UART_PM.c **** *  Call the Debug_UART_Sleep() function before calling the CyPmSleep() 
 105:Generated_Source\PSoC5/Debug_UART_PM.c **** *  or the CyPmHibernate() function. 
 106:Generated_Source\PSoC5/Debug_UART_PM.c **** *
 107:Generated_Source\PSoC5/Debug_UART_PM.c **** * Parameters:
 108:Generated_Source\PSoC5/Debug_UART_PM.c **** *  None.
 109:Generated_Source\PSoC5/Debug_UART_PM.c **** *
 110:Generated_Source\PSoC5/Debug_UART_PM.c **** * Return:
 111:Generated_Source\PSoC5/Debug_UART_PM.c **** *  None.
 112:Generated_Source\PSoC5/Debug_UART_PM.c **** *
 113:Generated_Source\PSoC5/Debug_UART_PM.c **** * Global Variables:
 114:Generated_Source\PSoC5/Debug_UART_PM.c **** *  Debug_UART_backup - modified when non-retention registers are saved.
 115:Generated_Source\PSoC5/Debug_UART_PM.c **** *
 116:Generated_Source\PSoC5/Debug_UART_PM.c **** * Reentrant:
 117:Generated_Source\PSoC5/Debug_UART_PM.c **** *  No.
 118:Generated_Source\PSoC5/Debug_UART_PM.c **** *
 119:Generated_Source\PSoC5/Debug_UART_PM.c **** *******************************************************************************/
 120:Generated_Source\PSoC5/Debug_UART_PM.c **** void Debug_UART_Sleep(void)
 121:Generated_Source\PSoC5/Debug_UART_PM.c **** {
  92              		.loc 1 121 0
  93              		.cfi_startproc
  94              		@ args = 0, pretend = 0, frame = 0
  95              		@ frame_needed = 1, uses_anonymous_args = 0
  96 0000 80B5     		push	{r7, lr}
  97              		.cfi_def_cfa_offset 8
  98              		.cfi_offset 7, -8
  99              		.cfi_offset 14, -4
 100 0002 00AF     		add	r7, sp, #0
 101              		.cfi_def_cfa_register 7
 122:Generated_Source\PSoC5/Debug_UART_PM.c ****     #if(Debug_UART_RX_ENABLED || Debug_UART_HD_ENABLED)
 123:Generated_Source\PSoC5/Debug_UART_PM.c ****         if((Debug_UART_RXSTATUS_ACTL_REG  & Debug_UART_INT_ENABLE) != 0u)
 124:Generated_Source\PSoC5/Debug_UART_PM.c ****         {
 125:Generated_Source\PSoC5/Debug_UART_PM.c ****             Debug_UART_backup.enableState = 1u;
 126:Generated_Source\PSoC5/Debug_UART_PM.c ****         }
 127:Generated_Source\PSoC5/Debug_UART_PM.c ****         else
ARM GAS  C:\Users\dantz\AppData\Local\Temp\ccgIUsQg.s 			page 5


 128:Generated_Source\PSoC5/Debug_UART_PM.c ****         {
 129:Generated_Source\PSoC5/Debug_UART_PM.c ****             Debug_UART_backup.enableState = 0u;
 130:Generated_Source\PSoC5/Debug_UART_PM.c ****         }
 131:Generated_Source\PSoC5/Debug_UART_PM.c ****     #else
 132:Generated_Source\PSoC5/Debug_UART_PM.c ****         if((Debug_UART_TXSTATUS_ACTL_REG  & Debug_UART_INT_ENABLE) !=0u)
 102              		.loc 1 132 0
 103 0004 094B     		ldr	r3, .L6
 104 0006 1B78     		ldrb	r3, [r3]
 105 0008 DBB2     		uxtb	r3, r3
 106 000a 03F01003 		and	r3, r3, #16
 107 000e 002B     		cmp	r3, #0
 108 0010 03D0     		beq	.L4
 133:Generated_Source\PSoC5/Debug_UART_PM.c ****         {
 134:Generated_Source\PSoC5/Debug_UART_PM.c ****             Debug_UART_backup.enableState = 1u;
 109              		.loc 1 134 0
 110 0012 074B     		ldr	r3, .L6+4
 111 0014 0122     		movs	r2, #1
 112 0016 1A70     		strb	r2, [r3]
 113 0018 02E0     		b	.L5
 114              	.L4:
 135:Generated_Source\PSoC5/Debug_UART_PM.c ****         }
 136:Generated_Source\PSoC5/Debug_UART_PM.c ****         else
 137:Generated_Source\PSoC5/Debug_UART_PM.c ****         {
 138:Generated_Source\PSoC5/Debug_UART_PM.c ****             Debug_UART_backup.enableState = 0u;
 115              		.loc 1 138 0
 116 001a 054B     		ldr	r3, .L6+4
 117 001c 0022     		movs	r2, #0
 118 001e 1A70     		strb	r2, [r3]
 119              	.L5:
 139:Generated_Source\PSoC5/Debug_UART_PM.c ****         }
 140:Generated_Source\PSoC5/Debug_UART_PM.c ****     #endif /* End Debug_UART_RX_ENABLED || Debug_UART_HD_ENABLED*/
 141:Generated_Source\PSoC5/Debug_UART_PM.c **** 
 142:Generated_Source\PSoC5/Debug_UART_PM.c ****     Debug_UART_Stop();
 120              		.loc 1 142 0
 121 0020 FFF7FEFF 		bl	Debug_UART_Stop
 143:Generated_Source\PSoC5/Debug_UART_PM.c ****     Debug_UART_SaveConfig();
 122              		.loc 1 143 0
 123 0024 FFF7FEFF 		bl	Debug_UART_SaveConfig
 144:Generated_Source\PSoC5/Debug_UART_PM.c **** }
 124              		.loc 1 144 0
 125 0028 00BF     		nop
 126 002a 80BD     		pop	{r7, pc}
 127              	.L7:
 128              		.align	2
 129              	.L6:
 130 002c 97640040 		.word	1073767575
 131 0030 00000000 		.word	Debug_UART_backup
 132              		.cfi_endproc
 133              	.LFE2:
 134              		.size	Debug_UART_Sleep, .-Debug_UART_Sleep
 135              		.section	.text.Debug_UART_Wakeup,"ax",%progbits
 136              		.align	2
 137              		.global	Debug_UART_Wakeup
 138              		.thumb
 139              		.thumb_func
 140              		.type	Debug_UART_Wakeup, %function
 141              	Debug_UART_Wakeup:
ARM GAS  C:\Users\dantz\AppData\Local\Temp\ccgIUsQg.s 			page 6


 142              	.LFB3:
 145:Generated_Source\PSoC5/Debug_UART_PM.c **** 
 146:Generated_Source\PSoC5/Debug_UART_PM.c **** 
 147:Generated_Source\PSoC5/Debug_UART_PM.c **** /*******************************************************************************
 148:Generated_Source\PSoC5/Debug_UART_PM.c **** * Function Name: Debug_UART_Wakeup
 149:Generated_Source\PSoC5/Debug_UART_PM.c **** ********************************************************************************
 150:Generated_Source\PSoC5/Debug_UART_PM.c **** *
 151:Generated_Source\PSoC5/Debug_UART_PM.c **** * Summary:
 152:Generated_Source\PSoC5/Debug_UART_PM.c **** *  This is the preferred API to restore the component to the state when 
 153:Generated_Source\PSoC5/Debug_UART_PM.c **** *  Debug_UART_Sleep() was called. The Debug_UART_Wakeup() function
 154:Generated_Source\PSoC5/Debug_UART_PM.c **** *  calls the Debug_UART_RestoreConfig() function to restore the 
 155:Generated_Source\PSoC5/Debug_UART_PM.c **** *  configuration. If the component was enabled before the 
 156:Generated_Source\PSoC5/Debug_UART_PM.c **** *  Debug_UART_Sleep() function was called, the Debug_UART_Wakeup()
 157:Generated_Source\PSoC5/Debug_UART_PM.c **** *  function will also re-enable the component.
 158:Generated_Source\PSoC5/Debug_UART_PM.c **** *
 159:Generated_Source\PSoC5/Debug_UART_PM.c **** * Parameters:
 160:Generated_Source\PSoC5/Debug_UART_PM.c **** *  None.
 161:Generated_Source\PSoC5/Debug_UART_PM.c **** *
 162:Generated_Source\PSoC5/Debug_UART_PM.c **** * Return:
 163:Generated_Source\PSoC5/Debug_UART_PM.c **** *  None.
 164:Generated_Source\PSoC5/Debug_UART_PM.c **** *
 165:Generated_Source\PSoC5/Debug_UART_PM.c **** * Global Variables:
 166:Generated_Source\PSoC5/Debug_UART_PM.c **** *  Debug_UART_backup - used when non-retention registers are restored.
 167:Generated_Source\PSoC5/Debug_UART_PM.c **** *
 168:Generated_Source\PSoC5/Debug_UART_PM.c **** * Reentrant:
 169:Generated_Source\PSoC5/Debug_UART_PM.c **** *  No.
 170:Generated_Source\PSoC5/Debug_UART_PM.c **** *
 171:Generated_Source\PSoC5/Debug_UART_PM.c **** *******************************************************************************/
 172:Generated_Source\PSoC5/Debug_UART_PM.c **** void Debug_UART_Wakeup(void)
 173:Generated_Source\PSoC5/Debug_UART_PM.c **** {
 143              		.loc 1 173 0
 144              		.cfi_startproc
 145              		@ args = 0, pretend = 0, frame = 0
 146              		@ frame_needed = 1, uses_anonymous_args = 0
 147 0000 80B5     		push	{r7, lr}
 148              		.cfi_def_cfa_offset 8
 149              		.cfi_offset 7, -8
 150              		.cfi_offset 14, -4
 151 0002 00AF     		add	r7, sp, #0
 152              		.cfi_def_cfa_register 7
 174:Generated_Source\PSoC5/Debug_UART_PM.c ****     Debug_UART_RestoreConfig();
 153              		.loc 1 174 0
 154 0004 FFF7FEFF 		bl	Debug_UART_RestoreConfig
 175:Generated_Source\PSoC5/Debug_UART_PM.c ****     #if( (Debug_UART_RX_ENABLED) || (Debug_UART_HD_ENABLED) )
 176:Generated_Source\PSoC5/Debug_UART_PM.c ****         Debug_UART_ClearRxBuffer();
 177:Generated_Source\PSoC5/Debug_UART_PM.c ****     #endif /* End (Debug_UART_RX_ENABLED) || (Debug_UART_HD_ENABLED) */
 178:Generated_Source\PSoC5/Debug_UART_PM.c ****     #if(Debug_UART_TX_ENABLED || Debug_UART_HD_ENABLED)
 179:Generated_Source\PSoC5/Debug_UART_PM.c ****         Debug_UART_ClearTxBuffer();
 155              		.loc 1 179 0
 156 0008 FFF7FEFF 		bl	Debug_UART_ClearTxBuffer
 180:Generated_Source\PSoC5/Debug_UART_PM.c ****     #endif /* End Debug_UART_TX_ENABLED || Debug_UART_HD_ENABLED */
 181:Generated_Source\PSoC5/Debug_UART_PM.c **** 
 182:Generated_Source\PSoC5/Debug_UART_PM.c ****     if(Debug_UART_backup.enableState != 0u)
 157              		.loc 1 182 0
 158 000c 034B     		ldr	r3, .L11
 159 000e 1B78     		ldrb	r3, [r3]	@ zero_extendqisi2
 160 0010 002B     		cmp	r3, #0
ARM GAS  C:\Users\dantz\AppData\Local\Temp\ccgIUsQg.s 			page 7


 161 0012 01D0     		beq	.L10
 183:Generated_Source\PSoC5/Debug_UART_PM.c ****     {
 184:Generated_Source\PSoC5/Debug_UART_PM.c ****         Debug_UART_Enable();
 162              		.loc 1 184 0
 163 0014 FFF7FEFF 		bl	Debug_UART_Enable
 164              	.L10:
 185:Generated_Source\PSoC5/Debug_UART_PM.c ****     }
 186:Generated_Source\PSoC5/Debug_UART_PM.c **** }
 165              		.loc 1 186 0
 166 0018 00BF     		nop
 167 001a 80BD     		pop	{r7, pc}
 168              	.L12:
 169              		.align	2
 170              	.L11:
 171 001c 00000000 		.word	Debug_UART_backup
 172              		.cfi_endproc
 173              	.LFE3:
 174              		.size	Debug_UART_Wakeup, .-Debug_UART_Wakeup
 175              		.text
 176              	.Letext0:
 177              		.file 2 "Generated_Source\\PSoC5\\cytypes.h"
 178              		.file 3 "Generated_Source\\PSoC5\\Debug_UART.h"
 179              		.section	.debug_info,"",%progbits
 180              	.Ldebug_info0:
 181 0000 21010000 		.4byte	0x121
 182 0004 0400     		.2byte	0x4
 183 0006 00000000 		.4byte	.Ldebug_abbrev0
 184 000a 04       		.byte	0x4
 185 000b 01       		.uleb128 0x1
 186 000c 98000000 		.4byte	.LASF21
 187 0010 0C       		.byte	0xc
 188 0011 20020000 		.4byte	.LASF22
 189 0015 B3010000 		.4byte	.LASF23
 190 0019 00000000 		.4byte	.Ldebug_ranges0+0
 191 001d 00000000 		.4byte	0
 192 0021 00000000 		.4byte	.Ldebug_line0
 193 0025 02       		.uleb128 0x2
 194 0026 01       		.byte	0x1
 195 0027 06       		.byte	0x6
 196 0028 78010000 		.4byte	.LASF0
 197 002c 02       		.uleb128 0x2
 198 002d 01       		.byte	0x1
 199 002e 08       		.byte	0x8
 200 002f 26010000 		.4byte	.LASF1
 201 0033 02       		.uleb128 0x2
 202 0034 02       		.byte	0x2
 203 0035 05       		.byte	0x5
 204 0036 54010000 		.4byte	.LASF2
 205 003a 02       		.uleb128 0x2
 206 003b 02       		.byte	0x2
 207 003c 07       		.byte	0x7
 208 003d 65010000 		.4byte	.LASF3
 209 0041 02       		.uleb128 0x2
 210 0042 04       		.byte	0x4
 211 0043 05       		.byte	0x5
 212 0044 39010000 		.4byte	.LASF4
 213 0048 02       		.uleb128 0x2
ARM GAS  C:\Users\dantz\AppData\Local\Temp\ccgIUsQg.s 			page 8


 214 0049 04       		.byte	0x4
 215 004a 07       		.byte	0x7
 216 004b 3F000000 		.4byte	.LASF5
 217 004f 02       		.uleb128 0x2
 218 0050 08       		.byte	0x8
 219 0051 05       		.byte	0x5
 220 0052 00000000 		.4byte	.LASF6
 221 0056 02       		.uleb128 0x2
 222 0057 08       		.byte	0x8
 223 0058 07       		.byte	0x7
 224 0059 51000000 		.4byte	.LASF7
 225 005d 03       		.uleb128 0x3
 226 005e 04       		.byte	0x4
 227 005f 05       		.byte	0x5
 228 0060 696E7400 		.ascii	"int\000"
 229 0064 02       		.uleb128 0x2
 230 0065 04       		.byte	0x4
 231 0066 07       		.byte	0x7
 232 0067 1A000000 		.4byte	.LASF8
 233 006b 04       		.uleb128 0x4
 234 006c 39000000 		.4byte	.LASF12
 235 0070 02       		.byte	0x2
 236 0071 9201     		.2byte	0x192
 237 0073 2C000000 		.4byte	0x2c
 238 0077 02       		.uleb128 0x2
 239 0078 04       		.byte	0x4
 240 0079 04       		.byte	0x4
 241 007a 68000000 		.4byte	.LASF9
 242 007e 02       		.uleb128 0x2
 243 007f 08       		.byte	0x8
 244 0080 04       		.byte	0x4
 245 0081 5E010000 		.4byte	.LASF10
 246 0085 02       		.uleb128 0x2
 247 0086 01       		.byte	0x1
 248 0087 08       		.byte	0x8
 249 0088 34010000 		.4byte	.LASF11
 250 008c 04       		.uleb128 0x4
 251 008d 12020000 		.4byte	.LASF13
 252 0091 02       		.byte	0x2
 253 0092 3C02     		.2byte	0x23c
 254 0094 98000000 		.4byte	0x98
 255 0098 05       		.uleb128 0x5
 256 0099 6B000000 		.4byte	0x6b
 257 009d 02       		.uleb128 0x2
 258 009e 08       		.byte	0x8
 259 009f 04       		.byte	0x4
 260 00a0 ED010000 		.4byte	.LASF14
 261 00a4 02       		.uleb128 0x2
 262 00a5 04       		.byte	0x4
 263 00a6 07       		.byte	0x7
 264 00a7 17020000 		.4byte	.LASF15
 265 00ab 06       		.uleb128 0x6
 266 00ac 7F000000 		.4byte	.LASF24
 267 00b0 01       		.byte	0x1
 268 00b1 03       		.byte	0x3
 269 00b2 45       		.byte	0x45
 270 00b3 C4000000 		.4byte	0xc4
ARM GAS  C:\Users\dantz\AppData\Local\Temp\ccgIUsQg.s 			page 9


 271 00b7 07       		.uleb128 0x7
 272 00b8 0E000000 		.4byte	.LASF25
 273 00bc 03       		.byte	0x3
 274 00bd 47       		.byte	0x47
 275 00be 6B000000 		.4byte	0x6b
 276 00c2 00       		.byte	0
 277 00c3 00       		.byte	0
 278 00c4 08       		.uleb128 0x8
 279 00c5 F9010000 		.4byte	.LASF16
 280 00c9 03       		.byte	0x3
 281 00ca 4D       		.byte	0x4d
 282 00cb AB000000 		.4byte	0xab
 283 00cf 09       		.uleb128 0x9
 284 00d0 9D010000 		.4byte	.LASF17
 285 00d4 01       		.byte	0x1
 286 00d5 36       		.byte	0x36
 287 00d6 00000000 		.4byte	.LFB0
 288 00da 0C000000 		.4byte	.LFE0-.LFB0
 289 00de 01       		.uleb128 0x1
 290 00df 9C       		.byte	0x9c
 291 00e0 09       		.uleb128 0x9
 292 00e1 84010000 		.4byte	.LASF18
 293 00e5 01       		.byte	0x1
 294 00e6 57       		.byte	0x57
 295 00e7 00000000 		.4byte	.LFB1
 296 00eb 0C000000 		.4byte	.LFE1-.LFB1
 297 00ef 01       		.uleb128 0x1
 298 00f0 9C       		.byte	0x9c
 299 00f1 0A       		.uleb128 0xa
 300 00f2 6E000000 		.4byte	.LASF19
 301 00f6 01       		.byte	0x1
 302 00f7 78       		.byte	0x78
 303 00f8 00000000 		.4byte	.LFB2
 304 00fc 34000000 		.4byte	.LFE2-.LFB2
 305 0100 01       		.uleb128 0x1
 306 0101 9C       		.byte	0x9c
 307 0102 0A       		.uleb128 0xa
 308 0103 27000000 		.4byte	.LASF20
 309 0107 01       		.byte	0x1
 310 0108 AC       		.byte	0xac
 311 0109 00000000 		.4byte	.LFB3
 312 010d 20000000 		.4byte	.LFE3-.LFB3
 313 0111 01       		.uleb128 0x1
 314 0112 9C       		.byte	0x9c
 315 0113 0B       		.uleb128 0xb
 316 0114 42010000 		.4byte	.LASF26
 317 0118 01       		.byte	0x1
 318 0119 18       		.byte	0x18
 319 011a C4000000 		.4byte	0xc4
 320 011e 05       		.uleb128 0x5
 321 011f 03       		.byte	0x3
 322 0120 00000000 		.4byte	Debug_UART_backup
 323 0124 00       		.byte	0
 324              		.section	.debug_abbrev,"",%progbits
 325              	.Ldebug_abbrev0:
 326 0000 01       		.uleb128 0x1
 327 0001 11       		.uleb128 0x11
ARM GAS  C:\Users\dantz\AppData\Local\Temp\ccgIUsQg.s 			page 10


 328 0002 01       		.byte	0x1
 329 0003 25       		.uleb128 0x25
 330 0004 0E       		.uleb128 0xe
 331 0005 13       		.uleb128 0x13
 332 0006 0B       		.uleb128 0xb
 333 0007 03       		.uleb128 0x3
 334 0008 0E       		.uleb128 0xe
 335 0009 1B       		.uleb128 0x1b
 336 000a 0E       		.uleb128 0xe
 337 000b 55       		.uleb128 0x55
 338 000c 17       		.uleb128 0x17
 339 000d 11       		.uleb128 0x11
 340 000e 01       		.uleb128 0x1
 341 000f 10       		.uleb128 0x10
 342 0010 17       		.uleb128 0x17
 343 0011 00       		.byte	0
 344 0012 00       		.byte	0
 345 0013 02       		.uleb128 0x2
 346 0014 24       		.uleb128 0x24
 347 0015 00       		.byte	0
 348 0016 0B       		.uleb128 0xb
 349 0017 0B       		.uleb128 0xb
 350 0018 3E       		.uleb128 0x3e
 351 0019 0B       		.uleb128 0xb
 352 001a 03       		.uleb128 0x3
 353 001b 0E       		.uleb128 0xe
 354 001c 00       		.byte	0
 355 001d 00       		.byte	0
 356 001e 03       		.uleb128 0x3
 357 001f 24       		.uleb128 0x24
 358 0020 00       		.byte	0
 359 0021 0B       		.uleb128 0xb
 360 0022 0B       		.uleb128 0xb
 361 0023 3E       		.uleb128 0x3e
 362 0024 0B       		.uleb128 0xb
 363 0025 03       		.uleb128 0x3
 364 0026 08       		.uleb128 0x8
 365 0027 00       		.byte	0
 366 0028 00       		.byte	0
 367 0029 04       		.uleb128 0x4
 368 002a 16       		.uleb128 0x16
 369 002b 00       		.byte	0
 370 002c 03       		.uleb128 0x3
 371 002d 0E       		.uleb128 0xe
 372 002e 3A       		.uleb128 0x3a
 373 002f 0B       		.uleb128 0xb
 374 0030 3B       		.uleb128 0x3b
 375 0031 05       		.uleb128 0x5
 376 0032 49       		.uleb128 0x49
 377 0033 13       		.uleb128 0x13
 378 0034 00       		.byte	0
 379 0035 00       		.byte	0
 380 0036 05       		.uleb128 0x5
 381 0037 35       		.uleb128 0x35
 382 0038 00       		.byte	0
 383 0039 49       		.uleb128 0x49
 384 003a 13       		.uleb128 0x13
ARM GAS  C:\Users\dantz\AppData\Local\Temp\ccgIUsQg.s 			page 11


 385 003b 00       		.byte	0
 386 003c 00       		.byte	0
 387 003d 06       		.uleb128 0x6
 388 003e 13       		.uleb128 0x13
 389 003f 01       		.byte	0x1
 390 0040 03       		.uleb128 0x3
 391 0041 0E       		.uleb128 0xe
 392 0042 0B       		.uleb128 0xb
 393 0043 0B       		.uleb128 0xb
 394 0044 3A       		.uleb128 0x3a
 395 0045 0B       		.uleb128 0xb
 396 0046 3B       		.uleb128 0x3b
 397 0047 0B       		.uleb128 0xb
 398 0048 01       		.uleb128 0x1
 399 0049 13       		.uleb128 0x13
 400 004a 00       		.byte	0
 401 004b 00       		.byte	0
 402 004c 07       		.uleb128 0x7
 403 004d 0D       		.uleb128 0xd
 404 004e 00       		.byte	0
 405 004f 03       		.uleb128 0x3
 406 0050 0E       		.uleb128 0xe
 407 0051 3A       		.uleb128 0x3a
 408 0052 0B       		.uleb128 0xb
 409 0053 3B       		.uleb128 0x3b
 410 0054 0B       		.uleb128 0xb
 411 0055 49       		.uleb128 0x49
 412 0056 13       		.uleb128 0x13
 413 0057 38       		.uleb128 0x38
 414 0058 0B       		.uleb128 0xb
 415 0059 00       		.byte	0
 416 005a 00       		.byte	0
 417 005b 08       		.uleb128 0x8
 418 005c 16       		.uleb128 0x16
 419 005d 00       		.byte	0
 420 005e 03       		.uleb128 0x3
 421 005f 0E       		.uleb128 0xe
 422 0060 3A       		.uleb128 0x3a
 423 0061 0B       		.uleb128 0xb
 424 0062 3B       		.uleb128 0x3b
 425 0063 0B       		.uleb128 0xb
 426 0064 49       		.uleb128 0x49
 427 0065 13       		.uleb128 0x13
 428 0066 00       		.byte	0
 429 0067 00       		.byte	0
 430 0068 09       		.uleb128 0x9
 431 0069 2E       		.uleb128 0x2e
 432 006a 00       		.byte	0
 433 006b 3F       		.uleb128 0x3f
 434 006c 19       		.uleb128 0x19
 435 006d 03       		.uleb128 0x3
 436 006e 0E       		.uleb128 0xe
 437 006f 3A       		.uleb128 0x3a
 438 0070 0B       		.uleb128 0xb
 439 0071 3B       		.uleb128 0x3b
 440 0072 0B       		.uleb128 0xb
 441 0073 27       		.uleb128 0x27
ARM GAS  C:\Users\dantz\AppData\Local\Temp\ccgIUsQg.s 			page 12


 442 0074 19       		.uleb128 0x19
 443 0075 11       		.uleb128 0x11
 444 0076 01       		.uleb128 0x1
 445 0077 12       		.uleb128 0x12
 446 0078 06       		.uleb128 0x6
 447 0079 40       		.uleb128 0x40
 448 007a 18       		.uleb128 0x18
 449 007b 9742     		.uleb128 0x2117
 450 007d 19       		.uleb128 0x19
 451 007e 00       		.byte	0
 452 007f 00       		.byte	0
 453 0080 0A       		.uleb128 0xa
 454 0081 2E       		.uleb128 0x2e
 455 0082 00       		.byte	0
 456 0083 3F       		.uleb128 0x3f
 457 0084 19       		.uleb128 0x19
 458 0085 03       		.uleb128 0x3
 459 0086 0E       		.uleb128 0xe
 460 0087 3A       		.uleb128 0x3a
 461 0088 0B       		.uleb128 0xb
 462 0089 3B       		.uleb128 0x3b
 463 008a 0B       		.uleb128 0xb
 464 008b 27       		.uleb128 0x27
 465 008c 19       		.uleb128 0x19
 466 008d 11       		.uleb128 0x11
 467 008e 01       		.uleb128 0x1
 468 008f 12       		.uleb128 0x12
 469 0090 06       		.uleb128 0x6
 470 0091 40       		.uleb128 0x40
 471 0092 18       		.uleb128 0x18
 472 0093 9642     		.uleb128 0x2116
 473 0095 19       		.uleb128 0x19
 474 0096 00       		.byte	0
 475 0097 00       		.byte	0
 476 0098 0B       		.uleb128 0xb
 477 0099 34       		.uleb128 0x34
 478 009a 00       		.byte	0
 479 009b 03       		.uleb128 0x3
 480 009c 0E       		.uleb128 0xe
 481 009d 3A       		.uleb128 0x3a
 482 009e 0B       		.uleb128 0xb
 483 009f 3B       		.uleb128 0x3b
 484 00a0 0B       		.uleb128 0xb
 485 00a1 49       		.uleb128 0x49
 486 00a2 13       		.uleb128 0x13
 487 00a3 02       		.uleb128 0x2
 488 00a4 18       		.uleb128 0x18
 489 00a5 00       		.byte	0
 490 00a6 00       		.byte	0
 491 00a7 00       		.byte	0
 492              		.section	.debug_aranges,"",%progbits
 493 0000 34000000 		.4byte	0x34
 494 0004 0200     		.2byte	0x2
 495 0006 00000000 		.4byte	.Ldebug_info0
 496 000a 04       		.byte	0x4
 497 000b 00       		.byte	0
 498 000c 0000     		.2byte	0
ARM GAS  C:\Users\dantz\AppData\Local\Temp\ccgIUsQg.s 			page 13


 499 000e 0000     		.2byte	0
 500 0010 00000000 		.4byte	.LFB0
 501 0014 0C000000 		.4byte	.LFE0-.LFB0
 502 0018 00000000 		.4byte	.LFB1
 503 001c 0C000000 		.4byte	.LFE1-.LFB1
 504 0020 00000000 		.4byte	.LFB2
 505 0024 34000000 		.4byte	.LFE2-.LFB2
 506 0028 00000000 		.4byte	.LFB3
 507 002c 20000000 		.4byte	.LFE3-.LFB3
 508 0030 00000000 		.4byte	0
 509 0034 00000000 		.4byte	0
 510              		.section	.debug_ranges,"",%progbits
 511              	.Ldebug_ranges0:
 512 0000 00000000 		.4byte	.LFB0
 513 0004 0C000000 		.4byte	.LFE0
 514 0008 00000000 		.4byte	.LFB1
 515 000c 0C000000 		.4byte	.LFE1
 516 0010 00000000 		.4byte	.LFB2
 517 0014 34000000 		.4byte	.LFE2
 518 0018 00000000 		.4byte	.LFB3
 519 001c 20000000 		.4byte	.LFE3
 520 0020 00000000 		.4byte	0
 521 0024 00000000 		.4byte	0
 522              		.section	.debug_line,"",%progbits
 523              	.Ldebug_line0:
 524 0000 AE000000 		.section	.debug_str,"MS",%progbits,1
 524      02005A00 
 524      00000201 
 524      FB0E0D00 
 524      01010101 
 525              	.LASF6:
 526 0000 6C6F6E67 		.ascii	"long long int\000"
 526      206C6F6E 
 526      6720696E 
 526      7400
 527              	.LASF25:
 528 000e 656E6162 		.ascii	"enableState\000"
 528      6C655374 
 528      61746500 
 529              	.LASF8:
 530 001a 756E7369 		.ascii	"unsigned int\000"
 530      676E6564 
 530      20696E74 
 530      00
 531              	.LASF20:
 532 0027 44656275 		.ascii	"Debug_UART_Wakeup\000"
 532      675F5541 
 532      52545F57 
 532      616B6575 
 532      7000
 533              	.LASF12:
 534 0039 75696E74 		.ascii	"uint8\000"
 534      3800
 535              	.LASF5:
 536 003f 6C6F6E67 		.ascii	"long unsigned int\000"
 536      20756E73 
 536      69676E65 
ARM GAS  C:\Users\dantz\AppData\Local\Temp\ccgIUsQg.s 			page 14


 536      6420696E 
 536      7400
 537              	.LASF7:
 538 0051 6C6F6E67 		.ascii	"long long unsigned int\000"
 538      206C6F6E 
 538      6720756E 
 538      7369676E 
 538      65642069 
 539              	.LASF9:
 540 0068 666C6F61 		.ascii	"float\000"
 540      7400
 541              	.LASF19:
 542 006e 44656275 		.ascii	"Debug_UART_Sleep\000"
 542      675F5541 
 542      52545F53 
 542      6C656570 
 542      00
 543              	.LASF24:
 544 007f 44656275 		.ascii	"Debug_UART_backupStruct_\000"
 544      675F5541 
 544      52545F62 
 544      61636B75 
 544      70537472 
 545              	.LASF21:
 546 0098 474E5520 		.ascii	"GNU C11 5.4.1 20160609 (release) [ARM/embedded-5-br"
 546      43313120 
 546      352E342E 
 546      31203230 
 546      31363036 
 547 00cb 616E6368 		.ascii	"anch revision 237715] -mcpu=cortex-m3 -mthumb -g -O"
 547      20726576 
 547      6973696F 
 547      6E203233 
 547      37373135 
 548 00fe 30202D66 		.ascii	"0 -ffunction-sections -ffat-lto-objects\000"
 548      66756E63 
 548      74696F6E 
 548      2D736563 
 548      74696F6E 
 549              	.LASF1:
 550 0126 756E7369 		.ascii	"unsigned char\000"
 550      676E6564 
 550      20636861 
 550      7200
 551              	.LASF11:
 552 0134 63686172 		.ascii	"char\000"
 552      00
 553              	.LASF4:
 554 0139 6C6F6E67 		.ascii	"long int\000"
 554      20696E74 
 554      00
 555              	.LASF26:
 556 0142 44656275 		.ascii	"Debug_UART_backup\000"
 556      675F5541 
 556      52545F62 
 556      61636B75 
 556      7000
ARM GAS  C:\Users\dantz\AppData\Local\Temp\ccgIUsQg.s 			page 15


 557              	.LASF2:
 558 0154 73686F72 		.ascii	"short int\000"
 558      7420696E 
 558      7400
 559              	.LASF10:
 560 015e 646F7562 		.ascii	"double\000"
 560      6C6500
 561              	.LASF3:
 562 0165 73686F72 		.ascii	"short unsigned int\000"
 562      7420756E 
 562      7369676E 
 562      65642069 
 562      6E7400
 563              	.LASF0:
 564 0178 7369676E 		.ascii	"signed char\000"
 564      65642063 
 564      68617200 
 565              	.LASF18:
 566 0184 44656275 		.ascii	"Debug_UART_RestoreConfig\000"
 566      675F5541 
 566      52545F52 
 566      6573746F 
 566      7265436F 
 567              	.LASF17:
 568 019d 44656275 		.ascii	"Debug_UART_SaveConfig\000"
 568      675F5541 
 568      52545F53 
 568      61766543 
 568      6F6E6669 
 569              	.LASF23:
 570 01b3 433A5C55 		.ascii	"C:\\Users\\dantz\\Documents\\notoriOS\\notoriOS\\no"
 570      73657273 
 570      5C64616E 
 570      747A5C44 
 570      6F63756D 
 571 01e0 746F7269 		.ascii	"toriOS.cydsn\000"
 571      4F532E63 
 571      7964736E 
 571      00
 572              	.LASF14:
 573 01ed 6C6F6E67 		.ascii	"long double\000"
 573      20646F75 
 573      626C6500 
 574              	.LASF16:
 575 01f9 44656275 		.ascii	"Debug_UART_BACKUP_STRUCT\000"
 575      675F5541 
 575      52545F42 
 575      41434B55 
 575      505F5354 
 576              	.LASF13:
 577 0212 72656738 		.ascii	"reg8\000"
 577      00
 578              	.LASF15:
 579 0217 73697A65 		.ascii	"sizetype\000"
 579      74797065 
 579      00
 580              	.LASF22:
ARM GAS  C:\Users\dantz\AppData\Local\Temp\ccgIUsQg.s 			page 16


 581 0220 47656E65 		.ascii	"Generated_Source\\PSoC5\\Debug_UART_PM.c\000"
 581      72617465 
 581      645F536F 
 581      75726365 
 581      5C50536F 
 582              		.ident	"GCC: (GNU Tools for ARM Embedded Processors) 5.4.1 20160609 (release) [ARM/embedded-5-bran
