ARM GAS  C:\Users\dantz\AppData\Local\Temp\ccMDqIau.s 			page 1


   1              		.syntax unified
   2              		.cpu cortex-m3
   3              		.fpu softvfp
   4              		.eabi_attribute 20, 1
   5              		.eabi_attribute 21, 1
   6              		.eabi_attribute 23, 3
   7              		.eabi_attribute 24, 1
   8              		.eabi_attribute 25, 1
   9              		.eabi_attribute 26, 1
  10              		.eabi_attribute 30, 6
  11              		.eabi_attribute 34, 1
  12              		.eabi_attribute 18, 4
  13              		.thumb
  14              		.syntax unified
  15              		.file	"emFile_mosi0.c"
  16              		.text
  17              	.Ltext0:
  18              		.cfi_sections	.debug_frame
  19              		.section	.text.emFile_mosi0_Write,"ax",%progbits
  20              		.align	2
  21              		.global	emFile_mosi0_Write
  22              		.thumb
  23              		.thumb_func
  24              		.type	emFile_mosi0_Write, %function
  25              	emFile_mosi0_Write:
  26              	.LFB0:
  27              		.file 1 "Generated_Source\\PSoC5\\emFile_mosi0.c"
   1:Generated_Source\PSoC5/emFile_mosi0.c **** /*******************************************************************************
   2:Generated_Source\PSoC5/emFile_mosi0.c **** * File Name: emFile_mosi0.c  
   3:Generated_Source\PSoC5/emFile_mosi0.c **** * Version 2.0
   4:Generated_Source\PSoC5/emFile_mosi0.c **** *
   5:Generated_Source\PSoC5/emFile_mosi0.c **** * Description:
   6:Generated_Source\PSoC5/emFile_mosi0.c **** *  This file contains API to enable firmware control of a Pins component.
   7:Generated_Source\PSoC5/emFile_mosi0.c **** *
   8:Generated_Source\PSoC5/emFile_mosi0.c **** * Note:
   9:Generated_Source\PSoC5/emFile_mosi0.c **** *
  10:Generated_Source\PSoC5/emFile_mosi0.c **** ********************************************************************************
  11:Generated_Source\PSoC5/emFile_mosi0.c **** * Copyright 2008-2014, Cypress Semiconductor Corporation.  All rights reserved.
  12:Generated_Source\PSoC5/emFile_mosi0.c **** * You may use this file only in accordance with the license, terms, conditions, 
  13:Generated_Source\PSoC5/emFile_mosi0.c **** * disclaimers, and limitations in the end user license agreement accompanying 
  14:Generated_Source\PSoC5/emFile_mosi0.c **** * the software package with which this file was provided.
  15:Generated_Source\PSoC5/emFile_mosi0.c **** *******************************************************************************/
  16:Generated_Source\PSoC5/emFile_mosi0.c **** 
  17:Generated_Source\PSoC5/emFile_mosi0.c **** #include "cytypes.h"
  18:Generated_Source\PSoC5/emFile_mosi0.c **** #include "emFile_mosi0.h"
  19:Generated_Source\PSoC5/emFile_mosi0.c **** 
  20:Generated_Source\PSoC5/emFile_mosi0.c **** /* APIs are not generated for P15[7:6] on PSoC 5 */
  21:Generated_Source\PSoC5/emFile_mosi0.c **** #if !(CY_PSOC5A &&\
  22:Generated_Source\PSoC5/emFile_mosi0.c **** 	 emFile_mosi0__PORT == 15 && ((emFile_mosi0__MASK & 0xC0) != 0))
  23:Generated_Source\PSoC5/emFile_mosi0.c **** 
  24:Generated_Source\PSoC5/emFile_mosi0.c **** 
  25:Generated_Source\PSoC5/emFile_mosi0.c **** /*******************************************************************************
  26:Generated_Source\PSoC5/emFile_mosi0.c **** * Function Name: emFile_mosi0_Write
  27:Generated_Source\PSoC5/emFile_mosi0.c **** ********************************************************************************
  28:Generated_Source\PSoC5/emFile_mosi0.c **** *
  29:Generated_Source\PSoC5/emFile_mosi0.c **** * Summary:
  30:Generated_Source\PSoC5/emFile_mosi0.c **** *  Assign a new value to the digital port's data output register.  
ARM GAS  C:\Users\dantz\AppData\Local\Temp\ccMDqIau.s 			page 2


  31:Generated_Source\PSoC5/emFile_mosi0.c **** *
  32:Generated_Source\PSoC5/emFile_mosi0.c **** * Parameters:  
  33:Generated_Source\PSoC5/emFile_mosi0.c **** *  prtValue:  The value to be assigned to the Digital Port. 
  34:Generated_Source\PSoC5/emFile_mosi0.c **** *
  35:Generated_Source\PSoC5/emFile_mosi0.c **** * Return: 
  36:Generated_Source\PSoC5/emFile_mosi0.c **** *  None
  37:Generated_Source\PSoC5/emFile_mosi0.c **** *  
  38:Generated_Source\PSoC5/emFile_mosi0.c **** *******************************************************************************/
  39:Generated_Source\PSoC5/emFile_mosi0.c **** void emFile_mosi0_Write(uint8 value) 
  40:Generated_Source\PSoC5/emFile_mosi0.c **** {
  28              		.loc 1 40 0
  29              		.cfi_startproc
  30              		@ args = 0, pretend = 0, frame = 16
  31              		@ frame_needed = 1, uses_anonymous_args = 0
  32              		@ link register save eliminated.
  33 0000 80B4     		push	{r7}
  34              		.cfi_def_cfa_offset 4
  35              		.cfi_offset 7, -4
  36 0002 85B0     		sub	sp, sp, #20
  37              		.cfi_def_cfa_offset 24
  38 0004 00AF     		add	r7, sp, #0
  39              		.cfi_def_cfa_register 7
  40 0006 0346     		mov	r3, r0
  41 0008 FB71     		strb	r3, [r7, #7]
  41:Generated_Source\PSoC5/emFile_mosi0.c ****     uint8 staticBits = (emFile_mosi0_DR & (uint8)(~emFile_mosi0_MASK));
  42              		.loc 1 41 0
  43 000a 0A4B     		ldr	r3, .L2
  44 000c 1B78     		ldrb	r3, [r3]
  45 000e DBB2     		uxtb	r3, r3
  46 0010 23F00103 		bic	r3, r3, #1
  47 0014 FB73     		strb	r3, [r7, #15]
  42:Generated_Source\PSoC5/emFile_mosi0.c ****     emFile_mosi0_DR = staticBits | ((uint8)(value << emFile_mosi0_SHIFT) & emFile_mosi0_MASK);
  48              		.loc 1 42 0
  49 0016 0749     		ldr	r1, .L2
  50 0018 FB79     		ldrb	r3, [r7, #7]
  51 001a 03F00103 		and	r3, r3, #1
  52 001e DAB2     		uxtb	r2, r3
  53 0020 FB7B     		ldrb	r3, [r7, #15]
  54 0022 1343     		orrs	r3, r3, r2
  55 0024 DBB2     		uxtb	r3, r3
  56 0026 0B70     		strb	r3, [r1]
  43:Generated_Source\PSoC5/emFile_mosi0.c **** }
  57              		.loc 1 43 0
  58 0028 00BF     		nop
  59 002a 1437     		adds	r7, r7, #20
  60              		.cfi_def_cfa_offset 4
  61 002c BD46     		mov	sp, r7
  62              		.cfi_def_cfa_register 13
  63              		@ sp needed
  64 002e 80BC     		pop	{r7}
  65              		.cfi_restore 7
  66              		.cfi_def_cfa_offset 0
  67 0030 7047     		bx	lr
  68              	.L3:
  69 0032 00BF     		.align	2
  70              	.L2:
  71 0034 30510040 		.word	1073762608
ARM GAS  C:\Users\dantz\AppData\Local\Temp\ccMDqIau.s 			page 3


  72              		.cfi_endproc
  73              	.LFE0:
  74              		.size	emFile_mosi0_Write, .-emFile_mosi0_Write
  75              		.section	.text.emFile_mosi0_SetDriveMode,"ax",%progbits
  76              		.align	2
  77              		.global	emFile_mosi0_SetDriveMode
  78              		.thumb
  79              		.thumb_func
  80              		.type	emFile_mosi0_SetDriveMode, %function
  81              	emFile_mosi0_SetDriveMode:
  82              	.LFB1:
  44:Generated_Source\PSoC5/emFile_mosi0.c **** 
  45:Generated_Source\PSoC5/emFile_mosi0.c **** 
  46:Generated_Source\PSoC5/emFile_mosi0.c **** /*******************************************************************************
  47:Generated_Source\PSoC5/emFile_mosi0.c **** * Function Name: emFile_mosi0_SetDriveMode
  48:Generated_Source\PSoC5/emFile_mosi0.c **** ********************************************************************************
  49:Generated_Source\PSoC5/emFile_mosi0.c **** *
  50:Generated_Source\PSoC5/emFile_mosi0.c **** * Summary:
  51:Generated_Source\PSoC5/emFile_mosi0.c **** *  Change the drive mode on the pins of the port.
  52:Generated_Source\PSoC5/emFile_mosi0.c **** * 
  53:Generated_Source\PSoC5/emFile_mosi0.c **** * Parameters:  
  54:Generated_Source\PSoC5/emFile_mosi0.c **** *  mode:  Change the pins to one of the following drive modes.
  55:Generated_Source\PSoC5/emFile_mosi0.c **** *
  56:Generated_Source\PSoC5/emFile_mosi0.c **** *  emFile_mosi0_DM_STRONG     Strong Drive 
  57:Generated_Source\PSoC5/emFile_mosi0.c **** *  emFile_mosi0_DM_OD_HI      Open Drain, Drives High 
  58:Generated_Source\PSoC5/emFile_mosi0.c **** *  emFile_mosi0_DM_OD_LO      Open Drain, Drives Low 
  59:Generated_Source\PSoC5/emFile_mosi0.c **** *  emFile_mosi0_DM_RES_UP     Resistive Pull Up 
  60:Generated_Source\PSoC5/emFile_mosi0.c **** *  emFile_mosi0_DM_RES_DWN    Resistive Pull Down 
  61:Generated_Source\PSoC5/emFile_mosi0.c **** *  emFile_mosi0_DM_RES_UPDWN  Resistive Pull Up/Down 
  62:Generated_Source\PSoC5/emFile_mosi0.c **** *  emFile_mosi0_DM_DIG_HIZ    High Impedance Digital 
  63:Generated_Source\PSoC5/emFile_mosi0.c **** *  emFile_mosi0_DM_ALG_HIZ    High Impedance Analog 
  64:Generated_Source\PSoC5/emFile_mosi0.c **** *
  65:Generated_Source\PSoC5/emFile_mosi0.c **** * Return: 
  66:Generated_Source\PSoC5/emFile_mosi0.c **** *  None
  67:Generated_Source\PSoC5/emFile_mosi0.c **** *
  68:Generated_Source\PSoC5/emFile_mosi0.c **** *******************************************************************************/
  69:Generated_Source\PSoC5/emFile_mosi0.c **** void emFile_mosi0_SetDriveMode(uint8 mode) 
  70:Generated_Source\PSoC5/emFile_mosi0.c **** {
  83              		.loc 1 70 0
  84              		.cfi_startproc
  85              		@ args = 0, pretend = 0, frame = 8
  86              		@ frame_needed = 1, uses_anonymous_args = 0
  87              		@ link register save eliminated.
  88 0000 80B4     		push	{r7}
  89              		.cfi_def_cfa_offset 4
  90              		.cfi_offset 7, -4
  91 0002 83B0     		sub	sp, sp, #12
  92              		.cfi_def_cfa_offset 16
  93 0004 00AF     		add	r7, sp, #0
  94              		.cfi_def_cfa_register 7
  95 0006 0346     		mov	r3, r0
  96 0008 FB71     		strb	r3, [r7, #7]
  71:Generated_Source\PSoC5/emFile_mosi0.c **** 	CyPins_SetPinDriveMode(emFile_mosi0_0, mode);
  97              		.loc 1 71 0
  98 000a 0B49     		ldr	r1, .L5
  99 000c 0A4B     		ldr	r3, .L5
 100 000e 1B78     		ldrb	r3, [r3]
ARM GAS  C:\Users\dantz\AppData\Local\Temp\ccMDqIau.s 			page 4


 101 0010 DBB2     		uxtb	r3, r3
 102 0012 5BB2     		sxtb	r3, r3
 103 0014 23F00E03 		bic	r3, r3, #14
 104 0018 5AB2     		sxtb	r2, r3
 105 001a 97F90730 		ldrsb	r3, [r7, #7]
 106 001e 03F00E03 		and	r3, r3, #14
 107 0022 5BB2     		sxtb	r3, r3
 108 0024 1343     		orrs	r3, r3, r2
 109 0026 5BB2     		sxtb	r3, r3
 110 0028 DBB2     		uxtb	r3, r3
 111 002a 0B70     		strb	r3, [r1]
  72:Generated_Source\PSoC5/emFile_mosi0.c **** }
 112              		.loc 1 72 0
 113 002c 00BF     		nop
 114 002e 0C37     		adds	r7, r7, #12
 115              		.cfi_def_cfa_offset 4
 116 0030 BD46     		mov	sp, r7
 117              		.cfi_def_cfa_register 13
 118              		@ sp needed
 119 0032 80BC     		pop	{r7}
 120              		.cfi_restore 7
 121              		.cfi_def_cfa_offset 0
 122 0034 7047     		bx	lr
 123              	.L6:
 124 0036 00BF     		.align	2
 125              	.L5:
 126 0038 18500040 		.word	1073762328
 127              		.cfi_endproc
 128              	.LFE1:
 129              		.size	emFile_mosi0_SetDriveMode, .-emFile_mosi0_SetDriveMode
 130              		.section	.text.emFile_mosi0_Read,"ax",%progbits
 131              		.align	2
 132              		.global	emFile_mosi0_Read
 133              		.thumb
 134              		.thumb_func
 135              		.type	emFile_mosi0_Read, %function
 136              	emFile_mosi0_Read:
 137              	.LFB2:
  73:Generated_Source\PSoC5/emFile_mosi0.c **** 
  74:Generated_Source\PSoC5/emFile_mosi0.c **** 
  75:Generated_Source\PSoC5/emFile_mosi0.c **** /*******************************************************************************
  76:Generated_Source\PSoC5/emFile_mosi0.c **** * Function Name: emFile_mosi0_Read
  77:Generated_Source\PSoC5/emFile_mosi0.c **** ********************************************************************************
  78:Generated_Source\PSoC5/emFile_mosi0.c **** *
  79:Generated_Source\PSoC5/emFile_mosi0.c **** * Summary:
  80:Generated_Source\PSoC5/emFile_mosi0.c **** *  Read the current value on the pins of the Digital Port in right justified 
  81:Generated_Source\PSoC5/emFile_mosi0.c **** *  form.
  82:Generated_Source\PSoC5/emFile_mosi0.c **** *
  83:Generated_Source\PSoC5/emFile_mosi0.c **** * Parameters:  
  84:Generated_Source\PSoC5/emFile_mosi0.c **** *  None
  85:Generated_Source\PSoC5/emFile_mosi0.c **** *
  86:Generated_Source\PSoC5/emFile_mosi0.c **** * Return: 
  87:Generated_Source\PSoC5/emFile_mosi0.c **** *  Returns the current value of the Digital Port as a right justified number
  88:Generated_Source\PSoC5/emFile_mosi0.c **** *  
  89:Generated_Source\PSoC5/emFile_mosi0.c **** * Note:
  90:Generated_Source\PSoC5/emFile_mosi0.c **** *  Macro emFile_mosi0_ReadPS calls this function. 
  91:Generated_Source\PSoC5/emFile_mosi0.c **** *  
ARM GAS  C:\Users\dantz\AppData\Local\Temp\ccMDqIau.s 			page 5


  92:Generated_Source\PSoC5/emFile_mosi0.c **** *******************************************************************************/
  93:Generated_Source\PSoC5/emFile_mosi0.c **** uint8 emFile_mosi0_Read(void) 
  94:Generated_Source\PSoC5/emFile_mosi0.c **** {
 138              		.loc 1 94 0
 139              		.cfi_startproc
 140              		@ args = 0, pretend = 0, frame = 0
 141              		@ frame_needed = 1, uses_anonymous_args = 0
 142              		@ link register save eliminated.
 143 0000 80B4     		push	{r7}
 144              		.cfi_def_cfa_offset 4
 145              		.cfi_offset 7, -4
 146 0002 00AF     		add	r7, sp, #0
 147              		.cfi_def_cfa_register 7
  95:Generated_Source\PSoC5/emFile_mosi0.c ****     return (emFile_mosi0_PS & emFile_mosi0_MASK) >> emFile_mosi0_SHIFT;
 148              		.loc 1 95 0
 149 0004 044B     		ldr	r3, .L9
 150 0006 1B78     		ldrb	r3, [r3]
 151 0008 DBB2     		uxtb	r3, r3
 152 000a 03F00103 		and	r3, r3, #1
 153 000e DBB2     		uxtb	r3, r3
  96:Generated_Source\PSoC5/emFile_mosi0.c **** }
 154              		.loc 1 96 0
 155 0010 1846     		mov	r0, r3
 156 0012 BD46     		mov	sp, r7
 157              		.cfi_def_cfa_register 13
 158              		@ sp needed
 159 0014 80BC     		pop	{r7}
 160              		.cfi_restore 7
 161              		.cfi_def_cfa_offset 0
 162 0016 7047     		bx	lr
 163              	.L10:
 164              		.align	2
 165              	.L9:
 166 0018 31510040 		.word	1073762609
 167              		.cfi_endproc
 168              	.LFE2:
 169              		.size	emFile_mosi0_Read, .-emFile_mosi0_Read
 170              		.section	.text.emFile_mosi0_ReadDataReg,"ax",%progbits
 171              		.align	2
 172              		.global	emFile_mosi0_ReadDataReg
 173              		.thumb
 174              		.thumb_func
 175              		.type	emFile_mosi0_ReadDataReg, %function
 176              	emFile_mosi0_ReadDataReg:
 177              	.LFB3:
  97:Generated_Source\PSoC5/emFile_mosi0.c **** 
  98:Generated_Source\PSoC5/emFile_mosi0.c **** 
  99:Generated_Source\PSoC5/emFile_mosi0.c **** /*******************************************************************************
 100:Generated_Source\PSoC5/emFile_mosi0.c **** * Function Name: emFile_mosi0_ReadDataReg
 101:Generated_Source\PSoC5/emFile_mosi0.c **** ********************************************************************************
 102:Generated_Source\PSoC5/emFile_mosi0.c **** *
 103:Generated_Source\PSoC5/emFile_mosi0.c **** * Summary:
 104:Generated_Source\PSoC5/emFile_mosi0.c **** *  Read the current value assigned to a Digital Port's data output register
 105:Generated_Source\PSoC5/emFile_mosi0.c **** *
 106:Generated_Source\PSoC5/emFile_mosi0.c **** * Parameters:  
 107:Generated_Source\PSoC5/emFile_mosi0.c **** *  None 
 108:Generated_Source\PSoC5/emFile_mosi0.c **** *
ARM GAS  C:\Users\dantz\AppData\Local\Temp\ccMDqIau.s 			page 6


 109:Generated_Source\PSoC5/emFile_mosi0.c **** * Return: 
 110:Generated_Source\PSoC5/emFile_mosi0.c **** *  Returns the current value assigned to the Digital Port's data output register
 111:Generated_Source\PSoC5/emFile_mosi0.c **** *  
 112:Generated_Source\PSoC5/emFile_mosi0.c **** *******************************************************************************/
 113:Generated_Source\PSoC5/emFile_mosi0.c **** uint8 emFile_mosi0_ReadDataReg(void) 
 114:Generated_Source\PSoC5/emFile_mosi0.c **** {
 178              		.loc 1 114 0
 179              		.cfi_startproc
 180              		@ args = 0, pretend = 0, frame = 0
 181              		@ frame_needed = 1, uses_anonymous_args = 0
 182              		@ link register save eliminated.
 183 0000 80B4     		push	{r7}
 184              		.cfi_def_cfa_offset 4
 185              		.cfi_offset 7, -4
 186 0002 00AF     		add	r7, sp, #0
 187              		.cfi_def_cfa_register 7
 115:Generated_Source\PSoC5/emFile_mosi0.c ****     return (emFile_mosi0_DR & emFile_mosi0_MASK) >> emFile_mosi0_SHIFT;
 188              		.loc 1 115 0
 189 0004 044B     		ldr	r3, .L13
 190 0006 1B78     		ldrb	r3, [r3]
 191 0008 DBB2     		uxtb	r3, r3
 192 000a 03F00103 		and	r3, r3, #1
 193 000e DBB2     		uxtb	r3, r3
 116:Generated_Source\PSoC5/emFile_mosi0.c **** }
 194              		.loc 1 116 0
 195 0010 1846     		mov	r0, r3
 196 0012 BD46     		mov	sp, r7
 197              		.cfi_def_cfa_register 13
 198              		@ sp needed
 199 0014 80BC     		pop	{r7}
 200              		.cfi_restore 7
 201              		.cfi_def_cfa_offset 0
 202 0016 7047     		bx	lr
 203              	.L14:
 204              		.align	2
 205              	.L13:
 206 0018 30510040 		.word	1073762608
 207              		.cfi_endproc
 208              	.LFE3:
 209              		.size	emFile_mosi0_ReadDataReg, .-emFile_mosi0_ReadDataReg
 210              		.text
 211              	.Letext0:
 212              		.file 2 "Generated_Source\\PSoC5\\cytypes.h"
 213              		.section	.debug_info,"",%progbits
 214              	.Ldebug_info0:
 215 0000 1A010000 		.4byte	0x11a
 216 0004 0400     		.2byte	0x4
 217 0006 00000000 		.4byte	.Ldebug_abbrev0
 218 000a 04       		.byte	0x4
 219 000b 01       		.uleb128 0x1
 220 000c 00000000 		.4byte	.LASF20
 221 0010 0C       		.byte	0xc
 222 0011 C5000000 		.4byte	.LASF21
 223 0015 53010000 		.4byte	.LASF22
 224 0019 00000000 		.4byte	.Ldebug_ranges0+0
 225 001d 00000000 		.4byte	0
 226 0021 00000000 		.4byte	.Ldebug_line0
ARM GAS  C:\Users\dantz\AppData\Local\Temp\ccMDqIau.s 			page 7


 227 0025 02       		.uleb128 0x2
 228 0026 01       		.byte	0x1
 229 0027 06       		.byte	0x6
 230 0028 F1010000 		.4byte	.LASF0
 231 002c 02       		.uleb128 0x2
 232 002d 01       		.byte	0x1
 233 002e 08       		.byte	0x8
 234 002f B7000000 		.4byte	.LASF1
 235 0033 02       		.uleb128 0x2
 236 0034 02       		.byte	0x2
 237 0035 05       		.byte	0x5
 238 0036 BF010000 		.4byte	.LASF2
 239 003a 02       		.uleb128 0x2
 240 003b 02       		.byte	0x2
 241 003c 07       		.byte	0x7
 242 003d 15010000 		.4byte	.LASF3
 243 0041 02       		.uleb128 0x2
 244 0042 04       		.byte	0x4
 245 0043 05       		.byte	0x5
 246 0044 E8010000 		.4byte	.LASF4
 247 0048 02       		.uleb128 0x2
 248 0049 04       		.byte	0x4
 249 004a 07       		.byte	0x7
 250 004b 03010000 		.4byte	.LASF5
 251 004f 02       		.uleb128 0x2
 252 0050 08       		.byte	0x8
 253 0051 05       		.byte	0x5
 254 0052 AC010000 		.4byte	.LASF6
 255 0056 02       		.uleb128 0x2
 256 0057 08       		.byte	0x8
 257 0058 07       		.byte	0x7
 258 0059 3C010000 		.4byte	.LASF7
 259 005d 03       		.uleb128 0x3
 260 005e 04       		.byte	0x4
 261 005f 05       		.byte	0x5
 262 0060 696E7400 		.ascii	"int\000"
 263 0064 02       		.uleb128 0x2
 264 0065 04       		.byte	0x4
 265 0066 07       		.byte	0x7
 266 0067 2F010000 		.4byte	.LASF8
 267 006b 04       		.uleb128 0x4
 268 006c C9010000 		.4byte	.LASF12
 269 0070 02       		.byte	0x2
 270 0071 9201     		.2byte	0x192
 271 0073 2C000000 		.4byte	0x2c
 272 0077 02       		.uleb128 0x2
 273 0078 04       		.byte	0x4
 274 0079 04       		.byte	0x4
 275 007a B1000000 		.4byte	.LASF9
 276 007e 02       		.uleb128 0x2
 277 007f 08       		.byte	0x8
 278 0080 04       		.byte	0x4
 279 0081 28010000 		.4byte	.LASF10
 280 0085 02       		.uleb128 0x2
 281 0086 01       		.byte	0x1
 282 0087 08       		.byte	0x8
 283 0088 BA010000 		.4byte	.LASF11
ARM GAS  C:\Users\dantz\AppData\Local\Temp\ccMDqIau.s 			page 8


 284 008c 04       		.uleb128 0x4
 285 008d EB000000 		.4byte	.LASF13
 286 0091 02       		.byte	0x2
 287 0092 3C02     		.2byte	0x23c
 288 0094 98000000 		.4byte	0x98
 289 0098 05       		.uleb128 0x5
 290 0099 6B000000 		.4byte	0x6b
 291 009d 06       		.uleb128 0x6
 292 009e F0000000 		.4byte	.LASF14
 293 00a2 01       		.byte	0x1
 294 00a3 27       		.byte	0x27
 295 00a4 00000000 		.4byte	.LFB0
 296 00a8 38000000 		.4byte	.LFE0-.LFB0
 297 00ac 01       		.uleb128 0x1
 298 00ad 9C       		.byte	0x9c
 299 00ae CF000000 		.4byte	0xcf
 300 00b2 07       		.uleb128 0x7
 301 00b3 8E000000 		.4byte	.LASF16
 302 00b7 01       		.byte	0x1
 303 00b8 27       		.byte	0x27
 304 00b9 6B000000 		.4byte	0x6b
 305 00bd 02       		.uleb128 0x2
 306 00be 91       		.byte	0x91
 307 00bf 6F       		.sleb128 -17
 308 00c0 08       		.uleb128 0x8
 309 00c1 A6000000 		.4byte	.LASF23
 310 00c5 01       		.byte	0x1
 311 00c6 29       		.byte	0x29
 312 00c7 6B000000 		.4byte	0x6b
 313 00cb 02       		.uleb128 0x2
 314 00cc 91       		.byte	0x91
 315 00cd 77       		.sleb128 -9
 316 00ce 00       		.byte	0
 317 00cf 06       		.uleb128 0x6
 318 00d0 8D010000 		.4byte	.LASF15
 319 00d4 01       		.byte	0x1
 320 00d5 45       		.byte	0x45
 321 00d6 00000000 		.4byte	.LFB1
 322 00da 3C000000 		.4byte	.LFE1-.LFB1
 323 00de 01       		.uleb128 0x1
 324 00df 9C       		.byte	0x9c
 325 00e0 F3000000 		.4byte	0xf3
 326 00e4 07       		.uleb128 0x7
 327 00e5 A7010000 		.4byte	.LASF17
 328 00e9 01       		.byte	0x1
 329 00ea 45       		.byte	0x45
 330 00eb 6B000000 		.4byte	0x6b
 331 00ef 02       		.uleb128 0x2
 332 00f0 91       		.byte	0x91
 333 00f1 77       		.sleb128 -9
 334 00f2 00       		.byte	0
 335 00f3 09       		.uleb128 0x9
 336 00f4 94000000 		.4byte	.LASF18
 337 00f8 01       		.byte	0x1
 338 00f9 5D       		.byte	0x5d
 339 00fa 6B000000 		.4byte	0x6b
 340 00fe 00000000 		.4byte	.LFB2
ARM GAS  C:\Users\dantz\AppData\Local\Temp\ccMDqIau.s 			page 9


 341 0102 1C000000 		.4byte	.LFE2-.LFB2
 342 0106 01       		.uleb128 0x1
 343 0107 9C       		.byte	0x9c
 344 0108 09       		.uleb128 0x9
 345 0109 CF010000 		.4byte	.LASF19
 346 010d 01       		.byte	0x1
 347 010e 71       		.byte	0x71
 348 010f 6B000000 		.4byte	0x6b
 349 0113 00000000 		.4byte	.LFB3
 350 0117 1C000000 		.4byte	.LFE3-.LFB3
 351 011b 01       		.uleb128 0x1
 352 011c 9C       		.byte	0x9c
 353 011d 00       		.byte	0
 354              		.section	.debug_abbrev,"",%progbits
 355              	.Ldebug_abbrev0:
 356 0000 01       		.uleb128 0x1
 357 0001 11       		.uleb128 0x11
 358 0002 01       		.byte	0x1
 359 0003 25       		.uleb128 0x25
 360 0004 0E       		.uleb128 0xe
 361 0005 13       		.uleb128 0x13
 362 0006 0B       		.uleb128 0xb
 363 0007 03       		.uleb128 0x3
 364 0008 0E       		.uleb128 0xe
 365 0009 1B       		.uleb128 0x1b
 366 000a 0E       		.uleb128 0xe
 367 000b 55       		.uleb128 0x55
 368 000c 17       		.uleb128 0x17
 369 000d 11       		.uleb128 0x11
 370 000e 01       		.uleb128 0x1
 371 000f 10       		.uleb128 0x10
 372 0010 17       		.uleb128 0x17
 373 0011 00       		.byte	0
 374 0012 00       		.byte	0
 375 0013 02       		.uleb128 0x2
 376 0014 24       		.uleb128 0x24
 377 0015 00       		.byte	0
 378 0016 0B       		.uleb128 0xb
 379 0017 0B       		.uleb128 0xb
 380 0018 3E       		.uleb128 0x3e
 381 0019 0B       		.uleb128 0xb
 382 001a 03       		.uleb128 0x3
 383 001b 0E       		.uleb128 0xe
 384 001c 00       		.byte	0
 385 001d 00       		.byte	0
 386 001e 03       		.uleb128 0x3
 387 001f 24       		.uleb128 0x24
 388 0020 00       		.byte	0
 389 0021 0B       		.uleb128 0xb
 390 0022 0B       		.uleb128 0xb
 391 0023 3E       		.uleb128 0x3e
 392 0024 0B       		.uleb128 0xb
 393 0025 03       		.uleb128 0x3
 394 0026 08       		.uleb128 0x8
 395 0027 00       		.byte	0
 396 0028 00       		.byte	0
 397 0029 04       		.uleb128 0x4
ARM GAS  C:\Users\dantz\AppData\Local\Temp\ccMDqIau.s 			page 10


 398 002a 16       		.uleb128 0x16
 399 002b 00       		.byte	0
 400 002c 03       		.uleb128 0x3
 401 002d 0E       		.uleb128 0xe
 402 002e 3A       		.uleb128 0x3a
 403 002f 0B       		.uleb128 0xb
 404 0030 3B       		.uleb128 0x3b
 405 0031 05       		.uleb128 0x5
 406 0032 49       		.uleb128 0x49
 407 0033 13       		.uleb128 0x13
 408 0034 00       		.byte	0
 409 0035 00       		.byte	0
 410 0036 05       		.uleb128 0x5
 411 0037 35       		.uleb128 0x35
 412 0038 00       		.byte	0
 413 0039 49       		.uleb128 0x49
 414 003a 13       		.uleb128 0x13
 415 003b 00       		.byte	0
 416 003c 00       		.byte	0
 417 003d 06       		.uleb128 0x6
 418 003e 2E       		.uleb128 0x2e
 419 003f 01       		.byte	0x1
 420 0040 3F       		.uleb128 0x3f
 421 0041 19       		.uleb128 0x19
 422 0042 03       		.uleb128 0x3
 423 0043 0E       		.uleb128 0xe
 424 0044 3A       		.uleb128 0x3a
 425 0045 0B       		.uleb128 0xb
 426 0046 3B       		.uleb128 0x3b
 427 0047 0B       		.uleb128 0xb
 428 0048 27       		.uleb128 0x27
 429 0049 19       		.uleb128 0x19
 430 004a 11       		.uleb128 0x11
 431 004b 01       		.uleb128 0x1
 432 004c 12       		.uleb128 0x12
 433 004d 06       		.uleb128 0x6
 434 004e 40       		.uleb128 0x40
 435 004f 18       		.uleb128 0x18
 436 0050 9742     		.uleb128 0x2117
 437 0052 19       		.uleb128 0x19
 438 0053 01       		.uleb128 0x1
 439 0054 13       		.uleb128 0x13
 440 0055 00       		.byte	0
 441 0056 00       		.byte	0
 442 0057 07       		.uleb128 0x7
 443 0058 05       		.uleb128 0x5
 444 0059 00       		.byte	0
 445 005a 03       		.uleb128 0x3
 446 005b 0E       		.uleb128 0xe
 447 005c 3A       		.uleb128 0x3a
 448 005d 0B       		.uleb128 0xb
 449 005e 3B       		.uleb128 0x3b
 450 005f 0B       		.uleb128 0xb
 451 0060 49       		.uleb128 0x49
 452 0061 13       		.uleb128 0x13
 453 0062 02       		.uleb128 0x2
 454 0063 18       		.uleb128 0x18
ARM GAS  C:\Users\dantz\AppData\Local\Temp\ccMDqIau.s 			page 11


 455 0064 00       		.byte	0
 456 0065 00       		.byte	0
 457 0066 08       		.uleb128 0x8
 458 0067 34       		.uleb128 0x34
 459 0068 00       		.byte	0
 460 0069 03       		.uleb128 0x3
 461 006a 0E       		.uleb128 0xe
 462 006b 3A       		.uleb128 0x3a
 463 006c 0B       		.uleb128 0xb
 464 006d 3B       		.uleb128 0x3b
 465 006e 0B       		.uleb128 0xb
 466 006f 49       		.uleb128 0x49
 467 0070 13       		.uleb128 0x13
 468 0071 02       		.uleb128 0x2
 469 0072 18       		.uleb128 0x18
 470 0073 00       		.byte	0
 471 0074 00       		.byte	0
 472 0075 09       		.uleb128 0x9
 473 0076 2E       		.uleb128 0x2e
 474 0077 00       		.byte	0
 475 0078 3F       		.uleb128 0x3f
 476 0079 19       		.uleb128 0x19
 477 007a 03       		.uleb128 0x3
 478 007b 0E       		.uleb128 0xe
 479 007c 3A       		.uleb128 0x3a
 480 007d 0B       		.uleb128 0xb
 481 007e 3B       		.uleb128 0x3b
 482 007f 0B       		.uleb128 0xb
 483 0080 27       		.uleb128 0x27
 484 0081 19       		.uleb128 0x19
 485 0082 49       		.uleb128 0x49
 486 0083 13       		.uleb128 0x13
 487 0084 11       		.uleb128 0x11
 488 0085 01       		.uleb128 0x1
 489 0086 12       		.uleb128 0x12
 490 0087 06       		.uleb128 0x6
 491 0088 40       		.uleb128 0x40
 492 0089 18       		.uleb128 0x18
 493 008a 9742     		.uleb128 0x2117
 494 008c 19       		.uleb128 0x19
 495 008d 00       		.byte	0
 496 008e 00       		.byte	0
 497 008f 00       		.byte	0
 498              		.section	.debug_aranges,"",%progbits
 499 0000 34000000 		.4byte	0x34
 500 0004 0200     		.2byte	0x2
 501 0006 00000000 		.4byte	.Ldebug_info0
 502 000a 04       		.byte	0x4
 503 000b 00       		.byte	0
 504 000c 0000     		.2byte	0
 505 000e 0000     		.2byte	0
 506 0010 00000000 		.4byte	.LFB0
 507 0014 38000000 		.4byte	.LFE0-.LFB0
 508 0018 00000000 		.4byte	.LFB1
 509 001c 3C000000 		.4byte	.LFE1-.LFB1
 510 0020 00000000 		.4byte	.LFB2
 511 0024 1C000000 		.4byte	.LFE2-.LFB2
ARM GAS  C:\Users\dantz\AppData\Local\Temp\ccMDqIau.s 			page 12


 512 0028 00000000 		.4byte	.LFB3
 513 002c 1C000000 		.4byte	.LFE3-.LFB3
 514 0030 00000000 		.4byte	0
 515 0034 00000000 		.4byte	0
 516              		.section	.debug_ranges,"",%progbits
 517              	.Ldebug_ranges0:
 518 0000 00000000 		.4byte	.LFB0
 519 0004 38000000 		.4byte	.LFE0
 520 0008 00000000 		.4byte	.LFB1
 521 000c 3C000000 		.4byte	.LFE1
 522 0010 00000000 		.4byte	.LFB2
 523 0014 1C000000 		.4byte	.LFE2
 524 0018 00000000 		.4byte	.LFB3
 525 001c 1C000000 		.4byte	.LFE3
 526 0020 00000000 		.4byte	0
 527 0024 00000000 		.4byte	0
 528              		.section	.debug_line,"",%progbits
 529              	.Ldebug_line0:
 530 0000 98000000 		.section	.debug_str,"MS",%progbits,1
 530      02004900 
 530      00000201 
 530      FB0E0D00 
 530      01010101 
 531              	.LASF20:
 532 0000 474E5520 		.ascii	"GNU C11 5.4.1 20160609 (release) [ARM/embedded-5-br"
 532      43313120 
 532      352E342E 
 532      31203230 
 532      31363036 
 533 0033 616E6368 		.ascii	"anch revision 237715] -mcpu=cortex-m3 -mthumb -g -O"
 533      20726576 
 533      6973696F 
 533      6E203233 
 533      37373135 
 534 0066 30202D66 		.ascii	"0 -ffunction-sections -ffat-lto-objects\000"
 534      66756E63 
 534      74696F6E 
 534      2D736563 
 534      74696F6E 
 535              	.LASF16:
 536 008e 76616C75 		.ascii	"value\000"
 536      6500
 537              	.LASF18:
 538 0094 656D4669 		.ascii	"emFile_mosi0_Read\000"
 538      6C655F6D 
 538      6F736930 
 538      5F526561 
 538      6400
 539              	.LASF23:
 540 00a6 73746174 		.ascii	"staticBits\000"
 540      69634269 
 540      747300
 541              	.LASF9:
 542 00b1 666C6F61 		.ascii	"float\000"
 542      7400
 543              	.LASF1:
 544 00b7 756E7369 		.ascii	"unsigned char\000"
ARM GAS  C:\Users\dantz\AppData\Local\Temp\ccMDqIau.s 			page 13


 544      676E6564 
 544      20636861 
 544      7200
 545              	.LASF21:
 546 00c5 47656E65 		.ascii	"Generated_Source\\PSoC5\\emFile_mosi0.c\000"
 546      72617465 
 546      645F536F 
 546      75726365 
 546      5C50536F 
 547              	.LASF13:
 548 00eb 72656738 		.ascii	"reg8\000"
 548      00
 549              	.LASF14:
 550 00f0 656D4669 		.ascii	"emFile_mosi0_Write\000"
 550      6C655F6D 
 550      6F736930 
 550      5F577269 
 550      746500
 551              	.LASF5:
 552 0103 6C6F6E67 		.ascii	"long unsigned int\000"
 552      20756E73 
 552      69676E65 
 552      6420696E 
 552      7400
 553              	.LASF3:
 554 0115 73686F72 		.ascii	"short unsigned int\000"
 554      7420756E 
 554      7369676E 
 554      65642069 
 554      6E7400
 555              	.LASF10:
 556 0128 646F7562 		.ascii	"double\000"
 556      6C6500
 557              	.LASF8:
 558 012f 756E7369 		.ascii	"unsigned int\000"
 558      676E6564 
 558      20696E74 
 558      00
 559              	.LASF7:
 560 013c 6C6F6E67 		.ascii	"long long unsigned int\000"
 560      206C6F6E 
 560      6720756E 
 560      7369676E 
 560      65642069 
 561              	.LASF22:
 562 0153 433A5C55 		.ascii	"C:\\Users\\dantz\\Documents\\notoriOS\\notoriOS\\no"
 562      73657273 
 562      5C64616E 
 562      747A5C44 
 562      6F63756D 
 563 0180 746F7269 		.ascii	"toriOS.cydsn\000"
 563      4F532E63 
 563      7964736E 
 563      00
 564              	.LASF15:
 565 018d 656D4669 		.ascii	"emFile_mosi0_SetDriveMode\000"
 565      6C655F6D 
ARM GAS  C:\Users\dantz\AppData\Local\Temp\ccMDqIau.s 			page 14


 565      6F736930 
 565      5F536574 
 565      44726976 
 566              	.LASF17:
 567 01a7 6D6F6465 		.ascii	"mode\000"
 567      00
 568              	.LASF6:
 569 01ac 6C6F6E67 		.ascii	"long long int\000"
 569      206C6F6E 
 569      6720696E 
 569      7400
 570              	.LASF11:
 571 01ba 63686172 		.ascii	"char\000"
 571      00
 572              	.LASF2:
 573 01bf 73686F72 		.ascii	"short int\000"
 573      7420696E 
 573      7400
 574              	.LASF12:
 575 01c9 75696E74 		.ascii	"uint8\000"
 575      3800
 576              	.LASF19:
 577 01cf 656D4669 		.ascii	"emFile_mosi0_ReadDataReg\000"
 577      6C655F6D 
 577      6F736930 
 577      5F526561 
 577      64446174 
 578              	.LASF4:
 579 01e8 6C6F6E67 		.ascii	"long int\000"
 579      20696E74 
 579      00
 580              	.LASF0:
 581 01f1 7369676E 		.ascii	"signed char\000"
 581      65642063 
 581      68617200 
 582              		.ident	"GCC: (GNU Tools for ARM Embedded Processors) 5.4.1 20160609 (release) [ARM/embedded-5-bran
