ARM GAS  C:\Users\klabu\AppData\Local\Temp\cc78aGIH.s 			page 1


   1              		.syntax unified
   2              		.cpu cortex-m3
   3              		.fpu softvfp
   4              		.eabi_attribute 20, 1
   5              		.eabi_attribute 21, 1
   6              		.eabi_attribute 23, 3
   7              		.eabi_attribute 24, 1
   8              		.eabi_attribute 25, 1
   9              		.eabi_attribute 26, 1
  10              		.eabi_attribute 30, 6
  11              		.eabi_attribute 34, 1
  12              		.eabi_attribute 18, 4
  13              		.thumb
  14              		.syntax unified
  15              		.file	"emFile_SPI0_PM.c"
  16              		.text
  17              	.Ltext0:
  18              		.cfi_sections	.debug_frame
  19              		.data
  20              		.align	2
  21              		.type	emFile_SPI0_backup, %object
  22              		.size	emFile_SPI0_backup, 2
  23              	emFile_SPI0_backup:
  24 0000 00       		.byte	0
  25 0001 0F       		.byte	15
  26              		.section	.text.emFile_SPI0_SaveConfig,"ax",%progbits
  27              		.align	2
  28              		.global	emFile_SPI0_SaveConfig
  29              		.thumb
  30              		.thumb_func
  31              		.type	emFile_SPI0_SaveConfig, %function
  32              	emFile_SPI0_SaveConfig:
  33              	.LFB0:
  34              		.file 1 "Generated_Source\\PSoC5\\emFile_SPI0_PM.c"
   1:Generated_Source\PSoC5/emFile_SPI0_PM.c **** /*******************************************************************************
   2:Generated_Source\PSoC5/emFile_SPI0_PM.c **** * File Name: emFile_SPI0_PM.c
   3:Generated_Source\PSoC5/emFile_SPI0_PM.c **** * Version 2.40
   4:Generated_Source\PSoC5/emFile_SPI0_PM.c **** *
   5:Generated_Source\PSoC5/emFile_SPI0_PM.c **** * Description:
   6:Generated_Source\PSoC5/emFile_SPI0_PM.c **** *  This file contains the setup, control and status commands to support
   7:Generated_Source\PSoC5/emFile_SPI0_PM.c **** *  component operations in low power mode.
   8:Generated_Source\PSoC5/emFile_SPI0_PM.c **** *
   9:Generated_Source\PSoC5/emFile_SPI0_PM.c **** * Note:
  10:Generated_Source\PSoC5/emFile_SPI0_PM.c **** *
  11:Generated_Source\PSoC5/emFile_SPI0_PM.c **** ********************************************************************************
  12:Generated_Source\PSoC5/emFile_SPI0_PM.c **** * Copyright 2008-2012, Cypress Semiconductor Corporation.  All rights reserved.
  13:Generated_Source\PSoC5/emFile_SPI0_PM.c **** * You may use this file only in accordance with the license, terms, conditions,
  14:Generated_Source\PSoC5/emFile_SPI0_PM.c **** * disclaimers, and limitations in the end user license agreement accompanying
  15:Generated_Source\PSoC5/emFile_SPI0_PM.c **** * the software package with which this file was provided.
  16:Generated_Source\PSoC5/emFile_SPI0_PM.c **** *******************************************************************************/
  17:Generated_Source\PSoC5/emFile_SPI0_PM.c **** 
  18:Generated_Source\PSoC5/emFile_SPI0_PM.c **** #include "emFile_SPI0_PVT.h"
  19:Generated_Source\PSoC5/emFile_SPI0_PM.c **** 
  20:Generated_Source\PSoC5/emFile_SPI0_PM.c **** static emFile_SPI0_BACKUP_STRUCT emFile_SPI0_backup =
  21:Generated_Source\PSoC5/emFile_SPI0_PM.c **** {
  22:Generated_Source\PSoC5/emFile_SPI0_PM.c ****     emFile_SPI0_DISABLED,
  23:Generated_Source\PSoC5/emFile_SPI0_PM.c ****     emFile_SPI0_BITCTR_INIT,
ARM GAS  C:\Users\klabu\AppData\Local\Temp\cc78aGIH.s 			page 2


  24:Generated_Source\PSoC5/emFile_SPI0_PM.c ****     #if(CY_UDB_V0)
  25:Generated_Source\PSoC5/emFile_SPI0_PM.c ****         emFile_SPI0_TX_INIT_INTERRUPTS_MASK,
  26:Generated_Source\PSoC5/emFile_SPI0_PM.c ****         emFile_SPI0_RX_INIT_INTERRUPTS_MASK
  27:Generated_Source\PSoC5/emFile_SPI0_PM.c ****     #endif /* CY_UDB_V0 */
  28:Generated_Source\PSoC5/emFile_SPI0_PM.c **** };
  29:Generated_Source\PSoC5/emFile_SPI0_PM.c **** 
  30:Generated_Source\PSoC5/emFile_SPI0_PM.c **** 
  31:Generated_Source\PSoC5/emFile_SPI0_PM.c **** /*******************************************************************************
  32:Generated_Source\PSoC5/emFile_SPI0_PM.c **** * Function Name: emFile_SPI0_SaveConfig
  33:Generated_Source\PSoC5/emFile_SPI0_PM.c **** ********************************************************************************
  34:Generated_Source\PSoC5/emFile_SPI0_PM.c **** *
  35:Generated_Source\PSoC5/emFile_SPI0_PM.c **** * Summary:
  36:Generated_Source\PSoC5/emFile_SPI0_PM.c **** *  Saves SPIM configuration.
  37:Generated_Source\PSoC5/emFile_SPI0_PM.c **** *
  38:Generated_Source\PSoC5/emFile_SPI0_PM.c **** * Parameters:
  39:Generated_Source\PSoC5/emFile_SPI0_PM.c **** *  None.
  40:Generated_Source\PSoC5/emFile_SPI0_PM.c **** *
  41:Generated_Source\PSoC5/emFile_SPI0_PM.c **** * Return:
  42:Generated_Source\PSoC5/emFile_SPI0_PM.c **** *  None.
  43:Generated_Source\PSoC5/emFile_SPI0_PM.c **** *
  44:Generated_Source\PSoC5/emFile_SPI0_PM.c **** * Global Variables:
  45:Generated_Source\PSoC5/emFile_SPI0_PM.c **** *  emFile_SPI0_backup - modified when non-retention registers are saved.
  46:Generated_Source\PSoC5/emFile_SPI0_PM.c **** *
  47:Generated_Source\PSoC5/emFile_SPI0_PM.c **** * Reentrant:
  48:Generated_Source\PSoC5/emFile_SPI0_PM.c **** *  No.
  49:Generated_Source\PSoC5/emFile_SPI0_PM.c **** *
  50:Generated_Source\PSoC5/emFile_SPI0_PM.c **** *******************************************************************************/
  51:Generated_Source\PSoC5/emFile_SPI0_PM.c **** void emFile_SPI0_SaveConfig(void) 
  52:Generated_Source\PSoC5/emFile_SPI0_PM.c **** {
  35              		.loc 1 52 0
  36              		.cfi_startproc
  37              		@ args = 0, pretend = 0, frame = 0
  38              		@ frame_needed = 1, uses_anonymous_args = 0
  39              		@ link register save eliminated.
  40 0000 80B4     		push	{r7}
  41              		.cfi_def_cfa_offset 4
  42              		.cfi_offset 7, -4
  43 0002 00AF     		add	r7, sp, #0
  44              		.cfi_def_cfa_register 7
  53:Generated_Source\PSoC5/emFile_SPI0_PM.c ****     /* Store Status Mask registers */
  54:Generated_Source\PSoC5/emFile_SPI0_PM.c ****     #if(CY_UDB_V0)
  55:Generated_Source\PSoC5/emFile_SPI0_PM.c ****        emFile_SPI0_backup.cntrPeriod      = emFile_SPI0_COUNTER_PERIOD_REG;
  56:Generated_Source\PSoC5/emFile_SPI0_PM.c ****        emFile_SPI0_backup.saveSrTxIntMask = emFile_SPI0_TX_STATUS_MASK_REG;
  57:Generated_Source\PSoC5/emFile_SPI0_PM.c ****        emFile_SPI0_backup.saveSrRxIntMask = emFile_SPI0_RX_STATUS_MASK_REG;
  58:Generated_Source\PSoC5/emFile_SPI0_PM.c ****     #endif /* (CY_UDB_V0) */
  59:Generated_Source\PSoC5/emFile_SPI0_PM.c **** }
  45              		.loc 1 59 0
  46 0004 00BF     		nop
  47 0006 BD46     		mov	sp, r7
  48              		.cfi_def_cfa_register 13
  49              		@ sp needed
  50 0008 80BC     		pop	{r7}
  51              		.cfi_restore 7
  52              		.cfi_def_cfa_offset 0
  53 000a 7047     		bx	lr
  54              		.cfi_endproc
  55              	.LFE0:
ARM GAS  C:\Users\klabu\AppData\Local\Temp\cc78aGIH.s 			page 3


  56              		.size	emFile_SPI0_SaveConfig, .-emFile_SPI0_SaveConfig
  57              		.section	.text.emFile_SPI0_RestoreConfig,"ax",%progbits
  58              		.align	2
  59              		.global	emFile_SPI0_RestoreConfig
  60              		.thumb
  61              		.thumb_func
  62              		.type	emFile_SPI0_RestoreConfig, %function
  63              	emFile_SPI0_RestoreConfig:
  64              	.LFB1:
  60:Generated_Source\PSoC5/emFile_SPI0_PM.c **** 
  61:Generated_Source\PSoC5/emFile_SPI0_PM.c **** 
  62:Generated_Source\PSoC5/emFile_SPI0_PM.c **** /*******************************************************************************
  63:Generated_Source\PSoC5/emFile_SPI0_PM.c **** * Function Name: emFile_SPI0_RestoreConfig
  64:Generated_Source\PSoC5/emFile_SPI0_PM.c **** ********************************************************************************
  65:Generated_Source\PSoC5/emFile_SPI0_PM.c **** *
  66:Generated_Source\PSoC5/emFile_SPI0_PM.c **** * Summary:
  67:Generated_Source\PSoC5/emFile_SPI0_PM.c **** *  Restores SPIM configuration.
  68:Generated_Source\PSoC5/emFile_SPI0_PM.c **** *
  69:Generated_Source\PSoC5/emFile_SPI0_PM.c **** * Parameters:
  70:Generated_Source\PSoC5/emFile_SPI0_PM.c **** *  None.
  71:Generated_Source\PSoC5/emFile_SPI0_PM.c **** *
  72:Generated_Source\PSoC5/emFile_SPI0_PM.c **** * Return:
  73:Generated_Source\PSoC5/emFile_SPI0_PM.c **** *  None.
  74:Generated_Source\PSoC5/emFile_SPI0_PM.c **** *
  75:Generated_Source\PSoC5/emFile_SPI0_PM.c **** * Global Variables:
  76:Generated_Source\PSoC5/emFile_SPI0_PM.c **** *  emFile_SPI0_backup - used when non-retention registers are restored.
  77:Generated_Source\PSoC5/emFile_SPI0_PM.c **** *
  78:Generated_Source\PSoC5/emFile_SPI0_PM.c **** * Side Effects:
  79:Generated_Source\PSoC5/emFile_SPI0_PM.c **** *  If this API is called without first calling SaveConfig then in the following
  80:Generated_Source\PSoC5/emFile_SPI0_PM.c **** *  registers will be default values from Customizer:
  81:Generated_Source\PSoC5/emFile_SPI0_PM.c **** *  emFile_SPI0_STATUS_MASK_REG and emFile_SPI0_COUNTER_PERIOD_REG.
  82:Generated_Source\PSoC5/emFile_SPI0_PM.c **** *
  83:Generated_Source\PSoC5/emFile_SPI0_PM.c **** *******************************************************************************/
  84:Generated_Source\PSoC5/emFile_SPI0_PM.c **** void emFile_SPI0_RestoreConfig(void) 
  85:Generated_Source\PSoC5/emFile_SPI0_PM.c **** {
  65              		.loc 1 85 0
  66              		.cfi_startproc
  67              		@ args = 0, pretend = 0, frame = 0
  68              		@ frame_needed = 1, uses_anonymous_args = 0
  69              		@ link register save eliminated.
  70 0000 80B4     		push	{r7}
  71              		.cfi_def_cfa_offset 4
  72              		.cfi_offset 7, -4
  73 0002 00AF     		add	r7, sp, #0
  74              		.cfi_def_cfa_register 7
  86:Generated_Source\PSoC5/emFile_SPI0_PM.c ****     /* Restore the data, saved by SaveConfig() function */
  87:Generated_Source\PSoC5/emFile_SPI0_PM.c ****     #if(CY_UDB_V0)
  88:Generated_Source\PSoC5/emFile_SPI0_PM.c ****         emFile_SPI0_COUNTER_PERIOD_REG = emFile_SPI0_backup.cntrPeriod;
  89:Generated_Source\PSoC5/emFile_SPI0_PM.c ****         emFile_SPI0_TX_STATUS_MASK_REG = ((uint8) emFile_SPI0_backup.saveSrTxIntMask);
  90:Generated_Source\PSoC5/emFile_SPI0_PM.c ****         emFile_SPI0_RX_STATUS_MASK_REG = ((uint8) emFile_SPI0_backup.saveSrRxIntMask);
  91:Generated_Source\PSoC5/emFile_SPI0_PM.c ****     #endif /* (CY_UDB_V0) */
  92:Generated_Source\PSoC5/emFile_SPI0_PM.c **** }
  75              		.loc 1 92 0
  76 0004 00BF     		nop
  77 0006 BD46     		mov	sp, r7
  78              		.cfi_def_cfa_register 13
  79              		@ sp needed
ARM GAS  C:\Users\klabu\AppData\Local\Temp\cc78aGIH.s 			page 4


  80 0008 80BC     		pop	{r7}
  81              		.cfi_restore 7
  82              		.cfi_def_cfa_offset 0
  83 000a 7047     		bx	lr
  84              		.cfi_endproc
  85              	.LFE1:
  86              		.size	emFile_SPI0_RestoreConfig, .-emFile_SPI0_RestoreConfig
  87              		.section	.text.emFile_SPI0_Sleep,"ax",%progbits
  88              		.align	2
  89              		.global	emFile_SPI0_Sleep
  90              		.thumb
  91              		.thumb_func
  92              		.type	emFile_SPI0_Sleep, %function
  93              	emFile_SPI0_Sleep:
  94              	.LFB2:
  93:Generated_Source\PSoC5/emFile_SPI0_PM.c **** 
  94:Generated_Source\PSoC5/emFile_SPI0_PM.c **** 
  95:Generated_Source\PSoC5/emFile_SPI0_PM.c **** /*******************************************************************************
  96:Generated_Source\PSoC5/emFile_SPI0_PM.c **** * Function Name: emFile_SPI0_Sleep
  97:Generated_Source\PSoC5/emFile_SPI0_PM.c **** ********************************************************************************
  98:Generated_Source\PSoC5/emFile_SPI0_PM.c **** *
  99:Generated_Source\PSoC5/emFile_SPI0_PM.c **** * Summary:
 100:Generated_Source\PSoC5/emFile_SPI0_PM.c **** *  Prepare SPIM Component goes to sleep.
 101:Generated_Source\PSoC5/emFile_SPI0_PM.c **** *
 102:Generated_Source\PSoC5/emFile_SPI0_PM.c **** * Parameters:
 103:Generated_Source\PSoC5/emFile_SPI0_PM.c **** *  None.
 104:Generated_Source\PSoC5/emFile_SPI0_PM.c **** *
 105:Generated_Source\PSoC5/emFile_SPI0_PM.c **** * Return:
 106:Generated_Source\PSoC5/emFile_SPI0_PM.c **** *  None.
 107:Generated_Source\PSoC5/emFile_SPI0_PM.c **** *
 108:Generated_Source\PSoC5/emFile_SPI0_PM.c **** * Global Variables:
 109:Generated_Source\PSoC5/emFile_SPI0_PM.c **** *  emFile_SPI0_backup - modified when non-retention registers are saved.
 110:Generated_Source\PSoC5/emFile_SPI0_PM.c **** *
 111:Generated_Source\PSoC5/emFile_SPI0_PM.c **** * Reentrant:
 112:Generated_Source\PSoC5/emFile_SPI0_PM.c **** *  No.
 113:Generated_Source\PSoC5/emFile_SPI0_PM.c **** *
 114:Generated_Source\PSoC5/emFile_SPI0_PM.c **** *******************************************************************************/
 115:Generated_Source\PSoC5/emFile_SPI0_PM.c **** void emFile_SPI0_Sleep(void) 
 116:Generated_Source\PSoC5/emFile_SPI0_PM.c **** {
  95              		.loc 1 116 0
  96              		.cfi_startproc
  97              		@ args = 0, pretend = 0, frame = 0
  98              		@ frame_needed = 1, uses_anonymous_args = 0
  99 0000 80B5     		push	{r7, lr}
 100              		.cfi_def_cfa_offset 8
 101              		.cfi_offset 7, -8
 102              		.cfi_offset 14, -4
 103 0002 00AF     		add	r7, sp, #0
 104              		.cfi_def_cfa_register 7
 117:Generated_Source\PSoC5/emFile_SPI0_PM.c ****     /* Save components enable state */
 118:Generated_Source\PSoC5/emFile_SPI0_PM.c ****     emFile_SPI0_backup.enableState = ((uint8) emFile_SPI0_IS_ENABLED);
 105              		.loc 1 118 0
 106 0004 094B     		ldr	r3, .L4
 107 0006 1B78     		ldrb	r3, [r3]
 108 0008 DBB2     		uxtb	r3, r3
 109 000a 03F01003 		and	r3, r3, #16
 110 000e 002B     		cmp	r3, #0
ARM GAS  C:\Users\klabu\AppData\Local\Temp\cc78aGIH.s 			page 5


 111 0010 14BF     		ite	ne
 112 0012 0123     		movne	r3, #1
 113 0014 0023     		moveq	r3, #0
 114 0016 DBB2     		uxtb	r3, r3
 115 0018 1A46     		mov	r2, r3
 116 001a 054B     		ldr	r3, .L4+4
 117 001c 1A70     		strb	r2, [r3]
 119:Generated_Source\PSoC5/emFile_SPI0_PM.c **** 
 120:Generated_Source\PSoC5/emFile_SPI0_PM.c ****     emFile_SPI0_Stop();
 118              		.loc 1 120 0
 119 001e FFF7FEFF 		bl	emFile_SPI0_Stop
 121:Generated_Source\PSoC5/emFile_SPI0_PM.c ****     emFile_SPI0_SaveConfig();
 120              		.loc 1 121 0
 121 0022 FFF7FEFF 		bl	emFile_SPI0_SaveConfig
 122:Generated_Source\PSoC5/emFile_SPI0_PM.c **** }
 122              		.loc 1 122 0
 123 0026 00BF     		nop
 124 0028 80BD     		pop	{r7, pc}
 125              	.L5:
 126 002a 00BF     		.align	2
 127              	.L4:
 128 002c 90640040 		.word	1073767568
 129 0030 00000000 		.word	emFile_SPI0_backup
 130              		.cfi_endproc
 131              	.LFE2:
 132              		.size	emFile_SPI0_Sleep, .-emFile_SPI0_Sleep
 133              		.section	.text.emFile_SPI0_Wakeup,"ax",%progbits
 134              		.align	2
 135              		.global	emFile_SPI0_Wakeup
 136              		.thumb
 137              		.thumb_func
 138              		.type	emFile_SPI0_Wakeup, %function
 139              	emFile_SPI0_Wakeup:
 140              	.LFB3:
 123:Generated_Source\PSoC5/emFile_SPI0_PM.c **** 
 124:Generated_Source\PSoC5/emFile_SPI0_PM.c **** 
 125:Generated_Source\PSoC5/emFile_SPI0_PM.c **** /*******************************************************************************
 126:Generated_Source\PSoC5/emFile_SPI0_PM.c **** * Function Name: emFile_SPI0_Wakeup
 127:Generated_Source\PSoC5/emFile_SPI0_PM.c **** ********************************************************************************
 128:Generated_Source\PSoC5/emFile_SPI0_PM.c **** *
 129:Generated_Source\PSoC5/emFile_SPI0_PM.c **** * Summary:
 130:Generated_Source\PSoC5/emFile_SPI0_PM.c **** *  Prepare SPIM Component to wake up.
 131:Generated_Source\PSoC5/emFile_SPI0_PM.c **** *
 132:Generated_Source\PSoC5/emFile_SPI0_PM.c **** * Parameters:
 133:Generated_Source\PSoC5/emFile_SPI0_PM.c **** *  None.
 134:Generated_Source\PSoC5/emFile_SPI0_PM.c **** *
 135:Generated_Source\PSoC5/emFile_SPI0_PM.c **** * Return:
 136:Generated_Source\PSoC5/emFile_SPI0_PM.c **** *  None.
 137:Generated_Source\PSoC5/emFile_SPI0_PM.c **** *
 138:Generated_Source\PSoC5/emFile_SPI0_PM.c **** * Global Variables:
 139:Generated_Source\PSoC5/emFile_SPI0_PM.c **** *  emFile_SPI0_backup - used when non-retention registers are restored.
 140:Generated_Source\PSoC5/emFile_SPI0_PM.c **** *  emFile_SPI0_txBufferWrite - modified every function call - resets to
 141:Generated_Source\PSoC5/emFile_SPI0_PM.c **** *  zero.
 142:Generated_Source\PSoC5/emFile_SPI0_PM.c **** *  emFile_SPI0_txBufferRead - modified every function call - resets to
 143:Generated_Source\PSoC5/emFile_SPI0_PM.c **** *  zero.
 144:Generated_Source\PSoC5/emFile_SPI0_PM.c **** *  emFile_SPI0_rxBufferWrite - modified every function call - resets to
 145:Generated_Source\PSoC5/emFile_SPI0_PM.c **** *  zero.
ARM GAS  C:\Users\klabu\AppData\Local\Temp\cc78aGIH.s 			page 6


 146:Generated_Source\PSoC5/emFile_SPI0_PM.c **** *  emFile_SPI0_rxBufferRead - modified every function call - resets to
 147:Generated_Source\PSoC5/emFile_SPI0_PM.c **** *  zero.
 148:Generated_Source\PSoC5/emFile_SPI0_PM.c **** *
 149:Generated_Source\PSoC5/emFile_SPI0_PM.c **** * Reentrant:
 150:Generated_Source\PSoC5/emFile_SPI0_PM.c **** *  No.
 151:Generated_Source\PSoC5/emFile_SPI0_PM.c **** *
 152:Generated_Source\PSoC5/emFile_SPI0_PM.c **** *******************************************************************************/
 153:Generated_Source\PSoC5/emFile_SPI0_PM.c **** void emFile_SPI0_Wakeup(void) 
 154:Generated_Source\PSoC5/emFile_SPI0_PM.c **** {
 141              		.loc 1 154 0
 142              		.cfi_startproc
 143              		@ args = 0, pretend = 0, frame = 0
 144              		@ frame_needed = 1, uses_anonymous_args = 0
 145 0000 80B5     		push	{r7, lr}
 146              		.cfi_def_cfa_offset 8
 147              		.cfi_offset 7, -8
 148              		.cfi_offset 14, -4
 149 0002 00AF     		add	r7, sp, #0
 150              		.cfi_def_cfa_register 7
 155:Generated_Source\PSoC5/emFile_SPI0_PM.c ****     emFile_SPI0_RestoreConfig();
 151              		.loc 1 155 0
 152 0004 FFF7FEFF 		bl	emFile_SPI0_RestoreConfig
 156:Generated_Source\PSoC5/emFile_SPI0_PM.c **** 
 157:Generated_Source\PSoC5/emFile_SPI0_PM.c ****     #if(emFile_SPI0_RX_SOFTWARE_BUF_ENABLED)
 158:Generated_Source\PSoC5/emFile_SPI0_PM.c ****         emFile_SPI0_rxBufferFull  = 0u;
 159:Generated_Source\PSoC5/emFile_SPI0_PM.c ****         emFile_SPI0_rxBufferRead  = 0u;
 160:Generated_Source\PSoC5/emFile_SPI0_PM.c ****         emFile_SPI0_rxBufferWrite = 0u;
 161:Generated_Source\PSoC5/emFile_SPI0_PM.c ****     #endif /* (emFile_SPI0_RX_SOFTWARE_BUF_ENABLED) */
 162:Generated_Source\PSoC5/emFile_SPI0_PM.c **** 
 163:Generated_Source\PSoC5/emFile_SPI0_PM.c ****     #if(emFile_SPI0_TX_SOFTWARE_BUF_ENABLED)
 164:Generated_Source\PSoC5/emFile_SPI0_PM.c ****         emFile_SPI0_txBufferFull  = 0u;
 165:Generated_Source\PSoC5/emFile_SPI0_PM.c ****         emFile_SPI0_txBufferRead  = 0u;
 166:Generated_Source\PSoC5/emFile_SPI0_PM.c ****         emFile_SPI0_txBufferWrite = 0u;
 167:Generated_Source\PSoC5/emFile_SPI0_PM.c ****     #endif /* (emFile_SPI0_TX_SOFTWARE_BUF_ENABLED) */
 168:Generated_Source\PSoC5/emFile_SPI0_PM.c **** 
 169:Generated_Source\PSoC5/emFile_SPI0_PM.c ****     /* Clear any data from the RX and TX FIFO */
 170:Generated_Source\PSoC5/emFile_SPI0_PM.c ****     emFile_SPI0_ClearFIFO();
 153              		.loc 1 170 0
 154 0008 FFF7FEFF 		bl	emFile_SPI0_ClearFIFO
 171:Generated_Source\PSoC5/emFile_SPI0_PM.c **** 
 172:Generated_Source\PSoC5/emFile_SPI0_PM.c ****     /* Restore components block enable state */
 173:Generated_Source\PSoC5/emFile_SPI0_PM.c ****     if(0u != emFile_SPI0_backup.enableState)
 155              		.loc 1 173 0
 156 000c 034B     		ldr	r3, .L9
 157 000e 1B78     		ldrb	r3, [r3]	@ zero_extendqisi2
 158 0010 002B     		cmp	r3, #0
 159 0012 01D0     		beq	.L8
 174:Generated_Source\PSoC5/emFile_SPI0_PM.c ****     {
 175:Generated_Source\PSoC5/emFile_SPI0_PM.c ****         emFile_SPI0_Enable();
 160              		.loc 1 175 0
 161 0014 FFF7FEFF 		bl	emFile_SPI0_Enable
 162              	.L8:
 176:Generated_Source\PSoC5/emFile_SPI0_PM.c ****     }
 177:Generated_Source\PSoC5/emFile_SPI0_PM.c **** }
 163              		.loc 1 177 0
 164 0018 00BF     		nop
 165 001a 80BD     		pop	{r7, pc}
ARM GAS  C:\Users\klabu\AppData\Local\Temp\cc78aGIH.s 			page 7


 166              	.L10:
 167              		.align	2
 168              	.L9:
 169 001c 00000000 		.word	emFile_SPI0_backup
 170              		.cfi_endproc
 171              	.LFE3:
 172              		.size	emFile_SPI0_Wakeup, .-emFile_SPI0_Wakeup
 173              		.text
 174              	.Letext0:
 175              		.file 2 "Generated_Source\\PSoC5\\cytypes.h"
 176              		.file 3 "Generated_Source\\PSoC5\\emFile_SPI0.h"
 177              		.section	.debug_info,"",%progbits
 178              	.Ldebug_info0:
 179 0000 29010000 		.4byte	0x129
 180 0004 0400     		.2byte	0x4
 181 0006 00000000 		.4byte	.Ldebug_abbrev0
 182 000a 04       		.byte	0x4
 183 000b 01       		.uleb128 0x1
 184 000c F1000000 		.4byte	.LASF23
 185 0010 0C       		.byte	0xc
 186 0011 0E000000 		.4byte	.LASF24
 187 0015 36000000 		.4byte	.LASF25
 188 0019 00000000 		.4byte	.Ldebug_ranges0+0
 189 001d 00000000 		.4byte	0
 190 0021 00000000 		.4byte	.Ldebug_line0
 191 0025 02       		.uleb128 0x2
 192 0026 01       		.byte	0x1
 193 0027 06       		.byte	0x6
 194 0028 DF010000 		.4byte	.LASF0
 195 002c 02       		.uleb128 0x2
 196 002d 01       		.byte	0x1
 197 002e 08       		.byte	0x8
 198 002f 7F010000 		.4byte	.LASF1
 199 0033 02       		.uleb128 0x2
 200 0034 02       		.byte	0x2
 201 0035 05       		.byte	0x5
 202 0036 09020000 		.4byte	.LASF2
 203 003a 02       		.uleb128 0x2
 204 003b 02       		.byte	0x2
 205 003c 07       		.byte	0x7
 206 003d CC010000 		.4byte	.LASF3
 207 0041 02       		.uleb128 0x2
 208 0042 04       		.byte	0x4
 209 0043 05       		.byte	0x5
 210 0044 A5010000 		.4byte	.LASF4
 211 0048 02       		.uleb128 0x2
 212 0049 04       		.byte	0x4
 213 004a 07       		.byte	0x7
 214 004b 95000000 		.4byte	.LASF5
 215 004f 02       		.uleb128 0x2
 216 0050 08       		.byte	0x8
 217 0051 05       		.byte	0x5
 218 0052 00000000 		.4byte	.LASF6
 219 0056 02       		.uleb128 0x2
 220 0057 08       		.byte	0x8
 221 0058 07       		.byte	0x7
 222 0059 A7000000 		.4byte	.LASF7
ARM GAS  C:\Users\klabu\AppData\Local\Temp\cc78aGIH.s 			page 8


 223 005d 03       		.uleb128 0x3
 224 005e 04       		.byte	0x4
 225 005f 05       		.byte	0x5
 226 0060 696E7400 		.ascii	"int\000"
 227 0064 02       		.uleb128 0x2
 228 0065 04       		.byte	0x4
 229 0066 07       		.byte	0x7
 230 0067 51000000 		.4byte	.LASF8
 231 006b 04       		.uleb128 0x4
 232 006c 8F000000 		.4byte	.LASF12
 233 0070 02       		.byte	0x2
 234 0071 9201     		.2byte	0x192
 235 0073 2C000000 		.4byte	0x2c
 236 0077 02       		.uleb128 0x2
 237 0078 04       		.byte	0x4
 238 0079 04       		.byte	0x4
 239 007a D8000000 		.4byte	.LASF9
 240 007e 02       		.uleb128 0x2
 241 007f 08       		.byte	0x8
 242 0080 04       		.byte	0x4
 243 0081 BA010000 		.4byte	.LASF10
 244 0085 02       		.uleb128 0x2
 245 0086 01       		.byte	0x1
 246 0087 08       		.byte	0x8
 247 0088 A0010000 		.4byte	.LASF11
 248 008c 04       		.uleb128 0x4
 249 008d 13020000 		.4byte	.LASF13
 250 0091 02       		.byte	0x2
 251 0092 3C02     		.2byte	0x23c
 252 0094 98000000 		.4byte	0x98
 253 0098 05       		.uleb128 0x5
 254 0099 6B000000 		.4byte	0x6b
 255 009d 02       		.uleb128 0x2
 256 009e 08       		.byte	0x8
 257 009f 04       		.byte	0x4
 258 00a0 FD010000 		.4byte	.LASF14
 259 00a4 02       		.uleb128 0x2
 260 00a5 04       		.byte	0x4
 261 00a6 07       		.byte	0x7
 262 00a7 18020000 		.4byte	.LASF15
 263 00ab 06       		.uleb128 0x6
 264 00ac 02       		.byte	0x2
 265 00ad 03       		.byte	0x3
 266 00ae 46       		.byte	0x46
 267 00af CC000000 		.4byte	0xcc
 268 00b3 07       		.uleb128 0x7
 269 00b4 AE010000 		.4byte	.LASF16
 270 00b8 03       		.byte	0x3
 271 00b9 48       		.byte	0x48
 272 00ba 6B000000 		.4byte	0x6b
 273 00be 00       		.byte	0
 274 00bf 07       		.uleb128 0x7
 275 00c0 C1010000 		.4byte	.LASF17
 276 00c4 03       		.byte	0x3
 277 00c5 49       		.byte	0x49
 278 00c6 6B000000 		.4byte	0x6b
 279 00ca 01       		.byte	0x1
ARM GAS  C:\Users\klabu\AppData\Local\Temp\cc78aGIH.s 			page 9


 280 00cb 00       		.byte	0
 281 00cc 08       		.uleb128 0x8
 282 00cd 5E000000 		.4byte	.LASF18
 283 00d1 03       		.byte	0x3
 284 00d2 4F       		.byte	0x4f
 285 00d3 AB000000 		.4byte	0xab
 286 00d7 09       		.uleb128 0x9
 287 00d8 78000000 		.4byte	.LASF19
 288 00dc 01       		.byte	0x1
 289 00dd 33       		.byte	0x33
 290 00de 00000000 		.4byte	.LFB0
 291 00e2 0C000000 		.4byte	.LFE0-.LFB0
 292 00e6 01       		.uleb128 0x1
 293 00e7 9C       		.byte	0x9c
 294 00e8 09       		.uleb128 0x9
 295 00e9 BE000000 		.4byte	.LASF20
 296 00ed 01       		.byte	0x1
 297 00ee 54       		.byte	0x54
 298 00ef 00000000 		.4byte	.LFB1
 299 00f3 0C000000 		.4byte	.LFE1-.LFB1
 300 00f7 01       		.uleb128 0x1
 301 00f8 9C       		.byte	0x9c
 302 00f9 0A       		.uleb128 0xa
 303 00fa EB010000 		.4byte	.LASF21
 304 00fe 01       		.byte	0x1
 305 00ff 73       		.byte	0x73
 306 0100 00000000 		.4byte	.LFB2
 307 0104 34000000 		.4byte	.LFE2-.LFB2
 308 0108 01       		.uleb128 0x1
 309 0109 9C       		.byte	0x9c
 310 010a 0A       		.uleb128 0xa
 311 010b 8D010000 		.4byte	.LASF22
 312 010f 01       		.byte	0x1
 313 0110 99       		.byte	0x99
 314 0111 00000000 		.4byte	.LFB3
 315 0115 20000000 		.4byte	.LFE3-.LFB3
 316 0119 01       		.uleb128 0x1
 317 011a 9C       		.byte	0x9c
 318 011b 0B       		.uleb128 0xb
 319 011c DE000000 		.4byte	.LASF26
 320 0120 01       		.byte	0x1
 321 0121 14       		.byte	0x14
 322 0122 CC000000 		.4byte	0xcc
 323 0126 05       		.uleb128 0x5
 324 0127 03       		.byte	0x3
 325 0128 00000000 		.4byte	emFile_SPI0_backup
 326 012c 00       		.byte	0
 327              		.section	.debug_abbrev,"",%progbits
 328              	.Ldebug_abbrev0:
 329 0000 01       		.uleb128 0x1
 330 0001 11       		.uleb128 0x11
 331 0002 01       		.byte	0x1
 332 0003 25       		.uleb128 0x25
 333 0004 0E       		.uleb128 0xe
 334 0005 13       		.uleb128 0x13
 335 0006 0B       		.uleb128 0xb
 336 0007 03       		.uleb128 0x3
ARM GAS  C:\Users\klabu\AppData\Local\Temp\cc78aGIH.s 			page 10


 337 0008 0E       		.uleb128 0xe
 338 0009 1B       		.uleb128 0x1b
 339 000a 0E       		.uleb128 0xe
 340 000b 55       		.uleb128 0x55
 341 000c 17       		.uleb128 0x17
 342 000d 11       		.uleb128 0x11
 343 000e 01       		.uleb128 0x1
 344 000f 10       		.uleb128 0x10
 345 0010 17       		.uleb128 0x17
 346 0011 00       		.byte	0
 347 0012 00       		.byte	0
 348 0013 02       		.uleb128 0x2
 349 0014 24       		.uleb128 0x24
 350 0015 00       		.byte	0
 351 0016 0B       		.uleb128 0xb
 352 0017 0B       		.uleb128 0xb
 353 0018 3E       		.uleb128 0x3e
 354 0019 0B       		.uleb128 0xb
 355 001a 03       		.uleb128 0x3
 356 001b 0E       		.uleb128 0xe
 357 001c 00       		.byte	0
 358 001d 00       		.byte	0
 359 001e 03       		.uleb128 0x3
 360 001f 24       		.uleb128 0x24
 361 0020 00       		.byte	0
 362 0021 0B       		.uleb128 0xb
 363 0022 0B       		.uleb128 0xb
 364 0023 3E       		.uleb128 0x3e
 365 0024 0B       		.uleb128 0xb
 366 0025 03       		.uleb128 0x3
 367 0026 08       		.uleb128 0x8
 368 0027 00       		.byte	0
 369 0028 00       		.byte	0
 370 0029 04       		.uleb128 0x4
 371 002a 16       		.uleb128 0x16
 372 002b 00       		.byte	0
 373 002c 03       		.uleb128 0x3
 374 002d 0E       		.uleb128 0xe
 375 002e 3A       		.uleb128 0x3a
 376 002f 0B       		.uleb128 0xb
 377 0030 3B       		.uleb128 0x3b
 378 0031 05       		.uleb128 0x5
 379 0032 49       		.uleb128 0x49
 380 0033 13       		.uleb128 0x13
 381 0034 00       		.byte	0
 382 0035 00       		.byte	0
 383 0036 05       		.uleb128 0x5
 384 0037 35       		.uleb128 0x35
 385 0038 00       		.byte	0
 386 0039 49       		.uleb128 0x49
 387 003a 13       		.uleb128 0x13
 388 003b 00       		.byte	0
 389 003c 00       		.byte	0
 390 003d 06       		.uleb128 0x6
 391 003e 13       		.uleb128 0x13
 392 003f 01       		.byte	0x1
 393 0040 0B       		.uleb128 0xb
ARM GAS  C:\Users\klabu\AppData\Local\Temp\cc78aGIH.s 			page 11


 394 0041 0B       		.uleb128 0xb
 395 0042 3A       		.uleb128 0x3a
 396 0043 0B       		.uleb128 0xb
 397 0044 3B       		.uleb128 0x3b
 398 0045 0B       		.uleb128 0xb
 399 0046 01       		.uleb128 0x1
 400 0047 13       		.uleb128 0x13
 401 0048 00       		.byte	0
 402 0049 00       		.byte	0
 403 004a 07       		.uleb128 0x7
 404 004b 0D       		.uleb128 0xd
 405 004c 00       		.byte	0
 406 004d 03       		.uleb128 0x3
 407 004e 0E       		.uleb128 0xe
 408 004f 3A       		.uleb128 0x3a
 409 0050 0B       		.uleb128 0xb
 410 0051 3B       		.uleb128 0x3b
 411 0052 0B       		.uleb128 0xb
 412 0053 49       		.uleb128 0x49
 413 0054 13       		.uleb128 0x13
 414 0055 38       		.uleb128 0x38
 415 0056 0B       		.uleb128 0xb
 416 0057 00       		.byte	0
 417 0058 00       		.byte	0
 418 0059 08       		.uleb128 0x8
 419 005a 16       		.uleb128 0x16
 420 005b 00       		.byte	0
 421 005c 03       		.uleb128 0x3
 422 005d 0E       		.uleb128 0xe
 423 005e 3A       		.uleb128 0x3a
 424 005f 0B       		.uleb128 0xb
 425 0060 3B       		.uleb128 0x3b
 426 0061 0B       		.uleb128 0xb
 427 0062 49       		.uleb128 0x49
 428 0063 13       		.uleb128 0x13
 429 0064 00       		.byte	0
 430 0065 00       		.byte	0
 431 0066 09       		.uleb128 0x9
 432 0067 2E       		.uleb128 0x2e
 433 0068 00       		.byte	0
 434 0069 3F       		.uleb128 0x3f
 435 006a 19       		.uleb128 0x19
 436 006b 03       		.uleb128 0x3
 437 006c 0E       		.uleb128 0xe
 438 006d 3A       		.uleb128 0x3a
 439 006e 0B       		.uleb128 0xb
 440 006f 3B       		.uleb128 0x3b
 441 0070 0B       		.uleb128 0xb
 442 0071 27       		.uleb128 0x27
 443 0072 19       		.uleb128 0x19
 444 0073 11       		.uleb128 0x11
 445 0074 01       		.uleb128 0x1
 446 0075 12       		.uleb128 0x12
 447 0076 06       		.uleb128 0x6
 448 0077 40       		.uleb128 0x40
 449 0078 18       		.uleb128 0x18
 450 0079 9742     		.uleb128 0x2117
ARM GAS  C:\Users\klabu\AppData\Local\Temp\cc78aGIH.s 			page 12


 451 007b 19       		.uleb128 0x19
 452 007c 00       		.byte	0
 453 007d 00       		.byte	0
 454 007e 0A       		.uleb128 0xa
 455 007f 2E       		.uleb128 0x2e
 456 0080 00       		.byte	0
 457 0081 3F       		.uleb128 0x3f
 458 0082 19       		.uleb128 0x19
 459 0083 03       		.uleb128 0x3
 460 0084 0E       		.uleb128 0xe
 461 0085 3A       		.uleb128 0x3a
 462 0086 0B       		.uleb128 0xb
 463 0087 3B       		.uleb128 0x3b
 464 0088 0B       		.uleb128 0xb
 465 0089 27       		.uleb128 0x27
 466 008a 19       		.uleb128 0x19
 467 008b 11       		.uleb128 0x11
 468 008c 01       		.uleb128 0x1
 469 008d 12       		.uleb128 0x12
 470 008e 06       		.uleb128 0x6
 471 008f 40       		.uleb128 0x40
 472 0090 18       		.uleb128 0x18
 473 0091 9642     		.uleb128 0x2116
 474 0093 19       		.uleb128 0x19
 475 0094 00       		.byte	0
 476 0095 00       		.byte	0
 477 0096 0B       		.uleb128 0xb
 478 0097 34       		.uleb128 0x34
 479 0098 00       		.byte	0
 480 0099 03       		.uleb128 0x3
 481 009a 0E       		.uleb128 0xe
 482 009b 3A       		.uleb128 0x3a
 483 009c 0B       		.uleb128 0xb
 484 009d 3B       		.uleb128 0x3b
 485 009e 0B       		.uleb128 0xb
 486 009f 49       		.uleb128 0x49
 487 00a0 13       		.uleb128 0x13
 488 00a1 02       		.uleb128 0x2
 489 00a2 18       		.uleb128 0x18
 490 00a3 00       		.byte	0
 491 00a4 00       		.byte	0
 492 00a5 00       		.byte	0
 493              		.section	.debug_aranges,"",%progbits
 494 0000 34000000 		.4byte	0x34
 495 0004 0200     		.2byte	0x2
 496 0006 00000000 		.4byte	.Ldebug_info0
 497 000a 04       		.byte	0x4
 498 000b 00       		.byte	0
 499 000c 0000     		.2byte	0
 500 000e 0000     		.2byte	0
 501 0010 00000000 		.4byte	.LFB0
 502 0014 0C000000 		.4byte	.LFE0-.LFB0
 503 0018 00000000 		.4byte	.LFB1
 504 001c 0C000000 		.4byte	.LFE1-.LFB1
 505 0020 00000000 		.4byte	.LFB2
 506 0024 34000000 		.4byte	.LFE2-.LFB2
 507 0028 00000000 		.4byte	.LFB3
ARM GAS  C:\Users\klabu\AppData\Local\Temp\cc78aGIH.s 			page 13


 508 002c 20000000 		.4byte	.LFE3-.LFB3
 509 0030 00000000 		.4byte	0
 510 0034 00000000 		.4byte	0
 511              		.section	.debug_ranges,"",%progbits
 512              	.Ldebug_ranges0:
 513 0000 00000000 		.4byte	.LFB0
 514 0004 0C000000 		.4byte	.LFE0
 515 0008 00000000 		.4byte	.LFB1
 516 000c 0C000000 		.4byte	.LFE1
 517 0010 00000000 		.4byte	.LFB2
 518 0014 34000000 		.4byte	.LFE2
 519 0018 00000000 		.4byte	.LFB3
 520 001c 20000000 		.4byte	.LFE3
 521 0020 00000000 		.4byte	0
 522 0024 00000000 		.4byte	0
 523              		.section	.debug_line,"",%progbits
 524              	.Ldebug_line0:
 525 0000 AE000000 		.section	.debug_str,"MS",%progbits,1
 525      02005C00 
 525      00000201 
 525      FB0E0D00 
 525      01010101 
 526              	.LASF6:
 527 0000 6C6F6E67 		.ascii	"long long int\000"
 527      206C6F6E 
 527      6720696E 
 527      7400
 528              	.LASF24:
 529 000e 47656E65 		.ascii	"Generated_Source\\PSoC5\\emFile_SPI0_PM.c\000"
 529      72617465 
 529      645F536F 
 529      75726365 
 529      5C50536F 
 530              	.LASF25:
 531 0036 433A5C6E 		.ascii	"C:\\notoriOS\\notoriOS.cydsn\000"
 531      6F746F72 
 531      694F535C 
 531      6E6F746F 
 531      72694F53 
 532              	.LASF8:
 533 0051 756E7369 		.ascii	"unsigned int\000"
 533      676E6564 
 533      20696E74 
 533      00
 534              	.LASF18:
 535 005e 656D4669 		.ascii	"emFile_SPI0_BACKUP_STRUCT\000"
 535      6C655F53 
 535      5049305F 
 535      4241434B 
 535      55505F53 
 536              	.LASF19:
 537 0078 656D4669 		.ascii	"emFile_SPI0_SaveConfig\000"
 537      6C655F53 
 537      5049305F 
 537      53617665 
 537      436F6E66 
 538              	.LASF12:
ARM GAS  C:\Users\klabu\AppData\Local\Temp\cc78aGIH.s 			page 14


 539 008f 75696E74 		.ascii	"uint8\000"
 539      3800
 540              	.LASF5:
 541 0095 6C6F6E67 		.ascii	"long unsigned int\000"
 541      20756E73 
 541      69676E65 
 541      6420696E 
 541      7400
 542              	.LASF7:
 543 00a7 6C6F6E67 		.ascii	"long long unsigned int\000"
 543      206C6F6E 
 543      6720756E 
 543      7369676E 
 543      65642069 
 544              	.LASF20:
 545 00be 656D4669 		.ascii	"emFile_SPI0_RestoreConfig\000"
 545      6C655F53 
 545      5049305F 
 545      52657374 
 545      6F726543 
 546              	.LASF9:
 547 00d8 666C6F61 		.ascii	"float\000"
 547      7400
 548              	.LASF26:
 549 00de 656D4669 		.ascii	"emFile_SPI0_backup\000"
 549      6C655F53 
 549      5049305F 
 549      6261636B 
 549      757000
 550              	.LASF23:
 551 00f1 474E5520 		.ascii	"GNU C11 5.4.1 20160609 (release) [ARM/embedded-5-br"
 551      43313120 
 551      352E342E 
 551      31203230 
 551      31363036 
 552 0124 616E6368 		.ascii	"anch revision 237715] -mcpu=cortex-m3 -mthumb -g -O"
 552      20726576 
 552      6973696F 
 552      6E203233 
 552      37373135 
 553 0157 30202D66 		.ascii	"0 -ffunction-sections -ffat-lto-objects\000"
 553      66756E63 
 553      74696F6E 
 553      2D736563 
 553      74696F6E 
 554              	.LASF1:
 555 017f 756E7369 		.ascii	"unsigned char\000"
 555      676E6564 
 555      20636861 
 555      7200
 556              	.LASF22:
 557 018d 656D4669 		.ascii	"emFile_SPI0_Wakeup\000"
 557      6C655F53 
 557      5049305F 
 557      57616B65 
 557      757000
 558              	.LASF11:
ARM GAS  C:\Users\klabu\AppData\Local\Temp\cc78aGIH.s 			page 15


 559 01a0 63686172 		.ascii	"char\000"
 559      00
 560              	.LASF4:
 561 01a5 6C6F6E67 		.ascii	"long int\000"
 561      20696E74 
 561      00
 562              	.LASF16:
 563 01ae 656E6162 		.ascii	"enableState\000"
 563      6C655374 
 563      61746500 
 564              	.LASF10:
 565 01ba 646F7562 		.ascii	"double\000"
 565      6C6500
 566              	.LASF17:
 567 01c1 636E7472 		.ascii	"cntrPeriod\000"
 567      50657269 
 567      6F6400
 568              	.LASF3:
 569 01cc 73686F72 		.ascii	"short unsigned int\000"
 569      7420756E 
 569      7369676E 
 569      65642069 
 569      6E7400
 570              	.LASF0:
 571 01df 7369676E 		.ascii	"signed char\000"
 571      65642063 
 571      68617200 
 572              	.LASF21:
 573 01eb 656D4669 		.ascii	"emFile_SPI0_Sleep\000"
 573      6C655F53 
 573      5049305F 
 573      536C6565 
 573      7000
 574              	.LASF14:
 575 01fd 6C6F6E67 		.ascii	"long double\000"
 575      20646F75 
 575      626C6500 
 576              	.LASF2:
 577 0209 73686F72 		.ascii	"short int\000"
 577      7420696E 
 577      7400
 578              	.LASF13:
 579 0213 72656738 		.ascii	"reg8\000"
 579      00
 580              	.LASF15:
 581 0218 73697A65 		.ascii	"sizetype\000"
 581      74797065 
 581      00
 582              		.ident	"GCC: (GNU Tools for ARM Embedded Processors) 5.4.1 20160609 (release) [ARM/embedded-5-bran
