ARM GAS  C:\Users\hail\AppData\Local\Temp\ccq7P5NG.s 			page 1


   1              		.syntax unified
   2              		.cpu cortex-m3
   3              		.fpu softvfp
   4              		.eabi_attribute 20, 1
   5              		.eabi_attribute 21, 1
   6              		.eabi_attribute 23, 3
   7              		.eabi_attribute 24, 1
   8              		.eabi_attribute 25, 1
   9              		.eabi_attribute 26, 1
  10              		.eabi_attribute 30, 6
  11              		.eabi_attribute 34, 1
  12              		.eabi_attribute 18, 4
  13              		.thumb
  14              		.syntax unified
  15              		.file	"influx.c"
  16              		.text
  17              	.Ltext0:
  18              		.cfi_sections	.debug_frame
  19              		.comm	modem_state,1,1
  20              		.comm	modem_start_time_stamp,4,4
  21              		.comm	modem_info,60,4
  22              		.comm	modem_stats,16,4
  23              		.comm	updatable_parameters,3,4
  24              		.syntax unified
  25              		.global _printf_float
  26              		.thumb
  27              		.syntax unified
  28              		.comm	dataPointsInStack,2,2
  29              		.comm	dataPointsInStackDesired,2,2
  30              		.comm	data,6600,4
  31              		.comm	http_request,10000,4
  32              		.comm	http_body,10000,4
  33              		.comm	http_route,200,4
  34              		.comm	system_info,28,4
  35              		.comm	system_settings,324,4
  36              		.section	.rodata
  37              		.align	2
  38              	.LC0:
  39 0000 25732573 		.ascii	"%s%s,node_id=%s value=%s %ld000000000\012\000"
  39      2C6E6F64 
  39      655F6964 
  39      3D257320 
  39      76616C75 
  40              		.section	.text.construct_influx_write_body,"ax",%progbits
  41              		.align	2
  42              		.global	construct_influx_write_body
  43              		.thumb
  44              		.thumb_func
  45              		.type	construct_influx_write_body, %function
  46              	construct_influx_write_body:
  47              	.LFB64:
  48              		.file 1 "influx.c"
   1:influx.c      **** #include "influx.h"  
   2:influx.c      **** #include "notoriOS.h"
   3:influx.c      ****                         
   4:influx.c      **** // Prepare data from data wheel to send to influx
   5:influx.c      **** unsigned int construct_influx_write_body(char* body, char *node_id){
ARM GAS  C:\Users\hail\AppData\Local\Temp\ccq7P5NG.s 			page 2


  49              		.loc 1 5 0
  50              		.cfi_startproc
  51              		@ args = 0, pretend = 0, frame = 16
  52              		@ frame_needed = 1, uses_anonymous_args = 0
  53 0000 90B5     		push	{r4, r7, lr}
  54              		.cfi_def_cfa_offset 12
  55              		.cfi_offset 4, -12
  56              		.cfi_offset 7, -8
  57              		.cfi_offset 14, -4
  58 0002 89B0     		sub	sp, sp, #36
  59              		.cfi_def_cfa_offset 48
  60 0004 04AF     		add	r7, sp, #16
  61              		.cfi_def_cfa 7, 32
  62 0006 7860     		str	r0, [r7, #4]
  63 0008 3960     		str	r1, [r7]
   6:influx.c      ****    
   7:influx.c      ****     body[0] = '\0'; // Set the array variable body to be 0
  64              		.loc 1 7 0
  65 000a 7B68     		ldr	r3, [r7, #4]
  66 000c 0022     		movs	r2, #0
  67 000e 1A70     		strb	r2, [r3]
  68              	.LBB2:
   8:influx.c      ****  
   9:influx.c      ****     // Get data from the data stack and put into http body to send to influx
  10:influx.c      ****     for(uint16 i = 0;i<sizeOfDataStack();i++){
  69              		.loc 1 10 0
  70 0010 0023     		movs	r3, #0
  71 0012 FB81     		strh	r3, [r7, #14]	@ movhi
  72 0014 24E0     		b	.L2
  73              	.L3:
  11:influx.c      ****         // Note that influx uses a timestamp in nano-seconds, so we have to add 9 zeros
  12:influx.c      ****         snprintf(body,sizeof(http_body), "%s%s,node_id=%s value=%s %ld000000000\n", body, data[i].k
  74              		.loc 1 12 0 discriminator 3
  75 0016 FB89     		ldrh	r3, [r7, #14]
  76 0018 2C22     		movs	r2, #44
  77 001a 02FB03F3 		mul	r3, r2, r3
  78 001e 184A     		ldr	r2, .L5
  79 0020 1344     		add	r3, r3, r2
  80 0022 FA89     		ldrh	r2, [r7, #14]
  81 0024 2C21     		movs	r1, #44
  82 0026 01FB02F2 		mul	r2, r1, r2
  83 002a 1032     		adds	r2, r2, #16
  84 002c 1449     		ldr	r1, .L5
  85 002e 0A44     		add	r2, r2, r1
  86 0030 0432     		adds	r2, r2, #4
  87 0032 F989     		ldrh	r1, [r7, #14]
  88 0034 1248     		ldr	r0, .L5
  89 0036 2C24     		movs	r4, #44
  90 0038 04FB01F1 		mul	r1, r4, r1
  91 003c 0144     		add	r1, r1, r0
  92 003e 2831     		adds	r1, r1, #40
  93 0040 0968     		ldr	r1, [r1]
  94 0042 0391     		str	r1, [sp, #12]
  95 0044 0292     		str	r2, [sp, #8]
  96 0046 3A68     		ldr	r2, [r7]
  97 0048 0192     		str	r2, [sp, #4]
  98 004a 0093     		str	r3, [sp]
ARM GAS  C:\Users\hail\AppData\Local\Temp\ccq7P5NG.s 			page 3


  99 004c 7B68     		ldr	r3, [r7, #4]
 100 004e 0D4A     		ldr	r2, .L5+4
 101 0050 42F21071 		movw	r1, #10000
 102 0054 7868     		ldr	r0, [r7, #4]
 103 0056 FFF7FEFF 		bl	snprintf
  10:influx.c      ****         // Note that influx uses a timestamp in nano-seconds, so we have to add 9 zeros
 104              		.loc 1 10 0 discriminator 3
 105 005a FB89     		ldrh	r3, [r7, #14]
 106 005c 0133     		adds	r3, r3, #1
 107 005e FB81     		strh	r3, [r7, #14]	@ movhi
 108              	.L2:
  10:influx.c      ****         // Note that influx uses a timestamp in nano-seconds, so we have to add 9 zeros
 109              		.loc 1 10 0 is_stmt 0 discriminator 1
 110 0060 FFF7FEFF 		bl	sizeOfDataStack
 111 0064 0346     		mov	r3, r0
 112 0066 1A46     		mov	r2, r3
 113 0068 FB89     		ldrh	r3, [r7, #14]
 114 006a 9342     		cmp	r3, r2
 115 006c D3D3     		bcc	.L3
 116              	.LBE2:
  13:influx.c      ****     }
  14:influx.c      ****     
  15:influx.c      ****     // The strlen() function calculates the length of a given string. The strlen() function takes a
  16:influx.c      ****     unsigned int request_len = strlen(body);
 117              		.loc 1 16 0 is_stmt 1
 118 006e 7868     		ldr	r0, [r7, #4]
 119 0070 FFF7FEFF 		bl	strlen
 120 0074 B860     		str	r0, [r7, #8]
  17:influx.c      ****    
  18:influx.c      **** 
  19:influx.c      ****     return request_len;
 121              		.loc 1 19 0
 122 0076 BB68     		ldr	r3, [r7, #8]
  20:influx.c      **** }
 123              		.loc 1 20 0
 124 0078 1846     		mov	r0, r3
 125 007a 1437     		adds	r7, r7, #20
 126              		.cfi_def_cfa_offset 12
 127 007c BD46     		mov	sp, r7
 128              		.cfi_def_cfa_register 13
 129              		@ sp needed
 130 007e 90BD     		pop	{r4, r7, pc}
 131              	.L6:
 132              		.align	2
 133              	.L5:
 134 0080 00000000 		.word	data
 135 0084 00000000 		.word	.LC0
 136              		.cfi_endproc
 137              	.LFE64:
 138              		.size	construct_influx_write_body, .-construct_influx_write_body
 139              		.section	.rodata
 140 0027 00       		.align	2
 141              	.LC1:
 142 0028 25732573 		.ascii	"%s%s?u=%s&p=%s&db=%s\000"
 142      3F753D25 
 142      7326703D 
 142      25732664 
ARM GAS  C:\Users\hail\AppData\Local\Temp\ccq7P5NG.s 			page 4


 142      623D2573 
 143              		.section	.text.construct_influx_route,"ax",%progbits
 144              		.align	2
 145              		.global	construct_influx_route
 146              		.thumb
 147              		.thumb_func
 148              		.type	construct_influx_route, %function
 149              	construct_influx_route:
 150              	.LFB65:
  21:influx.c      **** 
  22:influx.c      **** // Create the route to connect to the influx database
  23:influx.c      **** void construct_influx_route(char* route, char* base, char* user, char* pass, char* database){
 151              		.loc 1 23 0
 152              		.cfi_startproc
 153              		@ args = 4, pretend = 0, frame = 16
 154              		@ frame_needed = 1, uses_anonymous_args = 0
 155 0000 80B5     		push	{r7, lr}
 156              		.cfi_def_cfa_offset 8
 157              		.cfi_offset 7, -8
 158              		.cfi_offset 14, -4
 159 0002 88B0     		sub	sp, sp, #32
 160              		.cfi_def_cfa_offset 40
 161 0004 04AF     		add	r7, sp, #16
 162              		.cfi_def_cfa 7, 24
 163 0006 F860     		str	r0, [r7, #12]
 164 0008 B960     		str	r1, [r7, #8]
 165 000a 7A60     		str	r2, [r7, #4]
 166 000c 3B60     		str	r3, [r7]
  24:influx.c      ****     // Detting a string to \0 is an easy way to set the string to be 0 because \0 denotes the end o
  25:influx.c      ****     route[0] = '\0';
 167              		.loc 1 25 0
 168 000e FB68     		ldr	r3, [r7, #12]
 169 0010 0022     		movs	r2, #0
 170 0012 1A70     		strb	r2, [r3]
  26:influx.c      ****     snprintf(route,sizeof(http_route), "%s%s?u=%s&p=%s&db=%s", route, base, user, pass, database); 
 171              		.loc 1 26 0
 172 0014 BB69     		ldr	r3, [r7, #24]
 173 0016 0393     		str	r3, [sp, #12]
 174 0018 3B68     		ldr	r3, [r7]
 175 001a 0293     		str	r3, [sp, #8]
 176 001c 7B68     		ldr	r3, [r7, #4]
 177 001e 0193     		str	r3, [sp, #4]
 178 0020 BB68     		ldr	r3, [r7, #8]
 179 0022 0093     		str	r3, [sp]
 180 0024 FB68     		ldr	r3, [r7, #12]
 181 0026 044A     		ldr	r2, .L8
 182 0028 C821     		movs	r1, #200
 183 002a F868     		ldr	r0, [r7, #12]
 184 002c FFF7FEFF 		bl	snprintf
  27:influx.c      **** }
 185              		.loc 1 27 0
 186 0030 00BF     		nop
 187 0032 1037     		adds	r7, r7, #16
 188              		.cfi_def_cfa_offset 8
 189 0034 BD46     		mov	sp, r7
 190              		.cfi_def_cfa_register 13
 191              		@ sp needed
ARM GAS  C:\Users\hail\AppData\Local\Temp\ccq7P5NG.s 			page 5


 192 0036 80BD     		pop	{r7, pc}
 193              	.L9:
 194              		.align	2
 195              	.L8:
 196 0038 28000000 		.word	.LC1
 197              		.cfi_endproc
 198              	.LFE65:
 199              		.size	construct_influx_route, .-construct_influx_route
 200              		.section	.rodata
 201 003d 000000   		.align	2
 202              	.LC2:
 203 0040 494E464C 		.ascii	"INFLUX\000"
 203      555800
 204 0047 00       		.align	2
 205              	.LC3:
 206 0048 74657374 		.ascii	"test_reading_1,node_id=XYZ10, value=000 12345\012te"
 206      5F726561 
 206      64696E67 
 206      5F312C6E 
 206      6F64655F 
 207 0078 73745F72 		.ascii	"st_reading_2,node_id=XYZ10, value=111 67890\015\012"
 207      65616469 
 207      6E675F32 
 207      2C6E6F64 
 207      655F6964 
 208 00a5 00       		.ascii	"\000"
 209 00a6 0000     		.align	2
 210              	.LC4:
 211 00a8 30303000 		.ascii	"000\000"
 212              		.align	2
 213              	.LC5:
 214 00ac 74657374 		.ascii	"test_reading_1\000"
 214      5F726561 
 214      64696E67 
 214      5F3100
 215 00bb 00       		.align	2
 216              	.LC6:
 217 00bc 31313100 		.ascii	"111\000"
 218              		.align	2
 219              	.LC7:
 220 00c0 74657374 		.ascii	"test_reading_2\000"
 220      5F726561 
 220      64696E67 
 220      5F3200
 221 00cf 00       		.align	2
 222              	.LC8:
 223 00d0 58595A31 		.ascii	"XYZ10\000"
 223      3000
 224 00d6 0000     		.align	2
 225              	.LC9:
 226 00d8 496E666C 		.ascii	"Influx body generated correctly.\000"
 226      75782062 
 226      6F647920 
 226      67656E65 
 226      72617465 
 227 00f9 000000   		.align	2
 228              	.LC10:
ARM GAS  C:\Users\hail\AppData\Local\Temp\ccq7P5NG.s 			page 6


 229 00fc 496E666C 		.ascii	"Influx body could not be generated correctly.\000"
 229      75782062 
 229      6F647920 
 229      636F756C 
 229      64206E6F 
 230              		.section	.text.influx_test,"ax",%progbits
 231              		.align	2
 232              		.global	influx_test
 233              		.thumb
 234              		.thumb_func
 235              		.type	influx_test, %function
 236              	influx_test:
 237              	.LFB66:
  28:influx.c      **** 
  29:influx.c      **** // Test the influx server
  30:influx.c      **** test_t influx_test(){
 238              		.loc 1 30 0
 239              		.cfi_startproc
 240              		@ args = 0, pretend = 0, frame = 608
 241              		@ frame_needed = 1, uses_anonymous_args = 0
 242 0000 F0B5     		push	{r4, r5, r6, r7, lr}
 243              		.cfi_def_cfa_offset 20
 244              		.cfi_offset 4, -20
 245              		.cfi_offset 5, -16
 246              		.cfi_offset 6, -12
 247              		.cfi_offset 7, -8
 248              		.cfi_offset 14, -4
 249 0002 ADF5197D 		sub	sp, sp, #612
 250              		.cfi_def_cfa_offset 632
 251 0006 00AF     		add	r7, sp, #0
 252              		.cfi_def_cfa_register 7
 253 0008 3B1D     		adds	r3, r7, #4
 254 000a 1860     		str	r0, [r3]
  31:influx.c      ****     test_t test; // Create variable test of data structure test_t
  32:influx.c      ****     test.status = 0u;
 255              		.loc 1 32 0
 256 000c 07F1D403 		add	r3, r7, #212
 257 0010 0022     		movs	r2, #0
 258 0012 83F88020 		strb	r2, [r3, #128]
  33:influx.c      ****     snprintf(test.test_name,sizeof(test.test_name),"INFLUX");
 259              		.loc 1 33 0
 260 0016 07F1D403 		add	r3, r7, #212
 261 001a 3C4A     		ldr	r2, .L16
 262 001c 92E80300 		ldmia	r2, {r0, r1}
 263 0020 1860     		str	r0, [r3]
 264 0022 0433     		adds	r3, r3, #4
 265 0024 1980     		strh	r1, [r3]	@ movhi
 266 0026 0233     		adds	r3, r3, #2
 267 0028 0A0C     		lsrs	r2, r1, #16
 268 002a 1A70     		strb	r2, [r3]
  34:influx.c      ****     
  35:influx.c      ****     //we'll create a few fake test, generate a string and compare it to a known value
  36:influx.c      ****     char *expected_string = "test_reading_1,node_id=XYZ10, value=000 12345\ntest_reading_2,node_id=
 269              		.loc 1 36 0
 270 002c 384B     		ldr	r3, .L16+4
 271 002e C7F85C32 		str	r3, [r7, #604]
  37:influx.c      ****     
ARM GAS  C:\Users\hail\AppData\Local\Temp\ccq7P5NG.s 			page 7


  38:influx.c      ****     Clear_Data_Stack();
 272              		.loc 1 38 0
 273 0032 FFF7FEFF 		bl	Clear_Data_Stack
  39:influx.c      ****     pushData("test_reading_1", "000", 12345);
 274              		.loc 1 39 0
 275 0036 43F23902 		movw	r2, #12345
 276 003a 3649     		ldr	r1, .L16+8
 277 003c 3648     		ldr	r0, .L16+12
 278 003e FFF7FEFF 		bl	pushData
  40:influx.c      ****     pushData("test_reading_2", "111", 67890);
 279              		.loc 1 40 0
 280 0042 364A     		ldr	r2, .L16+16
 281 0044 3649     		ldr	r1, .L16+20
 282 0046 3748     		ldr	r0, .L16+24
 283 0048 FFF7FEFF 		bl	pushData
  41:influx.c      ****     char test_write_body[200];
  42:influx.c      ****     construct_influx_write_body(test_write_body, "XYZ10");
 284              		.loc 1 42 0
 285 004c 07F10C03 		add	r3, r7, #12
 286 0050 3549     		ldr	r1, .L16+28
 287 0052 1846     		mov	r0, r3
 288 0054 FFF7FEFF 		bl	construct_influx_write_body
  43:influx.c      ****     
  44:influx.c      ****     // Will return zero if strings are identical.
  45:influx.c      ****     // int strcmp(const char *str1, const char *str2) compares the string pointed to, by str1 to th
  46:influx.c      ****     int compare = strcmp(test_write_body,expected_string);
 289              		.loc 1 46 0
 290 0058 07F10C03 		add	r3, r7, #12
 291 005c D7F85C12 		ldr	r1, [r7, #604]
 292 0060 1846     		mov	r0, r3
 293 0062 FFF7FEFF 		bl	strcmp
 294 0066 C7F85802 		str	r0, [r7, #600]
  47:influx.c      ****     
  48:influx.c      ****     // If strings identical, change test status to 1
  49:influx.c      ****     if(compare == 0){
 295              		.loc 1 49 0
 296 006a D7F85832 		ldr	r3, [r7, #600]
 297 006e 002B     		cmp	r3, #0
 298 0070 1DD1     		bne	.L11
  50:influx.c      ****         test.status = 1u;
 299              		.loc 1 50 0
 300 0072 07F1D403 		add	r3, r7, #212
 301 0076 0122     		movs	r2, #1
 302 0078 83F88020 		strb	r2, [r3, #128]
  51:influx.c      ****         snprintf(test.reason,sizeof(test.reason),"Influx body generated correctly.");
 303              		.loc 1 51 0
 304 007c 07F1D403 		add	r3, r7, #212
 305 0080 8133     		adds	r3, r3, #129
 306 0082 2A4A     		ldr	r2, .L16+32
 307 0084 1446     		mov	r4, r2
 308 0086 9E46     		mov	lr, r3
 309 0088 04F1200C 		add	ip, r4, #32
 310              	.L12:
 311 008c 7546     		mov	r5, lr
 312 008e 2646     		mov	r6, r4
 313 0090 0FCE     		ldmia	r6!, {r0, r1, r2, r3}
 314 0092 2860     		str	r0, [r5]	@ unaligned
ARM GAS  C:\Users\hail\AppData\Local\Temp\ccq7P5NG.s 			page 8


 315 0094 6960     		str	r1, [r5, #4]	@ unaligned
 316 0096 AA60     		str	r2, [r5, #8]	@ unaligned
 317 0098 EB60     		str	r3, [r5, #12]	@ unaligned
 318 009a 1034     		adds	r4, r4, #16
 319 009c 0EF1100E 		add	lr, lr, #16
 320 00a0 6445     		cmp	r4, ip
 321 00a2 F3D1     		bne	.L12
 322 00a4 7346     		mov	r3, lr
 323 00a6 2246     		mov	r2, r4
 324 00a8 1278     		ldrb	r2, [r2]
 325 00aa 1A70     		strb	r2, [r3]
 326 00ac 1BE0     		b	.L13
 327              	.L11:
  52:influx.c      ****     }else{
  53:influx.c      ****         snprintf(test.reason,sizeof(test.reason),"Influx body could not be generated correctly.");
 328              		.loc 1 53 0
 329 00ae 07F1D403 		add	r3, r7, #212
 330 00b2 8133     		adds	r3, r3, #129
 331 00b4 1E4A     		ldr	r2, .L16+36
 332 00b6 1446     		mov	r4, r2
 333 00b8 9E46     		mov	lr, r3
 334 00ba 04F1200C 		add	ip, r4, #32
 335              	.L14:
 336 00be 7546     		mov	r5, lr
 337 00c0 2646     		mov	r6, r4
 338 00c2 0FCE     		ldmia	r6!, {r0, r1, r2, r3}
 339 00c4 2860     		str	r0, [r5]	@ unaligned
 340 00c6 6960     		str	r1, [r5, #4]	@ unaligned
 341 00c8 AA60     		str	r2, [r5, #8]	@ unaligned
 342 00ca EB60     		str	r3, [r5, #12]	@ unaligned
 343 00cc 1034     		adds	r4, r4, #16
 344 00ce 0EF1100E 		add	lr, lr, #16
 345 00d2 6445     		cmp	r4, ip
 346 00d4 F3D1     		bne	.L14
 347 00d6 7546     		mov	r5, lr
 348 00d8 2346     		mov	r3, r4
 349 00da 07CB     		ldmia	r3!, {r0, r1, r2}
 350 00dc 2860     		str	r0, [r5]	@ unaligned
 351 00de 6960     		str	r1, [r5, #4]	@ unaligned
 352 00e0 AA60     		str	r2, [r5, #8]	@ unaligned
 353 00e2 1B88     		ldrh	r3, [r3]	@ unaligned
 354 00e4 AB81     		strh	r3, [r5, #12]	@ unaligned
 355              	.L13:
  54:influx.c      ****     }
  55:influx.c      ****     
  56:influx.c      ****     Clear_Data_Stack(); // Clear the data stack
 356              		.loc 1 56 0
 357 00e6 FFF7FEFF 		bl	Clear_Data_Stack
  57:influx.c      ****     
  58:influx.c      ****     return test;
 358              		.loc 1 58 0
 359 00ea 3B1D     		adds	r3, r7, #4
 360 00ec 1A68     		ldr	r2, [r3]
 361 00ee 07F1D403 		add	r3, r7, #212
 362 00f2 1046     		mov	r0, r2
 363 00f4 1946     		mov	r1, r3
 364 00f6 40F28113 		movw	r3, #385
ARM GAS  C:\Users\hail\AppData\Local\Temp\ccq7P5NG.s 			page 9


 365 00fa 1A46     		mov	r2, r3
 366 00fc FFF7FEFF 		bl	memcpy
  59:influx.c      **** }...
 367              		.loc 1 59 0
 368 0100 3B1D     		adds	r3, r7, #4
 369 0102 1868     		ldr	r0, [r3]
 370 0104 07F51977 		add	r7, r7, #612
 371              		.cfi_def_cfa_offset 20
 372 0108 BD46     		mov	sp, r7
 373              		.cfi_def_cfa_register 13
 374              		@ sp needed
 375 010a F0BD     		pop	{r4, r5, r6, r7, pc}
 376              	.L17:
 377              		.align	2
 378              	.L16:
 379 010c 40000000 		.word	.LC2
 380 0110 48000000 		.word	.LC3
 381 0114 A8000000 		.word	.LC4
 382 0118 AC000000 		.word	.LC5
 383 011c 32090100 		.word	67890
 384 0120 BC000000 		.word	.LC6
 385 0124 C0000000 		.word	.LC7
 386 0128 D0000000 		.word	.LC8
 387 012c D8000000 		.word	.LC9
 388 0130 FC000000 		.word	.LC10
 389              		.cfi_endproc
 390              	.LFE66:
 391              		.size	influx_test, .-influx_test
 392              		.text
 393              	.Letext0:
 394              		.file 2 "c:\\program files (x86)\\cypress\\psoc creator\\4.3\\psoc creator\\import\\gnu\\arm\\5.4.
 395              		.file 3 "c:\\program files (x86)\\cypress\\psoc creator\\4.3\\psoc creator\\import\\gnu\\arm\\5.4.
 396              		.file 4 "Generated_Source\\PSoC5/cytypes.h"
 397              		.file 5 "testing.h"
 398              		.file 6 "modem.h"
 399              		.file 7 "data.h"
 400              		.file 8 "notoriOS.h"
 401              		.file 9 "Generated_Source\\PSoC5/core_cm3.h"
 402              		.section	.debug_info,"",%progbits
 403              	.Ldebug_info0:
 404 0000 39050000 		.4byte	0x539
 405 0004 0400     		.2byte	0x4
 406 0006 00000000 		.4byte	.Ldebug_abbrev0
 407 000a 04       		.byte	0x4
 408 000b 01       		.uleb128 0x1
 409 000c 58000000 		.4byte	.LASF78
 410 0010 0C       		.byte	0xc
 411 0011 12010000 		.4byte	.LASF79
 412 0015 96020000 		.4byte	.LASF80
 413 0019 00000000 		.4byte	.Ldebug_ranges0+0
 414 001d 00000000 		.4byte	0
 415 0021 00000000 		.4byte	.Ldebug_line0
 416 0025 02       		.uleb128 0x2
 417 0026 04       		.byte	0x4
 418 0027 05       		.byte	0x5
 419 0028 696E7400 		.ascii	"int\000"
 420 002c 03       		.uleb128 0x3
ARM GAS  C:\Users\hail\AppData\Local\Temp\ccq7P5NG.s 			page 10


 421 002d 04       		.byte	0x4
 422 002e 07       		.byte	0x7
 423 002f 73020000 		.4byte	.LASF0
 424 0033 03       		.uleb128 0x3
 425 0034 08       		.byte	0x8
 426 0035 05       		.byte	0x5
 427 0036 A1010000 		.4byte	.LASF1
 428 003a 03       		.uleb128 0x3
 429 003b 08       		.byte	0x8
 430 003c 04       		.byte	0x4
 431 003d 03020000 		.4byte	.LASF2
 432 0041 03       		.uleb128 0x3
 433 0042 01       		.byte	0x1
 434 0043 06       		.byte	0x6
 435 0044 40020000 		.4byte	.LASF3
 436 0048 03       		.uleb128 0x3
 437 0049 01       		.byte	0x1
 438 004a 08       		.byte	0x8
 439 004b 0F020000 		.4byte	.LASF4
 440 004f 03       		.uleb128 0x3
 441 0050 02       		.byte	0x2
 442 0051 05       		.byte	0x5
 443 0052 3D000000 		.4byte	.LASF5
 444 0056 03       		.uleb128 0x3
 445 0057 02       		.byte	0x2
 446 0058 07       		.byte	0x7
 447 0059 10030000 		.4byte	.LASF6
 448 005d 04       		.uleb128 0x4
 449 005e EF030000 		.4byte	.LASF12
 450 0062 02       		.byte	0x2
 451 0063 3F       		.byte	0x3f
 452 0064 68000000 		.4byte	0x68
 453 0068 03       		.uleb128 0x3
 454 0069 04       		.byte	0x4
 455 006a 05       		.byte	0x5
 456 006b C8010000 		.4byte	.LASF7
 457 006f 03       		.uleb128 0x3
 458 0070 04       		.byte	0x4
 459 0071 07       		.byte	0x7
 460 0072 AF030000 		.4byte	.LASF8
 461 0076 03       		.uleb128 0x3
 462 0077 08       		.byte	0x8
 463 0078 07       		.byte	0x7
 464 0079 4C020000 		.4byte	.LASF9
 465 007d 03       		.uleb128 0x3
 466 007e 04       		.byte	0x4
 467 007f 07       		.byte	0x7
 468 0080 47000000 		.4byte	.LASF10
 469 0084 05       		.uleb128 0x5
 470 0085 04       		.byte	0x4
 471 0086 8A000000 		.4byte	0x8a
 472 008a 03       		.uleb128 0x3
 473 008b 01       		.byte	0x1
 474 008c 08       		.byte	0x8
 475 008d AF010000 		.4byte	.LASF11
 476 0091 06       		.uleb128 0x6
 477 0092 8A000000 		.4byte	0x8a
ARM GAS  C:\Users\hail\AppData\Local\Temp\ccq7P5NG.s 			page 11


 478 0096 A1000000 		.4byte	0xa1
 479 009a 07       		.uleb128 0x7
 480 009b 7D000000 		.4byte	0x7d
 481 009f 17       		.byte	0x17
 482 00a0 00       		.byte	0
 483 00a1 04       		.uleb128 0x4
 484 00a2 72030000 		.4byte	.LASF13
 485 00a6 03       		.byte	0x3
 486 00a7 2C       		.byte	0x2c
 487 00a8 5D000000 		.4byte	0x5d
 488 00ac 03       		.uleb128 0x3
 489 00ad 08       		.byte	0x8
 490 00ae 04       		.byte	0x4
 491 00af C7030000 		.4byte	.LASF14
 492 00b3 03       		.uleb128 0x3
 493 00b4 04       		.byte	0x4
 494 00b5 04       		.byte	0x4
 495 00b6 9B010000 		.4byte	.LASF15
 496 00ba 08       		.uleb128 0x8
 497 00bb 49010000 		.4byte	.LASF16
 498 00bf 04       		.byte	0x4
 499 00c0 9201     		.2byte	0x192
 500 00c2 48000000 		.4byte	0x48
 501 00c6 08       		.uleb128 0x8
 502 00c7 0B010000 		.4byte	.LASF17
 503 00cb 04       		.byte	0x4
 504 00cc 9301     		.2byte	0x193
 505 00ce 56000000 		.4byte	0x56
 506 00d2 08       		.uleb128 0x8
 507 00d3 C1030000 		.4byte	.LASF18
 508 00d7 04       		.byte	0x4
 509 00d8 9701     		.2byte	0x197
 510 00da 68000000 		.4byte	0x68
 511 00de 09       		.uleb128 0x9
 512 00df 8101     		.2byte	0x181
 513 00e1 05       		.byte	0x5
 514 00e2 0A       		.byte	0xa
 515 00e3 0C010000 		.4byte	0x10c
 516 00e7 0A       		.uleb128 0xa
 517 00e8 88030000 		.4byte	.LASF19
 518 00ec 05       		.byte	0x5
 519 00ed 0C       		.byte	0xc
 520 00ee 0C010000 		.4byte	0x10c
 521 00f2 00       		.byte	0
 522 00f3 0A       		.uleb128 0xa
 523 00f4 3B030000 		.4byte	.LASF20
 524 00f8 05       		.byte	0x5
 525 00f9 0D       		.byte	0xd
 526 00fa BA000000 		.4byte	0xba
 527 00fe 80       		.byte	0x80
 528 00ff 0A       		.uleb128 0xa
 529 0100 C1010000 		.4byte	.LASF21
 530 0104 05       		.byte	0x5
 531 0105 0F       		.byte	0xf
 532 0106 1C010000 		.4byte	0x11c
 533 010a 81       		.byte	0x81
 534 010b 00       		.byte	0
ARM GAS  C:\Users\hail\AppData\Local\Temp\ccq7P5NG.s 			page 12


 535 010c 06       		.uleb128 0x6
 536 010d 8A000000 		.4byte	0x8a
 537 0111 1C010000 		.4byte	0x11c
 538 0115 07       		.uleb128 0x7
 539 0116 7D000000 		.4byte	0x7d
 540 011a 7F       		.byte	0x7f
 541 011b 00       		.byte	0
 542 011c 06       		.uleb128 0x6
 543 011d 8A000000 		.4byte	0x8a
 544 0121 2C010000 		.4byte	0x12c
 545 0125 07       		.uleb128 0x7
 546 0126 7D000000 		.4byte	0x7d
 547 012a FF       		.byte	0xff
 548 012b 00       		.byte	0
 549 012c 04       		.uleb128 0x4
 550 012d 66030000 		.4byte	.LASF22
 551 0131 05       		.byte	0x5
 552 0132 10       		.byte	0x10
 553 0133 DE000000 		.4byte	0xde
 554 0137 0B       		.uleb128 0xb
 555 0138 3C       		.byte	0x3c
 556 0139 06       		.byte	0x6
 557 013a 2E       		.byte	0x2e
 558 013b 64010000 		.4byte	0x164
 559 013f 0A       		.uleb128 0xa
 560 0140 19000000 		.4byte	.LASF23
 561 0144 06       		.byte	0x6
 562 0145 2F       		.byte	0x2f
 563 0146 64010000 		.4byte	0x164
 564 014a 00       		.byte	0
 565 014b 0A       		.uleb128 0xa
 566 014c 00000000 		.4byte	.LASF24
 567 0150 06       		.byte	0x6
 568 0151 30       		.byte	0x30
 569 0152 64010000 		.4byte	0x164
 570 0156 14       		.byte	0x14
 571 0157 0A       		.uleb128 0xa
 572 0158 6D030000 		.4byte	.LASF25
 573 015c 06       		.byte	0x6
 574 015d 31       		.byte	0x31
 575 015e 64010000 		.4byte	0x164
 576 0162 28       		.byte	0x28
 577 0163 00       		.byte	0
 578 0164 06       		.uleb128 0x6
 579 0165 8A000000 		.4byte	0x8a
 580 0169 74010000 		.4byte	0x174
 581 016d 07       		.uleb128 0x7
 582 016e 7D000000 		.4byte	0x7d
 583 0172 13       		.byte	0x13
 584 0173 00       		.byte	0
 585 0174 04       		.uleb128 0x4
 586 0175 B4010000 		.4byte	.LASF26
 587 0179 06       		.byte	0x6
 588 017a 32       		.byte	0x32
 589 017b 37010000 		.4byte	0x137
 590 017f 0B       		.uleb128 0xb
 591 0180 10       		.byte	0x10
ARM GAS  C:\Users\hail\AppData\Local\Temp\ccq7P5NG.s 			page 13


 592 0181 06       		.byte	0x6
 593 0182 34       		.byte	0x34
 594 0183 E8010000 		.4byte	0x1e8
 595 0187 0A       		.uleb128 0xa
 596 0188 53040000 		.4byte	.LASF27
 597 018c 06       		.byte	0x6
 598 018d 35       		.byte	0x35
 599 018e BA000000 		.4byte	0xba
 600 0192 00       		.byte	0
 601 0193 0C       		.uleb128 0xc
 602 0194 62657200 		.ascii	"ber\000"
 603 0198 06       		.byte	0x6
 604 0199 36       		.byte	0x36
 605 019a BA000000 		.4byte	0xba
 606 019e 01       		.byte	0x1
 607 019f 0A       		.uleb128 0xa
 608 01a0 6E010000 		.4byte	.LASF28
 609 01a4 06       		.byte	0x6
 610 01a5 37       		.byte	0x37
 611 01a6 BA000000 		.4byte	0xba
 612 01aa 02       		.byte	0x2
 613 01ab 0A       		.uleb128 0xa
 614 01ac 00010000 		.4byte	.LASF29
 615 01b0 06       		.byte	0x6
 616 01b1 38       		.byte	0x38
 617 01b2 BA000000 		.4byte	0xba
 618 01b6 03       		.byte	0x3
 619 01b7 0A       		.uleb128 0xa
 620 01b8 97030000 		.4byte	.LASF30
 621 01bc 06       		.byte	0x6
 622 01bd 39       		.byte	0x39
 623 01be BA000000 		.4byte	0xba
 624 01c2 04       		.byte	0x4
 625 01c3 0A       		.uleb128 0xa
 626 01c4 73010000 		.4byte	.LASF31
 627 01c8 06       		.byte	0x6
 628 01c9 3A       		.byte	0x3a
 629 01ca BA000000 		.4byte	0xba
 630 01ce 05       		.byte	0x5
 631 01cf 0A       		.uleb128 0xa
 632 01d0 23030000 		.4byte	.LASF32
 633 01d4 06       		.byte	0x6
 634 01d5 3B       		.byte	0x3b
 635 01d6 25000000 		.4byte	0x25
 636 01da 08       		.byte	0x8
 637 01db 0A       		.uleb128 0xa
 638 01dc 53030000 		.4byte	.LASF33
 639 01e0 06       		.byte	0x6
 640 01e1 3C       		.byte	0x3c
 641 01e2 25000000 		.4byte	0x25
 642 01e6 0C       		.byte	0xc
 643 01e7 00       		.byte	0
 644 01e8 04       		.uleb128 0x4
 645 01e9 7A030000 		.4byte	.LASF34
 646 01ed 06       		.byte	0x6
 647 01ee 3D       		.byte	0x3d
 648 01ef 7F010000 		.4byte	0x17f
ARM GAS  C:\Users\hail\AppData\Local\Temp\ccq7P5NG.s 			page 14


 649 01f3 0B       		.uleb128 0xb
 650 01f4 03       		.byte	0x3
 651 01f5 06       		.byte	0x6
 652 01f6 49       		.byte	0x49
 653 01f7 20020000 		.4byte	0x220
 654 01fb 0A       		.uleb128 0xa
 655 01fc F6010000 		.4byte	.LASF35
 656 0200 06       		.byte	0x6
 657 0201 4C       		.byte	0x4c
 658 0202 BA000000 		.4byte	0xba
 659 0206 00       		.byte	0
 660 0207 0A       		.uleb128 0xa
 661 0208 8C020000 		.4byte	.LASF36
 662 020c 06       		.byte	0x6
 663 020d 4E       		.byte	0x4e
 664 020e BA000000 		.4byte	0xba
 665 0212 01       		.byte	0x1
 666 0213 0A       		.uleb128 0xa
 667 0214 DB030000 		.4byte	.LASF37
 668 0218 06       		.byte	0x6
 669 0219 51       		.byte	0x51
 670 021a BA000000 		.4byte	0xba
 671 021e 02       		.byte	0x2
 672 021f 00       		.byte	0
 673 0220 04       		.uleb128 0x4
 674 0221 E9020000 		.4byte	.LASF38
 675 0225 06       		.byte	0x6
 676 0226 52       		.byte	0x52
 677 0227 F3010000 		.4byte	0x1f3
 678 022b 0B       		.uleb128 0xb
 679 022c 2C       		.byte	0x2c
 680 022d 07       		.byte	0x7
 681 022e 10       		.byte	0x10
 682 022f 58020000 		.4byte	0x258
 683 0233 0C       		.uleb128 0xc
 684 0234 6B657900 		.ascii	"key\000"
 685 0238 07       		.byte	0x7
 686 0239 11       		.byte	0x11
 687 023a 64010000 		.4byte	0x164
 688 023e 00       		.byte	0
 689 023f 0A       		.uleb128 0xa
 690 0240 05010000 		.4byte	.LASF39
 691 0244 07       		.byte	0x7
 692 0245 12       		.byte	0x12
 693 0246 64010000 		.4byte	0x164
 694 024a 14       		.byte	0x14
 695 024b 0A       		.uleb128 0xa
 696 024c 78010000 		.4byte	.LASF40
 697 0250 07       		.byte	0x7
 698 0251 13       		.byte	0x13
 699 0252 D2000000 		.4byte	0xd2
 700 0256 28       		.byte	0x28
 701 0257 00       		.byte	0
 702 0258 04       		.uleb128 0x4
 703 0259 80020000 		.4byte	.LASF41
 704 025d 07       		.byte	0x7
 705 025e 14       		.byte	0x14
ARM GAS  C:\Users\hail\AppData\Local\Temp\ccq7P5NG.s 			page 15


 706 025f 2B020000 		.4byte	0x22b
 707 0263 0B       		.uleb128 0xb
 708 0264 1C       		.byte	0x1c
 709 0265 08       		.byte	0x8
 710 0266 36       		.byte	0x36
 711 0267 84020000 		.4byte	0x284
 712 026b 0A       		.uleb128 0xa
 713 026c 4F010000 		.4byte	.LASF42
 714 0270 08       		.byte	0x8
 715 0271 38       		.byte	0x38
 716 0272 84020000 		.4byte	0x284
 717 0276 00       		.byte	0
 718 0277 0A       		.uleb128 0xa
 719 0278 2F000000 		.4byte	.LASF43
 720 027c 08       		.byte	0x8
 721 027d 39       		.byte	0x39
 722 027e 91000000 		.4byte	0x91
 723 0282 04       		.byte	0x4
 724 0283 00       		.byte	0
 725 0284 05       		.uleb128 0x5
 726 0285 04       		.byte	0x4
 727 0286 74010000 		.4byte	0x174
 728 028a 04       		.uleb128 0x4
 729 028b 00030000 		.4byte	.LASF44
 730 028f 08       		.byte	0x8
 731 0290 3B       		.byte	0x3b
 732 0291 63020000 		.4byte	0x263
 733 0295 09       		.uleb128 0x9
 734 0296 4401     		.2byte	0x144
 735 0298 08       		.byte	0x8
 736 0299 41       		.byte	0x41
 737 029a E8020000 		.4byte	0x2e8
 738 029e 0A       		.uleb128 0xa
 739 029f 10040000 		.4byte	.LASF45
 740 02a3 08       		.byte	0x8
 741 02a4 44       		.byte	0x44
 742 02a5 64010000 		.4byte	0x164
 743 02a9 00       		.byte	0
 744 02aa 0A       		.uleb128 0xa
 745 02ab 50000000 		.4byte	.LASF46
 746 02af 08       		.byte	0x8
 747 02b0 46       		.byte	0x46
 748 02b1 E8020000 		.4byte	0x2e8
 749 02b5 14       		.byte	0x14
 750 02b6 0A       		.uleb128 0xa
 751 02b7 2D040000 		.4byte	.LASF47
 752 02bb 08       		.byte	0x8
 753 02bc 47       		.byte	0x47
 754 02bd 25000000 		.4byte	0x25
 755 02c1 78       		.byte	0x78
 756 02c2 0A       		.uleb128 0xa
 757 02c3 66010000 		.4byte	.LASF48
 758 02c7 08       		.byte	0x8
 759 02c8 48       		.byte	0x48
 760 02c9 F8020000 		.4byte	0x2f8
 761 02cd 7C       		.byte	0x7c
 762 02ce 0A       		.uleb128 0xa
ARM GAS  C:\Users\hail\AppData\Local\Temp\ccq7P5NG.s 			page 16


 763 02cf A7030000 		.4byte	.LASF49
 764 02d3 08       		.byte	0x8
 765 02d4 49       		.byte	0x49
 766 02d5 E8020000 		.4byte	0x2e8
 767 02d9 AE       		.byte	0xae
 768 02da 0D       		.uleb128 0xd
 769 02db 5A010000 		.4byte	.LASF50
 770 02df 08       		.byte	0x8
 771 02e0 4A       		.byte	0x4a
 772 02e1 F8020000 		.4byte	0x2f8
 773 02e5 1201     		.2byte	0x112
 774 02e7 00       		.byte	0
 775 02e8 06       		.uleb128 0x6
 776 02e9 8A000000 		.4byte	0x8a
 777 02ed F8020000 		.4byte	0x2f8
 778 02f1 07       		.uleb128 0x7
 779 02f2 7D000000 		.4byte	0x7d
 780 02f6 63       		.byte	0x63
 781 02f7 00       		.byte	0
 782 02f8 06       		.uleb128 0x6
 783 02f9 8A000000 		.4byte	0x8a
 784 02fd 08030000 		.4byte	0x308
 785 0301 07       		.uleb128 0x7
 786 0302 7D000000 		.4byte	0x7d
 787 0306 31       		.byte	0x31
 788 0307 00       		.byte	0
 789 0308 04       		.uleb128 0x4
 790 0309 20000000 		.4byte	.LASF51
 791 030d 08       		.byte	0x8
 792 030e 4D       		.byte	0x4d
 793 030f 95020000 		.4byte	0x295
 794 0313 0E       		.uleb128 0xe
 795 0314 1B010000 		.4byte	.LASF81
 796 0318 01       		.byte	0x1
 797 0319 05       		.byte	0x5
 798 031a 2C000000 		.4byte	0x2c
 799 031e 00000000 		.4byte	.LFB64
 800 0322 88000000 		.4byte	.LFE64-.LFB64
 801 0326 01       		.uleb128 0x1
 802 0327 9C       		.byte	0x9c
 803 0328 6D030000 		.4byte	0x36d
 804 032c 0F       		.uleb128 0xf
 805 032d E1010000 		.4byte	.LASF52
 806 0331 01       		.byte	0x1
 807 0332 05       		.byte	0x5
 808 0333 84000000 		.4byte	0x84
 809 0337 02       		.uleb128 0x2
 810 0338 91       		.byte	0x91
 811 0339 64       		.sleb128 -28
 812 033a 0F       		.uleb128 0xf
 813 033b 10040000 		.4byte	.LASF45
 814 033f 01       		.byte	0x1
 815 0340 05       		.byte	0x5
 816 0341 84000000 		.4byte	0x84
 817 0345 02       		.uleb128 0x2
 818 0346 91       		.byte	0x91
 819 0347 60       		.sleb128 -32
ARM GAS  C:\Users\hail\AppData\Local\Temp\ccq7P5NG.s 			page 17


 820 0348 10       		.uleb128 0x10
 821 0349 F4000000 		.4byte	.LASF53
 822 034d 01       		.byte	0x1
 823 034e 10       		.byte	0x10
 824 034f 2C000000 		.4byte	0x2c
 825 0353 02       		.uleb128 0x2
 826 0354 91       		.byte	0x91
 827 0355 68       		.sleb128 -24
 828 0356 11       		.uleb128 0x11
 829 0357 10000000 		.4byte	.LBB2
 830 035b 5E000000 		.4byte	.LBE2-.LBB2
 831 035f 12       		.uleb128 0x12
 832 0360 6900     		.ascii	"i\000"
 833 0362 01       		.byte	0x1
 834 0363 0A       		.byte	0xa
 835 0364 C6000000 		.4byte	0xc6
 836 0368 02       		.uleb128 0x2
 837 0369 91       		.byte	0x91
 838 036a 6E       		.sleb128 -18
 839 036b 00       		.byte	0
 840 036c 00       		.byte	0
 841 036d 13       		.uleb128 0x13
 842 036e F9030000 		.4byte	.LASF59
 843 0372 01       		.byte	0x1
 844 0373 17       		.byte	0x17
 845 0374 00000000 		.4byte	.LFB65
 846 0378 3C000000 		.4byte	.LFE65-.LFB65
 847 037c 01       		.uleb128 0x1
 848 037d 9C       		.byte	0x9c
 849 037e C9030000 		.4byte	0x3c9
 850 0382 0F       		.uleb128 0xf
 851 0383 E6010000 		.4byte	.LASF54
 852 0387 01       		.byte	0x1
 853 0388 17       		.byte	0x17
 854 0389 84000000 		.4byte	0x84
 855 038d 02       		.uleb128 0x2
 856 038e 91       		.byte	0x91
 857 038f 74       		.sleb128 -12
 858 0390 0F       		.uleb128 0xf
 859 0391 35040000 		.4byte	.LASF55
 860 0395 01       		.byte	0x1
 861 0396 17       		.byte	0x17
 862 0397 84000000 		.4byte	0x84
 863 039b 02       		.uleb128 0x2
 864 039c 91       		.byte	0x91
 865 039d 70       		.sleb128 -16
 866 039e 0F       		.uleb128 0xf
 867 039f 0B030000 		.4byte	.LASF56
 868 03a3 01       		.byte	0x1
 869 03a4 17       		.byte	0x17
 870 03a5 84000000 		.4byte	0x84
 871 03a9 02       		.uleb128 0x2
 872 03aa 91       		.byte	0x91
 873 03ab 6C       		.sleb128 -20
 874 03ac 0F       		.uleb128 0xf
 875 03ad 42030000 		.4byte	.LASF57
 876 03b1 01       		.byte	0x1
ARM GAS  C:\Users\hail\AppData\Local\Temp\ccq7P5NG.s 			page 18


 877 03b2 17       		.byte	0x17
 878 03b3 84000000 		.4byte	0x84
 879 03b7 02       		.uleb128 0x2
 880 03b8 91       		.byte	0x91
 881 03b9 68       		.sleb128 -24
 882 03ba 0F       		.uleb128 0xf
 883 03bb EB000000 		.4byte	.LASF58
 884 03bf 01       		.byte	0x1
 885 03c0 17       		.byte	0x17
 886 03c1 84000000 		.4byte	0x84
 887 03c5 02       		.uleb128 0x2
 888 03c6 91       		.byte	0x91
 889 03c7 00       		.sleb128 0
 890 03c8 00       		.byte	0
 891 03c9 14       		.uleb128 0x14
 892 03ca 3A040000 		.4byte	.LASF60
 893 03ce 01       		.byte	0x1
 894 03cf 1E       		.byte	0x1e
 895 03d0 2C010000 		.4byte	0x12c
 896 03d4 00000000 		.4byte	.LFB66
 897 03d8 34010000 		.4byte	.LFE66-.LFB66
 898 03dc 01       		.uleb128 0x1
 899 03dd 9C       		.byte	0x9c
 900 03de 1D040000 		.4byte	0x41d
 901 03e2 10       		.uleb128 0x10
 902 03e3 92030000 		.4byte	.LASF61
 903 03e7 01       		.byte	0x1
 904 03e8 1F       		.byte	0x1f
 905 03e9 2C010000 		.4byte	0x12c
 906 03ed 03       		.uleb128 0x3
 907 03ee 91       		.byte	0x91
 908 03ef DC7C     		.sleb128 -420
 909 03f1 10       		.uleb128 0x10
 910 03f2 09000000 		.4byte	.LASF62
 911 03f6 01       		.byte	0x1
 912 03f7 24       		.byte	0x24
 913 03f8 84000000 		.4byte	0x84
 914 03fc 02       		.uleb128 0x2
 915 03fd 91       		.byte	0x91
 916 03fe 64       		.sleb128 -28
 917 03ff 10       		.uleb128 0x10
 918 0400 D1010000 		.4byte	.LASF63
 919 0404 01       		.byte	0x1
 920 0405 29       		.byte	0x29
 921 0406 1D040000 		.4byte	0x41d
 922 040a 03       		.uleb128 0x3
 923 040b 91       		.byte	0x91
 924 040c 947B     		.sleb128 -620
 925 040e 10       		.uleb128 0x10
 926 040f E7030000 		.4byte	.LASF64
 927 0413 01       		.byte	0x1
 928 0414 2E       		.byte	0x2e
 929 0415 25000000 		.4byte	0x25
 930 0419 02       		.uleb128 0x2
 931 041a 91       		.byte	0x91
 932 041b 60       		.sleb128 -32
 933 041c 00       		.byte	0
ARM GAS  C:\Users\hail\AppData\Local\Temp\ccq7P5NG.s 			page 19


 934 041d 06       		.uleb128 0x6
 935 041e 8A000000 		.4byte	0x8a
 936 0422 2D040000 		.4byte	0x42d
 937 0426 07       		.uleb128 0x7
 938 0427 7D000000 		.4byte	0x7d
 939 042b C7       		.byte	0xc7
 940 042c 00       		.byte	0
 941 042d 15       		.uleb128 0x15
 942 042e CE030000 		.4byte	.LASF65
 943 0432 09       		.byte	0x9
 944 0433 1207     		.2byte	0x712
 945 0435 39040000 		.4byte	0x439
 946 0439 16       		.uleb128 0x16
 947 043a A1000000 		.4byte	0xa1
 948 043e 17       		.uleb128 0x17
 949 043f 34020000 		.4byte	.LASF66
 950 0443 06       		.byte	0x6
 951 0444 16       		.byte	0x16
 952 0445 BA000000 		.4byte	0xba
 953 0449 05       		.uleb128 0x5
 954 044a 03       		.byte	0x3
 955 044b 00000000 		.4byte	modem_state
 956 044f 17       		.uleb128 0x17
 957 0450 1D020000 		.4byte	.LASF67
 958 0454 06       		.byte	0x6
 959 0455 55       		.byte	0x55
 960 0456 D2000000 		.4byte	0xd2
 961 045a 05       		.uleb128 0x5
 962 045b 03       		.byte	0x3
 963 045c 00000000 		.4byte	modem_start_time_stamp
 964 0460 17       		.uleb128 0x17
 965 0461 4F010000 		.4byte	.LASF42
 966 0465 06       		.byte	0x6
 967 0466 56       		.byte	0x56
 968 0467 74010000 		.4byte	0x174
 969 046b 05       		.uleb128 0x5
 970 046c 03       		.byte	0x3
 971 046d 00000000 		.4byte	modem_info
 972 0471 17       		.uleb128 0x17
 973 0472 DD020000 		.4byte	.LASF68
 974 0476 06       		.byte	0x6
 975 0477 57       		.byte	0x57
 976 0478 E8010000 		.4byte	0x1e8
 977 047c 05       		.uleb128 0x5
 978 047d 03       		.byte	0x3
 979 047e 00000000 		.4byte	modem_stats
 980 0482 17       		.uleb128 0x17
 981 0483 18040000 		.4byte	.LASF69
 982 0487 06       		.byte	0x6
 983 0488 58       		.byte	0x58
 984 0489 20020000 		.4byte	0x220
 985 048d 05       		.uleb128 0x5
 986 048e 03       		.byte	0x3
 987 048f 00000000 		.4byte	updatable_parameters
 988 0493 17       		.uleb128 0x17
 989 0494 37010000 		.4byte	.LASF70
 990 0498 07       		.byte	0x7
ARM GAS  C:\Users\hail\AppData\Local\Temp\ccq7P5NG.s 			page 20


 991 0499 1D       		.byte	0x1d
 992 049a C6000000 		.4byte	0xc6
 993 049e 05       		.uleb128 0x5
 994 049f 03       		.byte	0x3
 995 04a0 00000000 		.4byte	dataPointsInStack
 996 04a4 17       		.uleb128 0x17
 997 04a5 82010000 		.4byte	.LASF71
 998 04a9 07       		.byte	0x7
 999 04aa 1E       		.byte	0x1e
 1000 04ab C6000000 		.4byte	0xc6
 1001 04af 05       		.uleb128 0x5
 1002 04b0 03       		.byte	0x3
 1003 04b1 00000000 		.4byte	dataPointsInStackDesired
 1004 04b5 06       		.uleb128 0x6
 1005 04b6 58020000 		.4byte	0x258
 1006 04ba C5040000 		.4byte	0x4c5
 1007 04be 07       		.uleb128 0x7
 1008 04bf 7D000000 		.4byte	0x7d
 1009 04c3 95       		.byte	0x95
 1010 04c4 00       		.byte	0
 1011 04c5 17       		.uleb128 0x17
 1012 04c6 E6000000 		.4byte	.LASF72
 1013 04ca 07       		.byte	0x7
 1014 04cb 1F       		.byte	0x1f
 1015 04cc B5040000 		.4byte	0x4b5
 1016 04d0 05       		.uleb128 0x5
 1017 04d1 03       		.byte	0x3
 1018 04d2 00000000 		.4byte	data
 1019 04d6 06       		.uleb128 0x6
 1020 04d7 8A000000 		.4byte	0x8a
 1021 04db E7040000 		.4byte	0x4e7
 1022 04df 18       		.uleb128 0x18
 1023 04e0 7D000000 		.4byte	0x7d
 1024 04e4 0F27     		.2byte	0x270f
 1025 04e6 00       		.byte	0
 1026 04e7 17       		.uleb128 0x17
 1027 04e8 46040000 		.4byte	.LASF73
 1028 04ec 08       		.byte	0x8
 1029 04ed 15       		.byte	0x15
 1030 04ee D6040000 		.4byte	0x4d6
 1031 04f2 05       		.uleb128 0x5
 1032 04f3 03       		.byte	0x3
 1033 04f4 00000000 		.4byte	http_request
 1034 04f8 17       		.uleb128 0x17
 1035 04f9 EC010000 		.4byte	.LASF74
 1036 04fd 08       		.byte	0x8
 1037 04fe 16       		.byte	0x16
 1038 04ff D6040000 		.4byte	0x4d6
 1039 0503 05       		.uleb128 0x5
 1040 0504 03       		.byte	0x3
 1041 0505 00000000 		.4byte	http_body
 1042 0509 17       		.uleb128 0x17
 1043 050a 9C030000 		.4byte	.LASF75
 1044 050e 08       		.byte	0x8
 1045 050f 17       		.byte	0x17
 1046 0510 1D040000 		.4byte	0x41d
 1047 0514 05       		.uleb128 0x5
ARM GAS  C:\Users\hail\AppData\Local\Temp\ccq7P5NG.s 			page 21


 1048 0515 03       		.byte	0x3
 1049 0516 00000000 		.4byte	http_route
 1050 051a 17       		.uleb128 0x17
 1051 051b 47030000 		.4byte	.LASF76
 1052 051f 08       		.byte	0x8
 1053 0520 3E       		.byte	0x3e
 1054 0521 8A020000 		.4byte	0x28a
 1055 0525 05       		.uleb128 0x5
 1056 0526 03       		.byte	0x3
 1057 0527 00000000 		.4byte	system_info
 1058 052b 17       		.uleb128 0x17
 1059 052c 63020000 		.4byte	.LASF77
 1060 0530 08       		.byte	0x8
 1061 0531 50       		.byte	0x50
 1062 0532 08030000 		.4byte	0x308
 1063 0536 05       		.uleb128 0x5
 1064 0537 03       		.byte	0x3
 1065 0538 00000000 		.4byte	system_settings
 1066 053c 00       		.byte	0
 1067              		.section	.debug_abbrev,"",%progbits
 1068              	.Ldebug_abbrev0:
 1069 0000 01       		.uleb128 0x1
 1070 0001 11       		.uleb128 0x11
 1071 0002 01       		.byte	0x1
 1072 0003 25       		.uleb128 0x25
 1073 0004 0E       		.uleb128 0xe
 1074 0005 13       		.uleb128 0x13
 1075 0006 0B       		.uleb128 0xb
 1076 0007 03       		.uleb128 0x3
 1077 0008 0E       		.uleb128 0xe
 1078 0009 1B       		.uleb128 0x1b
 1079 000a 0E       		.uleb128 0xe
 1080 000b 55       		.uleb128 0x55
 1081 000c 17       		.uleb128 0x17
 1082 000d 11       		.uleb128 0x11
 1083 000e 01       		.uleb128 0x1
 1084 000f 10       		.uleb128 0x10
 1085 0010 17       		.uleb128 0x17
 1086 0011 00       		.byte	0
 1087 0012 00       		.byte	0
 1088 0013 02       		.uleb128 0x2
 1089 0014 24       		.uleb128 0x24
 1090 0015 00       		.byte	0
 1091 0016 0B       		.uleb128 0xb
 1092 0017 0B       		.uleb128 0xb
 1093 0018 3E       		.uleb128 0x3e
 1094 0019 0B       		.uleb128 0xb
 1095 001a 03       		.uleb128 0x3
 1096 001b 08       		.uleb128 0x8
 1097 001c 00       		.byte	0
 1098 001d 00       		.byte	0
 1099 001e 03       		.uleb128 0x3
 1100 001f 24       		.uleb128 0x24
 1101 0020 00       		.byte	0
 1102 0021 0B       		.uleb128 0xb
 1103 0022 0B       		.uleb128 0xb
 1104 0023 3E       		.uleb128 0x3e
ARM GAS  C:\Users\hail\AppData\Local\Temp\ccq7P5NG.s 			page 22


 1105 0024 0B       		.uleb128 0xb
 1106 0025 03       		.uleb128 0x3
 1107 0026 0E       		.uleb128 0xe
 1108 0027 00       		.byte	0
 1109 0028 00       		.byte	0
 1110 0029 04       		.uleb128 0x4
 1111 002a 16       		.uleb128 0x16
 1112 002b 00       		.byte	0
 1113 002c 03       		.uleb128 0x3
 1114 002d 0E       		.uleb128 0xe
 1115 002e 3A       		.uleb128 0x3a
 1116 002f 0B       		.uleb128 0xb
 1117 0030 3B       		.uleb128 0x3b
 1118 0031 0B       		.uleb128 0xb
 1119 0032 49       		.uleb128 0x49
 1120 0033 13       		.uleb128 0x13
 1121 0034 00       		.byte	0
 1122 0035 00       		.byte	0
 1123 0036 05       		.uleb128 0x5
 1124 0037 0F       		.uleb128 0xf
 1125 0038 00       		.byte	0
 1126 0039 0B       		.uleb128 0xb
 1127 003a 0B       		.uleb128 0xb
 1128 003b 49       		.uleb128 0x49
 1129 003c 13       		.uleb128 0x13
 1130 003d 00       		.byte	0
 1131 003e 00       		.byte	0
 1132 003f 06       		.uleb128 0x6
 1133 0040 01       		.uleb128 0x1
 1134 0041 01       		.byte	0x1
 1135 0042 49       		.uleb128 0x49
 1136 0043 13       		.uleb128 0x13
 1137 0044 01       		.uleb128 0x1
 1138 0045 13       		.uleb128 0x13
 1139 0046 00       		.byte	0
 1140 0047 00       		.byte	0
 1141 0048 07       		.uleb128 0x7
 1142 0049 21       		.uleb128 0x21
 1143 004a 00       		.byte	0
 1144 004b 49       		.uleb128 0x49
 1145 004c 13       		.uleb128 0x13
 1146 004d 2F       		.uleb128 0x2f
 1147 004e 0B       		.uleb128 0xb
 1148 004f 00       		.byte	0
 1149 0050 00       		.byte	0
 1150 0051 08       		.uleb128 0x8
 1151 0052 16       		.uleb128 0x16
 1152 0053 00       		.byte	0
 1153 0054 03       		.uleb128 0x3
 1154 0055 0E       		.uleb128 0xe
 1155 0056 3A       		.uleb128 0x3a
 1156 0057 0B       		.uleb128 0xb
 1157 0058 3B       		.uleb128 0x3b
 1158 0059 05       		.uleb128 0x5
 1159 005a 49       		.uleb128 0x49
 1160 005b 13       		.uleb128 0x13
 1161 005c 00       		.byte	0
ARM GAS  C:\Users\hail\AppData\Local\Temp\ccq7P5NG.s 			page 23


 1162 005d 00       		.byte	0
 1163 005e 09       		.uleb128 0x9
 1164 005f 13       		.uleb128 0x13
 1165 0060 01       		.byte	0x1
 1166 0061 0B       		.uleb128 0xb
 1167 0062 05       		.uleb128 0x5
 1168 0063 3A       		.uleb128 0x3a
 1169 0064 0B       		.uleb128 0xb
 1170 0065 3B       		.uleb128 0x3b
 1171 0066 0B       		.uleb128 0xb
 1172 0067 01       		.uleb128 0x1
 1173 0068 13       		.uleb128 0x13
 1174 0069 00       		.byte	0
 1175 006a 00       		.byte	0
 1176 006b 0A       		.uleb128 0xa
 1177 006c 0D       		.uleb128 0xd
 1178 006d 00       		.byte	0
 1179 006e 03       		.uleb128 0x3
 1180 006f 0E       		.uleb128 0xe
 1181 0070 3A       		.uleb128 0x3a
 1182 0071 0B       		.uleb128 0xb
 1183 0072 3B       		.uleb128 0x3b
 1184 0073 0B       		.uleb128 0xb
 1185 0074 49       		.uleb128 0x49
 1186 0075 13       		.uleb128 0x13
 1187 0076 38       		.uleb128 0x38
 1188 0077 0B       		.uleb128 0xb
 1189 0078 00       		.byte	0
 1190 0079 00       		.byte	0
 1191 007a 0B       		.uleb128 0xb
 1192 007b 13       		.uleb128 0x13
 1193 007c 01       		.byte	0x1
 1194 007d 0B       		.uleb128 0xb
 1195 007e 0B       		.uleb128 0xb
 1196 007f 3A       		.uleb128 0x3a
 1197 0080 0B       		.uleb128 0xb
 1198 0081 3B       		.uleb128 0x3b
 1199 0082 0B       		.uleb128 0xb
 1200 0083 01       		.uleb128 0x1
 1201 0084 13       		.uleb128 0x13
 1202 0085 00       		.byte	0
 1203 0086 00       		.byte	0
 1204 0087 0C       		.uleb128 0xc
 1205 0088 0D       		.uleb128 0xd
 1206 0089 00       		.byte	0
 1207 008a 03       		.uleb128 0x3
 1208 008b 08       		.uleb128 0x8
 1209 008c 3A       		.uleb128 0x3a
 1210 008d 0B       		.uleb128 0xb
 1211 008e 3B       		.uleb128 0x3b
 1212 008f 0B       		.uleb128 0xb
 1213 0090 49       		.uleb128 0x49
 1214 0091 13       		.uleb128 0x13
 1215 0092 38       		.uleb128 0x38
 1216 0093 0B       		.uleb128 0xb
 1217 0094 00       		.byte	0
 1218 0095 00       		.byte	0
ARM GAS  C:\Users\hail\AppData\Local\Temp\ccq7P5NG.s 			page 24


 1219 0096 0D       		.uleb128 0xd
 1220 0097 0D       		.uleb128 0xd
 1221 0098 00       		.byte	0
 1222 0099 03       		.uleb128 0x3
 1223 009a 0E       		.uleb128 0xe
 1224 009b 3A       		.uleb128 0x3a
 1225 009c 0B       		.uleb128 0xb
 1226 009d 3B       		.uleb128 0x3b
 1227 009e 0B       		.uleb128 0xb
 1228 009f 49       		.uleb128 0x49
 1229 00a0 13       		.uleb128 0x13
 1230 00a1 38       		.uleb128 0x38
 1231 00a2 05       		.uleb128 0x5
 1232 00a3 00       		.byte	0
 1233 00a4 00       		.byte	0
 1234 00a5 0E       		.uleb128 0xe
 1235 00a6 2E       		.uleb128 0x2e
 1236 00a7 01       		.byte	0x1
 1237 00a8 3F       		.uleb128 0x3f
 1238 00a9 19       		.uleb128 0x19
 1239 00aa 03       		.uleb128 0x3
 1240 00ab 0E       		.uleb128 0xe
 1241 00ac 3A       		.uleb128 0x3a
 1242 00ad 0B       		.uleb128 0xb
 1243 00ae 3B       		.uleb128 0x3b
 1244 00af 0B       		.uleb128 0xb
 1245 00b0 27       		.uleb128 0x27
 1246 00b1 19       		.uleb128 0x19
 1247 00b2 49       		.uleb128 0x49
 1248 00b3 13       		.uleb128 0x13
 1249 00b4 11       		.uleb128 0x11
 1250 00b5 01       		.uleb128 0x1
 1251 00b6 12       		.uleb128 0x12
 1252 00b7 06       		.uleb128 0x6
 1253 00b8 40       		.uleb128 0x40
 1254 00b9 18       		.uleb128 0x18
 1255 00ba 9642     		.uleb128 0x2116
 1256 00bc 19       		.uleb128 0x19
 1257 00bd 01       		.uleb128 0x1
 1258 00be 13       		.uleb128 0x13
 1259 00bf 00       		.byte	0
 1260 00c0 00       		.byte	0
 1261 00c1 0F       		.uleb128 0xf
 1262 00c2 05       		.uleb128 0x5
 1263 00c3 00       		.byte	0
 1264 00c4 03       		.uleb128 0x3
 1265 00c5 0E       		.uleb128 0xe
 1266 00c6 3A       		.uleb128 0x3a
 1267 00c7 0B       		.uleb128 0xb
 1268 00c8 3B       		.uleb128 0x3b
 1269 00c9 0B       		.uleb128 0xb
 1270 00ca 49       		.uleb128 0x49
 1271 00cb 13       		.uleb128 0x13
 1272 00cc 02       		.uleb128 0x2
 1273 00cd 18       		.uleb128 0x18
 1274 00ce 00       		.byte	0
 1275 00cf 00       		.byte	0
ARM GAS  C:\Users\hail\AppData\Local\Temp\ccq7P5NG.s 			page 25


 1276 00d0 10       		.uleb128 0x10
 1277 00d1 34       		.uleb128 0x34
 1278 00d2 00       		.byte	0
 1279 00d3 03       		.uleb128 0x3
 1280 00d4 0E       		.uleb128 0xe
 1281 00d5 3A       		.uleb128 0x3a
 1282 00d6 0B       		.uleb128 0xb
 1283 00d7 3B       		.uleb128 0x3b
 1284 00d8 0B       		.uleb128 0xb
 1285 00d9 49       		.uleb128 0x49
 1286 00da 13       		.uleb128 0x13
 1287 00db 02       		.uleb128 0x2
 1288 00dc 18       		.uleb128 0x18
 1289 00dd 00       		.byte	0
 1290 00de 00       		.byte	0
 1291 00df 11       		.uleb128 0x11
 1292 00e0 0B       		.uleb128 0xb
 1293 00e1 01       		.byte	0x1
 1294 00e2 11       		.uleb128 0x11
 1295 00e3 01       		.uleb128 0x1
 1296 00e4 12       		.uleb128 0x12
 1297 00e5 06       		.uleb128 0x6
 1298 00e6 00       		.byte	0
 1299 00e7 00       		.byte	0
 1300 00e8 12       		.uleb128 0x12
 1301 00e9 34       		.uleb128 0x34
 1302 00ea 00       		.byte	0
 1303 00eb 03       		.uleb128 0x3
 1304 00ec 08       		.uleb128 0x8
 1305 00ed 3A       		.uleb128 0x3a
 1306 00ee 0B       		.uleb128 0xb
 1307 00ef 3B       		.uleb128 0x3b
 1308 00f0 0B       		.uleb128 0xb
 1309 00f1 49       		.uleb128 0x49
 1310 00f2 13       		.uleb128 0x13
 1311 00f3 02       		.uleb128 0x2
 1312 00f4 18       		.uleb128 0x18
 1313 00f5 00       		.byte	0
 1314 00f6 00       		.byte	0
 1315 00f7 13       		.uleb128 0x13
 1316 00f8 2E       		.uleb128 0x2e
 1317 00f9 01       		.byte	0x1
 1318 00fa 3F       		.uleb128 0x3f
 1319 00fb 19       		.uleb128 0x19
 1320 00fc 03       		.uleb128 0x3
 1321 00fd 0E       		.uleb128 0xe
 1322 00fe 3A       		.uleb128 0x3a
 1323 00ff 0B       		.uleb128 0xb
 1324 0100 3B       		.uleb128 0x3b
 1325 0101 0B       		.uleb128 0xb
 1326 0102 27       		.uleb128 0x27
 1327 0103 19       		.uleb128 0x19
 1328 0104 11       		.uleb128 0x11
 1329 0105 01       		.uleb128 0x1
 1330 0106 12       		.uleb128 0x12
 1331 0107 06       		.uleb128 0x6
 1332 0108 40       		.uleb128 0x40
ARM GAS  C:\Users\hail\AppData\Local\Temp\ccq7P5NG.s 			page 26


 1333 0109 18       		.uleb128 0x18
 1334 010a 9642     		.uleb128 0x2116
 1335 010c 19       		.uleb128 0x19
 1336 010d 01       		.uleb128 0x1
 1337 010e 13       		.uleb128 0x13
 1338 010f 00       		.byte	0
 1339 0110 00       		.byte	0
 1340 0111 14       		.uleb128 0x14
 1341 0112 2E       		.uleb128 0x2e
 1342 0113 01       		.byte	0x1
 1343 0114 3F       		.uleb128 0x3f
 1344 0115 19       		.uleb128 0x19
 1345 0116 03       		.uleb128 0x3
 1346 0117 0E       		.uleb128 0xe
 1347 0118 3A       		.uleb128 0x3a
 1348 0119 0B       		.uleb128 0xb
 1349 011a 3B       		.uleb128 0x3b
 1350 011b 0B       		.uleb128 0xb
 1351 011c 49       		.uleb128 0x49
 1352 011d 13       		.uleb128 0x13
 1353 011e 11       		.uleb128 0x11
 1354 011f 01       		.uleb128 0x1
 1355 0120 12       		.uleb128 0x12
 1356 0121 06       		.uleb128 0x6
 1357 0122 40       		.uleb128 0x40
 1358 0123 18       		.uleb128 0x18
 1359 0124 9642     		.uleb128 0x2116
 1360 0126 19       		.uleb128 0x19
 1361 0127 01       		.uleb128 0x1
 1362 0128 13       		.uleb128 0x13
 1363 0129 00       		.byte	0
 1364 012a 00       		.byte	0
 1365 012b 15       		.uleb128 0x15
 1366 012c 34       		.uleb128 0x34
 1367 012d 00       		.byte	0
 1368 012e 03       		.uleb128 0x3
 1369 012f 0E       		.uleb128 0xe
 1370 0130 3A       		.uleb128 0x3a
 1371 0131 0B       		.uleb128 0xb
 1372 0132 3B       		.uleb128 0x3b
 1373 0133 05       		.uleb128 0x5
 1374 0134 49       		.uleb128 0x49
 1375 0135 13       		.uleb128 0x13
 1376 0136 3F       		.uleb128 0x3f
 1377 0137 19       		.uleb128 0x19
 1378 0138 3C       		.uleb128 0x3c
 1379 0139 19       		.uleb128 0x19
 1380 013a 00       		.byte	0
 1381 013b 00       		.byte	0
 1382 013c 16       		.uleb128 0x16
 1383 013d 35       		.uleb128 0x35
 1384 013e 00       		.byte	0
 1385 013f 49       		.uleb128 0x49
 1386 0140 13       		.uleb128 0x13
 1387 0141 00       		.byte	0
 1388 0142 00       		.byte	0
 1389 0143 17       		.uleb128 0x17
ARM GAS  C:\Users\hail\AppData\Local\Temp\ccq7P5NG.s 			page 27


 1390 0144 34       		.uleb128 0x34
 1391 0145 00       		.byte	0
 1392 0146 03       		.uleb128 0x3
 1393 0147 0E       		.uleb128 0xe
 1394 0148 3A       		.uleb128 0x3a
 1395 0149 0B       		.uleb128 0xb
 1396 014a 3B       		.uleb128 0x3b
 1397 014b 0B       		.uleb128 0xb
 1398 014c 49       		.uleb128 0x49
 1399 014d 13       		.uleb128 0x13
 1400 014e 3F       		.uleb128 0x3f
 1401 014f 19       		.uleb128 0x19
 1402 0150 02       		.uleb128 0x2
 1403 0151 18       		.uleb128 0x18
 1404 0152 00       		.byte	0
 1405 0153 00       		.byte	0
 1406 0154 18       		.uleb128 0x18
 1407 0155 21       		.uleb128 0x21
 1408 0156 00       		.byte	0
 1409 0157 49       		.uleb128 0x49
 1410 0158 13       		.uleb128 0x13
 1411 0159 2F       		.uleb128 0x2f
 1412 015a 05       		.uleb128 0x5
 1413 015b 00       		.byte	0
 1414 015c 00       		.byte	0
 1415 015d 00       		.byte	0
 1416              		.section	.debug_aranges,"",%progbits
 1417 0000 2C000000 		.4byte	0x2c
 1418 0004 0200     		.2byte	0x2
 1419 0006 00000000 		.4byte	.Ldebug_info0
 1420 000a 04       		.byte	0x4
 1421 000b 00       		.byte	0
 1422 000c 0000     		.2byte	0
 1423 000e 0000     		.2byte	0
 1424 0010 00000000 		.4byte	.LFB64
 1425 0014 88000000 		.4byte	.LFE64-.LFB64
 1426 0018 00000000 		.4byte	.LFB65
 1427 001c 3C000000 		.4byte	.LFE65-.LFB65
 1428 0020 00000000 		.4byte	.LFB66
 1429 0024 34010000 		.4byte	.LFE66-.LFB66
 1430 0028 00000000 		.4byte	0
 1431 002c 00000000 		.4byte	0
 1432              		.section	.debug_ranges,"",%progbits
 1433              	.Ldebug_ranges0:
 1434 0000 00000000 		.4byte	.LFB64
 1435 0004 88000000 		.4byte	.LFE64
 1436 0008 00000000 		.4byte	.LFB65
 1437 000c 3C000000 		.4byte	.LFE65
 1438 0010 00000000 		.4byte	.LFB66
 1439 0014 34010000 		.4byte	.LFE66
 1440 0018 00000000 		.4byte	0
 1441 001c 00000000 		.4byte	0
 1442              		.section	.debug_line,"",%progbits
 1443              	.Ldebug_line0:
 1444 0000 DA010000 		.section	.debug_str,"MS",%progbits,1
 1444      02007E01 
 1444      00000201 
ARM GAS  C:\Users\hail\AppData\Local\Temp\ccq7P5NG.s 			page 28


 1444      FB0E0D00 
 1444      01010101 
 1445              	.LASF24:
 1446 0000 6D6F6465 		.ascii	"model_id\000"
 1446      6C5F6964 
 1446      00
 1447              	.LASF62:
 1448 0009 65787065 		.ascii	"expected_string\000"
 1448      63746564 
 1448      5F737472 
 1448      696E6700 
 1449              	.LASF23:
 1450 0019 73696D5F 		.ascii	"sim_id\000"
 1450      696400
 1451              	.LASF51:
 1452 0020 7379735F 		.ascii	"sys_settings_t\000"
 1452      73657474 
 1452      696E6773 
 1452      5F7400
 1453              	.LASF43:
 1454 002f 63686970 		.ascii	"chip_uniqueId\000"
 1454      5F756E69 
 1454      71756549 
 1454      6400
 1455              	.LASF5:
 1456 003d 73686F72 		.ascii	"short int\000"
 1456      7420696E 
 1456      7400
 1457              	.LASF10:
 1458 0047 73697A65 		.ascii	"sizetype\000"
 1458      74797065 
 1458      00
 1459              	.LASF46:
 1460 0050 65705F68 		.ascii	"ep_host\000"
 1460      6F737400 
 1461              	.LASF78:
 1462 0058 474E5520 		.ascii	"GNU C11 5.4.1 20160609 (release) [ARM/embedded-5-br"
 1462      43313120 
 1462      352E342E 
 1462      31203230 
 1462      31363036 
 1463 008b 616E6368 		.ascii	"anch revision 237715] -mcpu=cortex-m3 -mthumb -g -O"
 1463      20726576 
 1463      6973696F 
 1463      6E203233 
 1463      37373135 
 1464 00be 30202D66 		.ascii	"0 -ffunction-sections -ffat-lto-objects\000"
 1464      66756E63 
 1464      74696F6E 
 1464      2D736563 
 1464      74696F6E 
 1465              	.LASF72:
 1466 00e6 64617461 		.ascii	"data\000"
 1466      00
 1467              	.LASF58:
 1468 00eb 64617461 		.ascii	"database\000"
 1468      62617365 
ARM GAS  C:\Users\hail\AppData\Local\Temp\ccq7P5NG.s 			page 29


 1468      00
 1469              	.LASF53:
 1470 00f4 72657175 		.ascii	"request_len\000"
 1470      6573745F 
 1470      6C656E00 
 1471              	.LASF29:
 1472 0100 65636E6F 		.ascii	"ecno\000"
 1472      00
 1473              	.LASF39:
 1474 0105 76616C75 		.ascii	"value\000"
 1474      6500
 1475              	.LASF17:
 1476 010b 75696E74 		.ascii	"uint16\000"
 1476      313600
 1477              	.LASF79:
 1478 0112 696E666C 		.ascii	"influx.c\000"
 1478      75782E63 
 1478      00
 1479              	.LASF81:
 1480 011b 636F6E73 		.ascii	"construct_influx_write_body\000"
 1480      74727563 
 1480      745F696E 
 1480      666C7578 
 1480      5F777269 
 1481              	.LASF70:
 1482 0137 64617461 		.ascii	"dataPointsInStack\000"
 1482      506F696E 
 1482      7473496E 
 1482      53746163 
 1482      6B00
 1483              	.LASF16:
 1484 0149 75696E74 		.ascii	"uint8\000"
 1484      3800
 1485              	.LASF42:
 1486 014f 6D6F6465 		.ascii	"modem_info\000"
 1486      6D5F696E 
 1486      666F00
 1487              	.LASF50:
 1488 015a 65705F64 		.ascii	"ep_database\000"
 1488      61746162 
 1488      61736500 
 1489              	.LASF48:
 1490 0166 65705F75 		.ascii	"ep_user\000"
 1490      73657200 
 1491              	.LASF28:
 1492 016e 72736370 		.ascii	"rscp\000"
 1492      00
 1493              	.LASF31:
 1494 0173 72737270 		.ascii	"rsrp\000"
 1494      00
 1495              	.LASF40:
 1496 0178 74696D65 		.ascii	"timeStamp\000"
 1496      5374616D 
 1496      7000
 1497              	.LASF71:
 1498 0182 64617461 		.ascii	"dataPointsInStackDesired\000"
 1498      506F696E 
ARM GAS  C:\Users\hail\AppData\Local\Temp\ccq7P5NG.s 			page 30


 1498      7473496E 
 1498      53746163 
 1498      6B446573 
 1499              	.LASF15:
 1500 019b 666C6F61 		.ascii	"float\000"
 1500      7400
 1501              	.LASF1:
 1502 01a1 6C6F6E67 		.ascii	"long long int\000"
 1502      206C6F6E 
 1502      6720696E 
 1502      7400
 1503              	.LASF11:
 1504 01af 63686172 		.ascii	"char\000"
 1504      00
 1505              	.LASF26:
 1506 01b4 6D6F6465 		.ascii	"modem_info_t\000"
 1506      6D5F696E 
 1506      666F5F74 
 1506      00
 1507              	.LASF21:
 1508 01c1 72656173 		.ascii	"reason\000"
 1508      6F6E00
 1509              	.LASF7:
 1510 01c8 6C6F6E67 		.ascii	"long int\000"
 1510      20696E74 
 1510      00
 1511              	.LASF63:
 1512 01d1 74657374 		.ascii	"test_write_body\000"
 1512      5F777269 
 1512      74655F62 
 1512      6F647900 
 1513              	.LASF52:
 1514 01e1 626F6479 		.ascii	"body\000"
 1514      00
 1515              	.LASF54:
 1516 01e6 726F7574 		.ascii	"route\000"
 1516      6500
 1517              	.LASF74:
 1518 01ec 68747470 		.ascii	"http_body\000"
 1518      5F626F64 
 1518      7900
 1519              	.LASF35:
 1520 01f6 6D656173 		.ascii	"measure_time\000"
 1520      7572655F 
 1520      74696D65 
 1520      00
 1521              	.LASF2:
 1522 0203 6C6F6E67 		.ascii	"long double\000"
 1522      20646F75 
 1522      626C6500 
 1523              	.LASF4:
 1524 020f 756E7369 		.ascii	"unsigned char\000"
 1524      676E6564 
 1524      20636861 
 1524      7200
 1525              	.LASF67:
 1526 021d 6D6F6465 		.ascii	"modem_start_time_stamp\000"
ARM GAS  C:\Users\hail\AppData\Local\Temp\ccq7P5NG.s 			page 31


 1526      6D5F7374 
 1526      6172745F 
 1526      74696D65 
 1526      5F737461 
 1527              	.LASF66:
 1528 0234 6D6F6465 		.ascii	"modem_state\000"
 1528      6D5F7374 
 1528      61746500 
 1529              	.LASF3:
 1530 0240 7369676E 		.ascii	"signed char\000"
 1530      65642063 
 1530      68617200 
 1531              	.LASF9:
 1532 024c 6C6F6E67 		.ascii	"long long unsigned int\000"
 1532      206C6F6E 
 1532      6720756E 
 1532      7369676E 
 1532      65642069 
 1533              	.LASF77:
 1534 0263 73797374 		.ascii	"system_settings\000"
 1534      656D5F73 
 1534      65747469 
 1534      6E677300 
 1535              	.LASF0:
 1536 0273 756E7369 		.ascii	"unsigned int\000"
 1536      676E6564 
 1536      20696E74 
 1536      00
 1537              	.LASF41:
 1538 0280 6B65795F 		.ascii	"key_value_t\000"
 1538      76616C75 
 1538      655F7400 
 1539              	.LASF36:
 1540 028c 73796E63 		.ascii	"sync_time\000"
 1540      5F74696D 
 1540      6500
 1541              	.LASF80:
 1542 0296 433A5C55 		.ascii	"C:\\Users\\hail\\Desktop\\Brooke Research\\notoriOS"
 1542      73657273 
 1542      5C686169 
 1542      6C5C4465 
 1542      736B746F 
 1543 02c4 5C6E6F74 		.ascii	"\\notoriOS\\notoriOS.cydsn\000"
 1543      6F72694F 
 1543      535C6E6F 
 1543      746F7269 
 1543      4F532E63 
 1544              	.LASF68:
 1545 02dd 6D6F6465 		.ascii	"modem_stats\000"
 1545      6D5F7374 
 1545      61747300 
 1546              	.LASF38:
 1547 02e9 75706461 		.ascii	"updatable_parameters_t\000"
 1547      7461626C 
 1547      655F7061 
 1547      72616D65 
 1547      74657273 
ARM GAS  C:\Users\hail\AppData\Local\Temp\ccq7P5NG.s 			page 32


 1548              	.LASF44:
 1549 0300 7379735F 		.ascii	"sys_info_t\000"
 1549      696E666F 
 1549      5F7400
 1550              	.LASF56:
 1551 030b 75736572 		.ascii	"user\000"
 1551      00
 1552              	.LASF6:
 1553 0310 73686F72 		.ascii	"short unsigned int\000"
 1553      7420756E 
 1553      7369676E 
 1553      65642069 
 1553      6E7400
 1554              	.LASF32:
 1555 0323 74696D65 		.ascii	"time_to_network_connect\000"
 1555      5F746F5F 
 1555      6E657477 
 1555      6F726B5F 
 1555      636F6E6E 
 1556              	.LASF20:
 1557 033b 73746174 		.ascii	"status\000"
 1557      757300
 1558              	.LASF57:
 1559 0342 70617373 		.ascii	"pass\000"
 1559      00
 1560              	.LASF76:
 1561 0347 73797374 		.ascii	"system_info\000"
 1561      656D5F69 
 1561      6E666F00 
 1562              	.LASF33:
 1563 0353 74696D65 		.ascii	"time_to_acquire_ip\000"
 1563      5F746F5F 
 1563      61637175 
 1563      6972655F 
 1563      697000
 1564              	.LASF22:
 1565 0366 74657374 		.ascii	"test_t\000"
 1565      5F7400
 1566              	.LASF25:
 1567 036d 696D6569 		.ascii	"imei\000"
 1567      00
 1568              	.LASF13:
 1569 0372 696E7433 		.ascii	"int32_t\000"
 1569      325F7400 
 1570              	.LASF34:
 1571 037a 6D6F6465 		.ascii	"modem_stats_t\000"
 1571      6D5F7374 
 1571      6174735F 
 1571      7400
 1572              	.LASF19:
 1573 0388 74657374 		.ascii	"test_name\000"
 1573      5F6E616D 
 1573      6500
 1574              	.LASF61:
 1575 0392 74657374 		.ascii	"test\000"
 1575      00
 1576              	.LASF30:
ARM GAS  C:\Users\hail\AppData\Local\Temp\ccq7P5NG.s 			page 33


 1577 0397 72737271 		.ascii	"rsrq\000"
 1577      00
 1578              	.LASF75:
 1579 039c 68747470 		.ascii	"http_route\000"
 1579      5F726F75 
 1579      746500
 1580              	.LASF49:
 1581 03a7 65705F70 		.ascii	"ep_pswd\000"
 1581      73776400 
 1582              	.LASF8:
 1583 03af 6C6F6E67 		.ascii	"long unsigned int\000"
 1583      20756E73 
 1583      69676E65 
 1583      6420696E 
 1583      7400
 1584              	.LASF18:
 1585 03c1 696E7433 		.ascii	"int32\000"
 1585      3200
 1586              	.LASF14:
 1587 03c7 646F7562 		.ascii	"double\000"
 1587      6C6500
 1588              	.LASF65:
 1589 03ce 49544D5F 		.ascii	"ITM_RxBuffer\000"
 1589      52784275 
 1589      66666572 
 1589      00
 1590              	.LASF37:
 1591 03db 64656275 		.ascii	"debug_level\000"
 1591      675F6C65 
 1591      76656C00 
 1592              	.LASF64:
 1593 03e7 636F6D70 		.ascii	"compare\000"
 1593      61726500 
 1594              	.LASF12:
 1595 03ef 5F5F696E 		.ascii	"__int32_t\000"
 1595      7433325F 
 1595      7400
 1596              	.LASF59:
 1597 03f9 636F6E73 		.ascii	"construct_influx_route\000"
 1597      74727563 
 1597      745F696E 
 1597      666C7578 
 1597      5F726F75 
 1598              	.LASF45:
 1599 0410 6E6F6465 		.ascii	"node_id\000"
 1599      5F696400 
 1600              	.LASF69:
 1601 0418 75706461 		.ascii	"updatable_parameters\000"
 1601      7461626C 
 1601      655F7061 
 1601      72616D65 
 1601      74657273 
 1602              	.LASF47:
 1603 042d 65705F70 		.ascii	"ep_port\000"
 1603      6F727400 
 1604              	.LASF55:
 1605 0435 62617365 		.ascii	"base\000"
ARM GAS  C:\Users\hail\AppData\Local\Temp\ccq7P5NG.s 			page 34


 1605      00
 1606              	.LASF60:
 1607 043a 696E666C 		.ascii	"influx_test\000"
 1607      75785F74 
 1607      65737400 
 1608              	.LASF73:
 1609 0446 68747470 		.ascii	"http_request\000"
 1609      5F726571 
 1609      75657374 
 1609      00
 1610              	.LASF27:
 1611 0453 72737369 		.ascii	"rssi\000"
 1611      00
 1612              		.ident	"GCC: (GNU Tools for ARM Embedded Processors) 5.4.1 20160609 (release) [ARM/embedded-5-bran
