ARM GAS  C:\Users\klabu\AppData\Local\Temp\ccyDKoxp.s 			page 1


   1              		.syntax unified
   2              		.cpu cortex-m3
   3              		.fpu softvfp
   4              		.eabi_attribute 20, 1
   5              		.eabi_attribute 21, 1
   6              		.eabi_attribute 23, 3
   7              		.eabi_attribute 24, 1
   8              		.eabi_attribute 25, 1
   9              		.eabi_attribute 26, 1
  10              		.eabi_attribute 30, 6
  11              		.eabi_attribute 34, 1
  12              		.eabi_attribute 18, 4
  13              		.thumb
  14              		.syntax unified
  15              		.file	"main.c"
  16              		.text
  17              	.Ltext0:
  18              		.cfi_sections	.debug_frame
  19              		.comm	buffer_overflow,1,1
  20              		.comm	dataPointsInStack,2,2
  21              		.comm	dataPointsInStackDesired,2,2
  22              		.comm	data,6600,4
  23              		.comm	modem_state,1,1
  24              		.comm	modem_start_time_stamp,4,4
  25              		.comm	modem_info,60,4
  26              		.comm	modem_stats,32,4
  27              		.comm	updatable_parameters,10,4
  28              		.syntax unified
  29              		.global _printf_float
  30              		.thumb
  31              		.syntax unified
  32              		.comm	App_LED_enabled,1,1
  33              		.comm	app_led_inbox,100,4
  34              		.comm	level_sensor_inbox,100,4
  35              		.comm	level_sensor_enabled,1,1
  36              		.comm	downstream_level_sensor_inbox,100,4
  37              		.comm	downstream_level_sensor_enabled,1,1
  38              		.comm	valve_diameter,4,4
  39              		.comm	valve_type,10,4
  40              		.comm	valve_enabled,1,1
  41              		.comm	valve_inbox,100,4
  42              		.comm	autosampler_enabled,1,1
  43              		.comm	autosampler_inbox,100,4
  44              		.comm	http_request,10000,4
  45              		.comm	http_body,10000,4
  46              		.comm	http_route,200,4
  47              		.comm	system_info,28,4
  48              		.comm	system_settings,104,4
  49              		.comm	alarmMeasure,6,4
  50              		.comm	timeToMeasure,1,1
  51              		.comm	alarmSync,6,4
  52              		.comm	timeToSync,1,1
  53              		.comm	timeToSycnRemoteParams,1,1
  54              		.comm	hey,1,1
  55              		.comm	alarmAppLED,6,4
  56              		.comm	timeToAppLED,1,1
  57              		.comm	alarmLevelSensor,6,4
ARM GAS  C:\Users\klabu\AppData\Local\Temp\ccyDKoxp.s 			page 2


  58              		.comm	timeToLevelSensor,1,1
  59              		.comm	alarmDownstreamLevelSensor,6,4
  60              		.comm	timeToDownstreamLevelSensor,1,1
  61              		.comm	alarmValve,6,4
  62              		.comm	timeToValve,1,1
  63              		.comm	alarmAutosampler,6,4
  64              		.comm	timeToAutosampler,1,1
  65              	.Letext0:
  66              		.file 1 "c:\\program files (x86)\\cypress\\psoc creator\\4.4\\psoc creator\\import\\gnu\\arm\\5.4.
  67              		.file 2 "c:\\program files (x86)\\cypress\\psoc creator\\4.4\\psoc creator\\import\\gnu\\arm\\5.4.
  68              		.file 3 "Generated_Source\\PSoC5/cytypes.h"
  69              		.file 4 "data.h"
  70              		.file 5 "modem.h"
  71              		.file 6 "notoriOS.h"
  72              		.file 7 "Generated_Source\\PSoC5/core_cm3.h"
  73              		.file 8 "App_LED.h"
  74              		.file 9 "level_sensor.h"
  75              		.file 10 "downstream_level_sensor.h"
  76              		.file 11 "valve.h"
  77              		.file 12 "autosampler.h"
  78              		.section	.debug_info,"",%progbits
  79              	.Ldebug_info0:
  80 0000 3F060000 		.4byte	0x63f
  81 0004 0400     		.2byte	0x4
  82 0006 00000000 		.4byte	.Ldebug_abbrev0
  83 000a 04       		.byte	0x4
  84 000b 01       		.uleb128 0x1
  85 000c 7A000000 		.4byte	.LASF100
  86 0010 0C       		.byte	0xc
  87 0011 9E040000 		.4byte	.LASF101
  88 0015 E2040000 		.4byte	.LASF102
  89 0019 00000000 		.4byte	.Ldebug_line0
  90 001d 02       		.uleb128 0x2
  91 001e 01       		.byte	0x1
  92 001f 06       		.byte	0x6
  93 0020 ED020000 		.4byte	.LASF0
  94 0024 02       		.uleb128 0x2
  95 0025 01       		.byte	0x1
  96 0026 08       		.byte	0x8
  97 0027 B7020000 		.4byte	.LASF1
  98 002b 02       		.uleb128 0x2
  99 002c 02       		.byte	0x2
 100 002d 05       		.byte	0x5
 101 002e 5A000000 		.4byte	.LASF2
 102 0032 02       		.uleb128 0x2
 103 0033 02       		.byte	0x2
 104 0034 07       		.byte	0x7
 105 0035 BF030000 		.4byte	.LASF3
 106 0039 03       		.uleb128 0x3
 107 003a 24050000 		.4byte	.LASF9
 108 003e 01       		.byte	0x1
 109 003f 3F       		.byte	0x3f
 110 0040 44000000 		.4byte	0x44
 111 0044 02       		.uleb128 0x2
 112 0045 04       		.byte	0x4
 113 0046 05       		.byte	0x5
 114 0047 0F020000 		.4byte	.LASF4
ARM GAS  C:\Users\klabu\AppData\Local\Temp\ccyDKoxp.s 			page 3


 115 004b 02       		.uleb128 0x2
 116 004c 04       		.byte	0x4
 117 004d 07       		.byte	0x7
 118 004e A5040000 		.4byte	.LASF5
 119 0052 02       		.uleb128 0x2
 120 0053 08       		.byte	0x8
 121 0054 05       		.byte	0x5
 122 0055 FC010000 		.4byte	.LASF6
 123 0059 02       		.uleb128 0x2
 124 005a 08       		.byte	0x8
 125 005b 07       		.byte	0x7
 126 005c 16030000 		.4byte	.LASF7
 127 0060 04       		.uleb128 0x4
 128 0061 04       		.byte	0x4
 129 0062 05       		.byte	0x5
 130 0063 696E7400 		.ascii	"int\000"
 131 0067 02       		.uleb128 0x2
 132 0068 04       		.byte	0x4
 133 0069 07       		.byte	0x7
 134 006a 3D030000 		.4byte	.LASF8
 135 006e 03       		.uleb128 0x3
 136 006f 50040000 		.4byte	.LASF10
 137 0073 02       		.byte	0x2
 138 0074 2C       		.byte	0x2c
 139 0075 39000000 		.4byte	0x39
 140 0079 05       		.uleb128 0x5
 141 007a 90010000 		.4byte	.LASF11
 142 007e 03       		.byte	0x3
 143 007f 9201     		.2byte	0x192
 144 0081 24000000 		.4byte	0x24
 145 0085 05       		.uleb128 0x5
 146 0086 51010000 		.4byte	.LASF12
 147 008a 03       		.byte	0x3
 148 008b 9301     		.2byte	0x193
 149 008d 32000000 		.4byte	0x32
 150 0091 05       		.uleb128 0x5
 151 0092 A7010000 		.4byte	.LASF13
 152 0096 03       		.byte	0x3
 153 0097 9601     		.2byte	0x196
 154 0099 2B000000 		.4byte	0x2b
 155 009d 05       		.uleb128 0x5
 156 009e B7040000 		.4byte	.LASF14
 157 00a2 03       		.byte	0x3
 158 00a3 9701     		.2byte	0x197
 159 00a5 44000000 		.4byte	0x44
 160 00a9 05       		.uleb128 0x5
 161 00aa 2D000000 		.4byte	.LASF15
 162 00ae 03       		.byte	0x3
 163 00af 9801     		.2byte	0x198
 164 00b1 B5000000 		.4byte	0xb5
 165 00b5 02       		.uleb128 0x2
 166 00b6 04       		.byte	0x4
 167 00b7 04       		.byte	0x4
 168 00b8 E1010000 		.4byte	.LASF16
 169 00bc 02       		.uleb128 0x2
 170 00bd 08       		.byte	0x8
 171 00be 04       		.byte	0x4
ARM GAS  C:\Users\klabu\AppData\Local\Temp\ccyDKoxp.s 			page 4


 172 00bf BD040000 		.4byte	.LASF17
 173 00c3 02       		.uleb128 0x2
 174 00c4 01       		.byte	0x1
 175 00c5 08       		.byte	0x8
 176 00c6 0A020000 		.4byte	.LASF18
 177 00ca 02       		.uleb128 0x2
 178 00cb 08       		.byte	0x8
 179 00cc 04       		.byte	0x4
 180 00cd 81020000 		.4byte	.LASF19
 181 00d1 02       		.uleb128 0x2
 182 00d2 04       		.byte	0x4
 183 00d3 07       		.byte	0x7
 184 00d4 64000000 		.4byte	.LASF20
 185 00d8 06       		.uleb128 0x6
 186 00d9 C3000000 		.4byte	0xc3
 187 00dd E8000000 		.4byte	0xe8
 188 00e1 07       		.uleb128 0x7
 189 00e2 D1000000 		.4byte	0xd1
 190 00e6 17       		.byte	0x17
 191 00e7 00       		.byte	0
 192 00e8 08       		.uleb128 0x8
 193 00e9 2C       		.byte	0x2c
 194 00ea 04       		.byte	0x4
 195 00eb 14       		.byte	0x14
 196 00ec 15010000 		.4byte	0x115
 197 00f0 09       		.uleb128 0x9
 198 00f1 6B657900 		.ascii	"key\000"
 199 00f5 04       		.byte	0x4
 200 00f6 15       		.byte	0x15
 201 00f7 15010000 		.4byte	0x115
 202 00fb 00       		.byte	0
 203 00fc 0A       		.uleb128 0xa
 204 00fd 3F010000 		.4byte	.LASF21
 205 0101 04       		.byte	0x4
 206 0102 16       		.byte	0x16
 207 0103 15010000 		.4byte	0x115
 208 0107 14       		.byte	0x14
 209 0108 0A       		.uleb128 0xa
 210 0109 AD010000 		.4byte	.LASF22
 211 010d 04       		.byte	0x4
 212 010e 17       		.byte	0x17
 213 010f 9D000000 		.4byte	0x9d
 214 0113 28       		.byte	0x28
 215 0114 00       		.byte	0
 216 0115 06       		.uleb128 0x6
 217 0116 C3000000 		.4byte	0xc3
 218 011a 25010000 		.4byte	0x125
 219 011e 07       		.uleb128 0x7
 220 011f D1000000 		.4byte	0xd1
 221 0123 13       		.byte	0x13
 222 0124 00       		.byte	0
 223 0125 03       		.uleb128 0x3
 224 0126 4A030000 		.4byte	.LASF23
 225 012a 04       		.byte	0x4
 226 012b 19       		.byte	0x19
 227 012c E8000000 		.4byte	0xe8
 228 0130 08       		.uleb128 0x8
ARM GAS  C:\Users\klabu\AppData\Local\Temp\ccyDKoxp.s 			page 5


 229 0131 3C       		.byte	0x3c
 230 0132 05       		.byte	0x5
 231 0133 36       		.byte	0x36
 232 0134 5D010000 		.4byte	0x15d
 233 0138 0A       		.uleb128 0xa
 234 0139 17000000 		.4byte	.LASF24
 235 013d 05       		.byte	0x5
 236 013e 37       		.byte	0x37
 237 013f 15010000 		.4byte	0x115
 238 0143 00       		.byte	0
 239 0144 0A       		.uleb128 0xa
 240 0145 0E000000 		.4byte	.LASF25
 241 0149 05       		.byte	0x5
 242 014a 38       		.byte	0x38
 243 014b 15010000 		.4byte	0x115
 244 014f 14       		.byte	0x14
 245 0150 0A       		.uleb128 0xa
 246 0151 4B040000 		.4byte	.LASF26
 247 0155 05       		.byte	0x5
 248 0156 39       		.byte	0x39
 249 0157 15010000 		.4byte	0x115
 250 015b 28       		.byte	0x28
 251 015c 00       		.byte	0
 252 015d 03       		.uleb128 0x3
 253 015e 09050000 		.4byte	.LASF27
 254 0162 05       		.byte	0x5
 255 0163 3B       		.byte	0x3b
 256 0164 30010000 		.4byte	0x130
 257 0168 08       		.uleb128 0x8
 258 0169 20       		.byte	0x20
 259 016a 05       		.byte	0x5
 260 016b 3D       		.byte	0x3d
 261 016c D1010000 		.4byte	0x1d1
 262 0170 0A       		.uleb128 0xa
 263 0171 A5030000 		.4byte	.LASF28
 264 0175 05       		.byte	0x5
 265 0176 3E       		.byte	0x3e
 266 0177 60000000 		.4byte	0x60
 267 017b 00       		.byte	0
 268 017c 09       		.uleb128 0x9
 269 017d 62657200 		.ascii	"ber\000"
 270 0181 05       		.byte	0x5
 271 0182 3F       		.byte	0x3f
 272 0183 60000000 		.4byte	0x60
 273 0187 04       		.byte	0x4
 274 0188 0A       		.uleb128 0xa
 275 0189 A2010000 		.4byte	.LASF29
 276 018d 05       		.byte	0x5
 277 018e 40       		.byte	0x40
 278 018f 60000000 		.4byte	0x60
 279 0193 08       		.byte	0x8
 280 0194 0A       		.uleb128 0xa
 281 0195 2E010000 		.4byte	.LASF30
 282 0199 05       		.byte	0x5
 283 019a 41       		.byte	0x41
 284 019b 60000000 		.4byte	0x60
 285 019f 0C       		.byte	0xc
ARM GAS  C:\Users\klabu\AppData\Local\Temp\ccyDKoxp.s 			page 6


 286 01a0 0A       		.uleb128 0xa
 287 01a1 75000000 		.4byte	.LASF31
 288 01a5 05       		.byte	0x5
 289 01a6 42       		.byte	0x42
 290 01a7 60000000 		.4byte	0x60
 291 01ab 10       		.byte	0x10
 292 01ac 0A       		.uleb128 0xa
 293 01ad C5020000 		.4byte	.LASF32
 294 01b1 05       		.byte	0x5
 295 01b2 43       		.byte	0x43
 296 01b3 60000000 		.4byte	0x60
 297 01b7 14       		.byte	0x14
 298 01b8 0A       		.uleb128 0xa
 299 01b9 D2030000 		.4byte	.LASF33
 300 01bd 05       		.byte	0x5
 301 01be 44       		.byte	0x44
 302 01bf 60000000 		.4byte	0x60
 303 01c3 18       		.byte	0x18
 304 01c4 0A       		.uleb128 0xa
 305 01c5 18040000 		.4byte	.LASF34
 306 01c9 05       		.byte	0x5
 307 01ca 45       		.byte	0x45
 308 01cb 60000000 		.4byte	0x60
 309 01cf 1C       		.byte	0x1c
 310 01d0 00       		.byte	0
 311 01d1 03       		.uleb128 0x3
 312 01d2 58040000 		.4byte	.LASF35
 313 01d6 05       		.byte	0x5
 314 01d7 47       		.byte	0x47
 315 01d8 68010000 		.4byte	0x168
 316 01dc 08       		.uleb128 0x8
 317 01dd 0A       		.byte	0xa
 318 01de 05       		.byte	0x5
 319 01df 53       		.byte	0x53
 320 01e0 5D020000 		.4byte	0x25d
 321 01e4 0A       		.uleb128 0xa
 322 01e5 AF050000 		.4byte	.LASF36
 323 01e9 05       		.byte	0x5
 324 01ea 55       		.byte	0x55
 325 01eb 79000000 		.4byte	0x79
 326 01ef 00       		.byte	0
 327 01f0 0A       		.uleb128 0xa
 328 01f1 AB030000 		.4byte	.LASF37
 329 01f5 05       		.byte	0x5
 330 01f6 57       		.byte	0x57
 331 01f7 5D020000 		.4byte	0x25d
 332 01fb 01       		.byte	0x1
 333 01fc 0A       		.uleb128 0xa
 334 01fd 58020000 		.4byte	.LASF38
 335 0201 05       		.byte	0x5
 336 0202 59       		.byte	0x59
 337 0203 79000000 		.4byte	0x79
 338 0207 02       		.byte	0x2
 339 0208 0A       		.uleb128 0xa
 340 0209 6A030000 		.4byte	.LASF39
 341 020d 05       		.byte	0x5
 342 020e 5B       		.byte	0x5b
ARM GAS  C:\Users\klabu\AppData\Local\Temp\ccyDKoxp.s 			page 7


 343 020f 79000000 		.4byte	0x79
 344 0213 03       		.byte	0x3
 345 0214 0A       		.uleb128 0xa
 346 0215 FD040000 		.4byte	.LASF40
 347 0219 05       		.byte	0x5
 348 021a 5E       		.byte	0x5e
 349 021b 79000000 		.4byte	0x79
 350 021f 04       		.byte	0x4
 351 0220 0A       		.uleb128 0xa
 352 0221 08010000 		.4byte	.LASF41
 353 0225 05       		.byte	0x5
 354 0226 63       		.byte	0x63
 355 0227 79000000 		.4byte	0x79
 356 022b 05       		.byte	0x5
 357 022c 0A       		.uleb128 0xa
 358 022d 65020000 		.4byte	.LASF42
 359 0231 05       		.byte	0x5
 360 0232 65       		.byte	0x65
 361 0233 79000000 		.4byte	0x79
 362 0237 06       		.byte	0x6
 363 0238 0A       		.uleb128 0xa
 364 0239 F9020000 		.4byte	.LASF43
 365 023d 05       		.byte	0x5
 366 023e 66       		.byte	0x66
 367 023f 79000000 		.4byte	0x79
 368 0243 07       		.byte	0x7
 369 0244 0A       		.uleb128 0xa
 370 0245 15010000 		.4byte	.LASF44
 371 0249 05       		.byte	0x5
 372 024a 67       		.byte	0x67
 373 024b 79000000 		.4byte	0x79
 374 024f 08       		.byte	0x8
 375 0250 0A       		.uleb128 0xa
 376 0251 3B050000 		.4byte	.LASF45
 377 0255 05       		.byte	0x5
 378 0256 68       		.byte	0x68
 379 0257 79000000 		.4byte	0x79
 380 025b 09       		.byte	0x9
 381 025c 00       		.byte	0
 382 025d 02       		.uleb128 0x2
 383 025e 01       		.byte	0x1
 384 025f 02       		.byte	0x2
 385 0260 66040000 		.4byte	.LASF46
 386 0264 03       		.uleb128 0x3
 387 0265 8E030000 		.4byte	.LASF47
 388 0269 05       		.byte	0x5
 389 026a 6E       		.byte	0x6e
 390 026b DC010000 		.4byte	0x1dc
 391 026f 08       		.uleb128 0x8
 392 0270 06       		.byte	0x6
 393 0271 06       		.byte	0x6
 394 0272 35       		.byte	0x35
 395 0273 A8020000 		.4byte	0x2a8
 396 0277 0A       		.uleb128 0xa
 397 0278 4B000000 		.4byte	.LASF48
 398 027c 06       		.byte	0x6
 399 027d 37       		.byte	0x37
ARM GAS  C:\Users\klabu\AppData\Local\Temp\ccyDKoxp.s 			page 8


 400 027e 85000000 		.4byte	0x85
 401 0282 00       		.byte	0
 402 0283 0A       		.uleb128 0xa
 403 0284 35000000 		.4byte	.LASF49
 404 0288 06       		.byte	0x6
 405 0289 38       		.byte	0x38
 406 028a 91000000 		.4byte	0x91
 407 028e 02       		.byte	0x2
 408 028f 0A       		.uleb128 0xa
 409 0290 16050000 		.4byte	.LASF50
 410 0294 06       		.byte	0x6
 411 0295 39       		.byte	0x39
 412 0296 79000000 		.4byte	0x79
 413 029a 04       		.byte	0x4
 414 029b 0A       		.uleb128 0xa
 415 029c 5E050000 		.4byte	.LASF51
 416 02a0 06       		.byte	0x6
 417 02a1 3A       		.byte	0x3a
 418 02a2 79000000 		.4byte	0x79
 419 02a6 05       		.byte	0x5
 420 02a7 00       		.byte	0
 421 02a8 03       		.uleb128 0x3
 422 02a9 52020000 		.4byte	.LASF52
 423 02ad 06       		.byte	0x6
 424 02ae 3D       		.byte	0x3d
 425 02af B3020000 		.4byte	0x2b3
 426 02b3 0B       		.uleb128 0xb
 427 02b4 6F020000 		.4byte	0x26f
 428 02b8 08       		.uleb128 0x8
 429 02b9 1C       		.byte	0x1c
 430 02ba 06       		.byte	0x6
 431 02bb 40       		.byte	0x40
 432 02bc D9020000 		.4byte	0x2d9
 433 02c0 0A       		.uleb128 0xa
 434 02c1 28020000 		.4byte	.LASF53
 435 02c5 06       		.byte	0x6
 436 02c6 42       		.byte	0x42
 437 02c7 D9020000 		.4byte	0x2d9
 438 02cb 00       		.byte	0
 439 02cc 0A       		.uleb128 0xa
 440 02cd 20010000 		.4byte	.LASF54
 441 02d1 06       		.byte	0x6
 442 02d2 43       		.byte	0x43
 443 02d3 D8000000 		.4byte	0xd8
 444 02d7 04       		.byte	0x4
 445 02d8 00       		.byte	0
 446 02d9 0C       		.uleb128 0xc
 447 02da 04       		.byte	0x4
 448 02db 5D010000 		.4byte	0x15d
 449 02df 03       		.uleb128 0x3
 450 02e0 B4030000 		.4byte	.LASF55
 451 02e4 06       		.byte	0x6
 452 02e5 45       		.byte	0x45
 453 02e6 B8020000 		.4byte	0x2b8
 454 02ea 08       		.uleb128 0x8
 455 02eb 68       		.byte	0x68
 456 02ec 06       		.byte	0x6
ARM GAS  C:\Users\klabu\AppData\Local\Temp\ccyDKoxp.s 			page 9


 457 02ed 4B       		.byte	0x4b
 458 02ee 0B030000 		.4byte	0x30b
 459 02f2 0A       		.uleb128 0xa
 460 02f3 6D000000 		.4byte	.LASF56
 461 02f7 06       		.byte	0x6
 462 02f8 50       		.byte	0x50
 463 02f9 0B030000 		.4byte	0x30b
 464 02fd 00       		.byte	0
 465 02fe 0A       		.uleb128 0xa
 466 02ff 8B050000 		.4byte	.LASF57
 467 0303 06       		.byte	0x6
 468 0304 51       		.byte	0x51
 469 0305 60000000 		.4byte	0x60
 470 0309 64       		.byte	0x64
 471 030a 00       		.byte	0
 472 030b 06       		.uleb128 0x6
 473 030c C3000000 		.4byte	0xc3
 474 0310 1B030000 		.4byte	0x31b
 475 0314 07       		.uleb128 0x7
 476 0315 D1000000 		.4byte	0xd1
 477 0319 63       		.byte	0x63
 478 031a 00       		.byte	0
 479 031b 03       		.uleb128 0x3
 480 031c 1E000000 		.4byte	.LASF58
 481 0320 06       		.byte	0x6
 482 0321 57       		.byte	0x57
 483 0322 EA020000 		.4byte	0x2ea
 484 0326 0D       		.uleb128 0xd
 485 0327 C4040000 		.4byte	.LASF59
 486 032b 07       		.byte	0x7
 487 032c 1207     		.2byte	0x712
 488 032e 32030000 		.4byte	0x332
 489 0332 0B       		.uleb128 0xb
 490 0333 6E000000 		.4byte	0x6e
 491 0337 0E       		.uleb128 0xe
 492 0338 18020000 		.4byte	.LASF60
 493 033c 04       		.byte	0x4
 494 033d 11       		.byte	0x11
 495 033e 5D020000 		.4byte	0x25d
 496 0342 05       		.uleb128 0x5
 497 0343 03       		.byte	0x3
 498 0344 00000000 		.4byte	buffer_overflow
 499 0348 0E       		.uleb128 0xe
 500 0349 7E010000 		.4byte	.LASF61
 501 034d 04       		.byte	0x4
 502 034e 22       		.byte	0x22
 503 034f 85000000 		.4byte	0x85
 504 0353 05       		.uleb128 0x5
 505 0354 03       		.byte	0x3
 506 0355 00000000 		.4byte	dataPointsInStack
 507 0359 0E       		.uleb128 0xe
 508 035a C8010000 		.4byte	.LASF62
 509 035e 04       		.byte	0x4
 510 035f 23       		.byte	0x23
 511 0360 85000000 		.4byte	0x85
 512 0364 05       		.uleb128 0x5
 513 0365 03       		.byte	0x3
ARM GAS  C:\Users\klabu\AppData\Local\Temp\ccyDKoxp.s 			page 10


 514 0366 00000000 		.4byte	dataPointsInStackDesired
 515 036a 06       		.uleb128 0x6
 516 036b 25010000 		.4byte	0x125
 517 036f 7A030000 		.4byte	0x37a
 518 0373 07       		.uleb128 0x7
 519 0374 D1000000 		.4byte	0xd1
 520 0378 95       		.byte	0x95
 521 0379 00       		.byte	0
 522 037a 0E       		.uleb128 0xe
 523 037b 83040000 		.4byte	.LASF63
 524 037f 04       		.byte	0x4
 525 0380 24       		.byte	0x24
 526 0381 6A030000 		.4byte	0x36a
 527 0385 05       		.uleb128 0x5
 528 0386 03       		.byte	0x3
 529 0387 00000000 		.4byte	data
 530 038b 0E       		.uleb128 0xe
 531 038c E1020000 		.4byte	.LASF64
 532 0390 05       		.byte	0x5
 533 0391 20       		.byte	0x20
 534 0392 79000000 		.4byte	0x79
 535 0396 05       		.uleb128 0x5
 536 0397 03       		.byte	0x3
 537 0398 00000000 		.4byte	modem_state
 538 039c 0E       		.uleb128 0xe
 539 039d CA020000 		.4byte	.LASF65
 540 03a1 05       		.byte	0x5
 541 03a2 71       		.byte	0x71
 542 03a3 9D000000 		.4byte	0x9d
 543 03a7 05       		.uleb128 0x5
 544 03a8 03       		.byte	0x3
 545 03a9 00000000 		.4byte	modem_start_time_stamp
 546 03ad 0E       		.uleb128 0xe
 547 03ae 28020000 		.4byte	.LASF53
 548 03b2 05       		.byte	0x5
 549 03b3 72       		.byte	0x72
 550 03b4 5D010000 		.4byte	0x15d
 551 03b8 05       		.uleb128 0x5
 552 03b9 03       		.byte	0x3
 553 03ba 00000000 		.4byte	modem_info
 554 03be 0E       		.uleb128 0xe
 555 03bf 74030000 		.4byte	.LASF66
 556 03c3 05       		.byte	0x5
 557 03c4 73       		.byte	0x73
 558 03c5 D1010000 		.4byte	0x1d1
 559 03c9 05       		.uleb128 0x5
 560 03ca 03       		.byte	0x3
 561 03cb 00000000 		.4byte	modem_stats
 562 03cf 0E       		.uleb128 0xe
 563 03d0 76050000 		.4byte	.LASF67
 564 03d4 05       		.byte	0x5
 565 03d5 74       		.byte	0x74
 566 03d6 64020000 		.4byte	0x264
 567 03da 05       		.uleb128 0x5
 568 03db 03       		.byte	0x3
 569 03dc 00000000 		.4byte	updatable_parameters
 570 03e0 0E       		.uleb128 0xe
ARM GAS  C:\Users\klabu\AppData\Local\Temp\ccyDKoxp.s 			page 11


 571 03e1 B9050000 		.4byte	.LASF68
 572 03e5 08       		.byte	0x8
 573 03e6 07       		.byte	0x7
 574 03e7 79000000 		.4byte	0x79
 575 03eb 05       		.uleb128 0x5
 576 03ec 03       		.byte	0x3
 577 03ed 00000000 		.4byte	App_LED_enabled
 578 03f1 0E       		.uleb128 0xe
 579 03f2 8D020000 		.4byte	.LASF69
 580 03f6 08       		.byte	0x8
 581 03f7 08       		.byte	0x8
 582 03f8 0B030000 		.4byte	0x30b
 583 03fc 05       		.uleb128 0x5
 584 03fd 03       		.byte	0x3
 585 03fe 00000000 		.4byte	app_led_inbox
 586 0402 0E       		.uleb128 0xe
 587 0403 EA030000 		.4byte	.LASF70
 588 0407 09       		.byte	0x9
 589 0408 25       		.byte	0x25
 590 0409 0B030000 		.4byte	0x30b
 591 040d 05       		.uleb128 0x5
 592 040e 03       		.byte	0x3
 593 040f 00000000 		.4byte	level_sensor_inbox
 594 0413 0E       		.uleb128 0xe
 595 0414 E7010000 		.4byte	.LASF71
 596 0418 09       		.byte	0x9
 597 0419 27       		.byte	0x27
 598 041a 5D020000 		.4byte	0x25d
 599 041e 05       		.uleb128 0x5
 600 041f 03       		.byte	0x3
 601 0420 00000000 		.4byte	level_sensor_enabled
 602 0424 0E       		.uleb128 0xe
 603 0425 E1050000 		.4byte	.LASF72
 604 0429 0A       		.byte	0xa
 605 042a 0F       		.byte	0xf
 606 042b 0B030000 		.4byte	0x30b
 607 042f 05       		.uleb128 0x5
 608 0430 03       		.byte	0x3
 609 0431 00000000 		.4byte	downstream_level_sensor_inbox
 610 0435 0E       		.uleb128 0xe
 611 0436 2B040000 		.4byte	.LASF73
 612 043a 0A       		.byte	0xa
 613 043b 11       		.byte	0x11
 614 043c 5D020000 		.4byte	0x25d
 615 0440 05       		.uleb128 0x5
 616 0441 03       		.byte	0x3
 617 0442 00000000 		.4byte	downstream_level_sensor_enabled
 618 0446 0E       		.uleb128 0xe
 619 0447 FD030000 		.4byte	.LASF74
 620 044b 0B       		.byte	0xb
 621 044c 2A       		.byte	0x2a
 622 044d A9000000 		.4byte	0xa9
 623 0451 05       		.uleb128 0x5
 624 0452 03       		.byte	0x3
 625 0453 00000000 		.4byte	valve_diameter
 626 0457 06       		.uleb128 0x6
 627 0458 C3000000 		.4byte	0xc3
ARM GAS  C:\Users\klabu\AppData\Local\Temp\ccyDKoxp.s 			page 12


 628 045c 67040000 		.4byte	0x467
 629 0460 07       		.uleb128 0x7
 630 0461 D1000000 		.4byte	0xd1
 631 0465 09       		.byte	0x9
 632 0466 00       		.byte	0
 633 0467 0E       		.uleb128 0xe
 634 0468 73010000 		.4byte	.LASF75
 635 046c 0B       		.byte	0xb
 636 046d 2B       		.byte	0x2b
 637 046e 57040000 		.4byte	0x457
 638 0472 05       		.uleb128 0x5
 639 0473 03       		.byte	0x3
 640 0474 00000000 		.4byte	valve_type
 641 0478 0E       		.uleb128 0xe
 642 0479 00000000 		.4byte	.LASF76
 643 047d 0B       		.byte	0xb
 644 047e 30       		.byte	0x30
 645 047f 79000000 		.4byte	0x79
 646 0483 05       		.uleb128 0x5
 647 0484 03       		.byte	0x3
 648 0485 00000000 		.4byte	valve_enabled
 649 0489 0E       		.uleb128 0xe
 650 048a 45010000 		.4byte	.LASF77
 651 048e 0B       		.byte	0xb
 652 048f 31       		.byte	0x31
 653 0490 0B030000 		.4byte	0x30b
 654 0494 05       		.uleb128 0x5
 655 0495 03       		.byte	0x3
 656 0496 00000000 		.4byte	valve_inbox
 657 049a 0E       		.uleb128 0xe
 658 049b 56030000 		.4byte	.LASF78
 659 049f 0C       		.byte	0xc
 660 04a0 69       		.byte	0x69
 661 04a1 79000000 		.4byte	0x79
 662 04a5 05       		.uleb128 0x5
 663 04a6 03       		.byte	0x3
 664 04a7 00000000 		.4byte	autosampler_enabled
 665 04ab 0E       		.uleb128 0xe
 666 04ac 9D050000 		.4byte	.LASF79
 667 04b0 0C       		.byte	0xc
 668 04b1 6B       		.byte	0x6b
 669 04b2 0B030000 		.4byte	0x30b
 670 04b6 05       		.uleb128 0x5
 671 04b7 03       		.byte	0x3
 672 04b8 00000000 		.4byte	autosampler_inbox
 673 04bc 06       		.uleb128 0x6
 674 04bd C3000000 		.4byte	0xc3
 675 04c1 CD040000 		.4byte	0x4cd
 676 04c5 0F       		.uleb128 0xf
 677 04c6 D1000000 		.4byte	0xd1
 678 04ca 0F27     		.2byte	0x270f
 679 04cc 00       		.byte	0
 680 04cd 0E       		.uleb128 0xe
 681 04ce C9050000 		.4byte	.LASF80
 682 04d2 06       		.byte	0x6
 683 04d3 1F       		.byte	0x1f
 684 04d4 BC040000 		.4byte	0x4bc
ARM GAS  C:\Users\klabu\AppData\Local\Temp\ccyDKoxp.s 			page 13


 685 04d8 05       		.uleb128 0x5
 686 04d9 03       		.byte	0x3
 687 04da 00000000 		.4byte	http_request
 688 04de 0E       		.uleb128 0xe
 689 04df 93050000 		.4byte	.LASF81
 690 04e3 06       		.byte	0x6
 691 04e4 20       		.byte	0x20
 692 04e5 BC040000 		.4byte	0x4bc
 693 04e9 05       		.uleb128 0x5
 694 04ea 03       		.byte	0x3
 695 04eb 00000000 		.4byte	http_body
 696 04ef 06       		.uleb128 0x6
 697 04f0 C3000000 		.4byte	0xc3
 698 04f4 FF040000 		.4byte	0x4ff
 699 04f8 07       		.uleb128 0x7
 700 04f9 D1000000 		.4byte	0xd1
 701 04fd C7       		.byte	0xc7
 702 04fe 00       		.byte	0
 703 04ff 0E       		.uleb128 0xe
 704 0500 93040000 		.4byte	.LASF82
 705 0504 06       		.byte	0x6
 706 0505 21       		.byte	0x21
 707 0506 EF040000 		.4byte	0x4ef
 708 050a 05       		.uleb128 0x5
 709 050b 03       		.byte	0x3
 710 050c 00000000 		.4byte	http_route
 711 0510 0E       		.uleb128 0xe
 712 0511 0C040000 		.4byte	.LASF83
 713 0515 06       		.byte	0x6
 714 0516 48       		.byte	0x48
 715 0517 DF020000 		.4byte	0x2df
 716 051b 05       		.uleb128 0x5
 717 051c 03       		.byte	0x3
 718 051d 00000000 		.4byte	system_info
 719 0521 0E       		.uleb128 0xe
 720 0522 2D030000 		.4byte	.LASF84
 721 0526 06       		.byte	0x6
 722 0527 5A       		.byte	0x5a
 723 0528 1B030000 		.4byte	0x31b
 724 052c 05       		.uleb128 0x5
 725 052d 03       		.byte	0x3
 726 052e 00000000 		.4byte	system_settings
 727 0532 0E       		.uleb128 0xe
 728 0533 33020000 		.4byte	.LASF85
 729 0537 06       		.byte	0x6
 730 0538 76       		.byte	0x76
 731 0539 A8020000 		.4byte	0x2a8
 732 053d 05       		.uleb128 0x5
 733 053e 03       		.byte	0x3
 734 053f 00000000 		.4byte	alarmMeasure
 735 0543 0E       		.uleb128 0xe
 736 0544 80030000 		.4byte	.LASF86
 737 0548 06       		.byte	0x6
 738 0549 77       		.byte	0x77
 739 054a 79000000 		.4byte	0x79
 740 054e 05       		.uleb128 0x5
 741 054f 03       		.byte	0x3
ARM GAS  C:\Users\klabu\AppData\Local\Temp\ccyDKoxp.s 			page 14


 742 0550 00000000 		.4byte	timeToMeasure
 743 0554 0E       		.uleb128 0xe
 744 0555 77020000 		.4byte	.LASF87
 745 0559 06       		.byte	0x6
 746 055a 78       		.byte	0x78
 747 055b A8020000 		.4byte	0x2a8
 748 055f 05       		.uleb128 0x5
 749 0560 03       		.byte	0x3
 750 0561 00000000 		.4byte	alarmSync
 751 0565 0E       		.uleb128 0xe
 752 0566 D6050000 		.4byte	.LASF88
 753 056a 06       		.byte	0x6
 754 056b 79       		.byte	0x79
 755 056c 79000000 		.4byte	0x79
 756 0570 05       		.uleb128 0x5
 757 0571 03       		.byte	0x3
 758 0572 00000000 		.4byte	timeToSync
 759 0576 0E       		.uleb128 0xe
 760 0577 6C040000 		.4byte	.LASF89
 761 057b 06       		.byte	0x6
 762 057c 7A       		.byte	0x7a
 763 057d 79000000 		.4byte	0x79
 764 0581 05       		.uleb128 0x5
 765 0582 03       		.byte	0x3
 766 0583 00000000 		.4byte	timeToSycnRemoteParams
 767 0587 10       		.uleb128 0x10
 768 0588 68657900 		.ascii	"hey\000"
 769 058c 06       		.byte	0x6
 770 058d 7B       		.byte	0x7b
 771 058e 79000000 		.4byte	0x79
 772 0592 05       		.uleb128 0x5
 773 0593 03       		.byte	0x3
 774 0594 00000000 		.4byte	hey
 775 0598 0E       		.uleb128 0xe
 776 0599 33010000 		.4byte	.LASF90
 777 059d 06       		.byte	0x6
 778 059e 7F       		.byte	0x7f
 779 059f A8020000 		.4byte	0x2a8
 780 05a3 05       		.uleb128 0x5
 781 05a4 03       		.byte	0x3
 782 05a5 00000000 		.4byte	alarmAppLED
 783 05a9 0E       		.uleb128 0xe
 784 05aa 2E050000 		.4byte	.LASF91
 785 05ae 06       		.byte	0x6
 786 05af 80       		.byte	0x80
 787 05b0 79000000 		.4byte	0x79
 788 05b4 05       		.uleb128 0x5
 789 05b5 03       		.byte	0x3
 790 05b6 00000000 		.4byte	timeToAppLED
 791 05ba 0E       		.uleb128 0xe
 792 05bb D1040000 		.4byte	.LASF92
 793 05bf 06       		.byte	0x6
 794 05c0 82       		.byte	0x82
 795 05c1 A8020000 		.4byte	0x2a8
 796 05c5 05       		.uleb128 0x5
 797 05c6 03       		.byte	0x3
 798 05c7 00000000 		.4byte	alarmLevelSensor
ARM GAS  C:\Users\klabu\AppData\Local\Temp\ccyDKoxp.s 			page 15


 799 05cb 0E       		.uleb128 0xe
 800 05cc 4C050000 		.4byte	.LASF93
 801 05d0 06       		.byte	0x6
 802 05d1 83       		.byte	0x83
 803 05d2 79000000 		.4byte	0x79
 804 05d6 05       		.uleb128 0x5
 805 05d7 03       		.byte	0x3
 806 05d8 00000000 		.4byte	timeToLevelSensor
 807 05dc 0E       		.uleb128 0xe
 808 05dd 58010000 		.4byte	.LASF94
 809 05e1 06       		.byte	0x6
 810 05e2 85       		.byte	0x85
 811 05e3 A8020000 		.4byte	0x2a8
 812 05e7 05       		.uleb128 0x5
 813 05e8 03       		.byte	0x3
 814 05e9 00000000 		.4byte	alarmDownstreamLevelSensor
 815 05ed 0E       		.uleb128 0xe
 816 05ee 9B020000 		.4byte	.LASF95
 817 05f2 06       		.byte	0x6
 818 05f3 86       		.byte	0x86
 819 05f4 79000000 		.4byte	0x79
 820 05f8 05       		.uleb128 0x5
 821 05f9 03       		.byte	0x3
 822 05fa 00000000 		.4byte	timeToDownstreamLevelSensor
 823 05fe 0E       		.uleb128 0xe
 824 05ff 88040000 		.4byte	.LASF96
 825 0603 06       		.byte	0x6
 826 0604 88       		.byte	0x88
 827 0605 A8020000 		.4byte	0x2a8
 828 0609 05       		.uleb128 0x5
 829 060a 03       		.byte	0x3
 830 060b 00000000 		.4byte	alarmValve
 831 060f 0E       		.uleb128 0xe
 832 0610 96010000 		.4byte	.LASF97
 833 0614 06       		.byte	0x6
 834 0615 89       		.byte	0x89
 835 0616 79000000 		.4byte	0x79
 836 061a 05       		.uleb128 0x5
 837 061b 03       		.byte	0x3
 838 061c 00000000 		.4byte	timeToValve
 839 0620 0E       		.uleb128 0xe
 840 0621 B7010000 		.4byte	.LASF98
 841 0625 06       		.byte	0x6
 842 0626 8B       		.byte	0x8b
 843 0627 A8020000 		.4byte	0x2a8
 844 062b 05       		.uleb128 0x5
 845 062c 03       		.byte	0x3
 846 062d 00000000 		.4byte	alarmAutosampler
 847 0631 0E       		.uleb128 0xe
 848 0632 40020000 		.4byte	.LASF99
 849 0636 06       		.byte	0x6
 850 0637 8C       		.byte	0x8c
 851 0638 79000000 		.4byte	0x79
 852 063c 05       		.uleb128 0x5
 853 063d 03       		.byte	0x3
 854 063e 00000000 		.4byte	timeToAutosampler
 855 0642 00       		.byte	0
ARM GAS  C:\Users\klabu\AppData\Local\Temp\ccyDKoxp.s 			page 16


 856              		.section	.debug_abbrev,"",%progbits
 857              	.Ldebug_abbrev0:
 858 0000 01       		.uleb128 0x1
 859 0001 11       		.uleb128 0x11
 860 0002 01       		.byte	0x1
 861 0003 25       		.uleb128 0x25
 862 0004 0E       		.uleb128 0xe
 863 0005 13       		.uleb128 0x13
 864 0006 0B       		.uleb128 0xb
 865 0007 03       		.uleb128 0x3
 866 0008 0E       		.uleb128 0xe
 867 0009 1B       		.uleb128 0x1b
 868 000a 0E       		.uleb128 0xe
 869 000b 10       		.uleb128 0x10
 870 000c 17       		.uleb128 0x17
 871 000d 00       		.byte	0
 872 000e 00       		.byte	0
 873 000f 02       		.uleb128 0x2
 874 0010 24       		.uleb128 0x24
 875 0011 00       		.byte	0
 876 0012 0B       		.uleb128 0xb
 877 0013 0B       		.uleb128 0xb
 878 0014 3E       		.uleb128 0x3e
 879 0015 0B       		.uleb128 0xb
 880 0016 03       		.uleb128 0x3
 881 0017 0E       		.uleb128 0xe
 882 0018 00       		.byte	0
 883 0019 00       		.byte	0
 884 001a 03       		.uleb128 0x3
 885 001b 16       		.uleb128 0x16
 886 001c 00       		.byte	0
 887 001d 03       		.uleb128 0x3
 888 001e 0E       		.uleb128 0xe
 889 001f 3A       		.uleb128 0x3a
 890 0020 0B       		.uleb128 0xb
 891 0021 3B       		.uleb128 0x3b
 892 0022 0B       		.uleb128 0xb
 893 0023 49       		.uleb128 0x49
 894 0024 13       		.uleb128 0x13
 895 0025 00       		.byte	0
 896 0026 00       		.byte	0
 897 0027 04       		.uleb128 0x4
 898 0028 24       		.uleb128 0x24
 899 0029 00       		.byte	0
 900 002a 0B       		.uleb128 0xb
 901 002b 0B       		.uleb128 0xb
 902 002c 3E       		.uleb128 0x3e
 903 002d 0B       		.uleb128 0xb
 904 002e 03       		.uleb128 0x3
 905 002f 08       		.uleb128 0x8
 906 0030 00       		.byte	0
 907 0031 00       		.byte	0
 908 0032 05       		.uleb128 0x5
 909 0033 16       		.uleb128 0x16
 910 0034 00       		.byte	0
 911 0035 03       		.uleb128 0x3
 912 0036 0E       		.uleb128 0xe
ARM GAS  C:\Users\klabu\AppData\Local\Temp\ccyDKoxp.s 			page 17


 913 0037 3A       		.uleb128 0x3a
 914 0038 0B       		.uleb128 0xb
 915 0039 3B       		.uleb128 0x3b
 916 003a 05       		.uleb128 0x5
 917 003b 49       		.uleb128 0x49
 918 003c 13       		.uleb128 0x13
 919 003d 00       		.byte	0
 920 003e 00       		.byte	0
 921 003f 06       		.uleb128 0x6
 922 0040 01       		.uleb128 0x1
 923 0041 01       		.byte	0x1
 924 0042 49       		.uleb128 0x49
 925 0043 13       		.uleb128 0x13
 926 0044 01       		.uleb128 0x1
 927 0045 13       		.uleb128 0x13
 928 0046 00       		.byte	0
 929 0047 00       		.byte	0
 930 0048 07       		.uleb128 0x7
 931 0049 21       		.uleb128 0x21
 932 004a 00       		.byte	0
 933 004b 49       		.uleb128 0x49
 934 004c 13       		.uleb128 0x13
 935 004d 2F       		.uleb128 0x2f
 936 004e 0B       		.uleb128 0xb
 937 004f 00       		.byte	0
 938 0050 00       		.byte	0
 939 0051 08       		.uleb128 0x8
 940 0052 13       		.uleb128 0x13
 941 0053 01       		.byte	0x1
 942 0054 0B       		.uleb128 0xb
 943 0055 0B       		.uleb128 0xb
 944 0056 3A       		.uleb128 0x3a
 945 0057 0B       		.uleb128 0xb
 946 0058 3B       		.uleb128 0x3b
 947 0059 0B       		.uleb128 0xb
 948 005a 01       		.uleb128 0x1
 949 005b 13       		.uleb128 0x13
 950 005c 00       		.byte	0
 951 005d 00       		.byte	0
 952 005e 09       		.uleb128 0x9
 953 005f 0D       		.uleb128 0xd
 954 0060 00       		.byte	0
 955 0061 03       		.uleb128 0x3
 956 0062 08       		.uleb128 0x8
 957 0063 3A       		.uleb128 0x3a
 958 0064 0B       		.uleb128 0xb
 959 0065 3B       		.uleb128 0x3b
 960 0066 0B       		.uleb128 0xb
 961 0067 49       		.uleb128 0x49
 962 0068 13       		.uleb128 0x13
 963 0069 38       		.uleb128 0x38
 964 006a 0B       		.uleb128 0xb
 965 006b 00       		.byte	0
 966 006c 00       		.byte	0
 967 006d 0A       		.uleb128 0xa
 968 006e 0D       		.uleb128 0xd
 969 006f 00       		.byte	0
ARM GAS  C:\Users\klabu\AppData\Local\Temp\ccyDKoxp.s 			page 18


 970 0070 03       		.uleb128 0x3
 971 0071 0E       		.uleb128 0xe
 972 0072 3A       		.uleb128 0x3a
 973 0073 0B       		.uleb128 0xb
 974 0074 3B       		.uleb128 0x3b
 975 0075 0B       		.uleb128 0xb
 976 0076 49       		.uleb128 0x49
 977 0077 13       		.uleb128 0x13
 978 0078 38       		.uleb128 0x38
 979 0079 0B       		.uleb128 0xb
 980 007a 00       		.byte	0
 981 007b 00       		.byte	0
 982 007c 0B       		.uleb128 0xb
 983 007d 35       		.uleb128 0x35
 984 007e 00       		.byte	0
 985 007f 49       		.uleb128 0x49
 986 0080 13       		.uleb128 0x13
 987 0081 00       		.byte	0
 988 0082 00       		.byte	0
 989 0083 0C       		.uleb128 0xc
 990 0084 0F       		.uleb128 0xf
 991 0085 00       		.byte	0
 992 0086 0B       		.uleb128 0xb
 993 0087 0B       		.uleb128 0xb
 994 0088 49       		.uleb128 0x49
 995 0089 13       		.uleb128 0x13
 996 008a 00       		.byte	0
 997 008b 00       		.byte	0
 998 008c 0D       		.uleb128 0xd
 999 008d 34       		.uleb128 0x34
 1000 008e 00       		.byte	0
 1001 008f 03       		.uleb128 0x3
 1002 0090 0E       		.uleb128 0xe
 1003 0091 3A       		.uleb128 0x3a
 1004 0092 0B       		.uleb128 0xb
 1005 0093 3B       		.uleb128 0x3b
 1006 0094 05       		.uleb128 0x5
 1007 0095 49       		.uleb128 0x49
 1008 0096 13       		.uleb128 0x13
 1009 0097 3F       		.uleb128 0x3f
 1010 0098 19       		.uleb128 0x19
 1011 0099 3C       		.uleb128 0x3c
 1012 009a 19       		.uleb128 0x19
 1013 009b 00       		.byte	0
 1014 009c 00       		.byte	0
 1015 009d 0E       		.uleb128 0xe
 1016 009e 34       		.uleb128 0x34
 1017 009f 00       		.byte	0
 1018 00a0 03       		.uleb128 0x3
 1019 00a1 0E       		.uleb128 0xe
 1020 00a2 3A       		.uleb128 0x3a
 1021 00a3 0B       		.uleb128 0xb
 1022 00a4 3B       		.uleb128 0x3b
 1023 00a5 0B       		.uleb128 0xb
 1024 00a6 49       		.uleb128 0x49
 1025 00a7 13       		.uleb128 0x13
 1026 00a8 3F       		.uleb128 0x3f
ARM GAS  C:\Users\klabu\AppData\Local\Temp\ccyDKoxp.s 			page 19


 1027 00a9 19       		.uleb128 0x19
 1028 00aa 02       		.uleb128 0x2
 1029 00ab 18       		.uleb128 0x18
 1030 00ac 00       		.byte	0
 1031 00ad 00       		.byte	0
 1032 00ae 0F       		.uleb128 0xf
 1033 00af 21       		.uleb128 0x21
 1034 00b0 00       		.byte	0
 1035 00b1 49       		.uleb128 0x49
 1036 00b2 13       		.uleb128 0x13
 1037 00b3 2F       		.uleb128 0x2f
 1038 00b4 05       		.uleb128 0x5
 1039 00b5 00       		.byte	0
 1040 00b6 00       		.byte	0
 1041 00b7 10       		.uleb128 0x10
 1042 00b8 34       		.uleb128 0x34
 1043 00b9 00       		.byte	0
 1044 00ba 03       		.uleb128 0x3
 1045 00bb 08       		.uleb128 0x8
 1046 00bc 3A       		.uleb128 0x3a
 1047 00bd 0B       		.uleb128 0xb
 1048 00be 3B       		.uleb128 0x3b
 1049 00bf 0B       		.uleb128 0xb
 1050 00c0 49       		.uleb128 0x49
 1051 00c1 13       		.uleb128 0x13
 1052 00c2 3F       		.uleb128 0x3f
 1053 00c3 19       		.uleb128 0x19
 1054 00c4 02       		.uleb128 0x2
 1055 00c5 18       		.uleb128 0x18
 1056 00c6 00       		.byte	0
 1057 00c7 00       		.byte	0
 1058 00c8 00       		.byte	0
 1059              		.section	.debug_aranges,"",%progbits
 1060 0000 14000000 		.4byte	0x14
 1061 0004 0200     		.2byte	0x2
 1062 0006 00000000 		.4byte	.Ldebug_info0
 1063 000a 04       		.byte	0x4
 1064 000b 00       		.byte	0
 1065 000c 0000     		.2byte	0
 1066 000e 0000     		.2byte	0
 1067 0010 00000000 		.4byte	0
 1068 0014 00000000 		.4byte	0
 1069              		.section	.debug_line,"",%progbits
 1070              	.Ldebug_line0:
 1071 0000 C3010000 		.section	.debug_str,"MS",%progbits,1
 1071      0200BD01 
 1071      00000201 
 1071      FB0E0D00 
 1071      01010101 
 1072              	.LASF76:
 1073 0000 76616C76 		.ascii	"valve_enabled\000"
 1073      655F656E 
 1073      61626C65 
 1073      6400
 1074              	.LASF25:
 1075 000e 6D6F6465 		.ascii	"model_id\000"
 1075      6C5F6964 
ARM GAS  C:\Users\klabu\AppData\Local\Temp\ccyDKoxp.s 			page 20


 1075      00
 1076              	.LASF24:
 1077 0017 73696D5F 		.ascii	"sim_id\000"
 1077      696400
 1078              	.LASF58:
 1079 001e 7379735F 		.ascii	"sys_settings_t\000"
 1079      73657474 
 1079      696E6773 
 1079      5F7400
 1080              	.LASF15:
 1081 002d 666C6F61 		.ascii	"float32\000"
 1081      74333200 
 1082              	.LASF49:
 1083 0035 63757272 		.ascii	"currentCountDownValue\000"
 1083      656E7443 
 1083      6F756E74 
 1083      446F776E 
 1083      56616C75 
 1084              	.LASF48:
 1085 004b 636F756E 		.ascii	"countDownValue\000"
 1085      74446F77 
 1085      6E56616C 
 1085      756500
 1086              	.LASF2:
 1087 005a 73686F72 		.ascii	"short int\000"
 1087      7420696E 
 1087      7400
 1088              	.LASF20:
 1089 0064 73697A65 		.ascii	"sizetype\000"
 1089      74797065 
 1089      00
 1090              	.LASF56:
 1091 006d 65705F68 		.ascii	"ep_host\000"
 1091      6F737400 
 1092              	.LASF31:
 1093 0075 72737271 		.ascii	"rsrq\000"
 1093      00
 1094              	.LASF100:
 1095 007a 474E5520 		.ascii	"GNU C11 5.4.1 20160609 (release) [ARM/embedded-5-br"
 1095      43313120 
 1095      352E342E 
 1095      31203230 
 1095      31363036 
 1096 00ad 616E6368 		.ascii	"anch revision 237715] -mcpu=cortex-m3 -mthumb -g -O"
 1096      20726576 
 1096      6973696F 
 1096      6E203233 
 1096      37373135 
 1097 00e0 30202D66 		.ascii	"0 -ffunction-sections -ffat-lto-objects\000"
 1097      66756E63 
 1097      74696F6E 
 1097      2D736563 
 1097      74696F6E 
 1098              	.LASF41:
 1099 0108 4170705F 		.ascii	"App_LED_freq\000"
 1099      4C45445F 
 1099      66726571 
ARM GAS  C:\Users\klabu\AppData\Local\Temp\ccyDKoxp.s 			page 21


 1099      00
 1100              	.LASF44:
 1101 0115 56616C76 		.ascii	"Valve_freq\000"
 1101      655F6672 
 1101      657100
 1102              	.LASF54:
 1103 0120 63686970 		.ascii	"chip_uniqueId\000"
 1103      5F756E69 
 1103      71756549 
 1103      6400
 1104              	.LASF30:
 1105 012e 65636E6F 		.ascii	"ecno\000"
 1105      00
 1106              	.LASF90:
 1107 0133 616C6172 		.ascii	"alarmAppLED\000"
 1107      6D417070 
 1107      4C454400 
 1108              	.LASF21:
 1109 013f 76616C75 		.ascii	"value\000"
 1109      6500
 1110              	.LASF77:
 1111 0145 76616C76 		.ascii	"valve_inbox\000"
 1111      655F696E 
 1111      626F7800 
 1112              	.LASF12:
 1113 0151 75696E74 		.ascii	"uint16\000"
 1113      313600
 1114              	.LASF94:
 1115 0158 616C6172 		.ascii	"alarmDownstreamLevelSensor\000"
 1115      6D446F77 
 1115      6E737472 
 1115      65616D4C 
 1115      6576656C 
 1116              	.LASF75:
 1117 0173 76616C76 		.ascii	"valve_type\000"
 1117      655F7479 
 1117      706500
 1118              	.LASF61:
 1119 017e 64617461 		.ascii	"dataPointsInStack\000"
 1119      506F696E 
 1119      7473496E 
 1119      53746163 
 1119      6B00
 1120              	.LASF11:
 1121 0190 75696E74 		.ascii	"uint8\000"
 1121      3800
 1122              	.LASF97:
 1123 0196 74696D65 		.ascii	"timeToValve\000"
 1123      546F5661 
 1123      6C766500 
 1124              	.LASF29:
 1125 01a2 72736370 		.ascii	"rscp\000"
 1125      00
 1126              	.LASF13:
 1127 01a7 696E7431 		.ascii	"int16\000"
 1127      3600
 1128              	.LASF22:
ARM GAS  C:\Users\klabu\AppData\Local\Temp\ccyDKoxp.s 			page 22


 1129 01ad 74696D65 		.ascii	"timeStamp\000"
 1129      5374616D 
 1129      7000
 1130              	.LASF98:
 1131 01b7 616C6172 		.ascii	"alarmAutosampler\000"
 1131      6D417574 
 1131      6F73616D 
 1131      706C6572 
 1131      00
 1132              	.LASF62:
 1133 01c8 64617461 		.ascii	"dataPointsInStackDesired\000"
 1133      506F696E 
 1133      7473496E 
 1133      53746163 
 1133      6B446573 
 1134              	.LASF16:
 1135 01e1 666C6F61 		.ascii	"float\000"
 1135      7400
 1136              	.LASF71:
 1137 01e7 6C657665 		.ascii	"level_sensor_enabled\000"
 1137      6C5F7365 
 1137      6E736F72 
 1137      5F656E61 
 1137      626C6564 
 1138              	.LASF6:
 1139 01fc 6C6F6E67 		.ascii	"long long int\000"
 1139      206C6F6E 
 1139      6720696E 
 1139      7400
 1140              	.LASF18:
 1141 020a 63686172 		.ascii	"char\000"
 1141      00
 1142              	.LASF4:
 1143 020f 6C6F6E67 		.ascii	"long int\000"
 1143      20696E74 
 1143      00
 1144              	.LASF60:
 1145 0218 62756666 		.ascii	"buffer_overflow\000"
 1145      65725F6F 
 1145      76657266 
 1145      6C6F7700 
 1146              	.LASF53:
 1147 0228 6D6F6465 		.ascii	"modem_info\000"
 1147      6D5F696E 
 1147      666F00
 1148              	.LASF85:
 1149 0233 616C6172 		.ascii	"alarmMeasure\000"
 1149      6D4D6561 
 1149      73757265 
 1149      00
 1150              	.LASF99:
 1151 0240 74696D65 		.ascii	"timeToAutosampler\000"
 1151      546F4175 
 1151      746F7361 
 1151      6D706C65 
 1151      7200
 1152              	.LASF52:
ARM GAS  C:\Users\klabu\AppData\Local\Temp\ccyDKoxp.s 			page 23


 1153 0252 616C6172 		.ascii	"alarm\000"
 1153      6D00
 1154              	.LASF38:
 1155 0258 6D656173 		.ascii	"measure_time\000"
 1155      7572655F 
 1155      74696D65 
 1155      00
 1156              	.LASF42:
 1157 0265 4C657665 		.ascii	"Level_Sensor_freq\000"
 1157      6C5F5365 
 1157      6E736F72 
 1157      5F667265 
 1157      7100
 1158              	.LASF87:
 1159 0277 616C6172 		.ascii	"alarmSync\000"
 1159      6D53796E 
 1159      6300
 1160              	.LASF19:
 1161 0281 6C6F6E67 		.ascii	"long double\000"
 1161      20646F75 
 1161      626C6500 
 1162              	.LASF69:
 1163 028d 6170705F 		.ascii	"app_led_inbox\000"
 1163      6C65645F 
 1163      696E626F 
 1163      7800
 1164              	.LASF95:
 1165 029b 74696D65 		.ascii	"timeToDownstreamLevelSensor\000"
 1165      546F446F 
 1165      776E7374 
 1165      7265616D 
 1165      4C657665 
 1166              	.LASF1:
 1167 02b7 756E7369 		.ascii	"unsigned char\000"
 1167      676E6564 
 1167      20636861 
 1167      7200
 1168              	.LASF32:
 1169 02c5 72737270 		.ascii	"rsrp\000"
 1169      00
 1170              	.LASF65:
 1171 02ca 6D6F6465 		.ascii	"modem_start_time_stamp\000"
 1171      6D5F7374 
 1171      6172745F 
 1171      74696D65 
 1171      5F737461 
 1172              	.LASF64:
 1173 02e1 6D6F6465 		.ascii	"modem_state\000"
 1173      6D5F7374 
 1173      61746500 
 1174              	.LASF0:
 1175 02ed 7369676E 		.ascii	"signed char\000"
 1175      65642063 
 1175      68617200 
 1176              	.LASF43:
 1177 02f9 446F776E 		.ascii	"Downstream_Level_Sensor_freq\000"
 1177      73747265 
ARM GAS  C:\Users\klabu\AppData\Local\Temp\ccyDKoxp.s 			page 24


 1177      616D5F4C 
 1177      6576656C 
 1177      5F53656E 
 1178              	.LASF7:
 1179 0316 6C6F6E67 		.ascii	"long long unsigned int\000"
 1179      206C6F6E 
 1179      6720756E 
 1179      7369676E 
 1179      65642069 
 1180              	.LASF84:
 1181 032d 73797374 		.ascii	"system_settings\000"
 1181      656D5F73 
 1181      65747469 
 1181      6E677300 
 1182              	.LASF8:
 1183 033d 756E7369 		.ascii	"unsigned int\000"
 1183      676E6564 
 1183      20696E74 
 1183      00
 1184              	.LASF23:
 1185 034a 6B65795F 		.ascii	"key_value_t\000"
 1185      76616C75 
 1185      655F7400 
 1186              	.LASF78:
 1187 0356 6175746F 		.ascii	"autosampler_enabled\000"
 1187      73616D70 
 1187      6C65725F 
 1187      656E6162 
 1187      6C656400 
 1188              	.LASF39:
 1189 036a 73796E63 		.ascii	"sync_time\000"
 1189      5F74696D 
 1189      6500
 1190              	.LASF66:
 1191 0374 6D6F6465 		.ascii	"modem_stats\000"
 1191      6D5F7374 
 1191      61747300 
 1192              	.LASF86:
 1193 0380 74696D65 		.ascii	"timeToMeasure\000"
 1193      546F4D65 
 1193      61737572 
 1193      6500
 1194              	.LASF47:
 1195 038e 75706461 		.ascii	"updatable_parameters_t\000"
 1195      7461626C 
 1195      655F7061 
 1195      72616D65 
 1195      74657273 
 1196              	.LASF28:
 1197 03a5 72786C65 		.ascii	"rxlev\000"
 1197      7600
 1198              	.LASF37:
 1199 03ab 73696D5F 		.ascii	"sim_type\000"
 1199      74797065 
 1199      00
 1200              	.LASF55:
 1201 03b4 7379735F 		.ascii	"sys_info_t\000"
ARM GAS  C:\Users\klabu\AppData\Local\Temp\ccyDKoxp.s 			page 25


 1201      696E666F 
 1201      5F7400
 1202              	.LASF3:
 1203 03bf 73686F72 		.ascii	"short unsigned int\000"
 1203      7420756E 
 1203      7369676E 
 1203      65642069 
 1203      6E7400
 1204              	.LASF33:
 1205 03d2 74696D65 		.ascii	"time_to_network_connect\000"
 1205      5F746F5F 
 1205      6E657477 
 1205      6F726B5F 
 1205      636F6E6E 
 1206              	.LASF70:
 1207 03ea 6C657665 		.ascii	"level_sensor_inbox\000"
 1207      6C5F7365 
 1207      6E736F72 
 1207      5F696E62 
 1207      6F7800
 1208              	.LASF74:
 1209 03fd 76616C76 		.ascii	"valve_diameter\000"
 1209      655F6469 
 1209      616D6574 
 1209      657200
 1210              	.LASF83:
 1211 040c 73797374 		.ascii	"system_info\000"
 1211      656D5F69 
 1211      6E666F00 
 1212              	.LASF34:
 1213 0418 74696D65 		.ascii	"time_to_acquire_ip\000"
 1213      5F746F5F 
 1213      61637175 
 1213      6972655F 
 1213      697000
 1214              	.LASF73:
 1215 042b 646F776E 		.ascii	"downstream_level_sensor_enabled\000"
 1215      73747265 
 1215      616D5F6C 
 1215      6576656C 
 1215      5F73656E 
 1216              	.LASF26:
 1217 044b 696D6569 		.ascii	"imei\000"
 1217      00
 1218              	.LASF10:
 1219 0450 696E7433 		.ascii	"int32_t\000"
 1219      325F7400 
 1220              	.LASF35:
 1221 0458 6D6F6465 		.ascii	"modem_stats_t\000"
 1221      6D5F7374 
 1221      6174735F 
 1221      7400
 1222              	.LASF46:
 1223 0466 5F426F6F 		.ascii	"_Bool\000"
 1223      6C00
 1224              	.LASF89:
 1225 046c 74696D65 		.ascii	"timeToSycnRemoteParams\000"
ARM GAS  C:\Users\klabu\AppData\Local\Temp\ccyDKoxp.s 			page 26


 1225      546F5379 
 1225      636E5265 
 1225      6D6F7465 
 1225      50617261 
 1226              	.LASF63:
 1227 0483 64617461 		.ascii	"data\000"
 1227      00
 1228              	.LASF96:
 1229 0488 616C6172 		.ascii	"alarmValve\000"
 1229      6D56616C 
 1229      766500
 1230              	.LASF82:
 1231 0493 68747470 		.ascii	"http_route\000"
 1231      5F726F75 
 1231      746500
 1232              	.LASF101:
 1233 049e 6D61696E 		.ascii	"main.c\000"
 1233      2E6300
 1234              	.LASF5:
 1235 04a5 6C6F6E67 		.ascii	"long unsigned int\000"
 1235      20756E73 
 1235      69676E65 
 1235      6420696E 
 1235      7400
 1236              	.LASF14:
 1237 04b7 696E7433 		.ascii	"int32\000"
 1237      3200
 1238              	.LASF17:
 1239 04bd 646F7562 		.ascii	"double\000"
 1239      6C6500
 1240              	.LASF59:
 1241 04c4 49544D5F 		.ascii	"ITM_RxBuffer\000"
 1241      52784275 
 1241      66666572 
 1241      00
 1242              	.LASF92:
 1243 04d1 616C6172 		.ascii	"alarmLevelSensor\000"
 1243      6D4C6576 
 1243      656C5365 
 1243      6E736F72 
 1243      00
 1244              	.LASF102:
 1245 04e2 433A5C6E 		.ascii	"C:\\notoriOS\\notoriOS.cydsn\000"
 1245      6F746F72 
 1245      694F535C 
 1245      6E6F746F 
 1245      72694F53 
 1246              	.LASF40:
 1247 04fd 64656275 		.ascii	"debug_level\000"
 1247      675F6C65 
 1247      76656C00 
 1248              	.LASF27:
 1249 0509 6D6F6465 		.ascii	"modem_info_t\000"
 1249      6D5F696E 
 1249      666F5F74 
 1249      00
 1250              	.LASF50:
ARM GAS  C:\Users\klabu\AppData\Local\Temp\ccyDKoxp.s 			page 27


 1251 0516 636F756E 		.ascii	"countDownType\000"
 1251      74446F77 
 1251      6E547970 
 1251      6500
 1252              	.LASF9:
 1253 0524 5F5F696E 		.ascii	"__int32_t\000"
 1253      7433325F 
 1253      7400
 1254              	.LASF91:
 1255 052e 74696D65 		.ascii	"timeToAppLED\000"
 1255      546F4170 
 1255      704C4544 
 1255      00
 1256              	.LASF45:
 1257 053b 4175746F 		.ascii	"Autosampler_freq\000"
 1257      73616D70 
 1257      6C65725F 
 1257      66726571 
 1257      00
 1258              	.LASF93:
 1259 054c 74696D65 		.ascii	"timeToLevelSensor\000"
 1259      546F4C65 
 1259      76656C53 
 1259      656E736F 
 1259      7200
 1260              	.LASF51:
 1261 055e 636F756E 		.ascii	"countDownResetCondition\000"
 1261      74446F77 
 1261      6E526573 
 1261      6574436F 
 1261      6E646974 
 1262              	.LASF67:
 1263 0576 75706461 		.ascii	"updatable_parameters\000"
 1263      7461626C 
 1263      655F7061 
 1263      72616D65 
 1263      74657273 
 1264              	.LASF57:
 1265 058b 65705F70 		.ascii	"ep_port\000"
 1265      6F727400 
 1266              	.LASF81:
 1267 0593 68747470 		.ascii	"http_body\000"
 1267      5F626F64 
 1267      7900
 1268              	.LASF79:
 1269 059d 6175746F 		.ascii	"autosampler_inbox\000"
 1269      73616D70 
 1269      6C65725F 
 1269      696E626F 
 1269      7800
 1270              	.LASF36:
 1271 05af 6E6F6465 		.ascii	"node_type\000"
 1271      5F747970 
 1271      6500
 1272              	.LASF68:
 1273 05b9 4170705F 		.ascii	"App_LED_enabled\000"
 1273      4C45445F 
ARM GAS  C:\Users\klabu\AppData\Local\Temp\ccyDKoxp.s 			page 28


 1273      656E6162 
 1273      6C656400 
 1274              	.LASF80:
 1275 05c9 68747470 		.ascii	"http_request\000"
 1275      5F726571 
 1275      75657374 
 1275      00
 1276              	.LASF88:
 1277 05d6 74696D65 		.ascii	"timeToSync\000"
 1277      546F5379 
 1277      6E6300
 1278              	.LASF72:
 1279 05e1 646F776E 		.ascii	"downstream_level_sensor_inbox\000"
 1279      73747265 
 1279      616D5F6C 
 1279      6576656C 
 1279      5F73656E 
 1280              		.ident	"GCC: (GNU Tools for ARM Embedded Processors) 5.4.1 20160609 (release) [ARM/embedded-5-bran
