ARM GAS  C:\Users\hail\AppData\Local\Temp\ccFzGj9W.s 			page 1


   1              		.syntax unified
   2              		.cpu cortex-m3
   3              		.fpu softvfp
   4              		.eabi_attribute 20, 1
   5              		.eabi_attribute 21, 1
   6              		.eabi_attribute 23, 3
   7              		.eabi_attribute 24, 1
   8              		.eabi_attribute 25, 1
   9              		.eabi_attribute 26, 1
  10              		.eabi_attribute 30, 6
  11              		.eabi_attribute 34, 1
  12              		.eabi_attribute 18, 4
  13              		.thumb
  14              		.syntax unified
  15              		.file	"sd_card.c"
  16              		.text
  17              	.Ltext0:
  18              		.cfi_sections	.debug_frame
  19              		.comm	modem_state,1,1
  20              		.comm	modem_start_time_stamp,4,4
  21              		.comm	modem_info,60,4
  22              		.comm	modem_stats,16,4
  23              		.comm	updatable_parameters,3,4
  24              		.syntax unified
  25              		.global _printf_float
  26              		.thumb
  27              		.syntax unified
  28              		.comm	dataPointsInStack,2,2
  29              		.comm	dataPointsInStackDesired,2,2
  30              		.comm	data,6600,4
  31              		.comm	http_request,10000,4
  32              		.comm	http_body,10000,4
  33              		.comm	http_route,200,4
  34              		.comm	system_info,28,4
  35              		.comm	system_settings,324,4
  36              		.global	SD_dir
  37              		.bss
  38              		.align	2
  39              		.type	SD_dir, %object
  40              		.size	SD_dir, 10
  41              	SD_dir:
  42 0000 00000000 		.space	10
  42      00000000 
  42      0000
  43              		.global	SD_body
  44 000a 0000     		.align	2
  45              		.type	SD_body, %object
  46              		.size	SD_body, 3000
  47              	SD_body:
  48 000c 00000000 		.space	3000
  48      00000000 
  48      00000000 
  48      00000000 
  48      00000000 
  49              		.global	SD_filename
  50              		.data
  51              		.align	2
ARM GAS  C:\Users\hail\AppData\Local\Temp\ccFzGj9W.s 			page 2


  52              		.type	SD_filename, %object
  53              		.size	SD_filename, 30
  54              	SD_filename:
  55 0000 46696C65 		.ascii	"Filename.txt\000"
  55      6E616D65 
  55      2E747874 
  55      00
  56 000d 00000000 		.space	17
  56      00000000 
  56      00000000 
  56      00000000 
  56      00
  57              		.global	SD_filemode
  58 001e 0000     		.align	2
  59              		.type	SD_filemode, %object
  60              		.size	SD_filemode, 5
  61              	SD_filemode:
  62 0020 612B00   		.ascii	"a+\000"
  63 0023 0000     		.space	2
  64              		.section	.text.SD_init,"ax",%progbits
  65              		.align	2
  66              		.global	SD_init
  67              		.thumb
  68              		.thumb_func
  69              		.type	SD_init, %function
  70              	SD_init:
  71              	.LFB64:
  72              		.file 1 "sd_card.c"
   1:sd_card.c     **** /**
   2:sd_card.c     ****  * @file sdcard.c
   3:sd_card.c     ****  * @brief  Write to an SD card.
   4:sd_card.c     ****  * @author Brandon Wong
   5:sd_card.c     ****  * @version 0.0.01
   6:sd_card.c     ****  * @date 2019-05-15
   7:sd_card.c     ****  */
   8:sd_card.c     **** #include <stdio.h>  // Defines three variable types, several macros, and various functions for perf
   9:sd_card.c     **** #include "sd_card.h"
  10:sd_card.c     **** #include "notoriOS.h"
  11:sd_card.c     **** 
  12:sd_card.c     **** // Preallocate card
  13:sd_card.c     **** char    SD_dir[10]      = {'\0'};
  14:sd_card.c     **** char    SD_body[3000]   = {'\0'};
  15:sd_card.c     **** char    SD_filename[30] = "Filename.txt";
  16:sd_card.c     **** char    SD_filemode[5]  = "a+";
  17:sd_card.c     **** 
  18:sd_card.c     **** 
  19:sd_card.c     **** void SD_power_up();
  20:sd_card.c     **** void SD_power_down();
  21:sd_card.c     **** 
  22:sd_card.c     **** ///NOTE -- IF SD CARD is not plugged it, the board will draw more power.
  23:sd_card.c     **** 
  24:sd_card.c     **** 
  25:sd_card.c     **** /** SD_init()
  26:sd_card.c     **** * @brief Initialize the file system for the SD card
  27:sd_card.c     **** * @param Null
  28:sd_card.c     **** * @return void
  29:sd_card.c     **** */
ARM GAS  C:\Users\hail\AppData\Local\Temp\ccFzGj9W.s 			page 3


  30:sd_card.c     **** void SD_init()
  31:sd_card.c     **** {
  73              		.loc 1 31 0
  74              		.cfi_startproc
  75              		@ args = 0, pretend = 0, frame = 0
  76              		@ frame_needed = 1, uses_anonymous_args = 0
  77              		@ link register save eliminated.
  78 0000 80B4     		push	{r7}
  79              		.cfi_def_cfa_offset 4
  80              		.cfi_offset 7, -4
  81 0002 00AF     		add	r7, sp, #0
  82              		.cfi_def_cfa_register 7
  32:sd_card.c     ****     /* Uncomment to enable support for long file names
  33:sd_card.c     ****      * Note: To use long file names (LFN) support on PSoC 5LP devices, you must call
  34:sd_card.c     ****      * FS_FAT_SupportLFN(). For PSoC 3 devices, this feature is enabled by default.
  35:sd_card.c     ****      */
  36:sd_card.c     ****     //FS_FAT_SupportLFN();    
  37:sd_card.c     **** }
  83              		.loc 1 37 0
  84 0004 00BF     		nop
  85 0006 BD46     		mov	sp, r7
  86              		.cfi_def_cfa_register 13
  87              		@ sp needed
  88 0008 80BC     		pop	{r7}
  89              		.cfi_restore 7
  90              		.cfi_def_cfa_offset 0
  91 000a 7047     		bx	lr
  92              		.cfi_endproc
  93              	.LFE64:
  94              		.size	SD_init, .-SD_init
  95              		.section	.rodata
  96              		.align	2
  97              	.LC0:
  98 0000 252E3873 		.ascii	"%.8s\000"
  98      00
  99              		.section	.text.SD_mkdir,"ax",%progbits
 100              		.align	2
 101              		.global	SD_mkdir
 102              		.thumb
 103              		.thumb_func
 104              		.type	SD_mkdir, %function
 105              	SD_mkdir:
 106              	.LFB65:
  38:sd_card.c     **** 
  39:sd_card.c     **** /**
  40:sd_card.c     ****  * @brief Make a directory on the SD card
  41:sd_card.c     ****  * @param dir_name is the name of the directory to create
  42:sd_card.c     ****  * @return 1u on success, 0u otherwise
  43:sd_card.c     ****  */
  44:sd_card.c     **** uint8 SD_mkdir(char* dir_name)
  45:sd_card.c     **** {
 107              		.loc 1 45 0
 108              		.cfi_startproc
 109              		@ args = 0, pretend = 0, frame = 16
 110              		@ frame_needed = 1, uses_anonymous_args = 0
 111 0000 80B5     		push	{r7, lr}
 112              		.cfi_def_cfa_offset 8
ARM GAS  C:\Users\hail\AppData\Local\Temp\ccFzGj9W.s 			page 4


 113              		.cfi_offset 7, -8
 114              		.cfi_offset 14, -4
 115 0002 84B0     		sub	sp, sp, #16
 116              		.cfi_def_cfa_offset 24
 117 0004 00AF     		add	r7, sp, #0
 118              		.cfi_def_cfa_register 7
 119 0006 7860     		str	r0, [r7, #4]
  46:sd_card.c     ****     uint8 status = 9; // Initialize to a value not 0 or -1
 120              		.loc 1 46 0
 121 0008 0923     		movs	r3, #9
 122 000a FB73     		strb	r3, [r7, #15]
  47:sd_card.c     ****     
  48:sd_card.c     ****     SD_power_up(); // Wakeup the SD Card component
 123              		.loc 1 48 0
 124 000c FFF7FEFF 		bl	SD_power_up
  49:sd_card.c     ****     // The snprintf() function formats and stores a series of characters and values in the array bu
  50:sd_card.c     ****     snprintf(SD_dir,sizeof(SD_dir),"%.8s",dir_name); 
 125              		.loc 1 50 0
 126 0010 7B68     		ldr	r3, [r7, #4]
 127 0012 094A     		ldr	r2, .L4
 128 0014 0A21     		movs	r1, #10
 129 0016 0948     		ldr	r0, .L4+4
 130 0018 FFF7FEFF 		bl	snprintf
  51:sd_card.c     ****     
  52:sd_card.c     ****     // FS_MKDir() creates a directory using FS.h.
  53:sd_card.c     ****     // Typecasting (1+FS_MkDir(SD_dir)) into an uint8 datatype
  54:sd_card.c     ****     // This makes it 0 if it's a failture, 1 if it's successful
  55:sd_card.c     ****     status = (uint8) ( 1+FS_MkDir(SD_dir) );
 131              		.loc 1 55 0
 132 001c 0748     		ldr	r0, .L4+4
 133 001e FFF7FEFF 		bl	FS_MkDir
 134 0022 0346     		mov	r3, r0
 135 0024 DBB2     		uxtb	r3, r3
 136 0026 0133     		adds	r3, r3, #1
 137 0028 FB73     		strb	r3, [r7, #15]
  56:sd_card.c     ****     
  57:sd_card.c     ****     SD_power_down(); // Turn off the SD Card
 138              		.loc 1 57 0
 139 002a FFF7FEFF 		bl	SD_power_down
  58:sd_card.c     ****     
  59:sd_card.c     ****     return status;
 140              		.loc 1 59 0
 141 002e FB7B     		ldrb	r3, [r7, #15]	@ zero_extendqisi2
  60:sd_card.c     **** }
 142              		.loc 1 60 0
 143 0030 1846     		mov	r0, r3
 144 0032 1037     		adds	r7, r7, #16
 145              		.cfi_def_cfa_offset 8
 146 0034 BD46     		mov	sp, r7
 147              		.cfi_def_cfa_register 13
 148              		@ sp needed
 149 0036 80BD     		pop	{r7, pc}
 150              	.L5:
 151              		.align	2
 152              	.L4:
 153 0038 00000000 		.word	.LC0
 154 003c 00000000 		.word	SD_dir
ARM GAS  C:\Users\hail\AppData\Local\Temp\ccFzGj9W.s 			page 5


 155              		.cfi_endproc
 156              	.LFE65:
 157              		.size	SD_mkdir, .-SD_mkdir
 158              		.section	.text.SD_rmfile,"ax",%progbits
 159              		.align	2
 160              		.global	SD_rmfile
 161              		.thumb
 162              		.thumb_func
 163              		.type	SD_rmfile, %function
 164              	SD_rmfile:
 165              	.LFB66:
  61:sd_card.c     **** 
  62:sd_card.c     **** /**
  63:sd_card.c     ****  * @brief Delete a file
  64:sd_card.c     ****  * @param dir_name is the name of the directory to create
  65:sd_card.c     ****  * @return 1u on success, 0u otherwise
  66:sd_card.c     ****  */
  67:sd_card.c     **** uint8 SD_rmfile(const char * fileName)
  68:sd_card.c     **** {
 166              		.loc 1 68 0
 167              		.cfi_startproc
 168              		@ args = 0, pretend = 0, frame = 16
 169              		@ frame_needed = 1, uses_anonymous_args = 0
 170 0000 80B5     		push	{r7, lr}
 171              		.cfi_def_cfa_offset 8
 172              		.cfi_offset 7, -8
 173              		.cfi_offset 14, -4
 174 0002 84B0     		sub	sp, sp, #16
 175              		.cfi_def_cfa_offset 24
 176 0004 00AF     		add	r7, sp, #0
 177              		.cfi_def_cfa_register 7
 178 0006 7860     		str	r0, [r7, #4]
  69:sd_card.c     ****     uint8 status = 9; // initialize to a value not 0 or -1
 179              		.loc 1 69 0
 180 0008 0923     		movs	r3, #9
 181 000a FB73     		strb	r3, [r7, #15]
  70:sd_card.c     **** 
  71:sd_card.c     ****     SD_power_up(); // Wakeup the SD Card component
 182              		.loc 1 71 0
 183 000c FFF7FEFF 		bl	SD_power_up
  72:sd_card.c     ****     
  73:sd_card.c     ****     // FS_Remove() removes a file using FS.h.
  74:sd_card.c     ****     // Typecasting (1+FS_Remove(fileName)) into an uint8 datatype
  75:sd_card.c     ****     // This makes it 0 if it's a failture, 1 if it's successful
  76:sd_card.c     ****     status = (uint8) ( 1+FS_Remove(fileName));
 184              		.loc 1 76 0
 185 0010 7868     		ldr	r0, [r7, #4]
 186 0012 FFF7FEFF 		bl	FS_Remove
 187 0016 0346     		mov	r3, r0
 188 0018 DBB2     		uxtb	r3, r3
 189 001a 0133     		adds	r3, r3, #1
 190 001c FB73     		strb	r3, [r7, #15]
  77:sd_card.c     ****     
  78:sd_card.c     ****     SD_power_down(); // Turn off the SD Card
 191              		.loc 1 78 0
 192 001e FFF7FEFF 		bl	SD_power_down
  79:sd_card.c     ****     
ARM GAS  C:\Users\hail\AppData\Local\Temp\ccFzGj9W.s 			page 6


  80:sd_card.c     ****     return status;
 193              		.loc 1 80 0
 194 0022 FB7B     		ldrb	r3, [r7, #15]	@ zero_extendqisi2
  81:sd_card.c     **** }
 195              		.loc 1 81 0
 196 0024 1846     		mov	r0, r3
 197 0026 1037     		adds	r7, r7, #16
 198              		.cfi_def_cfa_offset 8
 199 0028 BD46     		mov	sp, r7
 200              		.cfi_def_cfa_register 13
 201              		@ sp needed
 202 002a 80BD     		pop	{r7, pc}
 203              		.cfi_endproc
 204              	.LFE66:
 205              		.size	SD_rmfile, .-SD_rmfile
 206              		.section	.text.SD_write,"ax",%progbits
 207              		.align	2
 208              		.global	SD_write
 209              		.thumb
 210              		.thumb_func
 211              		.type	SD_write, %function
 212              	SD_write:
 213              	.LFB67:
  82:sd_card.c     **** 
  83:sd_card.c     **** /**
  84:sd_card.c     ****  * @brief Write data to the SD card
  85:sd_card.c     ****  * @param fileName is the name of the file to write to
  86:sd_card.c     ****  * @param pMode is the write mode
  87:sd_card.c     ****  * @param pData is the data to be written
  88:sd_card.c     ****  * @return 1u on success, 0u otherwise
  89:sd_card.c     ****  */
  90:sd_card.c     **** uint8 SD_write(const char * fileName, const char * pMode, const void * pData)
  91:sd_card.c     **** {
 214              		.loc 1 91 0
 215              		.cfi_startproc
 216              		@ args = 0, pretend = 0, frame = 24
 217              		@ frame_needed = 1, uses_anonymous_args = 0
 218 0000 80B5     		push	{r7, lr}
 219              		.cfi_def_cfa_offset 8
 220              		.cfi_offset 7, -8
 221              		.cfi_offset 14, -4
 222 0002 86B0     		sub	sp, sp, #24
 223              		.cfi_def_cfa_offset 32
 224 0004 00AF     		add	r7, sp, #0
 225              		.cfi_def_cfa_register 7
 226 0006 F860     		str	r0, [r7, #12]
 227 0008 B960     		str	r1, [r7, #8]
 228 000a 7A60     		str	r2, [r7, #4]
  92:sd_card.c     ****     uint8 status = 9u; // Initialize to a value not 0 or 1
 229              		.loc 1 92 0
 230 000c 0923     		movs	r3, #9
 231 000e FB75     		strb	r3, [r7, #23]
  93:sd_card.c     ****     FS_FILE *pFile; // FS_FILE data structure defined in FS.h
  94:sd_card.c     **** 
  95:sd_card.c     ****     SD_power_up(); // Wakeup the SD Card component
 232              		.loc 1 95 0
 233 0010 FFF7FEFF 		bl	SD_power_up
ARM GAS  C:\Users\hail\AppData\Local\Temp\ccFzGj9W.s 			page 7


  96:sd_card.c     ****     
  97:sd_card.c     ****     // FS_FOpen() opens an existing file or creates a new one.
  98:sd_card.c     ****     // fileName is the file to be opened or created. It's a 0-termianted string that cannot be NULL
  99:sd_card.c     ****     // pMode indicates how the file should be opened. It's a 0-terminated string that cannot be NUL
 100:sd_card.c     ****     pFile = FS_FOpen(fileName, pMode);
 234              		.loc 1 100 0
 235 0014 B968     		ldr	r1, [r7, #8]
 236 0016 F868     		ldr	r0, [r7, #12]
 237 0018 FFF7FEFF 		bl	FS_FOpen
 238 001c 3861     		str	r0, [r7, #16]
 101:sd_card.c     ****     
 102:sd_card.c     ****     // If the SD card doesn't open, try reinitializing the filesystem
 103:sd_card.c     ****     if (pFile == 0){
 239              		.loc 1 103 0
 240 001e 3B69     		ldr	r3, [r7, #16]
 241 0020 002B     		cmp	r3, #0
 242 0022 08D1     		bne	.L9
 104:sd_card.c     ****         FS_DeInit(); // FS_DeInit() frees allocated resources
 243              		.loc 1 104 0
 244 0024 FFF7FEFF 		bl	FS_DeInit
 105:sd_card.c     ****         FS_Init(); // FS_Init() starts the file system
 245              		.loc 1 105 0
 246 0028 FFF7FEFF 		bl	FS_Init
 106:sd_card.c     ****         pFile = FS_FOpen(fileName, pMode);
 247              		.loc 1 106 0
 248 002c B968     		ldr	r1, [r7, #8]
 249 002e F868     		ldr	r0, [r7, #12]
 250 0030 FFF7FEFF 		bl	FS_FOpen
 251 0034 3861     		str	r0, [r7, #16]
 252              	.L9:
 107:sd_card.c     ****     }
 108:sd_card.c     ****     
 109:sd_card.c     ****     // Note: We are using the "No Long File Name (LFN)" library,
 110:sd_card.c     ****     //  so names are limited to 8 characters and 3 bytes for extensions
 111:sd_card.c     ****     if (pFile != 0) {
 253              		.loc 1 111 0
 254 0036 3B69     		ldr	r3, [r7, #16]
 255 0038 002B     		cmp	r3, #0
 256 003a 10D0     		beq	.L10
 112:sd_card.c     ****         // FS_Write() writes data to file: pFile is handle to open file, pData is data to be writte
 113:sd_card.c     ****         FS_Write(pFile, pData, strlen(pData));
 257              		.loc 1 113 0
 258 003c 7868     		ldr	r0, [r7, #4]
 259 003e FFF7FEFF 		bl	strlen
 260 0042 0346     		mov	r3, r0
 261 0044 1A46     		mov	r2, r3
 262 0046 7968     		ldr	r1, [r7, #4]
 263 0048 3869     		ldr	r0, [r7, #16]
 264 004a FFF7FEFF 		bl	FS_Write
 114:sd_card.c     ****         
 115:sd_card.c     ****         // FS_FClose() closes an opened file using FS.h. It returns 1 if there's a failure, 0 if su
 116:sd_card.c     ****         // Typecasting (1+FS_FClose(pFile)) into an uint8 datatype
 117:sd_card.c     ****         // This makes it 0 if it's a failture, 1 if it's successful
 118:sd_card.c     ****         status = (uint8) ( -1*FS_FClose(pFile) )+1;
 265              		.loc 1 118 0
 266 004e 3869     		ldr	r0, [r7, #16]
 267 0050 FFF7FEFF 		bl	FS_FClose
ARM GAS  C:\Users\hail\AppData\Local\Temp\ccFzGj9W.s 			page 8


 268 0054 0346     		mov	r3, r0
 269 0056 DBB2     		uxtb	r3, r3
 270 0058 C3F10103 		rsb	r3, r3, #1
 271 005c FB75     		strb	r3, [r7, #23]
 272              	.L10:
 119:sd_card.c     ****     }
 120:sd_card.c     ****     
 121:sd_card.c     ****     SD_power_down(); // Turn off the SD Card
 273              		.loc 1 121 0
 274 005e FFF7FEFF 		bl	SD_power_down
 122:sd_card.c     **** 
 123:sd_card.c     ****     
 124:sd_card.c     ****     return status;
 275              		.loc 1 124 0
 276 0062 FB7D     		ldrb	r3, [r7, #23]	@ zero_extendqisi2
 125:sd_card.c     **** }
 277              		.loc 1 125 0
 278 0064 1846     		mov	r0, r3
 279 0066 1837     		adds	r7, r7, #24
 280              		.cfi_def_cfa_offset 8
 281 0068 BD46     		mov	sp, r7
 282              		.cfi_def_cfa_register 13
 283              		@ sp needed
 284 006a 80BD     		pop	{r7, pc}
 285              		.cfi_endproc
 286              	.LFE67:
 287              		.size	SD_write, .-SD_write
 288              		.section	.rodata
 289 0005 000000   		.align	2
 290              	.LC1:
 291 0008 7200     		.ascii	"r\000"
 292              		.section	.text.SD_read,"ax",%progbits
 293              		.align	2
 294              		.global	SD_read
 295              		.thumb
 296              		.thumb_func
 297              		.type	SD_read, %function
 298              	SD_read:
 299              	.LFB68:
 126:sd_card.c     **** 
 127:sd_card.c     **** /**
 128:sd_card.c     ****  * @brief Write data to the SD card
 129:sd_card.c     ****  * @param fileName is the name of the file to write to
 130:sd_card.c     ****  * @param pMode is the write mode
 131:sd_card.c     ****  * @param pData is the data to be written
 132:sd_card.c     ****  * @return 1u on success, 0u otherwise
 133:sd_card.c     ****  */
 134:sd_card.c     **** uint8 SD_read(const char * fileName,  void * pData, unsigned long NumBytes)
 135:sd_card.c     **** {
 300              		.loc 1 135 0
 301              		.cfi_startproc
 302              		@ args = 0, pretend = 0, frame = 24
 303              		@ frame_needed = 1, uses_anonymous_args = 0
 304 0000 80B5     		push	{r7, lr}
 305              		.cfi_def_cfa_offset 8
 306              		.cfi_offset 7, -8
 307              		.cfi_offset 14, -4
ARM GAS  C:\Users\hail\AppData\Local\Temp\ccFzGj9W.s 			page 9


 308 0002 86B0     		sub	sp, sp, #24
 309              		.cfi_def_cfa_offset 32
 310 0004 00AF     		add	r7, sp, #0
 311              		.cfi_def_cfa_register 7
 312 0006 F860     		str	r0, [r7, #12]
 313 0008 B960     		str	r1, [r7, #8]
 314 000a 7A60     		str	r2, [r7, #4]
 136:sd_card.c     ****     uint8 status = 9u; // initialize to a value not 0 or 1
 315              		.loc 1 136 0
 316 000c 0923     		movs	r3, #9
 317 000e FB75     		strb	r3, [r7, #23]
 137:sd_card.c     ****     FS_FILE *pFile; // FS_FILE data structure defined in FS.h
 138:sd_card.c     **** 
 139:sd_card.c     ****     SD_power_up(); // Powerup the SD Card component
 318              		.loc 1 139 0
 319 0010 FFF7FEFF 		bl	SD_power_up
 140:sd_card.c     ****     
 141:sd_card.c     ****     // FS_FOpen() opens an existing file or creates a new one.
 142:sd_card.c     ****     // fileName is the file to be opened or created. It's a 0-terminated string that cannot be NULL
 143:sd_card.c     ****     // "r" indicates how the file should be opened, in this case, for reading.
 144:sd_card.c     ****     pFile = FS_FOpen(fileName, "r");
 320              		.loc 1 144 0
 321 0014 1349     		ldr	r1, .L16
 322 0016 F868     		ldr	r0, [r7, #12]
 323 0018 FFF7FEFF 		bl	FS_FOpen
 324 001c 3861     		str	r0, [r7, #16]
 145:sd_card.c     ****     
 146:sd_card.c     ****     // If the SD card doesn't open, try reinitializing the filesystem
 147:sd_card.c     ****     if (pFile == 0){
 325              		.loc 1 147 0
 326 001e 3B69     		ldr	r3, [r7, #16]
 327 0020 002B     		cmp	r3, #0
 328 0022 08D1     		bne	.L13
 148:sd_card.c     ****         FS_DeInit();// FS_DeInit() frees allocated resources
 329              		.loc 1 148 0
 330 0024 FFF7FEFF 		bl	FS_DeInit
 149:sd_card.c     ****         FS_Init(); // FS_Init() starts the file system
 331              		.loc 1 149 0
 332 0028 FFF7FEFF 		bl	FS_Init
 150:sd_card.c     ****         pFile = FS_FOpen(fileName, "r");
 333              		.loc 1 150 0
 334 002c 0D49     		ldr	r1, .L16
 335 002e F868     		ldr	r0, [r7, #12]
 336 0030 FFF7FEFF 		bl	FS_FOpen
 337 0034 3861     		str	r0, [r7, #16]
 338              	.L13:
 151:sd_card.c     ****     }
 152:sd_card.c     ****     
 153:sd_card.c     ****     // Note: We are using the "No Long File Name (LFN)" library,
 154:sd_card.c     ****     //  so names are limited to 8 characters and 3 bytes for extensions
 155:sd_card.c     ****     if (pFile != 0) {
 339              		.loc 1 155 0
 340 0036 3B69     		ldr	r3, [r7, #16]
 341 0038 002B     		cmp	r3, #0
 342 003a 0CD0     		beq	.L14
 156:sd_card.c     ****         // FS_Read() reads data from a file: pFile is handle to an opened file, pData is the buffer
 157:sd_card.c     ****         FS_Read(pFile,pData,NumBytes);
ARM GAS  C:\Users\hail\AppData\Local\Temp\ccFzGj9W.s 			page 10


 343              		.loc 1 157 0
 344 003c 7A68     		ldr	r2, [r7, #4]
 345 003e B968     		ldr	r1, [r7, #8]
 346 0040 3869     		ldr	r0, [r7, #16]
 347 0042 FFF7FEFF 		bl	FS_Read
 158:sd_card.c     ****         
 159:sd_card.c     ****         // FS_FClose() closes an opened file using FS.h. It returns 1 if there's a failure, 0 if su
 160:sd_card.c     ****         // Typecasting (1+FS_FClose(pFile)) into an uint8 datatype
 161:sd_card.c     ****         // This makes it 0 if it's a failture, 1 if it's successful
 162:sd_card.c     ****         status = (uint8) ( -1*FS_FClose(pFile) )+1;
 348              		.loc 1 162 0
 349 0046 3869     		ldr	r0, [r7, #16]
 350 0048 FFF7FEFF 		bl	FS_FClose
 351 004c 0346     		mov	r3, r0
 352 004e DBB2     		uxtb	r3, r3
 353 0050 C3F10103 		rsb	r3, r3, #1
 354 0054 FB75     		strb	r3, [r7, #23]
 355              	.L14:
 163:sd_card.c     ****     }
 164:sd_card.c     ****     
 165:sd_card.c     ****     SD_power_down(); // Power down the SD card
 356              		.loc 1 165 0
 357 0056 FFF7FEFF 		bl	SD_power_down
 166:sd_card.c     ****     
 167:sd_card.c     ****     return status;
 358              		.loc 1 167 0
 359 005a FB7D     		ldrb	r3, [r7, #23]	@ zero_extendqisi2
 168:sd_card.c     **** }
 360              		.loc 1 168 0
 361 005c 1846     		mov	r0, r3
 362 005e 1837     		adds	r7, r7, #24
 363              		.cfi_def_cfa_offset 8
 364 0060 BD46     		mov	sp, r7
 365              		.cfi_def_cfa_register 13
 366              		@ sp needed
 367 0062 80BD     		pop	{r7, pc}
 368              	.L17:
 369              		.align	2
 370              	.L16:
 371 0064 08000000 		.word	.LC1
 372              		.cfi_endproc
 373              	.LFE68:
 374              		.size	SD_read, .-SD_read
 375              		.section	.text.SD_power_up,"ax",%progbits
 376              		.align	2
 377              		.global	SD_power_up
 378              		.thumb
 379              		.thumb_func
 380              		.type	SD_power_up, %function
 381              	SD_power_up:
 382              	.LFB69:
 169:sd_card.c     **** 
 170:sd_card.c     **** // Power up SD Card
 171:sd_card.c     **** void SD_power_up(){
 383              		.loc 1 171 0
 384              		.cfi_startproc
 385              		@ args = 0, pretend = 0, frame = 0
ARM GAS  C:\Users\hail\AppData\Local\Temp\ccFzGj9W.s 			page 11


 386              		@ frame_needed = 1, uses_anonymous_args = 0
 387 0000 80B5     		push	{r7, lr}
 388              		.cfi_def_cfa_offset 8
 389              		.cfi_offset 7, -8
 390              		.cfi_offset 14, -4
 391 0002 00AF     		add	r7, sp, #0
 392              		.cfi_def_cfa_register 7
 172:sd_card.c     **** 
 173:sd_card.c     ****     emFile_Wakeup(); // Prepare SPIM Components to wake up.
 393              		.loc 1 173 0
 394 0004 FFF7FEFF 		bl	emFile_Wakeup
 174:sd_card.c     ****     
 175:sd_card.c     ****     SD_Card_Power_Write(ON); // Turn on the SD Card (pulls it high).
 395              		.loc 1 175 0
 396 0008 0120     		movs	r0, #1
 397 000a FFF7FEFF 		bl	SD_Card_Power_Write
 176:sd_card.c     ****     FS_Init(); // FS_Init() starts the file system
 398              		.loc 1 176 0
 399 000e FFF7FEFF 		bl	FS_Init
 177:sd_card.c     **** }
 400              		.loc 1 177 0
 401 0012 00BF     		nop
 402 0014 80BD     		pop	{r7, pc}
 403              		.cfi_endproc
 404              	.LFE69:
 405              		.size	SD_power_up, .-SD_power_up
 406 0016 00BF     		.section	.text.SD_power_down,"ax",%progbits
 407              		.align	2
 408              		.global	SD_power_down
 409              		.thumb
 410              		.thumb_func
 411              		.type	SD_power_down, %function
 412              	SD_power_down:
 413              	.LFB70:
 178:sd_card.c     **** 
 179:sd_card.c     **** // Power down SD Card
 180:sd_card.c     **** void SD_power_down(){
 414              		.loc 1 180 0
 415              		.cfi_startproc
 416              		@ args = 0, pretend = 0, frame = 0
 417              		@ frame_needed = 1, uses_anonymous_args = 0
 418 0000 80B5     		push	{r7, lr}
 419              		.cfi_def_cfa_offset 8
 420              		.cfi_offset 7, -8
 421              		.cfi_offset 14, -4
 422 0002 00AF     		add	r7, sp, #0
 423              		.cfi_def_cfa_register 7
 181:sd_card.c     ****     
 182:sd_card.c     ****     SD_Card_Power_Write(OFF);  // Turn off the SD Card (pulls it low). 
 424              		.loc 1 182 0
 425 0004 0020     		movs	r0, #0
 426 0006 FFF7FEFF 		bl	SD_Card_Power_Write
 183:sd_card.c     ****     emFile_Sleep(); // emFIle_Sleep() prepare emFile to go to sleep.
 427              		.loc 1 183 0
 428 000a FFF7FEFF 		bl	emFile_Sleep
 184:sd_card.c     ****     FS_DeInit(); // FS_DeInit() frees allocated resources
 429              		.loc 1 184 0
ARM GAS  C:\Users\hail\AppData\Local\Temp\ccFzGj9W.s 			page 12


 430 000e FFF7FEFF 		bl	FS_DeInit
 185:sd_card.c     ****     
 186:sd_card.c     ****     emFile_miso0_Write(OFF); // emFile_miso0_Write(): Assigns a new value to the digital port's dat
 431              		.loc 1 186 0
 432 0012 0020     		movs	r0, #0
 433 0014 FFF7FEFF 		bl	emFile_miso0_Write
 187:sd_card.c     ****     emFile_mosi0_Write(OFF); // emFile_mosi0_Write(): Assigns a new value to the digital port's dat
 434              		.loc 1 187 0
 435 0018 0020     		movs	r0, #0
 436 001a FFF7FEFF 		bl	emFile_mosi0_Write
 188:sd_card.c     ****     emFile_sclk0_Write(OFF); // emFile_sclk0_Write(): Assigns a new value to the digital port's dat
 437              		.loc 1 188 0
 438 001e 0020     		movs	r0, #0
 439 0020 FFF7FEFF 		bl	emFile_sclk0_Write
 189:sd_card.c     ****     emFile_SPI0_CS_Write(OFF); // emFile_SPIO_CS_Write(): Assigns a new value to the digital port's
 440              		.loc 1 189 0
 441 0024 0020     		movs	r0, #0
 442 0026 FFF7FEFF 		bl	emFile_SPI0_CS_Write
 190:sd_card.c     ****     // SD_Chip_Detect_Write(OFF);
 191:sd_card.c     **** }
 443              		.loc 1 191 0
 444 002a 00BF     		nop
 445 002c 80BD     		pop	{r7, pc}
 446              		.cfi_endproc
 447              	.LFE70:
 448              		.size	SD_power_down, .-SD_power_down
 449 002e 00BF     		.section	.rodata
 450 000a 0000     		.align	2
 451              	.LC2:
 452 000c 54455354 		.ascii	"TEST_SD_CARD\000"
 452      5F53445F 
 452      43415244 
 452      00
 453 0019 000000   		.align	2
 454              	.LC5:
 455 001c 54455354 		.ascii	"TEST_PASS\000"
 455      5F504153 
 455      5300
 456 0026 0000     		.align	2
 457              	.LC6:
 458 0028 7700     		.ascii	"w\000"
 459 002a 0000     		.align	2
 460              	.LC7:
 461 002c 53554343 		.ascii	"SUCCESS WRITE READ DELETE FILE\000"
 461      45535320 
 461      57524954 
 461      45205245 
 461      41442044 
 462 004b 00       		.align	2
 463              	.LC8:
 464 004c 4641494C 		.ascii	"FAILED TO WRITE READ DELETE FILE\000"
 464      45442054 
 464      4F205752 
 464      49544520 
 464      52454144 
 465 006d 000000   		.align	2
 466              	.LC3:
ARM GAS  C:\Users\hail\AppData\Local\Temp\ccFzGj9W.s 			page 13


 467 0070 54455354 		.ascii	"TEST_FAIL\000"
 467      5F464149 
 467      4C00
 468 007a 0000     		.align	2
 469              	.LC4:
 470 007c 74657374 		.ascii	"test.txt\000"
 470      2E747874 
 470      00
 471              		.section	.text.SD_card_test,"ax",%progbits
 472              		.align	2
 473              		.global	SD_card_test
 474              		.thumb
 475              		.thumb_func
 476              		.type	SD_card_test, %function
 477              	SD_card_test:
 478              	.LFB71:
 192:sd_card.c     **** 
 193:sd_card.c     **** // Testing the SD Card - create a  file, write random number, read number from file, delete directo
 194:sd_card.c     **** test_t SD_card_test(){
 479              		.loc 1 194 0
 480              		.cfi_startproc
 481              		@ args = 0, pretend = 0, frame = 424
 482              		@ frame_needed = 1, uses_anonymous_args = 0
 483 0000 F0B5     		push	{r4, r5, r6, r7, lr}
 484              		.cfi_def_cfa_offset 20
 485              		.cfi_offset 4, -20
 486              		.cfi_offset 5, -16
 487              		.cfi_offset 6, -12
 488              		.cfi_offset 7, -8
 489              		.cfi_offset 14, -4
 490 0002 EBB0     		sub	sp, sp, #428
 491              		.cfi_def_cfa_offset 448
 492 0004 00AF     		add	r7, sp, #0
 493              		.cfi_def_cfa_register 7
 494 0006 3B1D     		adds	r3, r7, #4
 495 0008 1860     		str	r0, [r3]
 195:sd_card.c     ****     
 196:sd_card.c     ****     // test_t is a new data type we defined in test.h. We then use that data type to define a struc
 197:sd_card.c     ****     test_t test;
 198:sd_card.c     ****     snprintf(test.test_name,sizeof(test.test_name),"TEST_SD_CARD");
 496              		.loc 1 198 0
 497 000a 07F12403 		add	r3, r7, #36
 498 000e 3D4A     		ldr	r2, .L25
 499 0010 1C46     		mov	r4, r3
 500 0012 1346     		mov	r3, r2
 501 0014 0FCB     		ldmia	r3, {r0, r1, r2, r3}
 502 0016 07C4     		stmia	r4!, {r0, r1, r2}
 503 0018 2370     		strb	r3, [r4]
 199:sd_card.c     ****     test.status = 0;
 504              		.loc 1 199 0
 505 001a 07F12403 		add	r3, r7, #36
 506 001e 0022     		movs	r2, #0
 507 0020 83F88020 		strb	r2, [r3, #128]
 200:sd_card.c     ****     
 201:sd_card.c     ****     char data[] = "TEST_FAIL";
 508              		.loc 1 201 0
 509 0024 07F11803 		add	r3, r7, #24
ARM GAS  C:\Users\hail\AppData\Local\Temp\ccFzGj9W.s 			page 14


 510 0028 374A     		ldr	r2, .L25+4
 511 002a 07CA     		ldmia	r2, {r0, r1, r2}
 512 002c 03C3     		stmia	r3!, {r0, r1}
 513 002e 1A80     		strh	r2, [r3]	@ movhi
 202:sd_card.c     ****     char fileName[] = "test.txt";
 514              		.loc 1 202 0
 515 0030 07F10C03 		add	r3, r7, #12
 516 0034 354A     		ldr	r2, .L25+8
 517 0036 07CA     		ldmia	r2, {r0, r1, r2}
 518 0038 03C3     		stmia	r3!, {r0, r1}
 519 003a 1A70     		strb	r2, [r3]
 203:sd_card.c     ****     
 204:sd_card.c     ****     SD_rmfile(fileName); // Remove file from SD Card
 520              		.loc 1 204 0
 521 003c 07F10C03 		add	r3, r7, #12
 522 0040 1846     		mov	r0, r3
 523 0042 FFF7FEFF 		bl	SD_rmfile
 205:sd_card.c     ****     SD_write(fileName,"w","TEST_PASS"); // Write data to SD Card
 524              		.loc 1 205 0
 525 0046 07F10C03 		add	r3, r7, #12
 526 004a 314A     		ldr	r2, .L25+12
 527 004c 3149     		ldr	r1, .L25+16
 528 004e 1846     		mov	r0, r3
 529 0050 FFF7FEFF 		bl	SD_write
 206:sd_card.c     ****     SD_read(fileName,data,sizeof(data)); // Read data from the SD card
 530              		.loc 1 206 0
 531 0054 07F11801 		add	r1, r7, #24
 532 0058 07F10C03 		add	r3, r7, #12
 533 005c 0A22     		movs	r2, #10
 534 005e 1846     		mov	r0, r3
 535 0060 FFF7FEFF 		bl	SD_read
 207:sd_card.c     ****     test.status = SD_rmfile(fileName);
 536              		.loc 1 207 0
 537 0064 07F10C03 		add	r3, r7, #12
 538 0068 1846     		mov	r0, r3
 539 006a FFF7FEFF 		bl	SD_rmfile
 540 006e 0346     		mov	r3, r0
 541 0070 1A46     		mov	r2, r3
 542 0072 07F12403 		add	r3, r7, #36
 543 0076 83F88020 		strb	r2, [r3, #128]
 208:sd_card.c     ****     
 209:sd_card.c     ****     if(test.status == 1){
 544              		.loc 1 209 0
 545 007a 07F12403 		add	r3, r7, #36
 546 007e 93F88030 		ldrb	r3, [r3, #128]	@ zero_extendqisi2
 547 0082 012B     		cmp	r3, #1
 548 0084 14D1     		bne	.L21
 210:sd_card.c     ****         snprintf(test.reason,sizeof(test.reason),"SUCCESS WRITE READ DELETE FILE");
 549              		.loc 1 210 0
 550 0086 07F12403 		add	r3, r7, #36
 551 008a 8133     		adds	r3, r3, #129
 552 008c 224A     		ldr	r2, .L25+20
 553 008e 1D46     		mov	r5, r3
 554 0090 1446     		mov	r4, r2
 555 0092 0FCC     		ldmia	r4!, {r0, r1, r2, r3}
 556 0094 2860     		str	r0, [r5]	@ unaligned
 557 0096 6960     		str	r1, [r5, #4]	@ unaligned
ARM GAS  C:\Users\hail\AppData\Local\Temp\ccFzGj9W.s 			page 15


 558 0098 AA60     		str	r2, [r5, #8]	@ unaligned
 559 009a EB60     		str	r3, [r5, #12]	@ unaligned
 560 009c 07CC     		ldmia	r4!, {r0, r1, r2}
 561 009e 2861     		str	r0, [r5, #16]	@ unaligned
 562 00a0 6961     		str	r1, [r5, #20]	@ unaligned
 563 00a2 AA61     		str	r2, [r5, #24]	@ unaligned
 564 00a4 2388     		ldrh	r3, [r4]	@ unaligned
 565 00a6 A278     		ldrb	r2, [r4, #2]
 566 00a8 AB83     		strh	r3, [r5, #28]	@ unaligned
 567 00aa 1346     		mov	r3, r2
 568 00ac AB77     		strb	r3, [r5, #30]
 569 00ae 17E0     		b	.L22
 570              	.L21:
 211:sd_card.c     ****     }else{
 212:sd_card.c     ****        snprintf(test.reason,sizeof(test.reason),"FAILED TO WRITE READ DELETE FILE"); 
 571              		.loc 1 212 0
 572 00b0 07F12403 		add	r3, r7, #36
 573 00b4 8133     		adds	r3, r3, #129
 574 00b6 194A     		ldr	r2, .L25+24
 575 00b8 1446     		mov	r4, r2
 576 00ba 9E46     		mov	lr, r3
 577 00bc 04F1200C 		add	ip, r4, #32
 578              	.L23:
 579 00c0 7546     		mov	r5, lr
 580 00c2 2646     		mov	r6, r4
 581 00c4 0FCE     		ldmia	r6!, {r0, r1, r2, r3}
 582 00c6 2860     		str	r0, [r5]	@ unaligned
 583 00c8 6960     		str	r1, [r5, #4]	@ unaligned
 584 00ca AA60     		str	r2, [r5, #8]	@ unaligned
 585 00cc EB60     		str	r3, [r5, #12]	@ unaligned
 586 00ce 1034     		adds	r4, r4, #16
 587 00d0 0EF1100E 		add	lr, lr, #16
 588 00d4 6445     		cmp	r4, ip
 589 00d6 F3D1     		bne	.L23
 590 00d8 7346     		mov	r3, lr
 591 00da 2246     		mov	r2, r4
 592 00dc 1278     		ldrb	r2, [r2]
 593 00de 1A70     		strb	r2, [r3]
 594              	.L22:
 213:sd_card.c     ****     }
 214:sd_card.c     ****     
 215:sd_card.c     ****     return test;
 595              		.loc 1 215 0
 596 00e0 3B1D     		adds	r3, r7, #4
 597 00e2 1A68     		ldr	r2, [r3]
 598 00e4 07F12403 		add	r3, r7, #36
 599 00e8 1046     		mov	r0, r2
 600 00ea 1946     		mov	r1, r3
 601 00ec 40F28113 		movw	r3, #385
 602 00f0 1A46     		mov	r2, r3
 603 00f2 FFF7FEFF 		bl	memcpy
 216:sd_card.c     ****     
 217:sd_card.c     **** }
 604              		.loc 1 217 0
 605 00f6 3B1D     		adds	r3, r7, #4
 606 00f8 1868     		ldr	r0, [r3]
 607 00fa 07F5D677 		add	r7, r7, #428
ARM GAS  C:\Users\hail\AppData\Local\Temp\ccFzGj9W.s 			page 16


 608              		.cfi_def_cfa_offset 20
 609 00fe BD46     		mov	sp, r7
 610              		.cfi_def_cfa_register 13
 611              		@ sp needed
 612 0100 F0BD     		pop	{r4, r5, r6, r7, pc}
 613              	.L26:
 614 0102 00BF     		.align	2
 615              	.L25:
 616 0104 0C000000 		.word	.LC2
 617 0108 70000000 		.word	.LC3
 618 010c 7C000000 		.word	.LC4
 619 0110 1C000000 		.word	.LC5
 620 0114 28000000 		.word	.LC6
 621 0118 2C000000 		.word	.LC7
 622 011c 4C000000 		.word	.LC8
 623              		.cfi_endproc
 624              	.LFE71:
 625              		.size	SD_card_test, .-SD_card_test
 626              		.text
 627              	.Letext0:
 628              		.file 2 "c:\\program files (x86)\\cypress\\psoc creator\\4.3\\psoc creator\\import\\gnu\\arm\\5.4.
 629              		.file 3 "c:\\program files (x86)\\cypress\\psoc creator\\4.3\\psoc creator\\import\\gnu\\arm\\5.4.
 630              		.file 4 "Generated_Source\\PSoC5/cytypes.h"
 631              		.file 5 "testing.h"
 632              		.file 6 "..\\emFile_V322c\\Code\\Include\\PSoC5/FS_Types.h"
 633              		.file 7 "modem.h"
 634              		.file 8 "data.h"
 635              		.file 9 "notoriOS.h"
 636              		.file 10 "Generated_Source\\PSoC5/core_cm3.h"
 637              		.section	.debug_info,"",%progbits
 638              	.Ldebug_info0:
 639 0000 94060000 		.4byte	0x694
 640 0004 0400     		.2byte	0x4
 641 0006 00000000 		.4byte	.Ldebug_abbrev0
 642 000a 04       		.byte	0x4
 643 000b 01       		.uleb128 0x1
 644 000c 66000000 		.4byte	.LASF84
 645 0010 0C       		.byte	0xc
 646 0011 5C000000 		.4byte	.LASF85
 647 0015 99020000 		.4byte	.LASF86
 648 0019 00000000 		.4byte	.Ldebug_ranges0+0
 649 001d 00000000 		.4byte	0
 650 0021 00000000 		.4byte	.Ldebug_line0
 651 0025 02       		.uleb128 0x2
 652 0026 01       		.byte	0x1
 653 0027 06       		.byte	0x6
 654 0028 3D020000 		.4byte	.LASF0
 655 002c 02       		.uleb128 0x2
 656 002d 01       		.byte	0x1
 657 002e 08       		.byte	0x8
 658 002f 04020000 		.4byte	.LASF1
 659 0033 02       		.uleb128 0x2
 660 0034 02       		.byte	0x2
 661 0035 05       		.byte	0x5
 662 0036 2D000000 		.4byte	.LASF2
 663 003a 02       		.uleb128 0x2
 664 003b 02       		.byte	0x2
ARM GAS  C:\Users\hail\AppData\Local\Temp\ccFzGj9W.s 			page 17


 665 003c 07       		.byte	0x7
 666 003d 14030000 		.4byte	.LASF3
 667 0041 03       		.uleb128 0x3
 668 0042 EE030000 		.4byte	.LASF12
 669 0046 02       		.byte	0x2
 670 0047 3F       		.byte	0x3f
 671 0048 4C000000 		.4byte	0x4c
 672 004c 02       		.uleb128 0x2
 673 004d 04       		.byte	0x4
 674 004e 05       		.byte	0x5
 675 004f BB010000 		.4byte	.LASF4
 676 0053 02       		.uleb128 0x2
 677 0054 04       		.byte	0x4
 678 0055 07       		.byte	0x7
 679 0056 B6030000 		.4byte	.LASF5
 680 005a 02       		.uleb128 0x2
 681 005b 08       		.byte	0x8
 682 005c 05       		.byte	0x5
 683 005d 94010000 		.4byte	.LASF6
 684 0061 02       		.uleb128 0x2
 685 0062 08       		.byte	0x8
 686 0063 07       		.byte	0x7
 687 0064 49020000 		.4byte	.LASF7
 688 0068 04       		.uleb128 0x4
 689 0069 04       		.byte	0x4
 690 006a 05       		.byte	0x5
 691 006b 696E7400 		.ascii	"int\000"
 692 006f 02       		.uleb128 0x2
 693 0070 04       		.byte	0x4
 694 0071 07       		.byte	0x7
 695 0072 76020000 		.4byte	.LASF8
 696 0076 02       		.uleb128 0x2
 697 0077 08       		.byte	0x8
 698 0078 04       		.byte	0x4
 699 0079 F8010000 		.4byte	.LASF9
 700 007d 05       		.uleb128 0x5
 701 007e 04       		.byte	0x4
 702 007f 02       		.uleb128 0x2
 703 0080 04       		.byte	0x4
 704 0081 07       		.byte	0x7
 705 0082 37000000 		.4byte	.LASF10
 706 0086 06       		.uleb128 0x6
 707 0087 04       		.byte	0x4
 708 0088 8C000000 		.4byte	0x8c
 709 008c 02       		.uleb128 0x2
 710 008d 01       		.byte	0x1
 711 008e 08       		.byte	0x8
 712 008f A2010000 		.4byte	.LASF11
 713 0093 06       		.uleb128 0x6
 714 0094 04       		.byte	0x4
 715 0095 99000000 		.4byte	0x99
 716 0099 07       		.uleb128 0x7
 717 009a 8C000000 		.4byte	0x8c
 718 009e 08       		.uleb128 0x8
 719 009f 8C000000 		.4byte	0x8c
 720 00a3 AE000000 		.4byte	0xae
 721 00a7 09       		.uleb128 0x9
ARM GAS  C:\Users\hail\AppData\Local\Temp\ccFzGj9W.s 			page 18


 722 00a8 7F000000 		.4byte	0x7f
 723 00ac 17       		.byte	0x17
 724 00ad 00       		.byte	0
 725 00ae 03       		.uleb128 0x3
 726 00af 79030000 		.4byte	.LASF13
 727 00b3 03       		.byte	0x3
 728 00b4 2C       		.byte	0x2c
 729 00b5 41000000 		.4byte	0x41
 730 00b9 0A       		.uleb128 0xa
 731 00ba 2E010000 		.4byte	.LASF14
 732 00be 04       		.byte	0x4
 733 00bf 9201     		.2byte	0x192
 734 00c1 2C000000 		.4byte	0x2c
 735 00c5 0A       		.uleb128 0xa
 736 00c6 15010000 		.4byte	.LASF15
 737 00ca 04       		.byte	0x4
 738 00cb 9301     		.2byte	0x193
 739 00cd 3A000000 		.4byte	0x3a
 740 00d1 0A       		.uleb128 0xa
 741 00d2 C8030000 		.4byte	.LASF16
 742 00d6 04       		.byte	0x4
 743 00d7 9701     		.2byte	0x197
 744 00d9 4C000000 		.4byte	0x4c
 745 00dd 02       		.uleb128 0x2
 746 00de 04       		.byte	0x4
 747 00df 04       		.byte	0x4
 748 00e0 85010000 		.4byte	.LASF17
 749 00e4 02       		.uleb128 0x2
 750 00e5 08       		.byte	0x8
 751 00e6 04       		.byte	0x4
 752 00e7 CE030000 		.4byte	.LASF18
 753 00eb 06       		.uleb128 0x6
 754 00ec 04       		.byte	0x4
 755 00ed F1000000 		.4byte	0xf1
 756 00f1 0B       		.uleb128 0xb
 757 00f2 0C       		.uleb128 0xc
 758 00f3 8101     		.2byte	0x181
 759 00f5 05       		.byte	0x5
 760 00f6 0A       		.byte	0xa
 761 00f7 20010000 		.4byte	0x120
 762 00fb 0D       		.uleb128 0xd
 763 00fc 8F030000 		.4byte	.LASF19
 764 0100 05       		.byte	0x5
 765 0101 0C       		.byte	0xc
 766 0102 20010000 		.4byte	0x120
 767 0106 00       		.byte	0
 768 0107 0D       		.uleb128 0xd
 769 0108 3F030000 		.4byte	.LASF20
 770 010c 05       		.byte	0x5
 771 010d 0D       		.byte	0xd
 772 010e B9000000 		.4byte	0xb9
 773 0112 80       		.byte	0x80
 774 0113 0D       		.uleb128 0xd
 775 0114 B4010000 		.4byte	.LASF21
 776 0118 05       		.byte	0x5
 777 0119 0F       		.byte	0xf
 778 011a 30010000 		.4byte	0x130
ARM GAS  C:\Users\hail\AppData\Local\Temp\ccFzGj9W.s 			page 19


 779 011e 81       		.byte	0x81
 780 011f 00       		.byte	0
 781 0120 08       		.uleb128 0x8
 782 0121 8C000000 		.4byte	0x8c
 783 0125 30010000 		.4byte	0x130
 784 0129 09       		.uleb128 0x9
 785 012a 7F000000 		.4byte	0x7f
 786 012e 7F       		.byte	0x7f
 787 012f 00       		.byte	0
 788 0130 08       		.uleb128 0x8
 789 0131 8C000000 		.4byte	0x8c
 790 0135 40010000 		.4byte	0x140
 791 0139 09       		.uleb128 0x9
 792 013a 7F000000 		.4byte	0x7f
 793 013e FF       		.byte	0xff
 794 013f 00       		.byte	0
 795 0140 03       		.uleb128 0x3
 796 0141 6D030000 		.4byte	.LASF22
 797 0145 05       		.byte	0x5
 798 0146 10       		.byte	0x10
 799 0147 F2000000 		.4byte	0xf2
 800 014b 03       		.uleb128 0x3
 801 014c 12020000 		.4byte	.LASF23
 802 0150 06       		.byte	0x6
 803 0151 7E       		.byte	0x7e
 804 0152 56010000 		.4byte	0x156
 805 0156 0E       		.uleb128 0xe
 806 0157 12020000 		.4byte	.LASF23
 807 015b 06       		.uleb128 0x6
 808 015c 04       		.byte	0x4
 809 015d 4B010000 		.4byte	0x14b
 810 0161 0F       		.uleb128 0xf
 811 0162 3C       		.byte	0x3c
 812 0163 07       		.byte	0x7
 813 0164 2E       		.byte	0x2e
 814 0165 8E010000 		.4byte	0x18e
 815 0169 0D       		.uleb128 0xd
 816 016a 09000000 		.4byte	.LASF24
 817 016e 07       		.byte	0x7
 818 016f 2F       		.byte	0x2f
 819 0170 8E010000 		.4byte	0x18e
 820 0174 00       		.byte	0
 821 0175 0D       		.uleb128 0xd
 822 0176 00000000 		.4byte	.LASF25
 823 017a 07       		.byte	0x7
 824 017b 30       		.byte	0x30
 825 017c 8E010000 		.4byte	0x18e
 826 0180 14       		.byte	0x14
 827 0181 0D       		.uleb128 0xd
 828 0182 74030000 		.4byte	.LASF26
 829 0186 07       		.byte	0x7
 830 0187 31       		.byte	0x31
 831 0188 8E010000 		.4byte	0x18e
 832 018c 28       		.byte	0x28
 833 018d 00       		.byte	0
 834 018e 08       		.uleb128 0x8
 835 018f 8C000000 		.4byte	0x8c
ARM GAS  C:\Users\hail\AppData\Local\Temp\ccFzGj9W.s 			page 20


 836 0193 9E010000 		.4byte	0x19e
 837 0197 09       		.uleb128 0x9
 838 0198 7F000000 		.4byte	0x7f
 839 019c 13       		.byte	0x13
 840 019d 00       		.byte	0
 841 019e 03       		.uleb128 0x3
 842 019f A7010000 		.4byte	.LASF27
 843 01a3 07       		.byte	0x7
 844 01a4 32       		.byte	0x32
 845 01a5 61010000 		.4byte	0x161
 846 01a9 0F       		.uleb128 0xf
 847 01aa 10       		.byte	0x10
 848 01ab 07       		.byte	0x7
 849 01ac 34       		.byte	0x34
 850 01ad 12020000 		.4byte	0x212
 851 01b1 0D       		.uleb128 0xd
 852 01b2 6D040000 		.4byte	.LASF28
 853 01b6 07       		.byte	0x7
 854 01b7 35       		.byte	0x35
 855 01b8 B9000000 		.4byte	0xb9
 856 01bc 00       		.byte	0
 857 01bd 10       		.uleb128 0x10
 858 01be 62657200 		.ascii	"ber\000"
 859 01c2 07       		.byte	0x7
 860 01c3 36       		.byte	0x36
 861 01c4 B9000000 		.4byte	0xb9
 862 01c8 01       		.byte	0x1
 863 01c9 0D       		.uleb128 0xd
 864 01ca F3010000 		.4byte	.LASF29
 865 01ce 07       		.byte	0x7
 866 01cf 37       		.byte	0x37
 867 01d0 B9000000 		.4byte	0xb9
 868 01d4 02       		.byte	0x2
 869 01d5 0D       		.uleb128 0xd
 870 01d6 07010000 		.4byte	.LASF30
 871 01da 07       		.byte	0x7
 872 01db 38       		.byte	0x38
 873 01dc B9000000 		.4byte	0xb9
 874 01e0 03       		.byte	0x3
 875 01e1 0D       		.uleb128 0xd
 876 01e2 9E030000 		.4byte	.LASF31
 877 01e6 07       		.byte	0x7
 878 01e7 39       		.byte	0x39
 879 01e8 B9000000 		.4byte	0xb9
 880 01ec 04       		.byte	0x4
 881 01ed 0D       		.uleb128 0xd
 882 01ee 54010000 		.4byte	.LASF32
 883 01f2 07       		.byte	0x7
 884 01f3 3A       		.byte	0x3a
 885 01f4 B9000000 		.4byte	0xb9
 886 01f8 05       		.byte	0x5
 887 01f9 0D       		.uleb128 0xd
 888 01fa 27030000 		.4byte	.LASF33
 889 01fe 07       		.byte	0x7
 890 01ff 3B       		.byte	0x3b
 891 0200 68000000 		.4byte	0x68
 892 0204 08       		.byte	0x8
ARM GAS  C:\Users\hail\AppData\Local\Temp\ccFzGj9W.s 			page 21


 893 0205 0D       		.uleb128 0xd
 894 0206 5A030000 		.4byte	.LASF34
 895 020a 07       		.byte	0x7
 896 020b 3C       		.byte	0x3c
 897 020c 68000000 		.4byte	0x68
 898 0210 0C       		.byte	0xc
 899 0211 00       		.byte	0
 900 0212 03       		.uleb128 0x3
 901 0213 81030000 		.4byte	.LASF35
 902 0217 07       		.byte	0x7
 903 0218 3D       		.byte	0x3d
 904 0219 A9010000 		.4byte	0x1a9
 905 021d 0F       		.uleb128 0xf
 906 021e 03       		.byte	0x3
 907 021f 07       		.byte	0x7
 908 0220 49       		.byte	0x49
 909 0221 4A020000 		.4byte	0x24a
 910 0225 0D       		.uleb128 0xd
 911 0226 E6010000 		.4byte	.LASF36
 912 022a 07       		.byte	0x7
 913 022b 4C       		.byte	0x4c
 914 022c B9000000 		.4byte	0xb9
 915 0230 00       		.byte	0
 916 0231 0D       		.uleb128 0xd
 917 0232 8F020000 		.4byte	.LASF37
 918 0236 07       		.byte	0x7
 919 0237 4E       		.byte	0x4e
 920 0238 B9000000 		.4byte	0xb9
 921 023c 01       		.byte	0x1
 922 023d 0D       		.uleb128 0xd
 923 023e E2030000 		.4byte	.LASF38
 924 0242 07       		.byte	0x7
 925 0243 51       		.byte	0x51
 926 0244 B9000000 		.4byte	0xb9
 927 0248 02       		.byte	0x2
 928 0249 00       		.byte	0
 929 024a 03       		.uleb128 0x3
 930 024b F2020000 		.4byte	.LASF39
 931 024f 07       		.byte	0x7
 932 0250 52       		.byte	0x52
 933 0251 1D020000 		.4byte	0x21d
 934 0255 0F       		.uleb128 0xf
 935 0256 2C       		.byte	0x2c
 936 0257 08       		.byte	0x8
 937 0258 10       		.byte	0x10
 938 0259 82020000 		.4byte	0x282
 939 025d 10       		.uleb128 0x10
 940 025e 6B657900 		.ascii	"key\000"
 941 0262 08       		.byte	0x8
 942 0263 11       		.byte	0x11
 943 0264 8E010000 		.4byte	0x18e
 944 0268 00       		.byte	0
 945 0269 0D       		.uleb128 0xd
 946 026a 46040000 		.4byte	.LASF40
 947 026e 08       		.byte	0x8
 948 026f 12       		.byte	0x12
 949 0270 8E010000 		.4byte	0x18e
ARM GAS  C:\Users\hail\AppData\Local\Temp\ccFzGj9W.s 			page 22


 950 0274 14       		.byte	0x14
 951 0275 0D       		.uleb128 0xd
 952 0276 59010000 		.4byte	.LASF41
 953 027a 08       		.byte	0x8
 954 027b 13       		.byte	0x13
 955 027c D1000000 		.4byte	0xd1
 956 0280 28       		.byte	0x28
 957 0281 00       		.byte	0
 958 0282 03       		.uleb128 0x3
 959 0283 83020000 		.4byte	.LASF42
 960 0287 08       		.byte	0x8
 961 0288 14       		.byte	0x14
 962 0289 55020000 		.4byte	0x255
 963 028d 0F       		.uleb128 0xf
 964 028e 1C       		.byte	0x1c
 965 028f 09       		.byte	0x9
 966 0290 36       		.byte	0x36
 967 0291 AE020000 		.4byte	0x2ae
 968 0295 0D       		.uleb128 0xd
 969 0296 C4010000 		.4byte	.LASF43
 970 029a 09       		.byte	0x9
 971 029b 38       		.byte	0x38
 972 029c AE020000 		.4byte	0x2ae
 973 02a0 00       		.byte	0
 974 02a1 0D       		.uleb128 0xd
 975 02a2 F9000000 		.4byte	.LASF44
 976 02a6 09       		.byte	0x9
 977 02a7 39       		.byte	0x39
 978 02a8 9E000000 		.4byte	0x9e
 979 02ac 04       		.byte	0x4
 980 02ad 00       		.byte	0
 981 02ae 06       		.uleb128 0x6
 982 02af 04       		.byte	0x4
 983 02b0 9E010000 		.4byte	0x19e
 984 02b4 03       		.uleb128 0x3
 985 02b5 09030000 		.4byte	.LASF45
 986 02b9 09       		.byte	0x9
 987 02ba 3B       		.byte	0x3b
 988 02bb 8D020000 		.4byte	0x28d
 989 02bf 0C       		.uleb128 0xc
 990 02c0 4401     		.2byte	0x144
 991 02c2 09       		.byte	0x9
 992 02c3 41       		.byte	0x41
 993 02c4 12030000 		.4byte	0x312
 994 02c8 0D       		.uleb128 0xd
 995 02c9 04040000 		.4byte	.LASF46
 996 02cd 09       		.byte	0x9
 997 02ce 44       		.byte	0x44
 998 02cf 8E010000 		.4byte	0x18e
 999 02d3 00       		.byte	0
 1000 02d4 0D       		.uleb128 0xd
 1001 02d5 4D000000 		.4byte	.LASF47
 1002 02d9 09       		.byte	0x9
 1003 02da 46       		.byte	0x46
 1004 02db 12030000 		.4byte	0x312
 1005 02df 14       		.byte	0x14
 1006 02e0 0D       		.uleb128 0xd
ARM GAS  C:\Users\hail\AppData\Local\Temp\ccFzGj9W.s 			page 23


 1007 02e1 3E040000 		.4byte	.LASF48
 1008 02e5 09       		.byte	0x9
 1009 02e6 47       		.byte	0x47
 1010 02e7 68000000 		.4byte	0x68
 1011 02eb 78       		.byte	0x78
 1012 02ec 0D       		.uleb128 0xd
 1013 02ed 40010000 		.4byte	.LASF49
 1014 02f1 09       		.byte	0x9
 1015 02f2 48       		.byte	0x48
 1016 02f3 22030000 		.4byte	0x322
 1017 02f7 7C       		.byte	0x7c
 1018 02f8 0D       		.uleb128 0xd
 1019 02f9 AE030000 		.4byte	.LASF50
 1020 02fd 09       		.byte	0x9
 1021 02fe 49       		.byte	0x49
 1022 02ff 12030000 		.4byte	0x312
 1023 0303 AE       		.byte	0xae
 1024 0304 11       		.uleb128 0x11
 1025 0305 34010000 		.4byte	.LASF51
 1026 0309 09       		.byte	0x9
 1027 030a 4A       		.byte	0x4a
 1028 030b 22030000 		.4byte	0x322
 1029 030f 1201     		.2byte	0x112
 1030 0311 00       		.byte	0
 1031 0312 08       		.uleb128 0x8
 1032 0313 8C000000 		.4byte	0x8c
 1033 0317 22030000 		.4byte	0x322
 1034 031b 09       		.uleb128 0x9
 1035 031c 7F000000 		.4byte	0x7f
 1036 0320 63       		.byte	0x63
 1037 0321 00       		.byte	0
 1038 0322 08       		.uleb128 0x8
 1039 0323 8C000000 		.4byte	0x8c
 1040 0327 32030000 		.4byte	0x332
 1041 032b 09       		.uleb128 0x9
 1042 032c 7F000000 		.4byte	0x7f
 1043 0330 31       		.byte	0x31
 1044 0331 00       		.byte	0
 1045 0332 03       		.uleb128 0x3
 1046 0333 18000000 		.4byte	.LASF52
 1047 0337 09       		.byte	0x9
 1048 0338 4D       		.byte	0x4d
 1049 0339 BF020000 		.4byte	0x2bf
 1050 033d 12       		.uleb128 0x12
 1051 033e 0C040000 		.4byte	.LASF63
 1052 0342 01       		.byte	0x1
 1053 0343 1E       		.byte	0x1e
 1054 0344 00000000 		.4byte	.LFB64
 1055 0348 0C000000 		.4byte	.LFE64-.LFB64
 1056 034c 01       		.uleb128 0x1
 1057 034d 9C       		.byte	0x9c
 1058 034e 13       		.uleb128 0x13
 1059 034f 63010000 		.4byte	.LASF53
 1060 0353 01       		.byte	0x1
 1061 0354 2C       		.byte	0x2c
 1062 0355 B9000000 		.4byte	0xb9
 1063 0359 00000000 		.4byte	.LFB65
ARM GAS  C:\Users\hail\AppData\Local\Temp\ccFzGj9W.s 			page 24


 1064 035d 40000000 		.4byte	.LFE65-.LFB65
 1065 0361 01       		.uleb128 0x1
 1066 0362 9C       		.byte	0x9c
 1067 0363 84030000 		.4byte	0x384
 1068 0367 14       		.uleb128 0x14
 1069 0368 8B010000 		.4byte	.LASF55
 1070 036c 01       		.byte	0x1
 1071 036d 2C       		.byte	0x2c
 1072 036e 86000000 		.4byte	0x86
 1073 0372 02       		.uleb128 0x2
 1074 0373 91       		.byte	0x91
 1075 0374 6C       		.sleb128 -20
 1076 0375 15       		.uleb128 0x15
 1077 0376 3F030000 		.4byte	.LASF20
 1078 037a 01       		.byte	0x1
 1079 037b 2E       		.byte	0x2e
 1080 037c B9000000 		.4byte	0xb9
 1081 0380 02       		.uleb128 0x2
 1082 0381 91       		.byte	0x91
 1083 0382 77       		.sleb128 -9
 1084 0383 00       		.byte	0
 1085 0384 13       		.uleb128 0x13
 1086 0385 56040000 		.4byte	.LASF54
 1087 0389 01       		.byte	0x1
 1088 038a 43       		.byte	0x43
 1089 038b B9000000 		.4byte	0xb9
 1090 038f 00000000 		.4byte	.LFB66
 1091 0393 2C000000 		.4byte	.LFE66-.LFB66
 1092 0397 01       		.uleb128 0x1
 1093 0398 9C       		.byte	0x9c
 1094 0399 BA030000 		.4byte	0x3ba
 1095 039d 14       		.uleb128 0x14
 1096 039e 14040000 		.4byte	.LASF56
 1097 03a2 01       		.byte	0x1
 1098 03a3 43       		.byte	0x43
 1099 03a4 93000000 		.4byte	0x93
 1100 03a8 02       		.uleb128 0x2
 1101 03a9 91       		.byte	0x91
 1102 03aa 6C       		.sleb128 -20
 1103 03ab 15       		.uleb128 0x15
 1104 03ac 3F030000 		.4byte	.LASF20
 1105 03b0 01       		.byte	0x1
 1106 03b1 45       		.byte	0x45
 1107 03b2 B9000000 		.4byte	0xb9
 1108 03b6 02       		.uleb128 0x2
 1109 03b7 91       		.byte	0x91
 1110 03b8 77       		.sleb128 -9
 1111 03b9 00       		.byte	0
 1112 03ba 13       		.uleb128 0x13
 1113 03bb DD010000 		.4byte	.LASF57
 1114 03bf 01       		.byte	0x1
 1115 03c0 5A       		.byte	0x5a
 1116 03c1 B9000000 		.4byte	0xb9
 1117 03c5 00000000 		.4byte	.LFB67
 1118 03c9 6C000000 		.4byte	.LFE67-.LFB67
 1119 03cd 01       		.uleb128 0x1
 1120 03ce 9C       		.byte	0x9c
ARM GAS  C:\Users\hail\AppData\Local\Temp\ccFzGj9W.s 			page 25


 1121 03cf 1A040000 		.4byte	0x41a
 1122 03d3 14       		.uleb128 0x14
 1123 03d4 14040000 		.4byte	.LASF56
 1124 03d8 01       		.byte	0x1
 1125 03d9 5A       		.byte	0x5a
 1126 03da 93000000 		.4byte	0x93
 1127 03de 02       		.uleb128 0x2
 1128 03df 91       		.byte	0x91
 1129 03e0 6C       		.sleb128 -20
 1130 03e1 14       		.uleb128 0x14
 1131 03e2 E0020000 		.4byte	.LASF58
 1132 03e6 01       		.byte	0x1
 1133 03e7 5A       		.byte	0x5a
 1134 03e8 93000000 		.4byte	0x93
 1135 03ec 02       		.uleb128 0x2
 1136 03ed 91       		.byte	0x91
 1137 03ee 68       		.sleb128 -24
 1138 03ef 14       		.uleb128 0x14
 1139 03f0 27000000 		.4byte	.LASF59
 1140 03f4 01       		.byte	0x1
 1141 03f5 5A       		.byte	0x5a
 1142 03f6 EB000000 		.4byte	0xeb
 1143 03fa 02       		.uleb128 0x2
 1144 03fb 91       		.byte	0x91
 1145 03fc 64       		.sleb128 -28
 1146 03fd 15       		.uleb128 0x15
 1147 03fe 3F030000 		.4byte	.LASF20
 1148 0402 01       		.byte	0x1
 1149 0403 5C       		.byte	0x5c
 1150 0404 B9000000 		.4byte	0xb9
 1151 0408 02       		.uleb128 0x2
 1152 0409 91       		.byte	0x91
 1153 040a 77       		.sleb128 -9
 1154 040b 15       		.uleb128 0x15
 1155 040c 70020000 		.4byte	.LASF60
 1156 0410 01       		.byte	0x1
 1157 0411 5D       		.byte	0x5d
 1158 0412 5B010000 		.4byte	0x15b
 1159 0416 02       		.uleb128 0x2
 1160 0417 91       		.byte	0x91
 1161 0418 70       		.sleb128 -16
 1162 0419 00       		.byte	0
 1163 041a 13       		.uleb128 0x13
 1164 041b 10000000 		.4byte	.LASF61
 1165 041f 01       		.byte	0x1
 1166 0420 86       		.byte	0x86
 1167 0421 B9000000 		.4byte	0xb9
 1168 0425 00000000 		.4byte	.LFB68
 1169 0429 68000000 		.4byte	.LFE68-.LFB68
 1170 042d 01       		.uleb128 0x1
 1171 042e 9C       		.byte	0x9c
 1172 042f 7A040000 		.4byte	0x47a
 1173 0433 14       		.uleb128 0x14
 1174 0434 14040000 		.4byte	.LASF56
 1175 0438 01       		.byte	0x1
 1176 0439 86       		.byte	0x86
 1177 043a 93000000 		.4byte	0x93
ARM GAS  C:\Users\hail\AppData\Local\Temp\ccFzGj9W.s 			page 26


 1178 043e 02       		.uleb128 0x2
 1179 043f 91       		.byte	0x91
 1180 0440 6C       		.sleb128 -20
 1181 0441 14       		.uleb128 0x14
 1182 0442 27000000 		.4byte	.LASF59
 1183 0446 01       		.byte	0x1
 1184 0447 86       		.byte	0x86
 1185 0448 7D000000 		.4byte	0x7d
 1186 044c 02       		.uleb128 0x2
 1187 044d 91       		.byte	0x91
 1188 044e 68       		.sleb128 -24
 1189 044f 14       		.uleb128 0x14
 1190 0450 0C010000 		.4byte	.LASF62
 1191 0454 01       		.byte	0x1
 1192 0455 86       		.byte	0x86
 1193 0456 53000000 		.4byte	0x53
 1194 045a 02       		.uleb128 0x2
 1195 045b 91       		.byte	0x91
 1196 045c 64       		.sleb128 -28
 1197 045d 15       		.uleb128 0x15
 1198 045e 3F030000 		.4byte	.LASF20
 1199 0462 01       		.byte	0x1
 1200 0463 88       		.byte	0x88
 1201 0464 B9000000 		.4byte	0xb9
 1202 0468 02       		.uleb128 0x2
 1203 0469 91       		.byte	0x91
 1204 046a 77       		.sleb128 -9
 1205 046b 15       		.uleb128 0x15
 1206 046c 70020000 		.4byte	.LASF60
 1207 0470 01       		.byte	0x1
 1208 0471 89       		.byte	0x89
 1209 0472 5B010000 		.4byte	0x15b
 1210 0476 02       		.uleb128 0x2
 1211 0477 91       		.byte	0x91
 1212 0478 70       		.sleb128 -16
 1213 0479 00       		.byte	0
 1214 047a 16       		.uleb128 0x16
 1215 047b 1D040000 		.4byte	.LASF64
 1216 047f 01       		.byte	0x1
 1217 0480 AB       		.byte	0xab
 1218 0481 00000000 		.4byte	.LFB69
 1219 0485 16000000 		.4byte	.LFE69-.LFB69
 1220 0489 01       		.uleb128 0x1
 1221 048a 9C       		.byte	0x9c
 1222 048b 16       		.uleb128 0x16
 1223 048c CF010000 		.4byte	.LASF65
 1224 0490 01       		.byte	0x1
 1225 0491 B4       		.byte	0xb4
 1226 0492 00000000 		.4byte	.LFB70
 1227 0496 2E000000 		.4byte	.LFE70-.LFB70
 1228 049a 01       		.uleb128 0x1
 1229 049b 9C       		.byte	0x9c
 1230 049c 17       		.uleb128 0x17
 1231 049d 40000000 		.4byte	.LASF87
 1232 04a1 01       		.byte	0x1
 1233 04a2 C2       		.byte	0xc2
 1234 04a3 40010000 		.4byte	0x140
ARM GAS  C:\Users\hail\AppData\Local\Temp\ccFzGj9W.s 			page 27


 1235 04a7 00000000 		.4byte	.LFB71
 1236 04ab 20010000 		.4byte	.LFE71-.LFB71
 1237 04af 01       		.uleb128 0x1
 1238 04b0 9C       		.byte	0x9c
 1239 04b1 E3040000 		.4byte	0x4e3
 1240 04b5 15       		.uleb128 0x15
 1241 04b6 99030000 		.4byte	.LASF66
 1242 04ba 01       		.byte	0x1
 1243 04bb C5       		.byte	0xc5
 1244 04bc 40010000 		.4byte	0x140
 1245 04c0 03       		.uleb128 0x3
 1246 04c1 91       		.byte	0x91
 1247 04c2 E47C     		.sleb128 -412
 1248 04c4 15       		.uleb128 0x15
 1249 04c5 F4000000 		.4byte	.LASF67
 1250 04c9 01       		.byte	0x1
 1251 04ca C9       		.byte	0xc9
 1252 04cb E3040000 		.4byte	0x4e3
 1253 04cf 03       		.uleb128 0x3
 1254 04d0 91       		.byte	0x91
 1255 04d1 D87C     		.sleb128 -424
 1256 04d3 15       		.uleb128 0x15
 1257 04d4 14040000 		.4byte	.LASF56
 1258 04d8 01       		.byte	0x1
 1259 04d9 CA       		.byte	0xca
 1260 04da F3040000 		.4byte	0x4f3
 1261 04de 03       		.uleb128 0x3
 1262 04df 91       		.byte	0x91
 1263 04e0 CC7C     		.sleb128 -436
 1264 04e2 00       		.byte	0
 1265 04e3 08       		.uleb128 0x8
 1266 04e4 8C000000 		.4byte	0x8c
 1267 04e8 F3040000 		.4byte	0x4f3
 1268 04ec 09       		.uleb128 0x9
 1269 04ed 7F000000 		.4byte	0x7f
 1270 04f1 09       		.byte	0x9
 1271 04f2 00       		.byte	0
 1272 04f3 08       		.uleb128 0x8
 1273 04f4 8C000000 		.4byte	0x8c
 1274 04f8 03050000 		.4byte	0x503
 1275 04fc 09       		.uleb128 0x9
 1276 04fd 7F000000 		.4byte	0x7f
 1277 0501 08       		.byte	0x8
 1278 0502 00       		.byte	0
 1279 0503 18       		.uleb128 0x18
 1280 0504 D5030000 		.4byte	.LASF68
 1281 0508 0A       		.byte	0xa
 1282 0509 1207     		.2byte	0x712
 1283 050b 0F050000 		.4byte	0x50f
 1284 050f 19       		.uleb128 0x19
 1285 0510 AE000000 		.4byte	0xae
 1286 0514 1A       		.uleb128 0x1a
 1287 0515 31020000 		.4byte	.LASF69
 1288 0519 07       		.byte	0x7
 1289 051a 16       		.byte	0x16
 1290 051b B9000000 		.4byte	0xb9
 1291 051f 05       		.uleb128 0x5
ARM GAS  C:\Users\hail\AppData\Local\Temp\ccFzGj9W.s 			page 28


 1292 0520 03       		.byte	0x3
 1293 0521 00000000 		.4byte	modem_state
 1294 0525 1A       		.uleb128 0x1a
 1295 0526 1A020000 		.4byte	.LASF70
 1296 052a 07       		.byte	0x7
 1297 052b 55       		.byte	0x55
 1298 052c D1000000 		.4byte	0xd1
 1299 0530 05       		.uleb128 0x5
 1300 0531 03       		.byte	0x3
 1301 0532 00000000 		.4byte	modem_start_time_stamp
 1302 0536 1A       		.uleb128 0x1a
 1303 0537 C4010000 		.4byte	.LASF43
 1304 053b 07       		.byte	0x7
 1305 053c 56       		.byte	0x56
 1306 053d 9E010000 		.4byte	0x19e
 1307 0541 05       		.uleb128 0x5
 1308 0542 03       		.byte	0x3
 1309 0543 00000000 		.4byte	modem_info
 1310 0547 1A       		.uleb128 0x1a
 1311 0548 E6020000 		.4byte	.LASF71
 1312 054c 07       		.byte	0x7
 1313 054d 57       		.byte	0x57
 1314 054e 12020000 		.4byte	0x212
 1315 0552 05       		.uleb128 0x5
 1316 0553 03       		.byte	0x3
 1317 0554 00000000 		.4byte	modem_stats
 1318 0558 1A       		.uleb128 0x1a
 1319 0559 29040000 		.4byte	.LASF72
 1320 055d 07       		.byte	0x7
 1321 055e 58       		.byte	0x58
 1322 055f 4A020000 		.4byte	0x24a
 1323 0563 05       		.uleb128 0x5
 1324 0564 03       		.byte	0x3
 1325 0565 00000000 		.4byte	updatable_parameters
 1326 0569 1A       		.uleb128 0x1a
 1327 056a 1C010000 		.4byte	.LASF73
 1328 056e 08       		.byte	0x8
 1329 056f 1D       		.byte	0x1d
 1330 0570 C5000000 		.4byte	0xc5
 1331 0574 05       		.uleb128 0x5
 1332 0575 03       		.byte	0x3
 1333 0576 00000000 		.4byte	dataPointsInStack
 1334 057a 1A       		.uleb128 0x1a
 1335 057b 6C010000 		.4byte	.LASF74
 1336 057f 08       		.byte	0x8
 1337 0580 1E       		.byte	0x1e
 1338 0581 C5000000 		.4byte	0xc5
 1339 0585 05       		.uleb128 0x5
 1340 0586 03       		.byte	0x3
 1341 0587 00000000 		.4byte	dataPointsInStackDesired
 1342 058b 08       		.uleb128 0x8
 1343 058c 82020000 		.4byte	0x282
 1344 0590 9B050000 		.4byte	0x59b
 1345 0594 09       		.uleb128 0x9
 1346 0595 7F000000 		.4byte	0x7f
 1347 0599 95       		.byte	0x95
 1348 059a 00       		.byte	0
ARM GAS  C:\Users\hail\AppData\Local\Temp\ccFzGj9W.s 			page 29


 1349 059b 1A       		.uleb128 0x1a
 1350 059c F4000000 		.4byte	.LASF67
 1351 05a0 08       		.byte	0x8
 1352 05a1 1F       		.byte	0x1f
 1353 05a2 8B050000 		.4byte	0x58b
 1354 05a6 05       		.uleb128 0x5
 1355 05a7 03       		.byte	0x3
 1356 05a8 00000000 		.4byte	data
 1357 05ac 08       		.uleb128 0x8
 1358 05ad 8C000000 		.4byte	0x8c
 1359 05b1 BD050000 		.4byte	0x5bd
 1360 05b5 1B       		.uleb128 0x1b
 1361 05b6 7F000000 		.4byte	0x7f
 1362 05ba 0F27     		.2byte	0x270f
 1363 05bc 00       		.byte	0
 1364 05bd 1A       		.uleb128 0x1a
 1365 05be 60040000 		.4byte	.LASF75
 1366 05c2 09       		.byte	0x9
 1367 05c3 15       		.byte	0x15
 1368 05c4 AC050000 		.4byte	0x5ac
 1369 05c8 05       		.uleb128 0x5
 1370 05c9 03       		.byte	0x3
 1371 05ca 00000000 		.4byte	http_request
 1372 05ce 1A       		.uleb128 0x1a
 1373 05cf 4C040000 		.4byte	.LASF76
 1374 05d3 09       		.byte	0x9
 1375 05d4 16       		.byte	0x16
 1376 05d5 AC050000 		.4byte	0x5ac
 1377 05d9 05       		.uleb128 0x5
 1378 05da 03       		.byte	0x3
 1379 05db 00000000 		.4byte	http_body
 1380 05df 08       		.uleb128 0x8
 1381 05e0 8C000000 		.4byte	0x8c
 1382 05e4 EF050000 		.4byte	0x5ef
 1383 05e8 09       		.uleb128 0x9
 1384 05e9 7F000000 		.4byte	0x7f
 1385 05ed C7       		.byte	0xc7
 1386 05ee 00       		.byte	0
 1387 05ef 1A       		.uleb128 0x1a
 1388 05f0 A3030000 		.4byte	.LASF77
 1389 05f4 09       		.byte	0x9
 1390 05f5 17       		.byte	0x17
 1391 05f6 DF050000 		.4byte	0x5df
 1392 05fa 05       		.uleb128 0x5
 1393 05fb 03       		.byte	0x3
 1394 05fc 00000000 		.4byte	http_route
 1395 0600 1A       		.uleb128 0x1a
 1396 0601 4E030000 		.4byte	.LASF78
 1397 0605 09       		.byte	0x9
 1398 0606 3E       		.byte	0x3e
 1399 0607 B4020000 		.4byte	0x2b4
 1400 060b 05       		.uleb128 0x5
 1401 060c 03       		.byte	0x3
 1402 060d 00000000 		.4byte	system_info
 1403 0611 1A       		.uleb128 0x1a
 1404 0612 60020000 		.4byte	.LASF79
 1405 0616 09       		.byte	0x9
ARM GAS  C:\Users\hail\AppData\Local\Temp\ccFzGj9W.s 			page 30


 1406 0617 50       		.byte	0x50
 1407 0618 32030000 		.4byte	0x332
 1408 061c 05       		.uleb128 0x5
 1409 061d 03       		.byte	0x3
 1410 061e 00000000 		.4byte	system_settings
 1411 0622 1A       		.uleb128 0x1a
 1412 0623 55000000 		.4byte	.LASF80
 1413 0627 01       		.byte	0x1
 1414 0628 0D       		.byte	0xd
 1415 0629 E3040000 		.4byte	0x4e3
 1416 062d 05       		.uleb128 0x5
 1417 062e 03       		.byte	0x3
 1418 062f 00000000 		.4byte	SD_dir
 1419 0633 08       		.uleb128 0x8
 1420 0634 8C000000 		.4byte	0x8c
 1421 0638 44060000 		.4byte	0x644
 1422 063c 1B       		.uleb128 0x1b
 1423 063d 7F000000 		.4byte	0x7f
 1424 0641 B70B     		.2byte	0xbb7
 1425 0643 00       		.byte	0
 1426 0644 1A       		.uleb128 0x1a
 1427 0645 46030000 		.4byte	.LASF81
 1428 0649 01       		.byte	0x1
 1429 064a 0E       		.byte	0xe
 1430 064b 33060000 		.4byte	0x633
 1431 064f 05       		.uleb128 0x5
 1432 0650 03       		.byte	0x3
 1433 0651 00000000 		.4byte	SD_body
 1434 0655 08       		.uleb128 0x8
 1435 0656 8C000000 		.4byte	0x8c
 1436 065a 65060000 		.4byte	0x665
 1437 065e 09       		.uleb128 0x9
 1438 065f 7F000000 		.4byte	0x7f
 1439 0663 1D       		.byte	0x1d
 1440 0664 00       		.byte	0
 1441 0665 1A       		.uleb128 0x1a
 1442 0666 F8030000 		.4byte	.LASF82
 1443 066a 01       		.byte	0x1
 1444 066b 0F       		.byte	0xf
 1445 066c 55060000 		.4byte	0x655
 1446 0670 05       		.uleb128 0x5
 1447 0671 03       		.byte	0x3
 1448 0672 00000000 		.4byte	SD_filename
 1449 0676 08       		.uleb128 0x8
 1450 0677 8C000000 		.4byte	0x8c
 1451 067b 86060000 		.4byte	0x686
 1452 067f 09       		.uleb128 0x9
 1453 0680 7F000000 		.4byte	0x7f
 1454 0684 04       		.byte	0x4
 1455 0685 00       		.byte	0
 1456 0686 1A       		.uleb128 0x1a
 1457 0687 48010000 		.4byte	.LASF83
 1458 068b 01       		.byte	0x1
 1459 068c 10       		.byte	0x10
 1460 068d 76060000 		.4byte	0x676
 1461 0691 05       		.uleb128 0x5
 1462 0692 03       		.byte	0x3
ARM GAS  C:\Users\hail\AppData\Local\Temp\ccFzGj9W.s 			page 31


 1463 0693 00000000 		.4byte	SD_filemode
 1464 0697 00       		.byte	0
 1465              		.section	.debug_abbrev,"",%progbits
 1466              	.Ldebug_abbrev0:
 1467 0000 01       		.uleb128 0x1
 1468 0001 11       		.uleb128 0x11
 1469 0002 01       		.byte	0x1
 1470 0003 25       		.uleb128 0x25
 1471 0004 0E       		.uleb128 0xe
 1472 0005 13       		.uleb128 0x13
 1473 0006 0B       		.uleb128 0xb
 1474 0007 03       		.uleb128 0x3
 1475 0008 0E       		.uleb128 0xe
 1476 0009 1B       		.uleb128 0x1b
 1477 000a 0E       		.uleb128 0xe
 1478 000b 55       		.uleb128 0x55
 1479 000c 17       		.uleb128 0x17
 1480 000d 11       		.uleb128 0x11
 1481 000e 01       		.uleb128 0x1
 1482 000f 10       		.uleb128 0x10
 1483 0010 17       		.uleb128 0x17
 1484 0011 00       		.byte	0
 1485 0012 00       		.byte	0
 1486 0013 02       		.uleb128 0x2
 1487 0014 24       		.uleb128 0x24
 1488 0015 00       		.byte	0
 1489 0016 0B       		.uleb128 0xb
 1490 0017 0B       		.uleb128 0xb
 1491 0018 3E       		.uleb128 0x3e
 1492 0019 0B       		.uleb128 0xb
 1493 001a 03       		.uleb128 0x3
 1494 001b 0E       		.uleb128 0xe
 1495 001c 00       		.byte	0
 1496 001d 00       		.byte	0
 1497 001e 03       		.uleb128 0x3
 1498 001f 16       		.uleb128 0x16
 1499 0020 00       		.byte	0
 1500 0021 03       		.uleb128 0x3
 1501 0022 0E       		.uleb128 0xe
 1502 0023 3A       		.uleb128 0x3a
 1503 0024 0B       		.uleb128 0xb
 1504 0025 3B       		.uleb128 0x3b
 1505 0026 0B       		.uleb128 0xb
 1506 0027 49       		.uleb128 0x49
 1507 0028 13       		.uleb128 0x13
 1508 0029 00       		.byte	0
 1509 002a 00       		.byte	0
 1510 002b 04       		.uleb128 0x4
 1511 002c 24       		.uleb128 0x24
 1512 002d 00       		.byte	0
 1513 002e 0B       		.uleb128 0xb
 1514 002f 0B       		.uleb128 0xb
 1515 0030 3E       		.uleb128 0x3e
 1516 0031 0B       		.uleb128 0xb
 1517 0032 03       		.uleb128 0x3
 1518 0033 08       		.uleb128 0x8
 1519 0034 00       		.byte	0
ARM GAS  C:\Users\hail\AppData\Local\Temp\ccFzGj9W.s 			page 32


 1520 0035 00       		.byte	0
 1521 0036 05       		.uleb128 0x5
 1522 0037 0F       		.uleb128 0xf
 1523 0038 00       		.byte	0
 1524 0039 0B       		.uleb128 0xb
 1525 003a 0B       		.uleb128 0xb
 1526 003b 00       		.byte	0
 1527 003c 00       		.byte	0
 1528 003d 06       		.uleb128 0x6
 1529 003e 0F       		.uleb128 0xf
 1530 003f 00       		.byte	0
 1531 0040 0B       		.uleb128 0xb
 1532 0041 0B       		.uleb128 0xb
 1533 0042 49       		.uleb128 0x49
 1534 0043 13       		.uleb128 0x13
 1535 0044 00       		.byte	0
 1536 0045 00       		.byte	0
 1537 0046 07       		.uleb128 0x7
 1538 0047 26       		.uleb128 0x26
 1539 0048 00       		.byte	0
 1540 0049 49       		.uleb128 0x49
 1541 004a 13       		.uleb128 0x13
 1542 004b 00       		.byte	0
 1543 004c 00       		.byte	0
 1544 004d 08       		.uleb128 0x8
 1545 004e 01       		.uleb128 0x1
 1546 004f 01       		.byte	0x1
 1547 0050 49       		.uleb128 0x49
 1548 0051 13       		.uleb128 0x13
 1549 0052 01       		.uleb128 0x1
 1550 0053 13       		.uleb128 0x13
 1551 0054 00       		.byte	0
 1552 0055 00       		.byte	0
 1553 0056 09       		.uleb128 0x9
 1554 0057 21       		.uleb128 0x21
 1555 0058 00       		.byte	0
 1556 0059 49       		.uleb128 0x49
 1557 005a 13       		.uleb128 0x13
 1558 005b 2F       		.uleb128 0x2f
 1559 005c 0B       		.uleb128 0xb
 1560 005d 00       		.byte	0
 1561 005e 00       		.byte	0
 1562 005f 0A       		.uleb128 0xa
 1563 0060 16       		.uleb128 0x16
 1564 0061 00       		.byte	0
 1565 0062 03       		.uleb128 0x3
 1566 0063 0E       		.uleb128 0xe
 1567 0064 3A       		.uleb128 0x3a
 1568 0065 0B       		.uleb128 0xb
 1569 0066 3B       		.uleb128 0x3b
 1570 0067 05       		.uleb128 0x5
 1571 0068 49       		.uleb128 0x49
 1572 0069 13       		.uleb128 0x13
 1573 006a 00       		.byte	0
 1574 006b 00       		.byte	0
 1575 006c 0B       		.uleb128 0xb
 1576 006d 26       		.uleb128 0x26
ARM GAS  C:\Users\hail\AppData\Local\Temp\ccFzGj9W.s 			page 33


 1577 006e 00       		.byte	0
 1578 006f 00       		.byte	0
 1579 0070 00       		.byte	0
 1580 0071 0C       		.uleb128 0xc
 1581 0072 13       		.uleb128 0x13
 1582 0073 01       		.byte	0x1
 1583 0074 0B       		.uleb128 0xb
 1584 0075 05       		.uleb128 0x5
 1585 0076 3A       		.uleb128 0x3a
 1586 0077 0B       		.uleb128 0xb
 1587 0078 3B       		.uleb128 0x3b
 1588 0079 0B       		.uleb128 0xb
 1589 007a 01       		.uleb128 0x1
 1590 007b 13       		.uleb128 0x13
 1591 007c 00       		.byte	0
 1592 007d 00       		.byte	0
 1593 007e 0D       		.uleb128 0xd
 1594 007f 0D       		.uleb128 0xd
 1595 0080 00       		.byte	0
 1596 0081 03       		.uleb128 0x3
 1597 0082 0E       		.uleb128 0xe
 1598 0083 3A       		.uleb128 0x3a
 1599 0084 0B       		.uleb128 0xb
 1600 0085 3B       		.uleb128 0x3b
 1601 0086 0B       		.uleb128 0xb
 1602 0087 49       		.uleb128 0x49
 1603 0088 13       		.uleb128 0x13
 1604 0089 38       		.uleb128 0x38
 1605 008a 0B       		.uleb128 0xb
 1606 008b 00       		.byte	0
 1607 008c 00       		.byte	0
 1608 008d 0E       		.uleb128 0xe
 1609 008e 13       		.uleb128 0x13
 1610 008f 00       		.byte	0
 1611 0090 03       		.uleb128 0x3
 1612 0091 0E       		.uleb128 0xe
 1613 0092 3C       		.uleb128 0x3c
 1614 0093 19       		.uleb128 0x19
 1615 0094 00       		.byte	0
 1616 0095 00       		.byte	0
 1617 0096 0F       		.uleb128 0xf
 1618 0097 13       		.uleb128 0x13
 1619 0098 01       		.byte	0x1
 1620 0099 0B       		.uleb128 0xb
 1621 009a 0B       		.uleb128 0xb
 1622 009b 3A       		.uleb128 0x3a
 1623 009c 0B       		.uleb128 0xb
 1624 009d 3B       		.uleb128 0x3b
 1625 009e 0B       		.uleb128 0xb
 1626 009f 01       		.uleb128 0x1
 1627 00a0 13       		.uleb128 0x13
 1628 00a1 00       		.byte	0
 1629 00a2 00       		.byte	0
 1630 00a3 10       		.uleb128 0x10
 1631 00a4 0D       		.uleb128 0xd
 1632 00a5 00       		.byte	0
 1633 00a6 03       		.uleb128 0x3
ARM GAS  C:\Users\hail\AppData\Local\Temp\ccFzGj9W.s 			page 34


 1634 00a7 08       		.uleb128 0x8
 1635 00a8 3A       		.uleb128 0x3a
 1636 00a9 0B       		.uleb128 0xb
 1637 00aa 3B       		.uleb128 0x3b
 1638 00ab 0B       		.uleb128 0xb
 1639 00ac 49       		.uleb128 0x49
 1640 00ad 13       		.uleb128 0x13
 1641 00ae 38       		.uleb128 0x38
 1642 00af 0B       		.uleb128 0xb
 1643 00b0 00       		.byte	0
 1644 00b1 00       		.byte	0
 1645 00b2 11       		.uleb128 0x11
 1646 00b3 0D       		.uleb128 0xd
 1647 00b4 00       		.byte	0
 1648 00b5 03       		.uleb128 0x3
 1649 00b6 0E       		.uleb128 0xe
 1650 00b7 3A       		.uleb128 0x3a
 1651 00b8 0B       		.uleb128 0xb
 1652 00b9 3B       		.uleb128 0x3b
 1653 00ba 0B       		.uleb128 0xb
 1654 00bb 49       		.uleb128 0x49
 1655 00bc 13       		.uleb128 0x13
 1656 00bd 38       		.uleb128 0x38
 1657 00be 05       		.uleb128 0x5
 1658 00bf 00       		.byte	0
 1659 00c0 00       		.byte	0
 1660 00c1 12       		.uleb128 0x12
 1661 00c2 2E       		.uleb128 0x2e
 1662 00c3 00       		.byte	0
 1663 00c4 3F       		.uleb128 0x3f
 1664 00c5 19       		.uleb128 0x19
 1665 00c6 03       		.uleb128 0x3
 1666 00c7 0E       		.uleb128 0xe
 1667 00c8 3A       		.uleb128 0x3a
 1668 00c9 0B       		.uleb128 0xb
 1669 00ca 3B       		.uleb128 0x3b
 1670 00cb 0B       		.uleb128 0xb
 1671 00cc 11       		.uleb128 0x11
 1672 00cd 01       		.uleb128 0x1
 1673 00ce 12       		.uleb128 0x12
 1674 00cf 06       		.uleb128 0x6
 1675 00d0 40       		.uleb128 0x40
 1676 00d1 18       		.uleb128 0x18
 1677 00d2 9742     		.uleb128 0x2117
 1678 00d4 19       		.uleb128 0x19
 1679 00d5 00       		.byte	0
 1680 00d6 00       		.byte	0
 1681 00d7 13       		.uleb128 0x13
 1682 00d8 2E       		.uleb128 0x2e
 1683 00d9 01       		.byte	0x1
 1684 00da 3F       		.uleb128 0x3f
 1685 00db 19       		.uleb128 0x19
 1686 00dc 03       		.uleb128 0x3
 1687 00dd 0E       		.uleb128 0xe
 1688 00de 3A       		.uleb128 0x3a
 1689 00df 0B       		.uleb128 0xb
 1690 00e0 3B       		.uleb128 0x3b
ARM GAS  C:\Users\hail\AppData\Local\Temp\ccFzGj9W.s 			page 35


 1691 00e1 0B       		.uleb128 0xb
 1692 00e2 27       		.uleb128 0x27
 1693 00e3 19       		.uleb128 0x19
 1694 00e4 49       		.uleb128 0x49
 1695 00e5 13       		.uleb128 0x13
 1696 00e6 11       		.uleb128 0x11
 1697 00e7 01       		.uleb128 0x1
 1698 00e8 12       		.uleb128 0x12
 1699 00e9 06       		.uleb128 0x6
 1700 00ea 40       		.uleb128 0x40
 1701 00eb 18       		.uleb128 0x18
 1702 00ec 9642     		.uleb128 0x2116
 1703 00ee 19       		.uleb128 0x19
 1704 00ef 01       		.uleb128 0x1
 1705 00f0 13       		.uleb128 0x13
 1706 00f1 00       		.byte	0
 1707 00f2 00       		.byte	0
 1708 00f3 14       		.uleb128 0x14
 1709 00f4 05       		.uleb128 0x5
 1710 00f5 00       		.byte	0
 1711 00f6 03       		.uleb128 0x3
 1712 00f7 0E       		.uleb128 0xe
 1713 00f8 3A       		.uleb128 0x3a
 1714 00f9 0B       		.uleb128 0xb
 1715 00fa 3B       		.uleb128 0x3b
 1716 00fb 0B       		.uleb128 0xb
 1717 00fc 49       		.uleb128 0x49
 1718 00fd 13       		.uleb128 0x13
 1719 00fe 02       		.uleb128 0x2
 1720 00ff 18       		.uleb128 0x18
 1721 0100 00       		.byte	0
 1722 0101 00       		.byte	0
 1723 0102 15       		.uleb128 0x15
 1724 0103 34       		.uleb128 0x34
 1725 0104 00       		.byte	0
 1726 0105 03       		.uleb128 0x3
 1727 0106 0E       		.uleb128 0xe
 1728 0107 3A       		.uleb128 0x3a
 1729 0108 0B       		.uleb128 0xb
 1730 0109 3B       		.uleb128 0x3b
 1731 010a 0B       		.uleb128 0xb
 1732 010b 49       		.uleb128 0x49
 1733 010c 13       		.uleb128 0x13
 1734 010d 02       		.uleb128 0x2
 1735 010e 18       		.uleb128 0x18
 1736 010f 00       		.byte	0
 1737 0110 00       		.byte	0
 1738 0111 16       		.uleb128 0x16
 1739 0112 2E       		.uleb128 0x2e
 1740 0113 00       		.byte	0
 1741 0114 3F       		.uleb128 0x3f
 1742 0115 19       		.uleb128 0x19
 1743 0116 03       		.uleb128 0x3
 1744 0117 0E       		.uleb128 0xe
 1745 0118 3A       		.uleb128 0x3a
 1746 0119 0B       		.uleb128 0xb
 1747 011a 3B       		.uleb128 0x3b
ARM GAS  C:\Users\hail\AppData\Local\Temp\ccFzGj9W.s 			page 36


 1748 011b 0B       		.uleb128 0xb
 1749 011c 11       		.uleb128 0x11
 1750 011d 01       		.uleb128 0x1
 1751 011e 12       		.uleb128 0x12
 1752 011f 06       		.uleb128 0x6
 1753 0120 40       		.uleb128 0x40
 1754 0121 18       		.uleb128 0x18
 1755 0122 9642     		.uleb128 0x2116
 1756 0124 19       		.uleb128 0x19
 1757 0125 00       		.byte	0
 1758 0126 00       		.byte	0
 1759 0127 17       		.uleb128 0x17
 1760 0128 2E       		.uleb128 0x2e
 1761 0129 01       		.byte	0x1
 1762 012a 3F       		.uleb128 0x3f
 1763 012b 19       		.uleb128 0x19
 1764 012c 03       		.uleb128 0x3
 1765 012d 0E       		.uleb128 0xe
 1766 012e 3A       		.uleb128 0x3a
 1767 012f 0B       		.uleb128 0xb
 1768 0130 3B       		.uleb128 0x3b
 1769 0131 0B       		.uleb128 0xb
 1770 0132 49       		.uleb128 0x49
 1771 0133 13       		.uleb128 0x13
 1772 0134 11       		.uleb128 0x11
 1773 0135 01       		.uleb128 0x1
 1774 0136 12       		.uleb128 0x12
 1775 0137 06       		.uleb128 0x6
 1776 0138 40       		.uleb128 0x40
 1777 0139 18       		.uleb128 0x18
 1778 013a 9642     		.uleb128 0x2116
 1779 013c 19       		.uleb128 0x19
 1780 013d 01       		.uleb128 0x1
 1781 013e 13       		.uleb128 0x13
 1782 013f 00       		.byte	0
 1783 0140 00       		.byte	0
 1784 0141 18       		.uleb128 0x18
 1785 0142 34       		.uleb128 0x34
 1786 0143 00       		.byte	0
 1787 0144 03       		.uleb128 0x3
 1788 0145 0E       		.uleb128 0xe
 1789 0146 3A       		.uleb128 0x3a
 1790 0147 0B       		.uleb128 0xb
 1791 0148 3B       		.uleb128 0x3b
 1792 0149 05       		.uleb128 0x5
 1793 014a 49       		.uleb128 0x49
 1794 014b 13       		.uleb128 0x13
 1795 014c 3F       		.uleb128 0x3f
 1796 014d 19       		.uleb128 0x19
 1797 014e 3C       		.uleb128 0x3c
 1798 014f 19       		.uleb128 0x19
 1799 0150 00       		.byte	0
 1800 0151 00       		.byte	0
 1801 0152 19       		.uleb128 0x19
 1802 0153 35       		.uleb128 0x35
 1803 0154 00       		.byte	0
 1804 0155 49       		.uleb128 0x49
ARM GAS  C:\Users\hail\AppData\Local\Temp\ccFzGj9W.s 			page 37


 1805 0156 13       		.uleb128 0x13
 1806 0157 00       		.byte	0
 1807 0158 00       		.byte	0
 1808 0159 1A       		.uleb128 0x1a
 1809 015a 34       		.uleb128 0x34
 1810 015b 00       		.byte	0
 1811 015c 03       		.uleb128 0x3
 1812 015d 0E       		.uleb128 0xe
 1813 015e 3A       		.uleb128 0x3a
 1814 015f 0B       		.uleb128 0xb
 1815 0160 3B       		.uleb128 0x3b
 1816 0161 0B       		.uleb128 0xb
 1817 0162 49       		.uleb128 0x49
 1818 0163 13       		.uleb128 0x13
 1819 0164 3F       		.uleb128 0x3f
 1820 0165 19       		.uleb128 0x19
 1821 0166 02       		.uleb128 0x2
 1822 0167 18       		.uleb128 0x18
 1823 0168 00       		.byte	0
 1824 0169 00       		.byte	0
 1825 016a 1B       		.uleb128 0x1b
 1826 016b 21       		.uleb128 0x21
 1827 016c 00       		.byte	0
 1828 016d 49       		.uleb128 0x49
 1829 016e 13       		.uleb128 0x13
 1830 016f 2F       		.uleb128 0x2f
 1831 0170 05       		.uleb128 0x5
 1832 0171 00       		.byte	0
 1833 0172 00       		.byte	0
 1834 0173 00       		.byte	0
 1835              		.section	.debug_aranges,"",%progbits
 1836 0000 54000000 		.4byte	0x54
 1837 0004 0200     		.2byte	0x2
 1838 0006 00000000 		.4byte	.Ldebug_info0
 1839 000a 04       		.byte	0x4
 1840 000b 00       		.byte	0
 1841 000c 0000     		.2byte	0
 1842 000e 0000     		.2byte	0
 1843 0010 00000000 		.4byte	.LFB64
 1844 0014 0C000000 		.4byte	.LFE64-.LFB64
 1845 0018 00000000 		.4byte	.LFB65
 1846 001c 40000000 		.4byte	.LFE65-.LFB65
 1847 0020 00000000 		.4byte	.LFB66
 1848 0024 2C000000 		.4byte	.LFE66-.LFB66
 1849 0028 00000000 		.4byte	.LFB67
 1850 002c 6C000000 		.4byte	.LFE67-.LFB67
 1851 0030 00000000 		.4byte	.LFB68
 1852 0034 68000000 		.4byte	.LFE68-.LFB68
 1853 0038 00000000 		.4byte	.LFB69
 1854 003c 16000000 		.4byte	.LFE69-.LFB69
 1855 0040 00000000 		.4byte	.LFB70
 1856 0044 2E000000 		.4byte	.LFE70-.LFB70
 1857 0048 00000000 		.4byte	.LFB71
 1858 004c 20010000 		.4byte	.LFE71-.LFB71
 1859 0050 00000000 		.4byte	0
 1860 0054 00000000 		.4byte	0
 1861              		.section	.debug_ranges,"",%progbits
ARM GAS  C:\Users\hail\AppData\Local\Temp\ccFzGj9W.s 			page 38


 1862              	.Ldebug_ranges0:
 1863 0000 00000000 		.4byte	.LFB64
 1864 0004 0C000000 		.4byte	.LFE64
 1865 0008 00000000 		.4byte	.LFB65
 1866 000c 40000000 		.4byte	.LFE65
 1867 0010 00000000 		.4byte	.LFB66
 1868 0014 2C000000 		.4byte	.LFE66
 1869 0018 00000000 		.4byte	.LFB67
 1870 001c 6C000000 		.4byte	.LFE67
 1871 0020 00000000 		.4byte	.LFB68
 1872 0024 68000000 		.4byte	.LFE68
 1873 0028 00000000 		.4byte	.LFB69
 1874 002c 16000000 		.4byte	.LFE69
 1875 0030 00000000 		.4byte	.LFB70
 1876 0034 2E000000 		.4byte	.LFE70
 1877 0038 00000000 		.4byte	.LFB71
 1878 003c 20010000 		.4byte	.LFE71
 1879 0040 00000000 		.4byte	0
 1880 0044 00000000 		.4byte	0
 1881              		.section	.debug_line,"",%progbits
 1882              	.Ldebug_line0:
 1883 0000 77020000 		.section	.debug_str,"MS",%progbits,1
 1883      0200B001 
 1883      00000201 
 1883      FB0E0D00 
 1883      01010101 
 1884              	.LASF25:
 1885 0000 6D6F6465 		.ascii	"model_id\000"
 1885      6C5F6964 
 1885      00
 1886              	.LASF24:
 1887 0009 73696D5F 		.ascii	"sim_id\000"
 1887      696400
 1888              	.LASF61:
 1889 0010 53445F72 		.ascii	"SD_read\000"
 1889      65616400 
 1890              	.LASF52:
 1891 0018 7379735F 		.ascii	"sys_settings_t\000"
 1891      73657474 
 1891      696E6773 
 1891      5F7400
 1892              	.LASF59:
 1893 0027 70446174 		.ascii	"pData\000"
 1893      6100
 1894              	.LASF2:
 1895 002d 73686F72 		.ascii	"short int\000"
 1895      7420696E 
 1895      7400
 1896              	.LASF10:
 1897 0037 73697A65 		.ascii	"sizetype\000"
 1897      74797065 
 1897      00
 1898              	.LASF87:
 1899 0040 53445F63 		.ascii	"SD_card_test\000"
 1899      6172645F 
 1899      74657374 
 1899      00
ARM GAS  C:\Users\hail\AppData\Local\Temp\ccFzGj9W.s 			page 39


 1900              	.LASF47:
 1901 004d 65705F68 		.ascii	"ep_host\000"
 1901      6F737400 
 1902              	.LASF80:
 1903 0055 53445F64 		.ascii	"SD_dir\000"
 1903      697200
 1904              	.LASF85:
 1905 005c 73645F63 		.ascii	"sd_card.c\000"
 1905      6172642E 
 1905      6300
 1906              	.LASF84:
 1907 0066 474E5520 		.ascii	"GNU C11 5.4.1 20160609 (release) [ARM/embedded-5-br"
 1907      43313120 
 1907      352E342E 
 1907      31203230 
 1907      31363036 
 1908 0099 616E6368 		.ascii	"anch revision 237715] -mcpu=cortex-m3 -mthumb -g -O"
 1908      20726576 
 1908      6973696F 
 1908      6E203233 
 1908      37373135 
 1909 00cc 30202D66 		.ascii	"0 -ffunction-sections -ffat-lto-objects\000"
 1909      66756E63 
 1909      74696F6E 
 1909      2D736563 
 1909      74696F6E 
 1910              	.LASF67:
 1911 00f4 64617461 		.ascii	"data\000"
 1911      00
 1912              	.LASF44:
 1913 00f9 63686970 		.ascii	"chip_uniqueId\000"
 1913      5F756E69 
 1913      71756549 
 1913      6400
 1914              	.LASF30:
 1915 0107 65636E6F 		.ascii	"ecno\000"
 1915      00
 1916              	.LASF62:
 1917 010c 4E756D42 		.ascii	"NumBytes\000"
 1917      79746573 
 1917      00
 1918              	.LASF15:
 1919 0115 75696E74 		.ascii	"uint16\000"
 1919      313600
 1920              	.LASF73:
 1921 011c 64617461 		.ascii	"dataPointsInStack\000"
 1921      506F696E 
 1921      7473496E 
 1921      53746163 
 1921      6B00
 1922              	.LASF14:
 1923 012e 75696E74 		.ascii	"uint8\000"
 1923      3800
 1924              	.LASF51:
 1925 0134 65705F64 		.ascii	"ep_database\000"
 1925      61746162 
 1925      61736500 
ARM GAS  C:\Users\hail\AppData\Local\Temp\ccFzGj9W.s 			page 40


 1926              	.LASF49:
 1927 0140 65705F75 		.ascii	"ep_user\000"
 1927      73657200 
 1928              	.LASF83:
 1929 0148 53445F66 		.ascii	"SD_filemode\000"
 1929      696C656D 
 1929      6F646500 
 1930              	.LASF32:
 1931 0154 72737270 		.ascii	"rsrp\000"
 1931      00
 1932              	.LASF41:
 1933 0159 74696D65 		.ascii	"timeStamp\000"
 1933      5374616D 
 1933      7000
 1934              	.LASF53:
 1935 0163 53445F6D 		.ascii	"SD_mkdir\000"
 1935      6B646972 
 1935      00
 1936              	.LASF74:
 1937 016c 64617461 		.ascii	"dataPointsInStackDesired\000"
 1937      506F696E 
 1937      7473496E 
 1937      53746163 
 1937      6B446573 
 1938              	.LASF17:
 1939 0185 666C6F61 		.ascii	"float\000"
 1939      7400
 1940              	.LASF55:
 1941 018b 6469725F 		.ascii	"dir_name\000"
 1941      6E616D65 
 1941      00
 1942              	.LASF6:
 1943 0194 6C6F6E67 		.ascii	"long long int\000"
 1943      206C6F6E 
 1943      6720696E 
 1943      7400
 1944              	.LASF11:
 1945 01a2 63686172 		.ascii	"char\000"
 1945      00
 1946              	.LASF27:
 1947 01a7 6D6F6465 		.ascii	"modem_info_t\000"
 1947      6D5F696E 
 1947      666F5F74 
 1947      00
 1948              	.LASF21:
 1949 01b4 72656173 		.ascii	"reason\000"
 1949      6F6E00
 1950              	.LASF4:
 1951 01bb 6C6F6E67 		.ascii	"long int\000"
 1951      20696E74 
 1951      00
 1952              	.LASF43:
 1953 01c4 6D6F6465 		.ascii	"modem_info\000"
 1953      6D5F696E 
 1953      666F00
 1954              	.LASF65:
 1955 01cf 53445F70 		.ascii	"SD_power_down\000"
ARM GAS  C:\Users\hail\AppData\Local\Temp\ccFzGj9W.s 			page 41


 1955      6F776572 
 1955      5F646F77 
 1955      6E00
 1956              	.LASF57:
 1957 01dd 53445F77 		.ascii	"SD_write\000"
 1957      72697465 
 1957      00
 1958              	.LASF36:
 1959 01e6 6D656173 		.ascii	"measure_time\000"
 1959      7572655F 
 1959      74696D65 
 1959      00
 1960              	.LASF29:
 1961 01f3 72736370 		.ascii	"rscp\000"
 1961      00
 1962              	.LASF9:
 1963 01f8 6C6F6E67 		.ascii	"long double\000"
 1963      20646F75 
 1963      626C6500 
 1964              	.LASF1:
 1965 0204 756E7369 		.ascii	"unsigned char\000"
 1965      676E6564 
 1965      20636861 
 1965      7200
 1966              	.LASF23:
 1967 0212 46535F46 		.ascii	"FS_FILE\000"
 1967      494C4500 
 1968              	.LASF70:
 1969 021a 6D6F6465 		.ascii	"modem_start_time_stamp\000"
 1969      6D5F7374 
 1969      6172745F 
 1969      74696D65 
 1969      5F737461 
 1970              	.LASF69:
 1971 0231 6D6F6465 		.ascii	"modem_state\000"
 1971      6D5F7374 
 1971      61746500 
 1972              	.LASF0:
 1973 023d 7369676E 		.ascii	"signed char\000"
 1973      65642063 
 1973      68617200 
 1974              	.LASF7:
 1975 0249 6C6F6E67 		.ascii	"long long unsigned int\000"
 1975      206C6F6E 
 1975      6720756E 
 1975      7369676E 
 1975      65642069 
 1976              	.LASF79:
 1977 0260 73797374 		.ascii	"system_settings\000"
 1977      656D5F73 
 1977      65747469 
 1977      6E677300 
 1978              	.LASF60:
 1979 0270 7046696C 		.ascii	"pFile\000"
 1979      6500
 1980              	.LASF8:
 1981 0276 756E7369 		.ascii	"unsigned int\000"
ARM GAS  C:\Users\hail\AppData\Local\Temp\ccFzGj9W.s 			page 42


 1981      676E6564 
 1981      20696E74 
 1981      00
 1982              	.LASF42:
 1983 0283 6B65795F 		.ascii	"key_value_t\000"
 1983      76616C75 
 1983      655F7400 
 1984              	.LASF37:
 1985 028f 73796E63 		.ascii	"sync_time\000"
 1985      5F74696D 
 1985      6500
 1986              	.LASF86:
 1987 0299 433A5C55 		.ascii	"C:\\Users\\hail\\Desktop\\Brooke Research\\notoriOS"
 1987      73657273 
 1987      5C686169 
 1987      6C5C4465 
 1987      736B746F 
 1988 02c7 5C6E6F74 		.ascii	"\\notoriOS\\notoriOS.cydsn\000"
 1988      6F72694F 
 1988      535C6E6F 
 1988      746F7269 
 1988      4F532E63 
 1989              	.LASF58:
 1990 02e0 704D6F64 		.ascii	"pMode\000"
 1990      6500
 1991              	.LASF71:
 1992 02e6 6D6F6465 		.ascii	"modem_stats\000"
 1992      6D5F7374 
 1992      61747300 
 1993              	.LASF39:
 1994 02f2 75706461 		.ascii	"updatable_parameters_t\000"
 1994      7461626C 
 1994      655F7061 
 1994      72616D65 
 1994      74657273 
 1995              	.LASF45:
 1996 0309 7379735F 		.ascii	"sys_info_t\000"
 1996      696E666F 
 1996      5F7400
 1997              	.LASF3:
 1998 0314 73686F72 		.ascii	"short unsigned int\000"
 1998      7420756E 
 1998      7369676E 
 1998      65642069 
 1998      6E7400
 1999              	.LASF33:
 2000 0327 74696D65 		.ascii	"time_to_network_connect\000"
 2000      5F746F5F 
 2000      6E657477 
 2000      6F726B5F 
 2000      636F6E6E 
 2001              	.LASF20:
 2002 033f 73746174 		.ascii	"status\000"
 2002      757300
 2003              	.LASF81:
 2004 0346 53445F62 		.ascii	"SD_body\000"
 2004      6F647900 
ARM GAS  C:\Users\hail\AppData\Local\Temp\ccFzGj9W.s 			page 43


 2005              	.LASF78:
 2006 034e 73797374 		.ascii	"system_info\000"
 2006      656D5F69 
 2006      6E666F00 
 2007              	.LASF34:
 2008 035a 74696D65 		.ascii	"time_to_acquire_ip\000"
 2008      5F746F5F 
 2008      61637175 
 2008      6972655F 
 2008      697000
 2009              	.LASF22:
 2010 036d 74657374 		.ascii	"test_t\000"
 2010      5F7400
 2011              	.LASF26:
 2012 0374 696D6569 		.ascii	"imei\000"
 2012      00
 2013              	.LASF13:
 2014 0379 696E7433 		.ascii	"int32_t\000"
 2014      325F7400 
 2015              	.LASF35:
 2016 0381 6D6F6465 		.ascii	"modem_stats_t\000"
 2016      6D5F7374 
 2016      6174735F 
 2016      7400
 2017              	.LASF19:
 2018 038f 74657374 		.ascii	"test_name\000"
 2018      5F6E616D 
 2018      6500
 2019              	.LASF66:
 2020 0399 74657374 		.ascii	"test\000"
 2020      00
 2021              	.LASF31:
 2022 039e 72737271 		.ascii	"rsrq\000"
 2022      00
 2023              	.LASF77:
 2024 03a3 68747470 		.ascii	"http_route\000"
 2024      5F726F75 
 2024      746500
 2025              	.LASF50:
 2026 03ae 65705F70 		.ascii	"ep_pswd\000"
 2026      73776400 
 2027              	.LASF5:
 2028 03b6 6C6F6E67 		.ascii	"long unsigned int\000"
 2028      20756E73 
 2028      69676E65 
 2028      6420696E 
 2028      7400
 2029              	.LASF16:
 2030 03c8 696E7433 		.ascii	"int32\000"
 2030      3200
 2031              	.LASF18:
 2032 03ce 646F7562 		.ascii	"double\000"
 2032      6C6500
 2033              	.LASF68:
 2034 03d5 49544D5F 		.ascii	"ITM_RxBuffer\000"
 2034      52784275 
 2034      66666572 
ARM GAS  C:\Users\hail\AppData\Local\Temp\ccFzGj9W.s 			page 44


 2034      00
 2035              	.LASF38:
 2036 03e2 64656275 		.ascii	"debug_level\000"
 2036      675F6C65 
 2036      76656C00 
 2037              	.LASF12:
 2038 03ee 5F5F696E 		.ascii	"__int32_t\000"
 2038      7433325F 
 2038      7400
 2039              	.LASF82:
 2040 03f8 53445F66 		.ascii	"SD_filename\000"
 2040      696C656E 
 2040      616D6500 
 2041              	.LASF46:
 2042 0404 6E6F6465 		.ascii	"node_id\000"
 2042      5F696400 
 2043              	.LASF63:
 2044 040c 53445F69 		.ascii	"SD_init\000"
 2044      6E697400 
 2045              	.LASF56:
 2046 0414 66696C65 		.ascii	"fileName\000"
 2046      4E616D65 
 2046      00
 2047              	.LASF64:
 2048 041d 53445F70 		.ascii	"SD_power_up\000"
 2048      6F776572 
 2048      5F757000 
 2049              	.LASF72:
 2050 0429 75706461 		.ascii	"updatable_parameters\000"
 2050      7461626C 
 2050      655F7061 
 2050      72616D65 
 2050      74657273 
 2051              	.LASF48:
 2052 043e 65705F70 		.ascii	"ep_port\000"
 2052      6F727400 
 2053              	.LASF40:
 2054 0446 76616C75 		.ascii	"value\000"
 2054      6500
 2055              	.LASF76:
 2056 044c 68747470 		.ascii	"http_body\000"
 2056      5F626F64 
 2056      7900
 2057              	.LASF54:
 2058 0456 53445F72 		.ascii	"SD_rmfile\000"
 2058      6D66696C 
 2058      6500
 2059              	.LASF75:
 2060 0460 68747470 		.ascii	"http_request\000"
 2060      5F726571 
 2060      75657374 
 2060      00
 2061              	.LASF28:
 2062 046d 72737369 		.ascii	"rssi\000"
 2062      00
 2063              		.ident	"GCC: (GNU Tools for ARM Embedded Processors) 5.4.1 20160609 (release) [ARM/embedded-5-bran
