ARM GAS  C:\Users\klabu\AppData\Local\Temp\ccMC3NgF.s 			page 1


   1              		.syntax unified
   2              		.cpu cortex-m3
   3              		.fpu softvfp
   4              		.eabi_attribute 20, 1
   5              		.eabi_attribute 21, 1
   6              		.eabi_attribute 23, 3
   7              		.eabi_attribute 24, 1
   8              		.eabi_attribute 25, 1
   9              		.eabi_attribute 26, 1
  10              		.eabi_attribute 30, 6
  11              		.eabi_attribute 34, 1
  12              		.eabi_attribute 18, 4
  13              		.thumb
  14              		.syntax unified
  15              		.file	"sontek.c"
  16              		.text
  17              	.Ltext0:
  18              		.cfi_sections	.debug_frame
  19              		.section	.rodata
  20              		.align	2
  21              	.LC28:
  22 0000 3000     		.ascii	"0\000"
  23 0002 0000     		.align	2
  24              	.LC0:
  25 0004 5100     		.ascii	"Q\000"
  26 0006 0000     		.align	2
  27              	.LC1:
  28 0008 73746167 		.ascii	"stage\000"
  28      6500
  29 000e 0000     		.align	2
  30              	.LC2:
  31 0010 765F6D65 		.ascii	"v_mean\000"
  31      616E00
  32 0017 00       		.align	2
  33              	.LC3:
  34 0018 746F7461 		.ascii	"total_vol\000"
  34      6C5F766F 
  34      6C00
  35 0022 0000     		.align	2
  36              	.LC4:
  37 0024 64657074 		.ascii	"depth\000"
  37      6800
  38 002a 0000     		.align	2
  39              	.LC5:
  40 002c 765F696E 		.ascii	"v_index\000"
  40      64657800 
  41              		.align	2
  42              	.LC6:
  43 0034 785F6172 		.ascii	"x_area\000"
  43      656100
  44 003b 00       		.align	2
  45              	.LC7:
  46 003c 5400     		.ascii	"T\000"
  47 003e 0000     		.align	2
  48              	.LC8:
  49 0040 73746174 		.ascii	"stat\000"
  49      00
ARM GAS  C:\Users\klabu\AppData\Local\Temp\ccMC3NgF.s 			page 2


  50 0045 000000   		.align	2
  51              	.LC9:
  52 0048 765F7800 		.ascii	"v_x\000"
  53              		.align	2
  54              	.LC10:
  55 004c 765F7A00 		.ascii	"v_z\000"
  56              		.align	2
  57              	.LC11:
  58 0050 765F785F 		.ascii	"v_x_left\000"
  58      6C656674 
  58      00
  59 0059 000000   		.align	2
  60              	.LC12:
  61 005c 765F785F 		.ascii	"v_x_right\000"
  61      72696768 
  61      7400
  62 0066 0000     		.align	2
  63              	.LC13:
  64 0068 765F6261 		.ascii	"v_bat\000"
  64      7400
  65 006e 0000     		.align	2
  66              	.LC14:
  67 0070 70697463 		.ascii	"pitch\000"
  67      6800
  68 0076 0000     		.align	2
  69              	.LC15:
  70 0078 726F6C6C 		.ascii	"roll\000"
  70      00
  71 007d 000000   		.align	2
  72              	.LC16:
  73 0080 7063745F 		.ascii	"pct_sub\000"
  73      73756200 
  74              		.align	2
  75              	.LC17:
  76 0088 72616E67 		.ascii	"range\000"
  76      6500
  77 008e 0000     		.align	2
  78              	.LC18:
  79 0090 64657074 		.ascii	"depth_adj\000"
  79      685F6164 
  79      6A00
  80 009a 0000     		.align	2
  81              	.LC19:
  82 009c 746F7461 		.ascii	"total_vol_pos\000"
  82      6C5F766F 
  82      6C5F706F 
  82      7300
  83 00aa 0000     		.align	2
  84              	.LC20:
  85 00ac 746F7461 		.ascii	"total_vol_neg\000"
  85      6C5F766F 
  85      6C5F6E65 
  85      6700
  86 00ba 0000     		.align	2
  87              	.LC21:
  88 00bc 656E645F 		.ascii	"end_cell\000"
  88      63656C6C 
ARM GAS  C:\Users\klabu\AppData\Local\Temp\ccMC3NgF.s 			page 3


  88      00
  89 00c5 000000   		.align	2
  90              	.LC22:
  91 00c8 736E7231 		.ascii	"snr1\000"
  91      00
  92 00cd 000000   		.align	2
  93              	.LC23:
  94 00d0 736E7232 		.ascii	"snr2\000"
  94      00
  95 00d5 000000   		.align	2
  96              	.LC24:
  97 00d8 736E7233 		.ascii	"snr3\000"
  97      00
  98 00dd 000000   		.align	2
  99              	.LC25:
 100 00e0 736E7234 		.ascii	"snr4\000"
 100      00
 101 00e5 000000   		.align	2
 102              	.LC29:
 103 00e8 04000000 		.word	.LC0
 104 00ec 08000000 		.word	.LC1
 105 00f0 10000000 		.word	.LC2
 106 00f4 18000000 		.word	.LC3
 107 00f8 24000000 		.word	.LC4
 108 00fc 2C000000 		.word	.LC5
 109 0100 34000000 		.word	.LC6
 110 0104 3C000000 		.word	.LC7
 111 0108 40000000 		.word	.LC8
 112 010c 48000000 		.word	.LC9
 113 0110 4C000000 		.word	.LC10
 114 0114 50000000 		.word	.LC11
 115 0118 5C000000 		.word	.LC12
 116 011c 68000000 		.word	.LC13
 117 0120 70000000 		.word	.LC14
 118 0124 78000000 		.word	.LC15
 119 0128 80000000 		.word	.LC16
 120 012c 88000000 		.word	.LC17
 121 0130 90000000 		.word	.LC18
 122 0134 9C000000 		.word	.LC19
 123 0138 AC000000 		.word	.LC20
 124 013c BC000000 		.word	.LC21
 125 0140 C8000000 		.word	.LC22
 126 0144 D0000000 		.word	.LC23
 127 0148 D8000000 		.word	.LC24
 128 014c E0000000 		.word	.LC25
 129              		.align	2
 130              	.LC27:
 131 0150 000080BF 		.word	-1082130432
 132 0154 000000C0 		.word	-1073741824
 133 0158 000040C0 		.word	-1069547520
 134 015c 000080C0 		.word	-1065353216
 135 0160 0000A0C0 		.word	-1063256064
 136 0164 0000C0C0 		.word	-1061158912
 137 0168 0000E0C0 		.word	-1059061760
 138 016c 000000C1 		.word	-1056964608
 139 0170 000010C1 		.word	-1055916032
 140 0174 000020C1 		.word	-1054867456
ARM GAS  C:\Users\klabu\AppData\Local\Temp\ccMC3NgF.s 			page 4


 141 0178 000030C1 		.word	-1053818880
 142 017c 000040C1 		.word	-1052770304
 143 0180 000050C1 		.word	-1051721728
 144 0184 000060C1 		.word	-1050673152
 145 0188 000070C1 		.word	-1049624576
 146 018c 000080C1 		.word	-1048576000
 147 0190 000088C1 		.word	-1048051712
 148 0194 000090C1 		.word	-1047527424
 149 0198 000098C1 		.word	-1047003136
 150 019c 0000A0C1 		.word	-1046478848
 151 01a0 0000A8C1 		.word	-1045954560
 152 01a4 0000B0C1 		.word	-1045430272
 153 01a8 0000B8C1 		.word	-1044905984
 154 01ac 0000C0C1 		.word	-1044381696
 155 01b0 0000C8C1 		.word	-1043857408
 156 01b4 0000D0C1 		.word	-1043333120
 157              		.section	.text.sontek_take_reading,"ax",%progbits
 158              		.align	2
 159              		.global	sontek_take_reading
 160              		.thumb
 161              		.thumb_func
 162              		.type	sontek_take_reading, %function
 163              	sontek_take_reading:
 164              	.LFB64:
 165              		.file 1 "sontek.c"
   1:sontek.c      **** #include "sontek.h"
   2:sontek.c      **** 
   3:sontek.c      **** //Takes sontek measurements
   4:sontek.c      **** sontek_t sontek_take_reading(){
 166              		.loc 1 4 0
 167              		.cfi_startproc
 168              		@ args = 0, pretend = 0, frame = 272
 169              		@ frame_needed = 1, uses_anonymous_args = 0
 170 0000 80B5     		push	{r7, lr}
 171              		.cfi_def_cfa_offset 8
 172              		.cfi_offset 7, -8
 173              		.cfi_offset 14, -4
 174 0002 C4B0     		sub	sp, sp, #272
 175              		.cfi_def_cfa_offset 280
 176 0004 00AF     		add	r7, sp, #0
 177              		.cfi_def_cfa_register 7
   5:sontek.c      ****     
   6:sontek.c      ****      // sontek_t is a new data type we defined in sontek.h. We then use that data type to define a 
   7:sontek.c      ****     sontek_t sontek_output;
   8:sontek.c      ****     sontek_output.valid_readings = 0; //to be determined/changed later what this means
 178              		.loc 1 8 0
 179 0006 0023     		movs	r3, #0
 180 0008 87F80431 		strb	r3, [r7, #260]
   9:sontek.c      ****     
  10:sontek.c      ****     
  11:sontek.c      ****     uint8 sontek_nvars = 26; //number of parameters the sontek sensor outputs
 181              		.loc 1 11 0
 182 000c 1A23     		movs	r3, #26
 183 000e 87F80E31 		strb	r3, [r7, #270]
  12:sontek.c      ****     char* sontek_address = "0"; //SDI12 address of sensor
 184              		.loc 1 12 0
 185 0012 394B     		ldr	r3, .L9
ARM GAS  C:\Users\klabu\AppData\Local\Temp\ccMC3NgF.s 			page 5


 186 0014 C7F80831 		str	r3, [r7, #264]
  13:sontek.c      ****     //parameter names
  14:sontek.c      ****     char* sontek_labels[] = {"Q","stage","v_mean","total_vol","depth","v_index","x_area","T","stat"
 187              		.loc 1 14 0
 188 0018 384A     		ldr	r2, .L9+4
 189 001a 07F19C03 		add	r3, r7, #156
 190 001e 1146     		mov	r1, r2
 191 0020 6822     		movs	r2, #104
 192 0022 1846     		mov	r0, r3
 193 0024 FFF7FEFF 		bl	memcpy
  15:sontek.c      ****     //initialize values to be able to tell if/what parameters are not returned
  16:sontek.c      ****     float sontek_values[] = {-1.0, -2.0, -3.0, -4.0, -5.0, -6.0, -7.0, -8.0, -9.0, -10.0, -11.0, -1
 194              		.loc 1 16 0
 195 0028 354A     		ldr	r2, .L9+8
 196 002a 07F13403 		add	r3, r7, #52
 197 002e 1146     		mov	r1, r2
 198 0030 6822     		movs	r2, #104
 199 0032 1846     		mov	r0, r3
 200 0034 FFF7FEFF 		bl	memcpy
  17:sontek.c      ****     //create SDI12_sensor struct of sontek specific values
  18:sontek.c      ****     SDI12_sensor sontek = {
 201              		.loc 1 18 0
 202 0038 3B46     		mov	r3, r7
 203 003a 1846     		mov	r0, r3
 204 003c 3423     		movs	r3, #52
 205 003e 1A46     		mov	r2, r3
 206 0040 0021     		movs	r1, #0
 207 0042 FFF7FEFF 		bl	memset
 208 0046 3B46     		mov	r3, r7
 209 0048 D7F80821 		ldr	r2, [r7, #264]
 210 004c 1A60     		str	r2, [r3]
 211 004e 3B46     		mov	r3, r7
 212 0050 07F19C02 		add	r2, r7, #156
 213 0054 5A60     		str	r2, [r3, #4]
 214 0056 3B46     		mov	r3, r7
 215 0058 07F13402 		add	r2, r7, #52
 216 005c 9A60     		str	r2, [r3, #8]
 217 005e 3B46     		mov	r3, r7
 218 0060 97F80E21 		ldrb	r2, [r7, #270]
 219 0064 1A73     		strb	r2, [r3, #12]
  19:sontek.c      ****         .nvars = sontek_nvars,
  20:sontek.c      ****         .address = sontek_address,
  21:sontek.c      ****         .labels = sontek_labels,
  22:sontek.c      ****         .values = sontek_values
  23:sontek.c      ****     };
  24:sontek.c      ****     
  25:sontek.c      ****     //Start UART connection and power up sensor
  26:sontek.c      ****     SDI12_start();
 220              		.loc 1 26 0
 221 0066 FFF7FEFF 		bl	SDI12_start
  27:sontek.c      ****     SDI12_Power_Write(1u);
 222              		.loc 1 27 0
 223 006a 0120     		movs	r0, #1
 224 006c FFF7FEFF 		bl	SDI12_Power_Write
  28:sontek.c      ****     
  29:sontek.c      ****     uint8 valid = 0; // Reinitialize sensor status
 225              		.loc 1 29 0
ARM GAS  C:\Users\klabu\AppData\Local\Temp\ccMC3NgF.s 			page 6


 226 0070 0023     		movs	r3, #0
 227 0072 87F80731 		strb	r3, [r7, #263]
 228              	.LBB2:
  30:sontek.c      ****     
  31:sontek.c      ****     //Will try up to 10 times (1/second) to connect to sontek sensor
  32:sontek.c      ****     for (uint8 i = 0; i < 10; i++) {
 229              		.loc 1 32 0
 230 0076 0023     		movs	r3, #0
 231 0078 87F80F31 		strb	r3, [r7, #271]
 232 007c 2CE0     		b	.L2
 233              	.L7:
  33:sontek.c      ****         CyDelay(1000u);
 234              		.loc 1 33 0
 235 007e 4FF47A70 		mov	r0, #1000
 236 0082 FFF7FEFF 		bl	CyDelay
  34:sontek.c      ****             
  35:sontek.c      ****         //Checks if sontek sensor is on    
  36:sontek.c      ****         if (SDI12_is_active(&sontek)){
 237              		.loc 1 36 0
 238 0086 3B46     		mov	r3, r7
 239 0088 1846     		mov	r0, r3
 240 008a FFF7FEFF 		bl	SDI12_is_active
 241 008e 0346     		mov	r3, r0
 242 0090 002B     		cmp	r3, #0
 243 0092 19D0     		beq	.L3
  37:sontek.c      ****             //valid = SDI12_change_address(&sensors[0],"0");  -----comment out copied code
  38:sontek.c      ****             valid = SDI12_info(&sontek); CyDelay(500u); // ------ I don't know what this does/it's 
 244              		.loc 1 38 0
 245 0094 3B46     		mov	r3, r7
 246 0096 1846     		mov	r0, r3
 247 0098 FFF7FEFF 		bl	SDI12_info
 248 009c 0346     		mov	r3, r0
 249 009e 87F80731 		strb	r3, [r7, #263]
 250 00a2 4FF4FA70 		mov	r0, #500
 251 00a6 FFF7FEFF 		bl	CyDelay
  39:sontek.c      ****             //Trys to take a measurment
  40:sontek.c      ****             if (SDI12_take_measurement(&sontek)) {
 252              		.loc 1 40 0
 253 00aa 3B46     		mov	r3, r7
 254 00ac 1846     		mov	r0, r3
 255 00ae FFF7FEFF 		bl	SDI12_take_measurement
 256 00b2 0346     		mov	r3, r0
 257 00b4 002B     		cmp	r3, #0
 258 00b6 03D0     		beq	.L4
  41:sontek.c      ****                 valid = 1; // Successfully took a measurement
 259              		.loc 1 41 0
 260 00b8 0123     		movs	r3, #1
 261 00ba 87F80731 		strb	r3, [r7, #263]
  42:sontek.c      ****                 break;                    
 262              		.loc 1 42 0
 263 00be 0FE0     		b	.L5
 264              	.L4:
  43:sontek.c      ****             } 
  44:sontek.c      ****             else {
  45:sontek.c      ****                 valid = -2; // SDI12 sensor powered on, but unable to parse response
 265              		.loc 1 45 0
 266 00c0 FE23     		movs	r3, #254
ARM GAS  C:\Users\klabu\AppData\Local\Temp\ccMC3NgF.s 			page 7


 267 00c2 87F80731 		strb	r3, [r7, #263]
 268 00c6 02E0     		b	.L6
 269              	.L3:
  46:sontek.c      ****             } 
  47:sontek.c      ****         }
  48:sontek.c      ****         
  49:sontek.c      ****         else {
  50:sontek.c      ****             valid = -1; // SDI12 sensor not responding. It may be powered off or have a different a
 270              		.loc 1 50 0
 271 00c8 FF23     		movs	r3, #255
 272 00ca 87F80731 		strb	r3, [r7, #263]
 273              	.L6:
  32:sontek.c      ****         CyDelay(1000u);
 274              		.loc 1 32 0 discriminator 2
 275 00ce 97F80F31 		ldrb	r3, [r7, #271]	@ zero_extendqisi2
 276 00d2 0133     		adds	r3, r3, #1
 277 00d4 87F80F31 		strb	r3, [r7, #271]
 278              	.L2:
  32:sontek.c      ****         CyDelay(1000u);
 279              		.loc 1 32 0 is_stmt 0 discriminator 1
 280 00d8 97F80F31 		ldrb	r3, [r7, #271]	@ zero_extendqisi2
 281 00dc 092B     		cmp	r3, #9
 282 00de CED9     		bls	.L7
 283              	.L5:
 284              	.LBE2:
  51:sontek.c      ****         }
  52:sontek.c      ****     }
  53:sontek.c      ****             
  54:sontek.c      ****     //shuts off sensor and turns of UART
  55:sontek.c      ****     SDI12_Power_Write(0u);
 285              		.loc 1 55 0 is_stmt 1
 286 00e0 0020     		movs	r0, #0
 287 00e2 FFF7FEFF 		bl	SDI12_Power_Write
  56:sontek.c      ****     SDI12_stop();
 288              		.loc 1 56 0
 289 00e6 FFF7FEFF 		bl	SDI12_stop
  57:sontek.c      ****     
  58:sontek.c      ****     // this isn't set to any of the measurements yet
  59:sontek.c      ****     return sontek_output;
 290              		.loc 1 59 0
 291 00ea 97F80431 		ldrb	r3, [r7, #260]
  60:sontek.c      **** }
 292              		.loc 1 60 0
 293 00ee 1846     		mov	r0, r3
 294 00f0 07F58877 		add	r7, r7, #272
 295              		.cfi_def_cfa_offset 8
 296 00f4 BD46     		mov	sp, r7
 297              		.cfi_def_cfa_register 13
 298              		@ sp needed
 299 00f6 80BD     		pop	{r7, pc}
 300              	.L10:
 301              		.align	2
 302              	.L9:
 303 00f8 00000000 		.word	.LC28
 304 00fc E8000000 		.word	.LC29
 305 0100 50010000 		.word	.LC27
 306              		.cfi_endproc
ARM GAS  C:\Users\klabu\AppData\Local\Temp\ccMC3NgF.s 			page 8


 307              	.LFE64:
 308              		.size	sontek_take_reading, .-sontek_take_reading
 309              		.text
 310              	.Letext0:
 311              		.file 2 "c:\\program files (x86)\\cypress\\psoc creator\\4.4\\psoc creator\\import\\gnu\\arm\\5.4.
 312              		.file 3 "c:\\program files (x86)\\cypress\\psoc creator\\4.4\\psoc creator\\import\\gnu\\arm\\5.4.
 313              		.file 4 "Generated_Source\\PSoC5/cytypes.h"
 314              		.file 5 "SDI12.h"
 315              		.file 6 "sontek.h"
 316              		.file 7 "Generated_Source\\PSoC5/core_cm3.h"
 317              		.section	.debug_info,"",%progbits
 318              	.Ldebug_info0:
 319 0000 75020000 		.4byte	0x275
 320 0004 0400     		.2byte	0x4
 321 0006 00000000 		.4byte	.Ldebug_abbrev0
 322 000a 04       		.byte	0x4
 323 000b 01       		.uleb128 0x1
 324 000c 07000000 		.4byte	.LASF36
 325 0010 0C       		.byte	0xc
 326 0011 A8000000 		.4byte	.LASF37
 327 0015 52010000 		.4byte	.LASF38
 328 0019 00000000 		.4byte	.Ldebug_ranges0+0
 329 001d 00000000 		.4byte	0
 330 0021 00000000 		.4byte	.Ldebug_line0
 331 0025 02       		.uleb128 0x2
 332 0026 01       		.byte	0x1
 333 0027 06       		.byte	0x6
 334 0028 42020000 		.4byte	.LASF0
 335 002c 02       		.uleb128 0x2
 336 002d 01       		.byte	0x1
 337 002e 08       		.byte	0x8
 338 002f D3000000 		.4byte	.LASF1
 339 0033 02       		.uleb128 0x2
 340 0034 02       		.byte	0x2
 341 0035 05       		.byte	0x5
 342 0036 08020000 		.4byte	.LASF2
 343 003a 02       		.uleb128 0x2
 344 003b 02       		.byte	0x2
 345 003c 07       		.byte	0x7
 346 003d F3000000 		.4byte	.LASF3
 347 0041 03       		.uleb128 0x3
 348 0042 95000000 		.4byte	.LASF9
 349 0046 02       		.byte	0x2
 350 0047 3F       		.byte	0x3f
 351 0048 4C000000 		.4byte	0x4c
 352 004c 02       		.uleb128 0x2
 353 004d 04       		.byte	0x4
 354 004e 05       		.byte	0x5
 355 004f 26020000 		.4byte	.LASF4
 356 0053 02       		.uleb128 0x2
 357 0054 04       		.byte	0x4
 358 0055 07       		.byte	0x7
 359 0056 E1000000 		.4byte	.LASF5
 360 005a 02       		.uleb128 0x2
 361 005b 08       		.byte	0x8
 362 005c 05       		.byte	0x5
 363 005d DB010000 		.4byte	.LASF6
ARM GAS  C:\Users\klabu\AppData\Local\Temp\ccMC3NgF.s 			page 9


 364 0061 02       		.uleb128 0x2
 365 0062 08       		.byte	0x8
 366 0063 07       		.byte	0x7
 367 0064 8F010000 		.4byte	.LASF7
 368 0068 04       		.uleb128 0x4
 369 0069 04       		.byte	0x4
 370 006a 05       		.byte	0x5
 371 006b 696E7400 		.ascii	"int\000"
 372 006f 02       		.uleb128 0x2
 373 0070 04       		.byte	0x4
 374 0071 07       		.byte	0x7
 375 0072 6D010000 		.4byte	.LASF8
 376 0076 03       		.uleb128 0x3
 377 0077 BB010000 		.4byte	.LASF10
 378 007b 03       		.byte	0x3
 379 007c 2C       		.byte	0x2c
 380 007d 41000000 		.4byte	0x41
 381 0081 05       		.uleb128 0x5
 382 0082 12020000 		.4byte	.LASF11
 383 0086 04       		.byte	0x4
 384 0087 9201     		.2byte	0x192
 385 0089 2C000000 		.4byte	0x2c
 386 008d 02       		.uleb128 0x2
 387 008e 04       		.byte	0x4
 388 008f 04       		.byte	0x4
 389 0090 CD000000 		.4byte	.LASF12
 390 0094 02       		.uleb128 0x2
 391 0095 08       		.byte	0x8
 392 0096 04       		.byte	0x4
 393 0097 B1000000 		.4byte	.LASF13
 394 009b 02       		.uleb128 0x2
 395 009c 01       		.byte	0x1
 396 009d 08       		.byte	0x8
 397 009e E9010000 		.4byte	.LASF14
 398 00a2 02       		.uleb128 0x2
 399 00a3 08       		.byte	0x8
 400 00a4 04       		.byte	0x4
 401 00a5 36020000 		.4byte	.LASF15
 402 00a9 02       		.uleb128 0x2
 403 00aa 04       		.byte	0x4
 404 00ab 07       		.byte	0x7
 405 00ac C3010000 		.4byte	.LASF16
 406 00b0 06       		.uleb128 0x6
 407 00b1 04       		.byte	0x4
 408 00b2 9B000000 		.4byte	0x9b
 409 00b6 07       		.uleb128 0x7
 410 00b7 34       		.byte	0x34
 411 00b8 05       		.byte	0x5
 412 00b9 23       		.byte	0x23
 413 00ba 2B010000 		.4byte	0x12b
 414 00be 08       		.uleb128 0x8
 415 00bf 87010000 		.4byte	.LASF17
 416 00c3 05       		.byte	0x5
 417 00c4 25       		.byte	0x25
 418 00c5 B0000000 		.4byte	0xb0
 419 00c9 00       		.byte	0
 420 00ca 08       		.uleb128 0x8
ARM GAS  C:\Users\klabu\AppData\Local\Temp\ccMC3NgF.s 			page 10


 421 00cb A6010000 		.4byte	.LASF18
 422 00cf 05       		.byte	0x5
 423 00d0 26       		.byte	0x26
 424 00d1 2B010000 		.4byte	0x12b
 425 00d5 04       		.byte	0x4
 426 00d6 08       		.uleb128 0x8
 427 00d7 2F020000 		.4byte	.LASF19
 428 00db 05       		.byte	0x5
 429 00dc 27       		.byte	0x27
 430 00dd 31010000 		.4byte	0x131
 431 00e1 08       		.byte	0x8
 432 00e2 08       		.uleb128 0x8
 433 00e3 06010000 		.4byte	.LASF20
 434 00e7 05       		.byte	0x5
 435 00e8 28       		.byte	0x28
 436 00e9 81000000 		.4byte	0x81
 437 00ed 0C       		.byte	0xc
 438 00ee 08       		.uleb128 0x8
 439 00ef 18020000 		.4byte	.LASF21
 440 00f3 05       		.byte	0x5
 441 00f4 2A       		.byte	0x2a
 442 00f5 37010000 		.4byte	0x137
 443 00f9 0D       		.byte	0xd
 444 00fa 08       		.uleb128 0x8
 445 00fb 35010000 		.4byte	.LASF22
 446 00ff 05       		.byte	0x5
 447 0100 2B       		.byte	0x2b
 448 0101 47010000 		.4byte	0x147
 449 0105 10       		.byte	0x10
 450 0106 08       		.uleb128 0x8
 451 0107 20020000 		.4byte	.LASF23
 452 010b 05       		.byte	0x5
 453 010c 2C       		.byte	0x2c
 454 010d 57010000 		.4byte	0x157
 455 0111 19       		.byte	0x19
 456 0112 08       		.uleb128 0x8
 457 0113 4A010000 		.4byte	.LASF24
 458 0117 05       		.byte	0x5
 459 0118 2D       		.byte	0x2d
 460 0119 67010000 		.4byte	0x167
 461 011d 20       		.byte	0x20
 462 011e 08       		.uleb128 0x8
 463 011f 00000000 		.4byte	.LASF25
 464 0123 05       		.byte	0x5
 465 0124 2E       		.byte	0x2e
 466 0125 77010000 		.4byte	0x177
 467 0129 24       		.byte	0x24
 468 012a 00       		.byte	0
 469 012b 06       		.uleb128 0x6
 470 012c 04       		.byte	0x4
 471 012d B0000000 		.4byte	0xb0
 472 0131 06       		.uleb128 0x6
 473 0132 04       		.byte	0x4
 474 0133 8D000000 		.4byte	0x8d
 475 0137 09       		.uleb128 0x9
 476 0138 9B000000 		.4byte	0x9b
 477 013c 47010000 		.4byte	0x147
ARM GAS  C:\Users\klabu\AppData\Local\Temp\ccMC3NgF.s 			page 11


 478 0140 0A       		.uleb128 0xa
 479 0141 A9000000 		.4byte	0xa9
 480 0145 02       		.byte	0x2
 481 0146 00       		.byte	0
 482 0147 09       		.uleb128 0x9
 483 0148 9B000000 		.4byte	0x9b
 484 014c 57010000 		.4byte	0x157
 485 0150 0A       		.uleb128 0xa
 486 0151 A9000000 		.4byte	0xa9
 487 0155 08       		.byte	0x8
 488 0156 00       		.byte	0
 489 0157 09       		.uleb128 0x9
 490 0158 9B000000 		.4byte	0x9b
 491 015c 67010000 		.4byte	0x167
 492 0160 0A       		.uleb128 0xa
 493 0161 A9000000 		.4byte	0xa9
 494 0165 06       		.byte	0x6
 495 0166 00       		.byte	0
 496 0167 09       		.uleb128 0x9
 497 0168 9B000000 		.4byte	0x9b
 498 016c 77010000 		.4byte	0x177
 499 0170 0A       		.uleb128 0xa
 500 0171 A9000000 		.4byte	0xa9
 501 0175 03       		.byte	0x3
 502 0176 00       		.byte	0
 503 0177 09       		.uleb128 0x9
 504 0178 9B000000 		.4byte	0x9b
 505 017c 87010000 		.4byte	0x187
 506 0180 0A       		.uleb128 0xa
 507 0181 A9000000 		.4byte	0xa9
 508 0185 0D       		.byte	0xd
 509 0186 00       		.byte	0
 510 0187 03       		.uleb128 0x3
 511 0188 19010000 		.4byte	.LASF26
 512 018c 05       		.byte	0x5
 513 018d 2F       		.byte	0x2f
 514 018e B6000000 		.4byte	0xb6
 515 0192 07       		.uleb128 0x7
 516 0193 01       		.byte	0x1
 517 0194 06       		.byte	0x6
 518 0195 0A       		.byte	0xa
 519 0196 A7010000 		.4byte	0x1a7
 520 019a 08       		.uleb128 0x8
 521 019b 26010000 		.4byte	.LASF27
 522 019f 06       		.byte	0x6
 523 01a0 0B       		.byte	0xb
 524 01a1 81000000 		.4byte	0x81
 525 01a5 00       		.byte	0
 526 01a6 00       		.byte	0
 527 01a7 03       		.uleb128 0x3
 528 01a8 9F000000 		.4byte	.LASF28
 529 01ac 06       		.byte	0x6
 530 01ad 0C       		.byte	0xc
 531 01ae 92010000 		.4byte	0x192
 532 01b2 0B       		.uleb128 0xb
 533 01b3 EE010000 		.4byte	.LASF39
 534 01b7 01       		.byte	0x1
ARM GAS  C:\Users\klabu\AppData\Local\Temp\ccMC3NgF.s 			page 12


 535 01b8 04       		.byte	0x4
 536 01b9 A7010000 		.4byte	0x1a7
 537 01bd 00000000 		.4byte	.LFB64
 538 01c1 04010000 		.4byte	.LFE64-.LFB64
 539 01c5 01       		.uleb128 0x1
 540 01c6 9C       		.byte	0x9c
 541 01c7 47020000 		.4byte	0x247
 542 01cb 0C       		.uleb128 0xc
 543 01cc BF000000 		.4byte	.LASF29
 544 01d0 01       		.byte	0x1
 545 01d1 07       		.byte	0x7
 546 01d2 A7010000 		.4byte	0x1a7
 547 01d6 02       		.uleb128 0x2
 548 01d7 91       		.byte	0x91
 549 01d8 6C       		.sleb128 -20
 550 01d9 0C       		.uleb128 0xc
 551 01da 7A010000 		.4byte	.LASF30
 552 01de 01       		.byte	0x1
 553 01df 0B       		.byte	0xb
 554 01e0 81000000 		.4byte	0x81
 555 01e4 02       		.uleb128 0x2
 556 01e5 91       		.byte	0x91
 557 01e6 76       		.sleb128 -10
 558 01e7 0C       		.uleb128 0xc
 559 01e8 CC010000 		.4byte	.LASF31
 560 01ec 01       		.byte	0x1
 561 01ed 0C       		.byte	0xc
 562 01ee B0000000 		.4byte	0xb0
 563 01f2 02       		.uleb128 0x2
 564 01f3 91       		.byte	0x91
 565 01f4 70       		.sleb128 -16
 566 01f5 0C       		.uleb128 0xc
 567 01f6 3C010000 		.4byte	.LASF32
 568 01fa 01       		.byte	0x1
 569 01fb 0E       		.byte	0xe
 570 01fc 47020000 		.4byte	0x247
 571 0200 03       		.uleb128 0x3
 572 0201 91       		.byte	0x91
 573 0202 847F     		.sleb128 -124
 574 0204 0C       		.uleb128 0xc
 575 0205 AD010000 		.4byte	.LASF33
 576 0209 01       		.byte	0x1
 577 020a 10       		.byte	0x10
 578 020b 57020000 		.4byte	0x257
 579 020f 03       		.uleb128 0x3
 580 0210 91       		.byte	0x91
 581 0211 9C7E     		.sleb128 -228
 582 0213 0C       		.uleb128 0xc
 583 0214 B8000000 		.4byte	.LASF34
 584 0218 01       		.byte	0x1
 585 0219 12       		.byte	0x12
 586 021a 87010000 		.4byte	0x187
 587 021e 03       		.uleb128 0x3
 588 021f 91       		.byte	0x91
 589 0220 E87D     		.sleb128 -280
 590 0222 0C       		.uleb128 0xc
 591 0223 02020000 		.4byte	.LASF35
ARM GAS  C:\Users\klabu\AppData\Local\Temp\ccMC3NgF.s 			page 13


 592 0227 01       		.byte	0x1
 593 0228 1D       		.byte	0x1d
 594 0229 81000000 		.4byte	0x81
 595 022d 02       		.uleb128 0x2
 596 022e 91       		.byte	0x91
 597 022f 6F       		.sleb128 -17
 598 0230 0D       		.uleb128 0xd
 599 0231 76000000 		.4byte	.LBB2
 600 0235 6A000000 		.4byte	.LBE2-.LBB2
 601 0239 0E       		.uleb128 0xe
 602 023a 6900     		.ascii	"i\000"
 603 023c 01       		.byte	0x1
 604 023d 20       		.byte	0x20
 605 023e 81000000 		.4byte	0x81
 606 0242 02       		.uleb128 0x2
 607 0243 91       		.byte	0x91
 608 0244 77       		.sleb128 -9
 609 0245 00       		.byte	0
 610 0246 00       		.byte	0
 611 0247 09       		.uleb128 0x9
 612 0248 B0000000 		.4byte	0xb0
 613 024c 57020000 		.4byte	0x257
 614 0250 0A       		.uleb128 0xa
 615 0251 A9000000 		.4byte	0xa9
 616 0255 19       		.byte	0x19
 617 0256 00       		.byte	0
 618 0257 09       		.uleb128 0x9
 619 0258 8D000000 		.4byte	0x8d
 620 025c 67020000 		.4byte	0x267
 621 0260 0A       		.uleb128 0xa
 622 0261 A9000000 		.4byte	0xa9
 623 0265 19       		.byte	0x19
 624 0266 00       		.byte	0
 625 0267 0F       		.uleb128 0xf
 626 0268 0C010000 		.4byte	.LASF40
 627 026c 07       		.byte	0x7
 628 026d 1207     		.2byte	0x712
 629 026f 73020000 		.4byte	0x273
 630 0273 10       		.uleb128 0x10
 631 0274 76000000 		.4byte	0x76
 632 0278 00       		.byte	0
 633              		.section	.debug_abbrev,"",%progbits
 634              	.Ldebug_abbrev0:
 635 0000 01       		.uleb128 0x1
 636 0001 11       		.uleb128 0x11
 637 0002 01       		.byte	0x1
 638 0003 25       		.uleb128 0x25
 639 0004 0E       		.uleb128 0xe
 640 0005 13       		.uleb128 0x13
 641 0006 0B       		.uleb128 0xb
 642 0007 03       		.uleb128 0x3
 643 0008 0E       		.uleb128 0xe
 644 0009 1B       		.uleb128 0x1b
 645 000a 0E       		.uleb128 0xe
 646 000b 55       		.uleb128 0x55
 647 000c 17       		.uleb128 0x17
 648 000d 11       		.uleb128 0x11
ARM GAS  C:\Users\klabu\AppData\Local\Temp\ccMC3NgF.s 			page 14


 649 000e 01       		.uleb128 0x1
 650 000f 10       		.uleb128 0x10
 651 0010 17       		.uleb128 0x17
 652 0011 00       		.byte	0
 653 0012 00       		.byte	0
 654 0013 02       		.uleb128 0x2
 655 0014 24       		.uleb128 0x24
 656 0015 00       		.byte	0
 657 0016 0B       		.uleb128 0xb
 658 0017 0B       		.uleb128 0xb
 659 0018 3E       		.uleb128 0x3e
 660 0019 0B       		.uleb128 0xb
 661 001a 03       		.uleb128 0x3
 662 001b 0E       		.uleb128 0xe
 663 001c 00       		.byte	0
 664 001d 00       		.byte	0
 665 001e 03       		.uleb128 0x3
 666 001f 16       		.uleb128 0x16
 667 0020 00       		.byte	0
 668 0021 03       		.uleb128 0x3
 669 0022 0E       		.uleb128 0xe
 670 0023 3A       		.uleb128 0x3a
 671 0024 0B       		.uleb128 0xb
 672 0025 3B       		.uleb128 0x3b
 673 0026 0B       		.uleb128 0xb
 674 0027 49       		.uleb128 0x49
 675 0028 13       		.uleb128 0x13
 676 0029 00       		.byte	0
 677 002a 00       		.byte	0
 678 002b 04       		.uleb128 0x4
 679 002c 24       		.uleb128 0x24
 680 002d 00       		.byte	0
 681 002e 0B       		.uleb128 0xb
 682 002f 0B       		.uleb128 0xb
 683 0030 3E       		.uleb128 0x3e
 684 0031 0B       		.uleb128 0xb
 685 0032 03       		.uleb128 0x3
 686 0033 08       		.uleb128 0x8
 687 0034 00       		.byte	0
 688 0035 00       		.byte	0
 689 0036 05       		.uleb128 0x5
 690 0037 16       		.uleb128 0x16
 691 0038 00       		.byte	0
 692 0039 03       		.uleb128 0x3
 693 003a 0E       		.uleb128 0xe
 694 003b 3A       		.uleb128 0x3a
 695 003c 0B       		.uleb128 0xb
 696 003d 3B       		.uleb128 0x3b
 697 003e 05       		.uleb128 0x5
 698 003f 49       		.uleb128 0x49
 699 0040 13       		.uleb128 0x13
 700 0041 00       		.byte	0
 701 0042 00       		.byte	0
 702 0043 06       		.uleb128 0x6
 703 0044 0F       		.uleb128 0xf
 704 0045 00       		.byte	0
 705 0046 0B       		.uleb128 0xb
ARM GAS  C:\Users\klabu\AppData\Local\Temp\ccMC3NgF.s 			page 15


 706 0047 0B       		.uleb128 0xb
 707 0048 49       		.uleb128 0x49
 708 0049 13       		.uleb128 0x13
 709 004a 00       		.byte	0
 710 004b 00       		.byte	0
 711 004c 07       		.uleb128 0x7
 712 004d 13       		.uleb128 0x13
 713 004e 01       		.byte	0x1
 714 004f 0B       		.uleb128 0xb
 715 0050 0B       		.uleb128 0xb
 716 0051 3A       		.uleb128 0x3a
 717 0052 0B       		.uleb128 0xb
 718 0053 3B       		.uleb128 0x3b
 719 0054 0B       		.uleb128 0xb
 720 0055 01       		.uleb128 0x1
 721 0056 13       		.uleb128 0x13
 722 0057 00       		.byte	0
 723 0058 00       		.byte	0
 724 0059 08       		.uleb128 0x8
 725 005a 0D       		.uleb128 0xd
 726 005b 00       		.byte	0
 727 005c 03       		.uleb128 0x3
 728 005d 0E       		.uleb128 0xe
 729 005e 3A       		.uleb128 0x3a
 730 005f 0B       		.uleb128 0xb
 731 0060 3B       		.uleb128 0x3b
 732 0061 0B       		.uleb128 0xb
 733 0062 49       		.uleb128 0x49
 734 0063 13       		.uleb128 0x13
 735 0064 38       		.uleb128 0x38
 736 0065 0B       		.uleb128 0xb
 737 0066 00       		.byte	0
 738 0067 00       		.byte	0
 739 0068 09       		.uleb128 0x9
 740 0069 01       		.uleb128 0x1
 741 006a 01       		.byte	0x1
 742 006b 49       		.uleb128 0x49
 743 006c 13       		.uleb128 0x13
 744 006d 01       		.uleb128 0x1
 745 006e 13       		.uleb128 0x13
 746 006f 00       		.byte	0
 747 0070 00       		.byte	0
 748 0071 0A       		.uleb128 0xa
 749 0072 21       		.uleb128 0x21
 750 0073 00       		.byte	0
 751 0074 49       		.uleb128 0x49
 752 0075 13       		.uleb128 0x13
 753 0076 2F       		.uleb128 0x2f
 754 0077 0B       		.uleb128 0xb
 755 0078 00       		.byte	0
 756 0079 00       		.byte	0
 757 007a 0B       		.uleb128 0xb
 758 007b 2E       		.uleb128 0x2e
 759 007c 01       		.byte	0x1
 760 007d 3F       		.uleb128 0x3f
 761 007e 19       		.uleb128 0x19
 762 007f 03       		.uleb128 0x3
ARM GAS  C:\Users\klabu\AppData\Local\Temp\ccMC3NgF.s 			page 16


 763 0080 0E       		.uleb128 0xe
 764 0081 3A       		.uleb128 0x3a
 765 0082 0B       		.uleb128 0xb
 766 0083 3B       		.uleb128 0x3b
 767 0084 0B       		.uleb128 0xb
 768 0085 49       		.uleb128 0x49
 769 0086 13       		.uleb128 0x13
 770 0087 11       		.uleb128 0x11
 771 0088 01       		.uleb128 0x1
 772 0089 12       		.uleb128 0x12
 773 008a 06       		.uleb128 0x6
 774 008b 40       		.uleb128 0x40
 775 008c 18       		.uleb128 0x18
 776 008d 9642     		.uleb128 0x2116
 777 008f 19       		.uleb128 0x19
 778 0090 01       		.uleb128 0x1
 779 0091 13       		.uleb128 0x13
 780 0092 00       		.byte	0
 781 0093 00       		.byte	0
 782 0094 0C       		.uleb128 0xc
 783 0095 34       		.uleb128 0x34
 784 0096 00       		.byte	0
 785 0097 03       		.uleb128 0x3
 786 0098 0E       		.uleb128 0xe
 787 0099 3A       		.uleb128 0x3a
 788 009a 0B       		.uleb128 0xb
 789 009b 3B       		.uleb128 0x3b
 790 009c 0B       		.uleb128 0xb
 791 009d 49       		.uleb128 0x49
 792 009e 13       		.uleb128 0x13
 793 009f 02       		.uleb128 0x2
 794 00a0 18       		.uleb128 0x18
 795 00a1 00       		.byte	0
 796 00a2 00       		.byte	0
 797 00a3 0D       		.uleb128 0xd
 798 00a4 0B       		.uleb128 0xb
 799 00a5 01       		.byte	0x1
 800 00a6 11       		.uleb128 0x11
 801 00a7 01       		.uleb128 0x1
 802 00a8 12       		.uleb128 0x12
 803 00a9 06       		.uleb128 0x6
 804 00aa 00       		.byte	0
 805 00ab 00       		.byte	0
 806 00ac 0E       		.uleb128 0xe
 807 00ad 34       		.uleb128 0x34
 808 00ae 00       		.byte	0
 809 00af 03       		.uleb128 0x3
 810 00b0 08       		.uleb128 0x8
 811 00b1 3A       		.uleb128 0x3a
 812 00b2 0B       		.uleb128 0xb
 813 00b3 3B       		.uleb128 0x3b
 814 00b4 0B       		.uleb128 0xb
 815 00b5 49       		.uleb128 0x49
 816 00b6 13       		.uleb128 0x13
 817 00b7 02       		.uleb128 0x2
 818 00b8 18       		.uleb128 0x18
 819 00b9 00       		.byte	0
ARM GAS  C:\Users\klabu\AppData\Local\Temp\ccMC3NgF.s 			page 17


 820 00ba 00       		.byte	0
 821 00bb 0F       		.uleb128 0xf
 822 00bc 34       		.uleb128 0x34
 823 00bd 00       		.byte	0
 824 00be 03       		.uleb128 0x3
 825 00bf 0E       		.uleb128 0xe
 826 00c0 3A       		.uleb128 0x3a
 827 00c1 0B       		.uleb128 0xb
 828 00c2 3B       		.uleb128 0x3b
 829 00c3 05       		.uleb128 0x5
 830 00c4 49       		.uleb128 0x49
 831 00c5 13       		.uleb128 0x13
 832 00c6 3F       		.uleb128 0x3f
 833 00c7 19       		.uleb128 0x19
 834 00c8 3C       		.uleb128 0x3c
 835 00c9 19       		.uleb128 0x19
 836 00ca 00       		.byte	0
 837 00cb 00       		.byte	0
 838 00cc 10       		.uleb128 0x10
 839 00cd 35       		.uleb128 0x35
 840 00ce 00       		.byte	0
 841 00cf 49       		.uleb128 0x49
 842 00d0 13       		.uleb128 0x13
 843 00d1 00       		.byte	0
 844 00d2 00       		.byte	0
 845 00d3 00       		.byte	0
 846              		.section	.debug_aranges,"",%progbits
 847 0000 1C000000 		.4byte	0x1c
 848 0004 0200     		.2byte	0x2
 849 0006 00000000 		.4byte	.Ldebug_info0
 850 000a 04       		.byte	0x4
 851 000b 00       		.byte	0
 852 000c 0000     		.2byte	0
 853 000e 0000     		.2byte	0
 854 0010 00000000 		.4byte	.LFB64
 855 0014 04010000 		.4byte	.LFE64-.LFB64
 856 0018 00000000 		.4byte	0
 857 001c 00000000 		.4byte	0
 858              		.section	.debug_ranges,"",%progbits
 859              	.Ldebug_ranges0:
 860 0000 00000000 		.4byte	.LFB64
 861 0004 04010000 		.4byte	.LFE64
 862 0008 00000000 		.4byte	0
 863 000c 00000000 		.4byte	0
 864              		.section	.debug_line,"",%progbits
 865              	.Ldebug_line0:
 866 0000 9F010000 		.section	.debug_str,"MS",%progbits,1
 866      02006501 
 866      00000201 
 866      FB0E0D00 
 866      01010101 
 867              	.LASF25:
 868 0000 73657269 		.ascii	"serial\000"
 868      616C00
 869              	.LASF36:
 870 0007 474E5520 		.ascii	"GNU C11 5.4.1 20160609 (release) [ARM/embedded-5-br"
 870      43313120 
ARM GAS  C:\Users\klabu\AppData\Local\Temp\ccMC3NgF.s 			page 18


 870      352E342E 
 870      31203230 
 870      31363036 
 871 003a 616E6368 		.ascii	"anch revision 237715] -mcpu=cortex-m3 -mthumb -g -O"
 871      20726576 
 871      6973696F 
 871      6E203233 
 871      37373135 
 872 006d 30202D66 		.ascii	"0 -ffunction-sections -ffat-lto-objects\000"
 872      66756E63 
 872      74696F6E 
 872      2D736563 
 872      74696F6E 
 873              	.LASF9:
 874 0095 5F5F696E 		.ascii	"__int32_t\000"
 874      7433325F 
 874      7400
 875              	.LASF28:
 876 009f 736F6E74 		.ascii	"sontek_t\000"
 876      656B5F74 
 876      00
 877              	.LASF37:
 878 00a8 736F6E74 		.ascii	"sontek.c\000"
 878      656B2E63 
 878      00
 879              	.LASF13:
 880 00b1 646F7562 		.ascii	"double\000"
 880      6C6500
 881              	.LASF34:
 882 00b8 736F6E74 		.ascii	"sontek\000"
 882      656B00
 883              	.LASF29:
 884 00bf 736F6E74 		.ascii	"sontek_output\000"
 884      656B5F6F 
 884      75747075 
 884      7400
 885              	.LASF12:
 886 00cd 666C6F61 		.ascii	"float\000"
 886      7400
 887              	.LASF1:
 888 00d3 756E7369 		.ascii	"unsigned char\000"
 888      676E6564 
 888      20636861 
 888      7200
 889              	.LASF5:
 890 00e1 6C6F6E67 		.ascii	"long unsigned int\000"
 890      20756E73 
 890      69676E65 
 890      6420696E 
 890      7400
 891              	.LASF3:
 892 00f3 73686F72 		.ascii	"short unsigned int\000"
 892      7420756E 
 892      7369676E 
 892      65642069 
 892      6E7400
 893              	.LASF20:
ARM GAS  C:\Users\klabu\AppData\Local\Temp\ccMC3NgF.s 			page 19


 894 0106 6E766172 		.ascii	"nvars\000"
 894      7300
 895              	.LASF40:
 896 010c 49544D5F 		.ascii	"ITM_RxBuffer\000"
 896      52784275 
 896      66666572 
 896      00
 897              	.LASF26:
 898 0119 53444931 		.ascii	"SDI12_sensor\000"
 898      325F7365 
 898      6E736F72 
 898      00
 899              	.LASF27:
 900 0126 76616C69 		.ascii	"valid_readings\000"
 900      645F7265 
 900      6164696E 
 900      677300
 901              	.LASF22:
 902 0135 76656E64 		.ascii	"vendor\000"
 902      6F7200
 903              	.LASF32:
 904 013c 736F6E74 		.ascii	"sontek_labels\000"
 904      656B5F6C 
 904      6162656C 
 904      7300
 905              	.LASF24:
 906 014a 76657273 		.ascii	"version\000"
 906      696F6E00 
 907              	.LASF38:
 908 0152 433A5C6E 		.ascii	"C:\\notoriOS\\notoriOS.cydsn\000"
 908      6F746F72 
 908      694F535C 
 908      6E6F746F 
 908      72694F53 
 909              	.LASF8:
 910 016d 756E7369 		.ascii	"unsigned int\000"
 910      676E6564 
 910      20696E74 
 910      00
 911              	.LASF30:
 912 017a 736F6E74 		.ascii	"sontek_nvars\000"
 912      656B5F6E 
 912      76617273 
 912      00
 913              	.LASF17:
 914 0187 61646472 		.ascii	"address\000"
 914      65737300 
 915              	.LASF7:
 916 018f 6C6F6E67 		.ascii	"long long unsigned int\000"
 916      206C6F6E 
 916      6720756E 
 916      7369676E 
 916      65642069 
 917              	.LASF18:
 918 01a6 6C616265 		.ascii	"labels\000"
 918      6C7300
 919              	.LASF33:
ARM GAS  C:\Users\klabu\AppData\Local\Temp\ccMC3NgF.s 			page 20


 920 01ad 736F6E74 		.ascii	"sontek_values\000"
 920      656B5F76 
 920      616C7565 
 920      7300
 921              	.LASF10:
 922 01bb 696E7433 		.ascii	"int32_t\000"
 922      325F7400 
 923              	.LASF16:
 924 01c3 73697A65 		.ascii	"sizetype\000"
 924      74797065 
 924      00
 925              	.LASF31:
 926 01cc 736F6E74 		.ascii	"sontek_address\000"
 926      656B5F61 
 926      64647265 
 926      737300
 927              	.LASF6:
 928 01db 6C6F6E67 		.ascii	"long long int\000"
 928      206C6F6E 
 928      6720696E 
 928      7400
 929              	.LASF14:
 930 01e9 63686172 		.ascii	"char\000"
 930      00
 931              	.LASF39:
 932 01ee 736F6E74 		.ascii	"sontek_take_reading\000"
 932      656B5F74 
 932      616B655F 
 932      72656164 
 932      696E6700 
 933              	.LASF35:
 934 0202 76616C69 		.ascii	"valid\000"
 934      6400
 935              	.LASF2:
 936 0208 73686F72 		.ascii	"short int\000"
 936      7420696E 
 936      7400
 937              	.LASF11:
 938 0212 75696E74 		.ascii	"uint8\000"
 938      3800
 939              	.LASF21:
 940 0218 765F5344 		.ascii	"v_SDI12\000"
 940      49313200 
 941              	.LASF23:
 942 0220 6D6F6465 		.ascii	"model\000"
 942      6C00
 943              	.LASF4:
 944 0226 6C6F6E67 		.ascii	"long int\000"
 944      20696E74 
 944      00
 945              	.LASF19:
 946 022f 76616C75 		.ascii	"values\000"
 946      657300
 947              	.LASF15:
 948 0236 6C6F6E67 		.ascii	"long double\000"
 948      20646F75 
 948      626C6500 
ARM GAS  C:\Users\klabu\AppData\Local\Temp\ccMC3NgF.s 			page 21


 949              	.LASF0:
 950 0242 7369676E 		.ascii	"signed char\000"
 950      65642063 
 950      68617200 
 951              		.ident	"GCC: (GNU Tools for ARM Embedded Processors) 5.4.1 20160609 (release) [ARM/embedded-5-bran
