ARM GAS  C:\Users\jniej\AppData\Local\Temp\ccHQbnFb.s 			page 1


   1              		.syntax unified
   2              		.cpu cortex-m3
   3              		.fpu softvfp
   4              		.eabi_attribute 20, 1
   5              		.eabi_attribute 21, 1
   6              		.eabi_attribute 23, 3
   7              		.eabi_attribute 24, 1
   8              		.eabi_attribute 25, 1
   9              		.eabi_attribute 26, 1
  10              		.eabi_attribute 30, 6
  11              		.eabi_attribute 34, 1
  12              		.eabi_attribute 18, 4
  13              		.thumb
  14              		.syntax unified
  15              		.file	"TEMP_RX.c"
  16              		.text
  17              	.Ltext0:
  18              		.cfi_sections	.debug_frame
  19              		.section	.text.TEMP_RX_Write,"ax",%progbits
  20              		.align	2
  21              		.global	TEMP_RX_Write
  22              		.thumb
  23              		.thumb_func
  24              		.type	TEMP_RX_Write, %function
  25              	TEMP_RX_Write:
  26              	.LFB0:
  27              		.file 1 "Generated_Source\\PSoC5\\TEMP_RX.c"
   1:Generated_Source\PSoC5/TEMP_RX.c **** /*******************************************************************************
   2:Generated_Source\PSoC5/TEMP_RX.c **** * File Name: TEMP_RX.c  
   3:Generated_Source\PSoC5/TEMP_RX.c **** * Version 2.20
   4:Generated_Source\PSoC5/TEMP_RX.c **** *
   5:Generated_Source\PSoC5/TEMP_RX.c **** * Description:
   6:Generated_Source\PSoC5/TEMP_RX.c **** *  This file contains API to enable firmware control of a Pins component.
   7:Generated_Source\PSoC5/TEMP_RX.c **** *
   8:Generated_Source\PSoC5/TEMP_RX.c **** * Note:
   9:Generated_Source\PSoC5/TEMP_RX.c **** *
  10:Generated_Source\PSoC5/TEMP_RX.c **** ********************************************************************************
  11:Generated_Source\PSoC5/TEMP_RX.c **** * Copyright 2008-2015, Cypress Semiconductor Corporation.  All rights reserved.
  12:Generated_Source\PSoC5/TEMP_RX.c **** * You may use this file only in accordance with the license, terms, conditions, 
  13:Generated_Source\PSoC5/TEMP_RX.c **** * disclaimers, and limitations in the end user license agreement accompanying 
  14:Generated_Source\PSoC5/TEMP_RX.c **** * the software package with which this file was provided.
  15:Generated_Source\PSoC5/TEMP_RX.c **** *******************************************************************************/
  16:Generated_Source\PSoC5/TEMP_RX.c **** 
  17:Generated_Source\PSoC5/TEMP_RX.c **** #include "cytypes.h"
  18:Generated_Source\PSoC5/TEMP_RX.c **** #include "TEMP_RX.h"
  19:Generated_Source\PSoC5/TEMP_RX.c **** 
  20:Generated_Source\PSoC5/TEMP_RX.c **** /* APIs are not generated for P15[7:6] on PSoC 5 */
  21:Generated_Source\PSoC5/TEMP_RX.c **** #if !(CY_PSOC5A &&\
  22:Generated_Source\PSoC5/TEMP_RX.c **** 	 TEMP_RX__PORT == 15 && ((TEMP_RX__MASK & 0xC0) != 0))
  23:Generated_Source\PSoC5/TEMP_RX.c **** 
  24:Generated_Source\PSoC5/TEMP_RX.c **** 
  25:Generated_Source\PSoC5/TEMP_RX.c **** /*******************************************************************************
  26:Generated_Source\PSoC5/TEMP_RX.c **** * Function Name: TEMP_RX_Write
  27:Generated_Source\PSoC5/TEMP_RX.c **** ****************************************************************************//**
  28:Generated_Source\PSoC5/TEMP_RX.c **** *
  29:Generated_Source\PSoC5/TEMP_RX.c **** * \brief Writes the value to the physical port (data output register), masking
  30:Generated_Source\PSoC5/TEMP_RX.c **** *  and shifting the bits appropriately. 
ARM GAS  C:\Users\jniej\AppData\Local\Temp\ccHQbnFb.s 			page 2


  31:Generated_Source\PSoC5/TEMP_RX.c **** *
  32:Generated_Source\PSoC5/TEMP_RX.c **** * The data output register controls the signal applied to the physical pin in 
  33:Generated_Source\PSoC5/TEMP_RX.c **** * conjunction with the drive mode parameter. This function avoids changing 
  34:Generated_Source\PSoC5/TEMP_RX.c **** * other bits in the port by using the appropriate method (read-modify-write or
  35:Generated_Source\PSoC5/TEMP_RX.c **** * bit banding).
  36:Generated_Source\PSoC5/TEMP_RX.c **** *
  37:Generated_Source\PSoC5/TEMP_RX.c **** * <b>Note</b> This function should not be used on a hardware digital output pin 
  38:Generated_Source\PSoC5/TEMP_RX.c **** * as it is driven by the hardware signal attached to it.
  39:Generated_Source\PSoC5/TEMP_RX.c **** *
  40:Generated_Source\PSoC5/TEMP_RX.c **** * \param value
  41:Generated_Source\PSoC5/TEMP_RX.c **** *  Value to write to the component instance.
  42:Generated_Source\PSoC5/TEMP_RX.c **** *
  43:Generated_Source\PSoC5/TEMP_RX.c **** * \return 
  44:Generated_Source\PSoC5/TEMP_RX.c **** *  None 
  45:Generated_Source\PSoC5/TEMP_RX.c **** *
  46:Generated_Source\PSoC5/TEMP_RX.c **** * \sideeffect
  47:Generated_Source\PSoC5/TEMP_RX.c **** *  If you use read-modify-write operations that are not atomic; the Interrupt 
  48:Generated_Source\PSoC5/TEMP_RX.c **** *  Service Routines (ISR) can cause corruption of this function. An ISR that 
  49:Generated_Source\PSoC5/TEMP_RX.c **** *  interrupts this function and performs writes to the Pins component data 
  50:Generated_Source\PSoC5/TEMP_RX.c **** *  register can cause corrupted port data. To avoid this issue, you should 
  51:Generated_Source\PSoC5/TEMP_RX.c **** *  either use the Per-Pin APIs (primary method) or disable interrupts around 
  52:Generated_Source\PSoC5/TEMP_RX.c **** *  this function.
  53:Generated_Source\PSoC5/TEMP_RX.c **** *
  54:Generated_Source\PSoC5/TEMP_RX.c **** * \funcusage
  55:Generated_Source\PSoC5/TEMP_RX.c **** *  \snippet TEMP_RX_SUT.c usage_TEMP_RX_Write
  56:Generated_Source\PSoC5/TEMP_RX.c **** *******************************************************************************/
  57:Generated_Source\PSoC5/TEMP_RX.c **** void TEMP_RX_Write(uint8 value)
  58:Generated_Source\PSoC5/TEMP_RX.c **** {
  28              		.loc 1 58 0
  29              		.cfi_startproc
  30              		@ args = 0, pretend = 0, frame = 16
  31              		@ frame_needed = 1, uses_anonymous_args = 0
  32              		@ link register save eliminated.
  33 0000 80B4     		push	{r7}
  34              		.cfi_def_cfa_offset 4
  35              		.cfi_offset 7, -4
  36 0002 85B0     		sub	sp, sp, #20
  37              		.cfi_def_cfa_offset 24
  38 0004 00AF     		add	r7, sp, #0
  39              		.cfi_def_cfa_register 7
  40 0006 0346     		mov	r3, r0
  41 0008 FB71     		strb	r3, [r7, #7]
  59:Generated_Source\PSoC5/TEMP_RX.c ****     uint8 staticBits = (TEMP_RX_DR & (uint8)(~TEMP_RX_MASK));
  42              		.loc 1 59 0
  43 000a 0A4B     		ldr	r3, .L2
  44 000c 1B78     		ldrb	r3, [r3]
  45 000e DBB2     		uxtb	r3, r3
  46 0010 23F00103 		bic	r3, r3, #1
  47 0014 FB73     		strb	r3, [r7, #15]
  60:Generated_Source\PSoC5/TEMP_RX.c ****     TEMP_RX_DR = staticBits | ((uint8)(value << TEMP_RX_SHIFT) & TEMP_RX_MASK);
  48              		.loc 1 60 0
  49 0016 0749     		ldr	r1, .L2
  50 0018 FB79     		ldrb	r3, [r7, #7]
  51 001a 03F00103 		and	r3, r3, #1
  52 001e DAB2     		uxtb	r2, r3
  53 0020 FB7B     		ldrb	r3, [r7, #15]
  54 0022 1343     		orrs	r3, r3, r2
ARM GAS  C:\Users\jniej\AppData\Local\Temp\ccHQbnFb.s 			page 3


  55 0024 DBB2     		uxtb	r3, r3
  56 0026 0B70     		strb	r3, [r1]
  61:Generated_Source\PSoC5/TEMP_RX.c **** }
  57              		.loc 1 61 0
  58 0028 00BF     		nop
  59 002a 1437     		adds	r7, r7, #20
  60              		.cfi_def_cfa_offset 4
  61 002c BD46     		mov	sp, r7
  62              		.cfi_def_cfa_register 13
  63              		@ sp needed
  64 002e 80BC     		pop	{r7}
  65              		.cfi_restore 7
  66              		.cfi_def_cfa_offset 0
  67 0030 7047     		bx	lr
  68              	.L3:
  69 0032 00BF     		.align	2
  70              	.L2:
  71 0034 30510040 		.word	1073762608
  72              		.cfi_endproc
  73              	.LFE0:
  74              		.size	TEMP_RX_Write, .-TEMP_RX_Write
  75              		.section	.text.TEMP_RX_SetDriveMode,"ax",%progbits
  76              		.align	2
  77              		.global	TEMP_RX_SetDriveMode
  78              		.thumb
  79              		.thumb_func
  80              		.type	TEMP_RX_SetDriveMode, %function
  81              	TEMP_RX_SetDriveMode:
  82              	.LFB1:
  62:Generated_Source\PSoC5/TEMP_RX.c **** 
  63:Generated_Source\PSoC5/TEMP_RX.c **** 
  64:Generated_Source\PSoC5/TEMP_RX.c **** /*******************************************************************************
  65:Generated_Source\PSoC5/TEMP_RX.c **** * Function Name: TEMP_RX_SetDriveMode
  66:Generated_Source\PSoC5/TEMP_RX.c **** ****************************************************************************//**
  67:Generated_Source\PSoC5/TEMP_RX.c **** *
  68:Generated_Source\PSoC5/TEMP_RX.c **** * \brief Sets the drive mode for each of the Pins component's pins.
  69:Generated_Source\PSoC5/TEMP_RX.c **** * 
  70:Generated_Source\PSoC5/TEMP_RX.c **** * <b>Note</b> This affects all pins in the Pins component instance. Use the
  71:Generated_Source\PSoC5/TEMP_RX.c **** * Per-Pin APIs if you wish to control individual pin's drive modes.
  72:Generated_Source\PSoC5/TEMP_RX.c **** *
  73:Generated_Source\PSoC5/TEMP_RX.c **** * \param mode
  74:Generated_Source\PSoC5/TEMP_RX.c **** *  Mode for the selected signals. Valid options are documented in 
  75:Generated_Source\PSoC5/TEMP_RX.c **** *  \ref driveMode.
  76:Generated_Source\PSoC5/TEMP_RX.c **** *
  77:Generated_Source\PSoC5/TEMP_RX.c **** * \return
  78:Generated_Source\PSoC5/TEMP_RX.c **** *  None
  79:Generated_Source\PSoC5/TEMP_RX.c **** *
  80:Generated_Source\PSoC5/TEMP_RX.c **** * \sideeffect
  81:Generated_Source\PSoC5/TEMP_RX.c **** *  If you use read-modify-write operations that are not atomic, the ISR can
  82:Generated_Source\PSoC5/TEMP_RX.c **** *  cause corruption of this function. An ISR that interrupts this function 
  83:Generated_Source\PSoC5/TEMP_RX.c **** *  and performs writes to the Pins component Drive Mode registers can cause 
  84:Generated_Source\PSoC5/TEMP_RX.c **** *  corrupted port data. To avoid this issue, you should either use the Per-Pin
  85:Generated_Source\PSoC5/TEMP_RX.c **** *  APIs (primary method) or disable interrupts around this function.
  86:Generated_Source\PSoC5/TEMP_RX.c **** *
  87:Generated_Source\PSoC5/TEMP_RX.c **** * \funcusage
  88:Generated_Source\PSoC5/TEMP_RX.c **** *  \snippet TEMP_RX_SUT.c usage_TEMP_RX_SetDriveMode
  89:Generated_Source\PSoC5/TEMP_RX.c **** *******************************************************************************/
ARM GAS  C:\Users\jniej\AppData\Local\Temp\ccHQbnFb.s 			page 4


  90:Generated_Source\PSoC5/TEMP_RX.c **** void TEMP_RX_SetDriveMode(uint8 mode)
  91:Generated_Source\PSoC5/TEMP_RX.c **** {
  83              		.loc 1 91 0
  84              		.cfi_startproc
  85              		@ args = 0, pretend = 0, frame = 8
  86              		@ frame_needed = 1, uses_anonymous_args = 0
  87              		@ link register save eliminated.
  88 0000 80B4     		push	{r7}
  89              		.cfi_def_cfa_offset 4
  90              		.cfi_offset 7, -4
  91 0002 83B0     		sub	sp, sp, #12
  92              		.cfi_def_cfa_offset 16
  93 0004 00AF     		add	r7, sp, #0
  94              		.cfi_def_cfa_register 7
  95 0006 0346     		mov	r3, r0
  96 0008 FB71     		strb	r3, [r7, #7]
  92:Generated_Source\PSoC5/TEMP_RX.c **** 	CyPins_SetPinDriveMode(TEMP_RX_0, mode);
  97              		.loc 1 92 0
  98 000a 0B49     		ldr	r1, .L5
  99 000c 0A4B     		ldr	r3, .L5
 100 000e 1B78     		ldrb	r3, [r3]
 101 0010 DBB2     		uxtb	r3, r3
 102 0012 5BB2     		sxtb	r3, r3
 103 0014 23F00E03 		bic	r3, r3, #14
 104 0018 5AB2     		sxtb	r2, r3
 105 001a 97F90730 		ldrsb	r3, [r7, #7]
 106 001e 03F00E03 		and	r3, r3, #14
 107 0022 5BB2     		sxtb	r3, r3
 108 0024 1343     		orrs	r3, r3, r2
 109 0026 5BB2     		sxtb	r3, r3
 110 0028 DBB2     		uxtb	r3, r3
 111 002a 0B70     		strb	r3, [r1]
  93:Generated_Source\PSoC5/TEMP_RX.c **** }
 112              		.loc 1 93 0
 113 002c 00BF     		nop
 114 002e 0C37     		adds	r7, r7, #12
 115              		.cfi_def_cfa_offset 4
 116 0030 BD46     		mov	sp, r7
 117              		.cfi_def_cfa_register 13
 118              		@ sp needed
 119 0032 80BC     		pop	{r7}
 120              		.cfi_restore 7
 121              		.cfi_def_cfa_offset 0
 122 0034 7047     		bx	lr
 123              	.L6:
 124 0036 00BF     		.align	2
 125              	.L5:
 126 0038 18500040 		.word	1073762328
 127              		.cfi_endproc
 128              	.LFE1:
 129              		.size	TEMP_RX_SetDriveMode, .-TEMP_RX_SetDriveMode
 130              		.section	.text.TEMP_RX_Read,"ax",%progbits
 131              		.align	2
 132              		.global	TEMP_RX_Read
 133              		.thumb
 134              		.thumb_func
 135              		.type	TEMP_RX_Read, %function
ARM GAS  C:\Users\jniej\AppData\Local\Temp\ccHQbnFb.s 			page 5


 136              	TEMP_RX_Read:
 137              	.LFB2:
  94:Generated_Source\PSoC5/TEMP_RX.c **** 
  95:Generated_Source\PSoC5/TEMP_RX.c **** 
  96:Generated_Source\PSoC5/TEMP_RX.c **** /*******************************************************************************
  97:Generated_Source\PSoC5/TEMP_RX.c **** * Function Name: TEMP_RX_Read
  98:Generated_Source\PSoC5/TEMP_RX.c **** ****************************************************************************//**
  99:Generated_Source\PSoC5/TEMP_RX.c **** *
 100:Generated_Source\PSoC5/TEMP_RX.c **** * \brief Reads the associated physical port (pin status register) and masks 
 101:Generated_Source\PSoC5/TEMP_RX.c **** *  the required bits according to the width and bit position of the component
 102:Generated_Source\PSoC5/TEMP_RX.c **** *  instance. 
 103:Generated_Source\PSoC5/TEMP_RX.c **** *
 104:Generated_Source\PSoC5/TEMP_RX.c **** * The pin's status register returns the current logic level present on the 
 105:Generated_Source\PSoC5/TEMP_RX.c **** * physical pin.
 106:Generated_Source\PSoC5/TEMP_RX.c **** *
 107:Generated_Source\PSoC5/TEMP_RX.c **** * \return 
 108:Generated_Source\PSoC5/TEMP_RX.c **** *  The current value for the pins in the component as a right justified number.
 109:Generated_Source\PSoC5/TEMP_RX.c **** *
 110:Generated_Source\PSoC5/TEMP_RX.c **** * \funcusage
 111:Generated_Source\PSoC5/TEMP_RX.c **** *  \snippet TEMP_RX_SUT.c usage_TEMP_RX_Read  
 112:Generated_Source\PSoC5/TEMP_RX.c **** *******************************************************************************/
 113:Generated_Source\PSoC5/TEMP_RX.c **** uint8 TEMP_RX_Read(void)
 114:Generated_Source\PSoC5/TEMP_RX.c **** {
 138              		.loc 1 114 0
 139              		.cfi_startproc
 140              		@ args = 0, pretend = 0, frame = 0
 141              		@ frame_needed = 1, uses_anonymous_args = 0
 142              		@ link register save eliminated.
 143 0000 80B4     		push	{r7}
 144              		.cfi_def_cfa_offset 4
 145              		.cfi_offset 7, -4
 146 0002 00AF     		add	r7, sp, #0
 147              		.cfi_def_cfa_register 7
 115:Generated_Source\PSoC5/TEMP_RX.c ****     return (TEMP_RX_PS & TEMP_RX_MASK) >> TEMP_RX_SHIFT;
 148              		.loc 1 115 0
 149 0004 044B     		ldr	r3, .L9
 150 0006 1B78     		ldrb	r3, [r3]
 151 0008 DBB2     		uxtb	r3, r3
 152 000a 03F00103 		and	r3, r3, #1
 153 000e DBB2     		uxtb	r3, r3
 116:Generated_Source\PSoC5/TEMP_RX.c **** }
 154              		.loc 1 116 0
 155 0010 1846     		mov	r0, r3
 156 0012 BD46     		mov	sp, r7
 157              		.cfi_def_cfa_register 13
 158              		@ sp needed
 159 0014 80BC     		pop	{r7}
 160              		.cfi_restore 7
 161              		.cfi_def_cfa_offset 0
 162 0016 7047     		bx	lr
 163              	.L10:
 164              		.align	2
 165              	.L9:
 166 0018 31510040 		.word	1073762609
 167              		.cfi_endproc
 168              	.LFE2:
 169              		.size	TEMP_RX_Read, .-TEMP_RX_Read
ARM GAS  C:\Users\jniej\AppData\Local\Temp\ccHQbnFb.s 			page 6


 170              		.section	.text.TEMP_RX_ReadDataReg,"ax",%progbits
 171              		.align	2
 172              		.global	TEMP_RX_ReadDataReg
 173              		.thumb
 174              		.thumb_func
 175              		.type	TEMP_RX_ReadDataReg, %function
 176              	TEMP_RX_ReadDataReg:
 177              	.LFB3:
 117:Generated_Source\PSoC5/TEMP_RX.c **** 
 118:Generated_Source\PSoC5/TEMP_RX.c **** 
 119:Generated_Source\PSoC5/TEMP_RX.c **** /*******************************************************************************
 120:Generated_Source\PSoC5/TEMP_RX.c **** * Function Name: TEMP_RX_ReadDataReg
 121:Generated_Source\PSoC5/TEMP_RX.c **** ****************************************************************************//**
 122:Generated_Source\PSoC5/TEMP_RX.c **** *
 123:Generated_Source\PSoC5/TEMP_RX.c **** * \brief Reads the associated physical port's data output register and masks 
 124:Generated_Source\PSoC5/TEMP_RX.c **** *  the correct bits according to the width and bit position of the component 
 125:Generated_Source\PSoC5/TEMP_RX.c **** *  instance. 
 126:Generated_Source\PSoC5/TEMP_RX.c **** *
 127:Generated_Source\PSoC5/TEMP_RX.c **** * The data output register controls the signal applied to the physical pin in 
 128:Generated_Source\PSoC5/TEMP_RX.c **** * conjunction with the drive mode parameter. This is not the same as the 
 129:Generated_Source\PSoC5/TEMP_RX.c **** * preferred TEMP_RX_Read() API because the 
 130:Generated_Source\PSoC5/TEMP_RX.c **** * TEMP_RX_ReadDataReg() reads the data register instead of the status 
 131:Generated_Source\PSoC5/TEMP_RX.c **** * register. For output pins this is a useful function to determine the value 
 132:Generated_Source\PSoC5/TEMP_RX.c **** * just written to the pin.
 133:Generated_Source\PSoC5/TEMP_RX.c **** *
 134:Generated_Source\PSoC5/TEMP_RX.c **** * \return 
 135:Generated_Source\PSoC5/TEMP_RX.c **** *  The current value of the data register masked and shifted into a right 
 136:Generated_Source\PSoC5/TEMP_RX.c **** *  justified number for the component instance.
 137:Generated_Source\PSoC5/TEMP_RX.c **** *
 138:Generated_Source\PSoC5/TEMP_RX.c **** * \funcusage
 139:Generated_Source\PSoC5/TEMP_RX.c **** *  \snippet TEMP_RX_SUT.c usage_TEMP_RX_ReadDataReg 
 140:Generated_Source\PSoC5/TEMP_RX.c **** *******************************************************************************/
 141:Generated_Source\PSoC5/TEMP_RX.c **** uint8 TEMP_RX_ReadDataReg(void)
 142:Generated_Source\PSoC5/TEMP_RX.c **** {
 178              		.loc 1 142 0
 179              		.cfi_startproc
 180              		@ args = 0, pretend = 0, frame = 0
 181              		@ frame_needed = 1, uses_anonymous_args = 0
 182              		@ link register save eliminated.
 183 0000 80B4     		push	{r7}
 184              		.cfi_def_cfa_offset 4
 185              		.cfi_offset 7, -4
 186 0002 00AF     		add	r7, sp, #0
 187              		.cfi_def_cfa_register 7
 143:Generated_Source\PSoC5/TEMP_RX.c ****     return (TEMP_RX_DR & TEMP_RX_MASK) >> TEMP_RX_SHIFT;
 188              		.loc 1 143 0
 189 0004 044B     		ldr	r3, .L13
 190 0006 1B78     		ldrb	r3, [r3]
 191 0008 DBB2     		uxtb	r3, r3
 192 000a 03F00103 		and	r3, r3, #1
 193 000e DBB2     		uxtb	r3, r3
 144:Generated_Source\PSoC5/TEMP_RX.c **** }
 194              		.loc 1 144 0
 195 0010 1846     		mov	r0, r3
 196 0012 BD46     		mov	sp, r7
 197              		.cfi_def_cfa_register 13
 198              		@ sp needed
ARM GAS  C:\Users\jniej\AppData\Local\Temp\ccHQbnFb.s 			page 7


 199 0014 80BC     		pop	{r7}
 200              		.cfi_restore 7
 201              		.cfi_def_cfa_offset 0
 202 0016 7047     		bx	lr
 203              	.L14:
 204              		.align	2
 205              	.L13:
 206 0018 30510040 		.word	1073762608
 207              		.cfi_endproc
 208              	.LFE3:
 209              		.size	TEMP_RX_ReadDataReg, .-TEMP_RX_ReadDataReg
 210              		.section	.text.TEMP_RX_SetInterruptMode,"ax",%progbits
 211              		.align	2
 212              		.global	TEMP_RX_SetInterruptMode
 213              		.thumb
 214              		.thumb_func
 215              		.type	TEMP_RX_SetInterruptMode, %function
 216              	TEMP_RX_SetInterruptMode:
 217              	.LFB4:
 145:Generated_Source\PSoC5/TEMP_RX.c **** 
 146:Generated_Source\PSoC5/TEMP_RX.c **** 
 147:Generated_Source\PSoC5/TEMP_RX.c **** /* If interrupt is connected for this Pins component */ 
 148:Generated_Source\PSoC5/TEMP_RX.c **** #if defined(TEMP_RX_INTSTAT) 
 149:Generated_Source\PSoC5/TEMP_RX.c **** 
 150:Generated_Source\PSoC5/TEMP_RX.c ****     /*******************************************************************************
 151:Generated_Source\PSoC5/TEMP_RX.c ****     * Function Name: TEMP_RX_SetInterruptMode
 152:Generated_Source\PSoC5/TEMP_RX.c ****     ****************************************************************************//**
 153:Generated_Source\PSoC5/TEMP_RX.c ****     *
 154:Generated_Source\PSoC5/TEMP_RX.c ****     * \brief Configures the interrupt mode for each of the Pins component's
 155:Generated_Source\PSoC5/TEMP_RX.c ****     *  pins. Alternatively you may set the interrupt mode for all the pins
 156:Generated_Source\PSoC5/TEMP_RX.c ****     *  specified in the Pins component.
 157:Generated_Source\PSoC5/TEMP_RX.c ****     *
 158:Generated_Source\PSoC5/TEMP_RX.c ****     *  <b>Note</b> The interrupt is port-wide and therefore any enabled pin
 159:Generated_Source\PSoC5/TEMP_RX.c ****     *  interrupt may trigger it.
 160:Generated_Source\PSoC5/TEMP_RX.c ****     *
 161:Generated_Source\PSoC5/TEMP_RX.c ****     * \param position
 162:Generated_Source\PSoC5/TEMP_RX.c ****     *  The pin position as listed in the Pins component. You may OR these to be 
 163:Generated_Source\PSoC5/TEMP_RX.c ****     *  able to configure the interrupt mode of multiple pins within a Pins 
 164:Generated_Source\PSoC5/TEMP_RX.c ****     *  component. Or you may use TEMP_RX_INTR_ALL to configure the
 165:Generated_Source\PSoC5/TEMP_RX.c ****     *  interrupt mode of all the pins in the Pins component.       
 166:Generated_Source\PSoC5/TEMP_RX.c ****     *  - TEMP_RX_0_INTR       (First pin in the list)
 167:Generated_Source\PSoC5/TEMP_RX.c ****     *  - TEMP_RX_1_INTR       (Second pin in the list)
 168:Generated_Source\PSoC5/TEMP_RX.c ****     *  - ...
 169:Generated_Source\PSoC5/TEMP_RX.c ****     *  - TEMP_RX_INTR_ALL     (All pins in Pins component)
 170:Generated_Source\PSoC5/TEMP_RX.c ****     *
 171:Generated_Source\PSoC5/TEMP_RX.c ****     * \param mode
 172:Generated_Source\PSoC5/TEMP_RX.c ****     *  Interrupt mode for the selected pins. Valid options are documented in
 173:Generated_Source\PSoC5/TEMP_RX.c ****     *  \ref intrMode.
 174:Generated_Source\PSoC5/TEMP_RX.c ****     *
 175:Generated_Source\PSoC5/TEMP_RX.c ****     * \return 
 176:Generated_Source\PSoC5/TEMP_RX.c ****     *  None
 177:Generated_Source\PSoC5/TEMP_RX.c ****     *  
 178:Generated_Source\PSoC5/TEMP_RX.c ****     * \sideeffect
 179:Generated_Source\PSoC5/TEMP_RX.c ****     *  It is recommended that the interrupt be disabled before calling this 
 180:Generated_Source\PSoC5/TEMP_RX.c ****     *  function to avoid unintended interrupt requests. Note that the interrupt
 181:Generated_Source\PSoC5/TEMP_RX.c ****     *  type is port wide, and therefore will trigger for any enabled pin on the 
 182:Generated_Source\PSoC5/TEMP_RX.c ****     *  port.
ARM GAS  C:\Users\jniej\AppData\Local\Temp\ccHQbnFb.s 			page 8


 183:Generated_Source\PSoC5/TEMP_RX.c ****     *
 184:Generated_Source\PSoC5/TEMP_RX.c ****     * \funcusage
 185:Generated_Source\PSoC5/TEMP_RX.c ****     *  \snippet TEMP_RX_SUT.c usage_TEMP_RX_SetInterruptMode
 186:Generated_Source\PSoC5/TEMP_RX.c ****     *******************************************************************************/
 187:Generated_Source\PSoC5/TEMP_RX.c ****     void TEMP_RX_SetInterruptMode(uint16 position, uint16 mode)
 188:Generated_Source\PSoC5/TEMP_RX.c ****     {
 218              		.loc 1 188 0
 219              		.cfi_startproc
 220              		@ args = 0, pretend = 0, frame = 8
 221              		@ frame_needed = 1, uses_anonymous_args = 0
 222              		@ link register save eliminated.
 223 0000 80B4     		push	{r7}
 224              		.cfi_def_cfa_offset 4
 225              		.cfi_offset 7, -4
 226 0002 83B0     		sub	sp, sp, #12
 227              		.cfi_def_cfa_offset 16
 228 0004 00AF     		add	r7, sp, #0
 229              		.cfi_def_cfa_register 7
 230 0006 0346     		mov	r3, r0
 231 0008 0A46     		mov	r2, r1
 232 000a FB80     		strh	r3, [r7, #6]	@ movhi
 233 000c 1346     		mov	r3, r2	@ movhi
 234 000e BB80     		strh	r3, [r7, #4]	@ movhi
 189:Generated_Source\PSoC5/TEMP_RX.c **** 		if((position & TEMP_RX_0_INTR) != 0u) 
 235              		.loc 1 189 0
 236 0010 FB88     		ldrh	r3, [r7, #6]
 237 0012 03F00103 		and	r3, r3, #1
 238 0016 002B     		cmp	r3, #0
 239 0018 03D0     		beq	.L17
 190:Generated_Source\PSoC5/TEMP_RX.c **** 		{ 
 191:Generated_Source\PSoC5/TEMP_RX.c **** 			 TEMP_RX_0_INTTYPE_REG = (uint8)mode; 
 240              		.loc 1 191 0
 241 001a 044B     		ldr	r3, .L18
 242 001c BA88     		ldrh	r2, [r7, #4]	@ movhi
 243 001e D2B2     		uxtb	r2, r2
 244 0020 1A70     		strb	r2, [r3]
 245              	.L17:
 192:Generated_Source\PSoC5/TEMP_RX.c **** 		}
 193:Generated_Source\PSoC5/TEMP_RX.c ****     }
 246              		.loc 1 193 0
 247 0022 00BF     		nop
 248 0024 0C37     		adds	r7, r7, #12
 249              		.cfi_def_cfa_offset 4
 250 0026 BD46     		mov	sp, r7
 251              		.cfi_def_cfa_register 13
 252              		@ sp needed
 253 0028 80BC     		pop	{r7}
 254              		.cfi_restore 7
 255              		.cfi_def_cfa_offset 0
 256 002a 7047     		bx	lr
 257              	.L19:
 258              		.align	2
 259              	.L18:
 260 002c 18450040 		.word	1073759512
 261              		.cfi_endproc
 262              	.LFE4:
 263              		.size	TEMP_RX_SetInterruptMode, .-TEMP_RX_SetInterruptMode
ARM GAS  C:\Users\jniej\AppData\Local\Temp\ccHQbnFb.s 			page 9


 264              		.section	.text.TEMP_RX_ClearInterrupt,"ax",%progbits
 265              		.align	2
 266              		.global	TEMP_RX_ClearInterrupt
 267              		.thumb
 268              		.thumb_func
 269              		.type	TEMP_RX_ClearInterrupt, %function
 270              	TEMP_RX_ClearInterrupt:
 271              	.LFB5:
 194:Generated_Source\PSoC5/TEMP_RX.c ****     
 195:Generated_Source\PSoC5/TEMP_RX.c ****     
 196:Generated_Source\PSoC5/TEMP_RX.c ****     /*******************************************************************************
 197:Generated_Source\PSoC5/TEMP_RX.c ****     * Function Name: TEMP_RX_ClearInterrupt
 198:Generated_Source\PSoC5/TEMP_RX.c ****     ****************************************************************************//**
 199:Generated_Source\PSoC5/TEMP_RX.c ****     *
 200:Generated_Source\PSoC5/TEMP_RX.c ****     * \brief Clears any active interrupts attached with the component and returns 
 201:Generated_Source\PSoC5/TEMP_RX.c ****     *  the value of the interrupt status register allowing determination of which
 202:Generated_Source\PSoC5/TEMP_RX.c ****     *  pins generated an interrupt event.
 203:Generated_Source\PSoC5/TEMP_RX.c ****     *
 204:Generated_Source\PSoC5/TEMP_RX.c ****     * \return 
 205:Generated_Source\PSoC5/TEMP_RX.c ****     *  The right-shifted current value of the interrupt status register. Each pin 
 206:Generated_Source\PSoC5/TEMP_RX.c ****     *  has one bit set if it generated an interrupt event. For example, bit 0 is 
 207:Generated_Source\PSoC5/TEMP_RX.c ****     *  for pin 0 and bit 1 is for pin 1 of the Pins component.
 208:Generated_Source\PSoC5/TEMP_RX.c ****     *  
 209:Generated_Source\PSoC5/TEMP_RX.c ****     * \sideeffect
 210:Generated_Source\PSoC5/TEMP_RX.c ****     *  Clears all bits of the physical port's interrupt status register, not just
 211:Generated_Source\PSoC5/TEMP_RX.c ****     *  those associated with the Pins component.
 212:Generated_Source\PSoC5/TEMP_RX.c ****     *
 213:Generated_Source\PSoC5/TEMP_RX.c ****     * \funcusage
 214:Generated_Source\PSoC5/TEMP_RX.c ****     *  \snippet TEMP_RX_SUT.c usage_TEMP_RX_ClearInterrupt
 215:Generated_Source\PSoC5/TEMP_RX.c ****     *******************************************************************************/
 216:Generated_Source\PSoC5/TEMP_RX.c ****     uint8 TEMP_RX_ClearInterrupt(void)
 217:Generated_Source\PSoC5/TEMP_RX.c ****     {
 272              		.loc 1 217 0
 273              		.cfi_startproc
 274              		@ args = 0, pretend = 0, frame = 0
 275              		@ frame_needed = 1, uses_anonymous_args = 0
 276              		@ link register save eliminated.
 277 0000 80B4     		push	{r7}
 278              		.cfi_def_cfa_offset 4
 279              		.cfi_offset 7, -4
 280 0002 00AF     		add	r7, sp, #0
 281              		.cfi_def_cfa_register 7
 218:Generated_Source\PSoC5/TEMP_RX.c ****         return (TEMP_RX_INTSTAT & TEMP_RX_MASK) >> TEMP_RX_SHIFT;
 282              		.loc 1 218 0
 283 0004 044B     		ldr	r3, .L22
 284 0006 1B78     		ldrb	r3, [r3]
 285 0008 DBB2     		uxtb	r3, r3
 286 000a 03F00103 		and	r3, r3, #1
 287 000e DBB2     		uxtb	r3, r3
 219:Generated_Source\PSoC5/TEMP_RX.c ****     }
 288              		.loc 1 219 0
 289 0010 1846     		mov	r0, r3
 290 0012 BD46     		mov	sp, r7
 291              		.cfi_def_cfa_register 13
 292              		@ sp needed
 293 0014 80BC     		pop	{r7}
 294              		.cfi_restore 7
ARM GAS  C:\Users\jniej\AppData\Local\Temp\ccHQbnFb.s 			page 10


 295              		.cfi_def_cfa_offset 0
 296 0016 7047     		bx	lr
 297              	.L23:
 298              		.align	2
 299              	.L22:
 300 0018 83450040 		.word	1073759619
 301              		.cfi_endproc
 302              	.LFE5:
 303              		.size	TEMP_RX_ClearInterrupt, .-TEMP_RX_ClearInterrupt
 304              		.text
 305              	.Letext0:
 306              		.file 2 "Generated_Source\\PSoC5\\cytypes.h"
 307              		.section	.debug_info,"",%progbits
 308              	.Ldebug_info0:
 309 0000 6D010000 		.4byte	0x16d
 310 0004 0400     		.2byte	0x4
 311 0006 00000000 		.4byte	.Ldebug_abbrev0
 312 000a 04       		.byte	0x4
 313 000b 01       		.uleb128 0x1
 314 000c 00000000 		.4byte	.LASF24
 315 0010 0C       		.byte	0xc
 316 0011 F9000000 		.4byte	.LASF25
 317 0015 44010000 		.4byte	.LASF26
 318 0019 00000000 		.4byte	.Ldebug_ranges0+0
 319 001d 00000000 		.4byte	0
 320 0021 00000000 		.4byte	.Ldebug_line0
 321 0025 02       		.uleb128 0x2
 322 0026 01       		.byte	0x1
 323 0027 06       		.byte	0x6
 324 0028 1F020000 		.4byte	.LASF0
 325 002c 02       		.uleb128 0x2
 326 002d 01       		.byte	0x1
 327 002e 08       		.byte	0x8
 328 002f EB000000 		.4byte	.LASF1
 329 0033 02       		.uleb128 0x2
 330 0034 02       		.byte	0x2
 331 0035 05       		.byte	0x5
 332 0036 06020000 		.4byte	.LASF2
 333 003a 02       		.uleb128 0x2
 334 003b 02       		.byte	0x2
 335 003c 07       		.byte	0x7
 336 003d 31010000 		.4byte	.LASF3
 337 0041 02       		.uleb128 0x2
 338 0042 04       		.byte	0x4
 339 0043 05       		.byte	0x5
 340 0044 16020000 		.4byte	.LASF4
 341 0048 02       		.uleb128 0x2
 342 0049 04       		.byte	0x4
 343 004a 07       		.byte	0x7
 344 004b 1F010000 		.4byte	.LASF5
 345 004f 02       		.uleb128 0x2
 346 0050 08       		.byte	0x8
 347 0051 05       		.byte	0x5
 348 0052 F3010000 		.4byte	.LASF6
 349 0056 02       		.uleb128 0x2
 350 0057 08       		.byte	0x8
 351 0058 07       		.byte	0x7
ARM GAS  C:\Users\jniej\AppData\Local\Temp\ccHQbnFb.s 			page 11


 352 0059 D7010000 		.4byte	.LASF7
 353 005d 03       		.uleb128 0x3
 354 005e 04       		.byte	0x4
 355 005f 05       		.byte	0x5
 356 0060 696E7400 		.ascii	"int\000"
 357 0064 02       		.uleb128 0x2
 358 0065 04       		.byte	0x4
 359 0066 07       		.byte	0x7
 360 0067 CA010000 		.4byte	.LASF8
 361 006b 04       		.uleb128 0x4
 362 006c 10020000 		.4byte	.LASF9
 363 0070 02       		.byte	0x2
 364 0071 9201     		.2byte	0x192
 365 0073 2C000000 		.4byte	0x2c
 366 0077 04       		.uleb128 0x4
 367 0078 BA010000 		.4byte	.LASF10
 368 007c 02       		.byte	0x2
 369 007d 9301     		.2byte	0x193
 370 007f 3A000000 		.4byte	0x3a
 371 0083 02       		.uleb128 0x2
 372 0084 04       		.byte	0x4
 373 0085 04       		.byte	0x4
 374 0086 E5000000 		.4byte	.LASF11
 375 008a 02       		.uleb128 0x2
 376 008b 08       		.byte	0x8
 377 008c 04       		.byte	0x4
 378 008d 9A010000 		.4byte	.LASF12
 379 0091 02       		.uleb128 0x2
 380 0092 01       		.byte	0x1
 381 0093 08       		.byte	0x8
 382 0094 01020000 		.4byte	.LASF13
 383 0098 04       		.uleb128 0x4
 384 0099 1A010000 		.4byte	.LASF14
 385 009d 02       		.byte	0x2
 386 009e 3C02     		.2byte	0x23c
 387 00a0 A4000000 		.4byte	0xa4
 388 00a4 05       		.uleb128 0x5
 389 00a5 6B000000 		.4byte	0x6b
 390 00a9 06       		.uleb128 0x6
 391 00aa AB000000 		.4byte	.LASF15
 392 00ae 01       		.byte	0x1
 393 00af 39       		.byte	0x39
 394 00b0 00000000 		.4byte	.LFB0
 395 00b4 38000000 		.4byte	.LFE0-.LFB0
 396 00b8 01       		.uleb128 0x1
 397 00b9 9C       		.byte	0x9c
 398 00ba DB000000 		.4byte	0xdb
 399 00be 07       		.uleb128 0x7
 400 00bf 8E000000 		.4byte	.LASF17
 401 00c3 01       		.byte	0x1
 402 00c4 39       		.byte	0x39
 403 00c5 6B000000 		.4byte	0x6b
 404 00c9 02       		.uleb128 0x2
 405 00ca 91       		.byte	0x91
 406 00cb 6F       		.sleb128 -17
 407 00cc 08       		.uleb128 0x8
 408 00cd B9000000 		.4byte	.LASF27
ARM GAS  C:\Users\jniej\AppData\Local\Temp\ccHQbnFb.s 			page 12


 409 00d1 01       		.byte	0x1
 410 00d2 3B       		.byte	0x3b
 411 00d3 6B000000 		.4byte	0x6b
 412 00d7 02       		.uleb128 0x2
 413 00d8 91       		.byte	0x91
 414 00d9 77       		.sleb128 -9
 415 00da 00       		.byte	0
 416 00db 06       		.uleb128 0x6
 417 00dc 85010000 		.4byte	.LASF16
 418 00e0 01       		.byte	0x1
 419 00e1 5A       		.byte	0x5a
 420 00e2 00000000 		.4byte	.LFB1
 421 00e6 3C000000 		.4byte	.LFE1-.LFB1
 422 00ea 01       		.uleb128 0x1
 423 00eb 9C       		.byte	0x9c
 424 00ec FF000000 		.4byte	0xff
 425 00f0 07       		.uleb128 0x7
 426 00f1 EE010000 		.4byte	.LASF18
 427 00f5 01       		.byte	0x1
 428 00f6 5A       		.byte	0x5a
 429 00f7 6B000000 		.4byte	0x6b
 430 00fb 02       		.uleb128 0x2
 431 00fc 91       		.byte	0x91
 432 00fd 77       		.sleb128 -9
 433 00fe 00       		.byte	0
 434 00ff 09       		.uleb128 0x9
 435 0100 C4000000 		.4byte	.LASF19
 436 0104 01       		.byte	0x1
 437 0105 71       		.byte	0x71
 438 0106 6B000000 		.4byte	0x6b
 439 010a 00000000 		.4byte	.LFB2
 440 010e 1C000000 		.4byte	.LFE2-.LFB2
 441 0112 01       		.uleb128 0x1
 442 0113 9C       		.byte	0x9c
 443 0114 09       		.uleb128 0x9
 444 0115 D1000000 		.4byte	.LASF20
 445 0119 01       		.byte	0x1
 446 011a 8D       		.byte	0x8d
 447 011b 6B000000 		.4byte	0x6b
 448 011f 00000000 		.4byte	.LFB3
 449 0123 1C000000 		.4byte	.LFE3-.LFB3
 450 0127 01       		.uleb128 0x1
 451 0128 9C       		.byte	0x9c
 452 0129 06       		.uleb128 0x6
 453 012a A1010000 		.4byte	.LASF21
 454 012e 01       		.byte	0x1
 455 012f BB       		.byte	0xbb
 456 0130 00000000 		.4byte	.LFB4
 457 0134 30000000 		.4byte	.LFE4-.LFB4
 458 0138 01       		.uleb128 0x1
 459 0139 9C       		.byte	0x9c
 460 013a 5B010000 		.4byte	0x15b
 461 013e 07       		.uleb128 0x7
 462 013f C1010000 		.4byte	.LASF22
 463 0143 01       		.byte	0x1
 464 0144 BB       		.byte	0xbb
 465 0145 77000000 		.4byte	0x77
ARM GAS  C:\Users\jniej\AppData\Local\Temp\ccHQbnFb.s 			page 13


 466 0149 02       		.uleb128 0x2
 467 014a 91       		.byte	0x91
 468 014b 76       		.sleb128 -10
 469 014c 07       		.uleb128 0x7
 470 014d EE010000 		.4byte	.LASF18
 471 0151 01       		.byte	0x1
 472 0152 BB       		.byte	0xbb
 473 0153 77000000 		.4byte	0x77
 474 0157 02       		.uleb128 0x2
 475 0158 91       		.byte	0x91
 476 0159 74       		.sleb128 -12
 477 015a 00       		.byte	0
 478 015b 09       		.uleb128 0x9
 479 015c 94000000 		.4byte	.LASF23
 480 0160 01       		.byte	0x1
 481 0161 D8       		.byte	0xd8
 482 0162 6B000000 		.4byte	0x6b
 483 0166 00000000 		.4byte	.LFB5
 484 016a 1C000000 		.4byte	.LFE5-.LFB5
 485 016e 01       		.uleb128 0x1
 486 016f 9C       		.byte	0x9c
 487 0170 00       		.byte	0
 488              		.section	.debug_abbrev,"",%progbits
 489              	.Ldebug_abbrev0:
 490 0000 01       		.uleb128 0x1
 491 0001 11       		.uleb128 0x11
 492 0002 01       		.byte	0x1
 493 0003 25       		.uleb128 0x25
 494 0004 0E       		.uleb128 0xe
 495 0005 13       		.uleb128 0x13
 496 0006 0B       		.uleb128 0xb
 497 0007 03       		.uleb128 0x3
 498 0008 0E       		.uleb128 0xe
 499 0009 1B       		.uleb128 0x1b
 500 000a 0E       		.uleb128 0xe
 501 000b 55       		.uleb128 0x55
 502 000c 17       		.uleb128 0x17
 503 000d 11       		.uleb128 0x11
 504 000e 01       		.uleb128 0x1
 505 000f 10       		.uleb128 0x10
 506 0010 17       		.uleb128 0x17
 507 0011 00       		.byte	0
 508 0012 00       		.byte	0
 509 0013 02       		.uleb128 0x2
 510 0014 24       		.uleb128 0x24
 511 0015 00       		.byte	0
 512 0016 0B       		.uleb128 0xb
 513 0017 0B       		.uleb128 0xb
 514 0018 3E       		.uleb128 0x3e
 515 0019 0B       		.uleb128 0xb
 516 001a 03       		.uleb128 0x3
 517 001b 0E       		.uleb128 0xe
 518 001c 00       		.byte	0
 519 001d 00       		.byte	0
 520 001e 03       		.uleb128 0x3
 521 001f 24       		.uleb128 0x24
 522 0020 00       		.byte	0
ARM GAS  C:\Users\jniej\AppData\Local\Temp\ccHQbnFb.s 			page 14


 523 0021 0B       		.uleb128 0xb
 524 0022 0B       		.uleb128 0xb
 525 0023 3E       		.uleb128 0x3e
 526 0024 0B       		.uleb128 0xb
 527 0025 03       		.uleb128 0x3
 528 0026 08       		.uleb128 0x8
 529 0027 00       		.byte	0
 530 0028 00       		.byte	0
 531 0029 04       		.uleb128 0x4
 532 002a 16       		.uleb128 0x16
 533 002b 00       		.byte	0
 534 002c 03       		.uleb128 0x3
 535 002d 0E       		.uleb128 0xe
 536 002e 3A       		.uleb128 0x3a
 537 002f 0B       		.uleb128 0xb
 538 0030 3B       		.uleb128 0x3b
 539 0031 05       		.uleb128 0x5
 540 0032 49       		.uleb128 0x49
 541 0033 13       		.uleb128 0x13
 542 0034 00       		.byte	0
 543 0035 00       		.byte	0
 544 0036 05       		.uleb128 0x5
 545 0037 35       		.uleb128 0x35
 546 0038 00       		.byte	0
 547 0039 49       		.uleb128 0x49
 548 003a 13       		.uleb128 0x13
 549 003b 00       		.byte	0
 550 003c 00       		.byte	0
 551 003d 06       		.uleb128 0x6
 552 003e 2E       		.uleb128 0x2e
 553 003f 01       		.byte	0x1
 554 0040 3F       		.uleb128 0x3f
 555 0041 19       		.uleb128 0x19
 556 0042 03       		.uleb128 0x3
 557 0043 0E       		.uleb128 0xe
 558 0044 3A       		.uleb128 0x3a
 559 0045 0B       		.uleb128 0xb
 560 0046 3B       		.uleb128 0x3b
 561 0047 0B       		.uleb128 0xb
 562 0048 27       		.uleb128 0x27
 563 0049 19       		.uleb128 0x19
 564 004a 11       		.uleb128 0x11
 565 004b 01       		.uleb128 0x1
 566 004c 12       		.uleb128 0x12
 567 004d 06       		.uleb128 0x6
 568 004e 40       		.uleb128 0x40
 569 004f 18       		.uleb128 0x18
 570 0050 9742     		.uleb128 0x2117
 571 0052 19       		.uleb128 0x19
 572 0053 01       		.uleb128 0x1
 573 0054 13       		.uleb128 0x13
 574 0055 00       		.byte	0
 575 0056 00       		.byte	0
 576 0057 07       		.uleb128 0x7
 577 0058 05       		.uleb128 0x5
 578 0059 00       		.byte	0
 579 005a 03       		.uleb128 0x3
ARM GAS  C:\Users\jniej\AppData\Local\Temp\ccHQbnFb.s 			page 15


 580 005b 0E       		.uleb128 0xe
 581 005c 3A       		.uleb128 0x3a
 582 005d 0B       		.uleb128 0xb
 583 005e 3B       		.uleb128 0x3b
 584 005f 0B       		.uleb128 0xb
 585 0060 49       		.uleb128 0x49
 586 0061 13       		.uleb128 0x13
 587 0062 02       		.uleb128 0x2
 588 0063 18       		.uleb128 0x18
 589 0064 00       		.byte	0
 590 0065 00       		.byte	0
 591 0066 08       		.uleb128 0x8
 592 0067 34       		.uleb128 0x34
 593 0068 00       		.byte	0
 594 0069 03       		.uleb128 0x3
 595 006a 0E       		.uleb128 0xe
 596 006b 3A       		.uleb128 0x3a
 597 006c 0B       		.uleb128 0xb
 598 006d 3B       		.uleb128 0x3b
 599 006e 0B       		.uleb128 0xb
 600 006f 49       		.uleb128 0x49
 601 0070 13       		.uleb128 0x13
 602 0071 02       		.uleb128 0x2
 603 0072 18       		.uleb128 0x18
 604 0073 00       		.byte	0
 605 0074 00       		.byte	0
 606 0075 09       		.uleb128 0x9
 607 0076 2E       		.uleb128 0x2e
 608 0077 00       		.byte	0
 609 0078 3F       		.uleb128 0x3f
 610 0079 19       		.uleb128 0x19
 611 007a 03       		.uleb128 0x3
 612 007b 0E       		.uleb128 0xe
 613 007c 3A       		.uleb128 0x3a
 614 007d 0B       		.uleb128 0xb
 615 007e 3B       		.uleb128 0x3b
 616 007f 0B       		.uleb128 0xb
 617 0080 27       		.uleb128 0x27
 618 0081 19       		.uleb128 0x19
 619 0082 49       		.uleb128 0x49
 620 0083 13       		.uleb128 0x13
 621 0084 11       		.uleb128 0x11
 622 0085 01       		.uleb128 0x1
 623 0086 12       		.uleb128 0x12
 624 0087 06       		.uleb128 0x6
 625 0088 40       		.uleb128 0x40
 626 0089 18       		.uleb128 0x18
 627 008a 9742     		.uleb128 0x2117
 628 008c 19       		.uleb128 0x19
 629 008d 00       		.byte	0
 630 008e 00       		.byte	0
 631 008f 00       		.byte	0
 632              		.section	.debug_aranges,"",%progbits
 633 0000 44000000 		.4byte	0x44
 634 0004 0200     		.2byte	0x2
 635 0006 00000000 		.4byte	.Ldebug_info0
 636 000a 04       		.byte	0x4
ARM GAS  C:\Users\jniej\AppData\Local\Temp\ccHQbnFb.s 			page 16


 637 000b 00       		.byte	0
 638 000c 0000     		.2byte	0
 639 000e 0000     		.2byte	0
 640 0010 00000000 		.4byte	.LFB0
 641 0014 38000000 		.4byte	.LFE0-.LFB0
 642 0018 00000000 		.4byte	.LFB1
 643 001c 3C000000 		.4byte	.LFE1-.LFB1
 644 0020 00000000 		.4byte	.LFB2
 645 0024 1C000000 		.4byte	.LFE2-.LFB2
 646 0028 00000000 		.4byte	.LFB3
 647 002c 1C000000 		.4byte	.LFE3-.LFB3
 648 0030 00000000 		.4byte	.LFB4
 649 0034 30000000 		.4byte	.LFE4-.LFB4
 650 0038 00000000 		.4byte	.LFB5
 651 003c 1C000000 		.4byte	.LFE5-.LFB5
 652 0040 00000000 		.4byte	0
 653 0044 00000000 		.4byte	0
 654              		.section	.debug_ranges,"",%progbits
 655              	.Ldebug_ranges0:
 656 0000 00000000 		.4byte	.LFB0
 657 0004 38000000 		.4byte	.LFE0
 658 0008 00000000 		.4byte	.LFB1
 659 000c 3C000000 		.4byte	.LFE1
 660 0010 00000000 		.4byte	.LFB2
 661 0014 1C000000 		.4byte	.LFE2
 662 0018 00000000 		.4byte	.LFB3
 663 001c 1C000000 		.4byte	.LFE3
 664 0020 00000000 		.4byte	.LFB4
 665 0024 30000000 		.4byte	.LFE4
 666 0028 00000000 		.4byte	.LFB5
 667 002c 1C000000 		.4byte	.LFE5
 668 0030 00000000 		.4byte	0
 669 0034 00000000 		.4byte	0
 670              		.section	.debug_line,"",%progbits
 671              	.Ldebug_line0:
 672 0000 B8000000 		.section	.debug_str,"MS",%progbits,1
 672      02004400 
 672      00000201 
 672      FB0E0D00 
 672      01010101 
 673              	.LASF24:
 674 0000 474E5520 		.ascii	"GNU C11 5.4.1 20160609 (release) [ARM/embedded-5-br"
 674      43313120 
 674      352E342E 
 674      31203230 
 674      31363036 
 675 0033 616E6368 		.ascii	"anch revision 237715] -mcpu=cortex-m3 -mthumb -g -O"
 675      20726576 
 675      6973696F 
 675      6E203233 
 675      37373135 
 676 0066 30202D66 		.ascii	"0 -ffunction-sections -ffat-lto-objects\000"
 676      66756E63 
 676      74696F6E 
 676      2D736563 
 676      74696F6E 
 677              	.LASF17:
ARM GAS  C:\Users\jniej\AppData\Local\Temp\ccHQbnFb.s 			page 17


 678 008e 76616C75 		.ascii	"value\000"
 678      6500
 679              	.LASF23:
 680 0094 54454D50 		.ascii	"TEMP_RX_ClearInterrupt\000"
 680      5F52585F 
 680      436C6561 
 680      72496E74 
 680      65727275 
 681              	.LASF15:
 682 00ab 54454D50 		.ascii	"TEMP_RX_Write\000"
 682      5F52585F 
 682      57726974 
 682      6500
 683              	.LASF27:
 684 00b9 73746174 		.ascii	"staticBits\000"
 684      69634269 
 684      747300
 685              	.LASF19:
 686 00c4 54454D50 		.ascii	"TEMP_RX_Read\000"
 686      5F52585F 
 686      52656164 
 686      00
 687              	.LASF20:
 688 00d1 54454D50 		.ascii	"TEMP_RX_ReadDataReg\000"
 688      5F52585F 
 688      52656164 
 688      44617461 
 688      52656700 
 689              	.LASF11:
 690 00e5 666C6F61 		.ascii	"float\000"
 690      7400
 691              	.LASF1:
 692 00eb 756E7369 		.ascii	"unsigned char\000"
 692      676E6564 
 692      20636861 
 692      7200
 693              	.LASF25:
 694 00f9 47656E65 		.ascii	"Generated_Source\\PSoC5\\TEMP_RX.c\000"
 694      72617465 
 694      645F536F 
 694      75726365 
 694      5C50536F 
 695              	.LASF14:
 696 011a 72656738 		.ascii	"reg8\000"
 696      00
 697              	.LASF5:
 698 011f 6C6F6E67 		.ascii	"long unsigned int\000"
 698      20756E73 
 698      69676E65 
 698      6420696E 
 698      7400
 699              	.LASF3:
 700 0131 73686F72 		.ascii	"short unsigned int\000"
 700      7420756E 
 700      7369676E 
 700      65642069 
 700      6E7400
ARM GAS  C:\Users\jniej\AppData\Local\Temp\ccHQbnFb.s 			page 18


 701              	.LASF26:
 702 0144 433A5C55 		.ascii	"C:\\Users\\jniej\\OneDrive\\Documents\\GitHub\\noto"
 702      73657273 
 702      5C6A6E69 
 702      656A5C4F 
 702      6E654472 
 703 0171 72694F53 		.ascii	"riOS\\notoriOS.cydsn\000"
 703      5C6E6F74 
 703      6F72694F 
 703      532E6379 
 703      64736E00 
 704              	.LASF16:
 705 0185 54454D50 		.ascii	"TEMP_RX_SetDriveMode\000"
 705      5F52585F 
 705      53657444 
 705      72697665 
 705      4D6F6465 
 706              	.LASF12:
 707 019a 646F7562 		.ascii	"double\000"
 707      6C6500
 708              	.LASF21:
 709 01a1 54454D50 		.ascii	"TEMP_RX_SetInterruptMode\000"
 709      5F52585F 
 709      53657449 
 709      6E746572 
 709      72757074 
 710              	.LASF10:
 711 01ba 75696E74 		.ascii	"uint16\000"
 711      313600
 712              	.LASF22:
 713 01c1 706F7369 		.ascii	"position\000"
 713      74696F6E 
 713      00
 714              	.LASF8:
 715 01ca 756E7369 		.ascii	"unsigned int\000"
 715      676E6564 
 715      20696E74 
 715      00
 716              	.LASF7:
 717 01d7 6C6F6E67 		.ascii	"long long unsigned int\000"
 717      206C6F6E 
 717      6720756E 
 717      7369676E 
 717      65642069 
 718              	.LASF18:
 719 01ee 6D6F6465 		.ascii	"mode\000"
 719      00
 720              	.LASF6:
 721 01f3 6C6F6E67 		.ascii	"long long int\000"
 721      206C6F6E 
 721      6720696E 
 721      7400
 722              	.LASF13:
 723 0201 63686172 		.ascii	"char\000"
 723      00
 724              	.LASF2:
 725 0206 73686F72 		.ascii	"short int\000"
ARM GAS  C:\Users\jniej\AppData\Local\Temp\ccHQbnFb.s 			page 19


 725      7420696E 
 725      7400
 726              	.LASF9:
 727 0210 75696E74 		.ascii	"uint8\000"
 727      3800
 728              	.LASF4:
 729 0216 6C6F6E67 		.ascii	"long int\000"
 729      20696E74 
 729      00
 730              	.LASF0:
 731 021f 7369676E 		.ascii	"signed char\000"
 731      65642063 
 731      68617200 
 732              		.ident	"GCC: (GNU Tools for ARM Embedded Processors) 5.4.1 20160609 (release) [ARM/embedded-5-bran
