ARM GAS  C:\Users\klabu\AppData\Local\Temp\cctFTLZS.s 			page 1


   1              		.syntax unified
   2              		.cpu cortex-m3
   3              		.fpu softvfp
   4              		.eabi_attribute 20, 1
   5              		.eabi_attribute 21, 1
   6              		.eabi_attribute 23, 3
   7              		.eabi_attribute 24, 1
   8              		.eabi_attribute 25, 1
   9              		.eabi_attribute 26, 1
  10              		.eabi_attribute 30, 6
  11              		.eabi_attribute 34, 1
  12              		.eabi_attribute 18, 4
  13              		.thumb
  14              		.syntax unified
  15              		.file	"voltages.c"
  16              		.text
  17              	.Ltext0:
  18              		.cfi_sections	.debug_frame
  19              		.comm	modem_state,1,1
  20              		.comm	modem_start_time_stamp,4,4
  21              		.comm	modem_info,60,4
  22              		.comm	modem_stats,32,4
  23              		.comm	updatable_parameters,3,4
  24              		.syntax unified
  25              		.global _printf_float
  26              		.thumb
  27              		.syntax unified
  28              		.comm	dataPointsInStack,2,2
  29              		.comm	dataPointsInStackDesired,2,2
  30              		.comm	data,6600,4
  31              		.comm	http_request,10000,4
  32              		.comm	http_body,10000,4
  33              		.comm	http_route,200,4
  34              		.comm	system_info,28,4
  35              		.comm	system_settings,104,4
  36              		.comm	alarmMeasure,6,4
  37              		.comm	timeToMeasure,1,1
  38              		.comm	alarmSync,6,4
  39              		.comm	timeToSync,1,1
  40              		.comm	timeToSycnRemoteParams,1,1
  41              		.comm	hey,1,1
  42              		.global	__aeabi_f2d
  43              		.global	__aeabi_dsub
  44              		.global	__aeabi_d2f
  45              		.global	__aeabi_fmul
  46              		.global	__aeabi_fsub
  47              		.section	.text.voltage_take_readings,"ax",%progbits
  48              		.align	2
  49              		.global	voltage_take_readings
  50              		.thumb
  51              		.thumb_func
  52              		.type	voltage_take_readings, %function
  53              	voltage_take_readings:
  54              	.LFB64:
  55              		.file 1 "voltages.c"
   1:voltages.c    **** #include "voltages.h"
   2:voltages.c    **** #include "notoriOS.h"
ARM GAS  C:\Users\klabu\AppData\Local\Temp\cctFTLZS.s 			page 2


   3:voltages.c    **** #include <stdio.h>
   4:voltages.c    **** #include <string.h>
   5:voltages.c    **** 
   6:voltages.c    **** 
   7:voltages.c    **** 
   8:voltages.c    **** voltage_t voltage_take_readings(){
  56              		.loc 1 8 0
  57              		.cfi_startproc
  58              		@ args = 0, pretend = 0, frame = 96
  59              		@ frame_needed = 1, uses_anonymous_args = 0
  60 0000 B0B5     		push	{r4, r5, r7, lr}
  61              		.cfi_def_cfa_offset 16
  62              		.cfi_offset 4, -16
  63              		.cfi_offset 5, -12
  64              		.cfi_offset 7, -8
  65              		.cfi_offset 14, -4
  66 0002 98B0     		sub	sp, sp, #96
  67              		.cfi_def_cfa_offset 112
  68 0004 00AF     		add	r7, sp, #0
  69              		.cfi_def_cfa_register 7
  70 0006 7860     		str	r0, [r7, #4]
   9:voltages.c    ****     
  10:voltages.c    ****     voltage_t voltage;  // Create variable voltage of data structure voltage_t.
  11:voltages.c    ****     
  12:voltages.c    **** 	Battery_Voltage_Enable_Write(ON);   // Flip on the Battery Voltage ADC pin high (turns it on).
  71              		.loc 1 12 0
  72 0008 0120     		movs	r0, #1
  73 000a FFF7FEFF 		bl	Battery_Voltage_Enable_Write
  13:voltages.c    ****     Pressure_Voltage_Enable_Write(ON);  // Flip on the Pressure Transducer Voltage ADC pin high (tu
  74              		.loc 1 13 0
  75 000e 0120     		movs	r0, #1
  76 0010 FFF7FEFF 		bl	Pressure_Voltage_Enable_Write
  14:voltages.c    ****     
  15:voltages.c    **** 	CyDelay(10u);	    // 10 seconds delay to give time to flip on ADC pin.
  77              		.loc 1 15 0
  78 0014 0A20     		movs	r0, #10
  79 0016 FFF7FEFF 		bl	CyDelay
  16:voltages.c    ****     
  17:voltages.c    ****     ADC_RestoreConfig();// Have to call this and save (See below). Otherwise ADC won't work through
  80              		.loc 1 17 0
  81 001a FFF7FEFF 		bl	ADC_RestoreConfig
  18:voltages.c    **** 	
  19:voltages.c    **** 	ADC_Start();        // Start the ADC
  82              		.loc 1 19 0
  83 001e FFF7FEFF 		bl	ADC_Start
  20:voltages.c    ****     
  21:voltages.c    ****     ADC_StartConvert(); // Forces the ADC to initiate a conversion. If in the "Single Sample" mode,
  84              		.loc 1 21 0
  85 0022 FFF7FEFF 		bl	ADC_StartConvert
  22:voltages.c    ****     AMux_Start();       // Start the Analog Multiplexer
  86              		.loc 1 22 0
  87 0026 FFF7FEFF 		bl	AMux_Start
  88              	.LBB2:
  23:voltages.c    ****  
  24:voltages.c    ****     
  25:voltages.c    ****     float channels[AMux_CHANNELS];
  26:voltages.c    ****     
ARM GAS  C:\Users\klabu\AppData\Local\Temp\cctFTLZS.s 			page 3


  27:voltages.c    ****     for(uint8 c = 0; c< AMux_CHANNELS + 1; c++) // Sweep the MUX Channels
  89              		.loc 1 27 0
  90 002a 0023     		movs	r3, #0
  91 002c 87F85F30 		strb	r3, [r7, #95]
  92 0030 34E0     		b	.L2
  93              	.L5:
  94              	.LBB3:
  28:voltages.c    ****     {
  29:voltages.c    ****         
  30:voltages.c    ****         int32 readings[N_SAMPLES];  // Creates new int32 array called readings of size N_SAMPLES = 
  31:voltages.c    ****         
  32:voltages.c    ****         AMux_Select(c); // This functions first disconnects all channels then connects the given ch
  95              		.loc 1 32 0
  96 0032 97F85F30 		ldrb	r3, [r7, #95]	@ zero_extendqisi2
  97 0036 1846     		mov	r0, r3
  98 0038 FFF7FEFF 		bl	AMux_Select
  99              	.LBB4:
  33:voltages.c    ****         for(uint16 i=0; i< N_SAMPLES; i++){
 100              		.loc 1 33 0
 101 003c 0023     		movs	r3, #0
 102 003e A7F85C30 		strh	r3, [r7, #92]	@ movhi
 103 0042 0FE0     		b	.L3
 104              	.L4:
  34:voltages.c    ****             
  35:voltages.c    ****             readings[i] = ADC_Read32(); // When called, it will start ADC conversions, wait for the
 105              		.loc 1 35 0 discriminator 3
 106 0044 B7F85C40 		ldrh	r4, [r7, #92]
 107 0048 FFF7FEFF 		bl	ADC_Read32
 108 004c 0246     		mov	r2, r0
 109 004e A300     		lsls	r3, r4, #2
 110 0050 07F16001 		add	r1, r7, #96
 111 0054 0B44     		add	r3, r3, r1
 112 0056 43F8582C 		str	r2, [r3, #-88]
  33:voltages.c    ****         for(uint16 i=0; i< N_SAMPLES; i++){
 113              		.loc 1 33 0 discriminator 3
 114 005a B7F85C30 		ldrh	r3, [r7, #92]
 115 005e 0133     		adds	r3, r3, #1
 116 0060 A7F85C30 		strh	r3, [r7, #92]	@ movhi
 117              	.L3:
  33:voltages.c    ****         for(uint16 i=0; i< N_SAMPLES; i++){
 118              		.loc 1 33 0 is_stmt 0 discriminator 1
 119 0064 B7F85C30 		ldrh	r3, [r7, #92]
 120 0068 0A2B     		cmp	r3, #10
 121 006a EBD9     		bls	.L4
 122              	.LBE4:
  36:voltages.c    ****         }
  37:voltages.c    ****         // Converts the ADC output to Volts as a floating point number. 
  38:voltages.c    ****         // Get the median of readings and return that.
  39:voltages.c    ****         channels[c] = ADC_CountsTo_Volts(find_median32(readings,N_SAMPLES));    // Get median of re
 123              		.loc 1 39 0 is_stmt 1 discriminator 2
 124 006c 97F85F40 		ldrb	r4, [r7, #95]	@ zero_extendqisi2
 125 0070 07F10803 		add	r3, r7, #8
 126 0074 0B21     		movs	r1, #11
 127 0076 1846     		mov	r0, r3
 128 0078 FFF7FEFF 		bl	find_median32
 129 007c 0346     		mov	r3, r0
 130 007e 1846     		mov	r0, r3
ARM GAS  C:\Users\klabu\AppData\Local\Temp\cctFTLZS.s 			page 4


 131 0080 FFF7FEFF 		bl	ADC_CountsTo_Volts
 132 0084 0246     		mov	r2, r0
 133 0086 A300     		lsls	r3, r4, #2
 134 0088 07F16001 		add	r1, r7, #96
 135 008c 0B44     		add	r3, r3, r1
 136 008e 43F82C2C 		str	r2, [r3, #-44]	@ float
 137              	.LBE3:
  27:voltages.c    ****     {
 138              		.loc 1 27 0 discriminator 2
 139 0092 97F85F30 		ldrb	r3, [r7, #95]	@ zero_extendqisi2
 140 0096 0133     		adds	r3, r3, #1
 141 0098 87F85F30 		strb	r3, [r7, #95]
 142              	.L2:
  27:voltages.c    ****     {
 143              		.loc 1 27 0 is_stmt 0 discriminator 1
 144 009c 97F85F30 		ldrb	r3, [r7, #95]	@ zero_extendqisi2
 145 00a0 042B     		cmp	r3, #4
 146 00a2 C6D9     		bls	.L5
 147              	.LBE2:
  40:voltages.c    ****         
  41:voltages.c    ****     }
  42:voltages.c    ****     
  43:voltages.c    ****     AMux_Stop();        // Disconnects all Analog Multiplex channels.
 148              		.loc 1 43 0 is_stmt 1
 149 00a4 FFF7FEFF 		bl	AMux_Start
  44:voltages.c    ****     ADC_StopConvert();  // Forces the ADC to stop all conversions.
 150              		.loc 1 44 0
 151 00a8 FFF7FEFF 		bl	ADC_StopConvert
  45:voltages.c    ****     ADC_SaveConfig();   // Save the register configuration which are not retention.
 152              		.loc 1 45 0
 153 00ac FFF7FEFF 		bl	ADC_SaveConfig
  46:voltages.c    ****     ADC_Stop();         // Stops and powers down the ADC component and the internal clock if the ex
 154              		.loc 1 46 0
 155 00b0 FFF7FEFF 		bl	ADC_Stop
  47:voltages.c    ****     
  48:voltages.c    ****     Battery_Voltage_Enable_Write(OFF);  // Pulls Battery ADC pin low (turns it off).
 156              		.loc 1 48 0
 157 00b4 0020     		movs	r0, #0
 158 00b6 FFF7FEFF 		bl	Battery_Voltage_Enable_Write
  49:voltages.c    ****     Pressure_Voltage_Enable_Write(OFF);  // Pulls Pressure Transducer ADC pin low (turns it off).
 159              		.loc 1 49 0
 160 00ba 0020     		movs	r0, #0
 161 00bc FFF7FEFF 		bl	Pressure_Voltage_Enable_Write
  50:voltages.c    ****     float offset = channels[0] - 1.024; // Should be 1.024 exactly. BK saw an offset when measuring
 162              		.loc 1 50 0
 163 00c0 7B6B     		ldr	r3, [r7, #52]	@ float
 164 00c2 1846     		mov	r0, r3
 165 00c4 FFF7FEFF 		bl	__aeabi_f2d
 166 00c8 19A3     		adr	r3, .L7
 167 00ca D3E90023 		ldrd	r2, [r3]
 168 00ce FFF7FEFF 		bl	__aeabi_dsub
 169 00d2 0346     		mov	r3, r0
 170 00d4 0C46     		mov	r4, r1
 171 00d6 1846     		mov	r0, r3
 172 00d8 2146     		mov	r1, r4
 173 00da FFF7FEFF 		bl	__aeabi_d2f
 174 00de 0346     		mov	r3, r0
ARM GAS  C:\Users\klabu\AppData\Local\Temp\cctFTLZS.s 			page 5


 175 00e0 BB65     		str	r3, [r7, #88]	@ float
  51:voltages.c    ****     voltage.voltage_battery = (channels[ADC_MUX_VBAT] * 11) - offset; // Voltage divider is (1/10) 
 176              		.loc 1 51 0
 177 00e2 BB6B     		ldr	r3, [r7, #56]	@ float
 178 00e4 1449     		ldr	r1, .L7+8
 179 00e6 1846     		mov	r0, r3
 180 00e8 FFF7FEFF 		bl	__aeabi_fmul
 181 00ec 0346     		mov	r3, r0
 182 00ee B96D     		ldr	r1, [r7, #88]	@ float
 183 00f0 1846     		mov	r0, r3
 184 00f2 FFF7FEFF 		bl	__aeabi_fsub
 185 00f6 0346     		mov	r3, r0
 186 00f8 7B64     		str	r3, [r7, #68]	@ float
  52:voltages.c    ****     voltage.voltage_solar = channels[ADC_MUX_VSOL] - offset; // Just want voltage here
 187              		.loc 1 52 0
 188 00fa FB6B     		ldr	r3, [r7, #60]	@ float
 189 00fc B96D     		ldr	r1, [r7, #88]	@ float
 190 00fe 1846     		mov	r0, r3
 191 0100 FFF7FEFF 		bl	__aeabi_fsub
 192 0104 0346     		mov	r3, r0
 193 0106 BB64     		str	r3, [r7, #72]	@ float
  53:voltages.c    ****     // Voltage across sensor resistor gives 100mV drop for max current, which is 800mA
  54:voltages.c    ****     //voltage.voltage_charge_current = 0.1*(channels[ADC_MUX_CHRG] - voltage.voltage_battery);
  55:voltages.c    ****     voltage.voltage_pressure = channels[ADC_MUX_PRTRANS]; // Pressure transducer reading
 194              		.loc 1 55 0
 195 0108 3B6C     		ldr	r3, [r7, #64]	@ float
 196 010a 3B65     		str	r3, [r7, #80]	@ float
  56:voltages.c    **** 
  57:voltages.c    ****     voltage.valid = 1;
 197              		.loc 1 57 0
 198 010c 0123     		movs	r3, #1
 199 010e 87F85430 		strb	r3, [r7, #84]
  58:voltages.c    ****     
  59:voltages.c    ****     return voltage;
 200              		.loc 1 59 0
 201 0112 7B68     		ldr	r3, [r7, #4]
 202 0114 1D46     		mov	r5, r3
 203 0116 07F14404 		add	r4, r7, #68
 204 011a 0FCC     		ldmia	r4!, {r0, r1, r2, r3}
 205 011c 0FC5     		stmia	r5!, {r0, r1, r2, r3}
 206 011e 2368     		ldr	r3, [r4]
 207 0120 2B60     		str	r3, [r5]
  60:voltages.c    **** }
 208              		.loc 1 60 0
 209 0122 7868     		ldr	r0, [r7, #4]
 210 0124 6037     		adds	r7, r7, #96
 211              		.cfi_def_cfa_offset 16
 212 0126 BD46     		mov	sp, r7
 213              		.cfi_def_cfa_register 13
 214              		@ sp needed
 215 0128 B0BD     		pop	{r4, r5, r7, pc}
 216              	.L8:
 217 012a 00BFAFF3 		.align	3
 217      0080
 218              	.L7:
 219 0130 FCA9F1D2 		.word	-755914244
 220 0134 4D62F03F 		.word	1072718413
ARM GAS  C:\Users\klabu\AppData\Local\Temp\cctFTLZS.s 			page 6


 221 0138 00003041 		.word	1093664768
 222              		.cfi_endproc
 223              	.LFE64:
 224              		.size	voltage_take_readings, .-voltage_take_readings
 225              		.global	__aeabi_ddiv
 226              		.global	__aeabi_dmul
 227              		.section	.text.pressure_calculations,"ax",%progbits
 228              		.align	2
 229              		.global	pressure_calculations
 230              		.thumb
 231              		.thumb_func
 232              		.type	pressure_calculations, %function
 233              	pressure_calculations:
 234              	.LFB65:
  61:voltages.c    **** 
  62:voltages.c    **** // Function to calculate the pressure transducer current and depth estimate.
  63:voltages.c    **** pressure_t pressure_calculations(voltage_t voltage){
 235              		.loc 1 63 0
 236              		.cfi_startproc
 237              		@ args = 24, pretend = 16, frame = 16
 238              		@ frame_needed = 1, uses_anonymous_args = 0
 239 0000 84B0     		sub	sp, sp, #16
 240              		.cfi_def_cfa_offset 16
 241 0002 90B5     		push	{r4, r7, lr}
 242              		.cfi_def_cfa_offset 28
 243              		.cfi_offset 4, -28
 244              		.cfi_offset 7, -24
 245              		.cfi_offset 14, -20
 246 0004 85B0     		sub	sp, sp, #20
 247              		.cfi_def_cfa_offset 48
 248 0006 00AF     		add	r7, sp, #0
 249              		.cfi_def_cfa_register 7
 250 0008 7860     		str	r0, [r7, #4]
 251 000a 07F12400 		add	r0, r7, #36
 252 000e 80E80E00 		stmia	r0, {r1, r2, r3}
  64:voltages.c    ****     // Create variable pressure of data structure type pressure_t.
  65:voltages.c    ****     pressure_t pressure;
  66:voltages.c    ****     
  67:voltages.c    ****     // Calculate the pressure transducer current output.
  68:voltages.c    ****     // i=V/R where i= currrent, V= voltage, and R= resistance= 150 ohms. Divide by 1000 to get curr
  69:voltages.c    ****     // Should fall between 4 and 20mA
  70:voltages.c    ****     pressure.pressure_current = (voltage.voltage_pressure/ 150.0)*1000; 
 253              		.loc 1 70 0
 254 0012 3B6B     		ldr	r3, [r7, #48]	@ float
 255 0014 1846     		mov	r0, r3
 256 0016 FFF7FEFF 		bl	__aeabi_f2d
 257 001a 25A3     		adr	r3, .L11
 258 001c D3E90023 		ldrd	r2, [r3]
 259 0020 FFF7FEFF 		bl	__aeabi_ddiv
 260 0024 0346     		mov	r3, r0
 261 0026 0C46     		mov	r4, r1
 262 0028 1846     		mov	r0, r3
 263 002a 2146     		mov	r1, r4
 264 002c 4FF00002 		mov	r2, #0
 265 0030 234B     		ldr	r3, .L11+16
 266 0032 FFF7FEFF 		bl	__aeabi_dmul
 267 0036 0346     		mov	r3, r0
ARM GAS  C:\Users\klabu\AppData\Local\Temp\cctFTLZS.s 			page 7


 268 0038 0C46     		mov	r4, r1
 269 003a 1846     		mov	r0, r3
 270 003c 2146     		mov	r1, r4
 271 003e FFF7FEFF 		bl	__aeabi_d2f
 272 0042 0346     		mov	r3, r0
 273 0044 BB60     		str	r3, [r7, #8]	@ float
  71:voltages.c    ****     // Calculate the estimated depth from the pressure transducer.
  72:voltages.c    ****     // d = (Dmax*V/0.016R) - (Dmax/4) where d= depth, V= voltage, R= resistance= 150 ohms, Dmax = s
  73:voltages.c    ****     // Should fall between 0 and 10 ft
  74:voltages.c    ****     pressure.pressure_depth = ((10.0*voltage.voltage_pressure)/(0.016*150))-(10.0/4.0); 
 274              		.loc 1 74 0
 275 0046 3B6B     		ldr	r3, [r7, #48]	@ float
 276 0048 1846     		mov	r0, r3
 277 004a FFF7FEFF 		bl	__aeabi_f2d
 278 004e 4FF00002 		mov	r2, #0
 279 0052 1C4B     		ldr	r3, .L11+20
 280 0054 FFF7FEFF 		bl	__aeabi_dmul
 281 0058 0346     		mov	r3, r0
 282 005a 0C46     		mov	r4, r1
 283 005c 1846     		mov	r0, r3
 284 005e 2146     		mov	r1, r4
 285 0060 15A3     		adr	r3, .L11+8
 286 0062 D3E90023 		ldrd	r2, [r3]
 287 0066 FFF7FEFF 		bl	__aeabi_ddiv
 288 006a 0346     		mov	r3, r0
 289 006c 0C46     		mov	r4, r1
 290 006e 1846     		mov	r0, r3
 291 0070 2146     		mov	r1, r4
 292 0072 4FF00002 		mov	r2, #0
 293 0076 144B     		ldr	r3, .L11+24
 294 0078 FFF7FEFF 		bl	__aeabi_dsub
 295 007c 0346     		mov	r3, r0
 296 007e 0C46     		mov	r4, r1
 297 0080 1846     		mov	r0, r3
 298 0082 2146     		mov	r1, r4
 299 0084 FFF7FEFF 		bl	__aeabi_d2f
 300 0088 0346     		mov	r3, r0
 301 008a FB60     		str	r3, [r7, #12]	@ float
  75:voltages.c    ****     return pressure;
 302              		.loc 1 75 0
 303 008c 7B68     		ldr	r3, [r7, #4]
 304 008e 1A46     		mov	r2, r3
 305 0090 07F10803 		add	r3, r7, #8
 306 0094 93E80300 		ldmia	r3, {r0, r1}
 307 0098 82E80300 		stmia	r2, {r0, r1}
  76:voltages.c    **** }
 308              		.loc 1 76 0
 309 009c 7868     		ldr	r0, [r7, #4]
 310 009e 1437     		adds	r7, r7, #20
 311              		.cfi_def_cfa_offset 28
 312 00a0 BD46     		mov	sp, r7
 313              		.cfi_def_cfa_register 13
 314              		@ sp needed
 315 00a2 BDE89040 		pop	{r4, r7, lr}
 316              		.cfi_restore 14
 317              		.cfi_restore 7
 318              		.cfi_restore 4
ARM GAS  C:\Users\klabu\AppData\Local\Temp\cctFTLZS.s 			page 8


 319              		.cfi_def_cfa_offset 16
 320 00a6 04B0     		add	sp, sp, #16
 321              		.cfi_def_cfa_offset 0
 322 00a8 7047     		bx	lr
 323              	.L12:
 324 00aa 00BFAFF3 		.align	3
 324      0080
 325              	.L11:
 326 00b0 00000000 		.word	0
 327 00b4 00C06240 		.word	1080213504
 328 00b8 33333333 		.word	858993459
 329 00bc 33330340 		.word	1073951539
 330 00c0 00408F40 		.word	1083129856
 331 00c4 00002440 		.word	1076101120
 332 00c8 00000440 		.word	1074003968
 333              		.cfi_endproc
 334              	.LFE65:
 335              		.size	pressure_calculations, .-pressure_calculations
 336              		.section	.text.sort32,"ax",%progbits
 337              		.align	2
 338              		.global	sort32
 339              		.thumb
 340              		.thumb_func
 341              		.type	sort32, %function
 342              	sort32:
 343              	.LFB66:
  77:voltages.c    ****     
  78:voltages.c    ****     
  79:voltages.c    **** 
  80:voltages.c    **** // Function to sort the elements in the level readings array
  81:voltages.c    **** void sort32(int32 a[],int32 n) { 
 344              		.loc 1 81 0
 345              		.cfi_startproc
 346              		@ args = 0, pretend = 0, frame = 16
 347              		@ frame_needed = 1, uses_anonymous_args = 0
 348 0000 80B5     		push	{r7, lr}
 349              		.cfi_def_cfa_offset 8
 350              		.cfi_offset 7, -8
 351              		.cfi_offset 14, -4
 352 0002 84B0     		sub	sp, sp, #16
 353              		.cfi_def_cfa_offset 24
 354 0004 00AF     		add	r7, sp, #0
 355              		.cfi_def_cfa_register 7
 356 0006 7860     		str	r0, [r7, #4]
 357 0008 3960     		str	r1, [r7]
  82:voltages.c    ****    int32 i,j;
  83:voltages.c    **** 
  84:voltages.c    ****    for(i = 0;i < n-1;i++) {
 358              		.loc 1 84 0
 359 000a 0023     		movs	r3, #0
 360 000c FB60     		str	r3, [r7, #12]
 361 000e 28E0     		b	.L14
 362              	.L18:
  85:voltages.c    ****       for(j = 0;j < n-i-1;j++) {
 363              		.loc 1 85 0
 364 0010 0023     		movs	r3, #0
 365 0012 BB60     		str	r3, [r7, #8]
ARM GAS  C:\Users\klabu\AppData\Local\Temp\cctFTLZS.s 			page 9


 366 0014 1BE0     		b	.L15
 367              	.L17:
  86:voltages.c    ****          if(a[j] > a[j+1])
 368              		.loc 1 86 0
 369 0016 BB68     		ldr	r3, [r7, #8]
 370 0018 9B00     		lsls	r3, r3, #2
 371 001a 7A68     		ldr	r2, [r7, #4]
 372 001c 1344     		add	r3, r3, r2
 373 001e 1A68     		ldr	r2, [r3]
 374 0020 BB68     		ldr	r3, [r7, #8]
 375 0022 0133     		adds	r3, r3, #1
 376 0024 9B00     		lsls	r3, r3, #2
 377 0026 7968     		ldr	r1, [r7, #4]
 378 0028 0B44     		add	r3, r3, r1
 379 002a 1B68     		ldr	r3, [r3]
 380 002c 9A42     		cmp	r2, r3
 381 002e 0BDD     		ble	.L16
  87:voltages.c    ****             swap32(&a[j],&a[j+1]);  // Swap the address of a[j] and a[j+1]
 382              		.loc 1 87 0
 383 0030 BB68     		ldr	r3, [r7, #8]
 384 0032 9B00     		lsls	r3, r3, #2
 385 0034 7A68     		ldr	r2, [r7, #4]
 386 0036 D018     		adds	r0, r2, r3
 387 0038 BB68     		ldr	r3, [r7, #8]
 388 003a 0133     		adds	r3, r3, #1
 389 003c 9B00     		lsls	r3, r3, #2
 390 003e 7A68     		ldr	r2, [r7, #4]
 391 0040 1344     		add	r3, r3, r2
 392 0042 1946     		mov	r1, r3
 393 0044 FFF7FEFF 		bl	swap32
 394              	.L16:
  85:voltages.c    ****       for(j = 0;j < n-i-1;j++) {
 395              		.loc 1 85 0 discriminator 2
 396 0048 BB68     		ldr	r3, [r7, #8]
 397 004a 0133     		adds	r3, r3, #1
 398 004c BB60     		str	r3, [r7, #8]
 399              	.L15:
  85:voltages.c    ****       for(j = 0;j < n-i-1;j++) {
 400              		.loc 1 85 0 is_stmt 0 discriminator 1
 401 004e 3A68     		ldr	r2, [r7]
 402 0050 FB68     		ldr	r3, [r7, #12]
 403 0052 D31A     		subs	r3, r2, r3
 404 0054 5A1E     		subs	r2, r3, #1
 405 0056 BB68     		ldr	r3, [r7, #8]
 406 0058 9A42     		cmp	r2, r3
 407 005a DCDC     		bgt	.L17
  84:voltages.c    ****       for(j = 0;j < n-i-1;j++) {
 408              		.loc 1 84 0 is_stmt 1 discriminator 2
 409 005c FB68     		ldr	r3, [r7, #12]
 410 005e 0133     		adds	r3, r3, #1
 411 0060 FB60     		str	r3, [r7, #12]
 412              	.L14:
  84:voltages.c    ****       for(j = 0;j < n-i-1;j++) {
 413              		.loc 1 84 0 is_stmt 0 discriminator 1
 414 0062 3B68     		ldr	r3, [r7]
 415 0064 5A1E     		subs	r2, r3, #1
 416 0066 FB68     		ldr	r3, [r7, #12]
ARM GAS  C:\Users\klabu\AppData\Local\Temp\cctFTLZS.s 			page 10


 417 0068 9A42     		cmp	r2, r3
 418 006a D1DC     		bgt	.L18
  88:voltages.c    ****       }
  89:voltages.c    ****    }
  90:voltages.c    **** }
 419              		.loc 1 90 0 is_stmt 1
 420 006c 00BF     		nop
 421 006e 1037     		adds	r7, r7, #16
 422              		.cfi_def_cfa_offset 8
 423 0070 BD46     		mov	sp, r7
 424              		.cfi_def_cfa_register 13
 425              		@ sp needed
 426 0072 80BD     		pop	{r7, pc}
 427              		.cfi_endproc
 428              	.LFE66:
 429              		.size	sort32, .-sort32
 430              		.section	.text.swap32,"ax",%progbits
 431              		.align	2
 432              		.global	swap32
 433              		.thumb
 434              		.thumb_func
 435              		.type	swap32, %function
 436              	swap32:
 437              	.LFB67:
  91:voltages.c    **** 
  92:voltages.c    **** // Function to swap elements in the level readings array in order to sort them
  93:voltages.c    **** void swap32(int32 *p,int32 *q){
 438              		.loc 1 93 0
 439              		.cfi_startproc
 440              		@ args = 0, pretend = 0, frame = 16
 441              		@ frame_needed = 1, uses_anonymous_args = 0
 442              		@ link register save eliminated.
 443 0000 80B4     		push	{r7}
 444              		.cfi_def_cfa_offset 4
 445              		.cfi_offset 7, -4
 446 0002 85B0     		sub	sp, sp, #20
 447              		.cfi_def_cfa_offset 24
 448 0004 00AF     		add	r7, sp, #0
 449              		.cfi_def_cfa_register 7
 450 0006 7860     		str	r0, [r7, #4]
 451 0008 3960     		str	r1, [r7]
  94:voltages.c    ****    int32 t;
  95:voltages.c    ****    
  96:voltages.c    ****    t=*p; 
 452              		.loc 1 96 0
 453 000a 7B68     		ldr	r3, [r7, #4]
 454 000c 1B68     		ldr	r3, [r3]
 455 000e FB60     		str	r3, [r7, #12]
  97:voltages.c    ****    *p=*q; 
 456              		.loc 1 97 0
 457 0010 3B68     		ldr	r3, [r7]
 458 0012 1A68     		ldr	r2, [r3]
 459 0014 7B68     		ldr	r3, [r7, #4]
 460 0016 1A60     		str	r2, [r3]
  98:voltages.c    ****    *q=t;
 461              		.loc 1 98 0
 462 0018 3B68     		ldr	r3, [r7]
ARM GAS  C:\Users\klabu\AppData\Local\Temp\cctFTLZS.s 			page 11


 463 001a FA68     		ldr	r2, [r7, #12]
 464 001c 1A60     		str	r2, [r3]
  99:voltages.c    **** }
 465              		.loc 1 99 0
 466 001e 00BF     		nop
 467 0020 1437     		adds	r7, r7, #20
 468              		.cfi_def_cfa_offset 4
 469 0022 BD46     		mov	sp, r7
 470              		.cfi_def_cfa_register 13
 471              		@ sp needed
 472 0024 80BC     		pop	{r7}
 473              		.cfi_restore 7
 474              		.cfi_def_cfa_offset 0
 475 0026 7047     		bx	lr
 476              		.cfi_endproc
 477              	.LFE67:
 478              		.size	swap32, .-swap32
 479              		.global	__aeabi_i2d
 480              		.global	__aeabi_d2iz
 481              		.section	.text.find_median32,"ax",%progbits
 482              		.align	2
 483              		.global	find_median32
 484              		.thumb
 485              		.thumb_func
 486              		.type	find_median32, %function
 487              	find_median32:
 488              	.LFB68:
 100:voltages.c    **** 
 101:voltages.c    **** // Function to calculate the median of the array, after array is sorted
 102:voltages.c    **** int32 find_median32(int32 array[] , int32 n)
 103:voltages.c    **** {
 489              		.loc 1 103 0
 490              		.cfi_startproc
 491              		@ args = 0, pretend = 0, frame = 16
 492              		@ frame_needed = 1, uses_anonymous_args = 0
 493 0000 90B5     		push	{r4, r7, lr}
 494              		.cfi_def_cfa_offset 12
 495              		.cfi_offset 4, -12
 496              		.cfi_offset 7, -8
 497              		.cfi_offset 14, -4
 498 0002 85B0     		sub	sp, sp, #20
 499              		.cfi_def_cfa_offset 32
 500 0004 00AF     		add	r7, sp, #0
 501              		.cfi_def_cfa_register 7
 502 0006 7860     		str	r0, [r7, #4]
 503 0008 3960     		str	r1, [r7]
 104:voltages.c    ****     int32 median=0;
 504              		.loc 1 104 0
 505 000a 0023     		movs	r3, #0
 506 000c FB60     		str	r3, [r7, #12]
 105:voltages.c    ****     sort32(array,n);
 507              		.loc 1 105 0
 508 000e 3968     		ldr	r1, [r7]
 509 0010 7868     		ldr	r0, [r7, #4]
 510 0012 FFF7FEFF 		bl	sort32
 106:voltages.c    ****     
 107:voltages.c    ****     // If number of elements are even
ARM GAS  C:\Users\klabu\AppData\Local\Temp\cctFTLZS.s 			page 12


 108:voltages.c    ****     if(n%2 == 0)
 511              		.loc 1 108 0
 512 0016 3B68     		ldr	r3, [r7]
 513 0018 03F00103 		and	r3, r3, #1
 514 001c 002B     		cmp	r3, #0
 515 001e 23D1     		bne	.L21
 109:voltages.c    ****         // Median is the average of the  two middle sorted numbers
 110:voltages.c    ****         median = (array[(n-1)/2] + array[n/2])/2.0;
 516              		.loc 1 110 0
 517 0020 3B68     		ldr	r3, [r7]
 518 0022 013B     		subs	r3, r3, #1
 519 0024 DA0F     		lsrs	r2, r3, #31
 520 0026 1344     		add	r3, r3, r2
 521 0028 5B10     		asrs	r3, r3, #1
 522 002a 9B00     		lsls	r3, r3, #2
 523 002c 7A68     		ldr	r2, [r7, #4]
 524 002e 1344     		add	r3, r3, r2
 525 0030 1A68     		ldr	r2, [r3]
 526 0032 3B68     		ldr	r3, [r7]
 527 0034 D90F     		lsrs	r1, r3, #31
 528 0036 0B44     		add	r3, r3, r1
 529 0038 5B10     		asrs	r3, r3, #1
 530 003a 9B00     		lsls	r3, r3, #2
 531 003c 7968     		ldr	r1, [r7, #4]
 532 003e 0B44     		add	r3, r3, r1
 533 0040 1B68     		ldr	r3, [r3]
 534 0042 1344     		add	r3, r3, r2
 535 0044 1846     		mov	r0, r3
 536 0046 FFF7FEFF 		bl	__aeabi_i2d
 537 004a 4FF00002 		mov	r2, #0
 538 004e 4FF08043 		mov	r3, #1073741824
 539 0052 FFF7FEFF 		bl	__aeabi_ddiv
 540 0056 0346     		mov	r3, r0
 541 0058 0C46     		mov	r4, r1
 542 005a 1846     		mov	r0, r3
 543 005c 2146     		mov	r1, r4
 544 005e FFF7FEFF 		bl	__aeabi_d2iz
 545 0062 0346     		mov	r3, r0
 546 0064 FB60     		str	r3, [r7, #12]
 547 0066 08E0     		b	.L22
 548              	.L21:
 111:voltages.c    ****     // If number of elements are odd
 112:voltages.c    ****     else
 113:voltages.c    ****         // Median is the the middle sorted number. 
 114:voltages.c    ****         median = array[n/2];
 549              		.loc 1 114 0
 550 0068 3B68     		ldr	r3, [r7]
 551 006a DA0F     		lsrs	r2, r3, #31
 552 006c 1344     		add	r3, r3, r2
 553 006e 5B10     		asrs	r3, r3, #1
 554 0070 9B00     		lsls	r3, r3, #2
 555 0072 7A68     		ldr	r2, [r7, #4]
 556 0074 1344     		add	r3, r3, r2
 557 0076 1B68     		ldr	r3, [r3]
 558 0078 FB60     		str	r3, [r7, #12]
 559              	.L22:
 115:voltages.c    ****     
ARM GAS  C:\Users\klabu\AppData\Local\Temp\cctFTLZS.s 			page 13


 116:voltages.c    ****     return median;
 560              		.loc 1 116 0
 561 007a FB68     		ldr	r3, [r7, #12]
 117:voltages.c    **** }
 562              		.loc 1 117 0
 563 007c 1846     		mov	r0, r3
 564 007e 1437     		adds	r7, r7, #20
 565              		.cfi_def_cfa_offset 12
 566 0080 BD46     		mov	sp, r7
 567              		.cfi_def_cfa_register 13
 568              		@ sp needed
 569 0082 90BD     		pop	{r4, r7, pc}
 570              		.cfi_endproc
 571              	.LFE68:
 572              		.size	find_median32, .-find_median32
 573              		.section	.rodata
 574              		.align	2
 575              	.LC0:
 576 0000 54455354 		.ascii	"TEST_ANALOG_VOLTAGES\000"
 576      5F414E41 
 576      4C4F475F 
 576      564F4C54 
 576      41474553 
 577 0015 000000   		.align	2
 578              	.LC1:
 579 0018 56424154 		.ascii	"VBAT=%.3f,VSOL=%.3f,CHRG=%.3f,PRESSURE=%.3f\000"
 579      3D252E33 
 579      662C5653 
 579      4F4C3D25 
 579      2E33662C 
 580              		.section	.text.voltages_test,"ax",%progbits
 581              		.align	2
 582              		.global	voltages_test
 583              		.thumb
 584              		.thumb_func
 585              		.type	voltages_test, %function
 586              	voltages_test:
 587              	.LFB69:
 118:voltages.c    **** 
 119:voltages.c    **** // Test the voltage readings
 120:voltages.c    **** test_t voltages_test(){
 588              		.loc 1 120 0
 589              		.cfi_startproc
 590              		@ args = 0, pretend = 0, frame = 416
 591              		@ frame_needed = 1, uses_anonymous_args = 0
 592 0000 2DE9B04F 		push	{r4, r5, r7, r8, r9, r10, fp, lr}
 593              		.cfi_def_cfa_offset 32
 594              		.cfi_offset 4, -32
 595              		.cfi_offset 5, -28
 596              		.cfi_offset 7, -24
 597              		.cfi_offset 8, -20
 598              		.cfi_offset 9, -16
 599              		.cfi_offset 10, -12
 600              		.cfi_offset 11, -8
 601              		.cfi_offset 14, -4
 602 0004 F0B0     		sub	sp, sp, #448
 603              		.cfi_def_cfa_offset 480
ARM GAS  C:\Users\klabu\AppData\Local\Temp\cctFTLZS.s 			page 14


 604 0006 08AF     		add	r7, sp, #32
 605              		.cfi_def_cfa 7, 448
 606 0008 3B1D     		adds	r3, r7, #4
 607 000a 1860     		str	r0, [r3]
 121:voltages.c    ****     // Create variable test of the data structure test_t
 122:voltages.c    ****     test_t test;
 123:voltages.c    ****     test.status = 0;
 608              		.loc 1 123 0
 609 000c 07F11C03 		add	r3, r7, #28
 610 0010 0022     		movs	r2, #0
 611 0012 83F88020 		strb	r2, [r3, #128]
 124:voltages.c    ****     snprintf(test.test_name,sizeof(test.test_name),"TEST_ANALOG_VOLTAGES");
 612              		.loc 1 124 0
 613 0016 07F11C03 		add	r3, r7, #28
 614 001a 2B4A     		ldr	r2, .L26
 615 001c 1C46     		mov	r4, r3
 616 001e 1546     		mov	r5, r2
 617 0020 0FCD     		ldmia	r5!, {r0, r1, r2, r3}
 618 0022 0FC4     		stmia	r4!, {r0, r1, r2, r3}
 619 0024 95E80300 		ldmia	r5, {r0, r1}
 620 0028 2060     		str	r0, [r4]
 621 002a 0434     		adds	r4, r4, #4
 622 002c 2170     		strb	r1, [r4]
 125:voltages.c    ****     
 126:voltages.c    ****     voltage_t voltage = voltage_take_readings();
 623              		.loc 1 126 0
 624 002e 07F10803 		add	r3, r7, #8
 625 0032 1846     		mov	r0, r3
 626 0034 FFF7FEFF 		bl	voltage_take_readings
 127:voltages.c    ****     
 128:voltages.c    ****     //do some checks here if you want the test to meet some voltage requirement
 129:voltages.c    ****     
 130:voltages.c    ****     snprintf(test.reason,sizeof(test.reason),"VBAT=%.3f,VSOL=%.3f,CHRG=%.3f,PRESSURE=%.3f",
 131:voltages.c    ****             voltage.voltage_battery,
 627              		.loc 1 131 0
 628 0038 07F10803 		add	r3, r7, #8
 629 003c 1B68     		ldr	r3, [r3]	@ float
 130:voltages.c    ****             voltage.voltage_battery,
 630              		.loc 1 130 0
 631 003e 1846     		mov	r0, r3
 632 0040 FFF7FEFF 		bl	__aeabi_f2d
 633 0044 0446     		mov	r4, r0
 634 0046 0D46     		mov	r5, r1
 132:voltages.c    ****             voltage.voltage_solar,
 635              		.loc 1 132 0
 636 0048 07F10803 		add	r3, r7, #8
 637 004c 5B68     		ldr	r3, [r3, #4]	@ float
 130:voltages.c    ****             voltage.voltage_battery,
 638              		.loc 1 130 0
 639 004e 1846     		mov	r0, r3
 640 0050 FFF7FEFF 		bl	__aeabi_f2d
 641 0054 8046     		mov	r8, r0
 642 0056 8946     		mov	r9, r1
 133:voltages.c    ****             voltage.voltage_charge_current,
 643              		.loc 1 133 0
 644 0058 07F10803 		add	r3, r7, #8
 645 005c 9B68     		ldr	r3, [r3, #8]	@ float
ARM GAS  C:\Users\klabu\AppData\Local\Temp\cctFTLZS.s 			page 15


 130:voltages.c    ****             voltage.voltage_battery,
 646              		.loc 1 130 0
 647 005e 1846     		mov	r0, r3
 648 0060 FFF7FEFF 		bl	__aeabi_f2d
 649 0064 8246     		mov	r10, r0
 650 0066 8B46     		mov	fp, r1
 134:voltages.c    ****             voltage.voltage_pressure);
 651              		.loc 1 134 0
 652 0068 07F10803 		add	r3, r7, #8
 653 006c DB68     		ldr	r3, [r3, #12]	@ float
 130:voltages.c    ****             voltage.voltage_battery,
 654              		.loc 1 130 0
 655 006e 1846     		mov	r0, r3
 656 0070 FFF7FEFF 		bl	__aeabi_f2d
 657 0074 0246     		mov	r2, r0
 658 0076 0B46     		mov	r3, r1
 659 0078 07F11C01 		add	r1, r7, #28
 660 007c 01F18100 		add	r0, r1, #129
 661 0080 CDE90623 		strd	r2, [sp, #24]
 662 0084 CDE904AB 		strd	r10, [sp, #16]
 663 0088 CDE90289 		strd	r8, [sp, #8]
 664 008c CDE90045 		strd	r4, [sp]
 665 0090 0E4A     		ldr	r2, .L26+4
 666 0092 4FF48071 		mov	r1, #256
 667 0096 FFF7FEFF 		bl	snprintf
 135:voltages.c    ****     
 136:voltages.c    ****     test.status = 1;
 668              		.loc 1 136 0
 669 009a 07F11C03 		add	r3, r7, #28
 670 009e 0122     		movs	r2, #1
 671 00a0 83F88020 		strb	r2, [r3, #128]
 137:voltages.c    ****         
 138:voltages.c    ****     return test;
 672              		.loc 1 138 0
 673 00a4 3B1D     		adds	r3, r7, #4
 674 00a6 1A68     		ldr	r2, [r3]
 675 00a8 07F11C03 		add	r3, r7, #28
 676 00ac 1046     		mov	r0, r2
 677 00ae 1946     		mov	r1, r3
 678 00b0 40F28113 		movw	r3, #385
 679 00b4 1A46     		mov	r2, r3
 680 00b6 FFF7FEFF 		bl	memcpy
 139:voltages.c    **** }
 681              		.loc 1 139 0
 682 00ba 3B1D     		adds	r3, r7, #4
 683 00bc 1868     		ldr	r0, [r3]
 684 00be 07F5D077 		add	r7, r7, #416
 685              		.cfi_def_cfa_offset 32
 686 00c2 BD46     		mov	sp, r7
 687              		.cfi_def_cfa_register 13
 688              		@ sp needed
 689 00c4 BDE8B08F 		pop	{r4, r5, r7, r8, r9, r10, fp, pc}
 690              	.L27:
 691              		.align	2
 692              	.L26:
 693 00c8 00000000 		.word	.LC0
 694 00cc 18000000 		.word	.LC1
ARM GAS  C:\Users\klabu\AppData\Local\Temp\cctFTLZS.s 			page 16


 695              		.cfi_endproc
 696              	.LFE69:
 697              		.size	voltages_test, .-voltages_test
 698              		.text
 699              	.Letext0:
 700              		.file 2 "c:\\program files (x86)\\cypress\\psoc creator\\4.4\\psoc creator\\import\\gnu\\arm\\5.4.
 701              		.file 3 "c:\\program files (x86)\\cypress\\psoc creator\\4.4\\psoc creator\\import\\gnu\\arm\\5.4.
 702              		.file 4 "Generated_Source\\PSoC5/cytypes.h"
 703              		.file 5 "testing.h"
 704              		.file 6 "voltages.h"
 705              		.file 7 "modem.h"
 706              		.file 8 "data.h"
 707              		.file 9 "notoriOS.h"
 708              		.file 10 "Generated_Source\\PSoC5/core_cm3.h"
 709              		.section	.debug_info,"",%progbits
 710              	.Ldebug_info0:
 711 0000 FD060000 		.4byte	0x6fd
 712 0004 0400     		.2byte	0x4
 713 0006 00000000 		.4byte	.Ldebug_abbrev0
 714 000a 04       		.byte	0x4
 715 000b 01       		.uleb128 0x1
 716 000c 95000000 		.4byte	.LASF95
 717 0010 0C       		.byte	0xc
 718 0011 28010000 		.4byte	.LASF96
 719 0015 F8020000 		.4byte	.LASF97
 720 0019 00000000 		.4byte	.Ldebug_ranges0+0
 721 001d 00000000 		.4byte	0
 722 0021 00000000 		.4byte	.Ldebug_line0
 723 0025 02       		.uleb128 0x2
 724 0026 01       		.byte	0x1
 725 0027 06       		.byte	0x6
 726 0028 9E020000 		.4byte	.LASF0
 727 002c 02       		.uleb128 0x2
 728 002d 01       		.byte	0x1
 729 002e 08       		.byte	0x8
 730 002f 60020000 		.4byte	.LASF1
 731 0033 02       		.uleb128 0x2
 732 0034 02       		.byte	0x2
 733 0035 05       		.byte	0x5
 734 0036 6D000000 		.4byte	.LASF2
 735 003a 02       		.uleb128 0x2
 736 003b 02       		.byte	0x2
 737 003c 07       		.byte	0x7
 738 003d 82030000 		.4byte	.LASF3
 739 0041 03       		.uleb128 0x3
 740 0042 97040000 		.4byte	.LASF9
 741 0046 02       		.byte	0x2
 742 0047 3F       		.byte	0x3f
 743 0048 4C000000 		.4byte	0x4c
 744 004c 02       		.uleb128 0x2
 745 004d 04       		.byte	0x4
 746 004e 05       		.byte	0x5
 747 004f 01020000 		.4byte	.LASF4
 748 0053 02       		.uleb128 0x2
 749 0054 04       		.byte	0x4
 750 0055 07       		.byte	0x7
 751 0056 51040000 		.4byte	.LASF5
ARM GAS  C:\Users\klabu\AppData\Local\Temp\cctFTLZS.s 			page 17


 752 005a 02       		.uleb128 0x2
 753 005b 08       		.byte	0x8
 754 005c 05       		.byte	0x5
 755 005d E1010000 		.4byte	.LASF6
 756 0061 02       		.uleb128 0x2
 757 0062 08       		.byte	0x8
 758 0063 07       		.byte	0x7
 759 0064 AA020000 		.4byte	.LASF7
 760 0068 04       		.uleb128 0x4
 761 0069 04       		.byte	0x4
 762 006a 05       		.byte	0x5
 763 006b 696E7400 		.ascii	"int\000"
 764 006f 02       		.uleb128 0x2
 765 0070 04       		.byte	0x4
 766 0071 07       		.byte	0x7
 767 0072 DF020000 		.4byte	.LASF8
 768 0076 03       		.uleb128 0x3
 769 0077 EF030000 		.4byte	.LASF10
 770 007b 03       		.byte	0x3
 771 007c 2C       		.byte	0x2c
 772 007d 41000000 		.4byte	0x41
 773 0081 05       		.uleb128 0x5
 774 0082 7A010000 		.4byte	.LASF11
 775 0086 04       		.byte	0x4
 776 0087 9201     		.2byte	0x192
 777 0089 2C000000 		.4byte	0x2c
 778 008d 05       		.uleb128 0x5
 779 008e 3F040000 		.4byte	.LASF12
 780 0092 04       		.byte	0x4
 781 0093 9301     		.2byte	0x193
 782 0095 3A000000 		.4byte	0x3a
 783 0099 05       		.uleb128 0x5
 784 009a EF010000 		.4byte	.LASF13
 785 009e 04       		.byte	0x4
 786 009f 9601     		.2byte	0x196
 787 00a1 33000000 		.4byte	0x33
 788 00a5 05       		.uleb128 0x5
 789 00a6 DB010000 		.4byte	.LASF14
 790 00aa 04       		.byte	0x4
 791 00ab 9701     		.2byte	0x197
 792 00ad 4C000000 		.4byte	0x4c
 793 00b1 02       		.uleb128 0x2
 794 00b2 04       		.byte	0x4
 795 00b3 04       		.byte	0x4
 796 00b4 C7010000 		.4byte	.LASF15
 797 00b8 02       		.uleb128 0x2
 798 00b9 08       		.byte	0x8
 799 00ba 04       		.byte	0x4
 800 00bb 63040000 		.4byte	.LASF16
 801 00bf 02       		.uleb128 0x2
 802 00c0 01       		.byte	0x1
 803 00c1 08       		.byte	0x8
 804 00c2 F5010000 		.4byte	.LASF17
 805 00c6 02       		.uleb128 0x2
 806 00c7 08       		.byte	0x8
 807 00c8 04       		.byte	0x4
 808 00c9 54020000 		.4byte	.LASF18
ARM GAS  C:\Users\klabu\AppData\Local\Temp\cctFTLZS.s 			page 18


 809 00cd 02       		.uleb128 0x2
 810 00ce 04       		.byte	0x4
 811 00cf 07       		.byte	0x7
 812 00d0 84000000 		.4byte	.LASF19
 813 00d4 06       		.uleb128 0x6
 814 00d5 BF000000 		.4byte	0xbf
 815 00d9 E4000000 		.4byte	0xe4
 816 00dd 07       		.uleb128 0x7
 817 00de CD000000 		.4byte	0xcd
 818 00e2 17       		.byte	0x17
 819 00e3 00       		.byte	0
 820 00e4 08       		.uleb128 0x8
 821 00e5 8101     		.2byte	0x181
 822 00e7 05       		.byte	0x5
 823 00e8 0A       		.byte	0xa
 824 00e9 12010000 		.4byte	0x112
 825 00ed 09       		.uleb128 0x9
 826 00ee C0040000 		.4byte	.LASF20
 827 00f2 05       		.byte	0x5
 828 00f3 0C       		.byte	0xc
 829 00f4 12010000 		.4byte	0x112
 830 00f8 00       		.byte	0
 831 00f9 09       		.uleb128 0x9
 832 00fa AD030000 		.4byte	.LASF21
 833 00fe 05       		.byte	0x5
 834 00ff 0D       		.byte	0xd
 835 0100 81000000 		.4byte	0x81
 836 0104 80       		.byte	0x80
 837 0105 09       		.uleb128 0x9
 838 0106 FA010000 		.4byte	.LASF22
 839 010a 05       		.byte	0x5
 840 010b 0F       		.byte	0xf
 841 010c 22010000 		.4byte	0x122
 842 0110 81       		.byte	0x81
 843 0111 00       		.byte	0
 844 0112 06       		.uleb128 0x6
 845 0113 BF000000 		.4byte	0xbf
 846 0117 22010000 		.4byte	0x122
 847 011b 07       		.uleb128 0x7
 848 011c CD000000 		.4byte	0xcd
 849 0120 7F       		.byte	0x7f
 850 0121 00       		.byte	0
 851 0122 06       		.uleb128 0x6
 852 0123 BF000000 		.4byte	0xbf
 853 0127 32010000 		.4byte	0x132
 854 012b 07       		.uleb128 0x7
 855 012c CD000000 		.4byte	0xcd
 856 0130 FF       		.byte	0xff
 857 0131 00       		.byte	0
 858 0132 03       		.uleb128 0x3
 859 0133 B9040000 		.4byte	.LASF23
 860 0137 05       		.byte	0x5
 861 0138 10       		.byte	0x10
 862 0139 E4000000 		.4byte	0xe4
 863 013d 0A       		.uleb128 0xa
 864 013e 14       		.byte	0x14
 865 013f 06       		.byte	0x6
ARM GAS  C:\Users\klabu\AppData\Local\Temp\cctFTLZS.s 			page 19


 866 0140 0F       		.byte	0xf
 867 0141 82010000 		.4byte	0x182
 868 0145 09       		.uleb128 0x9
 869 0146 58010000 		.4byte	.LASF24
 870 014a 06       		.byte	0x6
 871 014b 10       		.byte	0x10
 872 014c B1000000 		.4byte	0xb1
 873 0150 00       		.byte	0
 874 0151 09       		.uleb128 0x9
 875 0152 1D000000 		.4byte	.LASF25
 876 0156 06       		.byte	0x6
 877 0157 11       		.byte	0x11
 878 0158 B1000000 		.4byte	0xb1
 879 015c 04       		.byte	0x4
 880 015d 09       		.uleb128 0x9
 881 015e 08050000 		.4byte	.LASF26
 882 0162 06       		.byte	0x6
 883 0163 12       		.byte	0x12
 884 0164 B1000000 		.4byte	0xb1
 885 0168 08       		.byte	0x8
 886 0169 09       		.uleb128 0x9
 887 016a 33010000 		.4byte	.LASF27
 888 016e 06       		.byte	0x6
 889 016f 13       		.byte	0x13
 890 0170 B1000000 		.4byte	0xb1
 891 0174 0C       		.byte	0xc
 892 0175 09       		.uleb128 0x9
 893 0176 73020000 		.4byte	.LASF28
 894 017a 06       		.byte	0x6
 895 017b 14       		.byte	0x14
 896 017c 81000000 		.4byte	0x81
 897 0180 10       		.byte	0x10
 898 0181 00       		.byte	0
 899 0182 03       		.uleb128 0x3
 900 0183 E5030000 		.4byte	.LASF29
 901 0187 06       		.byte	0x6
 902 0188 15       		.byte	0x15
 903 0189 3D010000 		.4byte	0x13d
 904 018d 0A       		.uleb128 0xa
 905 018e 08       		.byte	0x8
 906 018f 06       		.byte	0x6
 907 0190 17       		.byte	0x17
 908 0191 AE010000 		.4byte	0x1ae
 909 0195 09       		.uleb128 0x9
 910 0196 2A050000 		.4byte	.LASF30
 911 019a 06       		.byte	0x6
 912 019b 18       		.byte	0x18
 913 019c B1000000 		.4byte	0xb1
 914 01a0 00       		.byte	0
 915 01a1 09       		.uleb128 0x9
 916 01a2 24020000 		.4byte	.LASF31
 917 01a6 06       		.byte	0x6
 918 01a7 19       		.byte	0x19
 919 01a8 B1000000 		.4byte	0xb1
 920 01ac 04       		.byte	0x4
 921 01ad 00       		.byte	0
 922 01ae 03       		.uleb128 0x3
ARM GAS  C:\Users\klabu\AppData\Local\Temp\cctFTLZS.s 			page 20


 923 01af FD040000 		.4byte	.LASF32
 924 01b3 06       		.byte	0x6
 925 01b4 1A       		.byte	0x1a
 926 01b5 8D010000 		.4byte	0x18d
 927 01b9 0A       		.uleb128 0xa
 928 01ba 3C       		.byte	0x3c
 929 01bb 07       		.byte	0x7
 930 01bc 2E       		.byte	0x2e
 931 01bd E6010000 		.4byte	0x1e6
 932 01c1 09       		.uleb128 0x9
 933 01c2 16000000 		.4byte	.LASF33
 934 01c6 07       		.byte	0x7
 935 01c7 2F       		.byte	0x2f
 936 01c8 E6010000 		.4byte	0x1e6
 937 01cc 00       		.byte	0
 938 01cd 09       		.uleb128 0x9
 939 01ce 00000000 		.4byte	.LASF34
 940 01d2 07       		.byte	0x7
 941 01d3 30       		.byte	0x30
 942 01d4 E6010000 		.4byte	0x1e6
 943 01d8 14       		.byte	0x14
 944 01d9 09       		.uleb128 0x9
 945 01da E0030000 		.4byte	.LASF35
 946 01de 07       		.byte	0x7
 947 01df 31       		.byte	0x31
 948 01e0 E6010000 		.4byte	0x1e6
 949 01e4 28       		.byte	0x28
 950 01e5 00       		.byte	0
 951 01e6 06       		.uleb128 0x6
 952 01e7 BF000000 		.4byte	0xbf
 953 01eb F6010000 		.4byte	0x1f6
 954 01ef 07       		.uleb128 0x7
 955 01f0 CD000000 		.4byte	0xcd
 956 01f4 13       		.byte	0x13
 957 01f5 00       		.byte	0
 958 01f6 03       		.uleb128 0x3
 959 01f7 7C040000 		.4byte	.LASF36
 960 01fb 07       		.byte	0x7
 961 01fc 32       		.byte	0x32
 962 01fd B9010000 		.4byte	0x1b9
 963 0201 0A       		.uleb128 0xa
 964 0202 20       		.byte	0x20
 965 0203 07       		.byte	0x7
 966 0204 34       		.byte	0x34
 967 0205 6A020000 		.4byte	0x26a
 968 0209 09       		.uleb128 0x9
 969 020a 71030000 		.4byte	.LASF37
 970 020e 07       		.byte	0x7
 971 020f 35       		.byte	0x35
 972 0210 68000000 		.4byte	0x68
 973 0214 00       		.byte	0
 974 0215 0B       		.uleb128 0xb
 975 0216 62657200 		.ascii	"ber\000"
 976 021a 07       		.byte	0x7
 977 021b 36       		.byte	0x36
 978 021c 68000000 		.4byte	0x68
 979 0220 04       		.byte	0x4
ARM GAS  C:\Users\klabu\AppData\Local\Temp\cctFTLZS.s 			page 21


 980 0221 09       		.uleb128 0x9
 981 0222 89010000 		.4byte	.LASF38
 982 0226 07       		.byte	0x7
 983 0227 37       		.byte	0x37
 984 0228 68000000 		.4byte	0x68
 985 022c 08       		.byte	0x8
 986 022d 09       		.uleb128 0x9
 987 022e 4D010000 		.4byte	.LASF39
 988 0232 07       		.byte	0x7
 989 0233 38       		.byte	0x38
 990 0234 68000000 		.4byte	0x68
 991 0238 0C       		.byte	0xc
 992 0239 09       		.uleb128 0x9
 993 023a 3A040000 		.4byte	.LASF40
 994 023e 07       		.byte	0x7
 995 023f 39       		.byte	0x39
 996 0240 68000000 		.4byte	0x68
 997 0244 10       		.byte	0x10
 998 0245 09       		.uleb128 0x9
 999 0246 6E020000 		.4byte	.LASF41
 1000 024a 07       		.byte	0x7
 1001 024b 3A       		.byte	0x3a
 1002 024c 68000000 		.4byte	0x68
 1003 0250 14       		.byte	0x14
 1004 0251 09       		.uleb128 0x9
 1005 0252 95030000 		.4byte	.LASF42
 1006 0256 07       		.byte	0x7
 1007 0257 3B       		.byte	0x3b
 1008 0258 68000000 		.4byte	0x68
 1009 025c 18       		.byte	0x18
 1010 025d 09       		.uleb128 0x9
 1011 025e C0030000 		.4byte	.LASF43
 1012 0262 07       		.byte	0x7
 1013 0263 3C       		.byte	0x3c
 1014 0264 68000000 		.4byte	0x68
 1015 0268 1C       		.byte	0x1c
 1016 0269 00       		.byte	0
 1017 026a 03       		.uleb128 0x3
 1018 026b F7030000 		.4byte	.LASF44
 1019 026f 07       		.byte	0x7
 1020 0270 3D       		.byte	0x3d
 1021 0271 01020000 		.4byte	0x201
 1022 0275 0A       		.uleb128 0xa
 1023 0276 03       		.byte	0x3
 1024 0277 07       		.byte	0x7
 1025 0278 49       		.byte	0x49
 1026 0279 A2020000 		.4byte	0x2a2
 1027 027d 09       		.uleb128 0x9
 1028 027e 3D020000 		.4byte	.LASF45
 1029 0282 07       		.byte	0x7
 1030 0283 4C       		.byte	0x4c
 1031 0284 81000000 		.4byte	0x81
 1032 0288 00       		.byte	0
 1033 0289 09       		.uleb128 0x9
 1034 028a 36030000 		.4byte	.LASF46
 1035 028e 07       		.byte	0x7
 1036 028f 4E       		.byte	0x4e
ARM GAS  C:\Users\klabu\AppData\Local\Temp\cctFTLZS.s 			page 22


 1037 0290 81000000 		.4byte	0x81
 1038 0294 01       		.byte	0x1
 1039 0295 09       		.uleb128 0x9
 1040 0296 70040000 		.4byte	.LASF47
 1041 029a 07       		.byte	0x7
 1042 029b 51       		.byte	0x51
 1043 029c 81000000 		.4byte	0x81
 1044 02a0 02       		.byte	0x2
 1045 02a1 00       		.byte	0
 1046 02a2 03       		.uleb128 0x3
 1047 02a3 5A030000 		.4byte	.LASF48
 1048 02a7 07       		.byte	0x7
 1049 02a8 52       		.byte	0x52
 1050 02a9 75020000 		.4byte	0x275
 1051 02ad 0A       		.uleb128 0xa
 1052 02ae 2C       		.byte	0x2c
 1053 02af 08       		.byte	0x8
 1054 02b0 10       		.byte	0x10
 1055 02b1 DA020000 		.4byte	0x2da
 1056 02b5 0B       		.uleb128 0xb
 1057 02b6 6B657900 		.ascii	"key\000"
 1058 02ba 08       		.byte	0x8
 1059 02bb 11       		.byte	0x11
 1060 02bc E6010000 		.4byte	0x1e6
 1061 02c0 00       		.byte	0
 1062 02c1 09       		.uleb128 0x9
 1063 02c2 52010000 		.4byte	.LASF49
 1064 02c6 08       		.byte	0x8
 1065 02c7 12       		.byte	0x12
 1066 02c8 E6010000 		.4byte	0x1e6
 1067 02cc 14       		.byte	0x14
 1068 02cd 09       		.uleb128 0x9
 1069 02ce 8E010000 		.4byte	.LASF50
 1070 02d2 08       		.byte	0x8
 1071 02d3 13       		.byte	0x13
 1072 02d4 A5000000 		.4byte	0xa5
 1073 02d8 28       		.byte	0x28
 1074 02d9 00       		.byte	0
 1075 02da 03       		.uleb128 0x3
 1076 02db EC020000 		.4byte	.LASF51
 1077 02df 08       		.byte	0x8
 1078 02e0 14       		.byte	0x14
 1079 02e1 AD020000 		.4byte	0x2ad
 1080 02e5 0A       		.uleb128 0xa
 1081 02e6 06       		.byte	0x6
 1082 02e7 09       		.byte	0x9
 1083 02e8 2D       		.byte	0x2d
 1084 02e9 1E030000 		.4byte	0x31e
 1085 02ed 09       		.uleb128 0x9
 1086 02ee 5E000000 		.4byte	.LASF52
 1087 02f2 09       		.byte	0x9
 1088 02f3 2F       		.byte	0x2f
 1089 02f4 8D000000 		.4byte	0x8d
 1090 02f8 00       		.byte	0
 1091 02f9 09       		.uleb128 0x9
 1092 02fa 3A000000 		.4byte	.LASF53
 1093 02fe 09       		.byte	0x9
ARM GAS  C:\Users\klabu\AppData\Local\Temp\cctFTLZS.s 			page 23


 1094 02ff 30       		.byte	0x30
 1095 0300 99000000 		.4byte	0x99
 1096 0304 02       		.byte	0x2
 1097 0305 09       		.uleb128 0x9
 1098 0306 89040000 		.4byte	.LASF54
 1099 030a 09       		.byte	0x9
 1100 030b 31       		.byte	0x31
 1101 030c 81000000 		.4byte	0x81
 1102 0310 04       		.byte	0x4
 1103 0311 09       		.uleb128 0x9
 1104 0312 A1040000 		.4byte	.LASF55
 1105 0316 09       		.byte	0x9
 1106 0317 32       		.byte	0x32
 1107 0318 81000000 		.4byte	0x81
 1108 031c 05       		.byte	0x5
 1109 031d 00       		.byte	0
 1110 031e 03       		.uleb128 0x3
 1111 031f 11040000 		.4byte	.LASF56
 1112 0323 09       		.byte	0x9
 1113 0324 35       		.byte	0x35
 1114 0325 29030000 		.4byte	0x329
 1115 0329 0C       		.uleb128 0xc
 1116 032a E5020000 		.4byte	0x2e5
 1117 032e 0A       		.uleb128 0xa
 1118 032f 1C       		.byte	0x1c
 1119 0330 09       		.byte	0x9
 1120 0331 38       		.byte	0x38
 1121 0332 4F030000 		.4byte	0x34f
 1122 0336 09       		.uleb128 0x9
 1123 0337 12020000 		.4byte	.LASF57
 1124 033b 09       		.byte	0x9
 1125 033c 3A       		.byte	0x3a
 1126 033d 4F030000 		.4byte	0x34f
 1127 0341 00       		.byte	0
 1128 0342 09       		.uleb128 0x9
 1129 0343 D1020000 		.4byte	.LASF58
 1130 0347 09       		.byte	0x9
 1131 0348 3B       		.byte	0x3b
 1132 0349 D4000000 		.4byte	0xd4
 1133 034d 04       		.byte	0x4
 1134 034e 00       		.byte	0
 1135 034f 0D       		.uleb128 0xd
 1136 0350 04       		.byte	0x4
 1137 0351 F6010000 		.4byte	0x1f6
 1138 0355 03       		.uleb128 0x3
 1139 0356 77030000 		.4byte	.LASF59
 1140 035a 09       		.byte	0x9
 1141 035b 3D       		.byte	0x3d
 1142 035c 2E030000 		.4byte	0x32e
 1143 0360 0A       		.uleb128 0xa
 1144 0361 68       		.byte	0x68
 1145 0362 09       		.byte	0x9
 1146 0363 43       		.byte	0x43
 1147 0364 81030000 		.4byte	0x381
 1148 0368 09       		.uleb128 0x9
 1149 0369 8D000000 		.4byte	.LASF60
 1150 036d 09       		.byte	0x9
ARM GAS  C:\Users\klabu\AppData\Local\Temp\cctFTLZS.s 			page 24


 1151 036e 48       		.byte	0x48
 1152 036f 81030000 		.4byte	0x381
 1153 0373 00       		.byte	0
 1154 0374 09       		.uleb128 0x9
 1155 0375 DF040000 		.4byte	.LASF61
 1156 0379 09       		.byte	0x9
 1157 037a 49       		.byte	0x49
 1158 037b 68000000 		.4byte	0x68
 1159 037f 64       		.byte	0x64
 1160 0380 00       		.byte	0
 1161 0381 06       		.uleb128 0x6
 1162 0382 BF000000 		.4byte	0xbf
 1163 0386 91030000 		.4byte	0x391
 1164 038a 07       		.uleb128 0x7
 1165 038b CD000000 		.4byte	0xcd
 1166 038f 63       		.byte	0x63
 1167 0390 00       		.byte	0
 1168 0391 03       		.uleb128 0x3
 1169 0392 2B000000 		.4byte	.LASF62
 1170 0396 09       		.byte	0x9
 1171 0397 4F       		.byte	0x4f
 1172 0398 60030000 		.4byte	0x360
 1173 039c 0E       		.uleb128 0xe
 1174 039d 98010000 		.4byte	.LASF68
 1175 03a1 01       		.byte	0x1
 1176 03a2 08       		.byte	0x8
 1177 03a3 82010000 		.4byte	0x182
 1178 03a7 00000000 		.4byte	.LFB64
 1179 03ab 3C010000 		.4byte	.LFE64-.LFB64
 1180 03af 01       		.uleb128 0x1
 1181 03b0 9C       		.byte	0x9c
 1182 03b1 25040000 		.4byte	0x425
 1183 03b5 0F       		.uleb128 0xf
 1184 03b6 0A020000 		.4byte	.LASF63
 1185 03ba 01       		.byte	0x1
 1186 03bb 0A       		.byte	0xa
 1187 03bc 82010000 		.4byte	0x182
 1188 03c0 02       		.uleb128 0x2
 1189 03c1 91       		.byte	0x91
 1190 03c2 54       		.sleb128 -44
 1191 03c3 0F       		.uleb128 0xf
 1192 03c4 44010000 		.4byte	.LASF64
 1193 03c8 01       		.byte	0x1
 1194 03c9 19       		.byte	0x19
 1195 03ca 25040000 		.4byte	0x425
 1196 03ce 02       		.uleb128 0x2
 1197 03cf 91       		.byte	0x91
 1198 03d0 44       		.sleb128 -60
 1199 03d1 0F       		.uleb128 0xf
 1200 03d2 50000000 		.4byte	.LASF65
 1201 03d6 01       		.byte	0x1
 1202 03d7 32       		.byte	0x32
 1203 03d8 B1000000 		.4byte	0xb1
 1204 03dc 02       		.uleb128 0x2
 1205 03dd 91       		.byte	0x91
 1206 03de 68       		.sleb128 -24
 1207 03df 10       		.uleb128 0x10
ARM GAS  C:\Users\klabu\AppData\Local\Temp\cctFTLZS.s 			page 25


 1208 03e0 2A000000 		.4byte	.LBB2
 1209 03e4 7A000000 		.4byte	.LBE2-.LBB2
 1210 03e8 11       		.uleb128 0x11
 1211 03e9 6300     		.ascii	"c\000"
 1212 03eb 01       		.byte	0x1
 1213 03ec 1B       		.byte	0x1b
 1214 03ed 81000000 		.4byte	0x81
 1215 03f1 02       		.uleb128 0x2
 1216 03f2 91       		.byte	0x91
 1217 03f3 6F       		.sleb128 -17
 1218 03f4 10       		.uleb128 0x10
 1219 03f5 32000000 		.4byte	.LBB3
 1220 03f9 60000000 		.4byte	.LBE3-.LBB3
 1221 03fd 0F       		.uleb128 0xf
 1222 03fe 3B050000 		.4byte	.LASF66
 1223 0402 01       		.byte	0x1
 1224 0403 1E       		.byte	0x1e
 1225 0404 35040000 		.4byte	0x435
 1226 0408 03       		.uleb128 0x3
 1227 0409 91       		.byte	0x91
 1228 040a 987F     		.sleb128 -104
 1229 040c 10       		.uleb128 0x10
 1230 040d 3C000000 		.4byte	.LBB4
 1231 0411 30000000 		.4byte	.LBE4-.LBB4
 1232 0415 11       		.uleb128 0x11
 1233 0416 6900     		.ascii	"i\000"
 1234 0418 01       		.byte	0x1
 1235 0419 21       		.byte	0x21
 1236 041a 8D000000 		.4byte	0x8d
 1237 041e 02       		.uleb128 0x2
 1238 041f 91       		.byte	0x91
 1239 0420 6C       		.sleb128 -20
 1240 0421 00       		.byte	0
 1241 0422 00       		.byte	0
 1242 0423 00       		.byte	0
 1243 0424 00       		.byte	0
 1244 0425 06       		.uleb128 0x6
 1245 0426 B1000000 		.4byte	0xb1
 1246 042a 35040000 		.4byte	0x435
 1247 042e 07       		.uleb128 0x7
 1248 042f CD000000 		.4byte	0xcd
 1249 0433 03       		.byte	0x3
 1250 0434 00       		.byte	0
 1251 0435 06       		.uleb128 0x6
 1252 0436 A5000000 		.4byte	0xa5
 1253 043a 45040000 		.4byte	0x445
 1254 043e 07       		.uleb128 0x7
 1255 043f CD000000 		.4byte	0xcd
 1256 0443 0A       		.byte	0xa
 1257 0444 00       		.byte	0
 1258 0445 12       		.uleb128 0x12
 1259 0446 E7040000 		.4byte	.LASF71
 1260 044a 01       		.byte	0x1
 1261 044b 3F       		.byte	0x3f
 1262 044c AE010000 		.4byte	0x1ae
 1263 0450 00000000 		.4byte	.LFB65
 1264 0454 CC000000 		.4byte	.LFE65-.LFB65
ARM GAS  C:\Users\klabu\AppData\Local\Temp\cctFTLZS.s 			page 26


 1265 0458 01       		.uleb128 0x1
 1266 0459 9C       		.byte	0x9c
 1267 045a 7B040000 		.4byte	0x47b
 1268 045e 13       		.uleb128 0x13
 1269 045f 0A020000 		.4byte	.LASF63
 1270 0463 01       		.byte	0x1
 1271 0464 3F       		.byte	0x3f
 1272 0465 82010000 		.4byte	0x182
 1273 0469 02       		.uleb128 0x2
 1274 046a 91       		.byte	0x91
 1275 046b 74       		.sleb128 -12
 1276 046c 0F       		.uleb128 0xf
 1277 046d 80010000 		.4byte	.LASF67
 1278 0471 01       		.byte	0x1
 1279 0472 41       		.byte	0x41
 1280 0473 AE010000 		.4byte	0x1ae
 1281 0477 02       		.uleb128 0x2
 1282 0478 91       		.byte	0x91
 1283 0479 58       		.sleb128 -40
 1284 047a 00       		.byte	0
 1285 047b 14       		.uleb128 0x14
 1286 047c 1D020000 		.4byte	.LASF69
 1287 0480 01       		.byte	0x1
 1288 0481 51       		.byte	0x51
 1289 0482 00000000 		.4byte	.LFB66
 1290 0486 74000000 		.4byte	.LFE66-.LFB66
 1291 048a 01       		.uleb128 0x1
 1292 048b 9C       		.byte	0x9c
 1293 048c C1040000 		.4byte	0x4c1
 1294 0490 15       		.uleb128 0x15
 1295 0491 6100     		.ascii	"a\000"
 1296 0493 01       		.byte	0x1
 1297 0494 51       		.byte	0x51
 1298 0495 C1040000 		.4byte	0x4c1
 1299 0499 02       		.uleb128 0x2
 1300 049a 91       		.byte	0x91
 1301 049b 6C       		.sleb128 -20
 1302 049c 15       		.uleb128 0x15
 1303 049d 6E00     		.ascii	"n\000"
 1304 049f 01       		.byte	0x1
 1305 04a0 51       		.byte	0x51
 1306 04a1 A5000000 		.4byte	0xa5
 1307 04a5 02       		.uleb128 0x2
 1308 04a6 91       		.byte	0x91
 1309 04a7 68       		.sleb128 -24
 1310 04a8 11       		.uleb128 0x11
 1311 04a9 6900     		.ascii	"i\000"
 1312 04ab 01       		.byte	0x1
 1313 04ac 52       		.byte	0x52
 1314 04ad A5000000 		.4byte	0xa5
 1315 04b1 02       		.uleb128 0x2
 1316 04b2 91       		.byte	0x91
 1317 04b3 74       		.sleb128 -12
 1318 04b4 11       		.uleb128 0x11
 1319 04b5 6A00     		.ascii	"j\000"
 1320 04b7 01       		.byte	0x1
 1321 04b8 52       		.byte	0x52
ARM GAS  C:\Users\klabu\AppData\Local\Temp\cctFTLZS.s 			page 27


 1322 04b9 A5000000 		.4byte	0xa5
 1323 04bd 02       		.uleb128 0x2
 1324 04be 91       		.byte	0x91
 1325 04bf 70       		.sleb128 -16
 1326 04c0 00       		.byte	0
 1327 04c1 0D       		.uleb128 0xd
 1328 04c2 04       		.byte	0x4
 1329 04c3 A5000000 		.4byte	0xa5
 1330 04c7 16       		.uleb128 0x16
 1331 04c8 2E040000 		.4byte	.LASF70
 1332 04cc 01       		.byte	0x1
 1333 04cd 5D       		.byte	0x5d
 1334 04ce 00000000 		.4byte	.LFB67
 1335 04d2 28000000 		.4byte	.LFE67-.LFB67
 1336 04d6 01       		.uleb128 0x1
 1337 04d7 9C       		.byte	0x9c
 1338 04d8 01050000 		.4byte	0x501
 1339 04dc 15       		.uleb128 0x15
 1340 04dd 7000     		.ascii	"p\000"
 1341 04df 01       		.byte	0x1
 1342 04e0 5D       		.byte	0x5d
 1343 04e1 C1040000 		.4byte	0x4c1
 1344 04e5 02       		.uleb128 0x2
 1345 04e6 91       		.byte	0x91
 1346 04e7 6C       		.sleb128 -20
 1347 04e8 15       		.uleb128 0x15
 1348 04e9 7100     		.ascii	"q\000"
 1349 04eb 01       		.byte	0x1
 1350 04ec 5D       		.byte	0x5d
 1351 04ed C1040000 		.4byte	0x4c1
 1352 04f1 02       		.uleb128 0x2
 1353 04f2 91       		.byte	0x91
 1354 04f3 68       		.sleb128 -24
 1355 04f4 11       		.uleb128 0x11
 1356 04f5 7400     		.ascii	"t\000"
 1357 04f7 01       		.byte	0x1
 1358 04f8 5E       		.byte	0x5e
 1359 04f9 A5000000 		.4byte	0xa5
 1360 04fd 02       		.uleb128 0x2
 1361 04fe 91       		.byte	0x91
 1362 04ff 74       		.sleb128 -12
 1363 0500 00       		.byte	0
 1364 0501 12       		.uleb128 0x12
 1365 0502 90020000 		.4byte	.LASF72
 1366 0506 01       		.byte	0x1
 1367 0507 66       		.byte	0x66
 1368 0508 A5000000 		.4byte	0xa5
 1369 050c 00000000 		.4byte	.LFB68
 1370 0510 84000000 		.4byte	.LFE68-.LFB68
 1371 0514 01       		.uleb128 0x1
 1372 0515 9C       		.byte	0x9c
 1373 0516 43050000 		.4byte	0x543
 1374 051a 13       		.uleb128 0x13
 1375 051b 6A040000 		.4byte	.LASF73
 1376 051f 01       		.byte	0x1
 1377 0520 66       		.byte	0x66
 1378 0521 C1040000 		.4byte	0x4c1
ARM GAS  C:\Users\klabu\AppData\Local\Temp\cctFTLZS.s 			page 28


 1379 0525 02       		.uleb128 0x2
 1380 0526 91       		.byte	0x91
 1381 0527 64       		.sleb128 -28
 1382 0528 15       		.uleb128 0x15
 1383 0529 6E00     		.ascii	"n\000"
 1384 052b 01       		.byte	0x1
 1385 052c 66       		.byte	0x66
 1386 052d A5000000 		.4byte	0xa5
 1387 0531 02       		.uleb128 0x2
 1388 0532 91       		.byte	0x91
 1389 0533 60       		.sleb128 -32
 1390 0534 0F       		.uleb128 0xf
 1391 0535 57000000 		.4byte	.LASF74
 1392 0539 01       		.byte	0x1
 1393 053a 68       		.byte	0x68
 1394 053b A5000000 		.4byte	0xa5
 1395 053f 02       		.uleb128 0x2
 1396 0540 91       		.byte	0x91
 1397 0541 6C       		.sleb128 -20
 1398 0542 00       		.byte	0
 1399 0543 0E       		.uleb128 0xe
 1400 0544 CD010000 		.4byte	.LASF75
 1401 0548 01       		.byte	0x1
 1402 0549 78       		.byte	0x78
 1403 054a 32010000 		.4byte	0x132
 1404 054e 00000000 		.4byte	.LFB69
 1405 0552 D0000000 		.4byte	.LFE69-.LFB69
 1406 0556 01       		.uleb128 0x1
 1407 0557 9C       		.byte	0x9c
 1408 0558 7B050000 		.4byte	0x57b
 1409 055c 0F       		.uleb128 0xf
 1410 055d 35040000 		.4byte	.LASF76
 1411 0561 01       		.byte	0x1
 1412 0562 7A       		.byte	0x7a
 1413 0563 32010000 		.4byte	0x132
 1414 0567 03       		.uleb128 0x3
 1415 0568 91       		.byte	0x91
 1416 0569 DC7C     		.sleb128 -420
 1417 056b 0F       		.uleb128 0xf
 1418 056c 0A020000 		.4byte	.LASF63
 1419 0570 01       		.byte	0x1
 1420 0571 7E       		.byte	0x7e
 1421 0572 82010000 		.4byte	0x182
 1422 0576 03       		.uleb128 0x3
 1423 0577 91       		.byte	0x91
 1424 0578 C87C     		.sleb128 -440
 1425 057a 00       		.byte	0
 1426 057b 17       		.uleb128 0x17
 1427 057c D3030000 		.4byte	.LASF77
 1428 0580 0A       		.byte	0xa
 1429 0581 1207     		.2byte	0x712
 1430 0583 87050000 		.4byte	0x587
 1431 0587 0C       		.uleb128 0xc
 1432 0588 76000000 		.4byte	0x76
 1433 058c 18       		.uleb128 0x18
 1434 058d 05040000 		.4byte	.LASF78
 1435 0591 07       		.byte	0x7
ARM GAS  C:\Users\klabu\AppData\Local\Temp\cctFTLZS.s 			page 29


 1436 0592 16       		.byte	0x16
 1437 0593 81000000 		.4byte	0x81
 1438 0597 05       		.uleb128 0x5
 1439 0598 03       		.byte	0x3
 1440 0599 00000000 		.4byte	modem_state
 1441 059d 18       		.uleb128 0x18
 1442 059e 79020000 		.4byte	.LASF79
 1443 05a2 07       		.byte	0x7
 1444 05a3 55       		.byte	0x55
 1445 05a4 A5000000 		.4byte	0xa5
 1446 05a8 05       		.uleb128 0x5
 1447 05a9 03       		.byte	0x3
 1448 05aa 00000000 		.4byte	modem_start_time_stamp
 1449 05ae 18       		.uleb128 0x18
 1450 05af 12020000 		.4byte	.LASF57
 1451 05b3 07       		.byte	0x7
 1452 05b4 56       		.byte	0x56
 1453 05b5 F6010000 		.4byte	0x1f6
 1454 05b9 05       		.uleb128 0x5
 1455 05ba 03       		.byte	0x3
 1456 05bb 00000000 		.4byte	modem_info
 1457 05bf 18       		.uleb128 0x18
 1458 05c0 40030000 		.4byte	.LASF80
 1459 05c4 07       		.byte	0x7
 1460 05c5 57       		.byte	0x57
 1461 05c6 6A020000 		.4byte	0x26a
 1462 05ca 05       		.uleb128 0x5
 1463 05cb 03       		.byte	0x3
 1464 05cc 00000000 		.4byte	modem_stats
 1465 05d0 18       		.uleb128 0x18
 1466 05d1 CA040000 		.4byte	.LASF81
 1467 05d5 07       		.byte	0x7
 1468 05d6 58       		.byte	0x58
 1469 05d7 A2020000 		.4byte	0x2a2
 1470 05db 05       		.uleb128 0x5
 1471 05dc 03       		.byte	0x3
 1472 05dd 00000000 		.4byte	updatable_parameters
 1473 05e1 18       		.uleb128 0x18
 1474 05e2 68010000 		.4byte	.LASF82
 1475 05e6 08       		.byte	0x8
 1476 05e7 1D       		.byte	0x1d
 1477 05e8 8D000000 		.4byte	0x8d
 1478 05ec 05       		.uleb128 0x5
 1479 05ed 03       		.byte	0x3
 1480 05ee 00000000 		.4byte	dataPointsInStack
 1481 05f2 18       		.uleb128 0x18
 1482 05f3 AE010000 		.4byte	.LASF83
 1483 05f7 08       		.byte	0x8
 1484 05f8 1E       		.byte	0x1e
 1485 05f9 8D000000 		.4byte	0x8d
 1486 05fd 05       		.uleb128 0x5
 1487 05fe 03       		.byte	0x3
 1488 05ff 00000000 		.4byte	dataPointsInStackDesired
 1489 0603 06       		.uleb128 0x6
 1490 0604 DA020000 		.4byte	0x2da
 1491 0608 13060000 		.4byte	0x613
 1492 060c 07       		.uleb128 0x7
ARM GAS  C:\Users\klabu\AppData\Local\Temp\cctFTLZS.s 			page 30


 1493 060d CD000000 		.4byte	0xcd
 1494 0611 95       		.byte	0x95
 1495 0612 00       		.byte	0
 1496 0613 18       		.uleb128 0x18
 1497 0614 23010000 		.4byte	.LASF84
 1498 0618 08       		.byte	0x8
 1499 0619 1F       		.byte	0x1f
 1500 061a 03060000 		.4byte	0x603
 1501 061e 05       		.uleb128 0x5
 1502 061f 03       		.byte	0x3
 1503 0620 00000000 		.4byte	data
 1504 0624 06       		.uleb128 0x6
 1505 0625 BF000000 		.4byte	0xbf
 1506 0629 35060000 		.4byte	0x635
 1507 062d 19       		.uleb128 0x19
 1508 062e CD000000 		.4byte	0xcd
 1509 0632 0F27     		.2byte	0x270f
 1510 0634 00       		.byte	0
 1511 0635 18       		.uleb128 0x18
 1512 0636 77000000 		.4byte	.LASF85
 1513 063a 09       		.byte	0x9
 1514 063b 17       		.byte	0x17
 1515 063c 24060000 		.4byte	0x624
 1516 0640 05       		.uleb128 0x5
 1517 0641 03       		.byte	0x3
 1518 0642 00000000 		.4byte	http_request
 1519 0646 18       		.uleb128 0x18
 1520 0647 33020000 		.4byte	.LASF86
 1521 064b 09       		.byte	0x9
 1522 064c 18       		.byte	0x18
 1523 064d 24060000 		.4byte	0x624
 1524 0651 05       		.uleb128 0x5
 1525 0652 03       		.byte	0x3
 1526 0653 00000000 		.4byte	http_body
 1527 0657 06       		.uleb128 0x6
 1528 0658 BF000000 		.4byte	0xbf
 1529 065c 67060000 		.4byte	0x667
 1530 0660 07       		.uleb128 0x7
 1531 0661 CD000000 		.4byte	0xcd
 1532 0665 C7       		.byte	0xc7
 1533 0666 00       		.byte	0
 1534 0667 18       		.uleb128 0x18
 1535 0668 46040000 		.4byte	.LASF87
 1536 066c 09       		.byte	0x9
 1537 066d 19       		.byte	0x19
 1538 066e 57060000 		.4byte	0x657
 1539 0672 05       		.uleb128 0x5
 1540 0673 03       		.byte	0x3
 1541 0674 00000000 		.4byte	http_route
 1542 0678 18       		.uleb128 0x18
 1543 0679 B4030000 		.4byte	.LASF88
 1544 067d 09       		.byte	0x9
 1545 067e 40       		.byte	0x40
 1546 067f 55030000 		.4byte	0x355
 1547 0683 05       		.uleb128 0x5
 1548 0684 03       		.byte	0x3
 1549 0685 00000000 		.4byte	system_info
ARM GAS  C:\Users\klabu\AppData\Local\Temp\cctFTLZS.s 			page 31


 1550 0689 18       		.uleb128 0x18
 1551 068a C1020000 		.4byte	.LASF89
 1552 068e 09       		.byte	0x9
 1553 068f 52       		.byte	0x52
 1554 0690 91030000 		.4byte	0x391
 1555 0694 05       		.uleb128 0x5
 1556 0695 03       		.byte	0x3
 1557 0696 00000000 		.4byte	system_settings
 1558 069a 18       		.uleb128 0x18
 1559 069b 09000000 		.4byte	.LASF90
 1560 069f 09       		.byte	0x9
 1561 06a0 6E       		.byte	0x6e
 1562 06a1 1E030000 		.4byte	0x31e
 1563 06a5 05       		.uleb128 0x5
 1564 06a6 03       		.byte	0x3
 1565 06a7 00000000 		.4byte	alarmMeasure
 1566 06ab 18       		.uleb128 0x18
 1567 06ac 4C030000 		.4byte	.LASF91
 1568 06b0 09       		.byte	0x9
 1569 06b1 6F       		.byte	0x6f
 1570 06b2 81000000 		.4byte	0x81
 1571 06b6 05       		.uleb128 0x5
 1572 06b7 03       		.byte	0x3
 1573 06b8 00000000 		.4byte	timeToMeasure
 1574 06bc 18       		.uleb128 0x18
 1575 06bd 4A020000 		.4byte	.LASF92
 1576 06c1 09       		.byte	0x9
 1577 06c2 70       		.byte	0x70
 1578 06c3 1E030000 		.4byte	0x31e
 1579 06c7 05       		.uleb128 0x5
 1580 06c8 03       		.byte	0x3
 1581 06c9 00000000 		.4byte	alarmSync
 1582 06cd 18       		.uleb128 0x18
 1583 06ce 1F050000 		.4byte	.LASF93
 1584 06d2 09       		.byte	0x9
 1585 06d3 71       		.byte	0x71
 1586 06d4 81000000 		.4byte	0x81
 1587 06d8 05       		.uleb128 0x5
 1588 06d9 03       		.byte	0x3
 1589 06da 00000000 		.4byte	timeToSync
 1590 06de 18       		.uleb128 0x18
 1591 06df 17040000 		.4byte	.LASF94
 1592 06e3 09       		.byte	0x9
 1593 06e4 72       		.byte	0x72
 1594 06e5 81000000 		.4byte	0x81
 1595 06e9 05       		.uleb128 0x5
 1596 06ea 03       		.byte	0x3
 1597 06eb 00000000 		.4byte	timeToSycnRemoteParams
 1598 06ef 1A       		.uleb128 0x1a
 1599 06f0 68657900 		.ascii	"hey\000"
 1600 06f4 09       		.byte	0x9
 1601 06f5 73       		.byte	0x73
 1602 06f6 81000000 		.4byte	0x81
 1603 06fa 05       		.uleb128 0x5
 1604 06fb 03       		.byte	0x3
 1605 06fc 00000000 		.4byte	hey
 1606 0700 00       		.byte	0
ARM GAS  C:\Users\klabu\AppData\Local\Temp\cctFTLZS.s 			page 32


 1607              		.section	.debug_abbrev,"",%progbits
 1608              	.Ldebug_abbrev0:
 1609 0000 01       		.uleb128 0x1
 1610 0001 11       		.uleb128 0x11
 1611 0002 01       		.byte	0x1
 1612 0003 25       		.uleb128 0x25
 1613 0004 0E       		.uleb128 0xe
 1614 0005 13       		.uleb128 0x13
 1615 0006 0B       		.uleb128 0xb
 1616 0007 03       		.uleb128 0x3
 1617 0008 0E       		.uleb128 0xe
 1618 0009 1B       		.uleb128 0x1b
 1619 000a 0E       		.uleb128 0xe
 1620 000b 55       		.uleb128 0x55
 1621 000c 17       		.uleb128 0x17
 1622 000d 11       		.uleb128 0x11
 1623 000e 01       		.uleb128 0x1
 1624 000f 10       		.uleb128 0x10
 1625 0010 17       		.uleb128 0x17
 1626 0011 00       		.byte	0
 1627 0012 00       		.byte	0
 1628 0013 02       		.uleb128 0x2
 1629 0014 24       		.uleb128 0x24
 1630 0015 00       		.byte	0
 1631 0016 0B       		.uleb128 0xb
 1632 0017 0B       		.uleb128 0xb
 1633 0018 3E       		.uleb128 0x3e
 1634 0019 0B       		.uleb128 0xb
 1635 001a 03       		.uleb128 0x3
 1636 001b 0E       		.uleb128 0xe
 1637 001c 00       		.byte	0
 1638 001d 00       		.byte	0
 1639 001e 03       		.uleb128 0x3
 1640 001f 16       		.uleb128 0x16
 1641 0020 00       		.byte	0
 1642 0021 03       		.uleb128 0x3
 1643 0022 0E       		.uleb128 0xe
 1644 0023 3A       		.uleb128 0x3a
 1645 0024 0B       		.uleb128 0xb
 1646 0025 3B       		.uleb128 0x3b
 1647 0026 0B       		.uleb128 0xb
 1648 0027 49       		.uleb128 0x49
 1649 0028 13       		.uleb128 0x13
 1650 0029 00       		.byte	0
 1651 002a 00       		.byte	0
 1652 002b 04       		.uleb128 0x4
 1653 002c 24       		.uleb128 0x24
 1654 002d 00       		.byte	0
 1655 002e 0B       		.uleb128 0xb
 1656 002f 0B       		.uleb128 0xb
 1657 0030 3E       		.uleb128 0x3e
 1658 0031 0B       		.uleb128 0xb
 1659 0032 03       		.uleb128 0x3
 1660 0033 08       		.uleb128 0x8
 1661 0034 00       		.byte	0
 1662 0035 00       		.byte	0
 1663 0036 05       		.uleb128 0x5
ARM GAS  C:\Users\klabu\AppData\Local\Temp\cctFTLZS.s 			page 33


 1664 0037 16       		.uleb128 0x16
 1665 0038 00       		.byte	0
 1666 0039 03       		.uleb128 0x3
 1667 003a 0E       		.uleb128 0xe
 1668 003b 3A       		.uleb128 0x3a
 1669 003c 0B       		.uleb128 0xb
 1670 003d 3B       		.uleb128 0x3b
 1671 003e 05       		.uleb128 0x5
 1672 003f 49       		.uleb128 0x49
 1673 0040 13       		.uleb128 0x13
 1674 0041 00       		.byte	0
 1675 0042 00       		.byte	0
 1676 0043 06       		.uleb128 0x6
 1677 0044 01       		.uleb128 0x1
 1678 0045 01       		.byte	0x1
 1679 0046 49       		.uleb128 0x49
 1680 0047 13       		.uleb128 0x13
 1681 0048 01       		.uleb128 0x1
 1682 0049 13       		.uleb128 0x13
 1683 004a 00       		.byte	0
 1684 004b 00       		.byte	0
 1685 004c 07       		.uleb128 0x7
 1686 004d 21       		.uleb128 0x21
 1687 004e 00       		.byte	0
 1688 004f 49       		.uleb128 0x49
 1689 0050 13       		.uleb128 0x13
 1690 0051 2F       		.uleb128 0x2f
 1691 0052 0B       		.uleb128 0xb
 1692 0053 00       		.byte	0
 1693 0054 00       		.byte	0
 1694 0055 08       		.uleb128 0x8
 1695 0056 13       		.uleb128 0x13
 1696 0057 01       		.byte	0x1
 1697 0058 0B       		.uleb128 0xb
 1698 0059 05       		.uleb128 0x5
 1699 005a 3A       		.uleb128 0x3a
 1700 005b 0B       		.uleb128 0xb
 1701 005c 3B       		.uleb128 0x3b
 1702 005d 0B       		.uleb128 0xb
 1703 005e 01       		.uleb128 0x1
 1704 005f 13       		.uleb128 0x13
 1705 0060 00       		.byte	0
 1706 0061 00       		.byte	0
 1707 0062 09       		.uleb128 0x9
 1708 0063 0D       		.uleb128 0xd
 1709 0064 00       		.byte	0
 1710 0065 03       		.uleb128 0x3
 1711 0066 0E       		.uleb128 0xe
 1712 0067 3A       		.uleb128 0x3a
 1713 0068 0B       		.uleb128 0xb
 1714 0069 3B       		.uleb128 0x3b
 1715 006a 0B       		.uleb128 0xb
 1716 006b 49       		.uleb128 0x49
 1717 006c 13       		.uleb128 0x13
 1718 006d 38       		.uleb128 0x38
 1719 006e 0B       		.uleb128 0xb
 1720 006f 00       		.byte	0
ARM GAS  C:\Users\klabu\AppData\Local\Temp\cctFTLZS.s 			page 34


 1721 0070 00       		.byte	0
 1722 0071 0A       		.uleb128 0xa
 1723 0072 13       		.uleb128 0x13
 1724 0073 01       		.byte	0x1
 1725 0074 0B       		.uleb128 0xb
 1726 0075 0B       		.uleb128 0xb
 1727 0076 3A       		.uleb128 0x3a
 1728 0077 0B       		.uleb128 0xb
 1729 0078 3B       		.uleb128 0x3b
 1730 0079 0B       		.uleb128 0xb
 1731 007a 01       		.uleb128 0x1
 1732 007b 13       		.uleb128 0x13
 1733 007c 00       		.byte	0
 1734 007d 00       		.byte	0
 1735 007e 0B       		.uleb128 0xb
 1736 007f 0D       		.uleb128 0xd
 1737 0080 00       		.byte	0
 1738 0081 03       		.uleb128 0x3
 1739 0082 08       		.uleb128 0x8
 1740 0083 3A       		.uleb128 0x3a
 1741 0084 0B       		.uleb128 0xb
 1742 0085 3B       		.uleb128 0x3b
 1743 0086 0B       		.uleb128 0xb
 1744 0087 49       		.uleb128 0x49
 1745 0088 13       		.uleb128 0x13
 1746 0089 38       		.uleb128 0x38
 1747 008a 0B       		.uleb128 0xb
 1748 008b 00       		.byte	0
 1749 008c 00       		.byte	0
 1750 008d 0C       		.uleb128 0xc
 1751 008e 35       		.uleb128 0x35
 1752 008f 00       		.byte	0
 1753 0090 49       		.uleb128 0x49
 1754 0091 13       		.uleb128 0x13
 1755 0092 00       		.byte	0
 1756 0093 00       		.byte	0
 1757 0094 0D       		.uleb128 0xd
 1758 0095 0F       		.uleb128 0xf
 1759 0096 00       		.byte	0
 1760 0097 0B       		.uleb128 0xb
 1761 0098 0B       		.uleb128 0xb
 1762 0099 49       		.uleb128 0x49
 1763 009a 13       		.uleb128 0x13
 1764 009b 00       		.byte	0
 1765 009c 00       		.byte	0
 1766 009d 0E       		.uleb128 0xe
 1767 009e 2E       		.uleb128 0x2e
 1768 009f 01       		.byte	0x1
 1769 00a0 3F       		.uleb128 0x3f
 1770 00a1 19       		.uleb128 0x19
 1771 00a2 03       		.uleb128 0x3
 1772 00a3 0E       		.uleb128 0xe
 1773 00a4 3A       		.uleb128 0x3a
 1774 00a5 0B       		.uleb128 0xb
 1775 00a6 3B       		.uleb128 0x3b
 1776 00a7 0B       		.uleb128 0xb
 1777 00a8 49       		.uleb128 0x49
ARM GAS  C:\Users\klabu\AppData\Local\Temp\cctFTLZS.s 			page 35


 1778 00a9 13       		.uleb128 0x13
 1779 00aa 11       		.uleb128 0x11
 1780 00ab 01       		.uleb128 0x1
 1781 00ac 12       		.uleb128 0x12
 1782 00ad 06       		.uleb128 0x6
 1783 00ae 40       		.uleb128 0x40
 1784 00af 18       		.uleb128 0x18
 1785 00b0 9642     		.uleb128 0x2116
 1786 00b2 19       		.uleb128 0x19
 1787 00b3 01       		.uleb128 0x1
 1788 00b4 13       		.uleb128 0x13
 1789 00b5 00       		.byte	0
 1790 00b6 00       		.byte	0
 1791 00b7 0F       		.uleb128 0xf
 1792 00b8 34       		.uleb128 0x34
 1793 00b9 00       		.byte	0
 1794 00ba 03       		.uleb128 0x3
 1795 00bb 0E       		.uleb128 0xe
 1796 00bc 3A       		.uleb128 0x3a
 1797 00bd 0B       		.uleb128 0xb
 1798 00be 3B       		.uleb128 0x3b
 1799 00bf 0B       		.uleb128 0xb
 1800 00c0 49       		.uleb128 0x49
 1801 00c1 13       		.uleb128 0x13
 1802 00c2 02       		.uleb128 0x2
 1803 00c3 18       		.uleb128 0x18
 1804 00c4 00       		.byte	0
 1805 00c5 00       		.byte	0
 1806 00c6 10       		.uleb128 0x10
 1807 00c7 0B       		.uleb128 0xb
 1808 00c8 01       		.byte	0x1
 1809 00c9 11       		.uleb128 0x11
 1810 00ca 01       		.uleb128 0x1
 1811 00cb 12       		.uleb128 0x12
 1812 00cc 06       		.uleb128 0x6
 1813 00cd 00       		.byte	0
 1814 00ce 00       		.byte	0
 1815 00cf 11       		.uleb128 0x11
 1816 00d0 34       		.uleb128 0x34
 1817 00d1 00       		.byte	0
 1818 00d2 03       		.uleb128 0x3
 1819 00d3 08       		.uleb128 0x8
 1820 00d4 3A       		.uleb128 0x3a
 1821 00d5 0B       		.uleb128 0xb
 1822 00d6 3B       		.uleb128 0x3b
 1823 00d7 0B       		.uleb128 0xb
 1824 00d8 49       		.uleb128 0x49
 1825 00d9 13       		.uleb128 0x13
 1826 00da 02       		.uleb128 0x2
 1827 00db 18       		.uleb128 0x18
 1828 00dc 00       		.byte	0
 1829 00dd 00       		.byte	0
 1830 00de 12       		.uleb128 0x12
 1831 00df 2E       		.uleb128 0x2e
 1832 00e0 01       		.byte	0x1
 1833 00e1 3F       		.uleb128 0x3f
 1834 00e2 19       		.uleb128 0x19
ARM GAS  C:\Users\klabu\AppData\Local\Temp\cctFTLZS.s 			page 36


 1835 00e3 03       		.uleb128 0x3
 1836 00e4 0E       		.uleb128 0xe
 1837 00e5 3A       		.uleb128 0x3a
 1838 00e6 0B       		.uleb128 0xb
 1839 00e7 3B       		.uleb128 0x3b
 1840 00e8 0B       		.uleb128 0xb
 1841 00e9 27       		.uleb128 0x27
 1842 00ea 19       		.uleb128 0x19
 1843 00eb 49       		.uleb128 0x49
 1844 00ec 13       		.uleb128 0x13
 1845 00ed 11       		.uleb128 0x11
 1846 00ee 01       		.uleb128 0x1
 1847 00ef 12       		.uleb128 0x12
 1848 00f0 06       		.uleb128 0x6
 1849 00f1 40       		.uleb128 0x40
 1850 00f2 18       		.uleb128 0x18
 1851 00f3 9642     		.uleb128 0x2116
 1852 00f5 19       		.uleb128 0x19
 1853 00f6 01       		.uleb128 0x1
 1854 00f7 13       		.uleb128 0x13
 1855 00f8 00       		.byte	0
 1856 00f9 00       		.byte	0
 1857 00fa 13       		.uleb128 0x13
 1858 00fb 05       		.uleb128 0x5
 1859 00fc 00       		.byte	0
 1860 00fd 03       		.uleb128 0x3
 1861 00fe 0E       		.uleb128 0xe
 1862 00ff 3A       		.uleb128 0x3a
 1863 0100 0B       		.uleb128 0xb
 1864 0101 3B       		.uleb128 0x3b
 1865 0102 0B       		.uleb128 0xb
 1866 0103 49       		.uleb128 0x49
 1867 0104 13       		.uleb128 0x13
 1868 0105 02       		.uleb128 0x2
 1869 0106 18       		.uleb128 0x18
 1870 0107 00       		.byte	0
 1871 0108 00       		.byte	0
 1872 0109 14       		.uleb128 0x14
 1873 010a 2E       		.uleb128 0x2e
 1874 010b 01       		.byte	0x1
 1875 010c 3F       		.uleb128 0x3f
 1876 010d 19       		.uleb128 0x19
 1877 010e 03       		.uleb128 0x3
 1878 010f 0E       		.uleb128 0xe
 1879 0110 3A       		.uleb128 0x3a
 1880 0111 0B       		.uleb128 0xb
 1881 0112 3B       		.uleb128 0x3b
 1882 0113 0B       		.uleb128 0xb
 1883 0114 27       		.uleb128 0x27
 1884 0115 19       		.uleb128 0x19
 1885 0116 11       		.uleb128 0x11
 1886 0117 01       		.uleb128 0x1
 1887 0118 12       		.uleb128 0x12
 1888 0119 06       		.uleb128 0x6
 1889 011a 40       		.uleb128 0x40
 1890 011b 18       		.uleb128 0x18
 1891 011c 9642     		.uleb128 0x2116
ARM GAS  C:\Users\klabu\AppData\Local\Temp\cctFTLZS.s 			page 37


 1892 011e 19       		.uleb128 0x19
 1893 011f 01       		.uleb128 0x1
 1894 0120 13       		.uleb128 0x13
 1895 0121 00       		.byte	0
 1896 0122 00       		.byte	0
 1897 0123 15       		.uleb128 0x15
 1898 0124 05       		.uleb128 0x5
 1899 0125 00       		.byte	0
 1900 0126 03       		.uleb128 0x3
 1901 0127 08       		.uleb128 0x8
 1902 0128 3A       		.uleb128 0x3a
 1903 0129 0B       		.uleb128 0xb
 1904 012a 3B       		.uleb128 0x3b
 1905 012b 0B       		.uleb128 0xb
 1906 012c 49       		.uleb128 0x49
 1907 012d 13       		.uleb128 0x13
 1908 012e 02       		.uleb128 0x2
 1909 012f 18       		.uleb128 0x18
 1910 0130 00       		.byte	0
 1911 0131 00       		.byte	0
 1912 0132 16       		.uleb128 0x16
 1913 0133 2E       		.uleb128 0x2e
 1914 0134 01       		.byte	0x1
 1915 0135 3F       		.uleb128 0x3f
 1916 0136 19       		.uleb128 0x19
 1917 0137 03       		.uleb128 0x3
 1918 0138 0E       		.uleb128 0xe
 1919 0139 3A       		.uleb128 0x3a
 1920 013a 0B       		.uleb128 0xb
 1921 013b 3B       		.uleb128 0x3b
 1922 013c 0B       		.uleb128 0xb
 1923 013d 27       		.uleb128 0x27
 1924 013e 19       		.uleb128 0x19
 1925 013f 11       		.uleb128 0x11
 1926 0140 01       		.uleb128 0x1
 1927 0141 12       		.uleb128 0x12
 1928 0142 06       		.uleb128 0x6
 1929 0143 40       		.uleb128 0x40
 1930 0144 18       		.uleb128 0x18
 1931 0145 9742     		.uleb128 0x2117
 1932 0147 19       		.uleb128 0x19
 1933 0148 01       		.uleb128 0x1
 1934 0149 13       		.uleb128 0x13
 1935 014a 00       		.byte	0
 1936 014b 00       		.byte	0
 1937 014c 17       		.uleb128 0x17
 1938 014d 34       		.uleb128 0x34
 1939 014e 00       		.byte	0
 1940 014f 03       		.uleb128 0x3
 1941 0150 0E       		.uleb128 0xe
 1942 0151 3A       		.uleb128 0x3a
 1943 0152 0B       		.uleb128 0xb
 1944 0153 3B       		.uleb128 0x3b
 1945 0154 05       		.uleb128 0x5
 1946 0155 49       		.uleb128 0x49
 1947 0156 13       		.uleb128 0x13
 1948 0157 3F       		.uleb128 0x3f
ARM GAS  C:\Users\klabu\AppData\Local\Temp\cctFTLZS.s 			page 38


 1949 0158 19       		.uleb128 0x19
 1950 0159 3C       		.uleb128 0x3c
 1951 015a 19       		.uleb128 0x19
 1952 015b 00       		.byte	0
 1953 015c 00       		.byte	0
 1954 015d 18       		.uleb128 0x18
 1955 015e 34       		.uleb128 0x34
 1956 015f 00       		.byte	0
 1957 0160 03       		.uleb128 0x3
 1958 0161 0E       		.uleb128 0xe
 1959 0162 3A       		.uleb128 0x3a
 1960 0163 0B       		.uleb128 0xb
 1961 0164 3B       		.uleb128 0x3b
 1962 0165 0B       		.uleb128 0xb
 1963 0166 49       		.uleb128 0x49
 1964 0167 13       		.uleb128 0x13
 1965 0168 3F       		.uleb128 0x3f
 1966 0169 19       		.uleb128 0x19
 1967 016a 02       		.uleb128 0x2
 1968 016b 18       		.uleb128 0x18
 1969 016c 00       		.byte	0
 1970 016d 00       		.byte	0
 1971 016e 19       		.uleb128 0x19
 1972 016f 21       		.uleb128 0x21
 1973 0170 00       		.byte	0
 1974 0171 49       		.uleb128 0x49
 1975 0172 13       		.uleb128 0x13
 1976 0173 2F       		.uleb128 0x2f
 1977 0174 05       		.uleb128 0x5
 1978 0175 00       		.byte	0
 1979 0176 00       		.byte	0
 1980 0177 1A       		.uleb128 0x1a
 1981 0178 34       		.uleb128 0x34
 1982 0179 00       		.byte	0
 1983 017a 03       		.uleb128 0x3
 1984 017b 08       		.uleb128 0x8
 1985 017c 3A       		.uleb128 0x3a
 1986 017d 0B       		.uleb128 0xb
 1987 017e 3B       		.uleb128 0x3b
 1988 017f 0B       		.uleb128 0xb
 1989 0180 49       		.uleb128 0x49
 1990 0181 13       		.uleb128 0x13
 1991 0182 3F       		.uleb128 0x3f
 1992 0183 19       		.uleb128 0x19
 1993 0184 02       		.uleb128 0x2
 1994 0185 18       		.uleb128 0x18
 1995 0186 00       		.byte	0
 1996 0187 00       		.byte	0
 1997 0188 00       		.byte	0
 1998              		.section	.debug_aranges,"",%progbits
 1999 0000 44000000 		.4byte	0x44
 2000 0004 0200     		.2byte	0x2
 2001 0006 00000000 		.4byte	.Ldebug_info0
 2002 000a 04       		.byte	0x4
 2003 000b 00       		.byte	0
 2004 000c 0000     		.2byte	0
 2005 000e 0000     		.2byte	0
ARM GAS  C:\Users\klabu\AppData\Local\Temp\cctFTLZS.s 			page 39


 2006 0010 00000000 		.4byte	.LFB64
 2007 0014 3C010000 		.4byte	.LFE64-.LFB64
 2008 0018 00000000 		.4byte	.LFB65
 2009 001c CC000000 		.4byte	.LFE65-.LFB65
 2010 0020 00000000 		.4byte	.LFB66
 2011 0024 74000000 		.4byte	.LFE66-.LFB66
 2012 0028 00000000 		.4byte	.LFB67
 2013 002c 28000000 		.4byte	.LFE67-.LFB67
 2014 0030 00000000 		.4byte	.LFB68
 2015 0034 84000000 		.4byte	.LFE68-.LFB68
 2016 0038 00000000 		.4byte	.LFB69
 2017 003c D0000000 		.4byte	.LFE69-.LFB69
 2018 0040 00000000 		.4byte	0
 2019 0044 00000000 		.4byte	0
 2020              		.section	.debug_ranges,"",%progbits
 2021              	.Ldebug_ranges0:
 2022 0000 00000000 		.4byte	.LFB64
 2023 0004 3C010000 		.4byte	.LFE64
 2024 0008 00000000 		.4byte	.LFB65
 2025 000c CC000000 		.4byte	.LFE65
 2026 0010 00000000 		.4byte	.LFB66
 2027 0014 74000000 		.4byte	.LFE66
 2028 0018 00000000 		.4byte	.LFB67
 2029 001c 28000000 		.4byte	.LFE67
 2030 0020 00000000 		.4byte	.LFB68
 2031 0024 84000000 		.4byte	.LFE68
 2032 0028 00000000 		.4byte	.LFB69
 2033 002c D0000000 		.4byte	.LFE69
 2034 0030 00000000 		.4byte	0
 2035 0034 00000000 		.4byte	0
 2036              		.section	.debug_line,"",%progbits
 2037              	.Ldebug_line0:
 2038 0000 6F020000 		.section	.debug_str,"MS",%progbits,1
 2038      02008E01 
 2038      00000201 
 2038      FB0E0D00 
 2038      01010101 
 2039              	.LASF34:
 2040 0000 6D6F6465 		.ascii	"model_id\000"
 2040      6C5F6964 
 2040      00
 2041              	.LASF90:
 2042 0009 616C6172 		.ascii	"alarmMeasure\000"
 2042      6D4D6561 
 2042      73757265 
 2042      00
 2043              	.LASF33:
 2044 0016 73696D5F 		.ascii	"sim_id\000"
 2044      696400
 2045              	.LASF25:
 2046 001d 766F6C74 		.ascii	"voltage_solar\000"
 2046      6167655F 
 2046      736F6C61 
 2046      7200
 2047              	.LASF62:
 2048 002b 7379735F 		.ascii	"sys_settings_t\000"
 2048      73657474 
ARM GAS  C:\Users\klabu\AppData\Local\Temp\cctFTLZS.s 			page 40


 2048      696E6773 
 2048      5F7400
 2049              	.LASF53:
 2050 003a 63757272 		.ascii	"currentCountDownValue\000"
 2050      656E7443 
 2050      6F756E74 
 2050      446F776E 
 2050      56616C75 
 2051              	.LASF65:
 2052 0050 6F666673 		.ascii	"offset\000"
 2052      657400
 2053              	.LASF74:
 2054 0057 6D656469 		.ascii	"median\000"
 2054      616E00
 2055              	.LASF52:
 2056 005e 636F756E 		.ascii	"countDownValue\000"
 2056      74446F77 
 2056      6E56616C 
 2056      756500
 2057              	.LASF2:
 2058 006d 73686F72 		.ascii	"short int\000"
 2058      7420696E 
 2058      7400
 2059              	.LASF85:
 2060 0077 68747470 		.ascii	"http_request\000"
 2060      5F726571 
 2060      75657374 
 2060      00
 2061              	.LASF19:
 2062 0084 73697A65 		.ascii	"sizetype\000"
 2062      74797065 
 2062      00
 2063              	.LASF60:
 2064 008d 65705F68 		.ascii	"ep_host\000"
 2064      6F737400 
 2065              	.LASF95:
 2066 0095 474E5520 		.ascii	"GNU C11 5.4.1 20160609 (release) [ARM/embedded-5-br"
 2066      43313120 
 2066      352E342E 
 2066      31203230 
 2066      31363036 
 2067 00c8 616E6368 		.ascii	"anch revision 237715] -mcpu=cortex-m3 -mthumb -g -O"
 2067      20726576 
 2067      6973696F 
 2067      6E203233 
 2067      37373135 
 2068 00fb 30202D66 		.ascii	"0 -ffunction-sections -ffat-lto-objects\000"
 2068      66756E63 
 2068      74696F6E 
 2068      2D736563 
 2068      74696F6E 
 2069              	.LASF84:
 2070 0123 64617461 		.ascii	"data\000"
 2070      00
 2071              	.LASF96:
 2072 0128 766F6C74 		.ascii	"voltages.c\000"
 2072      61676573 
ARM GAS  C:\Users\klabu\AppData\Local\Temp\cctFTLZS.s 			page 41


 2072      2E6300
 2073              	.LASF27:
 2074 0133 766F6C74 		.ascii	"voltage_pressure\000"
 2074      6167655F 
 2074      70726573 
 2074      73757265 
 2074      00
 2075              	.LASF64:
 2076 0144 6368616E 		.ascii	"channels\000"
 2076      6E656C73 
 2076      00
 2077              	.LASF39:
 2078 014d 65636E6F 		.ascii	"ecno\000"
 2078      00
 2079              	.LASF49:
 2080 0152 76616C75 		.ascii	"value\000"
 2080      6500
 2081              	.LASF24:
 2082 0158 766F6C74 		.ascii	"voltage_battery\000"
 2082      6167655F 
 2082      62617474 
 2082      65727900 
 2083              	.LASF82:
 2084 0168 64617461 		.ascii	"dataPointsInStack\000"
 2084      506F696E 
 2084      7473496E 
 2084      53746163 
 2084      6B00
 2085              	.LASF11:
 2086 017a 75696E74 		.ascii	"uint8\000"
 2086      3800
 2087              	.LASF67:
 2088 0180 70726573 		.ascii	"pressure\000"
 2088      73757265 
 2088      00
 2089              	.LASF38:
 2090 0189 72736370 		.ascii	"rscp\000"
 2090      00
 2091              	.LASF50:
 2092 018e 74696D65 		.ascii	"timeStamp\000"
 2092      5374616D 
 2092      7000
 2093              	.LASF68:
 2094 0198 766F6C74 		.ascii	"voltage_take_readings\000"
 2094      6167655F 
 2094      74616B65 
 2094      5F726561 
 2094      64696E67 
 2095              	.LASF83:
 2096 01ae 64617461 		.ascii	"dataPointsInStackDesired\000"
 2096      506F696E 
 2096      7473496E 
 2096      53746163 
 2096      6B446573 
 2097              	.LASF15:
 2098 01c7 666C6F61 		.ascii	"float\000"
 2098      7400
ARM GAS  C:\Users\klabu\AppData\Local\Temp\cctFTLZS.s 			page 42


 2099              	.LASF75:
 2100 01cd 766F6C74 		.ascii	"voltages_test\000"
 2100      61676573 
 2100      5F746573 
 2100      7400
 2101              	.LASF14:
 2102 01db 696E7433 		.ascii	"int32\000"
 2102      3200
 2103              	.LASF6:
 2104 01e1 6C6F6E67 		.ascii	"long long int\000"
 2104      206C6F6E 
 2104      6720696E 
 2104      7400
 2105              	.LASF13:
 2106 01ef 696E7431 		.ascii	"int16\000"
 2106      3600
 2107              	.LASF17:
 2108 01f5 63686172 		.ascii	"char\000"
 2108      00
 2109              	.LASF22:
 2110 01fa 72656173 		.ascii	"reason\000"
 2110      6F6E00
 2111              	.LASF4:
 2112 0201 6C6F6E67 		.ascii	"long int\000"
 2112      20696E74 
 2112      00
 2113              	.LASF63:
 2114 020a 766F6C74 		.ascii	"voltage\000"
 2114      61676500 
 2115              	.LASF57:
 2116 0212 6D6F6465 		.ascii	"modem_info\000"
 2116      6D5F696E 
 2116      666F00
 2117              	.LASF69:
 2118 021d 736F7274 		.ascii	"sort32\000"
 2118      333200
 2119              	.LASF31:
 2120 0224 70726573 		.ascii	"pressure_depth\000"
 2120      73757265 
 2120      5F646570 
 2120      746800
 2121              	.LASF86:
 2122 0233 68747470 		.ascii	"http_body\000"
 2122      5F626F64 
 2122      7900
 2123              	.LASF45:
 2124 023d 6D656173 		.ascii	"measure_time\000"
 2124      7572655F 
 2124      74696D65 
 2124      00
 2125              	.LASF92:
 2126 024a 616C6172 		.ascii	"alarmSync\000"
 2126      6D53796E 
 2126      6300
 2127              	.LASF18:
 2128 0254 6C6F6E67 		.ascii	"long double\000"
 2128      20646F75 
ARM GAS  C:\Users\klabu\AppData\Local\Temp\cctFTLZS.s 			page 43


 2128      626C6500 
 2129              	.LASF1:
 2130 0260 756E7369 		.ascii	"unsigned char\000"
 2130      676E6564 
 2130      20636861 
 2130      7200
 2131              	.LASF41:
 2132 026e 72737270 		.ascii	"rsrp\000"
 2132      00
 2133              	.LASF28:
 2134 0273 76616C69 		.ascii	"valid\000"
 2134      6400
 2135              	.LASF79:
 2136 0279 6D6F6465 		.ascii	"modem_start_time_stamp\000"
 2136      6D5F7374 
 2136      6172745F 
 2136      74696D65 
 2136      5F737461 
 2137              	.LASF72:
 2138 0290 66696E64 		.ascii	"find_median32\000"
 2138      5F6D6564 
 2138      69616E33 
 2138      3200
 2139              	.LASF0:
 2140 029e 7369676E 		.ascii	"signed char\000"
 2140      65642063 
 2140      68617200 
 2141              	.LASF7:
 2142 02aa 6C6F6E67 		.ascii	"long long unsigned int\000"
 2142      206C6F6E 
 2142      6720756E 
 2142      7369676E 
 2142      65642069 
 2143              	.LASF89:
 2144 02c1 73797374 		.ascii	"system_settings\000"
 2144      656D5F73 
 2144      65747469 
 2144      6E677300 
 2145              	.LASF58:
 2146 02d1 63686970 		.ascii	"chip_uniqueId\000"
 2146      5F756E69 
 2146      71756549 
 2146      6400
 2147              	.LASF8:
 2148 02df 756E7369 		.ascii	"unsigned int\000"
 2148      676E6564 
 2148      20696E74 
 2148      00
 2149              	.LASF51:
 2150 02ec 6B65795F 		.ascii	"key_value_t\000"
 2150      76616C75 
 2150      655F7400 
 2151              	.LASF97:
 2152 02f8 433A5C55 		.ascii	"C:\\Users\\klabu\\Desktop\\BrookeResearch\\notoriOS"
 2152      73657273 
 2152      5C6B6C61 
 2152      62755C44 
ARM GAS  C:\Users\klabu\AppData\Local\Temp\cctFTLZS.s 			page 44


 2152      65736B74 
 2153 0326 5C6E6F74 		.ascii	"\\notoriOS.cydsn\000"
 2153      6F72694F 
 2153      532E6379 
 2153      64736E00 
 2154              	.LASF46:
 2155 0336 73796E63 		.ascii	"sync_time\000"
 2155      5F74696D 
 2155      6500
 2156              	.LASF80:
 2157 0340 6D6F6465 		.ascii	"modem_stats\000"
 2157      6D5F7374 
 2157      61747300 
 2158              	.LASF91:
 2159 034c 74696D65 		.ascii	"timeToMeasure\000"
 2159      546F4D65 
 2159      61737572 
 2159      6500
 2160              	.LASF48:
 2161 035a 75706461 		.ascii	"updatable_parameters_t\000"
 2161      7461626C 
 2161      655F7061 
 2161      72616D65 
 2161      74657273 
 2162              	.LASF37:
 2163 0371 72786C65 		.ascii	"rxlev\000"
 2163      7600
 2164              	.LASF59:
 2165 0377 7379735F 		.ascii	"sys_info_t\000"
 2165      696E666F 
 2165      5F7400
 2166              	.LASF3:
 2167 0382 73686F72 		.ascii	"short unsigned int\000"
 2167      7420756E 
 2167      7369676E 
 2167      65642069 
 2167      6E7400
 2168              	.LASF42:
 2169 0395 74696D65 		.ascii	"time_to_network_connect\000"
 2169      5F746F5F 
 2169      6E657477 
 2169      6F726B5F 
 2169      636F6E6E 
 2170              	.LASF21:
 2171 03ad 73746174 		.ascii	"status\000"
 2171      757300
 2172              	.LASF88:
 2173 03b4 73797374 		.ascii	"system_info\000"
 2173      656D5F69 
 2173      6E666F00 
 2174              	.LASF43:
 2175 03c0 74696D65 		.ascii	"time_to_acquire_ip\000"
 2175      5F746F5F 
 2175      61637175 
 2175      6972655F 
 2175      697000
 2176              	.LASF77:
ARM GAS  C:\Users\klabu\AppData\Local\Temp\cctFTLZS.s 			page 45


 2177 03d3 49544D5F 		.ascii	"ITM_RxBuffer\000"
 2177      52784275 
 2177      66666572 
 2177      00
 2178              	.LASF35:
 2179 03e0 696D6569 		.ascii	"imei\000"
 2179      00
 2180              	.LASF29:
 2181 03e5 766F6C74 		.ascii	"voltage_t\000"
 2181      6167655F 
 2181      7400
 2182              	.LASF10:
 2183 03ef 696E7433 		.ascii	"int32_t\000"
 2183      325F7400 
 2184              	.LASF44:
 2185 03f7 6D6F6465 		.ascii	"modem_stats_t\000"
 2185      6D5F7374 
 2185      6174735F 
 2185      7400
 2186              	.LASF78:
 2187 0405 6D6F6465 		.ascii	"modem_state\000"
 2187      6D5F7374 
 2187      61746500 
 2188              	.LASF56:
 2189 0411 616C6172 		.ascii	"alarm\000"
 2189      6D00
 2190              	.LASF94:
 2191 0417 74696D65 		.ascii	"timeToSycnRemoteParams\000"
 2191      546F5379 
 2191      636E5265 
 2191      6D6F7465 
 2191      50617261 
 2192              	.LASF70:
 2193 042e 73776170 		.ascii	"swap32\000"
 2193      333200
 2194              	.LASF76:
 2195 0435 74657374 		.ascii	"test\000"
 2195      00
 2196              	.LASF40:
 2197 043a 72737271 		.ascii	"rsrq\000"
 2197      00
 2198              	.LASF12:
 2199 043f 75696E74 		.ascii	"uint16\000"
 2199      313600
 2200              	.LASF87:
 2201 0446 68747470 		.ascii	"http_route\000"
 2201      5F726F75 
 2201      746500
 2202              	.LASF5:
 2203 0451 6C6F6E67 		.ascii	"long unsigned int\000"
 2203      20756E73 
 2203      69676E65 
 2203      6420696E 
 2203      7400
 2204              	.LASF16:
 2205 0463 646F7562 		.ascii	"double\000"
 2205      6C6500
ARM GAS  C:\Users\klabu\AppData\Local\Temp\cctFTLZS.s 			page 46


 2206              	.LASF73:
 2207 046a 61727261 		.ascii	"array\000"
 2207      7900
 2208              	.LASF47:
 2209 0470 64656275 		.ascii	"debug_level\000"
 2209      675F6C65 
 2209      76656C00 
 2210              	.LASF36:
 2211 047c 6D6F6465 		.ascii	"modem_info_t\000"
 2211      6D5F696E 
 2211      666F5F74 
 2211      00
 2212              	.LASF54:
 2213 0489 636F756E 		.ascii	"countDownType\000"
 2213      74446F77 
 2213      6E547970 
 2213      6500
 2214              	.LASF9:
 2215 0497 5F5F696E 		.ascii	"__int32_t\000"
 2215      7433325F 
 2215      7400
 2216              	.LASF55:
 2217 04a1 636F756E 		.ascii	"countDownResetCondition\000"
 2217      74446F77 
 2217      6E526573 
 2217      6574436F 
 2217      6E646974 
 2218              	.LASF23:
 2219 04b9 74657374 		.ascii	"test_t\000"
 2219      5F7400
 2220              	.LASF20:
 2221 04c0 74657374 		.ascii	"test_name\000"
 2221      5F6E616D 
 2221      6500
 2222              	.LASF81:
 2223 04ca 75706461 		.ascii	"updatable_parameters\000"
 2223      7461626C 
 2223      655F7061 
 2223      72616D65 
 2223      74657273 
 2224              	.LASF61:
 2225 04df 65705F70 		.ascii	"ep_port\000"
 2225      6F727400 
 2226              	.LASF71:
 2227 04e7 70726573 		.ascii	"pressure_calculations\000"
 2227      73757265 
 2227      5F63616C 
 2227      63756C61 
 2227      74696F6E 
 2228              	.LASF32:
 2229 04fd 70726573 		.ascii	"pressure_t\000"
 2229      73757265 
 2229      5F7400
 2230              	.LASF26:
 2231 0508 766F6C74 		.ascii	"voltage_charge_current\000"
 2231      6167655F 
 2231      63686172 
ARM GAS  C:\Users\klabu\AppData\Local\Temp\cctFTLZS.s 			page 47


 2231      67655F63 
 2231      75727265 
 2232              	.LASF93:
 2233 051f 74696D65 		.ascii	"timeToSync\000"
 2233      546F5379 
 2233      6E6300
 2234              	.LASF30:
 2235 052a 70726573 		.ascii	"pressure_current\000"
 2235      73757265 
 2235      5F637572 
 2235      72656E74 
 2235      00
 2236              	.LASF66:
 2237 053b 72656164 		.ascii	"readings\000"
 2237      696E6773 
 2237      00
 2238              		.ident	"GCC: (GNU Tools for ARM Embedded Processors) 5.4.1 20160609 (release) [ARM/embedded-5-bran
