#***************************************************************************

#sjplacer

#Version:            1.1

#Build Date:         Sep  9 2019 11:47:43

#File Generated:     Jul 28 2023 12:54:44

#Purpose:            

#Copyright (C) 2010-2011 by Softjin Technologies Pvt Ltd. All rights reserved.

#***************************************************************************

Executing : C:\Program Files (x86)\Cypress\PSoC Creator\4.4\PSoC Creator\bin/sjplacer.exe --proj-name notoriOS --netlist-vh2 notoriOS_p.vh2 --arch p35_udb4x6 --arch-file C:\Program Files (x86)\Cypress\PSoC Creator\4.4\PSoC Creator\dev\arch/udbdsi_4x6_24.cydata --ip-file C:\Program Files (x86)\Cypress\PSoC Creator\4.4\PSoC Creator\dev\psoc5/psoc5lp/ip_blocks.cydata --rrg-file C:\Program Files (x86)\Cypress\PSoC Creator\4.4\PSoC Creator\dev\psoc5/psoc5lp/route_arch-rrg.cydata --irq-file C:\Program Files (x86)\Cypress\PSoC Creator\4.4\PSoC Creator\dev\psoc5/psoc5lp/irqconn.cydata --drq-file C:\Program Files (x86)\Cypress\PSoC Creator\4.4\PSoC Creator\dev\psoc5/psoc5lp/dmaconn.cydata --dsi-conn-file C:\Program Files (x86)\Cypress\PSoC Creator\4.4\PSoC Creator\dev\psoc5/psoc5lp/dsiconn.cydata --pins-file pins_68-QFN.xml --lib-file notoriOS_p.lib --sdc-file notoriOS.sdc --io-pcf notoriOS.pci --outdir .

		Softjin Techologies Placer, Version 1.1

Build Date : Sep  9 2019	11:45:12

D2004: Option and Settings Summary
=============================================================
Netlist vh2 file          - notoriOS_p.vh2
Architecture file         - C:\Program Files (x86)\Cypress\PSoC Creator\4.4\PSoC Creator\dev\arch/udbdsi_4x6_24.cydata
Package                   - 
Defparam file             - 
SDC file                  - notoriOS.sdc
Output directory          - .
Timing library            - notoriOS_p.lib
IO Placement file         - notoriOS.pci

D2050: Starting reading inputs for placer
=============================================================
D2065: Reading netlist file : "notoriOS_p.vh2"
D2065: Reading arch file : "C:\Program Files (x86)\Cypress\PSoC Creator\4.4\PSoC Creator\dev\arch/udbdsi_4x6_24.cydata"
D2051: Reading of inputs for placer completed successfully

D2053: Starting placement of the design
=============================================================

Phase 2
Phase 3

Design Statistics after Packing
    Number of Combinational MCs 	:	31
    Number of Sequential MCs    	:	60
    Number of DPs               	:	10
    Number of Controls          	:	6
    Number of Status            	:	8
    Number of SyncCells         	:	0
    Number of count7cells       	:	4

Device Utilization Summary after Packing
    Macrocells                  :	91/192
    UDBS                        :	16/24
    IOs                         :	32/72


D2088: Phase 3, elapsed time : 0.0 (sec)

Phase 4
D2088: Phase 4, elapsed time : 0.0 (sec)

Phase 5
D2088: Phase 5, elapsed time : 0.0 (sec)

Phase 6

######################################################################
Placement Timing Summary

The timing summary is based on estimated routing delays after
placement. For final timing report, please carry out the timing
analysis after routing.
======================================================================

######################################################################
                     Clock Summary 
======================================================================
Number of clocks: 18
Clock: ADC_Ext_CP_Clk       | Frequency: N/A       | Target:  24.0 MHz
Clock: ADC_Ext_CP_Clk(routed) | Frequency: N/A       | Target:  24.0 MHz
Clock: ADC_theACLK          | Frequency: N/A       | Target:   0.2 MHz
Clock: ADC_theACLK(fixed-function) | Frequency: N/A       | Target:   0.2 MHz
Clock: Clock_IMO            | Frequency:  54.5 MHz | Target:   0.1 MHz
Clock: CyBUS_CLK            | Frequency:  54.5 MHz | Target:  24.0 MHz
Clock: CyILO                | Frequency: N/A       | Target:   0.0 MHz
Clock: CyIMO                | Frequency: N/A       | Target:  24.0 MHz
Clock: CyMASTER_CLK         | Frequency:  48.4 MHz | Target:  24.0 MHz
Clock: CyPLL_OUT            | Frequency: N/A       | Target:  24.0 MHz
Clock: CyXTAL_32kHz         | Frequency: N/A       | Target:   0.0 MHz
Clock: Debug_UART_IntClock  | Frequency:  35.4 MHz | Target:   0.9 MHz
Clock: Downstream_Clock_IMO | Frequency:  53.4 MHz | Target:   0.1 MHz
Clock: FastClock            | Frequency:  48.4 MHz | Target:   0.0 MHz
Clock: SlowClock            | Frequency:  48.4 MHz | Target:   0.0 MHz
Clock: UART_Telit_IntClock  | Frequency:  50.6 MHz | Target:   0.9 MHz
Clock: \ADC:DSM\/dec_clock  | Frequency: N/A       | Target:   0.1 MHz
Clock: emFile_Clock_1       | Frequency:  54.5 MHz | Target:  24.0 MHz

======================================================================
                     End of Clock Summary
######################################################################

D2088: Phase 6, elapsed time : 0.1 (sec)

Phase 7
######################################################################
                     Clock Summary 
======================================================================
Number of clocks: 18
Clock: ADC_Ext_CP_Clk       | Frequency: N/A       | Target:  24.0 MHz
Clock: ADC_Ext_CP_Clk(routed) | Frequency: N/A       | Target:  24.0 MHz
Clock: ADC_theACLK          | Frequency: N/A       | Target:   0.2 MHz
Clock: ADC_theACLK(fixed-function) | Frequency: N/A       | Target:   0.2 MHz
Clock: Clock_IMO            | Frequency:   1.5 MHz | Target:   0.1 MHz
Clock: CyBUS_CLK            | Frequency:   1.5 MHz | Target:  24.0 MHz
Clock: CyILO                | Frequency: N/A       | Target:   0.0 MHz
Clock: CyIMO                | Frequency: N/A       | Target:  24.0 MHz
Clock: CyMASTER_CLK         | Frequency:  48.4 MHz | Target:  24.0 MHz
Clock: CyPLL_OUT            | Frequency: N/A       | Target:  24.0 MHz
Clock: CyXTAL_32kHz         | Frequency: N/A       | Target:   0.0 MHz
Clock: Debug_UART_IntClock  | Frequency:  36.4 MHz | Target:   0.9 MHz
Clock: Downstream_Clock_IMO | Frequency:   1.5 MHz | Target:   0.1 MHz
Clock: FastClock            | Frequency:   1.5 MHz | Target:   0.0 MHz
Clock: SlowClock            | Frequency:   3.7 MHz | Target:   0.0 MHz
Clock: UART_Telit_IntClock  | Frequency:   1.6 MHz | Target:   0.9 MHz
Clock: \ADC:DSM\/dec_clock  | Frequency: N/A       | Target:   0.1 MHz
Clock: emFile_Clock_1       | Frequency:  50.1 MHz | Target:  24.0 MHz

======================================================================
                     End of Clock Summary
######################################################################
D2088: Phase 7, elapsed time : 0.3 (sec)

Final Design Statistics
    Number of Combinational MCs 	:	31
    Number of Sequential MCs    	:	60
    Number of DPs               	:	10
    Number of Controls          	:	6
    Number of Status            	:	8
    Number of SyncCells         	:	0
    Number of count7cells       	:	4
    Number of IOs       	:	32

Device Utilization Summary
    Macrocells                  :	91/192
    IOs                         :	32/72



######################################################################
Placement Timing Summary

The timing summary is based on estimated routing delays after
placement. For final timing report, please carry out the timing
analysis after routing.
======================================================================


######################################################################
                     Clock Summary 
======================================================================
Number of clocks: 18
Clock: ADC_Ext_CP_Clk       | Frequency: N/A       | Target:  24.0 MHz
Clock: ADC_Ext_CP_Clk(routed) | Frequency: N/A       | Target:  24.0 MHz
Clock: ADC_theACLK          | Frequency: N/A       | Target:   0.2 MHz
Clock: ADC_theACLK(fixed-function) | Frequency: N/A       | Target:   0.2 MHz
Clock: Clock_IMO            | Frequency:   1.5 MHz | Target:   0.1 MHz
Clock: CyBUS_CLK            | Frequency:   1.5 MHz | Target:  24.0 MHz
Clock: CyILO                | Frequency: N/A       | Target:   0.0 MHz
Clock: CyIMO                | Frequency: N/A       | Target:  24.0 MHz
Clock: CyMASTER_CLK         | Frequency:  48.4 MHz | Target:  24.0 MHz
Clock: CyPLL_OUT            | Frequency: N/A       | Target:  24.0 MHz
Clock: CyXTAL_32kHz         | Frequency: N/A       | Target:   0.0 MHz
Clock: Debug_UART_IntClock  | Frequency:  36.4 MHz | Target:   0.9 MHz
Clock: Downstream_Clock_IMO | Frequency:   1.5 MHz | Target:   0.1 MHz
Clock: FastClock            | Frequency:   1.5 MHz | Target:   0.0 MHz
Clock: SlowClock            | Frequency:   3.7 MHz | Target:   0.0 MHz
Clock: UART_Telit_IntClock  | Frequency:   1.6 MHz | Target:   0.9 MHz
Clock: \ADC:DSM\/dec_clock  | Frequency: N/A       | Target:   0.1 MHz
Clock: emFile_Clock_1       | Frequency:  50.1 MHz | Target:  24.0 MHz

======================================================================
                     End of Clock Summary
######################################################################

Phase 6

######################################################################
Placement Timing Summary

The timing summary is based on estimated routing delays after
placement. For final timing report, please carry out the timing
analysis after routing.
======================================================================

######################################################################
                     Clock Summary 
======================================================================
Number of clocks: 18
Clock: ADC_Ext_CP_Clk       | Frequency: N/A       | Target:  24.0 MHz
Clock: ADC_Ext_CP_Clk(routed) | Frequency: N/A       | Target:  24.0 MHz
Clock: ADC_theACLK          | Frequency: N/A       | Target:   0.2 MHz
Clock: ADC_theACLK(fixed-function) | Frequency: N/A       | Target:   0.2 MHz
Clock: Clock_IMO            | Frequency:   1.5 MHz | Target:   0.1 MHz
Clock: CyBUS_CLK            | Frequency:   1.4 MHz | Target:  24.0 MHz
Clock: CyILO                | Frequency: N/A       | Target:   0.0 MHz
Clock: CyIMO                | Frequency: N/A       | Target:  24.0 MHz
Clock: CyMASTER_CLK         | Frequency:  48.4 MHz | Target:  24.0 MHz
Clock: CyPLL_OUT            | Frequency: N/A       | Target:  24.0 MHz
Clock: CyXTAL_32kHz         | Frequency: N/A       | Target:   0.0 MHz
Clock: Debug_UART_IntClock  | Frequency:  41.8 MHz | Target:   0.9 MHz
Clock: Downstream_Clock_IMO | Frequency:   1.4 MHz | Target:   0.1 MHz
Clock: FastClock            | Frequency:   1.6 MHz | Target:   0.0 MHz
Clock: SlowClock            | Frequency:   3.5 MHz | Target:   0.0 MHz
Clock: UART_Telit_IntClock  | Frequency:   1.5 MHz | Target:   0.9 MHz
Clock: \ADC:DSM\/dec_clock  | Frequency: N/A       | Target:   0.1 MHz
Clock: emFile_Clock_1       | Frequency:  48.8 MHz | Target:  24.0 MHz

======================================================================
                     End of Clock Summary
######################################################################

D2088: Phase 6, elapsed time : 0.1 (sec)

Phase 7
######################################################################
                     Clock Summary 
======================================================================
Number of clocks: 18
Clock: ADC_Ext_CP_Clk       | Frequency: N/A       | Target:  24.0 MHz
Clock: ADC_Ext_CP_Clk(routed) | Frequency: N/A       | Target:  24.0 MHz
Clock: ADC_theACLK          | Frequency: N/A       | Target:   0.2 MHz
Clock: ADC_theACLK(fixed-function) | Frequency: N/A       | Target:   0.2 MHz
Clock: Clock_IMO            | Frequency:   1.6 MHz | Target:   0.1 MHz
Clock: CyBUS_CLK            | Frequency:   1.4 MHz | Target:  24.0 MHz
Clock: CyILO                | Frequency: N/A       | Target:   0.0 MHz
Clock: CyIMO                | Frequency: N/A       | Target:  24.0 MHz
Clock: CyMASTER_CLK         | Frequency:  48.4 MHz | Target:  24.0 MHz
Clock: CyPLL_OUT            | Frequency: N/A       | Target:  24.0 MHz
Clock: CyXTAL_32kHz         | Frequency: N/A       | Target:   0.0 MHz
Clock: Debug_UART_IntClock  | Frequency:  37.3 MHz | Target:   0.9 MHz
Clock: Downstream_Clock_IMO | Frequency:   1.4 MHz | Target:   0.1 MHz
Clock: FastClock            | Frequency:   1.6 MHz | Target:   0.0 MHz
Clock: SlowClock            | Frequency:   3.5 MHz | Target:   0.0 MHz
Clock: UART_Telit_IntClock  | Frequency:   1.5 MHz | Target:   0.9 MHz
Clock: \ADC:DSM\/dec_clock  | Frequency: N/A       | Target:   0.1 MHz
Clock: emFile_Clock_1       | Frequency:  52.5 MHz | Target:  24.0 MHz

======================================================================
                     End of Clock Summary
######################################################################
D2088: Phase 7, elapsed time : 0.9 (sec)

Final Design Statistics
    Number of Combinational MCs 	:	31
    Number of Sequential MCs    	:	60
    Number of DPs               	:	10
    Number of Controls          	:	6
    Number of Status            	:	8
    Number of SyncCells         	:	0
    Number of count7cells       	:	4
    Number of IOs       	:	32

Device Utilization Summary
    Macrocells                  :	91/192
    IOs                         :	32/72



######################################################################
Placement Timing Summary

The timing summary is based on estimated routing delays after
placement. For final timing report, please carry out the timing
analysis after routing.
======================================================================


######################################################################
                     Clock Summary 
======================================================================
Number of clocks: 18
Clock: ADC_Ext_CP_Clk       | Frequency: N/A       | Target:  24.0 MHz
Clock: ADC_Ext_CP_Clk(routed) | Frequency: N/A       | Target:  24.0 MHz
Clock: ADC_theACLK          | Frequency: N/A       | Target:   0.2 MHz
Clock: ADC_theACLK(fixed-function) | Frequency: N/A       | Target:   0.2 MHz
Clock: Clock_IMO            | Frequency:   1.6 MHz | Target:   0.1 MHz
Clock: CyBUS_CLK            | Frequency:   1.6 MHz | Target:  24.0 MHz
Clock: CyILO                | Frequency: N/A       | Target:   0.0 MHz
Clock: CyIMO                | Frequency: N/A       | Target:  24.0 MHz
Clock: CyMASTER_CLK         | Frequency:  44.0 MHz | Target:  24.0 MHz
Clock: CyPLL_OUT            | Frequency: N/A       | Target:  24.0 MHz
Clock: CyXTAL_32kHz         | Frequency: N/A       | Target:   0.0 MHz
Clock: Debug_UART_IntClock  | Frequency:  38.4 MHz | Target:   0.9 MHz
Clock: Downstream_Clock_IMO | Frequency:   1.6 MHz | Target:   0.1 MHz
Clock: FastClock            | Frequency:   1.8 MHz | Target:   0.0 MHz
Clock: SlowClock            | Frequency:   3.7 MHz | Target:   0.0 MHz
Clock: UART_Telit_IntClock  | Frequency:   1.6 MHz | Target:   0.9 MHz
Clock: \ADC:DSM\/dec_clock  | Frequency: N/A       | Target:   0.1 MHz
Clock: emFile_Clock_1       | Frequency:  52.5 MHz | Target:  24.0 MHz

======================================================================
                     End of Clock Summary
######################################################################

Phase 8
D2088: Phase 8, elapsed time : 0.0 (sec)

D2054: Placement of the design completed successfully

I2076: Total run-time: 2.1 sec.

