--------------- Rebuild Started: 02/23/2021 16:28:15 Project: notoriOS, Configuration: ARM GCC 5.4-2016-q2-update Debug ---------------
Deleting file ".\CortexM3\ARM_GCC_541\Debug\level_sensor.o"
Deleting file ".\CortexM3\ARM_GCC_541\Debug\sd_card.o"
Deleting file ".\CortexM3\ARM_GCC_541\Debug\debug.o"
Deleting file ".\CortexM3\ARM_GCC_541\Debug\voltages.o"
Deleting file ".\CortexM3\ARM_GCC_541\Debug\modem.o"
Deleting file ".\CortexM3\ARM_GCC_541\Debug\data.o"
Deleting file ".\CortexM3\ARM_GCC_541\Debug\influx.o"
Deleting file ".\CortexM3\ARM_GCC_541\Debug\sontek.o"
Deleting file ".\CortexM3\ARM_GCC_541\Debug\SDI12.o"
Deleting file ".\CortexM3\ARM_GCC_541\Debug\notoriOS.o"
Deleting file ".\CortexM3\ARM_GCC_541\Debug\main.o"
Deleting file ".\CortexM3\ARM_GCC_541\Debug\cyfitter_cfg.o"
Deleting file ".\CortexM3\ARM_GCC_541\Debug\cymetadata.o"
Deleting file ".\CortexM3\ARM_GCC_541\Debug\Cm3Start.o"
Deleting file ".\CortexM3\ARM_GCC_541\Debug\CyBootAsmGnu.o"
Deleting file ".\CortexM3\ARM_GCC_541\Debug\CyDmac.o"
Deleting file ".\CortexM3\ARM_GCC_541\Debug\CyFlash.o"
Deleting file ".\CortexM3\ARM_GCC_541\Debug\CyLib.o"
Deleting file ".\CortexM3\ARM_GCC_541\Debug\cyPm.o"
Deleting file ".\CortexM3\ARM_GCC_541\Debug\CySpc.o"
Deleting file ".\CortexM3\ARM_GCC_541\Debug\cyutils.o"
Deleting file ".\CortexM3\ARM_GCC_541\Debug\cy_em_eeprom.o"
Deleting file ".\CortexM3\ARM_GCC_541\Debug\isr_SleepTimer.o"
Deleting file ".\CortexM3\ARM_GCC_541\Debug\SleepTimer.o"
Deleting file ".\CortexM3\ARM_GCC_541\Debug\LED.o"
Deleting file ".\CortexM3\ARM_GCC_541\Debug\RTC.o"
Deleting file ".\CortexM3\ARM_GCC_541\Debug\RTC_INT.o"
Deleting file ".\CortexM3\ARM_GCC_541\Debug\Power_VBAT2.o"
Deleting file ".\CortexM3\ARM_GCC_541\Debug\Power_VDD1.o"
Deleting file ".\CortexM3\ARM_GCC_541\Debug\Power_VDD2.o"
Deleting file ".\CortexM3\ARM_GCC_541\Debug\Level_Sensor_UART.o"
Deleting file ".\CortexM3\ARM_GCC_541\Debug\Level_Sensor_UART_PM.o"
Deleting file ".\CortexM3\ARM_GCC_541\Debug\Level_Sensor_UART_INT.o"
Deleting file ".\CortexM3\ARM_GCC_541\Debug\Level_Sensor_UART_BOOT.o"
Deleting file ".\CortexM3\ARM_GCC_541\Debug\Level_Sensor_ISR.o"
Deleting file ".\CortexM3\ARM_GCC_541\Debug\Level_Sensor_Power.o"
Deleting file ".\CortexM3\ARM_GCC_541\Debug\Clock_IMO.o"
Deleting file ".\CortexM3\ARM_GCC_541\Debug\emFile_ConfigMMC_SPI.o"
Deleting file ".\CortexM3\ARM_GCC_541\Debug\emFile_MMC_HW_SPI.o"
Deleting file ".\CortexM3\ARM_GCC_541\Debug\emFile_PM.o"
Deleting file ".\CortexM3\ARM_GCC_541\Debug\SD_Card_Power.o"
Deleting file ".\CortexM3\ARM_GCC_541\Debug\emFile_SPI0.o"
Deleting file ".\CortexM3\ARM_GCC_541\Debug\emFile_SPI0_PM.o"
Deleting file ".\CortexM3\ARM_GCC_541\Debug\emFile_SPI0_INT.o"
Deleting file ".\CortexM3\ARM_GCC_541\Debug\emFile_mosi0.o"
Deleting file ".\CortexM3\ARM_GCC_541\Debug\emFile_Clock_1.o"
Deleting file ".\CortexM3\ARM_GCC_541\Debug\emFile_miso0.o"
Deleting file ".\CortexM3\ARM_GCC_541\Debug\emFile_sclk0.o"
Deleting file ".\CortexM3\ARM_GCC_541\Debug\emFile_SPI0_CS.o"
Deleting file ".\CortexM3\ARM_GCC_541\Debug\SD_Chip_Detect.o"
Deleting file ".\CortexM3\ARM_GCC_541\Debug\ADC.o"
Deleting file ".\CortexM3\ARM_GCC_541\Debug\ADC_PM.o"
Deleting file ".\CortexM3\ARM_GCC_541\Debug\ADC_INT.o"
Deleting file ".\CortexM3\ARM_GCC_541\Debug\AMux.o"
Deleting file ".\CortexM3\ARM_GCC_541\Debug\Battery_Voltage_Enable.o"
Deleting file ".\CortexM3\ARM_GCC_541\Debug\ADC_AMux.o"
Deleting file ".\CortexM3\ARM_GCC_541\Debug\ADC_Ext_CP_Clk.o"
Deleting file ".\CortexM3\ARM_GCC_541\Debug\ADC_IRQ.o"
Deleting file ".\CortexM3\ARM_GCC_541\Debug\ADC_theACLK.o"
Deleting file ".\CortexM3\ARM_GCC_541\Debug\AN_VBAT.o"
Deleting file ".\CortexM3\ARM_GCC_541\Debug\AN_VSOL.o"
Deleting file ".\CortexM3\ARM_GCC_541\Debug\Debug_UART.o"
Deleting file ".\CortexM3\ARM_GCC_541\Debug\Debug_UART_PM.o"
Deleting file ".\CortexM3\ARM_GCC_541\Debug\Debug_UART_INT.o"
Deleting file ".\CortexM3\ARM_GCC_541\Debug\Debug_UART_BOOT.o"
Deleting file ".\CortexM3\ARM_GCC_541\Debug\Debug_UART_IntClock.o"
Deleting file ".\CortexM3\ARM_GCC_541\Debug\Debug_TX.o"
Deleting file ".\CortexM3\ARM_GCC_541\Debug\Pin_Telit_ONOFF.o"
Deleting file ".\CortexM3\ARM_GCC_541\Debug\Pin_Telit_pwr.o"
Deleting file ".\CortexM3\ARM_GCC_541\Debug\Pin_Telit_SWRDY.o"
Deleting file ".\CortexM3\ARM_GCC_541\Debug\UART_Telit.o"
Deleting file ".\CortexM3\ARM_GCC_541\Debug\UART_Telit_PM.o"
Deleting file ".\CortexM3\ARM_GCC_541\Debug\UART_Telit_INT.o"
Deleting file ".\CortexM3\ARM_GCC_541\Debug\UART_Telit_BOOT.o"
Deleting file ".\CortexM3\ARM_GCC_541\Debug\isr_telit_rx.o"
Deleting file ".\CortexM3\ARM_GCC_541\Debug\UART_Telit_IntClock.o"
Deleting file ".\CortexM3\ARM_GCC_541\Debug\Rx_Telit.o"
Deleting file ".\CortexM3\ARM_GCC_541\Debug\Tx_Telit.o"
Deleting file ".\CortexM3\ARM_GCC_541\Debug\Telit_ControlReg.o"
Deleting file ".\CortexM3\ARM_GCC_541\Debug\Telit_ControlReg_PM.o"
Deleting file ".\CortexM3\ARM_GCC_541\Debug\Level_Sensor_RX.o"
Deleting file ".\CortexM3\ARM_GCC_541\Debug\AN_PRTRANS.o"
Deleting file ".\CortexM3\ARM_GCC_541\Debug\Pressure_Voltage_Enable.o"
Deleting file ".\CortexM3\ARM_GCC_541\Debug\SDI12_UART.o"
Deleting file ".\CortexM3\ARM_GCC_541\Debug\SDI12_UART_PM.o"
Deleting file ".\CortexM3\ARM_GCC_541\Debug\SDI12_UART_INT.o"
Deleting file ".\CortexM3\ARM_GCC_541\Debug\SDI12_UART_BOOT.o"
Deleting file ".\CortexM3\ARM_GCC_541\Debug\isr_SDI12.o"
Deleting file ".\CortexM3\ARM_GCC_541\Debug\SDI12_Power.o"
Deleting file ".\CortexM3\ARM_GCC_541\Debug\SDI12_Data.o"
Deleting file ".\CortexM3\ARM_GCC_541\Debug\SDI12_control_reg.o"
Deleting file ".\CortexM3\ARM_GCC_541\Debug\SDI12_control_reg_PM.o"
Deleting file ".\CortexM3\ARM_GCC_541\Debug\SDI12_UART_IntClock.o"
Deleting file ".\CortexM3\ARM_GCC_541\Debug\notoriOS.hex"
Deleting file ".\CortexM3\ARM_GCC_541\Debug\notoriOS.elf"
Deleting file ".\CortexM3\ARM_GCC_541\Debug\notoriOS.map"
Deleting file ".\notoriOS.cycdx"
Deleting file ".\notoriOS.svd"
Deleting file ".\notoriOS.rpt"
Deleting file ".\notoriOS_timing.html"
Deleting file ".\CortexM3\ARM_GCC_541\Debug\.deps\SOURCE_C__ARM_GCC_GENERIC.P"
Deleting file ".\CortexM3\ARM_GCC_541\Debug\.deps\SOURCE_ASM__ARM_GCC_GENERIC.P"
cydsfit.exe -.appdatapath "C:\Users\klabu\AppData\Local\Cypress Semiconductor\PSoC Creator\4.4" -.fdsnotice -.fdswarpdepfile=warp_dependencies.txt -.fdselabdepfile=elab_dependencies.txt -.fdsbldfile=generated_files.txt -.fdsreffile=referenced_files.txt -p C:\notoriOS\notoriOS.cydsn\notoriOS.cyprj -d CY8C5888LTI-LP097 -s C:\notoriOS\notoriOS.cydsn\Generated_Source\PSoC5 -- -yv2 -q10 -ygs -o2 -v3 -.fftcfgtype=LE
Elaborating Design...
ADD: fit.M0032: warning: Clock Warning: (Debug_UART_IntClock's accuracy range '923.077 kHz +/- 4%, (886.154 kHz - 960 kHz)' is not within the specified tolerance range '921.6 kHz +/- 3.937%, (885.313 kHz - 957.887 kHz)'.).
 * C:\notoriOS\notoriOS.cydsn\notoriOS.cydwr (Debug_UART_IntClock)
 * C:\Program Files (x86)\Cypress\PSoC Creator\4.4\PSoC Creator\psoc\content\CyComponentLibrary\CyComponentLibrary.cylib\UART_v2_50\UART_v2_50.cysch (Instance:IntClock)
ADD: fit.M0032: warning: Clock Warning: (UART_Telit_IntClock's accuracy range '923.077 kHz +/- 4%, (886.154 kHz - 960 kHz)' is not within the specified tolerance range '921.6 kHz +/- 3.937%, (885.313 kHz - 957.887 kHz)'.).
 * C:\notoriOS\notoriOS.cydsn\notoriOS.cydwr (UART_Telit_IntClock)
 * C:\Program Files (x86)\Cypress\PSoC Creator\4.4\PSoC Creator\psoc\content\CyComponentLibrary\CyComponentLibrary.cylib\UART_v2_50\UART_v2_50.cysch (Instance:IntClock)
ADD: fit.M0029: information: Voltage Reference Information: Vref 'Default <1.024V>' is connected to terminal 'vplus' of '\ADC:DSM\' but no direct hardware connection exists.
 * C:\notoriOS\notoriOS.cydsn\TopDesign\TopDesign.cysch (Instance:vRef_1)
 * C:\Program Files (x86)\Cypress\PSoC Creator\4.4\PSoC Creator\psoc\content\CyComponentLibrary\CyComponentLibrary.cylib\ADC_DelSig_v3_30\PSoC5\ADC_DelSig_v3_30.cysch (Instance:DSM)
HDL Generation...
Synthesis...
Tech Mapping...
Analog Placement...
Info: apr.M0002: Analog signal "\ADC:Net_35\" is connected to one terminal only. (App=cydsfit)
Log: apr.M0058: The analog placement iterative improvement is 62% done. (App=cydsfit)
Analog Routing...
Analog Code Generation...
Info: apr.M0060: Comparator 'Comparator[0]@[FFB(Comparator,0)]' is powered up by analog subsystem to support an auto-enabled vref. (App=cydsfit)
Digital Placement...
Digital Routing...
Bitstream Generation...
Bitstream Verification...
Static timing analysis...
Warning: sta.M0019: notoriOS_timing.html: Warning-1366: Setup time violation found in a path from clock ( CyBUS_CLK ) to clock ( SDI12_UART_IntClock ). (File=C:\notoriOS\notoriOS.cydsn\notoriOS_timing.html)
API Generation...
Dependency Generation...
Cleanup...
python ../build_tools/get_commit_hash.py
49b8a1ced1218c4c6ab99a76ed56e27d7210c1ee 92633393ba637671a6f3c5316a0e01ecd2587883 MeaganT123 <tomeagan@umich.edu> 1614033380 -0500
arm-none-eabi-gcc.exe -mcpu=cortex-m3 -mthumb -I..\emFile_V322c\Code\Include\PSoC5 -I..\emFile_V322c\Code\Include\PSoC5\emf32nOS -I. -IGenerated_Source\PSoC5 -Wa,-alh=.\CortexM3\ARM_GCC_541\Debug/level_sensor.lst -g -D DEBUG -D CY_CORE_ID=0 -Wall -ffunction-sections -ffat-lto-objects -O0 -c level_sensor.c -o .\CortexM3\ARM_GCC_541\Debug\level_sensor.o
arm-none-eabi-gcc.exe -mcpu=cortex-m3 -mthumb -I..\emFile_V322c\Code\Include\PSoC5 -I..\emFile_V322c\Code\Include\PSoC5\emf32nOS -I. -IGenerated_Source\PSoC5 -Wa,-alh=.\CortexM3\ARM_GCC_541\Debug/sd_card.lst -g -D DEBUG -D CY_CORE_ID=0 -Wall -ffunction-sections -ffat-lto-objects -O0 -c sd_card.c -o .\CortexM3\ARM_GCC_541\Debug\sd_card.o
arm-none-eabi-gcc.exe -mcpu=cortex-m3 -mthumb -I..\emFile_V322c\Code\Include\PSoC5 -I..\emFile_V322c\Code\Include\PSoC5\emf32nOS -I. -IGenerated_Source\PSoC5 -Wa,-alh=.\CortexM3\ARM_GCC_541\Debug/debug.lst -g -D DEBUG -D CY_CORE_ID=0 -Wall -ffunction-sections -ffat-lto-objects -O0 -c debug.c -o .\CortexM3\ARM_GCC_541\Debug\debug.o
arm-none-eabi-gcc.exe -mcpu=cortex-m3 -mthumb -I..\emFile_V322c\Code\Include\PSoC5 -I..\emFile_V322c\Code\Include\PSoC5\emf32nOS -I. -IGenerated_Source\PSoC5 -Wa,-alh=.\CortexM3\ARM_GCC_541\Debug/voltages.lst -g -D DEBUG -D CY_CORE_ID=0 -Wall -ffunction-sections -ffat-lto-objects -O0 -c voltages.c -o .\CortexM3\ARM_GCC_541\Debug\voltages.o
arm-none-eabi-gcc.exe -mcpu=cortex-m3 -mthumb -I..\emFile_V322c\Code\Include\PSoC5 -I..\emFile_V322c\Code\Include\PSoC5\emf32nOS -I. -IGenerated_Source\PSoC5 -Wa,-alh=.\CortexM3\ARM_GCC_541\Debug/modem.lst -g -D DEBUG -D CY_CORE_ID=0 -Wall -ffunction-sections -ffat-lto-objects -O0 -c modem.c -o .\CortexM3\ARM_GCC_541\Debug\modem.o
modem.c: In function 'get_cell_network_stats':
modem.c:432:9: warning: unused variable 'match' [-Wunused-variable]
     int match = sscanf(uart_received_string,"\r\n+CESQ: %d,%d,%d,%d,%d,%d%*s",
         ^
arm-none-eabi-gcc.exe -mcpu=cortex-m3 -mthumb -I..\emFile_V322c\Code\Include\PSoC5 -I..\emFile_V322c\Code\Include\PSoC5\emf32nOS -I. -IGenerated_Source\PSoC5 -Wa,-alh=.\CortexM3\ARM_GCC_541\Debug/data.lst -g -D DEBUG -D CY_CORE_ID=0 -Wall -ffunction-sections -ffat-lto-objects -O0 -c data.c -o .\CortexM3\ARM_GCC_541\Debug\data.o
arm-none-eabi-gcc.exe -mcpu=cortex-m3 -mthumb -I..\emFile_V322c\Code\Include\PSoC5 -I..\emFile_V322c\Code\Include\PSoC5\emf32nOS -I. -IGenerated_Source\PSoC5 -Wa,-alh=.\CortexM3\ARM_GCC_541\Debug/influx.lst -g -D DEBUG -D CY_CORE_ID=0 -Wall -ffunction-sections -ffat-lto-objects -O0 -c influx.c -o .\CortexM3\ARM_GCC_541\Debug\influx.o
arm-none-eabi-gcc.exe -mcpu=cortex-m3 -mthumb -I..\emFile_V322c\Code\Include\PSoC5 -I..\emFile_V322c\Code\Include\PSoC5\emf32nOS -I. -IGenerated_Source\PSoC5 -Wa,-alh=.\CortexM3\ARM_GCC_541\Debug/sontek.lst -g -D DEBUG -D CY_CORE_ID=0 -Wall -ffunction-sections -ffat-lto-objects -O0 -c sontek.c -o .\CortexM3\ARM_GCC_541\Debug\sontek.o
sontek.c: In function 'SDI12_sontek_take_measurement':
sontek.c:15:20: warning: unused variable 'SDI12_buf_idx' [-Wunused-variable]
     static uint8_t SDI12_buf_idx = 0u;
                    ^
arm-none-eabi-gcc.exe -mcpu=cortex-m3 -mthumb -I..\emFile_V322c\Code\Include\PSoC5 -I..\emFile_V322c\Code\Include\PSoC5\emf32nOS -I. -IGenerated_Source\PSoC5 -Wa,-alh=.\CortexM3\ARM_GCC_541\Debug/SDI12.lst -g -D DEBUG -D CY_CORE_ID=0 -Wall -ffunction-sections -ffat-lto-objects -O0 -c SDI12.c -o .\CortexM3\ARM_GCC_541\Debug\SDI12.o
arm-none-eabi-gcc.exe -mcpu=cortex-m3 -mthumb -I..\emFile_V322c\Code\Include\PSoC5 -I..\emFile_V322c\Code\Include\PSoC5\emf32nOS -I. -IGenerated_Source\PSoC5 -Wa,-alh=.\CortexM3\ARM_GCC_541\Debug/notoriOS.lst -g -D DEBUG -D CY_CORE_ID=0 -Wall -ffunction-sections -ffat-lto-objects -O0 -c notoriOS.c -o .\CortexM3\ARM_GCC_541\Debug\notoriOS.o
notoriOS.c: In function 'ReadyOrNot':
notoriOS.c:96:11: warning: unused variable 'try_counter' [-Wunused-variable]
     uint8 try_counter = 0;
           ^
notoriOS.c: In function 'makeMeasurements':
notoriOS.c:727:1: error: expected declaration or statement at end of input
 }
 ^
notoriOS.c:727:1: warning: control reaches end of non-void function [-Wreturn-type]
 }
 ^
The command 'arm-none-eabi-gcc.exe' failed with exit code '1'.
--------------- Rebuild Failed: 02/23/2021 16:28:32 ---------------
