--------------- Rebuild Started: 03/14/2020 15:21:24 Project: notoriOS, Configuration: ARM GCC 5.4-2016-q2-update Debug ---------------
Deleting file ".\CortexM3\ARM_GCC_541\Debug\level_sensor.o"
Deleting file ".\CortexM3\ARM_GCC_541\Debug\main.o"
Deleting file ".\CortexM3\ARM_GCC_541\Debug\cyfitter_cfg.o"
Deleting file ".\CortexM3\ARM_GCC_541\Debug\cymetadata.o"
Deleting file ".\CortexM3\ARM_GCC_541\Debug\Cm3Start.o"
Deleting file ".\CortexM3\ARM_GCC_541\Debug\CyBootAsmGnu.o"
Deleting file ".\CortexM3\ARM_GCC_541\Debug\CyDmac.o"
Deleting file ".\CortexM3\ARM_GCC_541\Debug\CyFlash.o"
Deleting file ".\CortexM3\ARM_GCC_541\Debug\CyLib.o"
Deleting file ".\CortexM3\ARM_GCC_541\Debug\cyPm.o"
Deleting file ".\CortexM3\ARM_GCC_541\Debug\CySpc.o"
Deleting file ".\CortexM3\ARM_GCC_541\Debug\cyutils.o"
Deleting file ".\CortexM3\ARM_GCC_541\Debug\cy_em_eeprom.o"
Deleting file ".\CortexM3\ARM_GCC_541\Debug\isr_SleepTimer.o"
Deleting file ".\CortexM3\ARM_GCC_541\Debug\SleepTimer.o"
Deleting file ".\CortexM3\ARM_GCC_541\Debug\LED.o"
Deleting file ".\CortexM3\ARM_GCC_541\Debug\RTC.o"
Deleting file ".\CortexM3\ARM_GCC_541\Debug\RTC_INT.o"
Deleting file ".\CortexM3\ARM_GCC_541\Debug\Power_VBAT1.o"
Deleting file ".\CortexM3\ARM_GCC_541\Debug\Power_VBAT2.o"
Deleting file ".\CortexM3\ARM_GCC_541\Debug\Power_VDD1.o"
Deleting file ".\CortexM3\ARM_GCC_541\Debug\Power_VDD2.o"
Deleting file ".\CortexM3\ARM_GCC_541\Debug\Power_VDD4.o"
Deleting file ".\CortexM3\ARM_GCC_541\Debug\Power_VBAT_Read.o"
Deleting file ".\CortexM3\ARM_GCC_541\Debug\Power_SD_Card.o"
Deleting file ".\CortexM3\ARM_GCC_541\Debug\Power_Modem.o"
Deleting file ".\CortexM3\ARM_GCC_541\Debug\Modem_RX.o"
Deleting file ".\CortexM3\ARM_GCC_541\Debug\Modem_TX.o"
Deleting file ".\CortexM3\ARM_GCC_541\Debug\Level_Sensor_UART.o"
Deleting file ".\CortexM3\ARM_GCC_541\Debug\Level_Sensor_UART_PM.o"
Deleting file ".\CortexM3\ARM_GCC_541\Debug\Level_Sensor_UART_INT.o"
Deleting file ".\CortexM3\ARM_GCC_541\Debug\Level_Sensor_UART_BOOT.o"
Deleting file ".\CortexM3\ARM_GCC_541\Debug\Level_Sensor_ISR.o"
Deleting file ".\CortexM3\ARM_GCC_541\Debug\Level_Sensor_Power.o"
Deleting file ".\CortexM3\ARM_GCC_541\Debug\Clock_IMO.o"
Deleting file ".\CortexM3\ARM_GCC_541\Debug\notoriOS.hex"
Deleting file ".\CortexM3\ARM_GCC_541\Debug\notoriOS.elf"
Deleting file ".\CortexM3\ARM_GCC_541\Debug\notoriOS.map"
Deleting file ".\notoriOS.cycdx"
Deleting file ".\notoriOS.svd"
Deleting file ".\notoriOS.rpt"
Deleting file ".\notoriOS_timing.html"
Deleting file ".\CortexM3\ARM_GCC_541\Debug\.deps\SOURCE_C__ARM_GCC_GENERIC.P"
Deleting file ".\CortexM3\ARM_GCC_541\Debug\.deps\SOURCE_ASM__ARM_GCC_GENERIC.P"
cydsfit.exe -.appdatapath "C:\Users\bk\AppData\Local\Cypress Semiconductor\PSoC Creator\4.2" -.fdsnotice -.fdswarpdepfile=warp_dependencies.txt -.fdselabdepfile=elab_dependencies.txt -.fdsbldfile=generated_files.txt -.fdsreffile=referenced_files.txt -p "C:\Users\bk\Documents\GitHub\Open Storm\notoriOS\notoriOS\notoriOS.cydsn\notoriOS.cyprj" -d CY8C5888LTI-LP097 -s "C:\Users\bk\Documents\GitHub\Open Storm\notoriOS\notoriOS\notoriOS.cydsn\Generated_Source\PSoC5" -- -yv2 -q10 -ygs -o2 -v3 -.fftcfgtype=LE
Elaborating Design...
HDL Generation...
Synthesis...
Tech Mapping...
Analog Placement...
Analog Routing...
Analog Code Generation...
Digital Placement...
Digital Routing...
Bitstream Generation...
Bitstream Verification...
Static timing analysis...
API Generation...
Dependency Generation...
Cleanup...
arm-none-eabi-gcc.exe -mcpu=cortex-m3 -mthumb -I. -IGenerated_Source\PSoC5 -Wa,-alh=.\CortexM3\ARM_GCC_541\Debug/level_sensor.lst -g -D DEBUG -D CY_CORE_ID=0 -Wall -ffunction-sections -ffat-lto-objects -O0 -c level_sensor.c -o .\CortexM3\ARM_GCC_541\Debug\level_sensor.o
level_sensor.c: In function 'sort':
level_sensor.c:154:14: warning: unused variable 'temp' [-Wunused-variable]
    int16 i,j,temp;
              ^
level_sensor.c: At top level:
level_sensor.c:62:14: warning: 'parse' defined but not used [-Wunused-function]
 static float parse(const char *string, const sensor_t *config) {
              ^
arm-none-eabi-gcc.exe -mcpu=cortex-m3 -mthumb -I. -IGenerated_Source\PSoC5 -Wa,-alh=.\CortexM3\ARM_GCC_541\Debug/main.lst -g -D DEBUG -D CY_CORE_ID=0 -Wall -ffunction-sections -ffat-lto-objects -O0 -c main.c -o .\CortexM3\ARM_GCC_541\Debug\main.o
arm-none-eabi-gcc.exe -mcpu=cortex-m3 -mthumb -I. -IGenerated_Source\PSoC5 -Wa,-alh=.\CortexM3\ARM_GCC_541\Debug/cyfitter_cfg.lst -g -D DEBUG -D CY_CORE_ID=0 -Wall -ffunction-sections -ffat-lto-objects -O0 -c Generated_Source\PSoC5\cyfitter_cfg.c -o .\CortexM3\ARM_GCC_541\Debug\cyfitter_cfg.o
arm-none-eabi-gcc.exe -mcpu=cortex-m3 -mthumb -I. -IGenerated_Source\PSoC5 -Wa,-alh=.\CortexM3\ARM_GCC_541\Debug/cymetadata.lst -g -D DEBUG -D CY_CORE_ID=0 -Wall -ffunction-sections -ffat-lto-objects -O0 -c Generated_Source\PSoC5\cymetadata.c -o .\CortexM3\ARM_GCC_541\Debug\cymetadata.o
arm-none-eabi-gcc.exe -mcpu=cortex-m3 -mthumb -I. -IGenerated_Source\PSoC5 -Wa,-alh=.\CortexM3\ARM_GCC_541\Debug/Cm3Start.lst -g -D DEBUG -D CY_CORE_ID=0 -Wall -ffunction-sections -ffat-lto-objects -O0 -c Generated_Source\PSoC5\Cm3Start.c -o .\CortexM3\ARM_GCC_541\Debug\Cm3Start.o
arm-none-eabi-gcc.exe -mcpu=cortex-m3 -mthumb -I. -IGenerated_Source\PSoC5 -Wa,-alh=.\CortexM3\ARM_GCC_541\Debug/CyDmac.lst -g -D DEBUG -D CY_CORE_ID=0 -Wall -ffunction-sections -ffat-lto-objects -O0 -c Generated_Source\PSoC5\CyDmac.c -o .\CortexM3\ARM_GCC_541\Debug\CyDmac.o
arm-none-eabi-gcc.exe -mcpu=cortex-m3 -mthumb -I. -IGenerated_Source\PSoC5 -Wa,-alh=.\CortexM3\ARM_GCC_541\Debug/CyFlash.lst -g -D DEBUG -D CY_CORE_ID=0 -Wall -ffunction-sections -ffat-lto-objects -O0 -c Generated_Source\PSoC5\CyFlash.c -o .\CortexM3\ARM_GCC_541\Debug\CyFlash.o
arm-none-eabi-gcc.exe -mcpu=cortex-m3 -mthumb -I. -IGenerated_Source\PSoC5 -Wa,-alh=.\CortexM3\ARM_GCC_541\Debug/CyLib.lst -g -D DEBUG -D CY_CORE_ID=0 -Wall -ffunction-sections -ffat-lto-objects -O0 -c Generated_Source\PSoC5\CyLib.c -o .\CortexM3\ARM_GCC_541\Debug\CyLib.o
arm-none-eabi-gcc.exe -mcpu=cortex-m3 -mthumb -I. -IGenerated_Source\PSoC5 -Wa,-alh=.\CortexM3\ARM_GCC_541\Debug/cyPm.lst -g -D DEBUG -D CY_CORE_ID=0 -Wall -ffunction-sections -ffat-lto-objects -O0 -c Generated_Source\PSoC5\cyPm.c -o .\CortexM3\ARM_GCC_541\Debug\cyPm.o
arm-none-eabi-gcc.exe -mcpu=cortex-m3 -mthumb -I. -IGenerated_Source\PSoC5 -Wa,-alh=.\CortexM3\ARM_GCC_541\Debug/CySpc.lst -g -D DEBUG -D CY_CORE_ID=0 -Wall -ffunction-sections -ffat-lto-objects -O0 -c Generated_Source\PSoC5\CySpc.c -o .\CortexM3\ARM_GCC_541\Debug\CySpc.o
arm-none-eabi-gcc.exe -mcpu=cortex-m3 -mthumb -I. -IGenerated_Source\PSoC5 -Wa,-alh=.\CortexM3\ARM_GCC_541\Debug/cyutils.lst -g -D DEBUG -D CY_CORE_ID=0 -Wall -ffunction-sections -ffat-lto-objects -O0 -c Generated_Source\PSoC5\cyutils.c -o .\CortexM3\ARM_GCC_541\Debug\cyutils.o
arm-none-eabi-gcc.exe -mcpu=cortex-m3 -mthumb -I. -IGenerated_Source\PSoC5 -Wa,-alh=.\CortexM3\ARM_GCC_541\Debug/cy_em_eeprom.lst -g -D DEBUG -D CY_CORE_ID=0 -Wall -ffunction-sections -ffat-lto-objects -O0 -c Generated_Source\PSoC5\cy_em_eeprom.c -o .\CortexM3\ARM_GCC_541\Debug\cy_em_eeprom.o
arm-none-eabi-gcc.exe -mcpu=cortex-m3 -mthumb -I. -IGenerated_Source\PSoC5 -Wa,-alh=.\CortexM3\ARM_GCC_541\Debug/isr_SleepTimer.lst -g -D DEBUG -D CY_CORE_ID=0 -Wall -ffunction-sections -ffat-lto-objects -O0 -c Generated_Source\PSoC5\isr_SleepTimer.c -o .\CortexM3\ARM_GCC_541\Debug\isr_SleepTimer.o
arm-none-eabi-gcc.exe -mcpu=cortex-m3 -mthumb -I. -IGenerated_Source\PSoC5 -Wa,-alh=.\CortexM3\ARM_GCC_541\Debug/SleepTimer.lst -g -D DEBUG -D CY_CORE_ID=0 -Wall -ffunction-sections -ffat-lto-objects -O0 -c Generated_Source\PSoC5\SleepTimer.c -o .\CortexM3\ARM_GCC_541\Debug\SleepTimer.o
arm-none-eabi-gcc.exe -mcpu=cortex-m3 -mthumb -I. -IGenerated_Source\PSoC5 -Wa,-alh=.\CortexM3\ARM_GCC_541\Debug/LED.lst -g -D DEBUG -D CY_CORE_ID=0 -Wall -ffunction-sections -ffat-lto-objects -O0 -c Generated_Source\PSoC5\LED.c -o .\CortexM3\ARM_GCC_541\Debug\LED.o
arm-none-eabi-gcc.exe -mcpu=cortex-m3 -mthumb -I. -IGenerated_Source\PSoC5 -Wa,-alh=.\CortexM3\ARM_GCC_541\Debug/RTC.lst -g -D DEBUG -D CY_CORE_ID=0 -Wall -ffunction-sections -ffat-lto-objects -O0 -c Generated_Source\PSoC5\RTC.c -o .\CortexM3\ARM_GCC_541\Debug\RTC.o
arm-none-eabi-gcc.exe -mcpu=cortex-m3 -mthumb -I. -IGenerated_Source\PSoC5 -Wa,-alh=.\CortexM3\ARM_GCC_541\Debug/RTC_INT.lst -g -D DEBUG -D CY_CORE_ID=0 -Wall -ffunction-sections -ffat-lto-objects -O0 -c Generated_Source\PSoC5\RTC_INT.c -o .\CortexM3\ARM_GCC_541\Debug\RTC_INT.o
arm-none-eabi-gcc.exe -mcpu=cortex-m3 -mthumb -I. -IGenerated_Source\PSoC5 -Wa,-alh=.\CortexM3\ARM_GCC_541\Debug/Power_VBAT1.lst -g -D DEBUG -D CY_CORE_ID=0 -Wall -ffunction-sections -ffat-lto-objects -O0 -c Generated_Source\PSoC5\Power_VBAT1.c -o .\CortexM3\ARM_GCC_541\Debug\Power_VBAT1.o
arm-none-eabi-gcc.exe -mcpu=cortex-m3 -mthumb -I. -IGenerated_Source\PSoC5 -Wa,-alh=.\CortexM3\ARM_GCC_541\Debug/Power_VBAT2.lst -g -D DEBUG -D CY_CORE_ID=0 -Wall -ffunction-sections -ffat-lto-objects -O0 -c Generated_Source\PSoC5\Power_VBAT2.c -o .\CortexM3\ARM_GCC_541\Debug\Power_VBAT2.o
arm-none-eabi-gcc.exe -mcpu=cortex-m3 -mthumb -I. -IGenerated_Source\PSoC5 -Wa,-alh=.\CortexM3\ARM_GCC_541\Debug/Power_VDD1.lst -g -D DEBUG -D CY_CORE_ID=0 -Wall -ffunction-sections -ffat-lto-objects -O0 -c Generated_Source\PSoC5\Power_VDD1.c -o .\CortexM3\ARM_GCC_541\Debug\Power_VDD1.o
arm-none-eabi-gcc.exe -mcpu=cortex-m3 -mthumb -I. -IGenerated_Source\PSoC5 -Wa,-alh=.\CortexM3\ARM_GCC_541\Debug/Power_VDD2.lst -g -D DEBUG -D CY_CORE_ID=0 -Wall -ffunction-sections -ffat-lto-objects -O0 -c Generated_Source\PSoC5\Power_VDD2.c -o .\CortexM3\ARM_GCC_541\Debug\Power_VDD2.o
arm-none-eabi-gcc.exe -mcpu=cortex-m3 -mthumb -I. -IGenerated_Source\PSoC5 -Wa,-alh=.\CortexM3\ARM_GCC_541\Debug/Power_VDD4.lst -g -D DEBUG -D CY_CORE_ID=0 -Wall -ffunction-sections -ffat-lto-objects -O0 -c Generated_Source\PSoC5\Power_VDD4.c -o .\CortexM3\ARM_GCC_541\Debug\Power_VDD4.o
arm-none-eabi-gcc.exe -mcpu=cortex-m3 -mthumb -I. -IGenerated_Source\PSoC5 -Wa,-alh=.\CortexM3\ARM_GCC_541\Debug/Power_VBAT_Read.lst -g -D DEBUG -D CY_CORE_ID=0 -Wall -ffunction-sections -ffat-lto-objects -O0 -c Generated_Source\PSoC5\Power_VBAT_Read.c -o .\CortexM3\ARM_GCC_541\Debug\Power_VBAT_Read.o
arm-none-eabi-gcc.exe -mcpu=cortex-m3 -mthumb -I. -IGenerated_Source\PSoC5 -Wa,-alh=.\CortexM3\ARM_GCC_541\Debug/Power_SD_Card.lst -g -D DEBUG -D CY_CORE_ID=0 -Wall -ffunction-sections -ffat-lto-objects -O0 -c Generated_Source\PSoC5\Power_SD_Card.c -o .\CortexM3\ARM_GCC_541\Debug\Power_SD_Card.o
arm-none-eabi-gcc.exe -mcpu=cortex-m3 -mthumb -I. -IGenerated_Source\PSoC5 -Wa,-alh=.\CortexM3\ARM_GCC_541\Debug/Power_Modem.lst -g -D DEBUG -D CY_CORE_ID=0 -Wall -ffunction-sections -ffat-lto-objects -O0 -c Generated_Source\PSoC5\Power_Modem.c -o .\CortexM3\ARM_GCC_541\Debug\Power_Modem.o
arm-none-eabi-gcc.exe -mcpu=cortex-m3 -mthumb -I. -IGenerated_Source\PSoC5 -Wa,-alh=.\CortexM3\ARM_GCC_541\Debug/Modem_RX.lst -g -D DEBUG -D CY_CORE_ID=0 -Wall -ffunction-sections -ffat-lto-objects -O0 -c Generated_Source\PSoC5\Modem_RX.c -o .\CortexM3\ARM_GCC_541\Debug\Modem_RX.o
arm-none-eabi-gcc.exe -mcpu=cortex-m3 -mthumb -I. -IGenerated_Source\PSoC5 -Wa,-alh=.\CortexM3\ARM_GCC_541\Debug/Modem_TX.lst -g -D DEBUG -D CY_CORE_ID=0 -Wall -ffunction-sections -ffat-lto-objects -O0 -c Generated_Source\PSoC5\Modem_TX.c -o .\CortexM3\ARM_GCC_541\Debug\Modem_TX.o
arm-none-eabi-gcc.exe -mcpu=cortex-m3 -mthumb -I. -IGenerated_Source\PSoC5 -Wa,-alh=.\CortexM3\ARM_GCC_541\Debug/Level_Sensor_UART.lst -g -D DEBUG -D CY_CORE_ID=0 -Wall -ffunction-sections -ffat-lto-objects -O0 -c Generated_Source\PSoC5\Level_Sensor_UART.c -o .\CortexM3\ARM_GCC_541\Debug\Level_Sensor_UART.o
arm-none-eabi-gcc.exe -mcpu=cortex-m3 -mthumb -I. -IGenerated_Source\PSoC5 -Wa,-alh=.\CortexM3\ARM_GCC_541\Debug/Level_Sensor_UART_PM.lst -g -D DEBUG -D CY_CORE_ID=0 -Wall -ffunction-sections -ffat-lto-objects -O0 -c Generated_Source\PSoC5\Level_Sensor_UART_PM.c -o .\CortexM3\ARM_GCC_541\Debug\Level_Sensor_UART_PM.o
arm-none-eabi-gcc.exe -mcpu=cortex-m3 -mthumb -I. -IGenerated_Source\PSoC5 -Wa,-alh=.\CortexM3\ARM_GCC_541\Debug/Level_Sensor_UART_INT.lst -g -D DEBUG -D CY_CORE_ID=0 -Wall -ffunction-sections -ffat-lto-objects -O0 -c Generated_Source\PSoC5\Level_Sensor_UART_INT.c -o .\CortexM3\ARM_GCC_541\Debug\Level_Sensor_UART_INT.o
arm-none-eabi-gcc.exe -mcpu=cortex-m3 -mthumb -I. -IGenerated_Source\PSoC5 -Wa,-alh=.\CortexM3\ARM_GCC_541\Debug/Level_Sensor_UART_BOOT.lst -g -D DEBUG -D CY_CORE_ID=0 -Wall -ffunction-sections -ffat-lto-objects -O0 -c Generated_Source\PSoC5\Level_Sensor_UART_BOOT.c -o .\CortexM3\ARM_GCC_541\Debug\Level_Sensor_UART_BOOT.o
arm-none-eabi-gcc.exe -mcpu=cortex-m3 -mthumb -I. -IGenerated_Source\PSoC5 -Wa,-alh=.\CortexM3\ARM_GCC_541\Debug/Level_Sensor_ISR.lst -g -D DEBUG -D CY_CORE_ID=0 -Wall -ffunction-sections -ffat-lto-objects -O0 -c Generated_Source\PSoC5\Level_Sensor_ISR.c -o .\CortexM3\ARM_GCC_541\Debug\Level_Sensor_ISR.o
arm-none-eabi-gcc.exe -mcpu=cortex-m3 -mthumb -I. -IGenerated_Source\PSoC5 -Wa,-alh=.\CortexM3\ARM_GCC_541\Debug/Level_Sensor_Power.lst -g -D DEBUG -D CY_CORE_ID=0 -Wall -ffunction-sections -ffat-lto-objects -O0 -c Generated_Source\PSoC5\Level_Sensor_Power.c -o .\CortexM3\ARM_GCC_541\Debug\Level_Sensor_Power.o
arm-none-eabi-gcc.exe -mcpu=cortex-m3 -mthumb -I. -IGenerated_Source\PSoC5 -Wa,-alh=.\CortexM3\ARM_GCC_541\Debug/Clock_IMO.lst -g -D DEBUG -D CY_CORE_ID=0 -Wall -ffunction-sections -ffat-lto-objects -O0 -c Generated_Source\PSoC5\Clock_IMO.c -o .\CortexM3\ARM_GCC_541\Debug\Clock_IMO.o
arm-none-eabi-as.exe -mcpu=cortex-m3 -mthumb -I. -IGenerated_Source\PSoC5 -alh=.\CortexM3\ARM_GCC_541\Debug/CyBootAsmGnu.lst -g -W -o .\CortexM3\ARM_GCC_541\Debug\CyBootAsmGnu.o Generated_Source\PSoC5\CyBootAsmGnu.s
arm-none-eabi-ar.exe -rs .\CortexM3\ARM_GCC_541\Debug\notoriOS.a .\CortexM3\ARM_GCC_541\Debug\CyDmac.o .\CortexM3\ARM_GCC_541\Debug\CyFlash.o .\CortexM3\ARM_GCC_541\Debug\CyLib.o .\CortexM3\ARM_GCC_541\Debug\cyPm.o .\CortexM3\ARM_GCC_541\Debug\CySpc.o .\CortexM3\ARM_GCC_541\Debug\cyutils.o .\CortexM3\ARM_GCC_541\Debug\cy_em_eeprom.o .\CortexM3\ARM_GCC_541\Debug\isr_SleepTimer.o .\CortexM3\ARM_GCC_541\Debug\SleepTimer.o .\CortexM3\ARM_GCC_541\Debug\LED.o .\CortexM3\ARM_GCC_541\Debug\RTC.o .\CortexM3\ARM_GCC_541\Debug\RTC_INT.o .\CortexM3\ARM_GCC_541\Debug\Power_VBAT1.o .\CortexM3\ARM_GCC_541\Debug\Power_VBAT2.o .\CortexM3\ARM_GCC_541\Debug\Power_VDD1.o .\CortexM3\ARM_GCC_541\Debug\Power_VDD2.o .\CortexM3\ARM_GCC_541\Debug\Power_VDD4.o .\CortexM3\ARM_GCC_541\Debug\Power_VBAT_Read.o .\CortexM3\ARM_GCC_541\Debug\Power_SD_Card.o .\CortexM3\ARM_GCC_541\Debug\Power_Modem.o .\CortexM3\ARM_GCC_541\Debug\Modem_RX.o .\CortexM3\ARM_GCC_541\Debug\Modem_TX.o .\CortexM3\ARM_GCC_541\Debug\Level_Sensor_UART.o .\CortexM3\ARM_GCC_541\Debug\Level_Sensor_UART_PM.o .\CortexM3\ARM_GCC_541\Debug\Level_Sensor_UART_INT.o .\CortexM3\ARM_GCC_541\Debug\Level_Sensor_UART_BOOT.o .\CortexM3\ARM_GCC_541\Debug\Level_Sensor_ISR.o .\CortexM3\ARM_GCC_541\Debug\Level_Sensor_Power.o .\CortexM3\ARM_GCC_541\Debug\Clock_IMO.o .\CortexM3\ARM_GCC_541\Debug\CyBootAsmGnu.o
arm-none-eabi-ar.exe: creating .\CortexM3\ARM_GCC_541\Debug\notoriOS.a
arm-none-eabi-gcc.exe -Wl,--start-group -o "C:\Users\bk\Documents\GitHub\Open Storm\notoriOS\notoriOS\notoriOS.cydsn\CortexM3\ARM_GCC_541\Debug\notoriOS.elf" .\CortexM3\ARM_GCC_541\Debug\level_sensor.o .\CortexM3\ARM_GCC_541\Debug\main.o .\CortexM3\ARM_GCC_541\Debug\cyfitter_cfg.o .\CortexM3\ARM_GCC_541\Debug\cymetadata.o .\CortexM3\ARM_GCC_541\Debug\Cm3Start.o .\CortexM3\ARM_GCC_541\Debug\notoriOS.a "C:\Program Files (x86)\Cypress\PSoC Creator\4.2\PSoC Creator\psoc\content\cycomponentlibrary\CyComponentLibrary.cylib\CortexM3\ARM_GCC_541\Debug\CyComponentLibrary.a" -mcpu=cortex-m3 -mthumb -L Generated_Source\PSoC5 -Wl,-Map,.\CortexM3\ARM_GCC_541\Debug/notoriOS.map -T Generated_Source\PSoC5\cm3gcc.ld -specs=nano.specs -Wl,--gc-sections -g -ffunction-sections -O0 -ffat-lto-objects -Wl,--end-group
cyelftool.exe -C "C:\Users\bk\Documents\GitHub\Open Storm\notoriOS\notoriOS\notoriOS.cydsn\CortexM3\ARM_GCC_541\Debug\notoriOS.elf" --flash_row_size 256 --flash_size 262144 --flash_offset 0x00000000
No ELF section .cychecksum found, creating one
Application checksum calculated and stored in ELF section .cychecksum
Checksum calculated and stored in ELF section .cymeta
cyelftool.exe -S "C:\Users\bk\Documents\GitHub\Open Storm\notoriOS\notoriOS\notoriOS.cydsn\CortexM3\ARM_GCC_541\Debug\notoriOS.elf"
Flash used: 15920 of 262144 bytes (6.1%).
SRAM used: 2941 of 65536 bytes (4.5%). Stack: 2048 bytes. Heap: 128 bytes.
--------------- Rebuild Succeeded: 03/14/2020 15:21:43 ---------------
