ARM GAS  C:\Users\bk\AppData\Local\Temp\ccSzrmy3.s 			page 1


   1              		.syntax unified
   2              		.cpu cortex-m3
   3              		.fpu softvfp
   4              		.eabi_attribute 20, 1
   5              		.eabi_attribute 21, 1
   6              		.eabi_attribute 23, 3
   7              		.eabi_attribute 24, 1
   8              		.eabi_attribute 25, 1
   9              		.eabi_attribute 26, 1
  10              		.eabi_attribute 30, 6
  11              		.eabi_attribute 34, 1
  12              		.eabi_attribute 18, 4
  13              		.thumb
  14              		.syntax unified
  15              		.file	"ADC_AMux.c"
  16              		.text
  17              	.Ltext0:
  18              		.cfi_sections	.debug_frame
  19              		.data
  20              		.type	ADC_AMux_lastChannel, %object
  21              		.size	ADC_AMux_lastChannel, 1
  22              	ADC_AMux_lastChannel:
  23 0000 FF       		.byte	-1
  24              		.section	.text.ADC_AMux_Start,"ax",%progbits
  25              		.align	2
  26              		.global	ADC_AMux_Start
  27              		.thumb
  28              		.thumb_func
  29              		.type	ADC_AMux_Start, %function
  30              	ADC_AMux_Start:
  31              	.LFB0:
  32              		.file 1 "Generated_Source\\PSoC5\\ADC_AMux.c"
   1:Generated_Source\PSoC5/ADC_AMux.c **** /*******************************************************************************
   2:Generated_Source\PSoC5/ADC_AMux.c **** * File Name: ADC_AMux.c
   3:Generated_Source\PSoC5/ADC_AMux.c **** * Version 1.80
   4:Generated_Source\PSoC5/ADC_AMux.c **** *
   5:Generated_Source\PSoC5/ADC_AMux.c **** *  Description:
   6:Generated_Source\PSoC5/ADC_AMux.c **** *    This file contains all functions required for the analog multiplexer
   7:Generated_Source\PSoC5/ADC_AMux.c **** *    AMux User Module.
   8:Generated_Source\PSoC5/ADC_AMux.c **** *
   9:Generated_Source\PSoC5/ADC_AMux.c **** *   Note:
  10:Generated_Source\PSoC5/ADC_AMux.c **** *
  11:Generated_Source\PSoC5/ADC_AMux.c **** *******************************************************************************
  12:Generated_Source\PSoC5/ADC_AMux.c **** * Copyright 2008-2010, Cypress Semiconductor Corporation.  All rights reserved.
  13:Generated_Source\PSoC5/ADC_AMux.c **** * You may use this file only in accordance with the license, terms, conditions, 
  14:Generated_Source\PSoC5/ADC_AMux.c **** * disclaimers, and limitations in the end user license agreement accompanying 
  15:Generated_Source\PSoC5/ADC_AMux.c **** * the software package with which this file was provided.
  16:Generated_Source\PSoC5/ADC_AMux.c **** ********************************************************************************/
  17:Generated_Source\PSoC5/ADC_AMux.c **** 
  18:Generated_Source\PSoC5/ADC_AMux.c **** #include "ADC_AMux.h"
  19:Generated_Source\PSoC5/ADC_AMux.c **** 
  20:Generated_Source\PSoC5/ADC_AMux.c **** static uint8 ADC_AMux_lastChannel = ADC_AMux_NULL_CHANNEL;
  21:Generated_Source\PSoC5/ADC_AMux.c **** 
  22:Generated_Source\PSoC5/ADC_AMux.c **** 
  23:Generated_Source\PSoC5/ADC_AMux.c **** /*******************************************************************************
  24:Generated_Source\PSoC5/ADC_AMux.c **** * Function Name: ADC_AMux_Start
  25:Generated_Source\PSoC5/ADC_AMux.c **** ********************************************************************************
ARM GAS  C:\Users\bk\AppData\Local\Temp\ccSzrmy3.s 			page 2


  26:Generated_Source\PSoC5/ADC_AMux.c **** * Summary:
  27:Generated_Source\PSoC5/ADC_AMux.c **** *  Disconnect all channels.
  28:Generated_Source\PSoC5/ADC_AMux.c **** *
  29:Generated_Source\PSoC5/ADC_AMux.c **** * Parameters:
  30:Generated_Source\PSoC5/ADC_AMux.c **** *  void
  31:Generated_Source\PSoC5/ADC_AMux.c **** *
  32:Generated_Source\PSoC5/ADC_AMux.c **** * Return:
  33:Generated_Source\PSoC5/ADC_AMux.c **** *  void
  34:Generated_Source\PSoC5/ADC_AMux.c **** *
  35:Generated_Source\PSoC5/ADC_AMux.c **** *******************************************************************************/
  36:Generated_Source\PSoC5/ADC_AMux.c **** void ADC_AMux_Start(void) 
  37:Generated_Source\PSoC5/ADC_AMux.c **** {
  33              		.loc 1 37 0
  34              		.cfi_startproc
  35              		@ args = 0, pretend = 0, frame = 8
  36              		@ frame_needed = 1, uses_anonymous_args = 0
  37 0000 80B5     		push	{r7, lr}
  38              		.cfi_def_cfa_offset 8
  39              		.cfi_offset 7, -8
  40              		.cfi_offset 14, -4
  41 0002 82B0     		sub	sp, sp, #8
  42              		.cfi_def_cfa_offset 16
  43 0004 00AF     		add	r7, sp, #0
  44              		.cfi_def_cfa_register 7
  38:Generated_Source\PSoC5/ADC_AMux.c ****     uint8 chan;
  39:Generated_Source\PSoC5/ADC_AMux.c **** 
  40:Generated_Source\PSoC5/ADC_AMux.c ****     for(chan = 0u; chan < ADC_AMux_CHANNELS ; chan++)
  45              		.loc 1 40 0
  46 0006 0023     		movs	r3, #0
  47 0008 FB71     		strb	r3, [r7, #7]
  48 000a 06E0     		b	.L2
  49              	.L3:
  41:Generated_Source\PSoC5/ADC_AMux.c ****     {
  42:Generated_Source\PSoC5/ADC_AMux.c **** #if (ADC_AMux_MUXTYPE == ADC_AMux_MUX_SINGLE)
  43:Generated_Source\PSoC5/ADC_AMux.c ****         ADC_AMux_Unset(chan);
  50              		.loc 1 43 0 discriminator 3
  51 000c FB79     		ldrb	r3, [r7, #7]	@ zero_extendqisi2
  52 000e 1846     		mov	r0, r3
  53 0010 FFF7FEFF 		bl	ADC_AMux_Unset
  40:Generated_Source\PSoC5/ADC_AMux.c ****     {
  54              		.loc 1 40 0 discriminator 3
  55 0014 FB79     		ldrb	r3, [r7, #7]	@ zero_extendqisi2
  56 0016 0133     		adds	r3, r3, #1
  57 0018 FB71     		strb	r3, [r7, #7]
  58              	.L2:
  40:Generated_Source\PSoC5/ADC_AMux.c ****     {
  59              		.loc 1 40 0 is_stmt 0 discriminator 1
  60 001a FB79     		ldrb	r3, [r7, #7]	@ zero_extendqisi2
  61 001c 012B     		cmp	r3, #1
  62 001e F5D9     		bls	.L3
  44:Generated_Source\PSoC5/ADC_AMux.c **** #else
  45:Generated_Source\PSoC5/ADC_AMux.c ****         ADC_AMux_CYAMUXSIDE_A_Unset(chan);
  46:Generated_Source\PSoC5/ADC_AMux.c ****         ADC_AMux_CYAMUXSIDE_B_Unset(chan);
  47:Generated_Source\PSoC5/ADC_AMux.c **** #endif
  48:Generated_Source\PSoC5/ADC_AMux.c ****     }
  49:Generated_Source\PSoC5/ADC_AMux.c **** 
  50:Generated_Source\PSoC5/ADC_AMux.c ****     ADC_AMux_lastChannel = ADC_AMux_NULL_CHANNEL;
ARM GAS  C:\Users\bk\AppData\Local\Temp\ccSzrmy3.s 			page 3


  63              		.loc 1 50 0 is_stmt 1
  64 0020 034B     		ldr	r3, .L4
  65 0022 FF22     		movs	r2, #255
  66 0024 1A70     		strb	r2, [r3]
  51:Generated_Source\PSoC5/ADC_AMux.c **** }
  67              		.loc 1 51 0
  68 0026 00BF     		nop
  69 0028 0837     		adds	r7, r7, #8
  70              		.cfi_def_cfa_offset 8
  71 002a BD46     		mov	sp, r7
  72              		.cfi_def_cfa_register 13
  73              		@ sp needed
  74 002c 80BD     		pop	{r7, pc}
  75              	.L5:
  76 002e 00BF     		.align	2
  77              	.L4:
  78 0030 00000000 		.word	ADC_AMux_lastChannel
  79              		.cfi_endproc
  80              	.LFE0:
  81              		.size	ADC_AMux_Start, .-ADC_AMux_Start
  82              		.section	.text.ADC_AMux_Select,"ax",%progbits
  83              		.align	2
  84              		.global	ADC_AMux_Select
  85              		.thumb
  86              		.thumb_func
  87              		.type	ADC_AMux_Select, %function
  88              	ADC_AMux_Select:
  89              	.LFB1:
  52:Generated_Source\PSoC5/ADC_AMux.c **** 
  53:Generated_Source\PSoC5/ADC_AMux.c **** 
  54:Generated_Source\PSoC5/ADC_AMux.c **** #if (!ADC_AMux_ATMOSTONE)
  55:Generated_Source\PSoC5/ADC_AMux.c **** /*******************************************************************************
  56:Generated_Source\PSoC5/ADC_AMux.c **** * Function Name: ADC_AMux_Select
  57:Generated_Source\PSoC5/ADC_AMux.c **** ********************************************************************************
  58:Generated_Source\PSoC5/ADC_AMux.c **** * Summary:
  59:Generated_Source\PSoC5/ADC_AMux.c **** *  This functions first disconnects all channels then connects the given
  60:Generated_Source\PSoC5/ADC_AMux.c **** *  channel.
  61:Generated_Source\PSoC5/ADC_AMux.c **** *
  62:Generated_Source\PSoC5/ADC_AMux.c **** * Parameters:
  63:Generated_Source\PSoC5/ADC_AMux.c **** *  channel:  The channel to connect to the common terminal.
  64:Generated_Source\PSoC5/ADC_AMux.c **** *
  65:Generated_Source\PSoC5/ADC_AMux.c **** * Return:
  66:Generated_Source\PSoC5/ADC_AMux.c **** *  void
  67:Generated_Source\PSoC5/ADC_AMux.c **** *
  68:Generated_Source\PSoC5/ADC_AMux.c **** *******************************************************************************/
  69:Generated_Source\PSoC5/ADC_AMux.c **** void ADC_AMux_Select(uint8 channel) 
  70:Generated_Source\PSoC5/ADC_AMux.c **** {
  90              		.loc 1 70 0
  91              		.cfi_startproc
  92              		@ args = 0, pretend = 0, frame = 8
  93              		@ frame_needed = 1, uses_anonymous_args = 0
  94 0000 80B5     		push	{r7, lr}
  95              		.cfi_def_cfa_offset 8
  96              		.cfi_offset 7, -8
  97              		.cfi_offset 14, -4
  98 0002 82B0     		sub	sp, sp, #8
  99              		.cfi_def_cfa_offset 16
ARM GAS  C:\Users\bk\AppData\Local\Temp\ccSzrmy3.s 			page 4


 100 0004 00AF     		add	r7, sp, #0
 101              		.cfi_def_cfa_register 7
 102 0006 0346     		mov	r3, r0
 103 0008 FB71     		strb	r3, [r7, #7]
  71:Generated_Source\PSoC5/ADC_AMux.c ****     ADC_AMux_DisconnectAll();        /* Disconnect all previous connections */
 104              		.loc 1 71 0
 105 000a FFF7FEFF 		bl	ADC_AMux_Start
  72:Generated_Source\PSoC5/ADC_AMux.c ****     ADC_AMux_Connect(channel);       /* Make the given selection */
 106              		.loc 1 72 0
 107 000e FB79     		ldrb	r3, [r7, #7]	@ zero_extendqisi2
 108 0010 1846     		mov	r0, r3
 109 0012 FFF7FEFF 		bl	ADC_AMux_Set
  73:Generated_Source\PSoC5/ADC_AMux.c ****     ADC_AMux_lastChannel = channel;  /* Update last channel */
 110              		.loc 1 73 0
 111 0016 034A     		ldr	r2, .L7
 112 0018 FB79     		ldrb	r3, [r7, #7]
 113 001a 1370     		strb	r3, [r2]
  74:Generated_Source\PSoC5/ADC_AMux.c **** }
 114              		.loc 1 74 0
 115 001c 00BF     		nop
 116 001e 0837     		adds	r7, r7, #8
 117              		.cfi_def_cfa_offset 8
 118 0020 BD46     		mov	sp, r7
 119              		.cfi_def_cfa_register 13
 120              		@ sp needed
 121 0022 80BD     		pop	{r7, pc}
 122              	.L8:
 123              		.align	2
 124              	.L7:
 125 0024 00000000 		.word	ADC_AMux_lastChannel
 126              		.cfi_endproc
 127              	.LFE1:
 128              		.size	ADC_AMux_Select, .-ADC_AMux_Select
 129              		.section	.text.ADC_AMux_FastSelect,"ax",%progbits
 130              		.align	2
 131              		.global	ADC_AMux_FastSelect
 132              		.thumb
 133              		.thumb_func
 134              		.type	ADC_AMux_FastSelect, %function
 135              	ADC_AMux_FastSelect:
 136              	.LFB2:
  75:Generated_Source\PSoC5/ADC_AMux.c **** #endif
  76:Generated_Source\PSoC5/ADC_AMux.c **** 
  77:Generated_Source\PSoC5/ADC_AMux.c **** 
  78:Generated_Source\PSoC5/ADC_AMux.c **** /*******************************************************************************
  79:Generated_Source\PSoC5/ADC_AMux.c **** * Function Name: ADC_AMux_FastSelect
  80:Generated_Source\PSoC5/ADC_AMux.c **** ********************************************************************************
  81:Generated_Source\PSoC5/ADC_AMux.c **** * Summary:
  82:Generated_Source\PSoC5/ADC_AMux.c **** *  This function first disconnects the last connection made with FastSelect or
  83:Generated_Source\PSoC5/ADC_AMux.c **** *  Select, then connects the given channel. The FastSelect function is similar
  84:Generated_Source\PSoC5/ADC_AMux.c **** *  to the Select function, except it is faster since it only disconnects the
  85:Generated_Source\PSoC5/ADC_AMux.c **** *  last channel selected rather than all channels.
  86:Generated_Source\PSoC5/ADC_AMux.c **** *
  87:Generated_Source\PSoC5/ADC_AMux.c **** * Parameters:
  88:Generated_Source\PSoC5/ADC_AMux.c **** *  channel:  The channel to connect to the common terminal.
  89:Generated_Source\PSoC5/ADC_AMux.c **** *
  90:Generated_Source\PSoC5/ADC_AMux.c **** * Return:
ARM GAS  C:\Users\bk\AppData\Local\Temp\ccSzrmy3.s 			page 5


  91:Generated_Source\PSoC5/ADC_AMux.c **** *  void
  92:Generated_Source\PSoC5/ADC_AMux.c **** *
  93:Generated_Source\PSoC5/ADC_AMux.c **** *******************************************************************************/
  94:Generated_Source\PSoC5/ADC_AMux.c **** void ADC_AMux_FastSelect(uint8 channel) 
  95:Generated_Source\PSoC5/ADC_AMux.c **** {
 137              		.loc 1 95 0
 138              		.cfi_startproc
 139              		@ args = 0, pretend = 0, frame = 8
 140              		@ frame_needed = 1, uses_anonymous_args = 0
 141 0000 80B5     		push	{r7, lr}
 142              		.cfi_def_cfa_offset 8
 143              		.cfi_offset 7, -8
 144              		.cfi_offset 14, -4
 145 0002 82B0     		sub	sp, sp, #8
 146              		.cfi_def_cfa_offset 16
 147 0004 00AF     		add	r7, sp, #0
 148              		.cfi_def_cfa_register 7
 149 0006 0346     		mov	r3, r0
 150 0008 FB71     		strb	r3, [r7, #7]
  96:Generated_Source\PSoC5/ADC_AMux.c ****     /* Disconnect the last valid channel */
  97:Generated_Source\PSoC5/ADC_AMux.c ****     if( ADC_AMux_lastChannel != ADC_AMux_NULL_CHANNEL)
 151              		.loc 1 97 0
 152 000a 0A4B     		ldr	r3, .L11
 153 000c 1B78     		ldrb	r3, [r3]	@ zero_extendqisi2
 154 000e FF2B     		cmp	r3, #255
 155 0010 04D0     		beq	.L10
  98:Generated_Source\PSoC5/ADC_AMux.c ****     {
  99:Generated_Source\PSoC5/ADC_AMux.c ****         ADC_AMux_Disconnect(ADC_AMux_lastChannel);
 156              		.loc 1 99 0
 157 0012 084B     		ldr	r3, .L11
 158 0014 1B78     		ldrb	r3, [r3]	@ zero_extendqisi2
 159 0016 1846     		mov	r0, r3
 160 0018 FFF7FEFF 		bl	ADC_AMux_Unset
 161              	.L10:
 100:Generated_Source\PSoC5/ADC_AMux.c ****     }
 101:Generated_Source\PSoC5/ADC_AMux.c **** 
 102:Generated_Source\PSoC5/ADC_AMux.c ****     /* Make the new channel connection */
 103:Generated_Source\PSoC5/ADC_AMux.c **** #if (ADC_AMux_MUXTYPE == ADC_AMux_MUX_SINGLE)
 104:Generated_Source\PSoC5/ADC_AMux.c ****     ADC_AMux_Set(channel);
 162              		.loc 1 104 0
 163 001c FB79     		ldrb	r3, [r7, #7]	@ zero_extendqisi2
 164 001e 1846     		mov	r0, r3
 165 0020 FFF7FEFF 		bl	ADC_AMux_Set
 105:Generated_Source\PSoC5/ADC_AMux.c **** #else
 106:Generated_Source\PSoC5/ADC_AMux.c ****     ADC_AMux_CYAMUXSIDE_A_Set(channel);
 107:Generated_Source\PSoC5/ADC_AMux.c ****     ADC_AMux_CYAMUXSIDE_B_Set(channel);
 108:Generated_Source\PSoC5/ADC_AMux.c **** #endif
 109:Generated_Source\PSoC5/ADC_AMux.c **** 
 110:Generated_Source\PSoC5/ADC_AMux.c **** 
 111:Generated_Source\PSoC5/ADC_AMux.c ****     ADC_AMux_lastChannel = channel;   /* Update last channel */
 166              		.loc 1 111 0
 167 0024 034A     		ldr	r2, .L11
 168 0026 FB79     		ldrb	r3, [r7, #7]
 169 0028 1370     		strb	r3, [r2]
 112:Generated_Source\PSoC5/ADC_AMux.c **** }
 170              		.loc 1 112 0
 171 002a 00BF     		nop
ARM GAS  C:\Users\bk\AppData\Local\Temp\ccSzrmy3.s 			page 6


 172 002c 0837     		adds	r7, r7, #8
 173              		.cfi_def_cfa_offset 8
 174 002e BD46     		mov	sp, r7
 175              		.cfi_def_cfa_register 13
 176              		@ sp needed
 177 0030 80BD     		pop	{r7, pc}
 178              	.L12:
 179 0032 00BF     		.align	2
 180              	.L11:
 181 0034 00000000 		.word	ADC_AMux_lastChannel
 182              		.cfi_endproc
 183              	.LFE2:
 184              		.size	ADC_AMux_FastSelect, .-ADC_AMux_FastSelect
 185              		.text
 186              	.Letext0:
 187              		.file 2 "Generated_Source\\PSoC5\\cytypes.h"
 188              		.section	.debug_info,"",%progbits
 189              	.Ldebug_info0:
 190 0000 06010000 		.4byte	0x106
 191 0004 0400     		.2byte	0x4
 192 0006 00000000 		.4byte	.Ldebug_abbrev0
 193 000a 04       		.byte	0x4
 194 000b 01       		.uleb128 0x1
 195 000c 08000000 		.4byte	.LASF18
 196 0010 0C       		.byte	0xc
 197 0011 C8010000 		.4byte	.LASF19
 198 0015 C0000000 		.4byte	.LASF20
 199 0019 00000000 		.4byte	.Ldebug_ranges0+0
 200 001d 00000000 		.4byte	0
 201 0021 00000000 		.4byte	.Ldebug_line0
 202 0025 02       		.uleb128 0x2
 203 0026 01       		.byte	0x1
 204 0027 06       		.byte	0x6
 205 0028 BC010000 		.4byte	.LASF0
 206 002c 02       		.uleb128 0x2
 207 002d 01       		.byte	0x1
 208 002e 08       		.byte	0x8
 209 002f 09010000 		.4byte	.LASF1
 210 0033 02       		.uleb128 0x2
 211 0034 02       		.byte	0x2
 212 0035 05       		.byte	0x5
 213 0036 93010000 		.4byte	.LASF2
 214 003a 02       		.uleb128 0x2
 215 003b 02       		.byte	0x2
 216 003c 07       		.byte	0x7
 217 003d 29010000 		.4byte	.LASF3
 218 0041 02       		.uleb128 0x2
 219 0042 04       		.byte	0x4
 220 0043 05       		.byte	0x5
 221 0044 A3010000 		.4byte	.LASF4
 222 0048 02       		.uleb128 0x2
 223 0049 04       		.byte	0x4
 224 004a 07       		.byte	0x7
 225 004b 17010000 		.4byte	.LASF5
 226 004f 02       		.uleb128 0x2
 227 0050 08       		.byte	0x8
 228 0051 05       		.byte	0x5
ARM GAS  C:\Users\bk\AppData\Local\Temp\ccSzrmy3.s 			page 7


 229 0052 80010000 		.4byte	.LASF6
 230 0056 02       		.uleb128 0x2
 231 0057 08       		.byte	0x8
 232 0058 07       		.byte	0x7
 233 0059 64010000 		.4byte	.LASF7
 234 005d 03       		.uleb128 0x3
 235 005e 04       		.byte	0x4
 236 005f 05       		.byte	0x5
 237 0060 696E7400 		.ascii	"int\000"
 238 0064 02       		.uleb128 0x2
 239 0065 04       		.byte	0x4
 240 0066 07       		.byte	0x7
 241 0067 57010000 		.4byte	.LASF8
 242 006b 04       		.uleb128 0x4
 243 006c 9D010000 		.4byte	.LASF21
 244 0070 02       		.byte	0x2
 245 0071 E401     		.2byte	0x1e4
 246 0073 2C000000 		.4byte	0x2c
 247 0077 02       		.uleb128 0x2
 248 0078 04       		.byte	0x4
 249 0079 04       		.byte	0x4
 250 007a BA000000 		.4byte	.LASF9
 251 007e 02       		.uleb128 0x2
 252 007f 08       		.byte	0x8
 253 0080 04       		.byte	0x4
 254 0081 3C010000 		.4byte	.LASF10
 255 0085 02       		.uleb128 0x2
 256 0086 01       		.byte	0x1
 257 0087 08       		.byte	0x8
 258 0088 8E010000 		.4byte	.LASF11
 259 008c 05       		.uleb128 0x5
 260 008d 96000000 		.4byte	.LASF12
 261 0091 01       		.byte	0x1
 262 0092 24       		.byte	0x24
 263 0093 00000000 		.4byte	.LFB0
 264 0097 34000000 		.4byte	.LFE0-.LFB0
 265 009b 01       		.uleb128 0x1
 266 009c 9C       		.byte	0x9c
 267 009d B0000000 		.4byte	0xb0
 268 00a1 06       		.uleb128 0x6
 269 00a2 7B010000 		.4byte	.LASF16
 270 00a6 01       		.byte	0x1
 271 00a7 26       		.byte	0x26
 272 00a8 6B000000 		.4byte	0x6b
 273 00ac 02       		.uleb128 0x2
 274 00ad 91       		.byte	0x91
 275 00ae 77       		.sleb128 -9
 276 00af 00       		.byte	0
 277 00b0 05       		.uleb128 0x5
 278 00b1 AC010000 		.4byte	.LASF13
 279 00b5 01       		.byte	0x1
 280 00b6 45       		.byte	0x45
 281 00b7 00000000 		.4byte	.LFB1
 282 00bb 28000000 		.4byte	.LFE1-.LFB1
 283 00bf 01       		.uleb128 0x1
 284 00c0 9C       		.byte	0x9c
 285 00c1 D4000000 		.4byte	0xd4
ARM GAS  C:\Users\bk\AppData\Local\Temp\ccSzrmy3.s 			page 8


 286 00c5 07       		.uleb128 0x7
 287 00c6 00000000 		.4byte	.LASF15
 288 00ca 01       		.byte	0x1
 289 00cb 45       		.byte	0x45
 290 00cc 6B000000 		.4byte	0x6b
 291 00d0 02       		.uleb128 0x2
 292 00d1 91       		.byte	0x91
 293 00d2 77       		.sleb128 -9
 294 00d3 00       		.byte	0
 295 00d4 05       		.uleb128 0x5
 296 00d5 43010000 		.4byte	.LASF14
 297 00d9 01       		.byte	0x1
 298 00da 5E       		.byte	0x5e
 299 00db 00000000 		.4byte	.LFB2
 300 00df 38000000 		.4byte	.LFE2-.LFB2
 301 00e3 01       		.uleb128 0x1
 302 00e4 9C       		.byte	0x9c
 303 00e5 F8000000 		.4byte	0xf8
 304 00e9 07       		.uleb128 0x7
 305 00ea 00000000 		.4byte	.LASF15
 306 00ee 01       		.byte	0x1
 307 00ef 5E       		.byte	0x5e
 308 00f0 6B000000 		.4byte	0x6b
 309 00f4 02       		.uleb128 0x2
 310 00f5 91       		.byte	0x91
 311 00f6 77       		.sleb128 -9
 312 00f7 00       		.byte	0
 313 00f8 06       		.uleb128 0x6
 314 00f9 A5000000 		.4byte	.LASF17
 315 00fd 01       		.byte	0x1
 316 00fe 14       		.byte	0x14
 317 00ff 6B000000 		.4byte	0x6b
 318 0103 05       		.uleb128 0x5
 319 0104 03       		.byte	0x3
 320 0105 00000000 		.4byte	ADC_AMux_lastChannel
 321 0109 00       		.byte	0
 322              		.section	.debug_abbrev,"",%progbits
 323              	.Ldebug_abbrev0:
 324 0000 01       		.uleb128 0x1
 325 0001 11       		.uleb128 0x11
 326 0002 01       		.byte	0x1
 327 0003 25       		.uleb128 0x25
 328 0004 0E       		.uleb128 0xe
 329 0005 13       		.uleb128 0x13
 330 0006 0B       		.uleb128 0xb
 331 0007 03       		.uleb128 0x3
 332 0008 0E       		.uleb128 0xe
 333 0009 1B       		.uleb128 0x1b
 334 000a 0E       		.uleb128 0xe
 335 000b 55       		.uleb128 0x55
 336 000c 17       		.uleb128 0x17
 337 000d 11       		.uleb128 0x11
 338 000e 01       		.uleb128 0x1
 339 000f 10       		.uleb128 0x10
 340 0010 17       		.uleb128 0x17
 341 0011 00       		.byte	0
 342 0012 00       		.byte	0
ARM GAS  C:\Users\bk\AppData\Local\Temp\ccSzrmy3.s 			page 9


 343 0013 02       		.uleb128 0x2
 344 0014 24       		.uleb128 0x24
 345 0015 00       		.byte	0
 346 0016 0B       		.uleb128 0xb
 347 0017 0B       		.uleb128 0xb
 348 0018 3E       		.uleb128 0x3e
 349 0019 0B       		.uleb128 0xb
 350 001a 03       		.uleb128 0x3
 351 001b 0E       		.uleb128 0xe
 352 001c 00       		.byte	0
 353 001d 00       		.byte	0
 354 001e 03       		.uleb128 0x3
 355 001f 24       		.uleb128 0x24
 356 0020 00       		.byte	0
 357 0021 0B       		.uleb128 0xb
 358 0022 0B       		.uleb128 0xb
 359 0023 3E       		.uleb128 0x3e
 360 0024 0B       		.uleb128 0xb
 361 0025 03       		.uleb128 0x3
 362 0026 08       		.uleb128 0x8
 363 0027 00       		.byte	0
 364 0028 00       		.byte	0
 365 0029 04       		.uleb128 0x4
 366 002a 16       		.uleb128 0x16
 367 002b 00       		.byte	0
 368 002c 03       		.uleb128 0x3
 369 002d 0E       		.uleb128 0xe
 370 002e 3A       		.uleb128 0x3a
 371 002f 0B       		.uleb128 0xb
 372 0030 3B       		.uleb128 0x3b
 373 0031 05       		.uleb128 0x5
 374 0032 49       		.uleb128 0x49
 375 0033 13       		.uleb128 0x13
 376 0034 00       		.byte	0
 377 0035 00       		.byte	0
 378 0036 05       		.uleb128 0x5
 379 0037 2E       		.uleb128 0x2e
 380 0038 01       		.byte	0x1
 381 0039 3F       		.uleb128 0x3f
 382 003a 19       		.uleb128 0x19
 383 003b 03       		.uleb128 0x3
 384 003c 0E       		.uleb128 0xe
 385 003d 3A       		.uleb128 0x3a
 386 003e 0B       		.uleb128 0xb
 387 003f 3B       		.uleb128 0x3b
 388 0040 0B       		.uleb128 0xb
 389 0041 27       		.uleb128 0x27
 390 0042 19       		.uleb128 0x19
 391 0043 11       		.uleb128 0x11
 392 0044 01       		.uleb128 0x1
 393 0045 12       		.uleb128 0x12
 394 0046 06       		.uleb128 0x6
 395 0047 40       		.uleb128 0x40
 396 0048 18       		.uleb128 0x18
 397 0049 9642     		.uleb128 0x2116
 398 004b 19       		.uleb128 0x19
 399 004c 01       		.uleb128 0x1
ARM GAS  C:\Users\bk\AppData\Local\Temp\ccSzrmy3.s 			page 10


 400 004d 13       		.uleb128 0x13
 401 004e 00       		.byte	0
 402 004f 00       		.byte	0
 403 0050 06       		.uleb128 0x6
 404 0051 34       		.uleb128 0x34
 405 0052 00       		.byte	0
 406 0053 03       		.uleb128 0x3
 407 0054 0E       		.uleb128 0xe
 408 0055 3A       		.uleb128 0x3a
 409 0056 0B       		.uleb128 0xb
 410 0057 3B       		.uleb128 0x3b
 411 0058 0B       		.uleb128 0xb
 412 0059 49       		.uleb128 0x49
 413 005a 13       		.uleb128 0x13
 414 005b 02       		.uleb128 0x2
 415 005c 18       		.uleb128 0x18
 416 005d 00       		.byte	0
 417 005e 00       		.byte	0
 418 005f 07       		.uleb128 0x7
 419 0060 05       		.uleb128 0x5
 420 0061 00       		.byte	0
 421 0062 03       		.uleb128 0x3
 422 0063 0E       		.uleb128 0xe
 423 0064 3A       		.uleb128 0x3a
 424 0065 0B       		.uleb128 0xb
 425 0066 3B       		.uleb128 0x3b
 426 0067 0B       		.uleb128 0xb
 427 0068 49       		.uleb128 0x49
 428 0069 13       		.uleb128 0x13
 429 006a 02       		.uleb128 0x2
 430 006b 18       		.uleb128 0x18
 431 006c 00       		.byte	0
 432 006d 00       		.byte	0
 433 006e 00       		.byte	0
 434              		.section	.debug_aranges,"",%progbits
 435 0000 2C000000 		.4byte	0x2c
 436 0004 0200     		.2byte	0x2
 437 0006 00000000 		.4byte	.Ldebug_info0
 438 000a 04       		.byte	0x4
 439 000b 00       		.byte	0
 440 000c 0000     		.2byte	0
 441 000e 0000     		.2byte	0
 442 0010 00000000 		.4byte	.LFB0
 443 0014 34000000 		.4byte	.LFE0-.LFB0
 444 0018 00000000 		.4byte	.LFB1
 445 001c 28000000 		.4byte	.LFE1-.LFB1
 446 0020 00000000 		.4byte	.LFB2
 447 0024 38000000 		.4byte	.LFE2-.LFB2
 448 0028 00000000 		.4byte	0
 449 002c 00000000 		.4byte	0
 450              		.section	.debug_ranges,"",%progbits
 451              	.Ldebug_ranges0:
 452 0000 00000000 		.4byte	.LFB0
 453 0004 34000000 		.4byte	.LFE0
 454 0008 00000000 		.4byte	.LFB1
 455 000c 28000000 		.4byte	.LFE1
 456 0010 00000000 		.4byte	.LFB2
ARM GAS  C:\Users\bk\AppData\Local\Temp\ccSzrmy3.s 			page 11


 457 0014 38000000 		.4byte	.LFE2
 458 0018 00000000 		.4byte	0
 459 001c 00000000 		.4byte	0
 460              		.section	.debug_line,"",%progbits
 461              	.Ldebug_line0:
 462 0000 99000000 		.section	.debug_str,"MS",%progbits,1
 462      02004500 
 462      00000201 
 462      FB0E0D00 
 462      01010101 
 463              	.LASF15:
 464 0000 6368616E 		.ascii	"channel\000"
 464      6E656C00 
 465              	.LASF18:
 466 0008 474E5520 		.ascii	"GNU C11 5.4.1 20160609 (release) [ARM/embedded-5-br"
 466      43313120 
 466      352E342E 
 466      31203230 
 466      31363036 
 467 003b 616E6368 		.ascii	"anch revision 237715] -mcpu=cortex-m3 -mthumb -g -O"
 467      20726576 
 467      6973696F 
 467      6E203233 
 467      37373135 
 468 006e 30202D66 		.ascii	"0 -ffunction-sections -ffat-lto-objects\000"
 468      66756E63 
 468      74696F6E 
 468      2D736563 
 468      74696F6E 
 469              	.LASF12:
 470 0096 4144435F 		.ascii	"ADC_AMux_Start\000"
 470      414D7578 
 470      5F537461 
 470      727400
 471              	.LASF17:
 472 00a5 4144435F 		.ascii	"ADC_AMux_lastChannel\000"
 472      414D7578 
 472      5F6C6173 
 472      74436861 
 472      6E6E656C 
 473              	.LASF9:
 474 00ba 666C6F61 		.ascii	"float\000"
 474      7400
 475              	.LASF20:
 476 00c0 433A5C55 		.ascii	"C:\\Users\\bk\\Documents\\GitHub\\Open Storm\\notor"
 476      73657273 
 476      5C626B5C 
 476      446F6375 
 476      6D656E74 
 477 00ed 694F535C 		.ascii	"iOS\\notoriOS\\notoriOS.cydsn\000"
 477      6E6F746F 
 477      72694F53 
 477      5C6E6F74 
 477      6F72694F 
 478              	.LASF1:
 479 0109 756E7369 		.ascii	"unsigned char\000"
 479      676E6564 
ARM GAS  C:\Users\bk\AppData\Local\Temp\ccSzrmy3.s 			page 12


 479      20636861 
 479      7200
 480              	.LASF5:
 481 0117 6C6F6E67 		.ascii	"long unsigned int\000"
 481      20756E73 
 481      69676E65 
 481      6420696E 
 481      7400
 482              	.LASF3:
 483 0129 73686F72 		.ascii	"short unsigned int\000"
 483      7420756E 
 483      7369676E 
 483      65642069 
 483      6E7400
 484              	.LASF10:
 485 013c 646F7562 		.ascii	"double\000"
 485      6C6500
 486              	.LASF14:
 487 0143 4144435F 		.ascii	"ADC_AMux_FastSelect\000"
 487      414D7578 
 487      5F466173 
 487      7453656C 
 487      65637400 
 488              	.LASF8:
 489 0157 756E7369 		.ascii	"unsigned int\000"
 489      676E6564 
 489      20696E74 
 489      00
 490              	.LASF7:
 491 0164 6C6F6E67 		.ascii	"long long unsigned int\000"
 491      206C6F6E 
 491      6720756E 
 491      7369676E 
 491      65642069 
 492              	.LASF16:
 493 017b 6368616E 		.ascii	"chan\000"
 493      00
 494              	.LASF6:
 495 0180 6C6F6E67 		.ascii	"long long int\000"
 495      206C6F6E 
 495      6720696E 
 495      7400
 496              	.LASF11:
 497 018e 63686172 		.ascii	"char\000"
 497      00
 498              	.LASF2:
 499 0193 73686F72 		.ascii	"short int\000"
 499      7420696E 
 499      7400
 500              	.LASF21:
 501 019d 75696E74 		.ascii	"uint8\000"
 501      3800
 502              	.LASF4:
 503 01a3 6C6F6E67 		.ascii	"long int\000"
 503      20696E74 
 503      00
 504              	.LASF13:
ARM GAS  C:\Users\bk\AppData\Local\Temp\ccSzrmy3.s 			page 13


 505 01ac 4144435F 		.ascii	"ADC_AMux_Select\000"
 505      414D7578 
 505      5F53656C 
 505      65637400 
 506              	.LASF0:
 507 01bc 7369676E 		.ascii	"signed char\000"
 507      65642063 
 507      68617200 
 508              	.LASF19:
 509 01c8 47656E65 		.ascii	"Generated_Source\\PSoC5\\ADC_AMux.c\000"
 509      72617465 
 509      645F536F 
 509      75726365 
 509      5C50536F 
 510              		.ident	"GCC: (GNU Tools for ARM Embedded Processors) 5.4.1 20160609 (release) [ARM/embedded-5-bran
