ARM GAS  C:\Users\bk\AppData\Local\Temp\ccJqpiib.s 			page 1


   1              		.syntax unified
   2              		.cpu cortex-m3
   3              		.fpu softvfp
   4              		.eabi_attribute 20, 1
   5              		.eabi_attribute 21, 1
   6              		.eabi_attribute 23, 3
   7              		.eabi_attribute 24, 1
   8              		.eabi_attribute 25, 1
   9              		.eabi_attribute 26, 1
  10              		.eabi_attribute 30, 6
  11              		.eabi_attribute 34, 1
  12              		.eabi_attribute 18, 4
  13              		.thumb
  14              		.syntax unified
  15              		.file	"cymetadata.c"
  16              		.text
  17              	.Ltext0:
  18              		.cfi_sections	.debug_frame
  19              		.global	cy_meta_configecc
  20              		.section	.cyconfigecc,"a",%progbits
  21              		.align	2
  22              		.type	cy_meta_configecc, %object
  23              		.size	cy_meta_configecc, 1232
  24              	cy_meta_configecc:
  25 0000 04       		.byte	4
  26 0001 52       		.byte	82
  27 0002 00       		.byte	0
  28 0003 40       		.byte	64
  29 0004 02       		.byte	2
  30 0005 64       		.byte	100
  31 0006 00       		.byte	0
  32 0007 40       		.byte	64
  33 0008 01       		.byte	1
  34 0009 65       		.byte	101
  35 000a 00       		.byte	0
  36 000b 40       		.byte	64
  37 000c 15       		.byte	21
  38 000d 06       		.byte	6
  39 000e 01       		.byte	1
  40 000f 40       		.byte	64
  41 0010 37       		.byte	55
  42 0011 07       		.byte	7
  43 0012 01       		.byte	1
  44 0013 40       		.byte	64
  45 0014 04       		.byte	4
  46 0015 08       		.byte	8
  47 0016 01       		.byte	1
  48 0017 40       		.byte	64
  49 0018 01       		.byte	1
  50 0019 09       		.byte	9
  51 001a 01       		.byte	1
  52 001b 40       		.byte	64
  53 001c 54       		.byte	84
  54 001d 14       		.byte	20
  55 001e 01       		.byte	1
  56 001f 40       		.byte	64
  57 0020 4F       		.byte	79
ARM GAS  C:\Users\bk\AppData\Local\Temp\ccJqpiib.s 			page 2


  58 0021 15       		.byte	21
  59 0022 01       		.byte	1
  60 0023 40       		.byte	64
  61 0024 1E       		.byte	30
  62 0025 16       		.byte	22
  63 0026 01       		.byte	1
  64 0027 40       		.byte	64
  65 0028 43       		.byte	67
  66 0029 17       		.byte	23
  67 002a 01       		.byte	1
  68 002b 40       		.byte	64
  69 002c 01       		.byte	1
  70 002d 19       		.byte	25
  71 002e 01       		.byte	1
  72 002f 40       		.byte	64
  73 0030 02       		.byte	2
  74 0031 1B       		.byte	27
  75 0032 01       		.byte	1
  76 0033 40       		.byte	64
  77 0034 04       		.byte	4
  78 0035 40       		.byte	64
  79 0036 01       		.byte	1
  80 0037 40       		.byte	64
  81 0038 03       		.byte	3
  82 0039 41       		.byte	65
  83 003a 01       		.byte	1
  84 003b 40       		.byte	64
  85 003c 05       		.byte	5
  86 003d 42       		.byte	66
  87 003e 01       		.byte	1
  88 003f 40       		.byte	64
  89 0040 0B       		.byte	11
  90 0041 43       		.byte	67
  91 0042 01       		.byte	1
  92 0043 40       		.byte	64
  93 0044 02       		.byte	2
  94 0045 44       		.byte	68
  95 0046 01       		.byte	1
  96 0047 40       		.byte	64
  97 0048 03       		.byte	3
  98 0049 45       		.byte	69
  99 004a 01       		.byte	1
 100 004b 40       		.byte	64
 101 004c 04       		.byte	4
 102 004d 46       		.byte	70
 103 004e 01       		.byte	1
 104 004f 40       		.byte	64
 105 0050 02       		.byte	2
 106 0051 47       		.byte	71
 107 0052 01       		.byte	1
 108 0053 40       		.byte	64
 109 0054 02       		.byte	2
 110 0055 48       		.byte	72
 111 0056 01       		.byte	1
 112 0057 40       		.byte	64
 113 0058 08       		.byte	8
 114 0059 49       		.byte	73
ARM GAS  C:\Users\bk\AppData\Local\Temp\ccJqpiib.s 			page 3


 115 005a 01       		.byte	1
 116 005b 40       		.byte	64
 117 005c 04       		.byte	4
 118 005d 4C       		.byte	76
 119 005e 01       		.byte	1
 120 005f 40       		.byte	64
 121 0060 03       		.byte	3
 122 0061 4D       		.byte	77
 123 0062 01       		.byte	1
 124 0063 40       		.byte	64
 125 0064 04       		.byte	4
 126 0065 50       		.byte	80
 127 0066 01       		.byte	1
 128 0067 40       		.byte	64
 129 0068 01       		.byte	1
 130 0069 51       		.byte	81
 131 006a 01       		.byte	1
 132 006b 40       		.byte	64
 133 006c 18       		.byte	24
 134 006d 10       		.byte	16
 135 006e 19       		.byte	25
 136 006f 10       		.byte	16
 137 0070 1C       		.byte	28
 138 0071 40       		.byte	64
 139 0072 64       		.byte	100
 140 0073 08       		.byte	8
 141 0074 86       		.byte	-122
 142 0075 72       		.byte	114
 143 0076 87       		.byte	-121
 144 0077 38       		.byte	56
 145 0078 86       		.byte	-122
 146 0079 0F       		.byte	15
 147 007a 84       		.byte	-124
 148 007b 01       		.byte	1
 149 007c 8A       		.byte	-118
 150 007d 02       		.byte	2
 151 007e 8C       		.byte	-116
 152 007f 01       		.byte	1
 153 0080 92       		.byte	-110
 154 0081 01       		.byte	1
 155 0082 96       		.byte	-106
 156 0083 02       		.byte	2
 157 0084 9A       		.byte	-102
 158 0085 04       		.byte	4
 159 0086 AA       		.byte	-86
 160 0087 01       		.byte	1
 161 0088 AE       		.byte	-82
 162 0089 04       		.byte	4
 163 008a B2       		.byte	-78
 164 008b 01       		.byte	1
 165 008c B4       		.byte	-76
 166 008d 02       		.byte	2
 167 008e B6       		.byte	-74
 168 008f 04       		.byte	4
 169 0090 B8       		.byte	-72
 170 0091 08       		.byte	8
 171 0092 BA       		.byte	-70
ARM GAS  C:\Users\bk\AppData\Local\Temp\ccJqpiib.s 			page 4


 172 0093 02       		.byte	2
 173 0094 BE       		.byte	-66
 174 0095 50       		.byte	80
 175 0096 D4       		.byte	-44
 176 0097 18       		.byte	24
 177 0098 D6       		.byte	-42
 178 0099 04       		.byte	4
 179 009a D8       		.byte	-40
 180 009b 04       		.byte	4
 181 009c DB       		.byte	-37
 182 009d 04       		.byte	4
 183 009e DC       		.byte	-36
 184 009f 02       		.byte	2
 185 00a0 DD       		.byte	-35
 186 00a1 20       		.byte	32
 187 00a2 DF       		.byte	-33
 188 00a3 01       		.byte	1
 189 00a4 00       		.byte	0
 190 00a5 08       		.byte	8
 191 00a6 03       		.byte	3
 192 00a7 0A       		.byte	10
 193 00a8 05       		.byte	5
 194 00a9 95       		.byte	-107
 195 00aa 08       		.byte	8
 196 00ab 10       		.byte	16
 197 00ac 09       		.byte	9
 198 00ad 14       		.byte	20
 199 00ae 0A       		.byte	10
 200 00af 40       		.byte	64
 201 00b0 0C       		.byte	12
 202 00b1 40       		.byte	64
 203 00b2 0E       		.byte	14
 204 00b3 18       		.byte	24
 205 00b4 0F       		.byte	15
 206 00b5 02       		.byte	2
 207 00b6 12       		.byte	18
 208 00b7 09       		.byte	9
 209 00b8 16       		.byte	22
 210 00b9 02       		.byte	2
 211 00ba 17       		.byte	23
 212 00bb 1A       		.byte	26
 213 00bc 18       		.byte	24
 214 00bd 05       		.byte	5
 215 00be 1B       		.byte	27
 216 00bf 0B       		.byte	11
 217 00c0 1C       		.byte	28
 218 00c1 08       		.byte	8
 219 00c2 1D       		.byte	29
 220 00c3 B1       		.byte	-79
 221 00c4 1E       		.byte	30
 222 00c5 60       		.byte	96
 223 00c6 25       		.byte	37
 224 00c7 10       		.byte	16
 225 00c8 26       		.byte	38
 226 00c9 0C       		.byte	12
 227 00ca 27       		.byte	39
 228 00cb 01       		.byte	1
ARM GAS  C:\Users\bk\AppData\Local\Temp\ccJqpiib.s 			page 5


 229 00cc 29       		.byte	41
 230 00cd 04       		.byte	4
 231 00ce 2B       		.byte	43
 232 00cf 20       		.byte	32
 233 00d0 2E       		.byte	46
 234 00d1 12       		.byte	18
 235 00d2 2F       		.byte	47
 236 00d3 22       		.byte	34
 237 00d4 35       		.byte	53
 238 00d5 90       		.byte	-112
 239 00d6 36       		.byte	54
 240 00d7 04       		.byte	4
 241 00d8 37       		.byte	55
 242 00d9 02       		.byte	2
 243 00da 3E       		.byte	62
 244 00db 69       		.byte	105
 245 00dc 44       		.byte	68
 246 00dd 50       		.byte	80
 247 00de 45       		.byte	69
 248 00df A0       		.byte	-96
 249 00e0 4D       		.byte	77
 250 00e1 80       		.byte	-128
 251 00e2 55       		.byte	85
 252 00e3 04       		.byte	4
 253 00e4 56       		.byte	86
 254 00e5 01       		.byte	1
 255 00e6 5B       		.byte	91
 256 00e7 01       		.byte	1
 257 00e8 5E       		.byte	94
 258 00e9 20       		.byte	32
 259 00ea 60       		.byte	96
 260 00eb 05       		.byte	5
 261 00ec 63       		.byte	99
 262 00ed 80       		.byte	-128
 263 00ee 6C       		.byte	108
 264 00ef 02       		.byte	2
 265 00f0 6E       		.byte	110
 266 00f1 04       		.byte	4
 267 00f2 6F       		.byte	111
 268 00f3 04       		.byte	4
 269 00f4 76       		.byte	118
 270 00f5 2A       		.byte	42
 271 00f6 77       		.byte	119
 272 00f7 18       		.byte	24
 273 00f8 83       		.byte	-125
 274 00f9 40       		.byte	64
 275 00fa 9B       		.byte	-101
 276 00fb 02       		.byte	2
 277 00fc AB       		.byte	-85
 278 00fd 02       		.byte	2
 279 00fe C0       		.byte	-64
 280 00ff F7       		.byte	-9
 281 0100 C2       		.byte	-62
 282 0101 EE       		.byte	-18
 283 0102 C4       		.byte	-60
 284 0103 F3       		.byte	-13
 285 0104 CA       		.byte	-54
ARM GAS  C:\Users\bk\AppData\Local\Temp\ccJqpiib.s 			page 6


 286 0105 F0       		.byte	-16
 287 0106 CC       		.byte	-52
 288 0107 F0       		.byte	-16
 289 0108 CE       		.byte	-50
 290 0109 F0       		.byte	-16
 291 010a D0       		.byte	-48
 292 010b F0       		.byte	-16
 293 010c D2       		.byte	-46
 294 010d 10       		.byte	16
 295 010e D6       		.byte	-42
 296 010f 21       		.byte	33
 297 0110 D8       		.byte	-40
 298 0111 0D       		.byte	13
 299 0112 38       		.byte	56
 300 0113 02       		.byte	2
 301 0114 3E       		.byte	62
 302 0115 01       		.byte	1
 303 0116 58       		.byte	88
 304 0117 04       		.byte	4
 305 0118 5F       		.byte	95
 306 0119 01       		.byte	1
 307 011a 1C       		.byte	28
 308 011b 40       		.byte	64
 309 011c 00       		.byte	0
 310 011d 31       		.byte	49
 311 011e 01       		.byte	1
 312 011f 10       		.byte	16
 313 0120 02       		.byte	2
 314 0121 42       		.byte	66
 315 0122 04       		.byte	4
 316 0123 C0       		.byte	-64
 317 0124 09       		.byte	9
 318 0125 04       		.byte	4
 319 0126 0C       		.byte	12
 320 0127 2C       		.byte	44
 321 0128 0D       		.byte	13
 322 0129 01       		.byte	1
 323 012a 10       		.byte	16
 324 012b 2C       		.byte	44
 325 012c 11       		.byte	17
 326 012d 01       		.byte	1
 327 012e 14       		.byte	20
 328 012f 24       		.byte	36
 329 0130 15       		.byte	21
 330 0131 01       		.byte	1
 331 0132 18       		.byte	24
 332 0133 40       		.byte	64
 333 0134 19       		.byte	25
 334 0135 01       		.byte	1
 335 0136 1A       		.byte	26
 336 0137 2F       		.byte	47
 337 0138 1C       		.byte	28
 338 0139 11       		.byte	17
 339 013a 1D       		.byte	29
 340 013b 48       		.byte	72
 341 013c 1E       		.byte	30
 342 013d 8E       		.byte	-114
ARM GAS  C:\Users\bk\AppData\Local\Temp\ccJqpiib.s 			page 7


 343 013e 1F       		.byte	31
 344 013f 21       		.byte	33
 345 0140 20       		.byte	32
 346 0141 08       		.byte	8
 347 0142 21       		.byte	33
 348 0143 01       		.byte	1
 349 0144 22       		.byte	34
 350 0145 10       		.byte	16
 351 0146 24       		.byte	36
 352 0147 24       		.byte	36
 353 0148 26       		.byte	38
 354 0149 08       		.byte	8
 355 014a 29       		.byte	41
 356 014b 62       		.byte	98
 357 014c 2A       		.byte	42
 358 014d 2C       		.byte	44
 359 014e 2B       		.byte	43
 360 014f 08       		.byte	8
 361 0150 2C       		.byte	44
 362 0151 2C       		.byte	44
 363 0152 2D       		.byte	45
 364 0153 47       		.byte	71
 365 0154 2F       		.byte	47
 366 0155 18       		.byte	24
 367 0156 30       		.byte	48
 368 0157 0F       		.byte	15
 369 0158 31       		.byte	49
 370 0159 3F       		.byte	63
 371 015a 32       		.byte	50
 372 015b C1       		.byte	-63
 373 015c 33       		.byte	51
 374 015d 40       		.byte	64
 375 015e 34       		.byte	52
 376 015f 31       		.byte	49
 377 0160 37       		.byte	55
 378 0161 08       		.byte	8
 379 0162 38       		.byte	56
 380 0163 08       		.byte	8
 381 0164 39       		.byte	57
 382 0165 02       		.byte	2
 383 0166 3A       		.byte	58
 384 0167 30       		.byte	48
 385 0168 3F       		.byte	63
 386 0169 45       		.byte	69
 387 016a 54       		.byte	84
 388 016b 09       		.byte	9
 389 016c 58       		.byte	88
 390 016d 04       		.byte	4
 391 016e 59       		.byte	89
 392 016f 04       		.byte	4
 393 0170 5B       		.byte	91
 394 0171 04       		.byte	4
 395 0172 5F       		.byte	95
 396 0173 01       		.byte	1
 397 0174 80       		.byte	-128
 398 0175 01       		.byte	1
 399 0176 81       		.byte	-127
ARM GAS  C:\Users\bk\AppData\Local\Temp\ccJqpiib.s 			page 8


 400 0177 04       		.byte	4
 401 0178 82       		.byte	-126
 402 0179 32       		.byte	50
 403 017a 83       		.byte	-125
 404 017b 43       		.byte	67
 405 017c 88       		.byte	-120
 406 017d 62       		.byte	98
 407 017e 8A       		.byte	-118
 408 017f 08       		.byte	8
 409 0180 8C       		.byte	-116
 410 0181 8D       		.byte	-115
 411 0182 8F       		.byte	-113
 412 0183 01       		.byte	1
 413 0184 90       		.byte	-112
 414 0185 02       		.byte	2
 415 0186 91       		.byte	-111
 416 0187 21       		.byte	33
 417 0188 92       		.byte	-110
 418 0189 0D       		.byte	13
 419 018a 93       		.byte	-109
 420 018b 02       		.byte	2
 421 018c 96       		.byte	-106
 422 018d 10       		.byte	16
 423 018e 97       		.byte	-105
 424 018f EC       		.byte	-20
 425 0190 98       		.byte	-104
 426 0191 8D       		.byte	-115
 427 0192 99       		.byte	-103
 428 0193 88       		.byte	-120
 429 0194 9B       		.byte	-101
 430 0195 03       		.byte	3
 431 0196 9C       		.byte	-100
 432 0197 02       		.byte	2
 433 0198 9E       		.byte	-98
 434 0199 54       		.byte	84
 435 019a A0       		.byte	-96
 436 019b 0D       		.byte	13
 437 019c A2       		.byte	-94
 438 019d 80       		.byte	-128
 439 019e A5       		.byte	-91
 440 019f E0       		.byte	-32
 441 01a0 A6       		.byte	-90
 442 01a1 80       		.byte	-128
 443 01a2 A8       		.byte	-88
 444 01a3 8D       		.byte	-115
 445 01a4 AC       		.byte	-84
 446 01a5 8D       		.byte	-115
 447 01a6 AF       		.byte	-81
 448 01a7 12       		.byte	18
 449 01a8 B0       		.byte	-80
 450 01a9 0F       		.byte	15
 451 01aa B2       		.byte	-78
 452 01ab 70       		.byte	112
 453 01ac B3       		.byte	-77
 454 01ad E0       		.byte	-32
 455 01ae B4       		.byte	-76
 456 01af 80       		.byte	-128
ARM GAS  C:\Users\bk\AppData\Local\Temp\ccJqpiib.s 			page 9


 457 01b0 B5       		.byte	-75
 458 01b1 0F       		.byte	15
 459 01b2 B7       		.byte	-73
 460 01b3 10       		.byte	16
 461 01b4 BA       		.byte	-70
 462 01b5 02       		.byte	2
 463 01b6 BE       		.byte	-66
 464 01b7 10       		.byte	16
 465 01b8 BF       		.byte	-65
 466 01b9 04       		.byte	4
 467 01ba D4       		.byte	-44
 468 01bb 40       		.byte	64
 469 01bc D8       		.byte	-40
 470 01bd 04       		.byte	4
 471 01be D9       		.byte	-39
 472 01bf 04       		.byte	4
 473 01c0 DB       		.byte	-37
 474 01c1 04       		.byte	4
 475 01c2 DF       		.byte	-33
 476 01c3 01       		.byte	1
 477 01c4 01       		.byte	1
 478 01c5 0A       		.byte	10
 479 01c6 02       		.byte	2
 480 01c7 01       		.byte	1
 481 01c8 05       		.byte	5
 482 01c9 22       		.byte	34
 483 01ca 06       		.byte	6
 484 01cb 01       		.byte	1
 485 01cc 09       		.byte	9
 486 01cd 89       		.byte	-119
 487 01ce 0A       		.byte	10
 488 01cf 08       		.byte	8
 489 01d0 0C       		.byte	12
 490 01d1 20       		.byte	32
 491 01d2 0D       		.byte	13
 492 01d3 80       		.byte	-128
 493 01d4 0E       		.byte	14
 494 01d5 A0       		.byte	-96
 495 01d6 10       		.byte	16
 496 01d7 20       		.byte	32
 497 01d8 11       		.byte	17
 498 01d9 50       		.byte	80
 499 01da 12       		.byte	18
 500 01db 80       		.byte	-128
 501 01dc 15       		.byte	21
 502 01dd 18       		.byte	24
 503 01de 17       		.byte	23
 504 01df 41       		.byte	65
 505 01e0 18       		.byte	24
 506 01e1 40       		.byte	64
 507 01e2 19       		.byte	25
 508 01e3 2A       		.byte	42
 509 01e4 1A       		.byte	26
 510 01e5 08       		.byte	8
 511 01e6 1B       		.byte	27
 512 01e7 01       		.byte	1
 513 01e8 1E       		.byte	30
ARM GAS  C:\Users\bk\AppData\Local\Temp\ccJqpiib.s 			page 10


 514 01e9 A0       		.byte	-96
 515 01ea 1F       		.byte	31
 516 01eb 10       		.byte	16
 517 01ec 21       		.byte	33
 518 01ed 02       		.byte	2
 519 01ee 22       		.byte	34
 520 01ef 40       		.byte	64
 521 01f0 23       		.byte	35
 522 01f1 10       		.byte	16
 523 01f2 25       		.byte	37
 524 01f3 40       		.byte	64
 525 01f4 26       		.byte	38
 526 01f5 08       		.byte	8
 527 01f6 27       		.byte	39
 528 01f7 08       		.byte	8
 529 01f8 29       		.byte	41
 530 01f9 20       		.byte	32
 531 01fa 2A       		.byte	42
 532 01fb 01       		.byte	1
 533 01fc 2B       		.byte	43
 534 01fd 01       		.byte	1
 535 01fe 2D       		.byte	45
 536 01ff 08       		.byte	8
 537 0200 2F       		.byte	47
 538 0201 01       		.byte	1
 539 0202 30       		.byte	48
 540 0203 20       		.byte	32
 541 0204 31       		.byte	49
 542 0205 88       		.byte	-120
 543 0206 33       		.byte	51
 544 0207 01       		.byte	1
 545 0208 35       		.byte	53
 546 0209 22       		.byte	34
 547 020a 37       		.byte	55
 548 020b 08       		.byte	8
 549 020c 38       		.byte	56
 550 020d 82       		.byte	-126
 551 020e 39       		.byte	57
 552 020f 20       		.byte	32
 553 0210 3D       		.byte	61
 554 0211 80       		.byte	-128
 555 0212 3F       		.byte	63
 556 0213 01       		.byte	1
 557 0214 59       		.byte	89
 558 0215 14       		.byte	20
 559 0216 5A       		.byte	90
 560 0217 82       		.byte	-126
 561 0218 62       		.byte	98
 562 0219 40       		.byte	64
 563 021a 65       		.byte	101
 564 021b 80       		.byte	-128
 565 021c 66       		.byte	102
 566 021d 10       		.byte	16
 567 021e 67       		.byte	103
 568 021f 20       		.byte	32
 569 0220 85       		.byte	-123
 570 0221 84       		.byte	-124
ARM GAS  C:\Users\bk\AppData\Local\Temp\ccJqpiib.s 			page 11


 571 0222 86       		.byte	-122
 572 0223 10       		.byte	16
 573 0224 8A       		.byte	-118
 574 0225 40       		.byte	64
 575 0226 8B       		.byte	-117
 576 0227 10       		.byte	16
 577 0228 8D       		.byte	-115
 578 0229 10       		.byte	16
 579 022a 8E       		.byte	-114
 580 022b 88       		.byte	-120
 581 022c 90       		.byte	-112
 582 022d 82       		.byte	-126
 583 022e 91       		.byte	-111
 584 022f 78       		.byte	120
 585 0230 92       		.byte	-110
 586 0231 02       		.byte	2
 587 0232 93       		.byte	-109
 588 0233 03       		.byte	3
 589 0234 94       		.byte	-108
 590 0235 40       		.byte	64
 591 0236 96       		.byte	-106
 592 0237 08       		.byte	8
 593 0238 99       		.byte	-103
 594 0239 04       		.byte	4
 595 023a 9A       		.byte	-102
 596 023b 11       		.byte	17
 597 023c 9B       		.byte	-101
 598 023d 41       		.byte	65
 599 023e 9D       		.byte	-99
 600 023f 22       		.byte	34
 601 0240 A0       		.byte	-96
 602 0241 20       		.byte	32
 603 0242 A1       		.byte	-95
 604 0243 89       		.byte	-119
 605 0244 A2       		.byte	-94
 606 0245 80       		.byte	-128
 607 0246 A5       		.byte	-91
 608 0247 02       		.byte	2
 609 0248 A8       		.byte	-88
 610 0249 40       		.byte	64
 611 024a AA       		.byte	-86
 612 024b 0C       		.byte	12
 613 024c C0       		.byte	-64
 614 024d DD       		.byte	-35
 615 024e C2       		.byte	-62
 616 024f FF       		.byte	-1
 617 0250 C4       		.byte	-60
 618 0251 FF       		.byte	-1
 619 0252 CA       		.byte	-54
 620 0253 5D       		.byte	93
 621 0254 CC       		.byte	-52
 622 0255 EF       		.byte	-17
 623 0256 CE       		.byte	-50
 624 0257 9D       		.byte	-99
 625 0258 D6       		.byte	-42
 626 0259 0F       		.byte	15
 627 025a D8       		.byte	-40
ARM GAS  C:\Users\bk\AppData\Local\Temp\ccJqpiib.s 			page 12


 628 025b 78       		.byte	120
 629 025c E6       		.byte	-26
 630 025d 40       		.byte	64
 631 025e E8       		.byte	-24
 632 025f 20       		.byte	32
 633 0260 EE       		.byte	-18
 634 0261 01       		.byte	1
 635 0262 01       		.byte	1
 636 0263 03       		.byte	3
 637 0264 03       		.byte	3
 638 0265 04       		.byte	4
 639 0266 08       		.byte	8
 640 0267 01       		.byte	1
 641 0268 0A       		.byte	10
 642 0269 06       		.byte	6
 643 026a 0C       		.byte	12
 644 026b 12       		.byte	18
 645 026c 0E       		.byte	14
 646 026d 29       		.byte	41
 647 026e 10       		.byte	16
 648 026f 40       		.byte	64
 649 0270 11       		.byte	17
 650 0271 01       		.byte	1
 651 0272 13       		.byte	19
 652 0273 06       		.byte	6
 653 0274 14       		.byte	20
 654 0275 24       		.byte	36
 655 0276 16       		.byte	22
 656 0277 11       		.byte	17
 657 0278 18       		.byte	24
 658 0279 77       		.byte	119
 659 027a 19       		.byte	25
 660 027b 05       		.byte	5
 661 027c 1B       		.byte	27
 662 027d 02       		.byte	2
 663 027e 1D       		.byte	29
 664 027f 04       		.byte	4
 665 0280 1F       		.byte	31
 666 0281 03       		.byte	3
 667 0282 24       		.byte	36
 668 0283 77       		.byte	119
 669 0284 30       		.byte	48
 670 0285 40       		.byte	64
 671 0286 31       		.byte	49
 672 0287 07       		.byte	7
 673 0288 32       		.byte	50
 674 0289 30       		.byte	48
 675 028a 34       		.byte	52
 676 028b 07       		.byte	7
 677 028c 36       		.byte	54
 678 028d 08       		.byte	8
 679 028e 3B       		.byte	59
 680 028f 02       		.byte	2
 681 0290 56       		.byte	86
 682 0291 02       		.byte	2
 683 0292 57       		.byte	87
 684 0293 2C       		.byte	44
ARM GAS  C:\Users\bk\AppData\Local\Temp\ccJqpiib.s 			page 13


 685 0294 58       		.byte	88
 686 0295 04       		.byte	4
 687 0296 59       		.byte	89
 688 0297 04       		.byte	4
 689 0298 5B       		.byte	91
 690 0299 04       		.byte	4
 691 029a 5C       		.byte	92
 692 029b 02       		.byte	2
 693 029c 5F       		.byte	95
 694 029d 01       		.byte	1
 695 029e 00       		.byte	0
 696 029f 10       		.byte	16
 697 02a0 01       		.byte	1
 698 02a1 02       		.byte	2
 699 02a2 03       		.byte	3
 700 02a3 01       		.byte	1
 701 02a4 05       		.byte	5
 702 02a5 10       		.byte	16
 703 02a6 07       		.byte	7
 704 02a7 02       		.byte	2
 705 02a8 09       		.byte	9
 706 02a9 05       		.byte	5
 707 02aa 0A       		.byte	10
 708 02ab 08       		.byte	8
 709 02ac 0B       		.byte	11
 710 02ad 02       		.byte	2
 711 02ae 0C       		.byte	12
 712 02af 02       		.byte	2
 713 02b0 0E       		.byte	14
 714 02b1 14       		.byte	20
 715 02b2 10       		.byte	16
 716 02b3 08       		.byte	8
 717 02b4 12       		.byte	18
 718 02b5 21       		.byte	33
 719 02b6 13       		.byte	19
 720 02b7 01       		.byte	1
 721 02b8 17       		.byte	23
 722 02b9 04       		.byte	4
 723 02ba 19       		.byte	25
 724 02bb 08       		.byte	8
 725 02bc 1D       		.byte	29
 726 02bd 10       		.byte	16
 727 02be 1E       		.byte	30
 728 02bf 51       		.byte	81
 729 02c0 1F       		.byte	31
 730 02c1 20       		.byte	32
 731 02c2 20       		.byte	32
 732 02c3 10       		.byte	16
 733 02c4 21       		.byte	33
 734 02c5 98       		.byte	-104
 735 02c6 22       		.byte	34
 736 02c7 23       		.byte	35
 737 02c8 23       		.byte	35
 738 02c9 01       		.byte	1
 739 02ca 27       		.byte	39
 740 02cb 80       		.byte	-128
 741 02cc 29       		.byte	41
ARM GAS  C:\Users\bk\AppData\Local\Temp\ccJqpiib.s 			page 14


 742 02cd 28       		.byte	40
 743 02ce 2A       		.byte	42
 744 02cf 01       		.byte	1
 745 02d0 2B       		.byte	43
 746 02d1 02       		.byte	2
 747 02d2 30       		.byte	48
 748 02d3 28       		.byte	40
 749 02d4 31       		.byte	49
 750 02d5 02       		.byte	2
 751 02d6 32       		.byte	50
 752 02d7 80       		.byte	-128
 753 02d8 35       		.byte	53
 754 02d9 22       		.byte	34
 755 02da 37       		.byte	55
 756 02db 80       		.byte	-128
 757 02dc 38       		.byte	56
 758 02dd 50       		.byte	80
 759 02de 3A       		.byte	58
 760 02df 04       		.byte	4
 761 02e0 3B       		.byte	59
 762 02e1 01       		.byte	1
 763 02e2 3F       		.byte	63
 764 02e3 01       		.byte	1
 765 02e4 40       		.byte	64
 766 02e5 40       		.byte	64
 767 02e6 41       		.byte	65
 768 02e7 80       		.byte	-128
 769 02e8 42       		.byte	66
 770 02e9 08       		.byte	8
 771 02ea 49       		.byte	73
 772 02eb 24       		.byte	36
 773 02ec 4A       		.byte	74
 774 02ed 82       		.byte	-126
 775 02ee 50       		.byte	80
 776 02ef 01       		.byte	1
 777 02f0 51       		.byte	81
 778 02f1 04       		.byte	4
 779 02f2 52       		.byte	82
 780 02f3 10       		.byte	16
 781 02f4 53       		.byte	83
 782 02f5 01       		.byte	1
 783 02f6 59       		.byte	89
 784 02f7 80       		.byte	-128
 785 02f8 5A       		.byte	90
 786 02f9 40       		.byte	64
 787 02fa 5F       		.byte	95
 788 02fb C0       		.byte	-64
 789 02fc 67       		.byte	103
 790 02fd 40       		.byte	64
 791 02fe 6C       		.byte	108
 792 02ff 68       		.byte	104
 793 0300 6D       		.byte	109
 794 0301 5A       		.byte	90
 795 0302 6F       		.byte	111
 796 0303 43       		.byte	67
 797 0304 76       		.byte	118
 798 0305 01       		.byte	1
ARM GAS  C:\Users\bk\AppData\Local\Temp\ccJqpiib.s 			page 15


 799 0306 92       		.byte	-110
 800 0307 04       		.byte	4
 801 0308 96       		.byte	-106
 802 0309 11       		.byte	17
 803 030a 9B       		.byte	-101
 804 030b 06       		.byte	6
 805 030c 9D       		.byte	-99
 806 030d 80       		.byte	-128
 807 030e A0       		.byte	-96
 808 030f 02       		.byte	2
 809 0310 A7       		.byte	-89
 810 0311 20       		.byte	32
 811 0312 C0       		.byte	-64
 812 0313 CB       		.byte	-53
 813 0314 C2       		.byte	-62
 814 0315 7F       		.byte	127
 815 0316 C4       		.byte	-60
 816 0317 2F       		.byte	47
 817 0318 CA       		.byte	-54
 818 0319 0F       		.byte	15
 819 031a CC       		.byte	-52
 820 031b BF       		.byte	-65
 821 031c CE       		.byte	-50
 822 031d 8F       		.byte	-113
 823 031e D0       		.byte	-48
 824 031f 0D       		.byte	13
 825 0320 D2       		.byte	-46
 826 0321 0C       		.byte	12
 827 0322 D8       		.byte	-40
 828 0323 80       		.byte	-128
 829 0324 B4       		.byte	-76
 830 0325 40       		.byte	64
 831 0326 E8       		.byte	-24
 832 0327 20       		.byte	32
 833 0328 EE       		.byte	-18
 834 0329 01       		.byte	1
 835 032a 32       		.byte	50
 836 032b 08       		.byte	8
 837 032c 33       		.byte	51
 838 032d 10       		.byte	16
 839 032e 35       		.byte	53
 840 032f 80       		.byte	-128
 841 0330 CC       		.byte	-52
 842 0331 70       		.byte	112
 843 0332 9D       		.byte	-99
 844 0333 80       		.byte	-128
 845 0334 9F       		.byte	-97
 846 0335 10       		.byte	16
 847 0336 A6       		.byte	-90
 848 0337 08       		.byte	8
 849 0338 07       		.byte	7
 850 0339 40       		.byte	64
 851 033a 9D       		.byte	-99
 852 033b 80       		.byte	-128
 853 033c 9F       		.byte	-97
 854 033d 10       		.byte	16
 855 033e A6       		.byte	-90
ARM GAS  C:\Users\bk\AppData\Local\Temp\ccJqpiib.s 			page 16


 856 033f 08       		.byte	8
 857 0340 C0       		.byte	-64
 858 0341 20       		.byte	32
 859 0342 26       		.byte	38
 860 0343 08       		.byte	8
 861 0344 2D       		.byte	45
 862 0345 80       		.byte	-128
 863 0346 83       		.byte	-125
 864 0347 10       		.byte	16
 865 0348 9D       		.byte	-99
 866 0349 80       		.byte	-128
 867 034a 9F       		.byte	-97
 868 034b 10       		.byte	16
 869 034c A6       		.byte	-90
 870 034d 08       		.byte	8
 871 034e AB       		.byte	-85
 872 034f 40       		.byte	64
 873 0350 C8       		.byte	-56
 874 0351 80       		.byte	-128
 875 0352 CA       		.byte	-54
 876 0353 20       		.byte	32
 877 0354 E2       		.byte	-30
 878 0355 20       		.byte	32
 879 0356 EC       		.byte	-20
 880 0357 80       		.byte	-128
 881 0358 7C       		.byte	124
 882 0359 20       		.byte	32
 883 035a DE       		.byte	-34
 884 035b 01       		.byte	1
 885 035c 04       		.byte	4
 886 035d 08       		.byte	8
 887 035e 9C       		.byte	-100
 888 035f 20       		.byte	32
 889 0360 C0       		.byte	-64
 890 0361 04       		.byte	4
 891 0362 44       		.byte	68
 892 0363 10       		.byte	16
 893 0364 90       		.byte	-112
 894 0365 08       		.byte	8
 895 0366 9C       		.byte	-100
 896 0367 20       		.byte	32
 897 0368 D0       		.byte	-48
 898 0369 01       		.byte	1
 899 036a 90       		.byte	-112
 900 036b 08       		.byte	8
 901 036c 9C       		.byte	-100
 902 036d 30       		.byte	48
 903 036e 21       		.byte	33
 904 036f 01       		.byte	1
 905 0370 C8       		.byte	-56
 906 0371 40       		.byte	64
 907 0372 63       		.byte	99
 908 0373 02       		.byte	2
 909 0374 66       		.byte	102
 910 0375 01       		.byte	1
 911 0376 87       		.byte	-121
 912 0377 01       		.byte	1
ARM GAS  C:\Users\bk\AppData\Local\Temp\ccJqpiib.s 			page 17


 913 0378 8E       		.byte	-114
 914 0379 01       		.byte	1
 915 037a B1       		.byte	-79
 916 037b 01       		.byte	1
 917 037c D6       		.byte	-42
 918 037d 40       		.byte	64
 919 037e D8       		.byte	-40
 920 037f 80       		.byte	-128
 921 0380 E6       		.byte	-26
 922 0381 10       		.byte	16
 923 0382 90       		.byte	-112
 924 0383 08       		.byte	8
 925 0384 9C       		.byte	-100
 926 0385 10       		.byte	16
 927 0386 B4       		.byte	-76
 928 0387 20       		.byte	32
 929 0388 E8       		.byte	-24
 930 0389 02       		.byte	2
 931 038a A8       		.byte	-88
 932 038b 04       		.byte	4
 933 038c B0       		.byte	-80
 934 038d 10       		.byte	16
 935 038e E8       		.byte	-24
 936 038f 04       		.byte	4
 937 0390 00       		.byte	0
 938 0391 04       		.byte	4
 939 0392 0A       		.byte	10
 940 0393 04       		.byte	4
 941 0394 10       		.byte	16
 942 0395 05       		.byte	5
 943 0396 1A       		.byte	26
 944 0397 05       		.byte	5
 945 0398 00       		.byte	0
 946 0399 2B       		.byte	43
 947 039a 00       		.byte	0
 948 039b 00       		.byte	0
 949 039c 1F       		.byte	31
 950 039d 00       		.byte	0
 951 039e 20       		.byte	32
 952 039f 04       		.byte	4
 953 03a0 03       		.byte	3
 954 03a1 08       		.byte	8
 955 03a2 40       		.byte	64
 956 03a3 00       		.byte	0
 957 03a4 33       		.byte	51
 958 03a5 18       		.byte	24
 959 03a6 0C       		.byte	12
 960 03a7 00       		.byte	0
 961 03a8 00       		.byte	0
 962 03a9 1C       		.byte	28
 963 03aa 23       		.byte	35
 964 03ab E1       		.byte	-31
 965 03ac 00       		.byte	0
 966 03ad 44       		.byte	68
 967 03ae 00       		.byte	0
 968 03af 00       		.byte	0
 969 03b0 02       		.byte	2
ARM GAS  C:\Users\bk\AppData\Local\Temp\ccJqpiib.s 			page 18


 970 03b1 3C       		.byte	60
 971 03b2 80       		.byte	-128
 972 03b3 C2       		.byte	-62
 973 03b4 1C       		.byte	28
 974 03b5 E7       		.byte	-25
 975 03b6 23       		.byte	35
 976 03b7 18       		.byte	24
 977 03b8 3F       		.byte	63
 978 03b9 00       		.byte	0
 979 03ba 00       		.byte	0
 980 03bb E3       		.byte	-29
 981 03bc 01       		.byte	1
 982 03bd 10       		.byte	16
 983 03be 80       		.byte	-128
 984 03bf 00       		.byte	0
 985 03c0 04       		.byte	4
 986 03c1 C0       		.byte	-64
 987 03c2 00       		.byte	0
 988 03c3 00       		.byte	0
 989 03c4 0C       		.byte	12
 990 03c5 80       		.byte	-128
 991 03c6 00       		.byte	0
 992 03c7 00       		.byte	0
 993 03c8 08       		.byte	8
 994 03c9 FF       		.byte	-1
 995 03ca 00       		.byte	0
 996 03cb 00       		.byte	0
 997 03cc 2C       		.byte	44
 998 03cd 00       		.byte	0
 999 03ce 10       		.byte	16
 1000 03cf 1F       		.byte	31
 1001 03d0 0F       		.byte	15
 1002 03d1 38       		.byte	56
 1003 03d2 C0       		.byte	-64
 1004 03d3 C0       		.byte	-64
 1005 03d4 00       		.byte	0
 1006 03d5 00       		.byte	0
 1007 03d6 22       		.byte	34
 1008 03d7 08       		.byte	8
 1009 03d8 00       		.byte	0
 1010 03d9 00       		.byte	0
 1011 03da 44       		.byte	68
 1012 03db 00       		.byte	0
 1013 03dc 25       		.byte	37
 1014 03dd 04       		.byte	4
 1015 03de 03       		.byte	3
 1016 03df 00       		.byte	0
 1017 03e0 01       		.byte	1
 1018 03e1 00       		.byte	0
 1019 03e2 00       		.byte	0
 1020 03e3 CE       		.byte	-50
 1021 03e4 30       		.byte	48
 1022 03e5 FF       		.byte	-1
 1023 03e6 FF       		.byte	-1
 1024 03e7 FF       		.byte	-1
 1025 03e8 62       		.byte	98
 1026 03e9 A0       		.byte	-96
ARM GAS  C:\Users\bk\AppData\Local\Temp\ccJqpiib.s 			page 19


 1027 03ea F0       		.byte	-16
 1028 03eb 41       		.byte	65
 1029 03ec 0C       		.byte	12
 1030 03ed 00       		.byte	0
 1031 03ee 00       		.byte	0
 1032 03ef 00       		.byte	0
 1033 03f0 00       		.byte	0
 1034 03f1 00       		.byte	0
 1035 03f2 02       		.byte	2
 1036 03f3 11       		.byte	17
 1037 03f4 04       		.byte	4
 1038 03f5 04       		.byte	4
 1039 03f6 04       		.byte	4
 1040 03f7 04       		.byte	4
 1041 03f8 22       		.byte	34
 1042 03f9 22       		.byte	34
 1043 03fa 00       		.byte	0
 1044 03fb 01       		.byte	1
 1045 03fc 00       		.byte	0
 1046 03fd 00       		.byte	0
 1047 03fe 00       		.byte	0
 1048 03ff 00       		.byte	0
 1049 0400 00       		.byte	0
 1050 0401 00       		.byte	0
 1051 0402 40       		.byte	64
 1052 0403 02       		.byte	2
 1053 0404 00       		.byte	0
 1054 0405 10       		.byte	16
 1055 0406 30       		.byte	48
 1056 0407 10       		.byte	16
 1057 0408 00       		.byte	0
 1058 0409 10       		.byte	16
 1059 040a 10       		.byte	16
 1060 040b 12       		.byte	18
 1061 040c 00       		.byte	0
 1062 040d 00       		.byte	0
 1063 040e 00       		.byte	0
 1064 040f 00       		.byte	0
 1065 0410 00       		.byte	0
 1066 0411 00       		.byte	0
 1067 0412 00       		.byte	0
 1068 0413 00       		.byte	0
 1069 0414 00       		.byte	0
 1070 0415 00       		.byte	0
 1071 0416 00       		.byte	0
 1072 0417 00       		.byte	0
 1073 0418 00       		.byte	0
 1074 0419 00       		.byte	0
 1075 041a 00       		.byte	0
 1076 041b 00       		.byte	0
 1077 041c 1F       		.byte	31
 1078 041d 49       		.byte	73
 1079 041e 20       		.byte	32
 1080 041f 26       		.byte	38
 1081 0420 00       		.byte	0
 1082 0421 A6       		.byte	-90
 1083 0422 00       		.byte	0
ARM GAS  C:\Users\bk\AppData\Local\Temp\ccJqpiib.s 			page 20


 1084 0423 00       		.byte	0
 1085 0424 80       		.byte	-128
 1086 0425 42       		.byte	66
 1087 0426 00       		.byte	0
 1088 0427 20       		.byte	32
 1089 0428 90       		.byte	-112
 1090 0429 27       		.byte	39
 1091 042a 40       		.byte	64
 1092 042b 48       		.byte	72
 1093 042c C0       		.byte	-64
 1094 042d 10       		.byte	16
 1095 042e 02       		.byte	2
 1096 042f 00       		.byte	0
 1097 0430 C0       		.byte	-64
 1098 0431 A0       		.byte	-96
 1099 0432 04       		.byte	4
 1100 0433 06       		.byte	6
 1101 0434 7F       		.byte	127
 1102 0435 A2       		.byte	-94
 1103 0436 80       		.byte	-128
 1104 0437 04       		.byte	4
 1105 0438 00       		.byte	0
 1106 0439 04       		.byte	4
 1107 043a 9F       		.byte	-97
 1108 043b 00       		.byte	0
 1109 043c 00       		.byte	0
 1110 043d A6       		.byte	-90
 1111 043e FF       		.byte	-1
 1112 043f 00       		.byte	0
 1113 0440 00       		.byte	0
 1114 0441 10       		.byte	16
 1115 0442 60       		.byte	96
 1116 0443 00       		.byte	0
 1117 0444 C0       		.byte	-64
 1118 0445 61       		.byte	97
 1119 0446 08       		.byte	8
 1120 0447 0E       		.byte	14
 1121 0448 C0       		.byte	-64
 1122 0449 06       		.byte	6
 1123 044a 01       		.byte	1
 1124 044b A0       		.byte	-96
 1125 044c 00       		.byte	0
 1126 044d 80       		.byte	-128
 1127 044e FF       		.byte	-1
 1128 044f 60       		.byte	96
 1129 0450 00       		.byte	0
 1130 0451 10       		.byte	16
 1131 0452 00       		.byte	0
 1132 0453 0F       		.byte	15
 1133 0454 00       		.byte	0
 1134 0455 A0       		.byte	-96
 1135 0456 00       		.byte	0
 1136 0457 08       		.byte	8
 1137 0458 00       		.byte	0
 1138 0459 00       		.byte	0
 1139 045a 04       		.byte	4
 1140 045b 01       		.byte	1
ARM GAS  C:\Users\bk\AppData\Local\Temp\ccJqpiib.s 			page 21


 1141 045c 16       		.byte	22
 1142 045d 04       		.byte	4
 1143 045e 50       		.byte	80
 1144 045f 00       		.byte	0
 1145 0460 02       		.byte	2
 1146 0461 CE       		.byte	-50
 1147 0462 F0       		.byte	-16
 1148 0463 BD       		.byte	-67
 1149 0464 3B       		.byte	59
 1150 0465 FF       		.byte	-1
 1151 0466 FF       		.byte	-1
 1152 0467 FF       		.byte	-1
 1153 0468 22       		.byte	34
 1154 0469 00       		.byte	0
 1155 046a F0       		.byte	-16
 1156 046b 08       		.byte	8
 1157 046c 04       		.byte	4
 1158 046d 00       		.byte	0
 1159 046e 00       		.byte	0
 1160 046f 00       		.byte	0
 1161 0470 00       		.byte	0
 1162 0471 00       		.byte	0
 1163 0472 00       		.byte	0
 1164 0473 00       		.byte	0
 1165 0474 04       		.byte	4
 1166 0475 04       		.byte	4
 1167 0476 04       		.byte	4
 1168 0477 00       		.byte	0
 1169 0478 00       		.byte	0
 1170 0479 00       		.byte	0
 1171 047a 00       		.byte	0
 1172 047b 01       		.byte	1
 1173 047c 00       		.byte	0
 1174 047d 00       		.byte	0
 1175 047e C0       		.byte	-64
 1176 047f 00       		.byte	0
 1177 0480 40       		.byte	64
 1178 0481 01       		.byte	1
 1179 0482 10       		.byte	16
 1180 0483 11       		.byte	17
 1181 0484 C0       		.byte	-64
 1182 0485 01       		.byte	1
 1183 0486 00       		.byte	0
 1184 0487 11       		.byte	17
 1185 0488 40       		.byte	64
 1186 0489 01       		.byte	1
 1187 048a 40       		.byte	64
 1188 048b 01       		.byte	1
 1189 048c 00       		.byte	0
 1190 048d 00       		.byte	0
 1191 048e 00       		.byte	0
 1192 048f 00       		.byte	0
 1193 0490 00       		.byte	0
 1194 0491 00       		.byte	0
 1195 0492 00       		.byte	0
 1196 0493 00       		.byte	0
 1197 0494 00       		.byte	0
ARM GAS  C:\Users\bk\AppData\Local\Temp\ccJqpiib.s 			page 22


 1198 0495 00       		.byte	0
 1199 0496 00       		.byte	0
 1200 0497 00       		.byte	0
 1201 0498 00       		.byte	0
 1202 0499 00       		.byte	0
 1203 049a 00       		.byte	0
 1204 049b 00       		.byte	0
 1205 049c 00       		.byte	0
 1206 049d 1F       		.byte	31
 1207 049e 1F       		.byte	31
 1208 049f 00       		.byte	0
 1209 04a0 00       		.byte	0
 1210 04a1 00       		.byte	0
 1211 04a2 20       		.byte	32
 1212 04a3 00       		.byte	0
 1213 04a4 08       		.byte	8
 1214 04a5 13       		.byte	19
 1215 04a6 13       		.byte	19
 1216 04a7 00       		.byte	0
 1217 04a8 00       		.byte	0
 1218 04a9 00       		.byte	0
 1219 04aa 00       		.byte	0
 1220 04ab 00       		.byte	0
 1221 04ac 00       		.byte	0
 1222 04ad 00       		.byte	0
 1223 04ae 00       		.byte	0
 1224 04af 00       		.byte	0
 1225 04b0 00       		.byte	0
 1226 04b1 00       		.byte	0
 1227 04b2 02       		.byte	2
 1228 04b3 00       		.byte	0
 1229 04b4 00       		.byte	0
 1230 04b5 03       		.byte	3
 1231 04b6 03       		.byte	3
 1232 04b7 00       		.byte	0
 1233 04b8 00       		.byte	0
 1234 04b9 00       		.byte	0
 1235 04ba 00       		.byte	0
 1236 04bb 00       		.byte	0
 1237 04bc 02       		.byte	2
 1238 04bd 31       		.byte	49
 1239 04be 31       		.byte	49
 1240 04bf 00       		.byte	0
 1241 04c0 00       		.byte	0
 1242 04c1 00       		.byte	0
 1243 04c2 00       		.byte	0
 1244 04c3 00       		.byte	0
 1245 04c4 40       		.byte	64
 1246 04c5 B8       		.byte	-72
 1247 04c6 B8       		.byte	-72
 1248 04c7 00       		.byte	0
 1249 04c8 30       		.byte	48
 1250 04c9 00       		.byte	0
 1251 04ca 02       		.byte	2
 1252 04cb 00       		.byte	0
 1253 04cc 0D       		.byte	13
 1254 04cd 00       		.byte	0
ARM GAS  C:\Users\bk\AppData\Local\Temp\ccJqpiib.s 			page 23


 1255 04ce 18       		.byte	24
 1256 04cf 01       		.byte	1
 1257              		.global	cy_meta_custnvl
 1258              		.section	.cycustnvl,"a",%progbits
 1259              		.align	2
 1260              		.type	cy_meta_custnvl, %object
 1261              		.size	cy_meta_custnvl, 4
 1262              	cy_meta_custnvl:
 1263 0000 00       		.byte	0
 1264 0001 00       		.byte	0
 1265 0002 40       		.byte	64
 1266 0003 05       		.byte	5
 1267              		.global	cy_meta_wonvl
 1268              		.section	.cywolatch,"a",%progbits
 1269              		.align	2
 1270              		.type	cy_meta_wonvl, %object
 1271              		.size	cy_meta_wonvl, 4
 1272              	cy_meta_wonvl:
 1273 0000 BC       		.byte	-68
 1274 0001 90       		.byte	-112
 1275 0002 AC       		.byte	-84
 1276 0003 AF       		.byte	-81
 1277              		.global	cy_meta_flashprotect
 1278              		.section	.cyflashprotect,"a",%progbits
 1279              		.align	2
 1280              		.type	cy_meta_flashprotect, %object
 1281              		.size	cy_meta_flashprotect, 256
 1282              	cy_meta_flashprotect:
 1283 0000 00000000 		.space	256
 1283      00000000 
 1283      00000000 
 1283      00000000 
 1283      00000000 
 1284              		.global	cy_metadata
 1285              		.section	.cymeta,"a",%progbits
 1286              		.align	2
 1287              		.type	cy_metadata, %object
 1288              		.size	cy_metadata, 12
 1289              	cy_metadata:
 1290 0000 00       		.byte	0
 1291 0001 01       		.byte	1
 1292 0002 2E       		.byte	46
 1293 0003 16       		.byte	22
 1294 0004 10       		.byte	16
 1295 0005 69       		.byte	105
 1296 0006 00       		.byte	0
 1297 0007 01       		.byte	1
 1298 0008 00       		.byte	0
 1299 0009 00       		.byte	0
 1300 000a 00       		.byte	0
 1301 000b 00       		.byte	0
 1302              		.text
 1303              	.Letext0:
 1304              		.file 1 "c:\\program files (x86)\\cypress\\psoc creator\\4.2\\psoc creator\\import\\gnu\\arm\\5.4.
 1305              		.file 2 "c:\\program files (x86)\\cypress\\psoc creator\\4.2\\psoc creator\\import\\gnu\\arm\\5.4.
 1306              		.file 3 "Generated_Source\\PSoC5\\cymetadata.c"
 1307              		.section	.debug_info,"",%progbits
ARM GAS  C:\Users\bk\AppData\Local\Temp\ccJqpiib.s 			page 24


 1308              	.Ldebug_info0:
 1309 0000 32010000 		.4byte	0x132
 1310 0004 0400     		.2byte	0x4
 1311 0006 00000000 		.4byte	.Ldebug_abbrev0
 1312 000a 04       		.byte	0x4
 1313 000b 01       		.uleb128 0x1
 1314 000c 0A000000 		.4byte	.LASF17
 1315 0010 0C       		.byte	0xc
 1316 0011 C7010000 		.4byte	.LASF18
 1317 0015 A4000000 		.4byte	.LASF19
 1318 0019 00000000 		.4byte	.Ldebug_line0
 1319 001d 02       		.uleb128 0x2
 1320 001e 01       		.byte	0x1
 1321 001f 06       		.byte	0x6
 1322 0020 BB010000 		.4byte	.LASF0
 1323 0024 03       		.uleb128 0x3
 1324 0025 00000000 		.4byte	.LASF9
 1325 0029 01       		.byte	0x1
 1326 002a 1D       		.byte	0x1d
 1327 002b 2F000000 		.4byte	0x2f
 1328 002f 02       		.uleb128 0x2
 1329 0030 01       		.byte	0x1
 1330 0031 08       		.byte	0x8
 1331 0032 ED000000 		.4byte	.LASF1
 1332 0036 02       		.uleb128 0x2
 1333 0037 02       		.byte	0x2
 1334 0038 05       		.byte	0x5
 1335 0039 A8010000 		.4byte	.LASF2
 1336 003d 02       		.uleb128 0x2
 1337 003e 02       		.byte	0x2
 1338 003f 07       		.byte	0x7
 1339 0040 0D010000 		.4byte	.LASF3
 1340 0044 02       		.uleb128 0x2
 1341 0045 04       		.byte	0x4
 1342 0046 05       		.byte	0x5
 1343 0047 B2010000 		.4byte	.LASF4
 1344 004b 02       		.uleb128 0x2
 1345 004c 04       		.byte	0x4
 1346 004d 07       		.byte	0x7
 1347 004e FB000000 		.4byte	.LASF5
 1348 0052 02       		.uleb128 0x2
 1349 0053 08       		.byte	0x8
 1350 0054 05       		.byte	0x5
 1351 0055 9A010000 		.4byte	.LASF6
 1352 0059 02       		.uleb128 0x2
 1353 005a 08       		.byte	0x8
 1354 005b 07       		.byte	0x7
 1355 005c 4F010000 		.4byte	.LASF7
 1356 0060 04       		.uleb128 0x4
 1357 0061 04       		.byte	0x4
 1358 0062 05       		.byte	0x5
 1359 0063 696E7400 		.ascii	"int\000"
 1360 0067 02       		.uleb128 0x2
 1361 0068 04       		.byte	0x4
 1362 0069 07       		.byte	0x7
 1363 006a 42010000 		.4byte	.LASF8
 1364 006e 03       		.uleb128 0x3
ARM GAS  C:\Users\bk\AppData\Local\Temp\ccJqpiib.s 			page 25


 1365 006f 66010000 		.4byte	.LASF10
 1366 0073 02       		.byte	0x2
 1367 0074 18       		.byte	0x18
 1368 0075 24000000 		.4byte	0x24
 1369 0079 05       		.uleb128 0x5
 1370 007a 91000000 		.4byte	0x91
 1371 007e 8A000000 		.4byte	0x8a
 1372 0082 06       		.uleb128 0x6
 1373 0083 8A000000 		.4byte	0x8a
 1374 0087 CF04     		.2byte	0x4cf
 1375 0089 00       		.byte	0
 1376 008a 02       		.uleb128 0x2
 1377 008b 04       		.byte	0x4
 1378 008c 07       		.byte	0x7
 1379 008d 91010000 		.4byte	.LASF11
 1380 0091 07       		.uleb128 0x7
 1381 0092 6E000000 		.4byte	0x6e
 1382 0096 08       		.uleb128 0x8
 1383 0097 30010000 		.4byte	.LASF12
 1384 009b 03       		.byte	0x3
 1385 009c 1F       		.byte	0x1f
 1386 009d A7000000 		.4byte	0xa7
 1387 00a1 05       		.uleb128 0x5
 1388 00a2 03       		.byte	0x3
 1389 00a3 00000000 		.4byte	cy_meta_configecc
 1390 00a7 07       		.uleb128 0x7
 1391 00a8 79000000 		.4byte	0x79
 1392 00ac 05       		.uleb128 0x5
 1393 00ad 91000000 		.4byte	0x91
 1394 00b1 BC000000 		.4byte	0xbc
 1395 00b5 09       		.uleb128 0x9
 1396 00b6 8A000000 		.4byte	0x8a
 1397 00ba 03       		.byte	0x3
 1398 00bb 00       		.byte	0
 1399 00bc 08       		.uleb128 0x8
 1400 00bd 20010000 		.4byte	.LASF13
 1401 00c1 03       		.byte	0x3
 1402 00c2 C6       		.byte	0xc6
 1403 00c3 CD000000 		.4byte	0xcd
 1404 00c7 05       		.uleb128 0x5
 1405 00c8 03       		.byte	0x3
 1406 00c9 00000000 		.4byte	cy_meta_custnvl
 1407 00cd 07       		.uleb128 0x7
 1408 00ce AC000000 		.4byte	0xac
 1409 00d2 08       		.uleb128 0x8
 1410 00d3 83010000 		.4byte	.LASF14
 1411 00d7 03       		.byte	0x3
 1412 00d8 D4       		.byte	0xd4
 1413 00d9 E3000000 		.4byte	0xe3
 1414 00dd 05       		.uleb128 0x5
 1415 00de 03       		.byte	0x3
 1416 00df 00000000 		.4byte	cy_meta_wonvl
 1417 00e3 07       		.uleb128 0x7
 1418 00e4 AC000000 		.4byte	0xac
 1419 00e8 05       		.uleb128 0x5
 1420 00e9 91000000 		.4byte	0x91
 1421 00ed F8000000 		.4byte	0xf8
ARM GAS  C:\Users\bk\AppData\Local\Temp\ccJqpiib.s 			page 26


 1422 00f1 09       		.uleb128 0x9
 1423 00f2 8A000000 		.4byte	0x8a
 1424 00f6 FF       		.byte	0xff
 1425 00f7 00       		.byte	0
 1426 00f8 08       		.uleb128 0x8
 1427 00f9 6E010000 		.4byte	.LASF15
 1428 00fd 03       		.byte	0x3
 1429 00fe E2       		.byte	0xe2
 1430 00ff 09010000 		.4byte	0x109
 1431 0103 05       		.uleb128 0x5
 1432 0104 03       		.byte	0x3
 1433 0105 00000000 		.4byte	cy_meta_flashprotect
 1434 0109 07       		.uleb128 0x7
 1435 010a E8000000 		.4byte	0xe8
 1436 010e 05       		.uleb128 0x5
 1437 010f 91000000 		.4byte	0x91
 1438 0113 1E010000 		.4byte	0x11e
 1439 0117 09       		.uleb128 0x9
 1440 0118 8A000000 		.4byte	0x8a
 1441 011c 0B       		.byte	0xb
 1442 011d 00       		.byte	0
 1443 011e 0A       		.uleb128 0xa
 1444 011f 98000000 		.4byte	.LASF16
 1445 0123 03       		.byte	0x3
 1446 0124 0F01     		.2byte	0x10f
 1447 0126 30010000 		.4byte	0x130
 1448 012a 05       		.uleb128 0x5
 1449 012b 03       		.byte	0x3
 1450 012c 00000000 		.4byte	cy_metadata
 1451 0130 07       		.uleb128 0x7
 1452 0131 0E010000 		.4byte	0x10e
 1453 0135 00       		.byte	0
 1454              		.section	.debug_abbrev,"",%progbits
 1455              	.Ldebug_abbrev0:
 1456 0000 01       		.uleb128 0x1
 1457 0001 11       		.uleb128 0x11
 1458 0002 01       		.byte	0x1
 1459 0003 25       		.uleb128 0x25
 1460 0004 0E       		.uleb128 0xe
 1461 0005 13       		.uleb128 0x13
 1462 0006 0B       		.uleb128 0xb
 1463 0007 03       		.uleb128 0x3
 1464 0008 0E       		.uleb128 0xe
 1465 0009 1B       		.uleb128 0x1b
 1466 000a 0E       		.uleb128 0xe
 1467 000b 10       		.uleb128 0x10
 1468 000c 17       		.uleb128 0x17
 1469 000d 00       		.byte	0
 1470 000e 00       		.byte	0
 1471 000f 02       		.uleb128 0x2
 1472 0010 24       		.uleb128 0x24
 1473 0011 00       		.byte	0
 1474 0012 0B       		.uleb128 0xb
 1475 0013 0B       		.uleb128 0xb
 1476 0014 3E       		.uleb128 0x3e
 1477 0015 0B       		.uleb128 0xb
 1478 0016 03       		.uleb128 0x3
ARM GAS  C:\Users\bk\AppData\Local\Temp\ccJqpiib.s 			page 27


 1479 0017 0E       		.uleb128 0xe
 1480 0018 00       		.byte	0
 1481 0019 00       		.byte	0
 1482 001a 03       		.uleb128 0x3
 1483 001b 16       		.uleb128 0x16
 1484 001c 00       		.byte	0
 1485 001d 03       		.uleb128 0x3
 1486 001e 0E       		.uleb128 0xe
 1487 001f 3A       		.uleb128 0x3a
 1488 0020 0B       		.uleb128 0xb
 1489 0021 3B       		.uleb128 0x3b
 1490 0022 0B       		.uleb128 0xb
 1491 0023 49       		.uleb128 0x49
 1492 0024 13       		.uleb128 0x13
 1493 0025 00       		.byte	0
 1494 0026 00       		.byte	0
 1495 0027 04       		.uleb128 0x4
 1496 0028 24       		.uleb128 0x24
 1497 0029 00       		.byte	0
 1498 002a 0B       		.uleb128 0xb
 1499 002b 0B       		.uleb128 0xb
 1500 002c 3E       		.uleb128 0x3e
 1501 002d 0B       		.uleb128 0xb
 1502 002e 03       		.uleb128 0x3
 1503 002f 08       		.uleb128 0x8
 1504 0030 00       		.byte	0
 1505 0031 00       		.byte	0
 1506 0032 05       		.uleb128 0x5
 1507 0033 01       		.uleb128 0x1
 1508 0034 01       		.byte	0x1
 1509 0035 49       		.uleb128 0x49
 1510 0036 13       		.uleb128 0x13
 1511 0037 01       		.uleb128 0x1
 1512 0038 13       		.uleb128 0x13
 1513 0039 00       		.byte	0
 1514 003a 00       		.byte	0
 1515 003b 06       		.uleb128 0x6
 1516 003c 21       		.uleb128 0x21
 1517 003d 00       		.byte	0
 1518 003e 49       		.uleb128 0x49
 1519 003f 13       		.uleb128 0x13
 1520 0040 2F       		.uleb128 0x2f
 1521 0041 05       		.uleb128 0x5
 1522 0042 00       		.byte	0
 1523 0043 00       		.byte	0
 1524 0044 07       		.uleb128 0x7
 1525 0045 26       		.uleb128 0x26
 1526 0046 00       		.byte	0
 1527 0047 49       		.uleb128 0x49
 1528 0048 13       		.uleb128 0x13
 1529 0049 00       		.byte	0
 1530 004a 00       		.byte	0
 1531 004b 08       		.uleb128 0x8
 1532 004c 34       		.uleb128 0x34
 1533 004d 00       		.byte	0
 1534 004e 03       		.uleb128 0x3
 1535 004f 0E       		.uleb128 0xe
ARM GAS  C:\Users\bk\AppData\Local\Temp\ccJqpiib.s 			page 28


 1536 0050 3A       		.uleb128 0x3a
 1537 0051 0B       		.uleb128 0xb
 1538 0052 3B       		.uleb128 0x3b
 1539 0053 0B       		.uleb128 0xb
 1540 0054 49       		.uleb128 0x49
 1541 0055 13       		.uleb128 0x13
 1542 0056 3F       		.uleb128 0x3f
 1543 0057 19       		.uleb128 0x19
 1544 0058 02       		.uleb128 0x2
 1545 0059 18       		.uleb128 0x18
 1546 005a 00       		.byte	0
 1547 005b 00       		.byte	0
 1548 005c 09       		.uleb128 0x9
 1549 005d 21       		.uleb128 0x21
 1550 005e 00       		.byte	0
 1551 005f 49       		.uleb128 0x49
 1552 0060 13       		.uleb128 0x13
 1553 0061 2F       		.uleb128 0x2f
 1554 0062 0B       		.uleb128 0xb
 1555 0063 00       		.byte	0
 1556 0064 00       		.byte	0
 1557 0065 0A       		.uleb128 0xa
 1558 0066 34       		.uleb128 0x34
 1559 0067 00       		.byte	0
 1560 0068 03       		.uleb128 0x3
 1561 0069 0E       		.uleb128 0xe
 1562 006a 3A       		.uleb128 0x3a
 1563 006b 0B       		.uleb128 0xb
 1564 006c 3B       		.uleb128 0x3b
 1565 006d 05       		.uleb128 0x5
 1566 006e 49       		.uleb128 0x49
 1567 006f 13       		.uleb128 0x13
 1568 0070 3F       		.uleb128 0x3f
 1569 0071 19       		.uleb128 0x19
 1570 0072 02       		.uleb128 0x2
 1571 0073 18       		.uleb128 0x18
 1572 0074 00       		.byte	0
 1573 0075 00       		.byte	0
 1574 0076 00       		.byte	0
 1575              		.section	.debug_aranges,"",%progbits
 1576 0000 14000000 		.4byte	0x14
 1577 0004 0200     		.2byte	0x2
 1578 0006 00000000 		.4byte	.Ldebug_info0
 1579 000a 04       		.byte	0x4
 1580 000b 00       		.byte	0
 1581 000c 0000     		.2byte	0
 1582 000e 0000     		.2byte	0
 1583 0010 00000000 		.4byte	0
 1584 0014 00000000 		.4byte	0
 1585              		.section	.debug_line,"",%progbits
 1586              	.Ldebug_line0:
 1587 0000 3D010000 		.section	.debug_str,"MS",%progbits,1
 1587      02003701 
 1587      00000201 
 1587      FB0E0D00 
 1587      01010101 
 1588              	.LASF9:
ARM GAS  C:\Users\bk\AppData\Local\Temp\ccJqpiib.s 			page 29


 1589 0000 5F5F7569 		.ascii	"__uint8_t\000"
 1589      6E74385F 
 1589      7400
 1590              	.LASF17:
 1591 000a 474E5520 		.ascii	"GNU C11 5.4.1 20160609 (release) [ARM/embedded-5-br"
 1591      43313120 
 1591      352E342E 
 1591      31203230 
 1591      31363036 
 1592 003d 616E6368 		.ascii	"anch revision 237715] -mcpu=cortex-m3 -mthumb -g -O"
 1592      20726576 
 1592      6973696F 
 1592      6E203233 
 1592      37373135 
 1593 0070 30202D66 		.ascii	"0 -ffunction-sections -ffat-lto-objects\000"
 1593      66756E63 
 1593      74696F6E 
 1593      2D736563 
 1593      74696F6E 
 1594              	.LASF16:
 1595 0098 63795F6D 		.ascii	"cy_metadata\000"
 1595      65746164 
 1595      61746100 
 1596              	.LASF19:
 1597 00a4 433A5C55 		.ascii	"C:\\Users\\bk\\Documents\\GitHub\\Open Storm\\notor"
 1597      73657273 
 1597      5C626B5C 
 1597      446F6375 
 1597      6D656E74 
 1598 00d1 694F535C 		.ascii	"iOS\\notoriOS\\notoriOS.cydsn\000"
 1598      6E6F746F 
 1598      72694F53 
 1598      5C6E6F74 
 1598      6F72694F 
 1599              	.LASF1:
 1600 00ed 756E7369 		.ascii	"unsigned char\000"
 1600      676E6564 
 1600      20636861 
 1600      7200
 1601              	.LASF5:
 1602 00fb 6C6F6E67 		.ascii	"long unsigned int\000"
 1602      20756E73 
 1602      69676E65 
 1602      6420696E 
 1602      7400
 1603              	.LASF3:
 1604 010d 73686F72 		.ascii	"short unsigned int\000"
 1604      7420756E 
 1604      7369676E 
 1604      65642069 
 1604      6E7400
 1605              	.LASF13:
 1606 0120 63795F6D 		.ascii	"cy_meta_custnvl\000"
 1606      6574615F 
 1606      63757374 
 1606      6E766C00 
 1607              	.LASF12:
ARM GAS  C:\Users\bk\AppData\Local\Temp\ccJqpiib.s 			page 30


 1608 0130 63795F6D 		.ascii	"cy_meta_configecc\000"
 1608      6574615F 
 1608      636F6E66 
 1608      69676563 
 1608      6300
 1609              	.LASF8:
 1610 0142 756E7369 		.ascii	"unsigned int\000"
 1610      676E6564 
 1610      20696E74 
 1610      00
 1611              	.LASF7:
 1612 014f 6C6F6E67 		.ascii	"long long unsigned int\000"
 1612      206C6F6E 
 1612      6720756E 
 1612      7369676E 
 1612      65642069 
 1613              	.LASF10:
 1614 0166 75696E74 		.ascii	"uint8_t\000"
 1614      385F7400 
 1615              	.LASF15:
 1616 016e 63795F6D 		.ascii	"cy_meta_flashprotect\000"
 1616      6574615F 
 1616      666C6173 
 1616      6870726F 
 1616      74656374 
 1617              	.LASF14:
 1618 0183 63795F6D 		.ascii	"cy_meta_wonvl\000"
 1618      6574615F 
 1618      776F6E76 
 1618      6C00
 1619              	.LASF11:
 1620 0191 73697A65 		.ascii	"sizetype\000"
 1620      74797065 
 1620      00
 1621              	.LASF6:
 1622 019a 6C6F6E67 		.ascii	"long long int\000"
 1622      206C6F6E 
 1622      6720696E 
 1622      7400
 1623              	.LASF2:
 1624 01a8 73686F72 		.ascii	"short int\000"
 1624      7420696E 
 1624      7400
 1625              	.LASF4:
 1626 01b2 6C6F6E67 		.ascii	"long int\000"
 1626      20696E74 
 1626      00
 1627              	.LASF0:
 1628 01bb 7369676E 		.ascii	"signed char\000"
 1628      65642063 
 1628      68617200 
 1629              	.LASF18:
 1630 01c7 47656E65 		.ascii	"Generated_Source\\PSoC5\\cymetadata.c\000"
 1630      72617465 
 1630      645F536F 
 1630      75726365 
 1630      5C50536F 
ARM GAS  C:\Users\bk\AppData\Local\Temp\ccJqpiib.s 			page 31


 1631              		.ident	"GCC: (GNU Tools for ARM Embedded Processors) 5.4.1 20160609 (release) [ARM/embedded-5-bran
