<<<<<<< HEAD
ARM GAS  C:\Users\bk\AppData\Local\Temp\ccRHC0D6.s 			page 1
=======
ARM GAS  C:\Users\bk\AppData\Local\Temp\ccolFIQv.s 			page 1
>>>>>>> parent of bb45d96... Sleep power downt to 20uA


   1              		.syntax unified
   2              		.cpu cortex-m3
   3              		.fpu softvfp
   4              		.eabi_attribute 20, 1
   5              		.eabi_attribute 21, 1
   6              		.eabi_attribute 23, 3
   7              		.eabi_attribute 24, 1
   8              		.eabi_attribute 25, 1
   9              		.eabi_attribute 26, 1
  10              		.eabi_attribute 30, 6
  11              		.eabi_attribute 34, 1
  12              		.eabi_attribute 18, 4
  13              		.thumb
  14              		.syntax unified
  15              		.file	"cyutils.c"
  16              		.text
  17              	.Ltext0:
  18              		.cfi_sections	.debug_frame
  19              		.section	.text.CySetReg24,"ax",%progbits
  20              		.align	2
  21              		.global	CySetReg24
  22              		.thumb
  23              		.thumb_func
  24              		.type	CySetReg24, %function
  25              	CySetReg24:
  26              	.LFB0:
  27              		.file 1 "Generated_Source\\PSoC5\\cyutils.c"
   1:Generated_Source\PSoC5/cyutils.c **** /***************************************************************************//**
   2:Generated_Source\PSoC5/cyutils.c **** * \file cyutils.c
   3:Generated_Source\PSoC5/cyutils.c **** * \version 5.70
   4:Generated_Source\PSoC5/cyutils.c **** *
   5:Generated_Source\PSoC5/cyutils.c **** * \brief Provides a function to handle 24-bit value writes.
   6:Generated_Source\PSoC5/cyutils.c **** *
   7:Generated_Source\PSoC5/cyutils.c **** ********************************************************************************
   8:Generated_Source\PSoC5/cyutils.c **** * \copyright
   9:Generated_Source\PSoC5/cyutils.c **** * Copyright 2008-2018, Cypress Semiconductor Corporation.  All rights reserved.
  10:Generated_Source\PSoC5/cyutils.c **** * You may use this file only in accordance with the license, terms, conditions,
  11:Generated_Source\PSoC5/cyutils.c **** * disclaimers, and limitations in the end user license agreement accompanying
  12:Generated_Source\PSoC5/cyutils.c **** * the software package with which this file was provided.
  13:Generated_Source\PSoC5/cyutils.c **** *******************************************************************************/
  14:Generated_Source\PSoC5/cyutils.c **** 
  15:Generated_Source\PSoC5/cyutils.c **** #include "cytypes.h"
  16:Generated_Source\PSoC5/cyutils.c **** 
  17:Generated_Source\PSoC5/cyutils.c **** #if (!CY_PSOC3)
  18:Generated_Source\PSoC5/cyutils.c **** 
  19:Generated_Source\PSoC5/cyutils.c ****     /***************************************************************************
  20:Generated_Source\PSoC5/cyutils.c ****     * Function Name: CySetReg24
  21:Generated_Source\PSoC5/cyutils.c ****     ************************************************************************//**
  22:Generated_Source\PSoC5/cyutils.c ****     *
  23:Generated_Source\PSoC5/cyutils.c ****     * Writes a 24-bit value to the specified register.
  24:Generated_Source\PSoC5/cyutils.c ****     *
  25:Generated_Source\PSoC5/cyutils.c ****     * \param add The address where data must be written.
  26:Generated_Source\PSoC5/cyutils.c ****     * \param value The data that must be written.
  27:Generated_Source\PSoC5/cyutils.c ****     *
  28:Generated_Source\PSoC5/cyutils.c ****     * Reentrant:
  29:Generated_Source\PSoC5/cyutils.c ****     *  No
  30:Generated_Source\PSoC5/cyutils.c ****     *
<<<<<<< HEAD
ARM GAS  C:\Users\bk\AppData\Local\Temp\ccRHC0D6.s 			page 2
=======
ARM GAS  C:\Users\bk\AppData\Local\Temp\ccolFIQv.s 			page 2
>>>>>>> parent of bb45d96... Sleep power downt to 20uA


  31:Generated_Source\PSoC5/cyutils.c ****     ***************************************************************************/
  32:Generated_Source\PSoC5/cyutils.c ****     void CySetReg24(uint32 volatile * addr, uint32 value)
  33:Generated_Source\PSoC5/cyutils.c ****     {
  28              		.loc 1 33 0
  29              		.cfi_startproc
  30              		@ args = 0, pretend = 0, frame = 16
  31              		@ frame_needed = 1, uses_anonymous_args = 0
  32              		@ link register save eliminated.
  33 0000 80B4     		push	{r7}
  34              		.cfi_def_cfa_offset 4
  35              		.cfi_offset 7, -4
  36 0002 85B0     		sub	sp, sp, #20
  37              		.cfi_def_cfa_offset 24
  38 0004 00AF     		add	r7, sp, #0
  39              		.cfi_def_cfa_register 7
  40 0006 7860     		str	r0, [r7, #4]
  41 0008 3960     		str	r1, [r7]
  34:Generated_Source\PSoC5/cyutils.c ****         uint8 volatile *tmpAddr;
  35:Generated_Source\PSoC5/cyutils.c **** 
  36:Generated_Source\PSoC5/cyutils.c ****         tmpAddr = (uint8 volatile *) addr;
  42              		.loc 1 36 0
  43 000a 7B68     		ldr	r3, [r7, #4]
  44 000c FB60     		str	r3, [r7, #12]
  37:Generated_Source\PSoC5/cyutils.c **** 
  38:Generated_Source\PSoC5/cyutils.c ****         tmpAddr[0u] = (uint8) value;
  45              		.loc 1 38 0
  46 000e 3B68     		ldr	r3, [r7]
  47 0010 DAB2     		uxtb	r2, r3
  48 0012 FB68     		ldr	r3, [r7, #12]
  49 0014 1A70     		strb	r2, [r3]
  39:Generated_Source\PSoC5/cyutils.c ****         tmpAddr[1u] = (uint8) (value >> 8u);
  50              		.loc 1 39 0
  51 0016 FB68     		ldr	r3, [r7, #12]
  52 0018 0133     		adds	r3, r3, #1
  53 001a 3A68     		ldr	r2, [r7]
  54 001c 120A     		lsrs	r2, r2, #8
  55 001e D2B2     		uxtb	r2, r2
  56 0020 1A70     		strb	r2, [r3]
  40:Generated_Source\PSoC5/cyutils.c ****         tmpAddr[2u] = (uint8) (value >> 16u);
<<<<<<< HEAD
  57              		.loc 1 40 0
  58 0022 FB68     		ldr	r3, [r7, #12]
  59 0024 0233     		adds	r3, r3, #2
  60 0026 3A68     		ldr	r2, [r7]
  61 0028 120C     		lsrs	r2, r2, #16
  62 002a D2B2     		uxtb	r2, r2
  63 002c 1A70     		strb	r2, [r3]
  41:Generated_Source\PSoC5/cyutils.c ****     }
  64              		.loc 1 41 0
  65 002e 00BF     		nop
  66 0030 1437     		adds	r7, r7, #20
  67              		.cfi_def_cfa_offset 4
  68 0032 BD46     		mov	sp, r7
  69              		.cfi_def_cfa_register 13
  70              		@ sp needed
  71 0034 80BC     		pop	{r7}
  72              		.cfi_restore 7
  73              		.cfi_def_cfa_offset 0
ARM GAS  C:\Users\bk\AppData\Local\Temp\ccRHC0D6.s 			page 3


  74 0036 7047     		bx	lr
  75              		.cfi_endproc
  76              	.LFE0:
  77              		.size	CySetReg24, .-CySetReg24
  78              		.text
  79              	.Letext0:
  80              		.file 2 "Generated_Source\\PSoC5\\cytypes.h"
  81              		.section	.debug_info,"",%progbits
  82              	.Ldebug_info0:
  83 0000 EB000000 		.4byte	0xeb
  84 0004 0400     		.2byte	0x4
  85 0006 00000000 		.4byte	.Ldebug_abbrev0
  86 000a 04       		.byte	0x4
  87 000b 01       		.uleb128 0x1
  88 000c 00000000 		.4byte	.LASF16
  89 0010 0C       		.byte	0xc
  90 0011 2E010000 		.4byte	.LASF17
  91 0015 AA000000 		.4byte	.LASF18
  92 0019 00000000 		.4byte	.Ldebug_ranges0+0
  93 001d 00000000 		.4byte	0
  94 0021 00000000 		.4byte	.Ldebug_line0
  95 0025 02       		.uleb128 0x2
  96 0026 01       		.byte	0x1
  97 0027 06       		.byte	0x6
  98 0028 AD010000 		.4byte	.LASF0
  99 002c 02       		.uleb128 0x2
 100 002d 01       		.byte	0x1
 101 002e 08       		.byte	0x8
 102 002f F3000000 		.4byte	.LASF1
 103 0033 02       		.uleb128 0x2
 104 0034 02       		.byte	0x2
 105 0035 05       		.byte	0x5
 106 0036 94010000 		.4byte	.LASF2
 107 003a 02       		.uleb128 0x2
 108 003b 02       		.byte	0x2
 109 003c 07       		.byte	0x7
 110 003d 1B010000 		.4byte	.LASF3
 111 0041 02       		.uleb128 0x2
 112 0042 04       		.byte	0x4
 113 0043 05       		.byte	0x5
 114 0044 A4010000 		.4byte	.LASF4
 115 0048 02       		.uleb128 0x2
 116 0049 04       		.byte	0x4
 117 004a 07       		.byte	0x7
 118 004b 09010000 		.4byte	.LASF5
 119 004f 02       		.uleb128 0x2
 120 0050 08       		.byte	0x8
 121 0051 05       		.byte	0x5
 122 0052 81010000 		.4byte	.LASF6
 123 0056 02       		.uleb128 0x2
 124 0057 08       		.byte	0x8
 125 0058 07       		.byte	0x7
 126 0059 6A010000 		.4byte	.LASF7
 127 005d 03       		.uleb128 0x3
 128 005e 04       		.byte	0x4
 129 005f 05       		.byte	0x5
 130 0060 696E7400 		.ascii	"int\000"
ARM GAS  C:\Users\bk\AppData\Local\Temp\ccRHC0D6.s 			page 4


 131 0064 02       		.uleb128 0x2
 132 0065 04       		.byte	0x4
 133 0066 07       		.byte	0x7
 134 0067 5D010000 		.4byte	.LASF8
 135 006b 04       		.uleb128 0x4
 136 006c 9E010000 		.4byte	.LASF9
 137 0070 02       		.byte	0x2
 138 0071 E401     		.2byte	0x1e4
 139 0073 2C000000 		.4byte	0x2c
 140 0077 04       		.uleb128 0x4
 141 0078 56010000 		.4byte	.LASF10
 142 007c 02       		.byte	0x2
 143 007d E601     		.2byte	0x1e6
 144 007f 48000000 		.4byte	0x48
 145 0083 02       		.uleb128 0x2
 146 0084 04       		.byte	0x4
 147 0085 04       		.byte	0x4
 148 0086 A4000000 		.4byte	.LASF11
 149 008a 02       		.uleb128 0x2
 150 008b 08       		.byte	0x8
 151 008c 04       		.byte	0x4
 152 008d 4F010000 		.4byte	.LASF12
 153 0091 02       		.uleb128 0x2
 154 0092 01       		.byte	0x1
 155 0093 08       		.byte	0x8
 156 0094 8F010000 		.4byte	.LASF13
 157 0098 05       		.uleb128 0x5
 158 0099 6B000000 		.4byte	0x6b
 159 009d 05       		.uleb128 0x5
 160 009e 77000000 		.4byte	0x77
 161 00a2 06       		.uleb128 0x6
 162 00a3 94000000 		.4byte	.LASF19
 163 00a7 01       		.byte	0x1
 164 00a8 20       		.byte	0x20
 165 00a9 00000000 		.4byte	.LFB0
 166 00ad 38000000 		.4byte	.LFE0-.LFB0
 167 00b1 01       		.uleb128 0x1
 168 00b2 9C       		.byte	0x9c
 169 00b3 E2000000 		.4byte	0xe2
 170 00b7 07       		.uleb128 0x7
 171 00b8 9F000000 		.4byte	.LASF14
 172 00bc 01       		.byte	0x1
 173 00bd 20       		.byte	0x20
 174 00be E2000000 		.4byte	0xe2
 175 00c2 02       		.uleb128 0x2
 176 00c3 91       		.byte	0x91
 177 00c4 6C       		.sleb128 -20
 178 00c5 07       		.uleb128 0x7
 179 00c6 8E000000 		.4byte	.LASF15
 180 00ca 01       		.byte	0x1
 181 00cb 20       		.byte	0x20
 182 00cc 77000000 		.4byte	0x77
 183 00d0 02       		.uleb128 0x2
 184 00d1 91       		.byte	0x91
 185 00d2 68       		.sleb128 -24
 186 00d3 08       		.uleb128 0x8
 187 00d4 01010000 		.4byte	.LASF20
ARM GAS  C:\Users\bk\AppData\Local\Temp\ccRHC0D6.s 			page 5


 188 00d8 01       		.byte	0x1
 189 00d9 22       		.byte	0x22
 190 00da E8000000 		.4byte	0xe8
 191 00de 02       		.uleb128 0x2
 192 00df 91       		.byte	0x91
 193 00e0 74       		.sleb128 -12
 194 00e1 00       		.byte	0
 195 00e2 09       		.uleb128 0x9
 196 00e3 04       		.byte	0x4
 197 00e4 9D000000 		.4byte	0x9d
 198 00e8 09       		.uleb128 0x9
 199 00e9 04       		.byte	0x4
 200 00ea 98000000 		.4byte	0x98
 201 00ee 00       		.byte	0
 202              		.section	.debug_abbrev,"",%progbits
 203              	.Ldebug_abbrev0:
 204 0000 01       		.uleb128 0x1
 205 0001 11       		.uleb128 0x11
 206 0002 01       		.byte	0x1
 207 0003 25       		.uleb128 0x25
 208 0004 0E       		.uleb128 0xe
 209 0005 13       		.uleb128 0x13
 210 0006 0B       		.uleb128 0xb
 211 0007 03       		.uleb128 0x3
 212 0008 0E       		.uleb128 0xe
 213 0009 1B       		.uleb128 0x1b
 214 000a 0E       		.uleb128 0xe
 215 000b 55       		.uleb128 0x55
 216 000c 17       		.uleb128 0x17
 217 000d 11       		.uleb128 0x11
 218 000e 01       		.uleb128 0x1
 219 000f 10       		.uleb128 0x10
 220 0010 17       		.uleb128 0x17
 221 0011 00       		.byte	0
 222 0012 00       		.byte	0
 223 0013 02       		.uleb128 0x2
 224 0014 24       		.uleb128 0x24
 225 0015 00       		.byte	0
 226 0016 0B       		.uleb128 0xb
 227 0017 0B       		.uleb128 0xb
 228 0018 3E       		.uleb128 0x3e
 229 0019 0B       		.uleb128 0xb
 230 001a 03       		.uleb128 0x3
 231 001b 0E       		.uleb128 0xe
 232 001c 00       		.byte	0
 233 001d 00       		.byte	0
 234 001e 03       		.uleb128 0x3
 235 001f 24       		.uleb128 0x24
 236 0020 00       		.byte	0
 237 0021 0B       		.uleb128 0xb
 238 0022 0B       		.uleb128 0xb
 239 0023 3E       		.uleb128 0x3e
 240 0024 0B       		.uleb128 0xb
 241 0025 03       		.uleb128 0x3
 242 0026 08       		.uleb128 0x8
 243 0027 00       		.byte	0
 244 0028 00       		.byte	0
ARM GAS  C:\Users\bk\AppData\Local\Temp\ccRHC0D6.s 			page 6


 245 0029 04       		.uleb128 0x4
 246 002a 16       		.uleb128 0x16
 247 002b 00       		.byte	0
 248 002c 03       		.uleb128 0x3
 249 002d 0E       		.uleb128 0xe
 250 002e 3A       		.uleb128 0x3a
 251 002f 0B       		.uleb128 0xb
 252 0030 3B       		.uleb128 0x3b
 253 0031 05       		.uleb128 0x5
 254 0032 49       		.uleb128 0x49
 255 0033 13       		.uleb128 0x13
 256 0034 00       		.byte	0
 257 0035 00       		.byte	0
 258 0036 05       		.uleb128 0x5
 259 0037 35       		.uleb128 0x35
 260 0038 00       		.byte	0
 261 0039 49       		.uleb128 0x49
 262 003a 13       		.uleb128 0x13
 263 003b 00       		.byte	0
 264 003c 00       		.byte	0
 265 003d 06       		.uleb128 0x6
 266 003e 2E       		.uleb128 0x2e
 267 003f 01       		.byte	0x1
 268 0040 3F       		.uleb128 0x3f
 269 0041 19       		.uleb128 0x19
 270 0042 03       		.uleb128 0x3
 271 0043 0E       		.uleb128 0xe
 272 0044 3A       		.uleb128 0x3a
 273 0045 0B       		.uleb128 0xb
 274 0046 3B       		.uleb128 0x3b
 275 0047 0B       		.uleb128 0xb
 276 0048 27       		.uleb128 0x27
 277 0049 19       		.uleb128 0x19
 278 004a 11       		.uleb128 0x11
 279 004b 01       		.uleb128 0x1
 280 004c 12       		.uleb128 0x12
 281 004d 06       		.uleb128 0x6
 282 004e 40       		.uleb128 0x40
 283 004f 18       		.uleb128 0x18
 284 0050 9742     		.uleb128 0x2117
 285 0052 19       		.uleb128 0x19
 286 0053 01       		.uleb128 0x1
 287 0054 13       		.uleb128 0x13
 288 0055 00       		.byte	0
 289 0056 00       		.byte	0
 290 0057 07       		.uleb128 0x7
 291 0058 05       		.uleb128 0x5
 292 0059 00       		.byte	0
 293 005a 03       		.uleb128 0x3
 294 005b 0E       		.uleb128 0xe
 295 005c 3A       		.uleb128 0x3a
 296 005d 0B       		.uleb128 0xb
 297 005e 3B       		.uleb128 0x3b
 298 005f 0B       		.uleb128 0xb
 299 0060 49       		.uleb128 0x49
 300 0061 13       		.uleb128 0x13
 301 0062 02       		.uleb128 0x2
ARM GAS  C:\Users\bk\AppData\Local\Temp\ccRHC0D6.s 			page 7


 302 0063 18       		.uleb128 0x18
 303 0064 00       		.byte	0
 304 0065 00       		.byte	0
 305 0066 08       		.uleb128 0x8
 306 0067 34       		.uleb128 0x34
 307 0068 00       		.byte	0
 308 0069 03       		.uleb128 0x3
 309 006a 0E       		.uleb128 0xe
 310 006b 3A       		.uleb128 0x3a
 311 006c 0B       		.uleb128 0xb
 312 006d 3B       		.uleb128 0x3b
 313 006e 0B       		.uleb128 0xb
 314 006f 49       		.uleb128 0x49
 315 0070 13       		.uleb128 0x13
 316 0071 02       		.uleb128 0x2
 317 0072 18       		.uleb128 0x18
 318 0073 00       		.byte	0
 319 0074 00       		.byte	0
 320 0075 09       		.uleb128 0x9
 321 0076 0F       		.uleb128 0xf
 322 0077 00       		.byte	0
 323 0078 0B       		.uleb128 0xb
 324 0079 0B       		.uleb128 0xb
 325 007a 49       		.uleb128 0x49
 326 007b 13       		.uleb128 0x13
 327 007c 00       		.byte	0
 328 007d 00       		.byte	0
 329 007e 00       		.byte	0
 330              		.section	.debug_aranges,"",%progbits
 331 0000 1C000000 		.4byte	0x1c
 332 0004 0200     		.2byte	0x2
 333 0006 00000000 		.4byte	.Ldebug_info0
 334 000a 04       		.byte	0x4
 335 000b 00       		.byte	0
 336 000c 0000     		.2byte	0
 337 000e 0000     		.2byte	0
 338 0010 00000000 		.4byte	.LFB0
 339 0014 38000000 		.4byte	.LFE0-.LFB0
 340 0018 00000000 		.4byte	0
 341 001c 00000000 		.4byte	0
 342              		.section	.debug_ranges,"",%progbits
 343              	.Ldebug_ranges0:
 344 0000 00000000 		.4byte	.LFB0
 345 0004 38000000 		.4byte	.LFE0
 346 0008 00000000 		.4byte	0
 347 000c 00000000 		.4byte	0
 348              		.section	.debug_line,"",%progbits
 349              	.Ldebug_line0:
 350 0000 5E000000 		.section	.debug_str,"MS",%progbits,1
 350      02004400 
 350      00000201 
 350      FB0E0D00 
 350      01010101 
 351              	.LASF16:
 352 0000 474E5520 		.ascii	"GNU C11 5.4.1 20160609 (release) [ARM/embedded-5-br"
 352      43313120 
 352      352E342E 
ARM GAS  C:\Users\bk\AppData\Local\Temp\ccRHC0D6.s 			page 8


 352      31203230 
 352      31363036 
 353 0033 616E6368 		.ascii	"anch revision 237715] -mcpu=cortex-m3 -mthumb -g -O"
 353      20726576 
 353      6973696F 
 353      6E203233 
 353      37373135 
 354 0066 30202D66 		.ascii	"0 -ffunction-sections -ffat-lto-objects\000"
 354      66756E63 
 354      74696F6E 
 354      2D736563 
 354      74696F6E 
 355              	.LASF15:
 356 008e 76616C75 		.ascii	"value\000"
 356      6500
 357              	.LASF19:
 358 0094 43795365 		.ascii	"CySetReg24\000"
 358      74526567 
 358      323400
 359              	.LASF14:
 360 009f 61646472 		.ascii	"addr\000"
 360      00
 361              	.LASF11:
 362 00a4 666C6F61 		.ascii	"float\000"
 362      7400
 363              	.LASF18:
 364 00aa 433A5C55 		.ascii	"C:\\Users\\bk\\Documents\\GitHub\\Open Storm\\notor"
 364      73657273 
 364      5C626B5C 
 364      446F6375 
 364      6D656E74 
 365 00d7 694F535C 		.ascii	"iOS\\notoriOS\\notoriOS.cydsn\000"
 365      6E6F746F 
 365      72694F53 
 365      5C6E6F74 
 365      6F72694F 
 366              	.LASF1:
 367 00f3 756E7369 		.ascii	"unsigned char\000"
 367      676E6564 
 367      20636861 
 367      7200
 368              	.LASF20:
 369 0101 746D7041 		.ascii	"tmpAddr\000"
 369      64647200 
 370              	.LASF5:
 371 0109 6C6F6E67 		.ascii	"long unsigned int\000"
 371      20756E73 
 371      69676E65 
 371      6420696E 
 371      7400
 372              	.LASF3:
 373 011b 73686F72 		.ascii	"short unsigned int\000"
 373      7420756E 
 373      7369676E 
 373      65642069 
 373      6E7400
 374              	.LASF17:
ARM GAS  C:\Users\bk\AppData\Local\Temp\ccRHC0D6.s 			page 9
=======
  40              		.loc 1 40 0
  41 000a C1F30741 		ubfx	r1, r1, #16, #8
  42              	.LVL1:
  43 000e 8170     		strb	r1, [r0, #2]
  44 0010 7047     		bx	lr
  45              		.cfi_endproc
  46              	.LFE0:
  47              		.size	CySetReg24, .-CySetReg24
  48 0012 00BF     		.text
  49              	.Letext0:
  50              		.file 2 "Generated_Source\\PSoC5\\cytypes.h"
  51              		.section	.debug_info,"",%progbits
  52              	.Ldebug_info0:
  53 0000 EA000000 		.4byte	0xea
  54 0004 0400     		.2byte	0x4
  55 0006 00000000 		.4byte	.Ldebug_abbrev0
  56 000a 04       		.byte	0x4
  57 000b 01       		.uleb128 0x1
  58 000c 73000000 		.4byte	.LASF16
  59 0010 0C       		.byte	0xc
  60 0011 26010000 		.4byte	.LASF17
  61 0015 1C000000 		.4byte	.LASF18
  62 0019 00000000 		.4byte	.Ldebug_ranges0+0
  63 001d 00000000 		.4byte	0
  64 0021 00000000 		.4byte	.Ldebug_line0
  65 0025 02       		.uleb128 0x2
  66 0026 01       		.byte	0x1
  67 0027 06       		.byte	0x6
  68 0028 AD010000 		.4byte	.LASF0
  69 002c 02       		.uleb128 0x2
  70 002d 01       		.byte	0x1
  71 002e 08       		.byte	0x8
  72 002f 65000000 		.4byte	.LASF1
  73 0033 02       		.uleb128 0x2
  74 0034 02       		.byte	0x2
ARM GAS  C:\Users\bk\AppData\Local\Temp\ccolFIQv.s 			page 3


  75 0035 05       		.byte	0x5
  76 0036 94010000 		.4byte	.LASF2
  77 003a 02       		.uleb128 0x2
  78 003b 02       		.byte	0x2
  79 003c 07       		.byte	0x7
  80 003d 13010000 		.4byte	.LASF3
  81 0041 02       		.uleb128 0x2
  82 0042 04       		.byte	0x4
  83 0043 05       		.byte	0x5
  84 0044 A4010000 		.4byte	.LASF4
  85 0048 02       		.uleb128 0x2
  86 0049 04       		.byte	0x4
  87 004a 07       		.byte	0x7
  88 004b 01010000 		.4byte	.LASF5
  89 004f 02       		.uleb128 0x2
  90 0050 08       		.byte	0x8
  91 0051 05       		.byte	0x5
  92 0052 79010000 		.4byte	.LASF6
  93 0056 02       		.uleb128 0x2
  94 0057 08       		.byte	0x8
  95 0058 07       		.byte	0x7
  96 0059 62010000 		.4byte	.LASF7
  97 005d 03       		.uleb128 0x3
  98 005e 04       		.byte	0x4
  99 005f 05       		.byte	0x5
 100 0060 696E7400 		.ascii	"int\000"
 101 0064 02       		.uleb128 0x2
 102 0065 04       		.byte	0x4
 103 0066 07       		.byte	0x7
 104 0067 55010000 		.4byte	.LASF8
 105 006b 04       		.uleb128 0x4
 106 006c 9E010000 		.4byte	.LASF9
 107 0070 02       		.byte	0x2
 108 0071 E401     		.2byte	0x1e4
 109 0073 2C000000 		.4byte	0x2c
 110 0077 04       		.uleb128 0x4
 111 0078 4E010000 		.4byte	.LASF10
 112 007c 02       		.byte	0x2
 113 007d E601     		.2byte	0x1e6
 114 007f 48000000 		.4byte	0x48
 115 0083 02       		.uleb128 0x2
 116 0084 04       		.byte	0x4
 117 0085 04       		.byte	0x4
 118 0086 16000000 		.4byte	.LASF11
 119 008a 02       		.uleb128 0x2
 120 008b 08       		.byte	0x8
 121 008c 04       		.byte	0x4
 122 008d 47010000 		.4byte	.LASF12
 123 0091 02       		.uleb128 0x2
 124 0092 01       		.byte	0x1
 125 0093 08       		.byte	0x8
 126 0094 8F010000 		.4byte	.LASF13
 127 0098 05       		.uleb128 0x5
 128 0099 6B000000 		.4byte	0x6b
 129 009d 05       		.uleb128 0x5
 130 009e 77000000 		.4byte	0x77
 131 00a2 06       		.uleb128 0x6
ARM GAS  C:\Users\bk\AppData\Local\Temp\ccolFIQv.s 			page 4


 132 00a3 06000000 		.4byte	.LASF19
 133 00a7 01       		.byte	0x1
 134 00a8 20       		.byte	0x20
 135 00a9 00000000 		.4byte	.LFB0
 136 00ad 12000000 		.4byte	.LFE0-.LFB0
 137 00b1 01       		.uleb128 0x1
 138 00b2 9C       		.byte	0x9c
 139 00b3 E1000000 		.4byte	0xe1
 140 00b7 07       		.uleb128 0x7
 141 00b8 11000000 		.4byte	.LASF14
 142 00bc 01       		.byte	0x1
 143 00bd 20       		.byte	0x20
 144 00be E1000000 		.4byte	0xe1
 145 00c2 01       		.uleb128 0x1
 146 00c3 50       		.byte	0x50
 147 00c4 08       		.uleb128 0x8
 148 00c5 00000000 		.4byte	.LASF15
 149 00c9 01       		.byte	0x1
 150 00ca 20       		.byte	0x20
 151 00cb 77000000 		.4byte	0x77
 152 00cf 00000000 		.4byte	.LLST0
 153 00d3 09       		.uleb128 0x9
 154 00d4 87010000 		.4byte	.LASF20
 155 00d8 01       		.byte	0x1
 156 00d9 22       		.byte	0x22
 157 00da E7000000 		.4byte	0xe7
 158 00de 01       		.uleb128 0x1
 159 00df 50       		.byte	0x50
 160 00e0 00       		.byte	0
 161 00e1 0A       		.uleb128 0xa
 162 00e2 04       		.byte	0x4
 163 00e3 9D000000 		.4byte	0x9d
 164 00e7 0A       		.uleb128 0xa
 165 00e8 04       		.byte	0x4
 166 00e9 98000000 		.4byte	0x98
 167 00ed 00       		.byte	0
 168              		.section	.debug_abbrev,"",%progbits
 169              	.Ldebug_abbrev0:
 170 0000 01       		.uleb128 0x1
 171 0001 11       		.uleb128 0x11
 172 0002 01       		.byte	0x1
 173 0003 25       		.uleb128 0x25
 174 0004 0E       		.uleb128 0xe
 175 0005 13       		.uleb128 0x13
 176 0006 0B       		.uleb128 0xb
 177 0007 03       		.uleb128 0x3
 178 0008 0E       		.uleb128 0xe
 179 0009 1B       		.uleb128 0x1b
 180 000a 0E       		.uleb128 0xe
 181 000b 55       		.uleb128 0x55
 182 000c 17       		.uleb128 0x17
 183 000d 11       		.uleb128 0x11
 184 000e 01       		.uleb128 0x1
 185 000f 10       		.uleb128 0x10
 186 0010 17       		.uleb128 0x17
 187 0011 00       		.byte	0
 188 0012 00       		.byte	0
ARM GAS  C:\Users\bk\AppData\Local\Temp\ccolFIQv.s 			page 5


 189 0013 02       		.uleb128 0x2
 190 0014 24       		.uleb128 0x24
 191 0015 00       		.byte	0
 192 0016 0B       		.uleb128 0xb
 193 0017 0B       		.uleb128 0xb
 194 0018 3E       		.uleb128 0x3e
 195 0019 0B       		.uleb128 0xb
 196 001a 03       		.uleb128 0x3
 197 001b 0E       		.uleb128 0xe
 198 001c 00       		.byte	0
 199 001d 00       		.byte	0
 200 001e 03       		.uleb128 0x3
 201 001f 24       		.uleb128 0x24
 202 0020 00       		.byte	0
 203 0021 0B       		.uleb128 0xb
 204 0022 0B       		.uleb128 0xb
 205 0023 3E       		.uleb128 0x3e
 206 0024 0B       		.uleb128 0xb
 207 0025 03       		.uleb128 0x3
 208 0026 08       		.uleb128 0x8
 209 0027 00       		.byte	0
 210 0028 00       		.byte	0
 211 0029 04       		.uleb128 0x4
 212 002a 16       		.uleb128 0x16
 213 002b 00       		.byte	0
 214 002c 03       		.uleb128 0x3
 215 002d 0E       		.uleb128 0xe
 216 002e 3A       		.uleb128 0x3a
 217 002f 0B       		.uleb128 0xb
 218 0030 3B       		.uleb128 0x3b
 219 0031 05       		.uleb128 0x5
 220 0032 49       		.uleb128 0x49
 221 0033 13       		.uleb128 0x13
 222 0034 00       		.byte	0
 223 0035 00       		.byte	0
 224 0036 05       		.uleb128 0x5
 225 0037 35       		.uleb128 0x35
 226 0038 00       		.byte	0
 227 0039 49       		.uleb128 0x49
 228 003a 13       		.uleb128 0x13
 229 003b 00       		.byte	0
 230 003c 00       		.byte	0
 231 003d 06       		.uleb128 0x6
 232 003e 2E       		.uleb128 0x2e
 233 003f 01       		.byte	0x1
 234 0040 3F       		.uleb128 0x3f
 235 0041 19       		.uleb128 0x19
 236 0042 03       		.uleb128 0x3
 237 0043 0E       		.uleb128 0xe
 238 0044 3A       		.uleb128 0x3a
 239 0045 0B       		.uleb128 0xb
 240 0046 3B       		.uleb128 0x3b
 241 0047 0B       		.uleb128 0xb
 242 0048 27       		.uleb128 0x27
 243 0049 19       		.uleb128 0x19
 244 004a 11       		.uleb128 0x11
 245 004b 01       		.uleb128 0x1
ARM GAS  C:\Users\bk\AppData\Local\Temp\ccolFIQv.s 			page 6


 246 004c 12       		.uleb128 0x12
 247 004d 06       		.uleb128 0x6
 248 004e 40       		.uleb128 0x40
 249 004f 18       		.uleb128 0x18
 250 0050 9742     		.uleb128 0x2117
 251 0052 19       		.uleb128 0x19
 252 0053 01       		.uleb128 0x1
 253 0054 13       		.uleb128 0x13
 254 0055 00       		.byte	0
 255 0056 00       		.byte	0
 256 0057 07       		.uleb128 0x7
 257 0058 05       		.uleb128 0x5
 258 0059 00       		.byte	0
 259 005a 03       		.uleb128 0x3
 260 005b 0E       		.uleb128 0xe
 261 005c 3A       		.uleb128 0x3a
 262 005d 0B       		.uleb128 0xb
 263 005e 3B       		.uleb128 0x3b
 264 005f 0B       		.uleb128 0xb
 265 0060 49       		.uleb128 0x49
 266 0061 13       		.uleb128 0x13
 267 0062 02       		.uleb128 0x2
 268 0063 18       		.uleb128 0x18
 269 0064 00       		.byte	0
 270 0065 00       		.byte	0
 271 0066 08       		.uleb128 0x8
 272 0067 05       		.uleb128 0x5
 273 0068 00       		.byte	0
 274 0069 03       		.uleb128 0x3
 275 006a 0E       		.uleb128 0xe
 276 006b 3A       		.uleb128 0x3a
 277 006c 0B       		.uleb128 0xb
 278 006d 3B       		.uleb128 0x3b
 279 006e 0B       		.uleb128 0xb
 280 006f 49       		.uleb128 0x49
 281 0070 13       		.uleb128 0x13
 282 0071 02       		.uleb128 0x2
 283 0072 17       		.uleb128 0x17
 284 0073 00       		.byte	0
 285 0074 00       		.byte	0
 286 0075 09       		.uleb128 0x9
 287 0076 34       		.uleb128 0x34
 288 0077 00       		.byte	0
 289 0078 03       		.uleb128 0x3
 290 0079 0E       		.uleb128 0xe
 291 007a 3A       		.uleb128 0x3a
 292 007b 0B       		.uleb128 0xb
 293 007c 3B       		.uleb128 0x3b
 294 007d 0B       		.uleb128 0xb
 295 007e 49       		.uleb128 0x49
 296 007f 13       		.uleb128 0x13
 297 0080 02       		.uleb128 0x2
 298 0081 18       		.uleb128 0x18
 299 0082 00       		.byte	0
 300 0083 00       		.byte	0
 301 0084 0A       		.uleb128 0xa
 302 0085 0F       		.uleb128 0xf
ARM GAS  C:\Users\bk\AppData\Local\Temp\ccolFIQv.s 			page 7


 303 0086 00       		.byte	0
 304 0087 0B       		.uleb128 0xb
 305 0088 0B       		.uleb128 0xb
 306 0089 49       		.uleb128 0x49
 307 008a 13       		.uleb128 0x13
 308 008b 00       		.byte	0
 309 008c 00       		.byte	0
 310 008d 00       		.byte	0
 311              		.section	.debug_loc,"",%progbits
 312              	.Ldebug_loc0:
 313              	.LLST0:
 314 0000 00000000 		.4byte	.LVL0
 315 0004 0E000000 		.4byte	.LVL1
 316 0008 0100     		.2byte	0x1
 317 000a 51       		.byte	0x51
 318 000b 0E000000 		.4byte	.LVL1
 319 000f 12000000 		.4byte	.LFE0
 320 0013 0400     		.2byte	0x4
 321 0015 F3       		.byte	0xf3
 322 0016 01       		.uleb128 0x1
 323 0017 51       		.byte	0x51
 324 0018 9F       		.byte	0x9f
 325 0019 00000000 		.4byte	0
 326 001d 00000000 		.4byte	0
 327              		.section	.debug_aranges,"",%progbits
 328 0000 1C000000 		.4byte	0x1c
 329 0004 0200     		.2byte	0x2
 330 0006 00000000 		.4byte	.Ldebug_info0
 331 000a 04       		.byte	0x4
 332 000b 00       		.byte	0
 333 000c 0000     		.2byte	0
 334 000e 0000     		.2byte	0
 335 0010 00000000 		.4byte	.LFB0
 336 0014 12000000 		.4byte	.LFE0-.LFB0
 337 0018 00000000 		.4byte	0
 338 001c 00000000 		.4byte	0
 339              		.section	.debug_ranges,"",%progbits
 340              	.Ldebug_ranges0:
 341 0000 00000000 		.4byte	.LFB0
 342 0004 12000000 		.4byte	.LFE0
 343 0008 00000000 		.4byte	0
 344 000c 00000000 		.4byte	0
 345              		.section	.debug_line,"",%progbits
 346              	.Ldebug_line0:
 347 0000 5C000000 		.section	.debug_str,"MS",%progbits,1
 347      02004400 
 347      00000201 
 347      FB0E0D00 
 347      01010101 
 348              	.LASF15:
 349 0000 76616C75 		.ascii	"value\000"
 349      6500
 350              	.LASF19:
 351 0006 43795365 		.ascii	"CySetReg24\000"
 351      74526567 
 351      323400
 352              	.LASF14:
ARM GAS  C:\Users\bk\AppData\Local\Temp\ccolFIQv.s 			page 8


 353 0011 61646472 		.ascii	"addr\000"
 353      00
 354              	.LASF11:
 355 0016 666C6F61 		.ascii	"float\000"
 355      7400
 356              	.LASF18:
 357 001c 433A5C55 		.ascii	"C:\\Users\\bk\\Documents\\GitHub\\Open Storm\\notor"
 357      73657273 
 357      5C626B5C 
 357      446F6375 
 357      6D656E74 
 358 0049 694F535C 		.ascii	"iOS\\notoriOS\\notoriOS.cydsn\000"
 358      6E6F746F 
 358      72694F53 
 358      5C6E6F74 
 358      6F72694F 
 359              	.LASF1:
 360 0065 756E7369 		.ascii	"unsigned char\000"
 360      676E6564 
 360      20636861 
 360      7200
 361              	.LASF16:
 362 0073 474E5520 		.ascii	"GNU C11 5.4.1 20160609 (release) [ARM/embedded-5-br"
 362      43313120 
 362      352E342E 
 362      31203230 
 362      31363036 
 363 00a6 616E6368 		.ascii	"anch revision 237715] -mcpu=cortex-m3 -mthumb -g -O"
 363      20726576 
 363      6973696F 
 363      6E203233 
 363      37373135 
 364 00d9 67202D66 		.ascii	"g -ffunction-sections -ffat-lto-objects\000"
 364      66756E63 
 364      74696F6E 
 364      2D736563 
 364      74696F6E 
 365              	.LASF5:
 366 0101 6C6F6E67 		.ascii	"long unsigned int\000"
 366      20756E73 
 366      69676E65 
 366      6420696E 
 366      7400
 367              	.LASF3:
 368 0113 73686F72 		.ascii	"short unsigned int\000"
 368      7420756E 
 368      7369676E 
 368      65642069 
 368      6E7400
 369              	.LASF17:
 370 0126 47656E65 		.ascii	"Generated_Source\\PSoC5\\cyutils.c\000"
 370      72617465 
 370      645F536F 
 370      75726365 
 370      5C50536F 
 371              	.LASF12:
 372 0147 646F7562 		.ascii	"double\000"
ARM GAS  C:\Users\bk\AppData\Local\Temp\ccolFIQv.s 			page 9
>>>>>>> parent of bb45d96... Sleep power downt to 20uA


 375 012e 47656E65 		.ascii	"Generated_Source\\PSoC5\\cyutils.c\000"
 375      72617465 
 375      645F536F 
 375      75726365 
 375      5C50536F 
 376              	.LASF12:
 377 014f 646F7562 		.ascii	"double\000"
 377      6C6500
 378              	.LASF10:
 379 0156 75696E74 		.ascii	"uint32\000"
 379      333200
 380              	.LASF8:
 381 015d 756E7369 		.ascii	"unsigned int\000"
 381      676E6564 
 381      20696E74 
 381      00
 382              	.LASF7:
 383 016a 6C6F6E67 		.ascii	"long long unsigned int\000"
 383      206C6F6E 
 383      6720756E 
 383      7369676E 
 383      65642069 
 384              	.LASF6:
 385 0181 6C6F6E67 		.ascii	"long long int\000"
 385      206C6F6E 
 385      6720696E 
 385      7400
 386              	.LASF13:
 387 018f 63686172 		.ascii	"char\000"
 387      00
 388              	.LASF2:
 389 0194 73686F72 		.ascii	"short int\000"
 389      7420696E 
 389      7400
 390              	.LASF9:
 391 019e 75696E74 		.ascii	"uint8\000"
 391      3800
 392              	.LASF4:
 393 01a4 6C6F6E67 		.ascii	"long int\000"
 393      20696E74 
 393      00
 394              	.LASF0:
 395 01ad 7369676E 		.ascii	"signed char\000"
 395      65642063 
 395      68617200 
 396              		.ident	"GCC: (GNU Tools for ARM Embedded Processors) 5.4.1 20160609 (release) [ARM/embedded-5-bran
