ARM GAS  C:\Users\hail\AppData\Local\Temp\cccQqUje.s 			page 1


   1              		.syntax unified
   2              		.cpu cortex-m3
   3              		.fpu softvfp
   4              		.eabi_attribute 20, 1
   5              		.eabi_attribute 21, 1
   6              		.eabi_attribute 23, 3
   7              		.eabi_attribute 24, 1
   8              		.eabi_attribute 25, 1
   9              		.eabi_attribute 26, 1
  10              		.eabi_attribute 30, 6
  11              		.eabi_attribute 34, 1
  12              		.eabi_attribute 18, 4
  13              		.thumb
  14              		.syntax unified
  15              		.file	"debug.c"
  16              		.text
  17              	.Ltext0:
  18              		.cfi_sections	.debug_frame
  19              		.syntax unified
  20              		.global _printf_float
  21              		.thumb
  22              		.syntax unified
  23              		.global	BB_fileName
  24              		.data
  25              		.align	2
  26              		.type	BB_fileName, %object
  27              		.size	BB_fileName, 30
  28              	BB_fileName:
  29 0000 626C6163 		.ascii	"blackbox.txt\000"
  29      6B626F78 
  29      2E747874 
  29      00
  30 000d 00000000 		.space	17
  30      00000000 
  30      00000000 
  30      00000000 
  30      00
  31              		.global	debug_level
  32              		.bss
  33              		.type	debug_level, %object
  34              		.size	debug_level, 1
  35              	debug_level:
  36 0000 00       		.space	1
  37              		.section	.text.debug_start,"ax",%progbits
  38              		.align	2
  39              		.global	debug_start
  40              		.thumb
  41              		.thumb_func
  42              		.type	debug_start, %function
  43              	debug_start:
  44              	.LFB64:
  45              		.file 1 "debug.c"
   1:debug.c       **** //drivers for UART debug 
   2:debug.c       **** 
   3:debug.c       **** #include "debug.h"
   4:debug.c       **** #include <stdarg.h> // handles variable argument list
   5:debug.c       **** 
ARM GAS  C:\Users\hail\AppData\Local\Temp\cccQqUje.s 			page 2


   6:debug.c       **** char    BB_fileName[30] = "blackbox.txt";
   7:debug.c       **** 
   8:debug.c       **** // Set debug level based on what you want printed/ written to SD card
   9:debug.c       **** // 0u = errors and warnings, 1u = all
  10:debug.c       **** uint8   debug_level = 0u;
  11:debug.c       **** 
  12:debug.c       **** // function to start UART debug
  13:debug.c       **** void debug_start(){
  46              		.loc 1 13 0
  47              		.cfi_startproc
  48              		@ args = 0, pretend = 0, frame = 0
  49              		@ frame_needed = 1, uses_anonymous_args = 0
  50 0000 80B5     		push	{r7, lr}
  51              		.cfi_def_cfa_offset 8
  52              		.cfi_offset 7, -8
  53              		.cfi_offset 14, -4
  54 0002 00AF     		add	r7, sp, #0
  55              		.cfi_def_cfa_register 7
  14:debug.c       ****     // if debug flag = 1 then start UART
  15:debug.c       ****     #if USE_DEBUG
  16:debug.c       ****        Debug_UART_Start();
  56              		.loc 1 16 0
  57 0004 FFF7FEFF 		bl	Debug_UART_Start
  17:debug.c       ****        //setvbuf(stdout, NULL, _IOFBF, Debug_UART_TX_BUFFER_SIZE);//this sets the printf() bufefr t
  18:debug.c       ****        //setbuf(stdout, NULL);
  19:debug.c       ****     #endif
  20:debug.c       **** }
  58              		.loc 1 20 0
  59 0008 00BF     		nop
  60 000a 80BD     		pop	{r7, pc}
  61              		.cfi_endproc
  62              	.LFE64:
  63              		.size	debug_start, .-debug_start
  64              		.section	.text.debug_stop,"ax",%progbits
  65              		.align	2
  66              		.global	debug_stop
  67              		.thumb
  68              		.thumb_func
  69              		.type	debug_stop, %function
  70              	debug_stop:
  71              	.LFB65:
  21:debug.c       **** 
  22:debug.c       **** // function to stop UART debug
  23:debug.c       **** void debug_stop(){
  72              		.loc 1 23 0
  73              		.cfi_startproc
  74              		@ args = 0, pretend = 0, frame = 0
  75              		@ frame_needed = 1, uses_anonymous_args = 0
  76 0000 80B5     		push	{r7, lr}
  77              		.cfi_def_cfa_offset 8
  78              		.cfi_offset 7, -8
  79              		.cfi_offset 14, -4
  80 0002 00AF     		add	r7, sp, #0
  81              		.cfi_def_cfa_register 7
  24:debug.c       ****     // if debug flag = 1 then stop UART
  25:debug.c       ****     #if USE_DEBUG
  26:debug.c       ****         Debug_UART_Stop();
ARM GAS  C:\Users\hail\AppData\Local\Temp\cccQqUje.s 			page 3


  82              		.loc 1 26 0
  83 0004 FFF7FEFF 		bl	Debug_UART_Stop
  27:debug.c       ****     #endif
  28:debug.c       **** }
  84              		.loc 1 28 0
  85 0008 00BF     		nop
  86 000a 80BD     		pop	{r7, pc}
  87              		.cfi_endproc
  88              	.LFE65:
  89              		.size	debug_stop, .-debug_stop
  90              		.section	.text.debug_sleep,"ax",%progbits
  91              		.align	2
  92              		.global	debug_sleep
  93              		.thumb
  94              		.thumb_func
  95              		.type	debug_sleep, %function
  96              	debug_sleep:
  97              	.LFB66:
  29:debug.c       **** 
  30:debug.c       **** // function to sleep UART debug
  31:debug.c       **** void debug_sleep(){
  98              		.loc 1 31 0
  99              		.cfi_startproc
 100              		@ args = 0, pretend = 0, frame = 0
 101              		@ frame_needed = 1, uses_anonymous_args = 0
 102 0000 80B5     		push	{r7, lr}
 103              		.cfi_def_cfa_offset 8
 104              		.cfi_offset 7, -8
 105              		.cfi_offset 14, -4
 106 0002 00AF     		add	r7, sp, #0
 107              		.cfi_def_cfa_register 7
  32:debug.c       ****     // if debug flag = 1 and printf still writing, sleep UART
  33:debug.c       ****     #if USE_DEBUG
  34:debug.c       **** 
  35:debug.c       ****         // Check if UART is busy writing and waiit, if needed
  36:debug.c       ****         // Debug_UART_ReadTxStatus() reads the status register for the TX portion of the UART.
  37:debug.c       ****         if(!(Debug_UART_ReadTxStatus() & Debug_UART_TX_STS_FIFO_EMPTY)){
 108              		.loc 1 37 0
 109 0004 FFF7FEFF 		bl	Debug_UART_ReadTxStatus
 110 0008 0346     		mov	r3, r0
 111 000a 03F00203 		and	r3, r3, #2
 112 000e 002B     		cmp	r3, #0
 113 0010 02D1     		bne	.L4
  38:debug.c       ****             CyDelay(1u);
 114              		.loc 1 38 0
 115 0012 0120     		movs	r0, #1
 116 0014 FFF7FEFF 		bl	CyDelay
 117              	.L4:
  39:debug.c       ****         }
  40:debug.c       ****     // This is the preferred API to prepare the component for sleep. 
  41:debug.c       ****     // The Debug_UART_Sleep() API saves the current component state. Then it calls the Debug_UART_S
  42:debug.c       ****     Debug_UART_Sleep(); 
 118              		.loc 1 42 0
 119 0018 FFF7FEFF 		bl	Debug_UART_Sleep
  43:debug.c       ****    #endif
  44:debug.c       ****    
  45:debug.c       **** }
ARM GAS  C:\Users\hail\AppData\Local\Temp\cccQqUje.s 			page 4


 120              		.loc 1 45 0
 121 001c 00BF     		nop
 122 001e 80BD     		pop	{r7, pc}
 123              		.cfi_endproc
 124              	.LFE66:
 125              		.size	debug_sleep, .-debug_sleep
 126              		.section	.text.debug_wakeup,"ax",%progbits
 127              		.align	2
 128              		.global	debug_wakeup
 129              		.thumb
 130              		.thumb_func
 131              		.type	debug_wakeup, %function
 132              	debug_wakeup:
 133              	.LFB67:
  46:debug.c       **** 
  47:debug.c       **** // function to wakeup UART debug
  48:debug.c       **** void debug_wakeup(){
 134              		.loc 1 48 0
 135              		.cfi_startproc
 136              		@ args = 0, pretend = 0, frame = 0
 137              		@ frame_needed = 1, uses_anonymous_args = 0
 138 0000 80B5     		push	{r7, lr}
 139              		.cfi_def_cfa_offset 8
 140              		.cfi_offset 7, -8
 141              		.cfi_offset 14, -4
 142 0002 00AF     		add	r7, sp, #0
 143              		.cfi_def_cfa_register 7
  49:debug.c       ****     // if debug flag = 1, wakeup UART debug and turn off stillWriting flag
  50:debug.c       ****     #if USE_DEBUG
  51:debug.c       ****         Debug_UART_Wakeup();
 144              		.loc 1 51 0
 145 0004 FFF7FEFF 		bl	Debug_UART_Wakeup
  52:debug.c       ****     #endif
  53:debug.c       **** }
 146              		.loc 1 53 0
 147 0008 00BF     		nop
 148 000a 80BD     		pop	{r7, pc}
 149              		.cfi_endproc
 150              	.LFE67:
 151              		.size	debug_wakeup, .-debug_wakeup
 152              		.section	.text._write,"ax",%progbits
 153              		.align	2
 154              		.global	_write
 155              		.thumb
 156              		.thumb_func
 157              		.type	_write, %function
 158              	_write:
 159              	.LFB68:
  54:debug.c       **** 
  55:debug.c       **** // if debug flag = 1, and using the GCC compiler, revise the _write() function so that when we call
  56:debug.c       **** // NOTE: For this to work HEAP size in "System" must be set to 0x300 or more
  57:debug.c       **** // Stack and heap are both a part of memory. Stack holds functions, variables, etc. Heap sits on to
  58:debug.c       **** // If heap is too small, then you get a stack overflow. FOr printing, need to have a bigger heap. B
  59:debug.c       **** // If have memory problems, play around with heap size.
  60:debug.c       **** #if USE_DEBUG
  61:debug.c       ****     
  62:debug.c       ****     
ARM GAS  C:\Users\hail\AppData\Local\Temp\cccQqUje.s 			page 5


  63:debug.c       **** // This will allow you to use printf(), as you would in regulart c programs
  64:debug.c       **** // careful though, printf() is sometimes not safe in embedded sytems
  65:debug.c       **** // may want to use printd() function below
  66:debug.c       **** int _write(int file, char *ptr, int len)
  67:debug.c       **** {
 160              		.loc 1 67 0
 161              		.cfi_startproc
 162              		@ args = 0, pretend = 0, frame = 24
 163              		@ frame_needed = 1, uses_anonymous_args = 0
 164 0000 80B5     		push	{r7, lr}
 165              		.cfi_def_cfa_offset 8
 166              		.cfi_offset 7, -8
 167              		.cfi_offset 14, -4
 168 0002 86B0     		sub	sp, sp, #24
 169              		.cfi_def_cfa_offset 32
 170 0004 00AF     		add	r7, sp, #0
 171              		.cfi_def_cfa_register 7
 172 0006 F860     		str	r0, [r7, #12]
 173 0008 B960     		str	r1, [r7, #8]
 174 000a 7A60     		str	r2, [r7, #4]
  68:debug.c       ****     int i;
  69:debug.c       ****     file = file;
  70:debug.c       ****     for (i = 0; i < len; i++)
 175              		.loc 1 70 0
 176 000c 0023     		movs	r3, #0
 177 000e 7B61     		str	r3, [r7, #20]
 178 0010 09E0     		b	.L7
 179              	.L8:
  71:debug.c       ****     {   
  72:debug.c       ****         // Puts a byte of data into the transmit buffer to be sent when the bus is available.
  73:debug.c       ****         Debug_UART_PutChar(*ptr++);
 180              		.loc 1 73 0 discriminator 3
 181 0012 BB68     		ldr	r3, [r7, #8]
 182 0014 5A1C     		adds	r2, r3, #1
 183 0016 BA60     		str	r2, [r7, #8]
 184 0018 1B78     		ldrb	r3, [r3]	@ zero_extendqisi2
 185 001a 1846     		mov	r0, r3
 186 001c FFF7FEFF 		bl	Debug_UART_PutChar
  70:debug.c       ****     {   
 187              		.loc 1 70 0 discriminator 3
 188 0020 7B69     		ldr	r3, [r7, #20]
 189 0022 0133     		adds	r3, r3, #1
 190 0024 7B61     		str	r3, [r7, #20]
 191              	.L7:
  70:debug.c       ****     {   
 192              		.loc 1 70 0 is_stmt 0 discriminator 1
 193 0026 7A69     		ldr	r2, [r7, #20]
 194 0028 7B68     		ldr	r3, [r7, #4]
 195 002a 9A42     		cmp	r2, r3
 196 002c F1DB     		blt	.L8
  74:debug.c       ****     }
  75:debug.c       ****     
  76:debug.c       ****     return (len);
 197              		.loc 1 76 0 is_stmt 1
 198 002e 7B68     		ldr	r3, [r7, #4]
  77:debug.c       **** }
 199              		.loc 1 77 0
ARM GAS  C:\Users\hail\AppData\Local\Temp\cccQqUje.s 			page 6


 200 0030 1846     		mov	r0, r3
 201 0032 1837     		adds	r7, r7, #24
 202              		.cfi_def_cfa_offset 8
 203 0034 BD46     		mov	sp, r7
 204              		.cfi_def_cfa_register 13
 205              		@ sp needed
 206 0036 80BD     		pop	{r7, pc}
 207              		.cfi_endproc
 208              	.LFE68:
 209              		.size	_write, .-_write
 210              		.section	.rodata
 211              		.align	2
 212              	.LC0:
 213 0000 7B2000   		.ascii	"{ \000"
 214 0003 00       		.align	2
 215              	.LC1:
 216 0004 2274696D 		.ascii	"\"time\":\"%ld\" \000"
 216      65223A22 
 216      256C6422 
 216      2000
 217 0012 0000     		.align	2
 218              	.LC2:
 219 0014 22657665 		.ascii	"\"event\":\"error\" \"value\":\"\000"
 219      6E74223A 
 219      22657272 
 219      6F722220 
 219      2276616C 
 220 002e 0000     		.align	2
 221              	.LC3:
 222 0030 22657665 		.ascii	"\"event\":\"warning\" \"value\":\"\000"
 222      6E74223A 
 222      22776172 
 222      6E696E67 
 222      22202276 
 223              		.align	2
 224              	.LC4:
 225 004c 227D0D0A 		.ascii	"\"}\015\012\000"
 225      00
 226 0051 000000   		.align	2
 227              	.LC5:
 228 0054 612B00   		.ascii	"a+\000"
 229 0057 00       		.align	2
 230              	.LC6:
 231 0058 22657665 		.ascii	"\"event\":\"notif\" \"value\":\"\000"
 231      6E74223A 
 231      226E6F74 
 231      69662220 
 231      2276616C 
 232              		.section	.text.printNotif,"ax",%progbits
 233              		.align	2
 234              		.global	printNotif
 235              		.thumb
 236              		.thumb_func
 237              		.type	printNotif, %function
 238              	printNotif:
 239              	.LFB69:
  78:debug.c       **** 
ARM GAS  C:\Users\hail\AppData\Local\Temp\cccQqUje.s 			page 7


  79:debug.c       **** #endif
  80:debug.c       **** 
  81:debug.c       **** // Create function to hijack printf to add an epoch timestamp to print output
  82:debug.c       **** // Whenever a function is declared to have an indeterminate number of arguments, in place of the la
  83:debug.c       **** // to tell the compiler the function should accept however many arguments that the programmer uses,
  84:debug.c       **** // to at least the number of variables declared. 
  85:debug.c       **** void printNotif(uint8 type, char* format, ...){
 240              		.loc 1 85 0
 241              		.cfi_startproc
 242              		@ args = 4, pretend = 12, frame = 2064
 243              		@ frame_needed = 1, uses_anonymous_args = 1
 244 0000 0EB4     		push	{r1, r2, r3}
 245              		.cfi_def_cfa_offset 12
 246              		.cfi_offset 1, -12
 247              		.cfi_offset 2, -8
 248              		.cfi_offset 3, -4
 249 0002 80B5     		push	{r7, lr}
 250              		.cfi_def_cfa_offset 20
 251              		.cfi_offset 7, -20
 252              		.cfi_offset 14, -16
 253 0004 ADF6140D 		subw	sp, sp, #2068
 254              		.cfi_def_cfa_offset 2088
 255 0008 00AF     		add	r7, sp, #0
 256              		.cfi_def_cfa_register 7
 257 000a 0246     		mov	r2, r0
 258 000c FB1D     		adds	r3, r7, #7
 259 000e 1A70     		strb	r2, [r3]
  86:debug.c       ****     
  87:debug.c       ****     char debug_string[MAX_DEBUG_STRING_LENGTH]; // string to be printed
  88:debug.c       ****     
  89:debug.c       ****     // if debug flag = 1, then print debug statements, otherwise don't print anything
  90:debug.c       ****     #if USE_DEBUG
  91:debug.c       ****         
  92:debug.c       ****         // if it is an error or warning and debug_level >= 0, then print the errors and warnings
  93:debug.c       ****         if ((type == NOTIF_TYPE_ERROR || type == NOTIF_TYPE_WARNING) && debug_level >= 0){
 260              		.loc 1 93 0
 261 0010 FB1D     		adds	r3, r7, #7
 262 0012 1B78     		ldrb	r3, [r3]	@ zero_extendqisi2
 263 0014 022B     		cmp	r3, #2
 264 0016 03D0     		beq	.L11
 265              		.loc 1 93 0 is_stmt 0 discriminator 1
 266 0018 FB1D     		adds	r3, r7, #7
 267 001a 1B78     		ldrb	r3, [r3]	@ zero_extendqisi2
 268 001c 012B     		cmp	r3, #1
 269 001e 2FD1     		bne	.L12
 270              	.L11:
 271              	.LBB2:
  94:debug.c       ****             printd("{ ");
 272              		.loc 1 94 0 is_stmt 1
 273 0020 3648     		ldr	r0, .L17
 274 0022 FFF7FEFF 		bl	printd
  95:debug.c       ****             printd("\"time\":\"%ld\" " , getTimeStamp());
 275              		.loc 1 95 0
 276 0026 FFF7FEFF 		bl	getTimeStamp
 277 002a 0346     		mov	r3, r0
 278 002c 1946     		mov	r1, r3
 279 002e 3448     		ldr	r0, .L17+4
ARM GAS  C:\Users\hail\AppData\Local\Temp\cccQqUje.s 			page 8


 280 0030 FFF7FEFF 		bl	printd
  96:debug.c       ****             printd("\"event\":\"error\" \"value\":\"");
 281              		.loc 1 96 0
 282 0034 3348     		ldr	r0, .L17+8
 283 0036 FFF7FEFF 		bl	printd
  97:debug.c       ****             printd("\"event\":\"warning\" \"value\":\"");
 284              		.loc 1 97 0
 285 003a 3348     		ldr	r0, .L17+12
 286 003c FFF7FEFF 		bl	printd
  98:debug.c       ****             va_list argptr; // create variable argprt of the type va_list from stdarg.h
  99:debug.c       ****             va_start(argptr, format); // from stdarg.h: the va_start() macro is invoked to initiali
 287              		.loc 1 99 0
 288 0040 07F50262 		add	r2, r7, #2080
 289 0044 07F10C03 		add	r3, r7, #12
 290 0048 1A60     		str	r2, [r3]
 100:debug.c       ****             vsnprintf(debug_string, MAX_DEBUG_STRING_LENGTH, format, argptr); // send text to buffe
 291              		.loc 1 100 0
 292 004a 07F10C03 		add	r3, r7, #12
 293 004e 07F11000 		add	r0, r7, #16
 294 0052 1B68     		ldr	r3, [r3]
 295 0054 D7F81C28 		ldr	r2, [r7, #2076]
 296 0058 4FF40061 		mov	r1, #2048
 297 005c FFF7FEFF 		bl	vsnprintf
 101:debug.c       ****             Debug_UART_PutString(debug_string); // Sends a NULL terminated string to the TX buffer 
 298              		.loc 1 101 0
 299 0060 07F11003 		add	r3, r7, #16
 300 0064 1846     		mov	r0, r3
 301 0066 FFF7FEFF 		bl	Debug_UART_PutString
 102:debug.c       ****             va_end(argptr); // the va_end() macro is used to clean up; it invalidates ap for use (u
 103:debug.c       ****             printd("\"}\r\n");
 302              		.loc 1 103 0
 303 006a 2848     		ldr	r0, .L17+16
 304 006c FFF7FEFF 		bl	printd
 104:debug.c       ****             SD_write(BB_fileName,"a+",debug_string); // Write data to SD Card 
 305              		.loc 1 104 0
 306 0070 07F11003 		add	r3, r7, #16
 307 0074 1A46     		mov	r2, r3
 308 0076 2649     		ldr	r1, .L17+20
 309 0078 2648     		ldr	r0, .L17+24
 310 007a FFF7FEFF 		bl	SD_write
 311              	.LBE2:
  93:debug.c       ****             printd("{ ");
 312              		.loc 1 93 0
 313 007e 35E0     		b	.L10
 314              	.L12:
 105:debug.c       ****         
 106:debug.c       ****         // else if it is an event and debug level >= 1, then print events
 107:debug.c       ****         }else if (type == NOTIF_TYPE_EVENT && debug_level >= 1){
 315              		.loc 1 107 0
 316 0080 FB1D     		adds	r3, r7, #7
 317 0082 1B78     		ldrb	r3, [r3]	@ zero_extendqisi2
 318 0084 002B     		cmp	r3, #0
 319 0086 30D1     		bne	.L16
 320              		.loc 1 107 0 is_stmt 0 discriminator 1
 321 0088 234B     		ldr	r3, .L17+28
 322 008a 1B78     		ldrb	r3, [r3]	@ zero_extendqisi2
 323 008c 002B     		cmp	r3, #0
ARM GAS  C:\Users\hail\AppData\Local\Temp\cccQqUje.s 			page 9


 324 008e 2CD0     		beq	.L16
 325              	.LBB3:
 108:debug.c       ****             printd("{ ");
 326              		.loc 1 108 0 is_stmt 1 discriminator 2
 327 0090 1A48     		ldr	r0, .L17
 328 0092 FFF7FEFF 		bl	printd
 109:debug.c       ****             printd("\"time\":\"%ld\" " , getTimeStamp());
 329              		.loc 1 109 0 discriminator 2
 330 0096 FFF7FEFF 		bl	getTimeStamp
 331 009a 0346     		mov	r3, r0
 332 009c 1946     		mov	r1, r3
 333 009e 1848     		ldr	r0, .L17+4
 334 00a0 FFF7FEFF 		bl	printd
 110:debug.c       ****             printd("\"event\":\"notif\" \"value\":\"");
 335              		.loc 1 110 0 discriminator 2
 336 00a4 1D48     		ldr	r0, .L17+32
 337 00a6 FFF7FEFF 		bl	printd
 111:debug.c       ****             va_list argptr; // create variable argprt of the type va_list from stdarg.h
 112:debug.c       ****             va_start(argptr, format); // from stdarg.h: the va_start() macro is invoked to initiali
 338              		.loc 1 112 0 discriminator 2
 339 00aa 07F50262 		add	r2, r7, #2080
 340 00ae 07F10803 		add	r3, r7, #8
 341 00b2 1A60     		str	r2, [r3]
 113:debug.c       ****             vsnprintf(debug_string, MAX_DEBUG_STRING_LENGTH, format, argptr); // send text to buffe
 342              		.loc 1 113 0 discriminator 2
 343 00b4 07F10803 		add	r3, r7, #8
 344 00b8 07F11000 		add	r0, r7, #16
 345 00bc 1B68     		ldr	r3, [r3]
 346 00be D7F81C28 		ldr	r2, [r7, #2076]
 347 00c2 4FF40061 		mov	r1, #2048
 348 00c6 FFF7FEFF 		bl	vsnprintf
 114:debug.c       ****             Debug_UART_PutString(debug_string); // Sends a NULL terminated string to the TX buffer 
 349              		.loc 1 114 0 discriminator 2
 350 00ca 07F11003 		add	r3, r7, #16
 351 00ce 1846     		mov	r0, r3
 352 00d0 FFF7FEFF 		bl	Debug_UART_PutString
 115:debug.c       ****             va_end(argptr); // the va_end() macro is used to clean up; it invalidates ap for use (u
 116:debug.c       ****             printd("\"}\r\n");
 353              		.loc 1 116 0 discriminator 2
 354 00d4 0D48     		ldr	r0, .L17+16
 355 00d6 FFF7FEFF 		bl	printd
 117:debug.c       ****             SD_write(BB_fileName,"a+",debug_string); // Write data to SD Card  
 356              		.loc 1 117 0 discriminator 2
 357 00da 07F11003 		add	r3, r7, #16
 358 00de 1A46     		mov	r2, r3
 359 00e0 0B49     		ldr	r1, .L17+20
 360 00e2 0C48     		ldr	r0, .L17+24
 361 00e4 FFF7FEFF 		bl	SD_write
 362              	.LBE3:
 107:debug.c       ****             printd("{ ");
 363              		.loc 1 107 0 discriminator 2
 364 00e8 00E0     		b	.L10
 365              	.L16:
 118:debug.c       **** 
 119:debug.c       ****         // else do not print and exit the function    
 120:debug.c       ****         }else{
 121:debug.c       ****             return;
ARM GAS  C:\Users\hail\AppData\Local\Temp\cccQqUje.s 			page 10


 366              		.loc 1 121 0
 367 00ea 00BF     		nop
 368              	.L10:
 122:debug.c       ****         }
 123:debug.c       **** 
 124:debug.c       ****     #endif 
 125:debug.c       **** }
 369              		.loc 1 125 0
 370 00ec 07F61407 		addw	r7, r7, #2068
 371              		.cfi_def_cfa_offset 20
 372 00f0 BD46     		mov	sp, r7
 373              		.cfi_def_cfa_register 13
 374              		@ sp needed
 375 00f2 BDE88040 		pop	{r7, lr}
 376              		.cfi_restore 14
 377              		.cfi_restore 7
 378              		.cfi_def_cfa_offset 12
 379 00f6 03B0     		add	sp, sp, #12
 380              		.cfi_restore 3
 381              		.cfi_restore 2
 382              		.cfi_restore 1
 383              		.cfi_def_cfa_offset 0
 384 00f8 7047     		bx	lr
 385              	.L18:
 386 00fa 00BF     		.align	2
 387              	.L17:
 388 00fc 00000000 		.word	.LC0
 389 0100 04000000 		.word	.LC1
 390 0104 14000000 		.word	.LC2
 391 0108 30000000 		.word	.LC3
 392 010c 4C000000 		.word	.LC4
 393 0110 54000000 		.word	.LC5
 394 0114 00000000 		.word	BB_fileName
 395 0118 00000000 		.word	debug_level
 396 011c 58000000 		.word	.LC6
 397              		.cfi_endproc
 398              	.LFE69:
 399              		.size	printNotif, .-printNotif
 400              		.section	.rodata
 401 0072 0000     		.align	2
 402              	.LC7:
 403 0074 22657665 		.ascii	"\"event\":\"test\" \000"
 403      6E74223A 
 403      22746573 
 403      74222000 
 404              		.align	2
 405              	.LC8:
 406 0084 226E616D 		.ascii	"\"name\":\"%s\" \000"
 406      65223A22 
 406      25732220 
 406      00
 407 0091 000000   		.align	2
 408              	.LC9:
 409 0094 22737461 		.ascii	"\"status\":\"%d\" \000"
 409      74757322 
 409      3A222564 
 409      222000
ARM GAS  C:\Users\hail\AppData\Local\Temp\cccQqUje.s 			page 11


 410 00a3 00       		.align	2
 411              	.LC10:
 412 00a4 22726561 		.ascii	"\"reason\":\"%s\" \000"
 412      736F6E22 
 412      3A222573 
 412      222000
 413 00b3 00       		.align	2
 414              	.LC11:
 415 00b4 7D0D0A00 		.ascii	"}\015\012\000"
 416              		.section	.text.printTestStatus,"ax",%progbits
 417              		.align	2
 418              		.global	printTestStatus
 419              		.thumb
 420              		.thumb_func
 421              		.type	printTestStatus, %function
 422              	printTestStatus:
 423              	.LFB70:
 126:debug.c       **** 
 127:debug.c       **** // Print debug test status
 128:debug.c       **** void printTestStatus(test_t test){
 424              		.loc 1 128 0
 425              		.cfi_startproc
 426              		@ args = 388, pretend = 16, frame = 0
 427              		@ frame_needed = 1, uses_anonymous_args = 0
 428 0000 84B0     		sub	sp, sp, #16
 429              		.cfi_def_cfa_offset 16
 430 0002 80B5     		push	{r7, lr}
 431              		.cfi_def_cfa_offset 24
 432              		.cfi_offset 7, -24
 433              		.cfi_offset 14, -20
 434 0004 00AF     		add	r7, sp, #0
 435              		.cfi_def_cfa_register 7
 436 0006 07F1080E 		add	lr, r7, #8
 437 000a 8EE80F00 		stmia	lr, {r0, r1, r2, r3}
 129:debug.c       ****     // if debug flag = 1
 130:debug.c       ****     #if USE_DEBUG
 131:debug.c       ****         printd("{ ");
 438              		.loc 1 131 0
 439 000e 1348     		ldr	r0, .L20
 440 0010 FFF7FEFF 		bl	printd
 132:debug.c       ****         printd("\"time\":\"%ld\" " , getTimeStamp());
 441              		.loc 1 132 0
 442 0014 FFF7FEFF 		bl	getTimeStamp
 443 0018 0346     		mov	r3, r0
 444 001a 1946     		mov	r1, r3
 445 001c 1048     		ldr	r0, .L20+4
 446 001e FFF7FEFF 		bl	printd
 133:debug.c       ****         
 134:debug.c       ****         printd("\"event\":\"test\" ");
 447              		.loc 1 134 0
 448 0022 1048     		ldr	r0, .L20+8
 449 0024 FFF7FEFF 		bl	printd
 135:debug.c       ****         printd("\"name\":\"%s\" ", test.test_name);
 450              		.loc 1 135 0
 451 0028 07F10801 		add	r1, r7, #8
 452 002c 0E48     		ldr	r0, .L20+12
 453 002e FFF7FEFF 		bl	printd
ARM GAS  C:\Users\hail\AppData\Local\Temp\cccQqUje.s 			page 12


 136:debug.c       ****         printd("\"status\":\"%d\" ", test.status);
 454              		.loc 1 136 0
 455 0032 97F88830 		ldrb	r3, [r7, #136]	@ zero_extendqisi2
 456 0036 1946     		mov	r1, r3
 457 0038 0C48     		ldr	r0, .L20+16
 458 003a FFF7FEFF 		bl	printd
 137:debug.c       ****         printd("\"reason\":\"%s\" ", test.reason);
 459              		.loc 1 137 0
 460 003e 07F18903 		add	r3, r7, #137
 461 0042 1946     		mov	r1, r3
 462 0044 0A48     		ldr	r0, .L20+20
 463 0046 FFF7FEFF 		bl	printd
 138:debug.c       **** 
 139:debug.c       ****         printd("}\r\n");
 464              		.loc 1 139 0
 465 004a 0A48     		ldr	r0, .L20+24
 466 004c FFF7FEFF 		bl	printd
 140:debug.c       ****     #endif
 141:debug.c       ****    
 142:debug.c       **** }
 467              		.loc 1 142 0
 468 0050 00BF     		nop
 469 0052 BD46     		mov	sp, r7
 470              		.cfi_def_cfa_register 13
 471              		@ sp needed
 472 0054 BDE88040 		pop	{r7, lr}
 473              		.cfi_restore 14
 474              		.cfi_restore 7
 475              		.cfi_def_cfa_offset 16
 476 0058 04B0     		add	sp, sp, #16
 477              		.cfi_def_cfa_offset 0
 478 005a 7047     		bx	lr
 479              	.L21:
 480              		.align	2
 481              	.L20:
 482 005c 00000000 		.word	.LC0
 483 0060 04000000 		.word	.LC1
 484 0064 74000000 		.word	.LC7
 485 0068 84000000 		.word	.LC8
 486 006c 94000000 		.word	.LC9
 487 0070 A4000000 		.word	.LC10
 488 0074 B4000000 		.word	.LC11
 489              		.cfi_endproc
 490              	.LFE70:
 491              		.size	printTestStatus, .-printTestStatus
 492              		.section	.text.getTimeStamp,"ax",%progbits
 493              		.align	2
 494              		.global	getTimeStamp
 495              		.thumb
 496              		.thumb_func
 497              		.type	getTimeStamp, %function
 498              	getTimeStamp:
 499              	.LFB71:
 143:debug.c       **** 
 144:debug.c       **** 
 145:debug.c       **** // Returns local times in epoch seconds (seconds since Jan 1, 1970)
 146:debug.c       **** // Can also cast this to a t_of_day struct
ARM GAS  C:\Users\hail\AppData\Local\Temp\cccQqUje.s 			page 13


 147:debug.c       **** long getTimeStamp(){
 500              		.loc 1 147 0
 501              		.cfi_startproc
 502              		@ args = 0, pretend = 0, frame = 48
 503              		@ frame_needed = 1, uses_anonymous_args = 0
 504 0000 80B5     		push	{r7, lr}
 505              		.cfi_def_cfa_offset 8
 506              		.cfi_offset 7, -8
 507              		.cfi_offset 14, -4
 508 0002 8CB0     		sub	sp, sp, #48
 509              		.cfi_def_cfa_offset 56
 510 0004 00AF     		add	r7, sp, #0
 511              		.cfi_def_cfa_register 7
 148:debug.c       ****     // RTC_TIME_DATE * RTC_ReadTime(void) Description: Reads the current time and date. Parameters:
 149:debug.c       ****     // Creates a variable named localTime that is a pointer to RTC_TIME_DATE. It saves the time and
 150:debug.c       ****     RTC_TIME_DATE *localTime = RTC_ReadTime();
 512              		.loc 1 150 0
 513 0006 FFF7FEFF 		bl	RTC_ReadTime
 514 000a F862     		str	r0, [r7, #44]
 151:debug.c       ****    
 152:debug.c       ****     struct tm t; // creates variable t of struct tm
 153:debug.c       ****     time_t t_of_day;
 154:debug.c       **** 
 155:debug.c       ****     // sets each variable to the correct time 
 156:debug.c       ****     t.tm_sec = localTime->Sec;
 515              		.loc 1 156 0
 516 000c FB6A     		ldr	r3, [r7, #44]
 517 000e 1B78     		ldrb	r3, [r3]
 518 0010 DBB2     		uxtb	r3, r3
 519 0012 7B60     		str	r3, [r7, #4]
 157:debug.c       ****     t.tm_min = localTime->Min;
 520              		.loc 1 157 0
 521 0014 FB6A     		ldr	r3, [r7, #44]
 522 0016 5B78     		ldrb	r3, [r3, #1]
 523 0018 DBB2     		uxtb	r3, r3
 524 001a BB60     		str	r3, [r7, #8]
 158:debug.c       ****     t.tm_hour = localTime->Hour;
 525              		.loc 1 158 0
 526 001c FB6A     		ldr	r3, [r7, #44]
 527 001e 9B78     		ldrb	r3, [r3, #2]
 528 0020 DBB2     		uxtb	r3, r3
 529 0022 FB60     		str	r3, [r7, #12]
 159:debug.c       ****     t.tm_year = localTime->Year - 1900;  // Year - 1900
 530              		.loc 1 159 0
 531 0024 FB6A     		ldr	r3, [r7, #44]
 532 0026 5B89     		ldrh	r3, [r3, #10]	@ movhi
 533 0028 9BB2     		uxth	r3, r3
 534 002a A3F26C73 		subw	r3, r3, #1900
 535 002e BB61     		str	r3, [r7, #24]
 160:debug.c       ****     t.tm_mon = localTime->Month;           // Month, where 0 = jan
 536              		.loc 1 160 0
 537 0030 FB6A     		ldr	r3, [r7, #44]
 538 0032 1B7A     		ldrb	r3, [r3, #8]
 539 0034 DBB2     		uxtb	r3, r3
 540 0036 7B61     		str	r3, [r7, #20]
 161:debug.c       ****     t.tm_mday = localTime->DayOfMonth;          // Day of the month
 541              		.loc 1 161 0
ARM GAS  C:\Users\hail\AppData\Local\Temp\cccQqUje.s 			page 14


 542 0038 FB6A     		ldr	r3, [r7, #44]
 543 003a 1B79     		ldrb	r3, [r3, #4]
 544 003c DBB2     		uxtb	r3, r3
 545 003e 3B61     		str	r3, [r7, #16]
 162:debug.c       ****     t.tm_isdst = 0;        // Is Daylight Savings on? 1 = yes, 0 = no, -1 = unknown
 546              		.loc 1 162 0
 547 0040 0023     		movs	r3, #0
 548 0042 7B62     		str	r3, [r7, #36]
 163:debug.c       ****     
 164:debug.c       ****     // the mktime() function converts a broken-down local time (pointed to by timeptr) and returns 
 165:debug.c       ****     // the syntax for the mktime function in the C Language is: time_t mktime(struct tm *timeptr);
 166:debug.c       ****     // creates variable t_of_day of type time_t
 167:debug.c       ****     t_of_day = mktime(&t); // determines a calendar time
 549              		.loc 1 167 0
 550 0044 3B1D     		adds	r3, r7, #4
 551 0046 1846     		mov	r0, r3
 552 0048 FFF7FEFF 		bl	mktime
 553 004c B862     		str	r0, [r7, #40]
 168:debug.c       **** 
 169:debug.c       ****     return (long) t_of_day;
 554              		.loc 1 169 0
 555 004e BB6A     		ldr	r3, [r7, #40]
 170:debug.c       **** }
 556              		.loc 1 170 0
 557 0050 1846     		mov	r0, r3
 558 0052 3037     		adds	r7, r7, #48
 559              		.cfi_def_cfa_offset 8
 560 0054 BD46     		mov	sp, r7
 561              		.cfi_def_cfa_register 13
 562              		@ sp needed
 563 0056 80BD     		pop	{r7, pc}
 564              		.cfi_endproc
 565              	.LFE71:
 566              		.size	getTimeStamp, .-getTimeStamp
 567              		.section	.text.stripEscapeCharacters,"ax",%progbits
 568              		.align	2
 569              		.global	stripEscapeCharacters
 570              		.thumb
 571              		.thumb_func
 572              		.type	stripEscapeCharacters, %function
 573              	stripEscapeCharacters:
 574              	.LFB72:
 171:debug.c       **** 
 172:debug.c       **** // The C library function char *strchr(const char *str, int c) searches for the first occurrence of
 173:debug.c       **** // Format for strchr() function: char *strchr(const char *str, int c).
 174:debug.c       **** void stripEscapeCharacters(char *string){
 575              		.loc 1 174 0
 576              		.cfi_startproc
 577              		@ args = 0, pretend = 0, frame = 16
 578              		@ frame_needed = 1, uses_anonymous_args = 0
 579 0000 80B5     		push	{r7, lr}
 580              		.cfi_def_cfa_offset 8
 581              		.cfi_offset 7, -8
 582              		.cfi_offset 14, -4
 583 0002 84B0     		sub	sp, sp, #16
 584              		.cfi_def_cfa_offset 24
 585 0004 00AF     		add	r7, sp, #0
ARM GAS  C:\Users\hail\AppData\Local\Temp\cccQqUje.s 			page 15


 586              		.cfi_def_cfa_register 7
 587 0006 7860     		str	r0, [r7, #4]
 175:debug.c       **** 
 176:debug.c       ****   char * pch;
 177:debug.c       ****   pch=strchr(string,'\n');
 588              		.loc 1 177 0
 589 0008 0A21     		movs	r1, #10
 590 000a 7868     		ldr	r0, [r7, #4]
 591 000c FFF7FEFF 		bl	strchr
 592 0010 F860     		str	r0, [r7, #12]
 178:debug.c       ****   while (pch!=NULL)
 593              		.loc 1 178 0
 594 0012 0EE0     		b	.L25
 595              	.L26:
 179:debug.c       ****   {
 180:debug.c       ****     string[pch-string+1] = 0;
 596              		.loc 1 180 0
 597 0014 FA68     		ldr	r2, [r7, #12]
 598 0016 7B68     		ldr	r3, [r7, #4]
 599 0018 D31A     		subs	r3, r2, r3
 600 001a 0133     		adds	r3, r3, #1
 601 001c 7A68     		ldr	r2, [r7, #4]
 602 001e 1344     		add	r3, r3, r2
 603 0020 0022     		movs	r2, #0
 604 0022 1A70     		strb	r2, [r3]
 181:debug.c       ****     pch=strchr(pch+1,'s');
 605              		.loc 1 181 0
 606 0024 FB68     		ldr	r3, [r7, #12]
 607 0026 0133     		adds	r3, r3, #1
 608 0028 7321     		movs	r1, #115
 609 002a 1846     		mov	r0, r3
 610 002c FFF7FEFF 		bl	strchr
 611 0030 F860     		str	r0, [r7, #12]
 612              	.L25:
 178:debug.c       ****   while (pch!=NULL)
 613              		.loc 1 178 0
 614 0032 FB68     		ldr	r3, [r7, #12]
 615 0034 002B     		cmp	r3, #0
 616 0036 EDD1     		bne	.L26
 182:debug.c       ****   }
 183:debug.c       **** }
 617              		.loc 1 183 0
 618 0038 00BF     		nop
 619 003a 1037     		adds	r7, r7, #16
 620              		.cfi_def_cfa_offset 8
 621 003c BD46     		mov	sp, r7
 622              		.cfi_def_cfa_register 13
 623              		@ sp needed
 624 003e 80BD     		pop	{r7, pc}
 625              		.cfi_endproc
 626              	.LFE72:
 627              		.size	stripEscapeCharacters, .-stripEscapeCharacters
 628              		.section	.text.strextract,"ax",%progbits
 629              		.align	2
 630              		.global	strextract
 631              		.thumb
 632              		.thumb_func
ARM GAS  C:\Users\hail\AppData\Local\Temp\cccQqUje.s 			page 16


 633              		.type	strextract, %function
 634              	strextract:
 635              	.LFB73:
 184:debug.c       **** 
 185:debug.c       **** // Extract
 186:debug.c       **** char *strextract(const char input_str[], char output_str[],
 187:debug.c       ****                  const char search_start[], const char search_end[]) {
 636              		.loc 1 187 0
 637              		.cfi_startproc
 638              		@ args = 0, pretend = 0, frame = 24
 639              		@ frame_needed = 1, uses_anonymous_args = 0
 640 0000 80B5     		push	{r7, lr}
 641              		.cfi_def_cfa_offset 8
 642              		.cfi_offset 7, -8
 643              		.cfi_offset 14, -4
 644 0002 86B0     		sub	sp, sp, #24
 645              		.cfi_def_cfa_offset 32
 646 0004 00AF     		add	r7, sp, #0
 647              		.cfi_def_cfa_register 7
 648 0006 F860     		str	r0, [r7, #12]
 649 0008 B960     		str	r1, [r7, #8]
 650 000a 7A60     		str	r2, [r7, #4]
 651 000c 3B60     		str	r3, [r7]
 188:debug.c       ****     if (input_str == NULL) return NULL;
 652              		.loc 1 188 0
 653 000e FB68     		ldr	r3, [r7, #12]
 654 0010 002B     		cmp	r3, #0
 655 0012 01D1     		bne	.L28
 656              		.loc 1 188 0 is_stmt 0 discriminator 1
 657 0014 0023     		movs	r3, #0
 658 0016 29E0     		b	.L29
 659              	.L28:
 189:debug.c       ****     char *begin, *end = NULL;
 660              		.loc 1 189 0 is_stmt 1
 661 0018 0023     		movs	r3, #0
 662 001a 7B61     		str	r3, [r7, #20]
 190:debug.c       **** 
 191:debug.c       ****     // strstr(): char *strstr(const char *haystack, const char *needle). haystack - main C string t
 192:debug.c       ****     if ((begin = strstr(input_str, search_start))) {
 663              		.loc 1 192 0
 664 001c 7968     		ldr	r1, [r7, #4]
 665 001e F868     		ldr	r0, [r7, #12]
 666 0020 FFF7FEFF 		bl	strstr
 667 0024 3861     		str	r0, [r7, #16]
 668 0026 3B69     		ldr	r3, [r7, #16]
 669 0028 002B     		cmp	r3, #0
 670 002a 1ED0     		beq	.L30
 193:debug.c       ****         // The strlen() function calculates the length of a given string. The strlen() function tak
 194:debug.c       ****         begin += strlen(search_start);
 671              		.loc 1 194 0
 672 002c 7868     		ldr	r0, [r7, #4]
 673 002e FFF7FEFF 		bl	strlen
 674 0032 0246     		mov	r2, r0
 675 0034 3B69     		ldr	r3, [r7, #16]
 676 0036 1344     		add	r3, r3, r2
 677 0038 3B61     		str	r3, [r7, #16]
 195:debug.c       ****         if ((end = strstr(begin, search_end))) {
ARM GAS  C:\Users\hail\AppData\Local\Temp\cccQqUje.s 			page 17


 678              		.loc 1 195 0
 679 003a 3968     		ldr	r1, [r7]
 680 003c 3869     		ldr	r0, [r7, #16]
 681 003e FFF7FEFF 		bl	strstr
 682 0042 7861     		str	r0, [r7, #20]
 683 0044 7B69     		ldr	r3, [r7, #20]
 684 0046 002B     		cmp	r3, #0
 685 0048 0FD0     		beq	.L30
 196:debug.c       ****             // strncpy(: char *strncpy(char *dest, const char *src, size_t n). dest -  pointer to t
 197:debug.c       ****             strncpy(output_str, begin, end - begin);
 686              		.loc 1 197 0
 687 004a 7A69     		ldr	r2, [r7, #20]
 688 004c 3B69     		ldr	r3, [r7, #16]
 689 004e D31A     		subs	r3, r2, r3
 690 0050 1A46     		mov	r2, r3
 691 0052 3969     		ldr	r1, [r7, #16]
 692 0054 B868     		ldr	r0, [r7, #8]
 693 0056 FFF7FEFF 		bl	strncpy
 198:debug.c       ****             output_str[end - begin] = '\0';
 694              		.loc 1 198 0
 695 005a 7A69     		ldr	r2, [r7, #20]
 696 005c 3B69     		ldr	r3, [r7, #16]
 697 005e D31A     		subs	r3, r2, r3
 698 0060 1A46     		mov	r2, r3
 699 0062 BB68     		ldr	r3, [r7, #8]
 700 0064 1344     		add	r3, r3, r2
 701 0066 0022     		movs	r2, #0
 702 0068 1A70     		strb	r2, [r3]
 703              	.L30:
 199:debug.c       ****         }
 200:debug.c       ****     }
 201:debug.c       **** 
 202:debug.c       ****     return end;
 704              		.loc 1 202 0
 705 006a 7B69     		ldr	r3, [r7, #20]
 706              	.L29:
 203:debug.c       **** }
 707              		.loc 1 203 0
 708 006c 1846     		mov	r0, r3
 709 006e 1837     		adds	r7, r7, #24
 710              		.cfi_def_cfa_offset 8
 711 0070 BD46     		mov	sp, r7
 712              		.cfi_def_cfa_register 13
 713              		@ sp needed
 714 0072 80BD     		pop	{r7, pc}
 715              		.cfi_endproc
 716              	.LFE73:
 717              		.size	strextract, .-strextract
 718              		.section	.text.printd,"ax",%progbits
 719              		.align	2
 720              		.global	printd
 721              		.thumb
 722              		.thumb_func
 723              		.type	printd, %function
 724              	printd:
 725              	.LFB74:
 204:debug.c       **** 
ARM GAS  C:\Users\hail\AppData\Local\Temp\cccQqUje.s 			page 18


 205:debug.c       **** //out attempt at a safe (from buffer overflow) version of printf     
 206:debug.c       **** void printd(char* format, ...){
 726              		.loc 1 206 0
 727              		.cfi_startproc
 728              		@ args = 4, pretend = 16, frame = 2056
 729              		@ frame_needed = 1, uses_anonymous_args = 1
 730 0000 0FB4     		push	{r0, r1, r2, r3}
 731              		.cfi_def_cfa_offset 16
 732              		.cfi_offset 0, -16
 733              		.cfi_offset 1, -12
 734              		.cfi_offset 2, -8
 735              		.cfi_offset 3, -4
 736 0002 80B5     		push	{r7, lr}
 737              		.cfi_def_cfa_offset 24
 738              		.cfi_offset 7, -24
 739              		.cfi_offset 14, -20
 740 0004 ADF6080D 		subw	sp, sp, #2056
 741              		.cfi_def_cfa_offset 2080
 742 0008 00AF     		add	r7, sp, #0
 743              		.cfi_def_cfa_register 7
 207:debug.c       ****     
 208:debug.c       ****     va_list argptr; // Create variable argptr of data structure va_list
 209:debug.c       ****     va_start(argptr, format); // void va_start(va_list ap, last_arg) initializes ap variable to be 
 744              		.loc 1 209 0
 745 000a 07F61403 		addw	r3, r7, #2068
 746 000e C7F80438 		str	r3, [r7, #2052]
 210:debug.c       ****     
 211:debug.c       ****     // Create character array debug_string of size MAX_DEBUG_STRING_LENGTH
 212:debug.c       ****     char debug_string[MAX_DEBUG_STRING_LENGTH];
 213:debug.c       ****     // The vsnprintf() used to write a formatted string to a string buffer.vsnprintf(debug_string,M
 214:debug.c       ****     vsnprintf(debug_string,MAX_DEBUG_STRING_LENGTH,format, argptr);
 747              		.loc 1 214 0
 748 0012 381D     		adds	r0, r7, #4
 749 0014 D7F80438 		ldr	r3, [r7, #2052]
 750 0018 D7F81028 		ldr	r2, [r7, #2064]
 751 001c 4FF40061 		mov	r1, #2048
 752 0020 FFF7FEFF 		bl	vsnprintf
 215:debug.c       ****     // Sends a NULL terminated string to the TX buffer for transmission.
 216:debug.c       ****     Debug_UART_PutString(debug_string);
 753              		.loc 1 216 0
 754 0024 3B1D     		adds	r3, r7, #4
 755 0026 1846     		mov	r0, r3
 756 0028 FFF7FEFF 		bl	Debug_UART_PutString
 217:debug.c       ****     
 218:debug.c       ****     va_end(argptr); // macro void va_end(va_list ap) allows a function with variable arguments whic
 219:debug.c       ****     
 220:debug.c       **** }
 757              		.loc 1 220 0
 758 002c 00BF     		nop
 759 002e 07F60807 		addw	r7, r7, #2056
 760              		.cfi_def_cfa_offset 24
 761 0032 BD46     		mov	sp, r7
 762              		.cfi_def_cfa_register 13
 763              		@ sp needed
 764 0034 BDE88040 		pop	{r7, lr}
 765              		.cfi_restore 14
 766              		.cfi_restore 7
ARM GAS  C:\Users\hail\AppData\Local\Temp\cccQqUje.s 			page 19


 767              		.cfi_def_cfa_offset 16
 768 0038 04B0     		add	sp, sp, #16
 769              		.cfi_restore 3
 770              		.cfi_restore 2
 771              		.cfi_restore 1
 772              		.cfi_restore 0
 773              		.cfi_def_cfa_offset 0
 774 003a 7047     		bx	lr
 775              		.cfi_endproc
 776              	.LFE74:
 777              		.size	printd, .-printd
 778              		.text
 779              	.Letext0:
 780              		.file 2 "c:\\program files (x86)\\cypress\\psoc creator\\4.1\\psoc creator\\import\\gnu\\arm\\5.4.
 781              		.file 3 "c:\\program files (x86)\\cypress\\psoc creator\\4.1\\psoc creator\\import\\gnu\\arm\\5.4.
 782              		.file 4 "c:\\program files (x86)\\cypress\\psoc creator\\4.1\\psoc creator\\import\\gnu\\arm\\5.4.
 783              		.file 5 "c:\\program files (x86)\\cypress\\psoc creator\\4.1\\psoc creator\\import\\gnu\\arm\\5.4.
 784              		.file 6 "c:\\program files (x86)\\cypress\\psoc creator\\4.1\\psoc creator\\import\\gnu\\arm\\5.4.
 785              		.file 7 "Generated_Source\\PSoC5/cytypes.h"
 786              		.file 8 "Generated_Source\\PSoC5/RTC.h"
 787              		.file 9 "testing.h"
 788              		.file 10 "Generated_Source\\PSoC5/core_cm3.h"
 789              		.file 11 "<built-in>"
 790              		.section	.debug_info,"",%progbits
 791              	.Ldebug_info0:
 792 0000 FD040000 		.4byte	0x4fd
 793 0004 0400     		.2byte	0x4
 794 0006 00000000 		.4byte	.Ldebug_abbrev0
 795 000a 04       		.byte	0x4
 796 000b 01       		.uleb128 0x1
 797 000c 66000000 		.4byte	.LASF70
 798 0010 0C       		.byte	0xc
 799 0011 42010000 		.4byte	.LASF71
 800 0015 27020000 		.4byte	.LASF72
 801 0019 00000000 		.4byte	.Ldebug_ranges0+0
 802 001d 00000000 		.4byte	0
 803 0021 00000000 		.4byte	.Ldebug_line0
 804 0025 02       		.uleb128 0x2
 805 0026 01       		.byte	0x1
 806 0027 06       		.byte	0x6
 807 0028 DD010000 		.4byte	.LASF0
 808 002c 02       		.uleb128 0x2
 809 002d 01       		.byte	0x1
 810 002e 08       		.byte	0x8
 811 002f C5010000 		.4byte	.LASF1
 812 0033 02       		.uleb128 0x2
 813 0034 02       		.byte	0x2
 814 0035 05       		.byte	0x5
 815 0036 3D000000 		.4byte	.LASF2
 816 003a 02       		.uleb128 0x2
 817 003b 02       		.byte	0x2
 818 003c 07       		.byte	0x7
 819 003d 77020000 		.4byte	.LASF3
 820 0041 03       		.uleb128 0x3
 821 0042 34030000 		.4byte	.LASF10
 822 0046 02       		.byte	0x2
 823 0047 3F       		.byte	0x3f
ARM GAS  C:\Users\hail\AppData\Local\Temp\cccQqUje.s 			page 20


 824 0048 4C000000 		.4byte	0x4c
 825 004c 02       		.uleb128 0x2
 826 004d 04       		.byte	0x4
 827 004e 05       		.byte	0x5
 828 004f A4020000 		.4byte	.LASF4
 829 0053 02       		.uleb128 0x2
 830 0054 04       		.byte	0x4
 831 0055 07       		.byte	0x7
 832 0056 08030000 		.4byte	.LASF5
 833 005a 02       		.uleb128 0x2
 834 005b 08       		.byte	0x8
 835 005c 05       		.byte	0x5
 836 005d FC000000 		.4byte	.LASF6
 837 0061 02       		.uleb128 0x2
 838 0062 08       		.byte	0x8
 839 0063 07       		.byte	0x7
 840 0064 F1010000 		.4byte	.LASF7
 841 0068 04       		.uleb128 0x4
 842 0069 04       		.byte	0x4
 843 006a 05       		.byte	0x5
 844 006b 696E7400 		.ascii	"int\000"
 845 006f 02       		.uleb128 0x2
 846 0070 04       		.byte	0x4
 847 0071 07       		.byte	0x7
 848 0072 0D020000 		.4byte	.LASF8
 849 0076 02       		.uleb128 0x2
 850 0077 08       		.byte	0x8
 851 0078 04       		.byte	0x4
 852 0079 B9010000 		.4byte	.LASF9
 853 007d 03       		.uleb128 0x3
 854 007e 47030000 		.4byte	.LASF11
 855 0082 03       		.byte	0x3
 856 0083 28       		.byte	0x28
 857 0084 88000000 		.4byte	0x88
 858 0088 05       		.uleb128 0x5
 859 0089 7D010000 		.4byte	.LASF16
 860 008d 04       		.byte	0x4
 861 008e 0B       		.byte	0xb
 862 008f 00       		.byte	0
 863 0090 9F000000 		.4byte	0x9f
 864 0094 06       		.uleb128 0x6
 865 0095 1A020000 		.4byte	.LASF73
 866 0099 9F000000 		.4byte	0x9f
 867 009d 00       		.byte	0
 868 009e 00       		.byte	0
 869 009f 07       		.uleb128 0x7
 870 00a0 04       		.byte	0x4
 871 00a1 02       		.uleb128 0x2
 872 00a2 04       		.byte	0x4
 873 00a3 07       		.byte	0x7
 874 00a4 3E030000 		.4byte	.LASF12
 875 00a8 08       		.uleb128 0x8
 876 00a9 04       		.byte	0x4
 877 00aa AE000000 		.4byte	0xae
 878 00ae 02       		.uleb128 0x2
 879 00af 01       		.byte	0x1
 880 00b0 08       		.byte	0x8
ARM GAS  C:\Users\hail\AppData\Local\Temp\cccQqUje.s 			page 21


 881 00b1 98020000 		.4byte	.LASF13
 882 00b5 08       		.uleb128 0x8
 883 00b6 04       		.byte	0x4
 884 00b7 BB000000 		.4byte	0xbb
 885 00bb 09       		.uleb128 0x9
 886 00bc AE000000 		.4byte	0xae
 887 00c0 03       		.uleb128 0x3
 888 00c1 BD020000 		.4byte	.LASF14
 889 00c5 04       		.byte	0x4
 890 00c6 2C       		.byte	0x2c
 891 00c7 41000000 		.4byte	0x41
 892 00cb 03       		.uleb128 0x3
 893 00cc 76010000 		.4byte	.LASF15
 894 00d0 05       		.byte	0x5
 895 00d1 28       		.byte	0x28
 896 00d2 4C000000 		.4byte	0x4c
 897 00d6 0A       		.uleb128 0xa
 898 00d7 746D00   		.ascii	"tm\000"
 899 00da 24       		.byte	0x24
 900 00db 06       		.byte	0x6
 901 00dc 21       		.byte	0x21
 902 00dd 4E010000 		.4byte	0x14e
 903 00e1 0B       		.uleb128 0xb
 904 00e2 6E030000 		.4byte	.LASF17
 905 00e6 06       		.byte	0x6
 906 00e7 23       		.byte	0x23
 907 00e8 68000000 		.4byte	0x68
 908 00ec 00       		.byte	0
 909 00ed 0B       		.uleb128 0xb
 910 00ee 5B010000 		.4byte	.LASF18
 911 00f2 06       		.byte	0x6
 912 00f3 24       		.byte	0x24
 913 00f4 68000000 		.4byte	0x68
 914 00f8 04       		.byte	0x4
 915 00f9 0B       		.uleb128 0xb
 916 00fa 09000000 		.4byte	.LASF19
 917 00fe 06       		.byte	0x6
 918 00ff 25       		.byte	0x25
 919 0100 68000000 		.4byte	0x68
 920 0104 08       		.byte	0x8
 921 0105 0B       		.uleb128 0xb
 922 0106 1F020000 		.4byte	.LASF20
 923 010a 06       		.byte	0x6
 924 010b 26       		.byte	0x26
 925 010c 68000000 		.4byte	0x68
 926 0110 0C       		.byte	0xc
 927 0111 0B       		.uleb128 0xb
 928 0112 68010000 		.4byte	.LASF21
 929 0116 06       		.byte	0x6
 930 0117 27       		.byte	0x27
 931 0118 68000000 		.4byte	0x68
 932 011c 10       		.byte	0x10
 933 011d 0B       		.uleb128 0xb
 934 011e E9010000 		.4byte	.LASF22
 935 0122 06       		.byte	0x6
 936 0123 28       		.byte	0x28
 937 0124 68000000 		.4byte	0x68
ARM GAS  C:\Users\hail\AppData\Local\Temp\cccQqUje.s 			page 22


 938 0128 14       		.byte	0x14
 939 0129 0B       		.uleb128 0xb
 940 012a F4000000 		.4byte	.LASF23
 941 012e 06       		.byte	0x6
 942 012f 29       		.byte	0x29
 943 0130 68000000 		.4byte	0x68
 944 0134 18       		.byte	0x18
 945 0135 0B       		.uleb128 0xb
 946 0136 D2020000 		.4byte	.LASF24
 947 013a 06       		.byte	0x6
 948 013b 2A       		.byte	0x2a
 949 013c 68000000 		.4byte	0x68
 950 0140 1C       		.byte	0x1c
 951 0141 0B       		.uleb128 0xb
 952 0142 F4020000 		.4byte	.LASF25
 953 0146 06       		.byte	0x6
 954 0147 2B       		.byte	0x2b
 955 0148 68000000 		.4byte	0x68
 956 014c 20       		.byte	0x20
 957 014d 00       		.byte	0
 958 014e 0C       		.uleb128 0xc
 959 014f 4A010000 		.4byte	.LASF26
 960 0153 07       		.byte	0x7
 961 0154 9201     		.2byte	0x192
 962 0156 2C000000 		.4byte	0x2c
 963 015a 0C       		.uleb128 0xc
 964 015b 33010000 		.4byte	.LASF27
 965 015f 07       		.byte	0x7
 966 0160 9301     		.2byte	0x193
 967 0162 3A000000 		.4byte	0x3a
 968 0166 02       		.uleb128 0x2
 969 0167 04       		.byte	0x4
 970 0168 04       		.byte	0x4
 971 0169 62010000 		.4byte	.LASF28
 972 016d 02       		.uleb128 0x2
 973 016e 08       		.byte	0x8
 974 016f 04       		.byte	0x4
 975 0170 1A030000 		.4byte	.LASF29
 976 0174 0D       		.uleb128 0xd
 977 0175 0C       		.byte	0xc
 978 0176 08       		.byte	0x8
 979 0177 30       		.byte	0x30
 980 0178 DD010000 		.4byte	0x1dd
 981 017c 0E       		.uleb128 0xe
 982 017d 53656300 		.ascii	"Sec\000"
 983 0181 08       		.byte	0x8
 984 0182 32       		.byte	0x32
 985 0183 4E010000 		.4byte	0x14e
 986 0187 00       		.byte	0
 987 0188 0E       		.uleb128 0xe
 988 0189 4D696E00 		.ascii	"Min\000"
 989 018d 08       		.byte	0x8
 990 018e 33       		.byte	0x33
 991 018f 4E010000 		.4byte	0x14e
 992 0193 01       		.byte	0x1
 993 0194 0B       		.uleb128 0xb
 994 0195 1E010000 		.4byte	.LASF30
ARM GAS  C:\Users\hail\AppData\Local\Temp\cccQqUje.s 			page 23


 995 0199 08       		.byte	0x8
 996 019a 34       		.byte	0x34
 997 019b 4E010000 		.4byte	0x14e
 998 019f 02       		.byte	0x2
 999 01a0 0B       		.uleb128 0xb
 1000 01a1 D3010000 		.4byte	.LASF31
 1001 01a5 08       		.byte	0x8
 1002 01a6 35       		.byte	0x35
 1003 01a7 4E010000 		.4byte	0x14e
 1004 01ab 03       		.byte	0x3
 1005 01ac 0B       		.uleb128 0xb
 1006 01ad 28010000 		.4byte	.LASF32
 1007 01b1 08       		.byte	0x8
 1008 01b2 36       		.byte	0x36
 1009 01b3 4E010000 		.4byte	0x14e
 1010 01b7 04       		.byte	0x4
 1011 01b8 0B       		.uleb128 0xb
 1012 01b9 98030000 		.4byte	.LASF33
 1013 01bd 08       		.byte	0x8
 1014 01be 37       		.byte	0x37
 1015 01bf 5A010000 		.4byte	0x15a
 1016 01c3 06       		.byte	0x6
 1017 01c4 0B       		.uleb128 0xb
 1018 01c5 B3010000 		.4byte	.LASF34
 1019 01c9 08       		.byte	0x8
 1020 01ca 38       		.byte	0x38
 1021 01cb 4E010000 		.4byte	0x14e
 1022 01cf 08       		.byte	0x8
 1023 01d0 0B       		.uleb128 0xb
 1024 01d1 AE010000 		.4byte	.LASF35
 1025 01d5 08       		.byte	0x8
 1026 01d6 39       		.byte	0x39
 1027 01d7 5A010000 		.4byte	0x15a
 1028 01db 0A       		.byte	0xa
 1029 01dc 00       		.byte	0
 1030 01dd 03       		.uleb128 0x3
 1031 01de 47000000 		.4byte	.LASF36
 1032 01e2 08       		.byte	0x8
 1033 01e3 3A       		.byte	0x3a
 1034 01e4 E8010000 		.4byte	0x1e8
 1035 01e8 0F       		.uleb128 0xf
 1036 01e9 74010000 		.4byte	0x174
 1037 01ed 10       		.uleb128 0x10
 1038 01ee 8101     		.2byte	0x181
 1039 01f0 09       		.byte	0x9
 1040 01f1 0A       		.byte	0xa
 1041 01f2 1B020000 		.4byte	0x21b
 1042 01f6 0B       		.uleb128 0xb
 1043 01f7 1D000000 		.4byte	.LASF37
 1044 01fb 09       		.byte	0x9
 1045 01fc 0C       		.byte	0xc
 1046 01fd 1B020000 		.4byte	0x21b
 1047 0201 00       		.byte	0
 1048 0202 0B       		.uleb128 0xb
 1049 0203 8A020000 		.4byte	.LASF38
 1050 0207 09       		.byte	0x9
 1051 0208 0D       		.byte	0xd
ARM GAS  C:\Users\hail\AppData\Local\Temp\cccQqUje.s 			page 24


 1052 0209 4E010000 		.4byte	0x14e
 1053 020d 80       		.byte	0x80
 1054 020e 0B       		.uleb128 0xb
 1055 020f 87010000 		.4byte	.LASF39
 1056 0213 09       		.byte	0x9
 1057 0214 0F       		.byte	0xf
 1058 0215 2B020000 		.4byte	0x22b
 1059 0219 81       		.byte	0x81
 1060 021a 00       		.byte	0
 1061 021b 11       		.uleb128 0x11
 1062 021c AE000000 		.4byte	0xae
 1063 0220 2B020000 		.4byte	0x22b
 1064 0224 12       		.uleb128 0x12
 1065 0225 A1000000 		.4byte	0xa1
 1066 0229 7F       		.byte	0x7f
 1067 022a 00       		.byte	0
 1068 022b 11       		.uleb128 0x11
 1069 022c AE000000 		.4byte	0xae
 1070 0230 3B020000 		.4byte	0x23b
 1071 0234 12       		.uleb128 0x12
 1072 0235 A1000000 		.4byte	0xa1
 1073 0239 FF       		.byte	0xff
 1074 023a 00       		.byte	0
 1075 023b 03       		.uleb128 0x3
 1076 023c 9D020000 		.4byte	.LASF40
 1077 0240 09       		.byte	0x9
 1078 0241 10       		.byte	0x10
 1079 0242 ED010000 		.4byte	0x1ed
 1080 0246 03       		.uleb128 0x3
 1081 0247 3A010000 		.4byte	.LASF41
 1082 024b 03       		.byte	0x3
 1083 024c 62       		.byte	0x62
 1084 024d 7D000000 		.4byte	0x7d
 1085 0251 13       		.uleb128 0x13
 1086 0252 31000000 		.4byte	.LASF42
 1087 0256 01       		.byte	0x1
 1088 0257 0D       		.byte	0xd
 1089 0258 00000000 		.4byte	.LFB64
 1090 025c 0C000000 		.4byte	.LFE64-.LFB64
 1091 0260 01       		.uleb128 0x1
 1092 0261 9C       		.byte	0x9c
 1093 0262 13       		.uleb128 0x13
 1094 0263 FD020000 		.4byte	.LASF43
 1095 0267 01       		.byte	0x1
 1096 0268 17       		.byte	0x17
 1097 0269 00000000 		.4byte	.LFB65
 1098 026d 0C000000 		.4byte	.LFE65-.LFB65
 1099 0271 01       		.uleb128 0x1
 1100 0272 9C       		.byte	0x9c
 1101 0273 13       		.uleb128 0x13
 1102 0274 11000000 		.4byte	.LASF44
 1103 0278 01       		.byte	0x1
 1104 0279 1F       		.byte	0x1f
 1105 027a 00000000 		.4byte	.LFB66
 1106 027e 20000000 		.4byte	.LFE66-.LFB66
 1107 0282 01       		.uleb128 0x1
 1108 0283 9C       		.byte	0x9c
ARM GAS  C:\Users\hail\AppData\Local\Temp\cccQqUje.s 			page 25


 1109 0284 13       		.uleb128 0x13
 1110 0285 56030000 		.4byte	.LASF45
 1111 0289 01       		.byte	0x1
 1112 028a 30       		.byte	0x30
 1113 028b 00000000 		.4byte	.LFB67
 1114 028f 0C000000 		.4byte	.LFE67-.LFB67
 1115 0293 01       		.uleb128 0x1
 1116 0294 9C       		.byte	0x9c
 1117 0295 14       		.uleb128 0x14
 1118 0296 0A010000 		.4byte	.LASF59
 1119 029a 01       		.byte	0x1
 1120 029b 42       		.byte	0x42
 1121 029c 68000000 		.4byte	0x68
 1122 02a0 00000000 		.4byte	.LFB68
 1123 02a4 38000000 		.4byte	.LFE68-.LFB68
 1124 02a8 01       		.uleb128 0x1
 1125 02a9 9C       		.byte	0x9c
 1126 02aa E5020000 		.4byte	0x2e5
 1127 02ae 15       		.uleb128 0x15
 1128 02af 23010000 		.4byte	.LASF46
 1129 02b3 01       		.byte	0x1
 1130 02b4 42       		.byte	0x42
 1131 02b5 68000000 		.4byte	0x68
 1132 02b9 02       		.uleb128 0x2
 1133 02ba 91       		.byte	0x91
 1134 02bb 6C       		.sleb128 -20
 1135 02bc 16       		.uleb128 0x16
 1136 02bd 70747200 		.ascii	"ptr\000"
 1137 02c1 01       		.byte	0x1
 1138 02c2 42       		.byte	0x42
 1139 02c3 A8000000 		.4byte	0xa8
 1140 02c7 02       		.uleb128 0x2
 1141 02c8 91       		.byte	0x91
 1142 02c9 68       		.sleb128 -24
 1143 02ca 16       		.uleb128 0x16
 1144 02cb 6C656E00 		.ascii	"len\000"
 1145 02cf 01       		.byte	0x1
 1146 02d0 42       		.byte	0x42
 1147 02d1 68000000 		.4byte	0x68
 1148 02d5 02       		.uleb128 0x2
 1149 02d6 91       		.byte	0x91
 1150 02d7 64       		.sleb128 -28
 1151 02d8 17       		.uleb128 0x17
 1152 02d9 6900     		.ascii	"i\000"
 1153 02db 01       		.byte	0x1
 1154 02dc 44       		.byte	0x44
 1155 02dd 68000000 		.4byte	0x68
 1156 02e1 02       		.uleb128 0x2
 1157 02e2 91       		.byte	0x91
 1158 02e3 74       		.sleb128 -12
 1159 02e4 00       		.byte	0
 1160 02e5 18       		.uleb128 0x18
 1161 02e6 63030000 		.4byte	.LASF51
 1162 02ea 01       		.byte	0x1
 1163 02eb 55       		.byte	0x55
 1164 02ec 00000000 		.4byte	.LFB69
 1165 02f0 20010000 		.4byte	.LFE69-.LFB69
ARM GAS  C:\Users\hail\AppData\Local\Temp\cccQqUje.s 			page 26


 1166 02f4 01       		.uleb128 0x1
 1167 02f5 9C       		.byte	0x9c
 1168 02f6 5E030000 		.4byte	0x35e
 1169 02fa 15       		.uleb128 0x15
 1170 02fb 08020000 		.4byte	.LASF47
 1171 02ff 01       		.byte	0x1
 1172 0300 55       		.byte	0x55
 1173 0301 4E010000 		.4byte	0x14e
 1174 0305 03       		.uleb128 0x3
 1175 0306 91       		.byte	0x91
 1176 0307 DF6F     		.sleb128 -2081
 1177 0309 15       		.uleb128 0x15
 1178 030a 6F010000 		.4byte	.LASF48
 1179 030e 01       		.byte	0x1
 1180 030f 55       		.byte	0x55
 1181 0310 A8000000 		.4byte	0xa8
 1182 0314 02       		.uleb128 0x2
 1183 0315 91       		.byte	0x91
 1184 0316 74       		.sleb128 -12
 1185 0317 19       		.uleb128 0x19
 1186 0318 1A       		.uleb128 0x1a
 1187 0319 C5020000 		.4byte	.LASF49
 1188 031d 01       		.byte	0x1
 1189 031e 57       		.byte	0x57
 1190 031f 5E030000 		.4byte	0x35e
 1191 0323 03       		.uleb128 0x3
 1192 0324 91       		.byte	0x91
 1193 0325 E86F     		.sleb128 -2072
 1194 0327 1B       		.uleb128 0x1b
 1195 0328 20000000 		.4byte	.LBB2
 1196 032c 5E000000 		.4byte	.LBE2-.LBB2
 1197 0330 44030000 		.4byte	0x344
 1198 0334 1A       		.uleb128 0x1a
 1199 0335 21030000 		.4byte	.LASF50
 1200 0339 01       		.byte	0x1
 1201 033a 62       		.byte	0x62
 1202 033b 46020000 		.4byte	0x246
 1203 033f 03       		.uleb128 0x3
 1204 0340 91       		.byte	0x91
 1205 0341 E46F     		.sleb128 -2076
 1206 0343 00       		.byte	0
 1207 0344 1C       		.uleb128 0x1c
 1208 0345 90000000 		.4byte	.LBB3
 1209 0349 58000000 		.4byte	.LBE3-.LBB3
 1210 034d 1A       		.uleb128 0x1a
 1211 034e 21030000 		.4byte	.LASF50
 1212 0352 01       		.byte	0x1
 1213 0353 6F       		.byte	0x6f
 1214 0354 46020000 		.4byte	0x246
 1215 0358 03       		.uleb128 0x3
 1216 0359 91       		.byte	0x91
 1217 035a E06F     		.sleb128 -2080
 1218 035c 00       		.byte	0
 1219 035d 00       		.byte	0
 1220 035e 11       		.uleb128 0x11
 1221 035f AE000000 		.4byte	0xae
 1222 0363 6F030000 		.4byte	0x36f
ARM GAS  C:\Users\hail\AppData\Local\Temp\cccQqUje.s 			page 27


 1223 0367 1D       		.uleb128 0x1d
 1224 0368 A1000000 		.4byte	0xa1
 1225 036c FF07     		.2byte	0x7ff
 1226 036e 00       		.byte	0
 1227 036f 18       		.uleb128 0x18
 1228 0370 AD020000 		.4byte	.LASF52
 1229 0374 01       		.byte	0x1
 1230 0375 80       		.byte	0x80
 1231 0376 00000000 		.4byte	.LFB70
 1232 037a 78000000 		.4byte	.LFE70-.LFB70
 1233 037e 01       		.uleb128 0x1
 1234 037f 9C       		.byte	0x9c
 1235 0380 93030000 		.4byte	0x393
 1236 0384 15       		.uleb128 0x15
 1237 0385 E4020000 		.4byte	.LASF53
 1238 0389 01       		.byte	0x1
 1239 038a 80       		.byte	0x80
 1240 038b 3B020000 		.4byte	0x23b
 1241 038f 02       		.uleb128 0x2
 1242 0390 91       		.byte	0x91
 1243 0391 70       		.sleb128 -16
 1244 0392 00       		.byte	0
 1245 0393 1E       		.uleb128 0x1e
 1246 0394 11010000 		.4byte	.LASF54
 1247 0398 01       		.byte	0x1
 1248 0399 93       		.byte	0x93
 1249 039a 4C000000 		.4byte	0x4c
 1250 039e 00000000 		.4byte	.LFB71
 1251 03a2 58000000 		.4byte	.LFE71-.LFB71
 1252 03a6 01       		.uleb128 0x1
 1253 03a7 9C       		.byte	0x9c
 1254 03a8 D5030000 		.4byte	0x3d5
 1255 03ac 1A       		.uleb128 0x1a
 1256 03ad DA020000 		.4byte	.LASF55
 1257 03b1 01       		.byte	0x1
 1258 03b2 96       		.byte	0x96
 1259 03b3 D5030000 		.4byte	0x3d5
 1260 03b7 02       		.uleb128 0x2
 1261 03b8 91       		.byte	0x91
 1262 03b9 74       		.sleb128 -12
 1263 03ba 17       		.uleb128 0x17
 1264 03bb 7400     		.ascii	"t\000"
 1265 03bd 01       		.byte	0x1
 1266 03be 98       		.byte	0x98
 1267 03bf D6000000 		.4byte	0xd6
 1268 03c3 02       		.uleb128 0x2
 1269 03c4 91       		.byte	0x91
 1270 03c5 4C       		.sleb128 -52
 1271 03c6 1A       		.uleb128 0x1a
 1272 03c7 00000000 		.4byte	.LASF56
 1273 03cb 01       		.byte	0x1
 1274 03cc 99       		.byte	0x99
 1275 03cd CB000000 		.4byte	0xcb
 1276 03d1 02       		.uleb128 0x2
 1277 03d2 91       		.byte	0x91
 1278 03d3 70       		.sleb128 -16
 1279 03d4 00       		.byte	0
ARM GAS  C:\Users\hail\AppData\Local\Temp\cccQqUje.s 			page 28


 1280 03d5 08       		.uleb128 0x8
 1281 03d6 04       		.byte	0x4
 1282 03d7 DD010000 		.4byte	0x1dd
 1283 03db 18       		.uleb128 0x18
 1284 03dc 82030000 		.4byte	.LASF57
 1285 03e0 01       		.byte	0x1
 1286 03e1 AE       		.byte	0xae
 1287 03e2 00000000 		.4byte	.LFB72
 1288 03e6 40000000 		.4byte	.LFE72-.LFB72
 1289 03ea 01       		.uleb128 0x1
 1290 03eb 9C       		.byte	0x9c
 1291 03ec 0D040000 		.4byte	0x40d
 1292 03f0 15       		.uleb128 0x15
 1293 03f1 9B010000 		.4byte	.LASF58
 1294 03f5 01       		.byte	0x1
 1295 03f6 AE       		.byte	0xae
 1296 03f7 A8000000 		.4byte	0xa8
 1297 03fb 02       		.uleb128 0x2
 1298 03fc 91       		.byte	0x91
 1299 03fd 6C       		.sleb128 -20
 1300 03fe 17       		.uleb128 0x17
 1301 03ff 70636800 		.ascii	"pch\000"
 1302 0403 01       		.byte	0x1
 1303 0404 B0       		.byte	0xb0
 1304 0405 A8000000 		.4byte	0xa8
 1305 0409 02       		.uleb128 0x2
 1306 040a 91       		.byte	0x91
 1307 040b 74       		.sleb128 -12
 1308 040c 00       		.byte	0
 1309 040d 14       		.uleb128 0x14
 1310 040e 55000000 		.4byte	.LASF60
 1311 0412 01       		.byte	0x1
 1312 0413 BA       		.byte	0xba
 1313 0414 A8000000 		.4byte	0xa8
 1314 0418 00000000 		.4byte	.LFB73
 1315 041c 74000000 		.4byte	.LFE73-.LFB73
 1316 0420 01       		.uleb128 0x1
 1317 0421 9C       		.byte	0x9c
 1318 0422 7B040000 		.4byte	0x47b
 1319 0426 15       		.uleb128 0x15
 1320 0427 27000000 		.4byte	.LASF61
 1321 042b 01       		.byte	0x1
 1322 042c BA       		.byte	0xba
 1323 042d B5000000 		.4byte	0xb5
 1324 0431 02       		.uleb128 0x2
 1325 0432 91       		.byte	0x91
 1326 0433 6C       		.sleb128 -20
 1327 0434 15       		.uleb128 0x15
 1328 0435 50010000 		.4byte	.LASF62
 1329 0439 01       		.byte	0x1
 1330 043a BA       		.byte	0xba
 1331 043b A8000000 		.4byte	0xa8
 1332 043f 02       		.uleb128 0x2
 1333 0440 91       		.byte	0x91
 1334 0441 68       		.sleb128 -24
 1335 0442 15       		.uleb128 0x15
 1336 0443 8E010000 		.4byte	.LASF63
ARM GAS  C:\Users\hail\AppData\Local\Temp\cccQqUje.s 			page 29


 1337 0447 01       		.byte	0x1
 1338 0448 BB       		.byte	0xbb
 1339 0449 B5000000 		.4byte	0xb5
 1340 044d 02       		.uleb128 0x2
 1341 044e 91       		.byte	0x91
 1342 044f 64       		.sleb128 -28
 1343 0450 15       		.uleb128 0x15
 1344 0451 E9020000 		.4byte	.LASF64
 1345 0455 01       		.byte	0x1
 1346 0456 BB       		.byte	0xbb
 1347 0457 B5000000 		.4byte	0xb5
 1348 045b 02       		.uleb128 0x2
 1349 045c 91       		.byte	0x91
 1350 045d 60       		.sleb128 -32
 1351 045e 1A       		.uleb128 0x1a
 1352 045f 60000000 		.4byte	.LASF65
 1353 0463 01       		.byte	0x1
 1354 0464 BD       		.byte	0xbd
 1355 0465 A8000000 		.4byte	0xa8
 1356 0469 02       		.uleb128 0x2
 1357 046a 91       		.byte	0x91
 1358 046b 70       		.sleb128 -16
 1359 046c 17       		.uleb128 0x17
 1360 046d 656E6400 		.ascii	"end\000"
 1361 0471 01       		.byte	0x1
 1362 0472 BD       		.byte	0xbd
 1363 0473 A8000000 		.4byte	0xa8
 1364 0477 02       		.uleb128 0x2
 1365 0478 91       		.byte	0x91
 1366 0479 74       		.sleb128 -12
 1367 047a 00       		.byte	0
 1368 047b 18       		.uleb128 0x18
 1369 047c 91020000 		.4byte	.LASF66
 1370 0480 01       		.byte	0x1
 1371 0481 CE       		.byte	0xce
 1372 0482 00000000 		.4byte	.LFB74
 1373 0486 3C000000 		.4byte	.LFE74-.LFB74
 1374 048a 01       		.uleb128 0x1
 1375 048b 9C       		.byte	0x9c
 1376 048c BD040000 		.4byte	0x4bd
 1377 0490 15       		.uleb128 0x15
 1378 0491 6F010000 		.4byte	.LASF48
 1379 0495 01       		.byte	0x1
 1380 0496 CE       		.byte	0xce
 1381 0497 A8000000 		.4byte	0xa8
 1382 049b 02       		.uleb128 0x2
 1383 049c 91       		.byte	0x91
 1384 049d 70       		.sleb128 -16
 1385 049e 19       		.uleb128 0x19
 1386 049f 1A       		.uleb128 0x1a
 1387 04a0 21030000 		.4byte	.LASF50
 1388 04a4 01       		.byte	0x1
 1389 04a5 D0       		.byte	0xd0
 1390 04a6 46020000 		.4byte	0x246
 1391 04aa 02       		.uleb128 0x2
 1392 04ab 91       		.byte	0x91
 1393 04ac 64       		.sleb128 -28
ARM GAS  C:\Users\hail\AppData\Local\Temp\cccQqUje.s 			page 30


 1394 04ad 1A       		.uleb128 0x1a
 1395 04ae C5020000 		.4byte	.LASF49
 1396 04b2 01       		.byte	0x1
 1397 04b3 D4       		.byte	0xd4
 1398 04b4 5E030000 		.4byte	0x35e
 1399 04b8 03       		.uleb128 0x3
 1400 04b9 91       		.byte	0x91
 1401 04ba E46F     		.sleb128 -2076
 1402 04bc 00       		.byte	0
 1403 04bd 1F       		.uleb128 0x1f
 1404 04be 75030000 		.4byte	.LASF67
 1405 04c2 0A       		.byte	0xa
 1406 04c3 1207     		.2byte	0x712
 1407 04c5 C9040000 		.4byte	0x4c9
 1408 04c9 0F       		.uleb128 0xf
 1409 04ca C0000000 		.4byte	0xc0
 1410 04ce 11       		.uleb128 0x11
 1411 04cf AE000000 		.4byte	0xae
 1412 04d3 DE040000 		.4byte	0x4de
 1413 04d7 12       		.uleb128 0x12
 1414 04d8 A1000000 		.4byte	0xa1
 1415 04dc 1D       		.byte	0x1d
 1416 04dd 00       		.byte	0
 1417 04de 20       		.uleb128 0x20
 1418 04df A2010000 		.4byte	.LASF68
 1419 04e3 01       		.byte	0x1
 1420 04e4 06       		.byte	0x6
 1421 04e5 CE040000 		.4byte	0x4ce
 1422 04e9 05       		.uleb128 0x5
 1423 04ea 03       		.byte	0x3
 1424 04eb 00000000 		.4byte	BB_fileName
 1425 04ef 20       		.uleb128 0x20
 1426 04f0 28030000 		.4byte	.LASF69
 1427 04f4 01       		.byte	0x1
 1428 04f5 0A       		.byte	0xa
 1429 04f6 4E010000 		.4byte	0x14e
 1430 04fa 05       		.uleb128 0x5
 1431 04fb 03       		.byte	0x3
 1432 04fc 00000000 		.4byte	debug_level
 1433 0500 00       		.byte	0
 1434              		.section	.debug_abbrev,"",%progbits
 1435              	.Ldebug_abbrev0:
 1436 0000 01       		.uleb128 0x1
 1437 0001 11       		.uleb128 0x11
 1438 0002 01       		.byte	0x1
 1439 0003 25       		.uleb128 0x25
 1440 0004 0E       		.uleb128 0xe
 1441 0005 13       		.uleb128 0x13
 1442 0006 0B       		.uleb128 0xb
 1443 0007 03       		.uleb128 0x3
 1444 0008 0E       		.uleb128 0xe
 1445 0009 1B       		.uleb128 0x1b
 1446 000a 0E       		.uleb128 0xe
 1447 000b 55       		.uleb128 0x55
 1448 000c 17       		.uleb128 0x17
 1449 000d 11       		.uleb128 0x11
 1450 000e 01       		.uleb128 0x1
ARM GAS  C:\Users\hail\AppData\Local\Temp\cccQqUje.s 			page 31


 1451 000f 10       		.uleb128 0x10
 1452 0010 17       		.uleb128 0x17
 1453 0011 00       		.byte	0
 1454 0012 00       		.byte	0
 1455 0013 02       		.uleb128 0x2
 1456 0014 24       		.uleb128 0x24
 1457 0015 00       		.byte	0
 1458 0016 0B       		.uleb128 0xb
 1459 0017 0B       		.uleb128 0xb
 1460 0018 3E       		.uleb128 0x3e
 1461 0019 0B       		.uleb128 0xb
 1462 001a 03       		.uleb128 0x3
 1463 001b 0E       		.uleb128 0xe
 1464 001c 00       		.byte	0
 1465 001d 00       		.byte	0
 1466 001e 03       		.uleb128 0x3
 1467 001f 16       		.uleb128 0x16
 1468 0020 00       		.byte	0
 1469 0021 03       		.uleb128 0x3
 1470 0022 0E       		.uleb128 0xe
 1471 0023 3A       		.uleb128 0x3a
 1472 0024 0B       		.uleb128 0xb
 1473 0025 3B       		.uleb128 0x3b
 1474 0026 0B       		.uleb128 0xb
 1475 0027 49       		.uleb128 0x49
 1476 0028 13       		.uleb128 0x13
 1477 0029 00       		.byte	0
 1478 002a 00       		.byte	0
 1479 002b 04       		.uleb128 0x4
 1480 002c 24       		.uleb128 0x24
 1481 002d 00       		.byte	0
 1482 002e 0B       		.uleb128 0xb
 1483 002f 0B       		.uleb128 0xb
 1484 0030 3E       		.uleb128 0x3e
 1485 0031 0B       		.uleb128 0xb
 1486 0032 03       		.uleb128 0x3
 1487 0033 08       		.uleb128 0x8
 1488 0034 00       		.byte	0
 1489 0035 00       		.byte	0
 1490 0036 05       		.uleb128 0x5
 1491 0037 13       		.uleb128 0x13
 1492 0038 01       		.byte	0x1
 1493 0039 03       		.uleb128 0x3
 1494 003a 0E       		.uleb128 0xe
 1495 003b 0B       		.uleb128 0xb
 1496 003c 0B       		.uleb128 0xb
 1497 003d 3A       		.uleb128 0x3a
 1498 003e 0B       		.uleb128 0xb
 1499 003f 3B       		.uleb128 0x3b
 1500 0040 0B       		.uleb128 0xb
 1501 0041 01       		.uleb128 0x1
 1502 0042 13       		.uleb128 0x13
 1503 0043 00       		.byte	0
 1504 0044 00       		.byte	0
 1505 0045 06       		.uleb128 0x6
 1506 0046 0D       		.uleb128 0xd
 1507 0047 00       		.byte	0
ARM GAS  C:\Users\hail\AppData\Local\Temp\cccQqUje.s 			page 32


 1508 0048 03       		.uleb128 0x3
 1509 0049 0E       		.uleb128 0xe
 1510 004a 49       		.uleb128 0x49
 1511 004b 13       		.uleb128 0x13
 1512 004c 38       		.uleb128 0x38
 1513 004d 0B       		.uleb128 0xb
 1514 004e 34       		.uleb128 0x34
 1515 004f 19       		.uleb128 0x19
 1516 0050 00       		.byte	0
 1517 0051 00       		.byte	0
 1518 0052 07       		.uleb128 0x7
 1519 0053 0F       		.uleb128 0xf
 1520 0054 00       		.byte	0
 1521 0055 0B       		.uleb128 0xb
 1522 0056 0B       		.uleb128 0xb
 1523 0057 00       		.byte	0
 1524 0058 00       		.byte	0
 1525 0059 08       		.uleb128 0x8
 1526 005a 0F       		.uleb128 0xf
 1527 005b 00       		.byte	0
 1528 005c 0B       		.uleb128 0xb
 1529 005d 0B       		.uleb128 0xb
 1530 005e 49       		.uleb128 0x49
 1531 005f 13       		.uleb128 0x13
 1532 0060 00       		.byte	0
 1533 0061 00       		.byte	0
 1534 0062 09       		.uleb128 0x9
 1535 0063 26       		.uleb128 0x26
 1536 0064 00       		.byte	0
 1537 0065 49       		.uleb128 0x49
 1538 0066 13       		.uleb128 0x13
 1539 0067 00       		.byte	0
 1540 0068 00       		.byte	0
 1541 0069 0A       		.uleb128 0xa
 1542 006a 13       		.uleb128 0x13
 1543 006b 01       		.byte	0x1
 1544 006c 03       		.uleb128 0x3
 1545 006d 08       		.uleb128 0x8
 1546 006e 0B       		.uleb128 0xb
 1547 006f 0B       		.uleb128 0xb
 1548 0070 3A       		.uleb128 0x3a
 1549 0071 0B       		.uleb128 0xb
 1550 0072 3B       		.uleb128 0x3b
 1551 0073 0B       		.uleb128 0xb
 1552 0074 01       		.uleb128 0x1
 1553 0075 13       		.uleb128 0x13
 1554 0076 00       		.byte	0
 1555 0077 00       		.byte	0
 1556 0078 0B       		.uleb128 0xb
 1557 0079 0D       		.uleb128 0xd
 1558 007a 00       		.byte	0
 1559 007b 03       		.uleb128 0x3
 1560 007c 0E       		.uleb128 0xe
 1561 007d 3A       		.uleb128 0x3a
 1562 007e 0B       		.uleb128 0xb
 1563 007f 3B       		.uleb128 0x3b
 1564 0080 0B       		.uleb128 0xb
ARM GAS  C:\Users\hail\AppData\Local\Temp\cccQqUje.s 			page 33


 1565 0081 49       		.uleb128 0x49
 1566 0082 13       		.uleb128 0x13
 1567 0083 38       		.uleb128 0x38
 1568 0084 0B       		.uleb128 0xb
 1569 0085 00       		.byte	0
 1570 0086 00       		.byte	0
 1571 0087 0C       		.uleb128 0xc
 1572 0088 16       		.uleb128 0x16
 1573 0089 00       		.byte	0
 1574 008a 03       		.uleb128 0x3
 1575 008b 0E       		.uleb128 0xe
 1576 008c 3A       		.uleb128 0x3a
 1577 008d 0B       		.uleb128 0xb
 1578 008e 3B       		.uleb128 0x3b
 1579 008f 05       		.uleb128 0x5
 1580 0090 49       		.uleb128 0x49
 1581 0091 13       		.uleb128 0x13
 1582 0092 00       		.byte	0
 1583 0093 00       		.byte	0
 1584 0094 0D       		.uleb128 0xd
 1585 0095 13       		.uleb128 0x13
 1586 0096 01       		.byte	0x1
 1587 0097 0B       		.uleb128 0xb
 1588 0098 0B       		.uleb128 0xb
 1589 0099 3A       		.uleb128 0x3a
 1590 009a 0B       		.uleb128 0xb
 1591 009b 3B       		.uleb128 0x3b
 1592 009c 0B       		.uleb128 0xb
 1593 009d 01       		.uleb128 0x1
 1594 009e 13       		.uleb128 0x13
 1595 009f 00       		.byte	0
 1596 00a0 00       		.byte	0
 1597 00a1 0E       		.uleb128 0xe
 1598 00a2 0D       		.uleb128 0xd
 1599 00a3 00       		.byte	0
 1600 00a4 03       		.uleb128 0x3
 1601 00a5 08       		.uleb128 0x8
 1602 00a6 3A       		.uleb128 0x3a
 1603 00a7 0B       		.uleb128 0xb
 1604 00a8 3B       		.uleb128 0x3b
 1605 00a9 0B       		.uleb128 0xb
 1606 00aa 49       		.uleb128 0x49
 1607 00ab 13       		.uleb128 0x13
 1608 00ac 38       		.uleb128 0x38
 1609 00ad 0B       		.uleb128 0xb
 1610 00ae 00       		.byte	0
 1611 00af 00       		.byte	0
 1612 00b0 0F       		.uleb128 0xf
 1613 00b1 35       		.uleb128 0x35
 1614 00b2 00       		.byte	0
 1615 00b3 49       		.uleb128 0x49
 1616 00b4 13       		.uleb128 0x13
 1617 00b5 00       		.byte	0
 1618 00b6 00       		.byte	0
 1619 00b7 10       		.uleb128 0x10
 1620 00b8 13       		.uleb128 0x13
 1621 00b9 01       		.byte	0x1
ARM GAS  C:\Users\hail\AppData\Local\Temp\cccQqUje.s 			page 34


 1622 00ba 0B       		.uleb128 0xb
 1623 00bb 05       		.uleb128 0x5
 1624 00bc 3A       		.uleb128 0x3a
 1625 00bd 0B       		.uleb128 0xb
 1626 00be 3B       		.uleb128 0x3b
 1627 00bf 0B       		.uleb128 0xb
 1628 00c0 01       		.uleb128 0x1
 1629 00c1 13       		.uleb128 0x13
 1630 00c2 00       		.byte	0
 1631 00c3 00       		.byte	0
 1632 00c4 11       		.uleb128 0x11
 1633 00c5 01       		.uleb128 0x1
 1634 00c6 01       		.byte	0x1
 1635 00c7 49       		.uleb128 0x49
 1636 00c8 13       		.uleb128 0x13
 1637 00c9 01       		.uleb128 0x1
 1638 00ca 13       		.uleb128 0x13
 1639 00cb 00       		.byte	0
 1640 00cc 00       		.byte	0
 1641 00cd 12       		.uleb128 0x12
 1642 00ce 21       		.uleb128 0x21
 1643 00cf 00       		.byte	0
 1644 00d0 49       		.uleb128 0x49
 1645 00d1 13       		.uleb128 0x13
 1646 00d2 2F       		.uleb128 0x2f
 1647 00d3 0B       		.uleb128 0xb
 1648 00d4 00       		.byte	0
 1649 00d5 00       		.byte	0
 1650 00d6 13       		.uleb128 0x13
 1651 00d7 2E       		.uleb128 0x2e
 1652 00d8 00       		.byte	0
 1653 00d9 3F       		.uleb128 0x3f
 1654 00da 19       		.uleb128 0x19
 1655 00db 03       		.uleb128 0x3
 1656 00dc 0E       		.uleb128 0xe
 1657 00dd 3A       		.uleb128 0x3a
 1658 00de 0B       		.uleb128 0xb
 1659 00df 3B       		.uleb128 0x3b
 1660 00e0 0B       		.uleb128 0xb
 1661 00e1 11       		.uleb128 0x11
 1662 00e2 01       		.uleb128 0x1
 1663 00e3 12       		.uleb128 0x12
 1664 00e4 06       		.uleb128 0x6
 1665 00e5 40       		.uleb128 0x40
 1666 00e6 18       		.uleb128 0x18
 1667 00e7 9642     		.uleb128 0x2116
 1668 00e9 19       		.uleb128 0x19
 1669 00ea 00       		.byte	0
 1670 00eb 00       		.byte	0
 1671 00ec 14       		.uleb128 0x14
 1672 00ed 2E       		.uleb128 0x2e
 1673 00ee 01       		.byte	0x1
 1674 00ef 3F       		.uleb128 0x3f
 1675 00f0 19       		.uleb128 0x19
 1676 00f1 03       		.uleb128 0x3
 1677 00f2 0E       		.uleb128 0xe
 1678 00f3 3A       		.uleb128 0x3a
ARM GAS  C:\Users\hail\AppData\Local\Temp\cccQqUje.s 			page 35


 1679 00f4 0B       		.uleb128 0xb
 1680 00f5 3B       		.uleb128 0x3b
 1681 00f6 0B       		.uleb128 0xb
 1682 00f7 27       		.uleb128 0x27
 1683 00f8 19       		.uleb128 0x19
 1684 00f9 49       		.uleb128 0x49
 1685 00fa 13       		.uleb128 0x13
 1686 00fb 11       		.uleb128 0x11
 1687 00fc 01       		.uleb128 0x1
 1688 00fd 12       		.uleb128 0x12
 1689 00fe 06       		.uleb128 0x6
 1690 00ff 40       		.uleb128 0x40
 1691 0100 18       		.uleb128 0x18
 1692 0101 9642     		.uleb128 0x2116
 1693 0103 19       		.uleb128 0x19
 1694 0104 01       		.uleb128 0x1
 1695 0105 13       		.uleb128 0x13
 1696 0106 00       		.byte	0
 1697 0107 00       		.byte	0
 1698 0108 15       		.uleb128 0x15
 1699 0109 05       		.uleb128 0x5
 1700 010a 00       		.byte	0
 1701 010b 03       		.uleb128 0x3
 1702 010c 0E       		.uleb128 0xe
 1703 010d 3A       		.uleb128 0x3a
 1704 010e 0B       		.uleb128 0xb
 1705 010f 3B       		.uleb128 0x3b
 1706 0110 0B       		.uleb128 0xb
 1707 0111 49       		.uleb128 0x49
 1708 0112 13       		.uleb128 0x13
 1709 0113 02       		.uleb128 0x2
 1710 0114 18       		.uleb128 0x18
 1711 0115 00       		.byte	0
 1712 0116 00       		.byte	0
 1713 0117 16       		.uleb128 0x16
 1714 0118 05       		.uleb128 0x5
 1715 0119 00       		.byte	0
 1716 011a 03       		.uleb128 0x3
 1717 011b 08       		.uleb128 0x8
 1718 011c 3A       		.uleb128 0x3a
 1719 011d 0B       		.uleb128 0xb
 1720 011e 3B       		.uleb128 0x3b
 1721 011f 0B       		.uleb128 0xb
 1722 0120 49       		.uleb128 0x49
 1723 0121 13       		.uleb128 0x13
 1724 0122 02       		.uleb128 0x2
 1725 0123 18       		.uleb128 0x18
 1726 0124 00       		.byte	0
 1727 0125 00       		.byte	0
 1728 0126 17       		.uleb128 0x17
 1729 0127 34       		.uleb128 0x34
 1730 0128 00       		.byte	0
 1731 0129 03       		.uleb128 0x3
 1732 012a 08       		.uleb128 0x8
 1733 012b 3A       		.uleb128 0x3a
 1734 012c 0B       		.uleb128 0xb
 1735 012d 3B       		.uleb128 0x3b
ARM GAS  C:\Users\hail\AppData\Local\Temp\cccQqUje.s 			page 36


 1736 012e 0B       		.uleb128 0xb
 1737 012f 49       		.uleb128 0x49
 1738 0130 13       		.uleb128 0x13
 1739 0131 02       		.uleb128 0x2
 1740 0132 18       		.uleb128 0x18
 1741 0133 00       		.byte	0
 1742 0134 00       		.byte	0
 1743 0135 18       		.uleb128 0x18
 1744 0136 2E       		.uleb128 0x2e
 1745 0137 01       		.byte	0x1
 1746 0138 3F       		.uleb128 0x3f
 1747 0139 19       		.uleb128 0x19
 1748 013a 03       		.uleb128 0x3
 1749 013b 0E       		.uleb128 0xe
 1750 013c 3A       		.uleb128 0x3a
 1751 013d 0B       		.uleb128 0xb
 1752 013e 3B       		.uleb128 0x3b
 1753 013f 0B       		.uleb128 0xb
 1754 0140 27       		.uleb128 0x27
 1755 0141 19       		.uleb128 0x19
 1756 0142 11       		.uleb128 0x11
 1757 0143 01       		.uleb128 0x1
 1758 0144 12       		.uleb128 0x12
 1759 0145 06       		.uleb128 0x6
 1760 0146 40       		.uleb128 0x40
 1761 0147 18       		.uleb128 0x18
 1762 0148 9642     		.uleb128 0x2116
 1763 014a 19       		.uleb128 0x19
 1764 014b 01       		.uleb128 0x1
 1765 014c 13       		.uleb128 0x13
 1766 014d 00       		.byte	0
 1767 014e 00       		.byte	0
 1768 014f 19       		.uleb128 0x19
 1769 0150 18       		.uleb128 0x18
 1770 0151 00       		.byte	0
 1771 0152 00       		.byte	0
 1772 0153 00       		.byte	0
 1773 0154 1A       		.uleb128 0x1a
 1774 0155 34       		.uleb128 0x34
 1775 0156 00       		.byte	0
 1776 0157 03       		.uleb128 0x3
 1777 0158 0E       		.uleb128 0xe
 1778 0159 3A       		.uleb128 0x3a
 1779 015a 0B       		.uleb128 0xb
 1780 015b 3B       		.uleb128 0x3b
 1781 015c 0B       		.uleb128 0xb
 1782 015d 49       		.uleb128 0x49
 1783 015e 13       		.uleb128 0x13
 1784 015f 02       		.uleb128 0x2
 1785 0160 18       		.uleb128 0x18
 1786 0161 00       		.byte	0
 1787 0162 00       		.byte	0
 1788 0163 1B       		.uleb128 0x1b
 1789 0164 0B       		.uleb128 0xb
 1790 0165 01       		.byte	0x1
 1791 0166 11       		.uleb128 0x11
 1792 0167 01       		.uleb128 0x1
ARM GAS  C:\Users\hail\AppData\Local\Temp\cccQqUje.s 			page 37


 1793 0168 12       		.uleb128 0x12
 1794 0169 06       		.uleb128 0x6
 1795 016a 01       		.uleb128 0x1
 1796 016b 13       		.uleb128 0x13
 1797 016c 00       		.byte	0
 1798 016d 00       		.byte	0
 1799 016e 1C       		.uleb128 0x1c
 1800 016f 0B       		.uleb128 0xb
 1801 0170 01       		.byte	0x1
 1802 0171 11       		.uleb128 0x11
 1803 0172 01       		.uleb128 0x1
 1804 0173 12       		.uleb128 0x12
 1805 0174 06       		.uleb128 0x6
 1806 0175 00       		.byte	0
 1807 0176 00       		.byte	0
 1808 0177 1D       		.uleb128 0x1d
 1809 0178 21       		.uleb128 0x21
 1810 0179 00       		.byte	0
 1811 017a 49       		.uleb128 0x49
 1812 017b 13       		.uleb128 0x13
 1813 017c 2F       		.uleb128 0x2f
 1814 017d 05       		.uleb128 0x5
 1815 017e 00       		.byte	0
 1816 017f 00       		.byte	0
 1817 0180 1E       		.uleb128 0x1e
 1818 0181 2E       		.uleb128 0x2e
 1819 0182 01       		.byte	0x1
 1820 0183 3F       		.uleb128 0x3f
 1821 0184 19       		.uleb128 0x19
 1822 0185 03       		.uleb128 0x3
 1823 0186 0E       		.uleb128 0xe
 1824 0187 3A       		.uleb128 0x3a
 1825 0188 0B       		.uleb128 0xb
 1826 0189 3B       		.uleb128 0x3b
 1827 018a 0B       		.uleb128 0xb
 1828 018b 49       		.uleb128 0x49
 1829 018c 13       		.uleb128 0x13
 1830 018d 11       		.uleb128 0x11
 1831 018e 01       		.uleb128 0x1
 1832 018f 12       		.uleb128 0x12
 1833 0190 06       		.uleb128 0x6
 1834 0191 40       		.uleb128 0x40
 1835 0192 18       		.uleb128 0x18
 1836 0193 9642     		.uleb128 0x2116
 1837 0195 19       		.uleb128 0x19
 1838 0196 01       		.uleb128 0x1
 1839 0197 13       		.uleb128 0x13
 1840 0198 00       		.byte	0
 1841 0199 00       		.byte	0
 1842 019a 1F       		.uleb128 0x1f
 1843 019b 34       		.uleb128 0x34
 1844 019c 00       		.byte	0
 1845 019d 03       		.uleb128 0x3
 1846 019e 0E       		.uleb128 0xe
 1847 019f 3A       		.uleb128 0x3a
 1848 01a0 0B       		.uleb128 0xb
 1849 01a1 3B       		.uleb128 0x3b
ARM GAS  C:\Users\hail\AppData\Local\Temp\cccQqUje.s 			page 38


 1850 01a2 05       		.uleb128 0x5
 1851 01a3 49       		.uleb128 0x49
 1852 01a4 13       		.uleb128 0x13
 1853 01a5 3F       		.uleb128 0x3f
 1854 01a6 19       		.uleb128 0x19
 1855 01a7 3C       		.uleb128 0x3c
 1856 01a8 19       		.uleb128 0x19
 1857 01a9 00       		.byte	0
 1858 01aa 00       		.byte	0
 1859 01ab 20       		.uleb128 0x20
 1860 01ac 34       		.uleb128 0x34
 1861 01ad 00       		.byte	0
 1862 01ae 03       		.uleb128 0x3
 1863 01af 0E       		.uleb128 0xe
 1864 01b0 3A       		.uleb128 0x3a
 1865 01b1 0B       		.uleb128 0xb
 1866 01b2 3B       		.uleb128 0x3b
 1867 01b3 0B       		.uleb128 0xb
 1868 01b4 49       		.uleb128 0x49
 1869 01b5 13       		.uleb128 0x13
 1870 01b6 3F       		.uleb128 0x3f
 1871 01b7 19       		.uleb128 0x19
 1872 01b8 02       		.uleb128 0x2
 1873 01b9 18       		.uleb128 0x18
 1874 01ba 00       		.byte	0
 1875 01bb 00       		.byte	0
 1876 01bc 00       		.byte	0
 1877              		.section	.debug_aranges,"",%progbits
 1878 0000 6C000000 		.4byte	0x6c
 1879 0004 0200     		.2byte	0x2
 1880 0006 00000000 		.4byte	.Ldebug_info0
 1881 000a 04       		.byte	0x4
 1882 000b 00       		.byte	0
 1883 000c 0000     		.2byte	0
 1884 000e 0000     		.2byte	0
 1885 0010 00000000 		.4byte	.LFB64
 1886 0014 0C000000 		.4byte	.LFE64-.LFB64
 1887 0018 00000000 		.4byte	.LFB65
 1888 001c 0C000000 		.4byte	.LFE65-.LFB65
 1889 0020 00000000 		.4byte	.LFB66
 1890 0024 20000000 		.4byte	.LFE66-.LFB66
 1891 0028 00000000 		.4byte	.LFB67
 1892 002c 0C000000 		.4byte	.LFE67-.LFB67
 1893 0030 00000000 		.4byte	.LFB68
 1894 0034 38000000 		.4byte	.LFE68-.LFB68
 1895 0038 00000000 		.4byte	.LFB69
 1896 003c 20010000 		.4byte	.LFE69-.LFB69
 1897 0040 00000000 		.4byte	.LFB70
 1898 0044 78000000 		.4byte	.LFE70-.LFB70
 1899 0048 00000000 		.4byte	.LFB71
 1900 004c 58000000 		.4byte	.LFE71-.LFB71
 1901 0050 00000000 		.4byte	.LFB72
 1902 0054 40000000 		.4byte	.LFE72-.LFB72
 1903 0058 00000000 		.4byte	.LFB73
 1904 005c 74000000 		.4byte	.LFE73-.LFB73
 1905 0060 00000000 		.4byte	.LFB74
 1906 0064 3C000000 		.4byte	.LFE74-.LFB74
ARM GAS  C:\Users\hail\AppData\Local\Temp\cccQqUje.s 			page 39


 1907 0068 00000000 		.4byte	0
 1908 006c 00000000 		.4byte	0
 1909              		.section	.debug_ranges,"",%progbits
 1910              	.Ldebug_ranges0:
 1911 0000 00000000 		.4byte	.LFB64
 1912 0004 0C000000 		.4byte	.LFE64
 1913 0008 00000000 		.4byte	.LFB65
 1914 000c 0C000000 		.4byte	.LFE65
 1915 0010 00000000 		.4byte	.LFB66
 1916 0014 20000000 		.4byte	.LFE66
 1917 0018 00000000 		.4byte	.LFB67
 1918 001c 0C000000 		.4byte	.LFE67
 1919 0020 00000000 		.4byte	.LFB68
 1920 0024 38000000 		.4byte	.LFE68
 1921 0028 00000000 		.4byte	.LFB69
 1922 002c 20010000 		.4byte	.LFE69
 1923 0030 00000000 		.4byte	.LFB70
 1924 0034 78000000 		.4byte	.LFE70
 1925 0038 00000000 		.4byte	.LFB71
 1926 003c 58000000 		.4byte	.LFE71
 1927 0040 00000000 		.4byte	.LFB72
 1928 0044 40000000 		.4byte	.LFE72
 1929 0048 00000000 		.4byte	.LFB73
 1930 004c 74000000 		.4byte	.LFE73
 1931 0050 00000000 		.4byte	.LFB74
 1932 0054 3C000000 		.4byte	.LFE74
 1933 0058 00000000 		.4byte	0
 1934 005c 00000000 		.4byte	0
 1935              		.section	.debug_line,"",%progbits
 1936              	.Ldebug_line0:
 1937 0000 C1030000 		.section	.debug_str,"MS",%progbits,1
 1937      02007302 
 1937      00000201 
 1937      FB0E0D00 
 1937      01010101 
 1938              	.LASF56:
 1939 0000 745F6F66 		.ascii	"t_of_day\000"
 1939      5F646179 
 1939      00
 1940              	.LASF19:
 1941 0009 746D5F68 		.ascii	"tm_hour\000"
 1941      6F757200 
 1942              	.LASF44:
 1943 0011 64656275 		.ascii	"debug_sleep\000"
 1943      675F736C 
 1943      65657000 
 1944              	.LASF37:
 1945 001d 74657374 		.ascii	"test_name\000"
 1945      5F6E616D 
 1945      6500
 1946              	.LASF61:
 1947 0027 696E7075 		.ascii	"input_str\000"
 1947      745F7374 
 1947      7200
 1948              	.LASF42:
 1949 0031 64656275 		.ascii	"debug_start\000"
 1949      675F7374 
ARM GAS  C:\Users\hail\AppData\Local\Temp\cccQqUje.s 			page 40


 1949      61727400 
 1950              	.LASF2:
 1951 003d 73686F72 		.ascii	"short int\000"
 1951      7420696E 
 1951      7400
 1952              	.LASF36:
 1953 0047 5254435F 		.ascii	"RTC_TIME_DATE\000"
 1953      54494D45 
 1953      5F444154 
 1953      4500
 1954              	.LASF60:
 1955 0055 73747265 		.ascii	"strextract\000"
 1955      78747261 
 1955      637400
 1956              	.LASF65:
 1957 0060 62656769 		.ascii	"begin\000"
 1957      6E00
 1958              	.LASF70:
 1959 0066 474E5520 		.ascii	"GNU C11 5.4.1 20160609 (release) [ARM/embedded-5-br"
 1959      43313120 
 1959      352E342E 
 1959      31203230 
 1959      31363036 
 1960 0099 616E6368 		.ascii	"anch revision 237715] -mcpu=cortex-m3 -mthumb -g -O"
 1960      20726576 
 1960      6973696F 
 1960      6E203233 
 1960      37373135 
 1961 00cc 30202D66 		.ascii	"0 -ffunction-sections -ffat-lto-objects\000"
 1961      66756E63 
 1961      74696F6E 
 1961      2D736563 
 1961      74696F6E 
 1962              	.LASF23:
 1963 00f4 746D5F77 		.ascii	"tm_wday\000"
 1963      64617900 
 1964              	.LASF6:
 1965 00fc 6C6F6E67 		.ascii	"long long int\000"
 1965      206C6F6E 
 1965      6720696E 
 1965      7400
 1966              	.LASF59:
 1967 010a 5F777269 		.ascii	"_write\000"
 1967      746500
 1968              	.LASF54:
 1969 0111 67657454 		.ascii	"getTimeStamp\000"
 1969      696D6553 
 1969      74616D70 
 1969      00
 1970              	.LASF30:
 1971 011e 486F7572 		.ascii	"Hour\000"
 1971      00
 1972              	.LASF46:
 1973 0123 66696C65 		.ascii	"file\000"
 1973      00
 1974              	.LASF32:
 1975 0128 4461794F 		.ascii	"DayOfMonth\000"
ARM GAS  C:\Users\hail\AppData\Local\Temp\cccQqUje.s 			page 41


 1975      664D6F6E 
 1975      746800
 1976              	.LASF27:
 1977 0133 75696E74 		.ascii	"uint16\000"
 1977      313600
 1978              	.LASF41:
 1979 013a 76615F6C 		.ascii	"va_list\000"
 1979      69737400 
 1980              	.LASF71:
 1981 0142 64656275 		.ascii	"debug.c\000"
 1981      672E6300 
 1982              	.LASF26:
 1983 014a 75696E74 		.ascii	"uint8\000"
 1983      3800
 1984              	.LASF62:
 1985 0150 6F757470 		.ascii	"output_str\000"
 1985      75745F73 
 1985      747200
 1986              	.LASF18:
 1987 015b 746D5F6D 		.ascii	"tm_min\000"
 1987      696E00
 1988              	.LASF28:
 1989 0162 666C6F61 		.ascii	"float\000"
 1989      7400
 1990              	.LASF21:
 1991 0168 746D5F6D 		.ascii	"tm_mon\000"
 1991      6F6E00
 1992              	.LASF48:
 1993 016f 666F726D 		.ascii	"format\000"
 1993      617400
 1994              	.LASF15:
 1995 0176 74696D65 		.ascii	"time_t\000"
 1995      5F7400
 1996              	.LASF16:
 1997 017d 5F5F7661 		.ascii	"__va_list\000"
 1997      5F6C6973 
 1997      7400
 1998              	.LASF39:
 1999 0187 72656173 		.ascii	"reason\000"
 1999      6F6E00
 2000              	.LASF63:
 2001 018e 73656172 		.ascii	"search_start\000"
 2001      63685F73 
 2001      74617274 
 2001      00
 2002              	.LASF58:
 2003 019b 73747269 		.ascii	"string\000"
 2003      6E6700
 2004              	.LASF68:
 2005 01a2 42425F66 		.ascii	"BB_fileName\000"
 2005      696C654E 
 2005      616D6500 
 2006              	.LASF35:
 2007 01ae 59656172 		.ascii	"Year\000"
 2007      00
 2008              	.LASF34:
 2009 01b3 4D6F6E74 		.ascii	"Month\000"
ARM GAS  C:\Users\hail\AppData\Local\Temp\cccQqUje.s 			page 42


 2009      6800
 2010              	.LASF9:
 2011 01b9 6C6F6E67 		.ascii	"long double\000"
 2011      20646F75 
 2011      626C6500 
 2012              	.LASF1:
 2013 01c5 756E7369 		.ascii	"unsigned char\000"
 2013      676E6564 
 2013      20636861 
 2013      7200
 2014              	.LASF31:
 2015 01d3 4461794F 		.ascii	"DayOfWeek\000"
 2015      66576565 
 2015      6B00
 2016              	.LASF0:
 2017 01dd 7369676E 		.ascii	"signed char\000"
 2017      65642063 
 2017      68617200 
 2018              	.LASF22:
 2019 01e9 746D5F79 		.ascii	"tm_year\000"
 2019      65617200 
 2020              	.LASF7:
 2021 01f1 6C6F6E67 		.ascii	"long long unsigned int\000"
 2021      206C6F6E 
 2021      6720756E 
 2021      7369676E 
 2021      65642069 
 2022              	.LASF47:
 2023 0208 74797065 		.ascii	"type\000"
 2023      00
 2024              	.LASF8:
 2025 020d 756E7369 		.ascii	"unsigned int\000"
 2025      676E6564 
 2025      20696E74 
 2025      00
 2026              	.LASF73:
 2027 021a 5F5F6170 		.ascii	"__ap\000"
 2027      00
 2028              	.LASF20:
 2029 021f 746D5F6D 		.ascii	"tm_mday\000"
 2029      64617900 
 2030              	.LASF72:
 2031 0227 433A5C55 		.ascii	"C:\\Users\\hail\\Desktop\\Brooke Research\\notoriOS"
 2031      73657273 
 2031      5C686169 
 2031      6C5C4465 
 2031      736B746F 
 2032 0255 5C6E6F74 		.ascii	"\\notoriOS\\notoriOS\\notoriOS.cydsn\000"
 2032      6F72694F 
 2032      535C6E6F 
 2032      746F7269 
 2032      4F535C6E 
 2033              	.LASF3:
 2034 0277 73686F72 		.ascii	"short unsigned int\000"
 2034      7420756E 
 2034      7369676E 
 2034      65642069 
ARM GAS  C:\Users\hail\AppData\Local\Temp\cccQqUje.s 			page 43


 2034      6E7400
 2035              	.LASF38:
 2036 028a 73746174 		.ascii	"status\000"
 2036      757300
 2037              	.LASF66:
 2038 0291 7072696E 		.ascii	"printd\000"
 2038      746400
 2039              	.LASF13:
 2040 0298 63686172 		.ascii	"char\000"
 2040      00
 2041              	.LASF40:
 2042 029d 74657374 		.ascii	"test_t\000"
 2042      5F7400
 2043              	.LASF4:
 2044 02a4 6C6F6E67 		.ascii	"long int\000"
 2044      20696E74 
 2044      00
 2045              	.LASF52:
 2046 02ad 7072696E 		.ascii	"printTestStatus\000"
 2046      74546573 
 2046      74537461 
 2046      74757300 
 2047              	.LASF14:
 2048 02bd 696E7433 		.ascii	"int32_t\000"
 2048      325F7400 
 2049              	.LASF49:
 2050 02c5 64656275 		.ascii	"debug_string\000"
 2050      675F7374 
 2050      72696E67 
 2050      00
 2051              	.LASF24:
 2052 02d2 746D5F79 		.ascii	"tm_yday\000"
 2052      64617900 
 2053              	.LASF55:
 2054 02da 6C6F6361 		.ascii	"localTime\000"
 2054      6C54696D 
 2054      6500
 2055              	.LASF53:
 2056 02e4 74657374 		.ascii	"test\000"
 2056      00
 2057              	.LASF64:
 2058 02e9 73656172 		.ascii	"search_end\000"
 2058      63685F65 
 2058      6E6400
 2059              	.LASF25:
 2060 02f4 746D5F69 		.ascii	"tm_isdst\000"
 2060      73647374 
 2060      00
 2061              	.LASF43:
 2062 02fd 64656275 		.ascii	"debug_stop\000"
 2062      675F7374 
 2062      6F7000
 2063              	.LASF5:
 2064 0308 6C6F6E67 		.ascii	"long unsigned int\000"
 2064      20756E73 
 2064      69676E65 
 2064      6420696E 
ARM GAS  C:\Users\hail\AppData\Local\Temp\cccQqUje.s 			page 44


 2064      7400
 2065              	.LASF29:
 2066 031a 646F7562 		.ascii	"double\000"
 2066      6C6500
 2067              	.LASF50:
 2068 0321 61726770 		.ascii	"argptr\000"
 2068      747200
 2069              	.LASF69:
 2070 0328 64656275 		.ascii	"debug_level\000"
 2070      675F6C65 
 2070      76656C00 
 2071              	.LASF10:
 2072 0334 5F5F696E 		.ascii	"__int32_t\000"
 2072      7433325F 
 2072      7400
 2073              	.LASF12:
 2074 033e 73697A65 		.ascii	"sizetype\000"
 2074      74797065 
 2074      00
 2075              	.LASF11:
 2076 0347 5F5F676E 		.ascii	"__gnuc_va_list\000"
 2076      75635F76 
 2076      615F6C69 
 2076      737400
 2077              	.LASF45:
 2078 0356 64656275 		.ascii	"debug_wakeup\000"
 2078      675F7761 
 2078      6B657570 
 2078      00
 2079              	.LASF51:
 2080 0363 7072696E 		.ascii	"printNotif\000"
 2080      744E6F74 
 2080      696600
 2081              	.LASF17:
 2082 036e 746D5F73 		.ascii	"tm_sec\000"
 2082      656300
 2083              	.LASF67:
 2084 0375 49544D5F 		.ascii	"ITM_RxBuffer\000"
 2084      52784275 
 2084      66666572 
 2084      00
 2085              	.LASF57:
 2086 0382 73747269 		.ascii	"stripEscapeCharacters\000"
 2086      70457363 
 2086      61706543 
 2086      68617261 
 2086      63746572 
 2087              	.LASF33:
 2088 0398 4461794F 		.ascii	"DayOfYear\000"
 2088      66596561 
 2088      7200
 2089              		.ident	"GCC: (GNU Tools for ARM Embedded Processors) 5.4.1 20160609 (release) [ARM/embedded-5-bran
