ARM GAS  C:\Users\bk\AppData\Local\Temp\ccNX7sI7.s 			page 1


   1              		.syntax unified
   2              		.cpu cortex-m3
   3              		.fpu softvfp
   4              		.eabi_attribute 20, 1
   5              		.eabi_attribute 21, 1
   6              		.eabi_attribute 23, 3
   7              		.eabi_attribute 24, 1
   8              		.eabi_attribute 25, 1
   9              		.eabi_attribute 26, 1
  10              		.eabi_attribute 30, 6
  11              		.eabi_attribute 34, 1
  12              		.eabi_attribute 18, 4
  13              		.thumb
  14              		.syntax unified
  15              		.file	"emFile_PM.c"
  16              		.text
  17              	.Ltext0:
  18              		.cfi_sections	.debug_frame
  19              		.section	.text.emFile_SaveConfig,"ax",%progbits
  20              		.align	2
  21              		.global	emFile_SaveConfig
  22              		.thumb
  23              		.thumb_func
  24              		.type	emFile_SaveConfig, %function
  25              	emFile_SaveConfig:
  26              	.LFB63:
  27              		.file 1 "Generated_Source\\PSoC5\\emFile_PM.c"
   1:Generated_Source\PSoC5/emFile_PM.c **** /*******************************************************************************
   2:Generated_Source\PSoC5/emFile_PM.c **** * File Name: emFile_PM.c
   3:Generated_Source\PSoC5/emFile_PM.c **** * Version 1.20
   4:Generated_Source\PSoC5/emFile_PM.c **** *
   5:Generated_Source\PSoC5/emFile_PM.c **** * Description:
   6:Generated_Source\PSoC5/emFile_PM.c **** *  This file provides the API source code for Power Management of the emFile
   7:Generated_Source\PSoC5/emFile_PM.c **** *  component.
   8:Generated_Source\PSoC5/emFile_PM.c **** *
   9:Generated_Source\PSoC5/emFile_PM.c **** * Note:
  10:Generated_Source\PSoC5/emFile_PM.c **** *
  11:Generated_Source\PSoC5/emFile_PM.c **** *******************************************************************************
  12:Generated_Source\PSoC5/emFile_PM.c **** * Copyright 2011-2012, Cypress Semiconductor Corporation.  All rights reserved.
  13:Generated_Source\PSoC5/emFile_PM.c **** * You may use this file only in accordance with the license, terms, conditions,
  14:Generated_Source\PSoC5/emFile_PM.c **** * disclaimers, and limitations in the end user license agreement accompanying
  15:Generated_Source\PSoC5/emFile_PM.c **** * the software package with which this file was provided.
  16:Generated_Source\PSoC5/emFile_PM.c **** *******************************************************************************/
  17:Generated_Source\PSoC5/emFile_PM.c **** 
  18:Generated_Source\PSoC5/emFile_PM.c **** #include <project.h>
  19:Generated_Source\PSoC5/emFile_PM.c **** #include "emFile.h"
  20:Generated_Source\PSoC5/emFile_PM.c **** 
  21:Generated_Source\PSoC5/emFile_PM.c **** 
  22:Generated_Source\PSoC5/emFile_PM.c **** /*******************************************************************************
  23:Generated_Source\PSoC5/emFile_PM.c **** * Function Name: emFile_SaveConfig
  24:Generated_Source\PSoC5/emFile_PM.c **** ********************************************************************************
  25:Generated_Source\PSoC5/emFile_PM.c **** *
  26:Generated_Source\PSoC5/emFile_PM.c **** * Summary:
  27:Generated_Source\PSoC5/emFile_PM.c **** *  Saves SPI Masters configuration.
  28:Generated_Source\PSoC5/emFile_PM.c **** *
  29:Generated_Source\PSoC5/emFile_PM.c **** * Parameters:
  30:Generated_Source\PSoC5/emFile_PM.c **** *  None
ARM GAS  C:\Users\bk\AppData\Local\Temp\ccNX7sI7.s 			page 2


  31:Generated_Source\PSoC5/emFile_PM.c **** *
  32:Generated_Source\PSoC5/emFile_PM.c **** * Return:
  33:Generated_Source\PSoC5/emFile_PM.c **** *  None
  34:Generated_Source\PSoC5/emFile_PM.c **** *
  35:Generated_Source\PSoC5/emFile_PM.c **** * Reentrant:
  36:Generated_Source\PSoC5/emFile_PM.c **** *  No
  37:Generated_Source\PSoC5/emFile_PM.c **** *
  38:Generated_Source\PSoC5/emFile_PM.c **** *******************************************************************************/
  39:Generated_Source\PSoC5/emFile_PM.c **** void emFile_SaveConfig(void) 
  40:Generated_Source\PSoC5/emFile_PM.c **** {
  28              		.loc 1 40 0
  29              		.cfi_startproc
  30              		@ args = 0, pretend = 0, frame = 0
  31              		@ frame_needed = 1, uses_anonymous_args = 0
  32 0000 80B5     		push	{r7, lr}
  33              		.cfi_def_cfa_offset 8
  34              		.cfi_offset 7, -8
  35              		.cfi_offset 14, -4
  36 0002 00AF     		add	r7, sp, #0
  37              		.cfi_def_cfa_register 7
  41:Generated_Source\PSoC5/emFile_PM.c ****     #if(emFile_NUMBER_SD_CARDS == 4u)
  42:Generated_Source\PSoC5/emFile_PM.c ****         emFile_SPI0_SaveConfig();
  43:Generated_Source\PSoC5/emFile_PM.c ****         emFile_SPI1_SaveConfig();
  44:Generated_Source\PSoC5/emFile_PM.c ****         emFile_SPI2_SaveConfig();
  45:Generated_Source\PSoC5/emFile_PM.c ****         emFile_SPI3_SaveConfig();
  46:Generated_Source\PSoC5/emFile_PM.c ****     #elif(emFile_NUMBER_SD_CARDS == 3u)
  47:Generated_Source\PSoC5/emFile_PM.c ****         emFile_SPI0_SaveConfig();
  48:Generated_Source\PSoC5/emFile_PM.c ****         emFile_SPI1_SaveConfig();
  49:Generated_Source\PSoC5/emFile_PM.c ****         emFile_SPI2_SaveConfig();
  50:Generated_Source\PSoC5/emFile_PM.c ****     #elif(emFile_NUMBER_SD_CARDS == 2u)
  51:Generated_Source\PSoC5/emFile_PM.c ****         emFile_SPI0_SaveConfig();
  52:Generated_Source\PSoC5/emFile_PM.c ****         emFile_SPI1_SaveConfig();
  53:Generated_Source\PSoC5/emFile_PM.c ****     #else
  54:Generated_Source\PSoC5/emFile_PM.c ****         emFile_SPI0_SaveConfig();
  38              		.loc 1 54 0
  39 0004 FFF7FEFF 		bl	emFile_SPI0_SaveConfig
  55:Generated_Source\PSoC5/emFile_PM.c ****     #endif /* (emFile_NUMBER_SD_CARDS == 4u) */
  56:Generated_Source\PSoC5/emFile_PM.c **** }
  40              		.loc 1 56 0
  41 0008 00BF     		nop
  42 000a 80BD     		pop	{r7, pc}
  43              		.cfi_endproc
  44              	.LFE63:
  45              		.size	emFile_SaveConfig, .-emFile_SaveConfig
  46              		.section	.text.emFile_RestoreConfig,"ax",%progbits
  47              		.align	2
  48              		.global	emFile_RestoreConfig
  49              		.thumb
  50              		.thumb_func
  51              		.type	emFile_RestoreConfig, %function
  52              	emFile_RestoreConfig:
  53              	.LFB64:
  57:Generated_Source\PSoC5/emFile_PM.c **** 
  58:Generated_Source\PSoC5/emFile_PM.c **** 
  59:Generated_Source\PSoC5/emFile_PM.c **** /*******************************************************************************
  60:Generated_Source\PSoC5/emFile_PM.c **** * Function Name: emFile_RestoreConfig
  61:Generated_Source\PSoC5/emFile_PM.c **** ********************************************************************************
ARM GAS  C:\Users\bk\AppData\Local\Temp\ccNX7sI7.s 			page 3


  62:Generated_Source\PSoC5/emFile_PM.c **** *
  63:Generated_Source\PSoC5/emFile_PM.c **** * Summary:
  64:Generated_Source\PSoC5/emFile_PM.c **** *  Restores SPI Masters configuration.
  65:Generated_Source\PSoC5/emFile_PM.c **** *
  66:Generated_Source\PSoC5/emFile_PM.c **** * Parameters:
  67:Generated_Source\PSoC5/emFile_PM.c **** *  None
  68:Generated_Source\PSoC5/emFile_PM.c **** *
  69:Generated_Source\PSoC5/emFile_PM.c **** * Return:
  70:Generated_Source\PSoC5/emFile_PM.c **** *  None
  71:Generated_Source\PSoC5/emFile_PM.c **** *
  72:Generated_Source\PSoC5/emFile_PM.c **** * Side Effects:
  73:Generated_Source\PSoC5/emFile_PM.c **** *  If this API is called without first calling SaveConfig then in the following
  74:Generated_Source\PSoC5/emFile_PM.c **** *  registers will be default values from Customizer:
  75:Generated_Source\PSoC5/emFile_PM.c **** *
  76:Generated_Source\PSoC5/emFile_PM.c **** *******************************************************************************/
  77:Generated_Source\PSoC5/emFile_PM.c **** void emFile_RestoreConfig(void) 
  78:Generated_Source\PSoC5/emFile_PM.c **** {
  54              		.loc 1 78 0
  55              		.cfi_startproc
  56              		@ args = 0, pretend = 0, frame = 0
  57              		@ frame_needed = 1, uses_anonymous_args = 0
  58 0000 80B5     		push	{r7, lr}
  59              		.cfi_def_cfa_offset 8
  60              		.cfi_offset 7, -8
  61              		.cfi_offset 14, -4
  62 0002 00AF     		add	r7, sp, #0
  63              		.cfi_def_cfa_register 7
  79:Generated_Source\PSoC5/emFile_PM.c ****     #if(emFile_NUMBER_SD_CARDS == 4u)
  80:Generated_Source\PSoC5/emFile_PM.c ****         emFile_SPI0_RestoreConfig();
  81:Generated_Source\PSoC5/emFile_PM.c ****         emFile_SPI1_RestoreConfig();
  82:Generated_Source\PSoC5/emFile_PM.c ****         emFile_SPI2_RestoreConfig();
  83:Generated_Source\PSoC5/emFile_PM.c ****         emFile_SPI3_RestoreConfig();
  84:Generated_Source\PSoC5/emFile_PM.c ****     #elif(emFile_NUMBER_SD_CARDS == 3u)
  85:Generated_Source\PSoC5/emFile_PM.c ****         emFile_SPI0_SaveConfig();
  86:Generated_Source\PSoC5/emFile_PM.c ****         emFile_SPI1_SaveConfig();
  87:Generated_Source\PSoC5/emFile_PM.c ****         emFile_SPI2_SaveConfig();
  88:Generated_Source\PSoC5/emFile_PM.c ****     #elif(emFile_NUMBER_SD_CARDS == 2u)
  89:Generated_Source\PSoC5/emFile_PM.c ****         emFile_SPI0_SaveConfig();
  90:Generated_Source\PSoC5/emFile_PM.c ****         emFile_SPI1_SaveConfig();
  91:Generated_Source\PSoC5/emFile_PM.c ****     #else
  92:Generated_Source\PSoC5/emFile_PM.c ****         emFile_SPI0_SaveConfig();
  64              		.loc 1 92 0
  65 0004 FFF7FEFF 		bl	emFile_SPI0_SaveConfig
  93:Generated_Source\PSoC5/emFile_PM.c ****     #endif /* (emFile_NUMBER_SD_CARDS == 4u) */
  94:Generated_Source\PSoC5/emFile_PM.c **** }
  66              		.loc 1 94 0
  67 0008 00BF     		nop
  68 000a 80BD     		pop	{r7, pc}
  69              		.cfi_endproc
  70              	.LFE64:
  71              		.size	emFile_RestoreConfig, .-emFile_RestoreConfig
  72              		.section	.text.emFile_Sleep,"ax",%progbits
  73              		.align	2
  74              		.global	emFile_Sleep
  75              		.thumb
  76              		.thumb_func
  77              		.type	emFile_Sleep, %function
ARM GAS  C:\Users\bk\AppData\Local\Temp\ccNX7sI7.s 			page 4


  78              	emFile_Sleep:
  79              	.LFB65:
  95:Generated_Source\PSoC5/emFile_PM.c **** 
  96:Generated_Source\PSoC5/emFile_PM.c **** 
  97:Generated_Source\PSoC5/emFile_PM.c **** /*******************************************************************************
  98:Generated_Source\PSoC5/emFile_PM.c **** * Function Name: emFile_Sleep
  99:Generated_Source\PSoC5/emFile_PM.c **** ********************************************************************************
 100:Generated_Source\PSoC5/emFile_PM.c **** *
 101:Generated_Source\PSoC5/emFile_PM.c **** * Summary:
 102:Generated_Source\PSoC5/emFile_PM.c **** *  Prepare emFile to go to sleep.
 103:Generated_Source\PSoC5/emFile_PM.c **** *
 104:Generated_Source\PSoC5/emFile_PM.c **** * Parameters:
 105:Generated_Source\PSoC5/emFile_PM.c **** *  None
 106:Generated_Source\PSoC5/emFile_PM.c **** *
 107:Generated_Source\PSoC5/emFile_PM.c **** * Return:
 108:Generated_Source\PSoC5/emFile_PM.c **** *  None
 109:Generated_Source\PSoC5/emFile_PM.c **** *
 110:Generated_Source\PSoC5/emFile_PM.c **** * Reentrant:
 111:Generated_Source\PSoC5/emFile_PM.c **** *  No
 112:Generated_Source\PSoC5/emFile_PM.c **** *
 113:Generated_Source\PSoC5/emFile_PM.c **** *******************************************************************************/
 114:Generated_Source\PSoC5/emFile_PM.c **** void emFile_Sleep(void) 
 115:Generated_Source\PSoC5/emFile_PM.c **** {
  80              		.loc 1 115 0
  81              		.cfi_startproc
  82              		@ args = 0, pretend = 0, frame = 0
  83              		@ frame_needed = 1, uses_anonymous_args = 0
  84 0000 80B5     		push	{r7, lr}
  85              		.cfi_def_cfa_offset 8
  86              		.cfi_offset 7, -8
  87              		.cfi_offset 14, -4
  88 0002 00AF     		add	r7, sp, #0
  89              		.cfi_def_cfa_register 7
 116:Generated_Source\PSoC5/emFile_PM.c ****     #if(emFile_NUMBER_SD_CARDS == 4u)
 117:Generated_Source\PSoC5/emFile_PM.c ****         emFile_SPI0_Sleep();
 118:Generated_Source\PSoC5/emFile_PM.c ****         emFile_SPI1_Sleep();
 119:Generated_Source\PSoC5/emFile_PM.c ****         emFile_SPI2_Sleep();
 120:Generated_Source\PSoC5/emFile_PM.c ****         emFile_SPI3_Sleep();
 121:Generated_Source\PSoC5/emFile_PM.c ****     #elif(emFile_NUMBER_SD_CARDS == 3u)
 122:Generated_Source\PSoC5/emFile_PM.c ****         emFile_SPI0_Sleep();
 123:Generated_Source\PSoC5/emFile_PM.c ****         emFile_SPI1_Sleep();
 124:Generated_Source\PSoC5/emFile_PM.c ****         emFile_SPI2_Sleep();
 125:Generated_Source\PSoC5/emFile_PM.c ****     #elif(emFile_NUMBER_SD_CARDS == 2u)
 126:Generated_Source\PSoC5/emFile_PM.c ****         emFile_SPI0_Sleep();
 127:Generated_Source\PSoC5/emFile_PM.c ****         emFile_SPI1_Sleep();
 128:Generated_Source\PSoC5/emFile_PM.c ****     #else
 129:Generated_Source\PSoC5/emFile_PM.c ****         emFile_SPI0_Sleep();
  90              		.loc 1 129 0
  91 0004 FFF7FEFF 		bl	emFile_SPI0_Sleep
 130:Generated_Source\PSoC5/emFile_PM.c ****     #endif /* (emFile_NUMBER_SD_CARDS == 4u) */
 131:Generated_Source\PSoC5/emFile_PM.c **** }
  92              		.loc 1 131 0
  93 0008 00BF     		nop
  94 000a 80BD     		pop	{r7, pc}
  95              		.cfi_endproc
  96              	.LFE65:
  97              		.size	emFile_Sleep, .-emFile_Sleep
ARM GAS  C:\Users\bk\AppData\Local\Temp\ccNX7sI7.s 			page 5


  98              		.section	.text.emFile_Wakeup,"ax",%progbits
  99              		.align	2
 100              		.global	emFile_Wakeup
 101              		.thumb
 102              		.thumb_func
 103              		.type	emFile_Wakeup, %function
 104              	emFile_Wakeup:
 105              	.LFB66:
 132:Generated_Source\PSoC5/emFile_PM.c **** 
 133:Generated_Source\PSoC5/emFile_PM.c **** 
 134:Generated_Source\PSoC5/emFile_PM.c **** /*******************************************************************************
 135:Generated_Source\PSoC5/emFile_PM.c **** * Function Name: emFile_Wakeup
 136:Generated_Source\PSoC5/emFile_PM.c **** ********************************************************************************
 137:Generated_Source\PSoC5/emFile_PM.c **** *
 138:Generated_Source\PSoC5/emFile_PM.c **** * Summary:
 139:Generated_Source\PSoC5/emFile_PM.c **** *  Prepare SPIM Components to wake up.
 140:Generated_Source\PSoC5/emFile_PM.c **** *
 141:Generated_Source\PSoC5/emFile_PM.c **** * Parameters:
 142:Generated_Source\PSoC5/emFile_PM.c **** *  None
 143:Generated_Source\PSoC5/emFile_PM.c **** *
 144:Generated_Source\PSoC5/emFile_PM.c **** * Return:
 145:Generated_Source\PSoC5/emFile_PM.c **** *  None
 146:Generated_Source\PSoC5/emFile_PM.c **** *
 147:Generated_Source\PSoC5/emFile_PM.c **** * Reentrant:
 148:Generated_Source\PSoC5/emFile_PM.c **** *  No
 149:Generated_Source\PSoC5/emFile_PM.c **** *
 150:Generated_Source\PSoC5/emFile_PM.c **** *******************************************************************************/
 151:Generated_Source\PSoC5/emFile_PM.c **** void emFile_Wakeup(void) 
 152:Generated_Source\PSoC5/emFile_PM.c **** {
 106              		.loc 1 152 0
 107              		.cfi_startproc
 108              		@ args = 0, pretend = 0, frame = 0
 109              		@ frame_needed = 1, uses_anonymous_args = 0
 110 0000 80B5     		push	{r7, lr}
 111              		.cfi_def_cfa_offset 8
 112              		.cfi_offset 7, -8
 113              		.cfi_offset 14, -4
 114 0002 00AF     		add	r7, sp, #0
 115              		.cfi_def_cfa_register 7
 153:Generated_Source\PSoC5/emFile_PM.c ****     #if(emFile_NUMBER_SD_CARDS == 4u)
 154:Generated_Source\PSoC5/emFile_PM.c ****         emFile_SPI0_Wakeup();
 155:Generated_Source\PSoC5/emFile_PM.c ****         emFile_SPI1_Wakeup();
 156:Generated_Source\PSoC5/emFile_PM.c ****         emFile_SPI2_Wakeup();
 157:Generated_Source\PSoC5/emFile_PM.c ****         emFile_SPI3_Wakeup();
 158:Generated_Source\PSoC5/emFile_PM.c ****     #elif(emFile_NUMBER_SD_CARDS == 3u)
 159:Generated_Source\PSoC5/emFile_PM.c ****         emFile_SPI0_Wakeup();
 160:Generated_Source\PSoC5/emFile_PM.c ****         emFile_SPI1_Wakeup();
 161:Generated_Source\PSoC5/emFile_PM.c ****         emFile_SPI2_Wakeup();
 162:Generated_Source\PSoC5/emFile_PM.c ****     #elif(emFile_NUMBER_SD_CARDS == 2u)
 163:Generated_Source\PSoC5/emFile_PM.c ****         emFile_SPI0_Wakeup();
 164:Generated_Source\PSoC5/emFile_PM.c ****         emFile_SPI1_Wakeup();
 165:Generated_Source\PSoC5/emFile_PM.c ****     #else
 166:Generated_Source\PSoC5/emFile_PM.c ****         emFile_SPI0_Wakeup();
 116              		.loc 1 166 0
 117 0004 FFF7FEFF 		bl	emFile_SPI0_Wakeup
 167:Generated_Source\PSoC5/emFile_PM.c ****     #endif /* (emFile_NUMBER_SD_CARDS == 4u) */
 168:Generated_Source\PSoC5/emFile_PM.c **** }
ARM GAS  C:\Users\bk\AppData\Local\Temp\ccNX7sI7.s 			page 6


 118              		.loc 1 168 0
 119 0008 00BF     		nop
 120 000a 80BD     		pop	{r7, pc}
 121              		.cfi_endproc
 122              	.LFE66:
 123              		.size	emFile_Wakeup, .-emFile_Wakeup
 124              		.text
 125              	.Letext0:
 126              		.file 2 "c:\\program files (x86)\\cypress\\psoc creator\\4.2\\psoc creator\\import\\gnu\\arm\\5.4.
 127              		.file 3 "c:\\program files (x86)\\cypress\\psoc creator\\4.2\\psoc creator\\import\\gnu\\arm\\5.4.
 128              		.file 4 "Generated_Source\\PSoC5/core_cm3.h"
 129              		.section	.debug_info,"",%progbits
 130              	.Ldebug_info0:
 131 0000 F6000000 		.4byte	0xf6
 132 0004 0400     		.2byte	0x4
 133 0006 00000000 		.4byte	.Ldebug_abbrev0
 134 000a 04       		.byte	0x4
 135 000b 01       		.uleb128 0x1
 136 000c 8C000000 		.4byte	.LASF20
 137 0010 0C       		.byte	0xc
 138 0011 57000000 		.4byte	.LASF21
 139 0015 4A010000 		.4byte	.LASF22
 140 0019 00000000 		.4byte	.Ldebug_ranges0+0
 141 001d 00000000 		.4byte	0
 142 0021 00000000 		.4byte	.Ldebug_line0
 143 0025 02       		.uleb128 0x2
 144 0026 01       		.byte	0x1
 145 0027 06       		.byte	0x6
 146 0028 A0010000 		.4byte	.LASF0
 147 002c 02       		.uleb128 0x2
 148 002d 01       		.byte	0x1
 149 002e 08       		.byte	0x8
 150 002f 1A010000 		.4byte	.LASF1
 151 0033 02       		.uleb128 0x2
 152 0034 02       		.byte	0x2
 153 0035 05       		.byte	0x5
 154 0036 C8010000 		.4byte	.LASF2
 155 003a 02       		.uleb128 0x2
 156 003b 02       		.byte	0x2
 157 003c 07       		.byte	0x7
 158 003d 0E000000 		.4byte	.LASF3
 159 0041 03       		.uleb128 0x3
 160 0042 B8010000 		.4byte	.LASF9
 161 0046 02       		.byte	0x2
 162 0047 3F       		.byte	0x3f
 163 0048 4C000000 		.4byte	0x4c
 164 004c 02       		.uleb128 0x2
 165 004d 04       		.byte	0x4
 166 004e 05       		.byte	0x5
 167 004f 2D010000 		.4byte	.LASF4
 168 0053 02       		.uleb128 0x2
 169 0054 04       		.byte	0x4
 170 0055 07       		.byte	0x7
 171 0056 2E000000 		.4byte	.LASF5
 172 005a 02       		.uleb128 0x2
 173 005b 08       		.byte	0x8
 174 005c 05       		.byte	0x5
ARM GAS  C:\Users\bk\AppData\Local\Temp\ccNX7sI7.s 			page 7


 175 005d 00000000 		.4byte	.LASF6
 176 0061 02       		.uleb128 0x2
 177 0062 08       		.byte	0x8
 178 0063 07       		.byte	0x7
 179 0064 40000000 		.4byte	.LASF7
 180 0068 04       		.uleb128 0x4
 181 0069 04       		.byte	0x4
 182 006a 05       		.byte	0x5
 183 006b 696E7400 		.ascii	"int\000"
 184 006f 02       		.uleb128 0x2
 185 0070 04       		.byte	0x4
 186 0071 07       		.byte	0x7
 187 0072 21000000 		.4byte	.LASF8
 188 0076 03       		.uleb128 0x3
 189 0077 E7010000 		.4byte	.LASF10
 190 007b 03       		.byte	0x3
 191 007c 2C       		.byte	0x2c
 192 007d 41000000 		.4byte	0x41
 193 0081 02       		.uleb128 0x2
 194 0082 04       		.byte	0x4
 195 0083 04       		.byte	0x4
 196 0084 C2010000 		.4byte	.LASF11
 197 0088 02       		.uleb128 0x2
 198 0089 08       		.byte	0x8
 199 008a 04       		.byte	0x4
 200 008b 36010000 		.4byte	.LASF12
 201 008f 02       		.uleb128 0x2
 202 0090 01       		.byte	0x1
 203 0091 08       		.byte	0x8
 204 0092 28010000 		.4byte	.LASF13
 205 0096 02       		.uleb128 0x2
 206 0097 08       		.byte	0x8
 207 0098 04       		.byte	0x4
 208 0099 AC010000 		.4byte	.LASF14
 209 009d 02       		.uleb128 0x2
 210 009e 04       		.byte	0x4
 211 009f 07       		.byte	0x7
 212 00a0 FD010000 		.4byte	.LASF15
 213 00a4 05       		.uleb128 0x5
 214 00a5 7A000000 		.4byte	.LASF16
 215 00a9 01       		.byte	0x1
 216 00aa 27       		.byte	0x27
 217 00ab 00000000 		.4byte	.LFB63
 218 00af 0C000000 		.4byte	.LFE63-.LFB63
 219 00b3 01       		.uleb128 0x1
 220 00b4 9C       		.byte	0x9c
 221 00b5 05       		.uleb128 0x5
 222 00b6 D2010000 		.4byte	.LASF17
 223 00ba 01       		.byte	0x1
 224 00bb 4D       		.byte	0x4d
 225 00bc 00000000 		.4byte	.LFB64
 226 00c0 0C000000 		.4byte	.LFE64-.LFB64
 227 00c4 01       		.uleb128 0x1
 228 00c5 9C       		.byte	0x9c
 229 00c6 05       		.uleb128 0x5
 230 00c7 3D010000 		.4byte	.LASF18
 231 00cb 01       		.byte	0x1
ARM GAS  C:\Users\bk\AppData\Local\Temp\ccNX7sI7.s 			page 8


 232 00cc 72       		.byte	0x72
 233 00cd 00000000 		.4byte	.LFB65
 234 00d1 0C000000 		.4byte	.LFE65-.LFB65
 235 00d5 01       		.uleb128 0x1
 236 00d6 9C       		.byte	0x9c
 237 00d7 05       		.uleb128 0x5
 238 00d8 EF010000 		.4byte	.LASF19
 239 00dc 01       		.byte	0x1
 240 00dd 97       		.byte	0x97
 241 00de 00000000 		.4byte	.LFB66
 242 00e2 0C000000 		.4byte	.LFE66-.LFB66
 243 00e6 01       		.uleb128 0x1
 244 00e7 9C       		.byte	0x9c
 245 00e8 06       		.uleb128 0x6
 246 00e9 93010000 		.4byte	.LASF23
 247 00ed 04       		.byte	0x4
 248 00ee 1207     		.2byte	0x712
 249 00f0 F4000000 		.4byte	0xf4
 250 00f4 07       		.uleb128 0x7
 251 00f5 76000000 		.4byte	0x76
 252 00f9 00       		.byte	0
 253              		.section	.debug_abbrev,"",%progbits
 254              	.Ldebug_abbrev0:
 255 0000 01       		.uleb128 0x1
 256 0001 11       		.uleb128 0x11
 257 0002 01       		.byte	0x1
 258 0003 25       		.uleb128 0x25
 259 0004 0E       		.uleb128 0xe
 260 0005 13       		.uleb128 0x13
 261 0006 0B       		.uleb128 0xb
 262 0007 03       		.uleb128 0x3
 263 0008 0E       		.uleb128 0xe
 264 0009 1B       		.uleb128 0x1b
 265 000a 0E       		.uleb128 0xe
 266 000b 55       		.uleb128 0x55
 267 000c 17       		.uleb128 0x17
 268 000d 11       		.uleb128 0x11
 269 000e 01       		.uleb128 0x1
 270 000f 10       		.uleb128 0x10
 271 0010 17       		.uleb128 0x17
 272 0011 00       		.byte	0
 273 0012 00       		.byte	0
 274 0013 02       		.uleb128 0x2
 275 0014 24       		.uleb128 0x24
 276 0015 00       		.byte	0
 277 0016 0B       		.uleb128 0xb
 278 0017 0B       		.uleb128 0xb
 279 0018 3E       		.uleb128 0x3e
 280 0019 0B       		.uleb128 0xb
 281 001a 03       		.uleb128 0x3
 282 001b 0E       		.uleb128 0xe
 283 001c 00       		.byte	0
 284 001d 00       		.byte	0
 285 001e 03       		.uleb128 0x3
 286 001f 16       		.uleb128 0x16
 287 0020 00       		.byte	0
 288 0021 03       		.uleb128 0x3
ARM GAS  C:\Users\bk\AppData\Local\Temp\ccNX7sI7.s 			page 9


 289 0022 0E       		.uleb128 0xe
 290 0023 3A       		.uleb128 0x3a
 291 0024 0B       		.uleb128 0xb
 292 0025 3B       		.uleb128 0x3b
 293 0026 0B       		.uleb128 0xb
 294 0027 49       		.uleb128 0x49
 295 0028 13       		.uleb128 0x13
 296 0029 00       		.byte	0
 297 002a 00       		.byte	0
 298 002b 04       		.uleb128 0x4
 299 002c 24       		.uleb128 0x24
 300 002d 00       		.byte	0
 301 002e 0B       		.uleb128 0xb
 302 002f 0B       		.uleb128 0xb
 303 0030 3E       		.uleb128 0x3e
 304 0031 0B       		.uleb128 0xb
 305 0032 03       		.uleb128 0x3
 306 0033 08       		.uleb128 0x8
 307 0034 00       		.byte	0
 308 0035 00       		.byte	0
 309 0036 05       		.uleb128 0x5
 310 0037 2E       		.uleb128 0x2e
 311 0038 00       		.byte	0
 312 0039 3F       		.uleb128 0x3f
 313 003a 19       		.uleb128 0x19
 314 003b 03       		.uleb128 0x3
 315 003c 0E       		.uleb128 0xe
 316 003d 3A       		.uleb128 0x3a
 317 003e 0B       		.uleb128 0xb
 318 003f 3B       		.uleb128 0x3b
 319 0040 0B       		.uleb128 0xb
 320 0041 27       		.uleb128 0x27
 321 0042 19       		.uleb128 0x19
 322 0043 11       		.uleb128 0x11
 323 0044 01       		.uleb128 0x1
 324 0045 12       		.uleb128 0x12
 325 0046 06       		.uleb128 0x6
 326 0047 40       		.uleb128 0x40
 327 0048 18       		.uleb128 0x18
 328 0049 9642     		.uleb128 0x2116
 329 004b 19       		.uleb128 0x19
 330 004c 00       		.byte	0
 331 004d 00       		.byte	0
 332 004e 06       		.uleb128 0x6
 333 004f 34       		.uleb128 0x34
 334 0050 00       		.byte	0
 335 0051 03       		.uleb128 0x3
 336 0052 0E       		.uleb128 0xe
 337 0053 3A       		.uleb128 0x3a
 338 0054 0B       		.uleb128 0xb
 339 0055 3B       		.uleb128 0x3b
 340 0056 05       		.uleb128 0x5
 341 0057 49       		.uleb128 0x49
 342 0058 13       		.uleb128 0x13
 343 0059 3F       		.uleb128 0x3f
 344 005a 19       		.uleb128 0x19
 345 005b 3C       		.uleb128 0x3c
ARM GAS  C:\Users\bk\AppData\Local\Temp\ccNX7sI7.s 			page 10


 346 005c 19       		.uleb128 0x19
 347 005d 00       		.byte	0
 348 005e 00       		.byte	0
 349 005f 07       		.uleb128 0x7
 350 0060 35       		.uleb128 0x35
 351 0061 00       		.byte	0
 352 0062 49       		.uleb128 0x49
 353 0063 13       		.uleb128 0x13
 354 0064 00       		.byte	0
 355 0065 00       		.byte	0
 356 0066 00       		.byte	0
 357              		.section	.debug_aranges,"",%progbits
 358 0000 34000000 		.4byte	0x34
 359 0004 0200     		.2byte	0x2
 360 0006 00000000 		.4byte	.Ldebug_info0
 361 000a 04       		.byte	0x4
 362 000b 00       		.byte	0
 363 000c 0000     		.2byte	0
 364 000e 0000     		.2byte	0
 365 0010 00000000 		.4byte	.LFB63
 366 0014 0C000000 		.4byte	.LFE63-.LFB63
 367 0018 00000000 		.4byte	.LFB64
 368 001c 0C000000 		.4byte	.LFE64-.LFB64
 369 0020 00000000 		.4byte	.LFB65
 370 0024 0C000000 		.4byte	.LFE65-.LFB65
 371 0028 00000000 		.4byte	.LFB66
 372 002c 0C000000 		.4byte	.LFE66-.LFB66
 373 0030 00000000 		.4byte	0
 374 0034 00000000 		.4byte	0
 375              		.section	.debug_ranges,"",%progbits
 376              	.Ldebug_ranges0:
 377 0000 00000000 		.4byte	.LFB63
 378 0004 0C000000 		.4byte	.LFE63
 379 0008 00000000 		.4byte	.LFB64
 380 000c 0C000000 		.4byte	.LFE64
 381 0010 00000000 		.4byte	.LFB65
 382 0014 0C000000 		.4byte	.LFE65
 383 0018 00000000 		.4byte	.LFB66
 384 001c 0C000000 		.4byte	.LFE66
 385 0020 00000000 		.4byte	0
 386 0024 00000000 		.4byte	0
 387              		.section	.debug_line,"",%progbits
 388              	.Ldebug_line0:
 389 0000 99010000 		.section	.debug_str,"MS",%progbits,1
 389      02004401 
 389      00000201 
 389      FB0E0D00 
 389      01010101 
 390              	.LASF6:
 391 0000 6C6F6E67 		.ascii	"long long int\000"
 391      206C6F6E 
 391      6720696E 
 391      7400
 392              	.LASF3:
 393 000e 73686F72 		.ascii	"short unsigned int\000"
 393      7420756E 
 393      7369676E 
ARM GAS  C:\Users\bk\AppData\Local\Temp\ccNX7sI7.s 			page 11


 393      65642069 
 393      6E7400
 394              	.LASF8:
 395 0021 756E7369 		.ascii	"unsigned int\000"
 395      676E6564 
 395      20696E74 
 395      00
 396              	.LASF5:
 397 002e 6C6F6E67 		.ascii	"long unsigned int\000"
 397      20756E73 
 397      69676E65 
 397      6420696E 
 397      7400
 398              	.LASF7:
 399 0040 6C6F6E67 		.ascii	"long long unsigned int\000"
 399      206C6F6E 
 399      6720756E 
 399      7369676E 
 399      65642069 
 400              	.LASF21:
 401 0057 47656E65 		.ascii	"Generated_Source\\PSoC5\\emFile_PM.c\000"
 401      72617465 
 401      645F536F 
 401      75726365 
 401      5C50536F 
 402              	.LASF16:
 403 007a 656D4669 		.ascii	"emFile_SaveConfig\000"
 403      6C655F53 
 403      61766543 
 403      6F6E6669 
 403      6700
 404              	.LASF20:
 405 008c 474E5520 		.ascii	"GNU C11 5.4.1 20160609 (release) [ARM/embedded-5-br"
 405      43313120 
 405      352E342E 
 405      31203230 
 405      31363036 
 406 00bf 616E6368 		.ascii	"anch revision 237715] -mcpu=cortex-m3 -mthumb -g -O"
 406      20726576 
 406      6973696F 
 406      6E203233 
 406      37373135 
 407 00f2 30202D66 		.ascii	"0 -ffunction-sections -ffat-lto-objects\000"
 407      66756E63 
 407      74696F6E 
 407      2D736563 
 407      74696F6E 
 408              	.LASF1:
 409 011a 756E7369 		.ascii	"unsigned char\000"
 409      676E6564 
 409      20636861 
 409      7200
 410              	.LASF13:
 411 0128 63686172 		.ascii	"char\000"
 411      00
 412              	.LASF4:
 413 012d 6C6F6E67 		.ascii	"long int\000"
ARM GAS  C:\Users\bk\AppData\Local\Temp\ccNX7sI7.s 			page 12


 413      20696E74 
 413      00
 414              	.LASF12:
 415 0136 646F7562 		.ascii	"double\000"
 415      6C6500
 416              	.LASF18:
 417 013d 656D4669 		.ascii	"emFile_Sleep\000"
 417      6C655F53 
 417      6C656570 
 417      00
 418              	.LASF22:
 419 014a 433A5C55 		.ascii	"C:\\Users\\bk\\Documents\\GitHub\\Open Storm\\notor"
 419      73657273 
 419      5C626B5C 
 419      446F6375 
 419      6D656E74 
 420 0177 694F535C 		.ascii	"iOS\\notoriOS\\notoriOS.cydsn\000"
 420      6E6F746F 
 420      72694F53 
 420      5C6E6F74 
 420      6F72694F 
 421              	.LASF23:
 422 0193 49544D5F 		.ascii	"ITM_RxBuffer\000"
 422      52784275 
 422      66666572 
 422      00
 423              	.LASF0:
 424 01a0 7369676E 		.ascii	"signed char\000"
 424      65642063 
 424      68617200 
 425              	.LASF14:
 426 01ac 6C6F6E67 		.ascii	"long double\000"
 426      20646F75 
 426      626C6500 
 427              	.LASF9:
 428 01b8 5F5F696E 		.ascii	"__int32_t\000"
 428      7433325F 
 428      7400
 429              	.LASF11:
 430 01c2 666C6F61 		.ascii	"float\000"
 430      7400
 431              	.LASF2:
 432 01c8 73686F72 		.ascii	"short int\000"
 432      7420696E 
 432      7400
 433              	.LASF17:
 434 01d2 656D4669 		.ascii	"emFile_RestoreConfig\000"
 434      6C655F52 
 434      6573746F 
 434      7265436F 
 434      6E666967 
 435              	.LASF10:
 436 01e7 696E7433 		.ascii	"int32_t\000"
 436      325F7400 
 437              	.LASF19:
 438 01ef 656D4669 		.ascii	"emFile_Wakeup\000"
 438      6C655F57 
ARM GAS  C:\Users\bk\AppData\Local\Temp\ccNX7sI7.s 			page 13


 438      616B6575 
 438      7000
 439              	.LASF15:
 440 01fd 73697A65 		.ascii	"sizetype\000"
 440      74797065 
 440      00
 441              		.ident	"GCC: (GNU Tools for ARM Embedded Processors) 5.4.1 20160609 (release) [ARM/embedded-5-bran
