ARM GAS  C:\Users\hail\AppData\Local\Temp\ccijCHIx.s 			page 1


   1              		.syntax unified
   2              		.cpu cortex-m3
   3              		.fpu softvfp
   4              		.eabi_attribute 20, 1
   5              		.eabi_attribute 21, 1
   6              		.eabi_attribute 23, 3
   7              		.eabi_attribute 24, 1
   8              		.eabi_attribute 25, 1
   9              		.eabi_attribute 26, 1
  10              		.eabi_attribute 30, 6
  11              		.eabi_attribute 34, 1
  12              		.eabi_attribute 18, 4
  13              		.thumb
  14              		.syntax unified
  15              		.file	"emFile_ConfigMMC_SPI.c"
  16              		.text
  17              	.Ltext0:
  18              		.cfi_sections	.debug_frame
  19              		.bss
  20              		.align	2
  21              	_aMemBlock:
  22 0000 00000000 		.space	4096
  22      00000000 
  22      00000000 
  22      00000000 
  22      00000000 
  23              		.section	.text.FS_X_AddDevices,"ax",%progbits
  24              		.align	2
  25              		.global	FS_X_AddDevices
  26              		.thumb
  27              		.thumb_func
  28              		.type	FS_X_AddDevices, %function
  29              	FS_X_AddDevices:
  30              	.LFB0:
  31              		.file 1 "Generated_Source\\PSoC5\\emFile_ConfigMMC_SPI.c"
   1:Generated_Source\PSoC5/emFile_ConfigMMC_SPI.c **** /*******************************************************************************
   2:Generated_Source\PSoC5/emFile_ConfigMMC_SPI.c **** * File Name: emFile_MMC_HW_SPI.c
   3:Generated_Source\PSoC5/emFile_ConfigMMC_SPI.c **** * Version 1.20
   4:Generated_Source\PSoC5/emFile_ConfigMMC_SPI.c **** *
   5:Generated_Source\PSoC5/emFile_ConfigMMC_SPI.c **** * Description:
   6:Generated_Source\PSoC5/emFile_ConfigMMC_SPI.c **** *  Contains a set of File System APIs that implement SPI mode driver operation.
   7:Generated_Source\PSoC5/emFile_ConfigMMC_SPI.c **** *
   8:Generated_Source\PSoC5/emFile_ConfigMMC_SPI.c **** * Note:
   9:Generated_Source\PSoC5/emFile_ConfigMMC_SPI.c **** *
  10:Generated_Source\PSoC5/emFile_ConfigMMC_SPI.c **** ********************************************************************************
  11:Generated_Source\PSoC5/emFile_ConfigMMC_SPI.c **** * Copyright 2011-2012, Cypress Semiconductor Corporation.  All rights reserved.
  12:Generated_Source\PSoC5/emFile_ConfigMMC_SPI.c **** * You may use this file only in accordance with the license, terms, conditions,
  13:Generated_Source\PSoC5/emFile_ConfigMMC_SPI.c **** * disclaimers, and limitations in the end user license agreement accompanying
  14:Generated_Source\PSoC5/emFile_ConfigMMC_SPI.c **** * the software package with which this file was provided.
  15:Generated_Source\PSoC5/emFile_ConfigMMC_SPI.c **** *******************************************************************************/
  16:Generated_Source\PSoC5/emFile_ConfigMMC_SPI.c **** 
  17:Generated_Source\PSoC5/emFile_ConfigMMC_SPI.c **** 
  18:Generated_Source\PSoC5/emFile_ConfigMMC_SPI.c **** /*********************************************************************
  19:Generated_Source\PSoC5/emFile_ConfigMMC_SPI.c **** *                SEGGER MICROCONTROLLER GmbH & Co. KG                *
  20:Generated_Source\PSoC5/emFile_ConfigMMC_SPI.c **** *        Solutions for real time microcontroller applications        *
  21:Generated_Source\PSoC5/emFile_ConfigMMC_SPI.c **** **********************************************************************
  22:Generated_Source\PSoC5/emFile_ConfigMMC_SPI.c **** *                                                                    *
ARM GAS  C:\Users\hail\AppData\Local\Temp\ccijCHIx.s 			page 2


  23:Generated_Source\PSoC5/emFile_ConfigMMC_SPI.c **** *        (c) 2003-2010     SEGGER Microcontroller GmbH & Co KG       *
  24:Generated_Source\PSoC5/emFile_ConfigMMC_SPI.c **** *                                                                    *
  25:Generated_Source\PSoC5/emFile_ConfigMMC_SPI.c **** *        Internet: www.segger.com    Support:  support@segger.com    *
  26:Generated_Source\PSoC5/emFile_ConfigMMC_SPI.c **** *                                                                    *
  27:Generated_Source\PSoC5/emFile_ConfigMMC_SPI.c **** **********************************************************************
  28:Generated_Source\PSoC5/emFile_ConfigMMC_SPI.c **** 
  29:Generated_Source\PSoC5/emFile_ConfigMMC_SPI.c **** **** emFile file system for embedded applications ****
  30:Generated_Source\PSoC5/emFile_ConfigMMC_SPI.c **** emFile is protected by international copyright laws. Knowledge of the
  31:Generated_Source\PSoC5/emFile_ConfigMMC_SPI.c **** source code may not be used to write a similar product. This file may
  32:Generated_Source\PSoC5/emFile_ConfigMMC_SPI.c **** only be used in accordance with a license and should not be re-
  33:Generated_Source\PSoC5/emFile_ConfigMMC_SPI.c **** distributed in any way. We appreciate your understanding and fairness.
  34:Generated_Source\PSoC5/emFile_ConfigMMC_SPI.c **** ----------------------------------------------------------------------
  35:Generated_Source\PSoC5/emFile_ConfigMMC_SPI.c **** ----------------------------------------------------------------------
  36:Generated_Source\PSoC5/emFile_ConfigMMC_SPI.c **** File        : ConfigMMC_SPI.c
  37:Generated_Source\PSoC5/emFile_ConfigMMC_SPI.c **** Purpose     : Configuration file for FS with MMC SPI mode driver
  38:Generated_Source\PSoC5/emFile_ConfigMMC_SPI.c **** ---------------------------END-OF-HEADER------------------------------
  39:Generated_Source\PSoC5/emFile_ConfigMMC_SPI.c **** */
  40:Generated_Source\PSoC5/emFile_ConfigMMC_SPI.c **** 
  41:Generated_Source\PSoC5/emFile_ConfigMMC_SPI.c **** #include "FS.h"
  42:Generated_Source\PSoC5/emFile_ConfigMMC_SPI.c **** #include "emFile.h"
  43:Generated_Source\PSoC5/emFile_ConfigMMC_SPI.c **** 
  44:Generated_Source\PSoC5/emFile_ConfigMMC_SPI.c **** /*********************************************************************
  45:Generated_Source\PSoC5/emFile_ConfigMMC_SPI.c **** *
  46:Generated_Source\PSoC5/emFile_ConfigMMC_SPI.c **** *       Defines, configurable
  47:Generated_Source\PSoC5/emFile_ConfigMMC_SPI.c **** *
  48:Generated_Source\PSoC5/emFile_ConfigMMC_SPI.c **** *       This section is the only section which requires changes
  49:Generated_Source\PSoC5/emFile_ConfigMMC_SPI.c **** *       using the MMC/SD card mode disk driver as a single device.
  50:Generated_Source\PSoC5/emFile_ConfigMMC_SPI.c **** *
  51:Generated_Source\PSoC5/emFile_ConfigMMC_SPI.c **** **********************************************************************
  52:Generated_Source\PSoC5/emFile_ConfigMMC_SPI.c **** */
  53:Generated_Source\PSoC5/emFile_ConfigMMC_SPI.c **** #define ALLOC_SIZE                 (0x1000)      /* Size defined in bytes */
  54:Generated_Source\PSoC5/emFile_ConfigMMC_SPI.c **** 
  55:Generated_Source\PSoC5/emFile_ConfigMMC_SPI.c **** /*********************************************************************
  56:Generated_Source\PSoC5/emFile_ConfigMMC_SPI.c **** *
  57:Generated_Source\PSoC5/emFile_ConfigMMC_SPI.c **** *       Static data
  58:Generated_Source\PSoC5/emFile_ConfigMMC_SPI.c **** *
  59:Generated_Source\PSoC5/emFile_ConfigMMC_SPI.c **** **********************************************************************
  60:Generated_Source\PSoC5/emFile_ConfigMMC_SPI.c **** */
  61:Generated_Source\PSoC5/emFile_ConfigMMC_SPI.c **** static U32   _aMemBlock[ALLOC_SIZE / 4u];      /* Memory pool used for semi-dynamic allocation. */
  62:Generated_Source\PSoC5/emFile_ConfigMMC_SPI.c **** 
  63:Generated_Source\PSoC5/emFile_ConfigMMC_SPI.c **** /*********************************************************************
  64:Generated_Source\PSoC5/emFile_ConfigMMC_SPI.c **** *
  65:Generated_Source\PSoC5/emFile_ConfigMMC_SPI.c **** *       Public code
  66:Generated_Source\PSoC5/emFile_ConfigMMC_SPI.c **** *
  67:Generated_Source\PSoC5/emFile_ConfigMMC_SPI.c **** *       This section does not require modifications in most systems.
  68:Generated_Source\PSoC5/emFile_ConfigMMC_SPI.c **** *
  69:Generated_Source\PSoC5/emFile_ConfigMMC_SPI.c **** **********************************************************************
  70:Generated_Source\PSoC5/emFile_ConfigMMC_SPI.c **** */
  71:Generated_Source\PSoC5/emFile_ConfigMMC_SPI.c **** 
  72:Generated_Source\PSoC5/emFile_ConfigMMC_SPI.c **** /*********************************************************************
  73:Generated_Source\PSoC5/emFile_ConfigMMC_SPI.c **** *
  74:Generated_Source\PSoC5/emFile_ConfigMMC_SPI.c **** *       FS_X_AddDevices
  75:Generated_Source\PSoC5/emFile_ConfigMMC_SPI.c **** *
  76:Generated_Source\PSoC5/emFile_ConfigMMC_SPI.c **** *  Function description
  77:Generated_Source\PSoC5/emFile_ConfigMMC_SPI.c **** *    This function is called by the FS during FS_Init().
  78:Generated_Source\PSoC5/emFile_ConfigMMC_SPI.c **** *    It is supposed to add all devices, using primarily FS_AddDevice().
  79:Generated_Source\PSoC5/emFile_ConfigMMC_SPI.c **** *
ARM GAS  C:\Users\hail\AppData\Local\Temp\ccijCHIx.s 			page 3


  80:Generated_Source\PSoC5/emFile_ConfigMMC_SPI.c **** *  Note
  81:Generated_Source\PSoC5/emFile_ConfigMMC_SPI.c **** *    (1) Other API functions
  82:Generated_Source\PSoC5/emFile_ConfigMMC_SPI.c **** *        Other API functions may NOT be called, since this function is called
  83:Generated_Source\PSoC5/emFile_ConfigMMC_SPI.c **** *        during initialization. The devices are not yet ready at this point.
  84:Generated_Source\PSoC5/emFile_ConfigMMC_SPI.c **** */
  85:Generated_Source\PSoC5/emFile_ConfigMMC_SPI.c **** void FS_X_AddDevices(void)
  86:Generated_Source\PSoC5/emFile_ConfigMMC_SPI.c **** {
  32              		.loc 1 86 0
  33              		.cfi_startproc
  34              		@ args = 0, pretend = 0, frame = 0
  35              		@ frame_needed = 1, uses_anonymous_args = 0
  36 0000 80B5     		push	{r7, lr}
  37              		.cfi_def_cfa_offset 8
  38              		.cfi_offset 7, -8
  39              		.cfi_offset 14, -4
  40 0002 00AF     		add	r7, sp, #0
  41              		.cfi_def_cfa_register 7
  87:Generated_Source\PSoC5/emFile_ConfigMMC_SPI.c ****     #if(CY_PSOC5)
  88:Generated_Source\PSoC5/emFile_ConfigMMC_SPI.c ****         FS_AssignMemory(&_aMemBlock[0u], sizeof(_aMemBlock));
  42              		.loc 1 88 0
  43 0004 4FF48051 		mov	r1, #4096
  44 0008 0348     		ldr	r0, .L2
  45 000a FFF7FEFF 		bl	FS_AssignMemory
  89:Generated_Source\PSoC5/emFile_ConfigMMC_SPI.c ****     #else
  90:Generated_Source\PSoC5/emFile_ConfigMMC_SPI.c ****         FS_AssignMemory(&_aMemBlock[1u], sizeof(_aMemBlock));
  91:Generated_Source\PSoC5/emFile_ConfigMMC_SPI.c ****     #endif/* (CY_PSOC5) */
  92:Generated_Source\PSoC5/emFile_ConfigMMC_SPI.c **** 
  93:Generated_Source\PSoC5/emFile_ConfigMMC_SPI.c ****     #if (emFile_NUMBER_SD_CARDS == 4u)
  94:Generated_Source\PSoC5/emFile_ConfigMMC_SPI.c ****         FS_AddDevice(&FS_MMC_SPI_Driver);
  95:Generated_Source\PSoC5/emFile_ConfigMMC_SPI.c ****         FS_AddDevice(&FS_MMC_SPI_Driver);
  96:Generated_Source\PSoC5/emFile_ConfigMMC_SPI.c ****         FS_AddDevice(&FS_MMC_SPI_Driver);
  97:Generated_Source\PSoC5/emFile_ConfigMMC_SPI.c ****         FS_AddDevice(&FS_MMC_SPI_Driver);
  98:Generated_Source\PSoC5/emFile_ConfigMMC_SPI.c ****     #elif (emFile_NUMBER_SD_CARDS == 3u)
  99:Generated_Source\PSoC5/emFile_ConfigMMC_SPI.c ****         FS_AddDevice(&FS_MMC_SPI_Driver);
 100:Generated_Source\PSoC5/emFile_ConfigMMC_SPI.c ****         FS_AddDevice(&FS_MMC_SPI_Driver);
 101:Generated_Source\PSoC5/emFile_ConfigMMC_SPI.c ****         FS_AddDevice(&FS_MMC_SPI_Driver);
 102:Generated_Source\PSoC5/emFile_ConfigMMC_SPI.c ****     #elif (emFile_NUMBER_SD_CARDS == 2u)
 103:Generated_Source\PSoC5/emFile_ConfigMMC_SPI.c ****         FS_AddDevice(&FS_MMC_SPI_Driver);
 104:Generated_Source\PSoC5/emFile_ConfigMMC_SPI.c ****         FS_AddDevice(&FS_MMC_SPI_Driver);
 105:Generated_Source\PSoC5/emFile_ConfigMMC_SPI.c ****     #else
 106:Generated_Source\PSoC5/emFile_ConfigMMC_SPI.c ****         FS_AddDevice(&FS_MMC_SPI_Driver);
  46              		.loc 1 106 0
  47 000e 0348     		ldr	r0, .L2+4
  48 0010 FFF7FEFF 		bl	FS_AddDevice
 107:Generated_Source\PSoC5/emFile_ConfigMMC_SPI.c ****     #endif /* (emFile_NUMBER_SD_CARDS == 4u) */
 108:Generated_Source\PSoC5/emFile_ConfigMMC_SPI.c **** }
  49              		.loc 1 108 0
  50 0014 00BF     		nop
  51 0016 80BD     		pop	{r7, pc}
  52              	.L3:
  53              		.align	2
  54              	.L2:
  55 0018 00000000 		.word	_aMemBlock
  56 001c 00000000 		.word	FS_MMC_SPI_Driver
  57              		.cfi_endproc
  58              	.LFE0:
  59              		.size	FS_X_AddDevices, .-FS_X_AddDevices
ARM GAS  C:\Users\hail\AppData\Local\Temp\ccijCHIx.s 			page 4


  60              		.section	.text.FS_X_GetTimeDate,"ax",%progbits
  61              		.align	2
  62              		.global	FS_X_GetTimeDate
  63              		.thumb
  64              		.thumb_func
  65              		.type	FS_X_GetTimeDate, %function
  66              	FS_X_GetTimeDate:
  67              	.LFB1:
 109:Generated_Source\PSoC5/emFile_ConfigMMC_SPI.c **** 
 110:Generated_Source\PSoC5/emFile_ConfigMMC_SPI.c **** /*********************************************************************
 111:Generated_Source\PSoC5/emFile_ConfigMMC_SPI.c **** *
 112:Generated_Source\PSoC5/emFile_ConfigMMC_SPI.c **** *       FS_X_GetTimeDate
 113:Generated_Source\PSoC5/emFile_ConfigMMC_SPI.c **** *
 114:Generated_Source\PSoC5/emFile_ConfigMMC_SPI.c **** *  Description:
 115:Generated_Source\PSoC5/emFile_ConfigMMC_SPI.c **** *    Current time and date in a format suitable for the file system.
 116:Generated_Source\PSoC5/emFile_ConfigMMC_SPI.c **** *
 117:Generated_Source\PSoC5/emFile_ConfigMMC_SPI.c **** *    Bit 0-4:   2-second count (0-29)
 118:Generated_Source\PSoC5/emFile_ConfigMMC_SPI.c **** *    Bit 5-10:  Minutes (0-59)
 119:Generated_Source\PSoC5/emFile_ConfigMMC_SPI.c **** *    Bit 11-15: Hours (0-23)
 120:Generated_Source\PSoC5/emFile_ConfigMMC_SPI.c **** *    Bit 16-20: Day of month (1-31)
 121:Generated_Source\PSoC5/emFile_ConfigMMC_SPI.c **** *    Bit 21-24: Month of year (1-12)
 122:Generated_Source\PSoC5/emFile_ConfigMMC_SPI.c **** *    Bit 25-31: Count of years from 1980 (0-127)
 123:Generated_Source\PSoC5/emFile_ConfigMMC_SPI.c **** *
 124:Generated_Source\PSoC5/emFile_ConfigMMC_SPI.c **** */
 125:Generated_Source\PSoC5/emFile_ConfigMMC_SPI.c **** U32 FS_X_GetTimeDate(void)
 126:Generated_Source\PSoC5/emFile_ConfigMMC_SPI.c **** {
  68              		.loc 1 126 0
  69              		.cfi_startproc
  70              		@ args = 0, pretend = 0, frame = 16
  71              		@ frame_needed = 1, uses_anonymous_args = 0
  72              		@ link register save eliminated.
  73 0000 80B4     		push	{r7}
  74              		.cfi_def_cfa_offset 4
  75              		.cfi_offset 7, -4
  76 0002 85B0     		sub	sp, sp, #20
  77              		.cfi_def_cfa_offset 24
  78 0004 00AF     		add	r7, sp, #0
  79              		.cfi_def_cfa_register 7
 127:Generated_Source\PSoC5/emFile_ConfigMMC_SPI.c ****   U32 r;
 128:Generated_Source\PSoC5/emFile_ConfigMMC_SPI.c ****   U16 Sec, Min, Hour;
 129:Generated_Source\PSoC5/emFile_ConfigMMC_SPI.c ****   U16 Day, Month, Year;
 130:Generated_Source\PSoC5/emFile_ConfigMMC_SPI.c **** 
 131:Generated_Source\PSoC5/emFile_ConfigMMC_SPI.c ****   Sec   = 0;        /* 0 based.  Valid range: 0..59 */
  80              		.loc 1 131 0
  81 0006 0023     		movs	r3, #0
  82 0008 FB81     		strh	r3, [r7, #14]	@ movhi
 132:Generated_Source\PSoC5/emFile_ConfigMMC_SPI.c ****   Min   = 0;        /* 0 based.  Valid range: 0..59 */
  83              		.loc 1 132 0
  84 000a 0023     		movs	r3, #0
  85 000c BB81     		strh	r3, [r7, #12]	@ movhi
 133:Generated_Source\PSoC5/emFile_ConfigMMC_SPI.c ****   Hour  = 0;        /* 0 based.  Valid range: 0..23 */
  86              		.loc 1 133 0
  87 000e 0023     		movs	r3, #0
  88 0010 7B81     		strh	r3, [r7, #10]	@ movhi
 134:Generated_Source\PSoC5/emFile_ConfigMMC_SPI.c ****   Day   = 1;        /* 1 based.    Means that 1 is 1. Valid range is 1..31 (depending on month) */
  89              		.loc 1 134 0
  90 0012 0123     		movs	r3, #1
ARM GAS  C:\Users\hail\AppData\Local\Temp\ccijCHIx.s 			page 5


  91 0014 3B81     		strh	r3, [r7, #8]	@ movhi
 135:Generated_Source\PSoC5/emFile_ConfigMMC_SPI.c ****   Month = 1;        /* 1 based.    Means that January is 1. Valid range is 1..12. */
  92              		.loc 1 135 0
  93 0016 0123     		movs	r3, #1
  94 0018 FB80     		strh	r3, [r7, #6]	@ movhi
 136:Generated_Source\PSoC5/emFile_ConfigMMC_SPI.c ****   Year  = 0;        /* 1980 based. Means that 2007 would be 27. */
  95              		.loc 1 136 0
  96 001a 0023     		movs	r3, #0
  97 001c BB80     		strh	r3, [r7, #4]	@ movhi
 137:Generated_Source\PSoC5/emFile_ConfigMMC_SPI.c ****   r   = Sec / 2 + (Min << 5) + (Hour  << 11);
  98              		.loc 1 137 0
  99 001e FB89     		ldrh	r3, [r7, #14]
 100 0020 5B08     		lsrs	r3, r3, #1
 101 0022 9BB2     		uxth	r3, r3
 102 0024 1A46     		mov	r2, r3
 103 0026 BB89     		ldrh	r3, [r7, #12]
 104 0028 5B01     		lsls	r3, r3, #5
 105 002a 1A44     		add	r2, r2, r3
 106 002c 7B89     		ldrh	r3, [r7, #10]
 107 002e DB02     		lsls	r3, r3, #11
 108 0030 1344     		add	r3, r3, r2
 109 0032 3B60     		str	r3, [r7]
 138:Generated_Source\PSoC5/emFile_ConfigMMC_SPI.c ****   r  |= (U32)(Day + (Month << 5) + (Year  << 9)) << 16;
 110              		.loc 1 138 0
 111 0034 3A89     		ldrh	r2, [r7, #8]
 112 0036 FB88     		ldrh	r3, [r7, #6]
 113 0038 5B01     		lsls	r3, r3, #5
 114 003a 1A44     		add	r2, r2, r3
 115 003c BB88     		ldrh	r3, [r7, #4]
 116 003e 5B02     		lsls	r3, r3, #9
 117 0040 1344     		add	r3, r3, r2
 118 0042 1B04     		lsls	r3, r3, #16
 119 0044 3A68     		ldr	r2, [r7]
 120 0046 1343     		orrs	r3, r3, r2
 121 0048 3B60     		str	r3, [r7]
 139:Generated_Source\PSoC5/emFile_ConfigMMC_SPI.c ****   return r;
 122              		.loc 1 139 0
 123 004a 3B68     		ldr	r3, [r7]
 140:Generated_Source\PSoC5/emFile_ConfigMMC_SPI.c **** }
 124              		.loc 1 140 0
 125 004c 1846     		mov	r0, r3
 126 004e 1437     		adds	r7, r7, #20
 127              		.cfi_def_cfa_offset 4
 128 0050 BD46     		mov	sp, r7
 129              		.cfi_def_cfa_register 13
 130              		@ sp needed
 131 0052 80BC     		pop	{r7}
 132              		.cfi_restore 7
 133              		.cfi_def_cfa_offset 0
 134 0054 7047     		bx	lr
 135              		.cfi_endproc
 136              	.LFE1:
 137              		.size	FS_X_GetTimeDate, .-FS_X_GetTimeDate
 138 0056 00BF     		.text
 139              	.Letext0:
 140              		.file 2 "..\\emFile_V322c\\Code\\Include\\PSoC5/FS.h"
 141              		.file 3 "..\\emFile_V322c\\Code\\Include\\PSoC5/FS_Types.h"
ARM GAS  C:\Users\hail\AppData\Local\Temp\ccijCHIx.s 			page 6


 142              		.section	.debug_info,"",%progbits
 143              	.Ldebug_info0:
 144 0000 7D020000 		.4byte	0x27d
 145 0004 0400     		.2byte	0x4
 146 0006 00000000 		.4byte	.Ldebug_abbrev0
 147 000a 04       		.byte	0x4
 148 000b 01       		.uleb128 0x1
 149 000c 00000000 		.4byte	.LASF25
 150 0010 0C       		.byte	0xc
 151 0011 52010000 		.4byte	.LASF26
 152 0015 FA010000 		.4byte	.LASF27
 153 0019 00000000 		.4byte	.Ldebug_ranges0+0
 154 001d 00000000 		.4byte	0
 155 0021 00000000 		.4byte	.Ldebug_line0
 156 0025 02       		.uleb128 0x2
 157 0026 96000000 		.4byte	.LASF28
 158 002a 03       		.byte	0x3
 159 002b 81       		.byte	0x81
 160 002c 30000000 		.4byte	0x30
 161 0030 03       		.uleb128 0x3
 162 0031 96000000 		.4byte	.LASF28
 163 0035 20       		.byte	0x20
 164 0036 02       		.byte	0x2
 165 0037 2B02     		.2byte	0x22b
 166 0039 A6000000 		.4byte	0xa6
 167 003d 04       		.uleb128 0x4
 168 003e C2010000 		.4byte	.LASF0
 169 0042 02       		.byte	0x2
 170 0043 2C02     		.2byte	0x22c
 171 0045 FA000000 		.4byte	0xfa
 172 0049 00       		.byte	0
 173 004a 04       		.uleb128 0x4
 174 004b 22010000 		.4byte	.LASF1
 175 004f 02       		.byte	0x2
 176 0050 2D02     		.2byte	0x22d
 177 0052 05010000 		.4byte	0x105
 178 0056 04       		.byte	0x4
 179 0057 04       		.uleb128 0x4
 180 0058 AC010000 		.4byte	.LASF2
 181 005c 02       		.byte	0x2
 182 005d 2E02     		.2byte	0x22e
 183 005f 29010000 		.4byte	0x129
 184 0063 08       		.byte	0x8
 185 0064 04       		.uleb128 0x4
 186 0065 8E000000 		.4byte	.LASF3
 187 0069 02       		.byte	0x2
 188 006a 2F02     		.2byte	0x22f
 189 006c 59010000 		.4byte	0x159
 190 0070 0C       		.byte	0xc
 191 0071 04       		.uleb128 0x4
 192 0072 F2010000 		.4byte	.LASF4
 193 0076 02       		.byte	0x2
 194 0077 3002     		.2byte	0x230
 195 0079 84010000 		.4byte	0x184
 196 007d 10       		.byte	0x10
 197 007e 04       		.uleb128 0x4
 198 007f 09010000 		.4byte	.LASF5
ARM GAS  C:\Users\hail\AppData\Local\Temp\ccijCHIx.s 			page 7


 199 0083 02       		.byte	0x2
 200 0084 3102     		.2byte	0x231
 201 0086 99010000 		.4byte	0x199
 202 008a 14       		.byte	0x14
 203 008b 04       		.uleb128 0x4
 204 008c B0000000 		.4byte	.LASF6
 205 0090 02       		.byte	0x2
 206 0091 3202     		.2byte	0x232
 207 0093 99010000 		.4byte	0x199
 208 0097 18       		.byte	0x18
 209 0098 04       		.uleb128 0x4
 210 0099 C2000000 		.4byte	.LASF7
 211 009d 02       		.byte	0x2
 212 009e 3302     		.2byte	0x233
 213 00a0 05010000 		.4byte	0x105
 214 00a4 1C       		.byte	0x1c
 215 00a5 00       		.byte	0
 216 00a6 05       		.uleb128 0x5
 217 00a7 02       		.byte	0x2
 218 00a8 07       		.byte	0x7
 219 00a9 F0000000 		.4byte	.LASF8
 220 00ad 05       		.uleb128 0x5
 221 00ae 04       		.byte	0x4
 222 00af 07       		.byte	0x7
 223 00b0 DE000000 		.4byte	.LASF9
 224 00b4 05       		.uleb128 0x5
 225 00b5 04       		.byte	0x4
 226 00b6 07       		.byte	0x7
 227 00b7 2E010000 		.4byte	.LASF10
 228 00bb 06       		.uleb128 0x6
 229 00bc 04       		.byte	0x4
 230 00bd 05       		.byte	0x5
 231 00be 696E7400 		.ascii	"int\000"
 232 00c2 05       		.uleb128 0x5
 233 00c3 01       		.byte	0x1
 234 00c4 08       		.byte	0x8
 235 00c5 D0000000 		.4byte	.LASF11
 236 00c9 07       		.uleb128 0x7
 237 00ca 04       		.byte	0x4
 238 00cb 05       		.uleb128 0x5
 239 00cc 04       		.byte	0x4
 240 00cd 07       		.byte	0x7
 241 00ce 80010000 		.4byte	.LASF12
 242 00d2 05       		.uleb128 0x5
 243 00d3 01       		.byte	0x1
 244 00d4 08       		.byte	0x8
 245 00d5 97010000 		.4byte	.LASF13
 246 00d9 05       		.uleb128 0x5
 247 00da 02       		.byte	0x2
 248 00db 05       		.byte	0x5
 249 00dc B3010000 		.4byte	.LASF14
 250 00e0 08       		.uleb128 0x8
 251 00e1 EF000000 		.4byte	0xef
 252 00e5 EF000000 		.4byte	0xef
 253 00e9 09       		.uleb128 0x9
 254 00ea C2000000 		.4byte	0xc2
 255 00ee 00       		.byte	0
ARM GAS  C:\Users\hail\AppData\Local\Temp\ccijCHIx.s 			page 8


 256 00ef 0A       		.uleb128 0xa
 257 00f0 04       		.byte	0x4
 258 00f1 F5000000 		.4byte	0xf5
 259 00f5 0B       		.uleb128 0xb
 260 00f6 D2000000 		.4byte	0xd2
 261 00fa 0A       		.uleb128 0xa
 262 00fb 04       		.byte	0x4
 263 00fc E0000000 		.4byte	0xe0
 264 0100 0C       		.uleb128 0xc
 265 0101 BB000000 		.4byte	0xbb
 266 0105 0A       		.uleb128 0xa
 267 0106 04       		.byte	0x4
 268 0107 00010000 		.4byte	0x100
 269 010b 08       		.uleb128 0x8
 270 010c BB000000 		.4byte	0xbb
 271 0110 29010000 		.4byte	0x129
 272 0114 09       		.uleb128 0x9
 273 0115 C2000000 		.4byte	0xc2
 274 0119 09       		.uleb128 0x9
 275 011a AD000000 		.4byte	0xad
 276 011e 09       		.uleb128 0x9
 277 011f C9000000 		.4byte	0xc9
 278 0123 09       		.uleb128 0x9
 279 0124 AD000000 		.4byte	0xad
 280 0128 00       		.byte	0
 281 0129 0A       		.uleb128 0xa
 282 012a 04       		.byte	0x4
 283 012b 0B010000 		.4byte	0x10b
 284 012f 08       		.uleb128 0x8
 285 0130 BB000000 		.4byte	0xbb
 286 0134 52010000 		.4byte	0x152
 287 0138 09       		.uleb128 0x9
 288 0139 C2000000 		.4byte	0xc2
 289 013d 09       		.uleb128 0x9
 290 013e AD000000 		.4byte	0xad
 291 0142 09       		.uleb128 0x9
 292 0143 52010000 		.4byte	0x152
 293 0147 09       		.uleb128 0x9
 294 0148 AD000000 		.4byte	0xad
 295 014c 09       		.uleb128 0x9
 296 014d C2000000 		.4byte	0xc2
 297 0151 00       		.byte	0
 298 0152 0A       		.uleb128 0xa
 299 0153 04       		.byte	0x4
 300 0154 58010000 		.4byte	0x158
 301 0158 0D       		.uleb128 0xd
 302 0159 0A       		.uleb128 0xa
 303 015a 04       		.byte	0x4
 304 015b 2F010000 		.4byte	0x12f
 305 015f 08       		.uleb128 0x8
 306 0160 BB000000 		.4byte	0xbb
 307 0164 7D010000 		.4byte	0x17d
 308 0168 09       		.uleb128 0x9
 309 0169 C2000000 		.4byte	0xc2
 310 016d 09       		.uleb128 0x9
 311 016e 7D010000 		.4byte	0x17d
 312 0172 09       		.uleb128 0x9
ARM GAS  C:\Users\hail\AppData\Local\Temp\ccijCHIx.s 			page 9


 313 0173 7D010000 		.4byte	0x17d
 314 0177 09       		.uleb128 0x9
 315 0178 C9000000 		.4byte	0xc9
 316 017c 00       		.byte	0
 317 017d 05       		.uleb128 0x5
 318 017e 04       		.byte	0x4
 319 017f 05       		.byte	0x5
 320 0180 CC010000 		.4byte	.LASF15
 321 0184 0A       		.uleb128 0xa
 322 0185 04       		.byte	0x4
 323 0186 5F010000 		.4byte	0x15f
 324 018a 08       		.uleb128 0x8
 325 018b BB000000 		.4byte	0xbb
 326 018f 99010000 		.4byte	0x199
 327 0193 09       		.uleb128 0x9
 328 0194 C2000000 		.4byte	0xc2
 329 0198 00       		.byte	0
 330 0199 0A       		.uleb128 0xa
 331 019a 04       		.byte	0x4
 332 019b 8A010000 		.4byte	0x18a
 333 019f 05       		.uleb128 0x5
 334 01a0 01       		.byte	0x1
 335 01a1 06       		.byte	0x6
 336 01a2 E6010000 		.4byte	.LASF16
 337 01a6 05       		.uleb128 0x5
 338 01a7 08       		.byte	0x8
 339 01a8 05       		.byte	0x5
 340 01a9 89010000 		.4byte	.LASF17
 341 01ad 05       		.uleb128 0x5
 342 01ae 08       		.byte	0x8
 343 01af 07       		.byte	0x7
 344 01b0 3B010000 		.4byte	.LASF18
 345 01b4 05       		.uleb128 0x5
 346 01b5 04       		.byte	0x4
 347 01b6 04       		.byte	0x4
 348 01b7 BC000000 		.4byte	.LASF19
 349 01bb 05       		.uleb128 0x5
 350 01bc 08       		.byte	0x8
 351 01bd 04       		.byte	0x4
 352 01be 1B010000 		.4byte	.LASF20
 353 01c2 0E       		.uleb128 0xe
 354 01c3 9C010000 		.4byte	.LASF29
 355 01c7 01       		.byte	0x1
 356 01c8 55       		.byte	0x55
 357 01c9 00000000 		.4byte	.LFB0
 358 01cd 20000000 		.4byte	.LFE0-.LFB0
 359 01d1 01       		.uleb128 0x1
 360 01d2 9C       		.byte	0x9c
 361 01d3 0F       		.uleb128 0xf
 362 01d4 D5010000 		.4byte	.LASF30
 363 01d8 01       		.byte	0x1
 364 01d9 7D       		.byte	0x7d
 365 01da AD000000 		.4byte	0xad
 366 01de 00000000 		.4byte	.LFB1
 367 01e2 56000000 		.4byte	.LFE1-.LFB1
 368 01e6 01       		.uleb128 0x1
 369 01e7 9C       		.byte	0x9c
ARM GAS  C:\Users\hail\AppData\Local\Temp\ccijCHIx.s 			page 10


 370 01e8 4D020000 		.4byte	0x24d
 371 01ec 10       		.uleb128 0x10
 372 01ed 7200     		.ascii	"r\000"
 373 01ef 01       		.byte	0x1
 374 01f0 7F       		.byte	0x7f
 375 01f1 AD000000 		.4byte	0xad
 376 01f5 02       		.uleb128 0x2
 377 01f6 91       		.byte	0x91
 378 01f7 68       		.sleb128 -24
 379 01f8 10       		.uleb128 0x10
 380 01f9 53656300 		.ascii	"Sec\000"
 381 01fd 01       		.byte	0x1
 382 01fe 80       		.byte	0x80
 383 01ff A6000000 		.4byte	0xa6
 384 0203 02       		.uleb128 0x2
 385 0204 91       		.byte	0x91
 386 0205 76       		.sleb128 -10
 387 0206 10       		.uleb128 0x10
 388 0207 4D696E00 		.ascii	"Min\000"
 389 020b 01       		.byte	0x1
 390 020c 80       		.byte	0x80
 391 020d A6000000 		.4byte	0xa6
 392 0211 02       		.uleb128 0x2
 393 0212 91       		.byte	0x91
 394 0213 74       		.sleb128 -12
 395 0214 11       		.uleb128 0x11
 396 0215 BD010000 		.4byte	.LASF21
 397 0219 01       		.byte	0x1
 398 021a 80       		.byte	0x80
 399 021b A6000000 		.4byte	0xa6
 400 021f 02       		.uleb128 0x2
 401 0220 91       		.byte	0x91
 402 0221 72       		.sleb128 -14
 403 0222 10       		.uleb128 0x10
 404 0223 44617900 		.ascii	"Day\000"
 405 0227 01       		.byte	0x1
 406 0228 81       		.byte	0x81
 407 0229 A6000000 		.4byte	0xa6
 408 022d 02       		.uleb128 0x2
 409 022e 91       		.byte	0x91
 410 022f 70       		.sleb128 -16
 411 0230 11       		.uleb128 0x11
 412 0231 03010000 		.4byte	.LASF22
 413 0235 01       		.byte	0x1
 414 0236 81       		.byte	0x81
 415 0237 A6000000 		.4byte	0xa6
 416 023b 02       		.uleb128 0x2
 417 023c 91       		.byte	0x91
 418 023d 6E       		.sleb128 -18
 419 023e 11       		.uleb128 0x11
 420 023f 16010000 		.4byte	.LASF23
 421 0243 01       		.byte	0x1
 422 0244 81       		.byte	0x81
 423 0245 A6000000 		.4byte	0xa6
 424 0249 02       		.uleb128 0x2
 425 024a 91       		.byte	0x91
 426 024b 6C       		.sleb128 -20
ARM GAS  C:\Users\hail\AppData\Local\Temp\ccijCHIx.s 			page 11


 427 024c 00       		.byte	0
 428 024d 12       		.uleb128 0x12
 429 024e AD000000 		.4byte	0xad
 430 0252 5E020000 		.4byte	0x25e
 431 0256 13       		.uleb128 0x13
 432 0257 CB000000 		.4byte	0xcb
 433 025b FF03     		.2byte	0x3ff
 434 025d 00       		.byte	0
 435 025e 11       		.uleb128 0x11
 436 025f A5000000 		.4byte	.LASF24
 437 0263 01       		.byte	0x1
 438 0264 3D       		.byte	0x3d
 439 0265 4D020000 		.4byte	0x24d
 440 0269 05       		.uleb128 0x5
 441 026a 03       		.byte	0x3
 442 026b 00000000 		.4byte	_aMemBlock
 443 026f 14       		.uleb128 0x14
 444 0270 4A020000 		.4byte	.LASF31
 445 0274 02       		.byte	0x2
 446 0275 3902     		.2byte	0x239
 447 0277 7B020000 		.4byte	0x27b
 448 027b 0B       		.uleb128 0xb
 449 027c 25000000 		.4byte	0x25
 450 0280 00       		.byte	0
 451              		.section	.debug_abbrev,"",%progbits
 452              	.Ldebug_abbrev0:
 453 0000 01       		.uleb128 0x1
 454 0001 11       		.uleb128 0x11
 455 0002 01       		.byte	0x1
 456 0003 25       		.uleb128 0x25
 457 0004 0E       		.uleb128 0xe
 458 0005 13       		.uleb128 0x13
 459 0006 0B       		.uleb128 0xb
 460 0007 03       		.uleb128 0x3
 461 0008 0E       		.uleb128 0xe
 462 0009 1B       		.uleb128 0x1b
 463 000a 0E       		.uleb128 0xe
 464 000b 55       		.uleb128 0x55
 465 000c 17       		.uleb128 0x17
 466 000d 11       		.uleb128 0x11
 467 000e 01       		.uleb128 0x1
 468 000f 10       		.uleb128 0x10
 469 0010 17       		.uleb128 0x17
 470 0011 00       		.byte	0
 471 0012 00       		.byte	0
 472 0013 02       		.uleb128 0x2
 473 0014 16       		.uleb128 0x16
 474 0015 00       		.byte	0
 475 0016 03       		.uleb128 0x3
 476 0017 0E       		.uleb128 0xe
 477 0018 3A       		.uleb128 0x3a
 478 0019 0B       		.uleb128 0xb
 479 001a 3B       		.uleb128 0x3b
 480 001b 0B       		.uleb128 0xb
 481 001c 49       		.uleb128 0x49
 482 001d 13       		.uleb128 0x13
 483 001e 00       		.byte	0
ARM GAS  C:\Users\hail\AppData\Local\Temp\ccijCHIx.s 			page 12


 484 001f 00       		.byte	0
 485 0020 03       		.uleb128 0x3
 486 0021 13       		.uleb128 0x13
 487 0022 01       		.byte	0x1
 488 0023 03       		.uleb128 0x3
 489 0024 0E       		.uleb128 0xe
 490 0025 0B       		.uleb128 0xb
 491 0026 0B       		.uleb128 0xb
 492 0027 3A       		.uleb128 0x3a
 493 0028 0B       		.uleb128 0xb
 494 0029 3B       		.uleb128 0x3b
 495 002a 05       		.uleb128 0x5
 496 002b 01       		.uleb128 0x1
 497 002c 13       		.uleb128 0x13
 498 002d 00       		.byte	0
 499 002e 00       		.byte	0
 500 002f 04       		.uleb128 0x4
 501 0030 0D       		.uleb128 0xd
 502 0031 00       		.byte	0
 503 0032 03       		.uleb128 0x3
 504 0033 0E       		.uleb128 0xe
 505 0034 3A       		.uleb128 0x3a
 506 0035 0B       		.uleb128 0xb
 507 0036 3B       		.uleb128 0x3b
 508 0037 05       		.uleb128 0x5
 509 0038 49       		.uleb128 0x49
 510 0039 13       		.uleb128 0x13
 511 003a 38       		.uleb128 0x38
 512 003b 0B       		.uleb128 0xb
 513 003c 00       		.byte	0
 514 003d 00       		.byte	0
 515 003e 05       		.uleb128 0x5
 516 003f 24       		.uleb128 0x24
 517 0040 00       		.byte	0
 518 0041 0B       		.uleb128 0xb
 519 0042 0B       		.uleb128 0xb
 520 0043 3E       		.uleb128 0x3e
 521 0044 0B       		.uleb128 0xb
 522 0045 03       		.uleb128 0x3
 523 0046 0E       		.uleb128 0xe
 524 0047 00       		.byte	0
 525 0048 00       		.byte	0
 526 0049 06       		.uleb128 0x6
 527 004a 24       		.uleb128 0x24
 528 004b 00       		.byte	0
 529 004c 0B       		.uleb128 0xb
 530 004d 0B       		.uleb128 0xb
 531 004e 3E       		.uleb128 0x3e
 532 004f 0B       		.uleb128 0xb
 533 0050 03       		.uleb128 0x3
 534 0051 08       		.uleb128 0x8
 535 0052 00       		.byte	0
 536 0053 00       		.byte	0
 537 0054 07       		.uleb128 0x7
 538 0055 0F       		.uleb128 0xf
 539 0056 00       		.byte	0
 540 0057 0B       		.uleb128 0xb
ARM GAS  C:\Users\hail\AppData\Local\Temp\ccijCHIx.s 			page 13


 541 0058 0B       		.uleb128 0xb
 542 0059 00       		.byte	0
 543 005a 00       		.byte	0
 544 005b 08       		.uleb128 0x8
 545 005c 15       		.uleb128 0x15
 546 005d 01       		.byte	0x1
 547 005e 27       		.uleb128 0x27
 548 005f 19       		.uleb128 0x19
 549 0060 49       		.uleb128 0x49
 550 0061 13       		.uleb128 0x13
 551 0062 01       		.uleb128 0x1
 552 0063 13       		.uleb128 0x13
 553 0064 00       		.byte	0
 554 0065 00       		.byte	0
 555 0066 09       		.uleb128 0x9
 556 0067 05       		.uleb128 0x5
 557 0068 00       		.byte	0
 558 0069 49       		.uleb128 0x49
 559 006a 13       		.uleb128 0x13
 560 006b 00       		.byte	0
 561 006c 00       		.byte	0
 562 006d 0A       		.uleb128 0xa
 563 006e 0F       		.uleb128 0xf
 564 006f 00       		.byte	0
 565 0070 0B       		.uleb128 0xb
 566 0071 0B       		.uleb128 0xb
 567 0072 49       		.uleb128 0x49
 568 0073 13       		.uleb128 0x13
 569 0074 00       		.byte	0
 570 0075 00       		.byte	0
 571 0076 0B       		.uleb128 0xb
 572 0077 26       		.uleb128 0x26
 573 0078 00       		.byte	0
 574 0079 49       		.uleb128 0x49
 575 007a 13       		.uleb128 0x13
 576 007b 00       		.byte	0
 577 007c 00       		.byte	0
 578 007d 0C       		.uleb128 0xc
 579 007e 15       		.uleb128 0x15
 580 007f 00       		.byte	0
 581 0080 27       		.uleb128 0x27
 582 0081 19       		.uleb128 0x19
 583 0082 49       		.uleb128 0x49
 584 0083 13       		.uleb128 0x13
 585 0084 00       		.byte	0
 586 0085 00       		.byte	0
 587 0086 0D       		.uleb128 0xd
 588 0087 26       		.uleb128 0x26
 589 0088 00       		.byte	0
 590 0089 00       		.byte	0
 591 008a 00       		.byte	0
 592 008b 0E       		.uleb128 0xe
 593 008c 2E       		.uleb128 0x2e
 594 008d 00       		.byte	0
 595 008e 3F       		.uleb128 0x3f
 596 008f 19       		.uleb128 0x19
 597 0090 03       		.uleb128 0x3
ARM GAS  C:\Users\hail\AppData\Local\Temp\ccijCHIx.s 			page 14


 598 0091 0E       		.uleb128 0xe
 599 0092 3A       		.uleb128 0x3a
 600 0093 0B       		.uleb128 0xb
 601 0094 3B       		.uleb128 0x3b
 602 0095 0B       		.uleb128 0xb
 603 0096 27       		.uleb128 0x27
 604 0097 19       		.uleb128 0x19
 605 0098 11       		.uleb128 0x11
 606 0099 01       		.uleb128 0x1
 607 009a 12       		.uleb128 0x12
 608 009b 06       		.uleb128 0x6
 609 009c 40       		.uleb128 0x40
 610 009d 18       		.uleb128 0x18
 611 009e 9642     		.uleb128 0x2116
 612 00a0 19       		.uleb128 0x19
 613 00a1 00       		.byte	0
 614 00a2 00       		.byte	0
 615 00a3 0F       		.uleb128 0xf
 616 00a4 2E       		.uleb128 0x2e
 617 00a5 01       		.byte	0x1
 618 00a6 3F       		.uleb128 0x3f
 619 00a7 19       		.uleb128 0x19
 620 00a8 03       		.uleb128 0x3
 621 00a9 0E       		.uleb128 0xe
 622 00aa 3A       		.uleb128 0x3a
 623 00ab 0B       		.uleb128 0xb
 624 00ac 3B       		.uleb128 0x3b
 625 00ad 0B       		.uleb128 0xb
 626 00ae 27       		.uleb128 0x27
 627 00af 19       		.uleb128 0x19
 628 00b0 49       		.uleb128 0x49
 629 00b1 13       		.uleb128 0x13
 630 00b2 11       		.uleb128 0x11
 631 00b3 01       		.uleb128 0x1
 632 00b4 12       		.uleb128 0x12
 633 00b5 06       		.uleb128 0x6
 634 00b6 40       		.uleb128 0x40
 635 00b7 18       		.uleb128 0x18
 636 00b8 9742     		.uleb128 0x2117
 637 00ba 19       		.uleb128 0x19
 638 00bb 01       		.uleb128 0x1
 639 00bc 13       		.uleb128 0x13
 640 00bd 00       		.byte	0
 641 00be 00       		.byte	0
 642 00bf 10       		.uleb128 0x10
 643 00c0 34       		.uleb128 0x34
 644 00c1 00       		.byte	0
 645 00c2 03       		.uleb128 0x3
 646 00c3 08       		.uleb128 0x8
 647 00c4 3A       		.uleb128 0x3a
 648 00c5 0B       		.uleb128 0xb
 649 00c6 3B       		.uleb128 0x3b
 650 00c7 0B       		.uleb128 0xb
 651 00c8 49       		.uleb128 0x49
 652 00c9 13       		.uleb128 0x13
 653 00ca 02       		.uleb128 0x2
 654 00cb 18       		.uleb128 0x18
ARM GAS  C:\Users\hail\AppData\Local\Temp\ccijCHIx.s 			page 15


 655 00cc 00       		.byte	0
 656 00cd 00       		.byte	0
 657 00ce 11       		.uleb128 0x11
 658 00cf 34       		.uleb128 0x34
 659 00d0 00       		.byte	0
 660 00d1 03       		.uleb128 0x3
 661 00d2 0E       		.uleb128 0xe
 662 00d3 3A       		.uleb128 0x3a
 663 00d4 0B       		.uleb128 0xb
 664 00d5 3B       		.uleb128 0x3b
 665 00d6 0B       		.uleb128 0xb
 666 00d7 49       		.uleb128 0x49
 667 00d8 13       		.uleb128 0x13
 668 00d9 02       		.uleb128 0x2
 669 00da 18       		.uleb128 0x18
 670 00db 00       		.byte	0
 671 00dc 00       		.byte	0
 672 00dd 12       		.uleb128 0x12
 673 00de 01       		.uleb128 0x1
 674 00df 01       		.byte	0x1
 675 00e0 49       		.uleb128 0x49
 676 00e1 13       		.uleb128 0x13
 677 00e2 01       		.uleb128 0x1
 678 00e3 13       		.uleb128 0x13
 679 00e4 00       		.byte	0
 680 00e5 00       		.byte	0
 681 00e6 13       		.uleb128 0x13
 682 00e7 21       		.uleb128 0x21
 683 00e8 00       		.byte	0
 684 00e9 49       		.uleb128 0x49
 685 00ea 13       		.uleb128 0x13
 686 00eb 2F       		.uleb128 0x2f
 687 00ec 05       		.uleb128 0x5
 688 00ed 00       		.byte	0
 689 00ee 00       		.byte	0
 690 00ef 14       		.uleb128 0x14
 691 00f0 34       		.uleb128 0x34
 692 00f1 00       		.byte	0
 693 00f2 03       		.uleb128 0x3
 694 00f3 0E       		.uleb128 0xe
 695 00f4 3A       		.uleb128 0x3a
 696 00f5 0B       		.uleb128 0xb
 697 00f6 3B       		.uleb128 0x3b
 698 00f7 05       		.uleb128 0x5
 699 00f8 49       		.uleb128 0x49
 700 00f9 13       		.uleb128 0x13
 701 00fa 3F       		.uleb128 0x3f
 702 00fb 19       		.uleb128 0x19
 703 00fc 3C       		.uleb128 0x3c
 704 00fd 19       		.uleb128 0x19
 705 00fe 00       		.byte	0
 706 00ff 00       		.byte	0
 707 0100 00       		.byte	0
 708              		.section	.debug_aranges,"",%progbits
 709 0000 24000000 		.4byte	0x24
 710 0004 0200     		.2byte	0x2
 711 0006 00000000 		.4byte	.Ldebug_info0
ARM GAS  C:\Users\hail\AppData\Local\Temp\ccijCHIx.s 			page 16


 712 000a 04       		.byte	0x4
 713 000b 00       		.byte	0
 714 000c 0000     		.2byte	0
 715 000e 0000     		.2byte	0
 716 0010 00000000 		.4byte	.LFB0
 717 0014 20000000 		.4byte	.LFE0-.LFB0
 718 0018 00000000 		.4byte	.LFB1
 719 001c 56000000 		.4byte	.LFE1-.LFB1
 720 0020 00000000 		.4byte	0
 721 0024 00000000 		.4byte	0
 722              		.section	.debug_ranges,"",%progbits
 723              	.Ldebug_ranges0:
 724 0000 00000000 		.4byte	.LFB0
 725 0004 20000000 		.4byte	.LFE0
 726 0008 00000000 		.4byte	.LFB1
 727 000c 56000000 		.4byte	.LFE1
 728 0010 00000000 		.4byte	0
 729 0014 00000000 		.4byte	0
 730              		.section	.debug_line,"",%progbits
 731              	.Ldebug_line0:
 732 0000 B2000000 		.section	.debug_str,"MS",%progbits,1
 732      02007D00 
 732      00000201 
 732      FB0E0D00 
 732      01010101 
 733              	.LASF25:
 734 0000 474E5520 		.ascii	"GNU C11 5.4.1 20160609 (release) [ARM/embedded-5-br"
 734      43313120 
 734      352E342E 
 734      31203230 
 734      31363036 
 735 0033 616E6368 		.ascii	"anch revision 237715] -mcpu=cortex-m3 -mthumb -g -O"
 735      20726576 
 735      6973696F 
 735      6E203233 
 735      37373135 
 736 0066 30202D66 		.ascii	"0 -ffunction-sections -ffat-lto-objects\000"
 736      66756E63 
 736      74696F6E 
 736      2D736563 
 736      74696F6E 
 737              	.LASF3:
 738 008e 70665772 		.ascii	"pfWrite\000"
 738      69746500 
 739              	.LASF28:
 740 0096 46535F44 		.ascii	"FS_DEVICE_TYPE\000"
 740      45564943 
 740      455F5459 
 740      504500
 741              	.LASF24:
 742 00a5 5F614D65 		.ascii	"_aMemBlock\000"
 742      6D426C6F 
 742      636B00
 743              	.LASF6:
 744 00b0 70664765 		.ascii	"pfGetStatus\000"
 744      74537461 
 744      74757300 
ARM GAS  C:\Users\hail\AppData\Local\Temp\ccijCHIx.s 			page 17


 745              	.LASF19:
 746 00bc 666C6F61 		.ascii	"float\000"
 746      7400
 747              	.LASF7:
 748 00c2 70664765 		.ascii	"pfGetNumUnits\000"
 748      744E756D 
 748      556E6974 
 748      7300
 749              	.LASF11:
 750 00d0 756E7369 		.ascii	"unsigned char\000"
 750      676E6564 
 750      20636861 
 750      7200
 751              	.LASF9:
 752 00de 6C6F6E67 		.ascii	"long unsigned int\000"
 752      20756E73 
 752      69676E65 
 752      6420696E 
 752      7400
 753              	.LASF8:
 754 00f0 73686F72 		.ascii	"short unsigned int\000"
 754      7420756E 
 754      7369676E 
 754      65642069 
 754      6E7400
 755              	.LASF22:
 756 0103 4D6F6E74 		.ascii	"Month\000"
 756      6800
 757              	.LASF5:
 758 0109 7066496E 		.ascii	"pfInitMedium\000"
 758      69744D65 
 758      6469756D 
 758      00
 759              	.LASF23:
 760 0116 59656172 		.ascii	"Year\000"
 760      00
 761              	.LASF20:
 762 011b 646F7562 		.ascii	"double\000"
 762      6C6500
 763              	.LASF1:
 764 0122 70664164 		.ascii	"pfAddDevice\000"
 764      64446576 
 764      69636500 
 765              	.LASF10:
 766 012e 756E7369 		.ascii	"unsigned int\000"
 766      676E6564 
 766      20696E74 
 766      00
 767              	.LASF18:
 768 013b 6C6F6E67 		.ascii	"long long unsigned int\000"
 768      206C6F6E 
 768      6720756E 
 768      7369676E 
 768      65642069 
 769              	.LASF26:
 770 0152 47656E65 		.ascii	"Generated_Source\\PSoC5\\emFile_ConfigMMC_SPI.c\000"
 770      72617465 
ARM GAS  C:\Users\hail\AppData\Local\Temp\ccijCHIx.s 			page 18


 770      645F536F 
 770      75726365 
 770      5C50536F 
 771              	.LASF12:
 772 0180 73697A65 		.ascii	"sizetype\000"
 772      74797065 
 772      00
 773              	.LASF17:
 774 0189 6C6F6E67 		.ascii	"long long int\000"
 774      206C6F6E 
 774      6720696E 
 774      7400
 775              	.LASF13:
 776 0197 63686172 		.ascii	"char\000"
 776      00
 777              	.LASF29:
 778 019c 46535F58 		.ascii	"FS_X_AddDevices\000"
 778      5F416464 
 778      44657669 
 778      63657300 
 779              	.LASF2:
 780 01ac 70665265 		.ascii	"pfRead\000"
 780      616400
 781              	.LASF14:
 782 01b3 73686F72 		.ascii	"short int\000"
 782      7420696E 
 782      7400
 783              	.LASF21:
 784 01bd 486F7572 		.ascii	"Hour\000"
 784      00
 785              	.LASF0:
 786 01c2 70664765 		.ascii	"pfGetName\000"
 786      744E616D 
 786      6500
 787              	.LASF15:
 788 01cc 6C6F6E67 		.ascii	"long int\000"
 788      20696E74 
 788      00
 789              	.LASF30:
 790 01d5 46535F58 		.ascii	"FS_X_GetTimeDate\000"
 790      5F476574 
 790      54696D65 
 790      44617465 
 790      00
 791              	.LASF16:
 792 01e6 7369676E 		.ascii	"signed char\000"
 792      65642063 
 792      68617200 
 793              	.LASF4:
 794 01f2 7066496F 		.ascii	"pfIoCtl\000"
 794      43746C00 
 795              	.LASF27:
 796 01fa 433A5C55 		.ascii	"C:\\Users\\hail\\Desktop\\Brooke Research\\notoriOS"
 796      73657273 
 796      5C686169 
 796      6C5C4465 
 796      736B746F 
ARM GAS  C:\Users\hail\AppData\Local\Temp\ccijCHIx.s 			page 19


 797 0228 5C6E6F74 		.ascii	"\\notoriOS\\notoriOS\\notoriOS.cydsn\000"
 797      6F72694F 
 797      535C6E6F 
 797      746F7269 
 797      4F535C6E 
 798              	.LASF31:
 799 024a 46535F4D 		.ascii	"FS_MMC_SPI_Driver\000"
 799      4D435F53 
 799      50495F44 
 799      72697665 
 799      7200
 800              		.ident	"GCC: (GNU Tools for ARM Embedded Processors) 5.4.1 20160609 (release) [ARM/embedded-5-bran
