ARM GAS  C:\Users\HYFI_A~1\AppData\Local\Temp\ccR4M9kv.s 			page 1


   1              		.syntax unified
   2              		.cpu cortex-m3
   3              		.fpu softvfp
   4              		.eabi_attribute 20, 1
   5              		.eabi_attribute 21, 1
   6              		.eabi_attribute 23, 3
   7              		.eabi_attribute 24, 1
   8              		.eabi_attribute 25, 1
   9              		.eabi_attribute 26, 1
  10              		.eabi_attribute 30, 6
  11              		.eabi_attribute 34, 1
  12              		.eabi_attribute 18, 4
  13              		.thumb
  14              		.syntax unified
  15              		.file	"level_sensor.c"
  16              		.text
  17              	.Ltext0:
  18              		.cfi_sections	.debug_frame
  19              		.comm	debug_string,100,4
  20              		.syntax unified
  21              		.global _printf_float
  22              		.thumb
  23              		.syntax unified
  24              		.comm	modem_state,1,1
  25              		.comm	modem_start_time_stamp,4,4
  26              		.comm	modem_info,60,4
  27              		.comm	modem_stats,12,4
  28              		.comm	dataPointsInStack,2,2
  29              		.comm	data,4400,4
  30              		.comm	system_info,28,4
  31              		.comm	system_settings,324,4
  32              		.bss
  33              		.align	2
  34              	uart_chars:
  35 0000 00000000 		.space	257
  35      00000000 
  35      00000000 
  35      00000000 
  35      00000000 
  36              	num_chars:
  37 0101 00       		.space	1
  38              		.data
  39              		.align	2
  40              		.type	line, %object
  41              		.size	line, 4
  42              	line:
  43 0000 00000000 		.word	uart_chars
  44              		.bss
  45 0102 0000     		.align	2
  46              	match:
  47 0104 00000000 		.space	4
  48              		.align	2
  49              	pattern:
  50 0108 00000000 		.space	4
  51              		.section	.text.uart_string,"ax",%progbits
  52              		.align	2
  53              		.global	uart_string
ARM GAS  C:\Users\HYFI_A~1\AppData\Local\Temp\ccR4M9kv.s 			page 2


  54              		.thumb
  55              		.thumb_func
  56              		.type	uart_string, %function
  57              	uart_string:
  58              	.LFB64:
  59              		.file 1 "level_sensor.c"
   1:level_sensor.c **** #include "level_sensor.h"
   2:level_sensor.c **** #include <assert.h>
   3:level_sensor.c **** #include <stdint.h>
   4:level_sensor.c **** #include <stdbool.h>
   5:level_sensor.c **** #include <math.h>
   6:level_sensor.c **** #include <stdio.h>
   7:level_sensor.c **** #include "level_sensor.h"
   8:level_sensor.c **** #include "notoriOS.h"
   9:level_sensor.c **** #include "project.h"
  10:level_sensor.c **** 
  11:level_sensor.c **** 
  12:level_sensor.c **** /* === Driver Functions === */
  13:level_sensor.c **** 
  14:level_sensor.c **** //sensor realated global calls
  15:level_sensor.c **** 
  16:level_sensor.c **** 
  17:level_sensor.c **** 
  18:level_sensor.c **** 
  19:level_sensor.c **** /* Circular buffer of recently received chars */
  20:level_sensor.c **** static char uart_chars[257] = {0};
  21:level_sensor.c **** static uint8_t num_chars = 0;
  22:level_sensor.c **** 
  23:level_sensor.c **** static const char *line = uart_chars;
  24:level_sensor.c **** static const char *match = NULL;
  25:level_sensor.c **** static const char *pattern = NULL;
  26:level_sensor.c **** 
  27:level_sensor.c **** 
  28:level_sensor.c **** 
  29:level_sensor.c **** const char *uart_string(void) {
  60              		.loc 1 29 0
  61              		.cfi_startproc
  62              		@ args = 0, pretend = 0, frame = 0
  63              		@ frame_needed = 1, uses_anonymous_args = 0
  64              		@ link register save eliminated.
  65 0000 80B4     		push	{r7}
  66              		.cfi_def_cfa_offset 4
  67              		.cfi_offset 7, -4
  68 0002 00AF     		add	r7, sp, #0
  69              		.cfi_def_cfa_register 7
  30:level_sensor.c ****   return (char*)uart_chars;
  70              		.loc 1 30 0
  71 0004 024B     		ldr	r3, .L3
  31:level_sensor.c **** }
  72              		.loc 1 31 0
  73 0006 1846     		mov	r0, r3
  74 0008 BD46     		mov	sp, r7
  75              		.cfi_def_cfa_register 13
  76              		@ sp needed
  77 000a 80BC     		pop	{r7}
  78              		.cfi_restore 7
  79              		.cfi_def_cfa_offset 0
ARM GAS  C:\Users\HYFI_A~1\AppData\Local\Temp\ccR4M9kv.s 			page 3


  80 000c 7047     		bx	lr
  81              	.L4:
  82 000e 00BF     		.align	2
  83              	.L3:
  84 0010 00000000 		.word	uart_chars
  85              		.cfi_endproc
  86              	.LFE64:
  87              		.size	uart_string, .-uart_string
  88              		.section	.text.uart_len,"ax",%progbits
  89              		.align	2
  90              		.global	uart_len
  91              		.thumb
  92              		.thumb_func
  93              		.type	uart_len, %function
  94              	uart_len:
  95              	.LFB65:
  32:level_sensor.c **** 
  33:level_sensor.c **** uint8_t uart_len(void) {
  96              		.loc 1 33 0
  97              		.cfi_startproc
  98              		@ args = 0, pretend = 0, frame = 0
  99              		@ frame_needed = 1, uses_anonymous_args = 0
 100              		@ link register save eliminated.
 101 0000 80B4     		push	{r7}
 102              		.cfi_def_cfa_offset 4
 103              		.cfi_offset 7, -4
 104 0002 00AF     		add	r7, sp, #0
 105              		.cfi_def_cfa_register 7
  34:level_sensor.c ****   return num_chars;
 106              		.loc 1 34 0
 107 0004 024B     		ldr	r3, .L7
 108 0006 1B78     		ldrb	r3, [r3]	@ zero_extendqisi2
  35:level_sensor.c **** }
 109              		.loc 1 35 0
 110 0008 1846     		mov	r0, r3
 111 000a BD46     		mov	sp, r7
 112              		.cfi_def_cfa_register 13
 113              		@ sp needed
 114 000c 80BC     		pop	{r7}
 115              		.cfi_restore 7
 116              		.cfi_def_cfa_offset 0
 117 000e 7047     		bx	lr
 118              	.L8:
 119              		.align	2
 120              	.L7:
 121 0010 01010000 		.word	num_chars
 122              		.cfi_endproc
 123              	.LFE65:
 124              		.size	uart_len, .-uart_len
 125              		.section	.text.uart_clear,"ax",%progbits
 126              		.align	2
 127              		.global	uart_clear
 128              		.thumb
 129              		.thumb_func
 130              		.type	uart_clear, %function
 131              	uart_clear:
 132              	.LFB66:
ARM GAS  C:\Users\HYFI_A~1\AppData\Local\Temp\ccR4M9kv.s 			page 4


  36:level_sensor.c **** 
  37:level_sensor.c **** void uart_clear(void) {
 133              		.loc 1 37 0
 134              		.cfi_startproc
 135              		@ args = 0, pretend = 0, frame = 0
 136              		@ frame_needed = 1, uses_anonymous_args = 0
 137 0000 80B5     		push	{r7, lr}
 138              		.cfi_def_cfa_offset 8
 139              		.cfi_offset 7, -8
 140              		.cfi_offset 14, -4
 141 0002 00AF     		add	r7, sp, #0
 142              		.cfi_def_cfa_register 7
  38:level_sensor.c ****   Level_Sensor_UART_ClearRxBuffer();
 143              		.loc 1 38 0
 144 0004 FFF7FEFF 		bl	Level_Sensor_UART_ClearRxBuffer
  39:level_sensor.c ****   memset((void*)uart_chars, 0, 256);
 145              		.loc 1 39 0
 146 0008 4FF48072 		mov	r2, #256
 147 000c 0021     		movs	r1, #0
 148 000e 0448     		ldr	r0, .L10
 149 0010 FFF7FEFF 		bl	memset
  40:level_sensor.c ****   num_chars = 0;
 150              		.loc 1 40 0
 151 0014 034B     		ldr	r3, .L10+4
 152 0016 0022     		movs	r2, #0
 153 0018 1A70     		strb	r2, [r3]
  41:level_sensor.c **** }
 154              		.loc 1 41 0
 155 001a 00BF     		nop
 156 001c 80BD     		pop	{r7, pc}
 157              	.L11:
 158 001e 00BF     		.align	2
 159              	.L10:
 160 0020 00000000 		.word	uart_chars
 161 0024 01010000 		.word	num_chars
 162              		.cfi_endproc
 163              	.LFE66:
 164              		.size	uart_clear, .-uart_clear
 165              		.section	.text.Level_Sensor_ISR,"ax",%progbits
 166              		.align	2
 167              		.global	Level_Sensor_ISR
 168              		.thumb
 169              		.thumb_func
 170              		.type	Level_Sensor_ISR, %function
 171              	Level_Sensor_ISR:
 172              	.LFB67:
  42:level_sensor.c **** 
  43:level_sensor.c **** CY_ISR(Level_Sensor_ISR) {
 173              		.loc 1 43 0
 174              		.cfi_startproc
 175              		@ args = 0, pretend = 0, frame = 8
 176              		@ frame_needed = 1, uses_anonymous_args = 0
 177 0000 80B5     		push	{r7, lr}
 178              		.cfi_def_cfa_offset 8
 179              		.cfi_offset 7, -8
 180              		.cfi_offset 14, -4
 181 0002 82B0     		sub	sp, sp, #8
ARM GAS  C:\Users\HYFI_A~1\AppData\Local\Temp\ccR4M9kv.s 			page 5


 182              		.cfi_def_cfa_offset 16
 183 0004 00AF     		add	r7, sp, #0
 184              		.cfi_def_cfa_register 7
  44:level_sensor.c ****   /* Store received char in uart_chars */
  45:level_sensor.c ****   char rx_char = Level_Sensor_UART_GetChar();
 185              		.loc 1 45 0
 186 0006 FFF7FEFF 		bl	Level_Sensor_UART_GetChar
 187 000a 0346     		mov	r3, r0
 188 000c FB71     		strb	r3, [r7, #7]
  46:level_sensor.c ****   if (rx_char) uart_chars[num_chars++] = rx_char;
 189              		.loc 1 46 0
 190 000e FB79     		ldrb	r3, [r7, #7]	@ zero_extendqisi2
 191 0010 002B     		cmp	r3, #0
 192 0012 09D0     		beq	.L13
 193              		.loc 1 46 0 is_stmt 0 discriminator 1
 194 0014 114B     		ldr	r3, .L16
 195 0016 1B78     		ldrb	r3, [r3]	@ zero_extendqisi2
 196 0018 5A1C     		adds	r2, r3, #1
 197 001a D1B2     		uxtb	r1, r2
 198 001c 0F4A     		ldr	r2, .L16
 199 001e 1170     		strb	r1, [r2]
 200 0020 1946     		mov	r1, r3
 201 0022 0F4A     		ldr	r2, .L16+4
 202 0024 FB79     		ldrb	r3, [r7, #7]
 203 0026 5354     		strb	r3, [r2, r1]
 204              	.L13:
  47:level_sensor.c **** 
  48:level_sensor.c ****   /* Check pattern at end of line */
  49:level_sensor.c ****   if (rx_char == '\r') {
 205              		.loc 1 49 0 is_stmt 1
 206 0028 FB79     		ldrb	r3, [r7, #7]	@ zero_extendqisi2
 207 002a 0D2B     		cmp	r3, #13
 208 002c 11D1     		bne	.L15
  50:level_sensor.c ****     match = strstr(line, pattern);
 209              		.loc 1 50 0
 210 002e 0D4B     		ldr	r3, .L16+8
 211 0030 1A68     		ldr	r2, [r3]
 212 0032 0D4B     		ldr	r3, .L16+12
 213 0034 1B68     		ldr	r3, [r3]
 214 0036 1946     		mov	r1, r3
 215 0038 1046     		mov	r0, r2
 216 003a FFF7FEFF 		bl	strstr
 217 003e 0246     		mov	r2, r0
 218 0040 0A4B     		ldr	r3, .L16+16
 219 0042 1A60     		str	r2, [r3]
  51:level_sensor.c ****     line = uart_chars + num_chars;
 220              		.loc 1 51 0
 221 0044 054B     		ldr	r3, .L16
 222 0046 1B78     		ldrb	r3, [r3]	@ zero_extendqisi2
 223 0048 1A46     		mov	r2, r3
 224 004a 054B     		ldr	r3, .L16+4
 225 004c 1344     		add	r3, r3, r2
 226 004e 054A     		ldr	r2, .L16+8
 227 0050 1360     		str	r3, [r2]
 228              	.L15:
  52:level_sensor.c ****   }
  53:level_sensor.c **** }
ARM GAS  C:\Users\HYFI_A~1\AppData\Local\Temp\ccR4M9kv.s 			page 6


 229              		.loc 1 53 0
 230 0052 00BF     		nop
 231 0054 0837     		adds	r7, r7, #8
 232              		.cfi_def_cfa_offset 8
 233 0056 BD46     		mov	sp, r7
 234              		.cfi_def_cfa_register 13
 235              		@ sp needed
 236 0058 80BD     		pop	{r7, pc}
 237              	.L17:
 238 005a 00BF     		.align	2
 239              	.L16:
 240 005c 01010000 		.word	num_chars
 241 0060 00000000 		.word	uart_chars
 242 0064 00000000 		.word	line
 243 0068 08010000 		.word	pattern
 244 006c 04010000 		.word	match
 245              		.cfi_endproc
 246              	.LFE67:
 247              		.size	Level_Sensor_ISR, .-Level_Sensor_ISR
 248              		.section	.rodata
 249              		.align	2
 250              	.LC0:
 251 0000 5200     		.ascii	"R\000"
 252              		.section	.text.level_sensor_take_reading,"ax",%progbits
 253              		.align	2
 254              		.global	level_sensor_take_reading
 255              		.thumb
 256              		.thumb_func
 257              		.type	level_sensor_take_reading, %function
 258              	level_sensor_take_reading:
 259              	.LFB68:
  54:level_sensor.c **** 
  55:level_sensor.c **** 
  56:level_sensor.c **** level_sensor_t level_sensor_take_reading(){
 260              		.loc 1 56 0
 261              		.cfi_startproc
 262              		@ args = 0, pretend = 0, frame = 40
 263              		@ frame_needed = 1, uses_anonymous_args = 0
 264 0000 B0B5     		push	{r4, r5, r7, lr}
 265              		.cfi_def_cfa_offset 16
 266              		.cfi_offset 4, -16
 267              		.cfi_offset 5, -12
 268              		.cfi_offset 7, -8
 269              		.cfi_offset 14, -4
 270 0002 8AB0     		sub	sp, sp, #40
 271              		.cfi_def_cfa_offset 56
 272 0004 00AF     		add	r7, sp, #0
 273              		.cfi_def_cfa_register 7
 274 0006 7860     		str	r0, [r7, #4]
  57:level_sensor.c ****     
  58:level_sensor.c ****     
  59:level_sensor.c ****     level_sensor_t level_sensor_output;
  60:level_sensor.c ****     level_sensor_output.num_invalid_readings = 0;
 275              		.loc 1 60 0
 276 0008 0023     		movs	r3, #0
 277 000a 87F82130 		strb	r3, [r7, #33]
  61:level_sensor.c ****     level_sensor_output.num_valid_readings = 0;
ARM GAS  C:\Users\HYFI_A~1\AppData\Local\Temp\ccR4M9kv.s 			page 7


 278              		.loc 1 61 0
 279 000e 0023     		movs	r3, #0
 280 0010 87F82030 		strb	r3, [r7, #32]
  62:level_sensor.c ****     
  63:level_sensor.c ****     uart_clear();
 281              		.loc 1 63 0
 282 0014 FFF7FEFF 		bl	uart_clear
  64:level_sensor.c ****     
  65:level_sensor.c ****     //start sensor power, uart, and isr
  66:level_sensor.c ****     Level_Sensor_Power_Write(ON);
 283              		.loc 1 66 0
 284 0018 0120     		movs	r0, #1
 285 001a FFF7FEFF 		bl	Level_Sensor_Power_Write
  67:level_sensor.c ****     CyDelay(200u);//sensor bootup sequence ~200ms -- senosor will spit out ID info, but we don't ne
 286              		.loc 1 67 0
 287 001e C820     		movs	r0, #200
 288 0020 FFF7FEFF 		bl	CyDelay
  68:level_sensor.c ****     Level_Sensor_RX_SetDriveMode(PIN_DM_DIG_HIZ);
 289              		.loc 1 68 0
 290 0024 0220     		movs	r0, #2
 291 0026 FFF7FEFF 		bl	Level_Sensor_RX_SetDriveMode
  69:level_sensor.c ****     Level_Sensor_UART_Start();
 292              		.loc 1 69 0
 293 002a FFF7FEFF 		bl	Level_Sensor_UART_Start
  70:level_sensor.c ****     Level_Sensor_ISR_StartEx(Level_Sensor_ISR);
 294              		.loc 1 70 0
 295 002e 3848     		ldr	r0, .L27
 296 0030 FFF7FEFF 		bl	Level_Sensor_ISR_StartEx
  71:level_sensor.c ****     
  72:level_sensor.c ****     //wait to take  reading
  73:level_sensor.c ****     //sensor will take ~200ms to send first reading, and 200ms for subsequent readings
  74:level_sensor.c ****     CyDelay(2000u);//take a few seconds to get readings, 2 secs ~10 readings
 297              		.loc 1 74 0
 298 0034 4FF4FA60 		mov	r0, #2000
 299 0038 FFF7FEFF 		bl	CyDelay
  75:level_sensor.c ****     
  76:level_sensor.c ****     //stop all sensor processes
  77:level_sensor.c ****     Level_Sensor_UART_Stop();
 300              		.loc 1 77 0
 301 003c FFF7FEFF 		bl	Level_Sensor_UART_Stop
  78:level_sensor.c ****     Level_Sensor_ISR_Stop();
 302              		.loc 1 78 0
 303 0040 FFF7FEFF 		bl	Level_Sensor_ISR_Stop
  79:level_sensor.c ****     Level_Sensor_Power_Write(OFF);
 304              		.loc 1 79 0
 305 0044 0020     		movs	r0, #0
 306 0046 FFF7FEFF 		bl	Level_Sensor_Power_Write
  80:level_sensor.c ****     Level_Sensor_RX_SetDriveMode(PIN_DM_STRONG);
 307              		.loc 1 80 0
 308 004a 0C20     		movs	r0, #12
 309 004c FFF7FEFF 		bl	Level_Sensor_RX_SetDriveMode
  81:level_sensor.c ****     Level_Sensor_RX_Write(OFF);
 310              		.loc 1 81 0
 311 0050 0020     		movs	r0, #0
 312 0052 FFF7FEFF 		bl	Level_Sensor_RX_Write
  82:level_sensor.c **** 
  83:level_sensor.c ****     /* Return parsed reading */
ARM GAS  C:\Users\HYFI_A~1\AppData\Local\Temp\ccR4M9kv.s 			page 8


  84:level_sensor.c ****     //parse string and put all values into array
  85:level_sensor.c ****     //the sensor will power on and do a few things, after which the readigs will follow with the se
  86:level_sensor.c ****     //readings are stashed between "R" and "\000"
  87:level_sensor.c ****     char *token;
  88:level_sensor.c ****     token = strtok(uart_chars, "R");
 313              		.loc 1 88 0
 314 0056 2F49     		ldr	r1, .L27+4
 315 0058 2F48     		ldr	r0, .L27+8
 316 005a FFF7FEFF 		bl	strtok
 317 005e 7862     		str	r0, [r7, #36]
  89:level_sensor.c ****     /* walk through other tokens */
  90:level_sensor.c ****    while( token != NULL ) 
 318              		.loc 1 90 0
 319 0060 33E0     		b	.L19
 320              	.L24:
  91:level_sensor.c ****    {
  92:level_sensor.c ****       if(strstr(token, "\r") != NULL){//full reading is delimieted by "R" + reading + "\r"
 321              		.loc 1 92 0
 322 0062 0D21     		movs	r1, #13
 323 0064 786A     		ldr	r0, [r7, #36]
 324 0066 FFF7FEFF 		bl	strchr
 325 006a 0346     		mov	r3, r0
 326 006c 002B     		cmp	r3, #0
 327 006e 27D0     		beq	.L20
 328              	.LBB2:
  93:level_sensor.c ****         uint16 reading = atoi(token);
 329              		.loc 1 93 0
 330 0070 786A     		ldr	r0, [r7, #36]
 331 0072 FFF7FEFF 		bl	atoi
 332 0076 0346     		mov	r3, r0
 333 0078 7B84     		strh	r3, [r7, #34]	@ movhi
  94:level_sensor.c ****         if(reading != 0){
 334              		.loc 1 94 0
 335 007a 7B8C     		ldrh	r3, [r7, #34]
 336 007c 002B     		cmp	r3, #0
 337 007e 1FD0     		beq	.L20
  95:level_sensor.c ****             if(reading != READING_INVALID){//invald readings by maxbotix
 338              		.loc 1 95 0
 339 0080 7B8C     		ldrh	r3, [r7, #34]
 340 0082 42F20F72 		movw	r2, #9999
 341 0086 9342     		cmp	r3, r2
 342 0088 14D0     		beq	.L21
  96:level_sensor.c ****                 level_sensor_output.all_level_readings[level_sensor_output.num_valid_readings] = re
 343              		.loc 1 96 0
 344 008a 97F82030 		ldrb	r3, [r7, #32]	@ zero_extendqisi2
 345 008e B7F92220 		ldrsh	r2, [r7, #34]
 346 0092 5B00     		lsls	r3, r3, #1
 347 0094 07F12801 		add	r1, r7, #40
 348 0098 0B44     		add	r3, r3, r1
 349 009a 23F8202C 		strh	r2, [r3, #-32]	@ movhi
  97:level_sensor.c ****                 if(level_sensor_output.num_valid_readings < N_READINGS){
 350              		.loc 1 97 0
 351 009e 97F82030 		ldrb	r3, [r7, #32]	@ zero_extendqisi2
 352 00a2 0A2B     		cmp	r3, #10
 353 00a4 15D8     		bhi	.L26
  98:level_sensor.c ****                     level_sensor_output.num_valid_readings++;
 354              		.loc 1 98 0
ARM GAS  C:\Users\HYFI_A~1\AppData\Local\Temp\ccR4M9kv.s 			page 9


 355 00a6 97F82030 		ldrb	r3, [r7, #32]	@ zero_extendqisi2
 356 00aa 0133     		adds	r3, r3, #1
 357 00ac DBB2     		uxtb	r3, r3
 358 00ae 87F82030 		strb	r3, [r7, #32]
 359 00b2 05E0     		b	.L20
 360              	.L21:
  99:level_sensor.c ****                 }else{
 100:level_sensor.c ****                  break;   
 101:level_sensor.c ****                 }
 102:level_sensor.c ****                 
 103:level_sensor.c ****             }else{
 104:level_sensor.c ****                 level_sensor_output.num_invalid_readings++;
 361              		.loc 1 104 0
 362 00b4 97F82130 		ldrb	r3, [r7, #33]	@ zero_extendqisi2
 363 00b8 0133     		adds	r3, r3, #1
 364 00ba DBB2     		uxtb	r3, r3
 365 00bc 87F82130 		strb	r3, [r7, #33]
 366              	.L20:
 367              	.LBE2:
 105:level_sensor.c ****             }
 106:level_sensor.c ****         }
 107:level_sensor.c ****       }
 108:level_sensor.c ****       token = strtok(NULL, "R");
 368              		.loc 1 108 0
 369 00c0 1449     		ldr	r1, .L27+4
 370 00c2 0020     		movs	r0, #0
 371 00c4 FFF7FEFF 		bl	strtok
 372 00c8 7862     		str	r0, [r7, #36]
 373              	.L19:
  90:level_sensor.c ****    {
 374              		.loc 1 90 0
 375 00ca 7B6A     		ldr	r3, [r7, #36]
 376 00cc 002B     		cmp	r3, #0
 377 00ce C8D1     		bne	.L24
 378 00d0 00E0     		b	.L23
 379              	.L26:
 380              	.LBB3:
 100:level_sensor.c ****                 }
 381              		.loc 1 100 0
 382 00d2 00BF     		nop
 383              	.L23:
 384              	.LBE3:
 109:level_sensor.c ****    }
 110:level_sensor.c ****     //calculate median
 111:level_sensor.c ****     level_sensor_output.level_reading = find_median(level_sensor_output.all_level_readings,level_se
 385              		.loc 1 111 0
 386 00d4 97F82020 		ldrb	r2, [r7, #32]	@ zero_extendqisi2
 387 00d8 07F10803 		add	r3, r7, #8
 388 00dc 1146     		mov	r1, r2
 389 00de 1846     		mov	r0, r3
 390 00e0 FFF7FEFF 		bl	find_median
 391 00e4 0346     		mov	r3, r0
 392 00e6 1BB2     		sxth	r3, r3
 393 00e8 FB83     		strh	r3, [r7, #30]	@ movhi
 112:level_sensor.c ****  
 113:level_sensor.c ****     return level_sensor_output;
 394              		.loc 1 113 0
ARM GAS  C:\Users\HYFI_A~1\AppData\Local\Temp\ccR4M9kv.s 			page 10


 395 00ea 7B68     		ldr	r3, [r7, #4]
 396 00ec 1D46     		mov	r5, r3
 397 00ee 07F10804 		add	r4, r7, #8
 398 00f2 0FCC     		ldmia	r4!, {r0, r1, r2, r3}
 399 00f4 2860     		str	r0, [r5]	@ unaligned
 400 00f6 6960     		str	r1, [r5, #4]	@ unaligned
 401 00f8 AA60     		str	r2, [r5, #8]	@ unaligned
 402 00fa EB60     		str	r3, [r5, #12]	@ unaligned
 403 00fc 03CC     		ldmia	r4!, {r0, r1}
 404 00fe 2861     		str	r0, [r5, #16]	@ unaligned
 405 0100 6961     		str	r1, [r5, #20]	@ unaligned
 406 0102 2388     		ldrh	r3, [r4]	@ unaligned
 407 0104 2B83     		strh	r3, [r5, #24]	@ unaligned
 114:level_sensor.c **** }
 408              		.loc 1 114 0
 409 0106 7868     		ldr	r0, [r7, #4]
 410 0108 2837     		adds	r7, r7, #40
 411              		.cfi_def_cfa_offset 16
 412 010a BD46     		mov	sp, r7
 413              		.cfi_def_cfa_register 13
 414              		@ sp needed
 415 010c B0BD     		pop	{r4, r5, r7, pc}
 416              	.L28:
 417 010e 00BF     		.align	2
 418              	.L27:
 419 0110 00000000 		.word	Level_Sensor_ISR
 420 0114 00000000 		.word	.LC0
 421 0118 00000000 		.word	uart_chars
 422              		.cfi_endproc
 423              	.LFE68:
 424              		.size	level_sensor_take_reading, .-level_sensor_take_reading
 425              		.section	.rodata
 426 0002 0000     		.align	2
 427              	.LC1:
 428 0004 54455354 		.ascii	"TEST_LEVEL_SENSOR\000"
 428      5F4C4556 
 428      454C5F53 
 428      454E534F 
 428      5200
 429 0016 0000     		.align	2
 430              	.LC2:
 431 0018 6E57414E 		.ascii	"nWANTED=%d,nRECEIVED=%d,nVALID=%d,nMEDIAN=%d.\000"
 431      5445443D 
 431      25642C6E 
 431      52454345 
 431      49564544 
 432              		.section	.text.level_sensor_test,"ax",%progbits
 433              		.align	2
 434              		.global	level_sensor_test
 435              		.thumb
 436              		.thumb_func
 437              		.type	level_sensor_test, %function
 438              	level_sensor_test:
 439              	.LFB69:
 115:level_sensor.c **** 
 116:level_sensor.c **** 
 117:level_sensor.c **** test_t level_sensor_test(){
ARM GAS  C:\Users\HYFI_A~1\AppData\Local\Temp\ccR4M9kv.s 			page 11


 440              		.loc 1 117 0
 441              		.cfi_startproc
 442              		@ args = 0, pretend = 0, frame = 424
 443              		@ frame_needed = 1, uses_anonymous_args = 0
 444 0000 B0B5     		push	{r4, r5, r7, lr}
 445              		.cfi_def_cfa_offset 16
 446              		.cfi_offset 4, -16
 447              		.cfi_offset 5, -12
 448              		.cfi_offset 7, -8
 449              		.cfi_offset 14, -4
 450 0002 ECB0     		sub	sp, sp, #432
 451              		.cfi_def_cfa_offset 448
 452 0004 02AF     		add	r7, sp, #8
 453              		.cfi_def_cfa 7, 440
 454 0006 3B1D     		adds	r3, r7, #4
 455 0008 1860     		str	r0, [r3]
 118:level_sensor.c ****     test_t test;
 119:level_sensor.c ****     test.status = 0;
 456              		.loc 1 119 0
 457 000a 07F12403 		add	r3, r7, #36
 458 000e 0022     		movs	r2, #0
 459 0010 83F88020 		strb	r2, [r3, #128]
 120:level_sensor.c ****     sprintf(test.test_name,"TEST_LEVEL_SENSOR");
 460              		.loc 1 120 0
 461 0014 07F12403 		add	r3, r7, #36
 462 0018 294A     		ldr	r2, .L33
 463 001a 1C46     		mov	r4, r3
 464 001c 1546     		mov	r5, r2
 465 001e 0FCD     		ldmia	r5!, {r0, r1, r2, r3}
 466 0020 0FC4     		stmia	r4!, {r0, r1, r2, r3}
 467 0022 2B68     		ldr	r3, [r5]
 468 0024 2380     		strh	r3, [r4]	@ movhi
 121:level_sensor.c **** 
 122:level_sensor.c ****     level_sensor_t sensor = level_sensor_take_reading();
 469              		.loc 1 122 0
 470 0026 07F10803 		add	r3, r7, #8
 471 002a 1846     		mov	r0, r3
 472 002c FFF7FEFF 		bl	level_sensor_take_reading
 123:level_sensor.c ****     
 124:level_sensor.c ****     sprintf(test.reason,"nWANTED=%d,nRECEIVED=%d,nVALID=%d,nMEDIAN=%d.",
 125:level_sensor.c ****         N_READINGS,
 126:level_sensor.c ****         sensor.num_valid_readings+sensor.num_invalid_readings,
 473              		.loc 1 126 0
 474 0030 07F10803 		add	r3, r7, #8
 475 0034 1B7E     		ldrb	r3, [r3, #24]	@ zero_extendqisi2
 124:level_sensor.c ****         N_READINGS,
 476              		.loc 1 124 0
 477 0036 1A46     		mov	r2, r3
 478              		.loc 1 126 0
 479 0038 07F10803 		add	r3, r7, #8
 480 003c 5B7E     		ldrb	r3, [r3, #25]	@ zero_extendqisi2
 124:level_sensor.c ****         N_READINGS,
 481              		.loc 1 124 0
 482 003e 1A44     		add	r2, r2, r3
 127:level_sensor.c ****         sensor.num_valid_readings,
 483              		.loc 1 127 0
 484 0040 07F10803 		add	r3, r7, #8
ARM GAS  C:\Users\HYFI_A~1\AppData\Local\Temp\ccR4M9kv.s 			page 12


 485 0044 1B7E     		ldrb	r3, [r3, #24]	@ zero_extendqisi2
 124:level_sensor.c ****         N_READINGS,
 486              		.loc 1 124 0
 487 0046 1946     		mov	r1, r3
 128:level_sensor.c ****         sensor.level_reading
 488              		.loc 1 128 0
 489 0048 07F10803 		add	r3, r7, #8
 490 004c B3F91630 		ldrsh	r3, [r3, #22]
 124:level_sensor.c ****         N_READINGS,
 491              		.loc 1 124 0
 492 0050 1C46     		mov	r4, r3
 493 0052 07F12403 		add	r3, r7, #36
 494 0056 03F18100 		add	r0, r3, #129
 495 005a 0194     		str	r4, [sp, #4]
 496 005c 0091     		str	r1, [sp]
 497 005e 1346     		mov	r3, r2
 498 0060 0B22     		movs	r2, #11
 499 0062 1849     		ldr	r1, .L33+4
 500 0064 FFF7FEFF 		bl	sprintf
 129:level_sensor.c ****     );
 130:level_sensor.c ****    
 131:level_sensor.c ****     
 132:level_sensor.c ****     if(sensor.num_valid_readings == N_READINGS){//pass
 501              		.loc 1 132 0
 502 0068 07F10803 		add	r3, r7, #8
 503 006c 1B7E     		ldrb	r3, [r3, #24]	@ zero_extendqisi2
 504 006e 0B2B     		cmp	r3, #11
 505 0070 05D1     		bne	.L30
 133:level_sensor.c ****         test.status = 1;
 506              		.loc 1 133 0
 507 0072 07F12403 		add	r3, r7, #36
 508 0076 0122     		movs	r2, #1
 509 0078 83F88020 		strb	r2, [r3, #128]
 510 007c 0EE0     		b	.L31
 511              	.L30:
 134:level_sensor.c ****     }else if((sensor.num_valid_readings > 0) && (sensor.num_valid_readings < N_READINGS)){//pass
 512              		.loc 1 134 0
 513 007e 07F10803 		add	r3, r7, #8
 514 0082 1B7E     		ldrb	r3, [r3, #24]	@ zero_extendqisi2
 515 0084 002B     		cmp	r3, #0
 516 0086 09D0     		beq	.L31
 517              		.loc 1 134 0 is_stmt 0 discriminator 1
 518 0088 07F10803 		add	r3, r7, #8
 519 008c 1B7E     		ldrb	r3, [r3, #24]	@ zero_extendqisi2
 520 008e 0A2B     		cmp	r3, #10
 521 0090 04D8     		bhi	.L31
 135:level_sensor.c ****         test.status = 2;//not bad, since we got some OK readings
 522              		.loc 1 135 0 is_stmt 1
 523 0092 07F12403 		add	r3, r7, #36
 524 0096 0222     		movs	r2, #2
 525 0098 83F88020 		strb	r2, [r3, #128]
 526              	.L31:
 136:level_sensor.c ****     }
 137:level_sensor.c ****         
 138:level_sensor.c ****     return test;
 527              		.loc 1 138 0
 528 009c 3B1D     		adds	r3, r7, #4
ARM GAS  C:\Users\HYFI_A~1\AppData\Local\Temp\ccR4M9kv.s 			page 13


 529 009e 1A68     		ldr	r2, [r3]
 530 00a0 07F12403 		add	r3, r7, #36
 531 00a4 1046     		mov	r0, r2
 532 00a6 1946     		mov	r1, r3
 533 00a8 40F28113 		movw	r3, #385
 534 00ac 1A46     		mov	r2, r3
 535 00ae FFF7FEFF 		bl	memcpy
 139:level_sensor.c **** }
 536              		.loc 1 139 0
 537 00b2 3B1D     		adds	r3, r7, #4
 538 00b4 1868     		ldr	r0, [r3]
 539 00b6 07F5D477 		add	r7, r7, #424
 540              		.cfi_def_cfa_offset 16
 541 00ba BD46     		mov	sp, r7
 542              		.cfi_def_cfa_register 13
 543              		@ sp needed
 544 00bc B0BD     		pop	{r4, r5, r7, pc}
 545              	.L34:
 546 00be 00BF     		.align	2
 547              	.L33:
 548 00c0 04000000 		.word	.LC1
 549 00c4 18000000 		.word	.LC2
 550              		.cfi_endproc
 551              	.LFE69:
 552              		.size	level_sensor_test, .-level_sensor_test
 553              		.global	__aeabi_i2d
 554              		.global	__aeabi_ddiv
 555              		.global	__aeabi_d2iz
 556              		.section	.text.find_median,"ax",%progbits
 557              		.align	2
 558              		.global	find_median
 559              		.thumb
 560              		.thumb_func
 561              		.type	find_median, %function
 562              	find_median:
 563              	.LFB70:
 140:level_sensor.c **** 
 141:level_sensor.c **** 
 142:level_sensor.c **** // function to calculate the median of the array, after array is sorted
 143:level_sensor.c **** uint16 find_median(int16 array[] , uint8 n)
 144:level_sensor.c **** {
 564              		.loc 1 144 0
 565              		.cfi_startproc
 566              		@ args = 0, pretend = 0, frame = 16
 567              		@ frame_needed = 1, uses_anonymous_args = 0
 568 0000 90B5     		push	{r4, r7, lr}
 569              		.cfi_def_cfa_offset 12
 570              		.cfi_offset 4, -12
 571              		.cfi_offset 7, -8
 572              		.cfi_offset 14, -4
 573 0002 85B0     		sub	sp, sp, #20
 574              		.cfi_def_cfa_offset 32
 575 0004 00AF     		add	r7, sp, #0
 576              		.cfi_def_cfa_register 7
 577 0006 7860     		str	r0, [r7, #4]
 578 0008 0B46     		mov	r3, r1
 579 000a FB70     		strb	r3, [r7, #3]
ARM GAS  C:\Users\HYFI_A~1\AppData\Local\Temp\ccR4M9kv.s 			page 14


 145:level_sensor.c ****     int16 median=0;
 580              		.loc 1 145 0
 581 000c 0023     		movs	r3, #0
 582 000e FB81     		strh	r3, [r7, #14]	@ movhi
 146:level_sensor.c ****     sort(array,n);
 583              		.loc 1 146 0
 584 0010 FB78     		ldrb	r3, [r7, #3]	@ zero_extendqisi2
 585 0012 1BB2     		sxth	r3, r3
 586 0014 1946     		mov	r1, r3
 587 0016 7868     		ldr	r0, [r7, #4]
 588 0018 FFF7FEFF 		bl	sort
 147:level_sensor.c ****     
 148:level_sensor.c ****     // if number of elements are even
 149:level_sensor.c ****     if(n%2 == 0)
 589              		.loc 1 149 0
 590 001c FB78     		ldrb	r3, [r7, #3]
 591 001e 03F00103 		and	r3, r3, #1
 592 0022 DBB2     		uxtb	r3, r3
 593 0024 002B     		cmp	r3, #0
 594 0026 25D1     		bne	.L36
 150:level_sensor.c ****         median = (array[(n-1)/2] + array[n/2])/2.0;
 595              		.loc 1 150 0
 596 0028 FB78     		ldrb	r3, [r7, #3]	@ zero_extendqisi2
 597 002a 013B     		subs	r3, r3, #1
 598 002c DA0F     		lsrs	r2, r3, #31
 599 002e 1344     		add	r3, r3, r2
 600 0030 5B10     		asrs	r3, r3, #1
 601 0032 5B00     		lsls	r3, r3, #1
 602 0034 7A68     		ldr	r2, [r7, #4]
 603 0036 1344     		add	r3, r3, r2
 604 0038 B3F90030 		ldrsh	r3, [r3]
 605 003c 1946     		mov	r1, r3
 606 003e FB78     		ldrb	r3, [r7, #3]	@ zero_extendqisi2
 607 0040 5B08     		lsrs	r3, r3, #1
 608 0042 DBB2     		uxtb	r3, r3
 609 0044 5B00     		lsls	r3, r3, #1
 610 0046 7A68     		ldr	r2, [r7, #4]
 611 0048 1344     		add	r3, r3, r2
 612 004a B3F90030 		ldrsh	r3, [r3]
 613 004e 0B44     		add	r3, r3, r1
 614 0050 1846     		mov	r0, r3
 615 0052 FFF7FEFF 		bl	__aeabi_i2d
 616 0056 4FF00002 		mov	r2, #0
 617 005a 4FF08043 		mov	r3, #1073741824
 618 005e FFF7FEFF 		bl	__aeabi_ddiv
 619 0062 0346     		mov	r3, r0
 620 0064 0C46     		mov	r4, r1
 621 0066 1846     		mov	r0, r3
 622 0068 2146     		mov	r1, r4
 623 006a FFF7FEFF 		bl	__aeabi_d2iz
 624 006e 0346     		mov	r3, r0
 625 0070 FB81     		strh	r3, [r7, #14]	@ movhi
 626 0072 07E0     		b	.L37
 627              	.L36:
 151:level_sensor.c ****     // if number of elements are odd
 152:level_sensor.c ****     else
 153:level_sensor.c ****         median = array[n/2];
ARM GAS  C:\Users\HYFI_A~1\AppData\Local\Temp\ccR4M9kv.s 			page 15


 628              		.loc 1 153 0
 629 0074 FB78     		ldrb	r3, [r7, #3]	@ zero_extendqisi2
 630 0076 5B08     		lsrs	r3, r3, #1
 631 0078 DBB2     		uxtb	r3, r3
 632 007a 5B00     		lsls	r3, r3, #1
 633 007c 7A68     		ldr	r2, [r7, #4]
 634 007e 1344     		add	r3, r3, r2
 635 0080 1B88     		ldrh	r3, [r3]	@ movhi
 636 0082 FB81     		strh	r3, [r7, #14]	@ movhi
 637              	.L37:
 154:level_sensor.c ****     
 155:level_sensor.c ****     return median;
 638              		.loc 1 155 0
 639 0084 FB89     		ldrh	r3, [r7, #14]
 156:level_sensor.c **** }
 640              		.loc 1 156 0
 641 0086 1846     		mov	r0, r3
 642 0088 1437     		adds	r7, r7, #20
 643              		.cfi_def_cfa_offset 12
 644 008a BD46     		mov	sp, r7
 645              		.cfi_def_cfa_register 13
 646              		@ sp needed
 647 008c 90BD     		pop	{r4, r7, pc}
 648              		.cfi_endproc
 649              	.LFE70:
 650              		.size	find_median, .-find_median
 651              		.section	.text.sort,"ax",%progbits
 652              		.align	2
 653              		.global	sort
 654              		.thumb
 655              		.thumb_func
 656              		.type	sort, %function
 657              	sort:
 658              	.LFB71:
 157:level_sensor.c **** 
 158:level_sensor.c **** 
 159:level_sensor.c **** void sort(int16 a[],int16 n) { 
 659              		.loc 1 159 0
 660              		.cfi_startproc
 661              		@ args = 0, pretend = 0, frame = 16
 662              		@ frame_needed = 1, uses_anonymous_args = 0
 663 0000 80B5     		push	{r7, lr}
 664              		.cfi_def_cfa_offset 8
 665              		.cfi_offset 7, -8
 666              		.cfi_offset 14, -4
 667 0002 84B0     		sub	sp, sp, #16
 668              		.cfi_def_cfa_offset 24
 669 0004 00AF     		add	r7, sp, #0
 670              		.cfi_def_cfa_register 7
 671 0006 7860     		str	r0, [r7, #4]
 672 0008 0B46     		mov	r3, r1
 673 000a 7B80     		strh	r3, [r7, #2]	@ movhi
 160:level_sensor.c ****    int16 i,j;
 161:level_sensor.c **** 
 162:level_sensor.c ****    for(i = 0;i < n-1;i++) {
 674              		.loc 1 162 0
 675 000c 0023     		movs	r3, #0
ARM GAS  C:\Users\HYFI_A~1\AppData\Local\Temp\ccR4M9kv.s 			page 16


 676 000e FB81     		strh	r3, [r7, #14]	@ movhi
 677 0010 37E0     		b	.L40
 678              	.L44:
 163:level_sensor.c ****       for(j = 0;j < n-i-1;j++) {
 679              		.loc 1 163 0
 680 0012 0023     		movs	r3, #0
 681 0014 BB81     		strh	r3, [r7, #12]	@ movhi
 682 0016 24E0     		b	.L41
 683              	.L43:
 164:level_sensor.c ****          if(a[j] > a[j+1])
 684              		.loc 1 164 0
 685 0018 B7F90C30 		ldrsh	r3, [r7, #12]
 686 001c 5B00     		lsls	r3, r3, #1
 687 001e 7A68     		ldr	r2, [r7, #4]
 688 0020 1344     		add	r3, r3, r2
 689 0022 B3F90020 		ldrsh	r2, [r3]
 690 0026 B7F90C30 		ldrsh	r3, [r7, #12]
 691 002a 0133     		adds	r3, r3, #1
 692 002c 5B00     		lsls	r3, r3, #1
 693 002e 7968     		ldr	r1, [r7, #4]
 694 0030 0B44     		add	r3, r3, r1
 695 0032 B3F90030 		ldrsh	r3, [r3]
 696 0036 9A42     		cmp	r2, r3
 697 0038 0DDD     		ble	.L42
 165:level_sensor.c ****             swap(&a[j],&a[j+1]);
 698              		.loc 1 165 0
 699 003a B7F90C30 		ldrsh	r3, [r7, #12]
 700 003e 5B00     		lsls	r3, r3, #1
 701 0040 7A68     		ldr	r2, [r7, #4]
 702 0042 D018     		adds	r0, r2, r3
 703 0044 B7F90C30 		ldrsh	r3, [r7, #12]
 704 0048 0133     		adds	r3, r3, #1
 705 004a 5B00     		lsls	r3, r3, #1
 706 004c 7A68     		ldr	r2, [r7, #4]
 707 004e 1344     		add	r3, r3, r2
 708 0050 1946     		mov	r1, r3
 709 0052 FFF7FEFF 		bl	swap
 710              	.L42:
 163:level_sensor.c ****       for(j = 0;j < n-i-1;j++) {
 711              		.loc 1 163 0 discriminator 2
 712 0056 B7F90C30 		ldrsh	r3, [r7, #12]
 713 005a 9BB2     		uxth	r3, r3
 714 005c 0133     		adds	r3, r3, #1
 715 005e 9BB2     		uxth	r3, r3
 716 0060 BB81     		strh	r3, [r7, #12]	@ movhi
 717              	.L41:
 163:level_sensor.c ****       for(j = 0;j < n-i-1;j++) {
 718              		.loc 1 163 0 is_stmt 0 discriminator 1
 719 0062 B7F90C20 		ldrsh	r2, [r7, #12]
 720 0066 B7F90210 		ldrsh	r1, [r7, #2]
 721 006a B7F90E30 		ldrsh	r3, [r7, #14]
 722 006e CB1A     		subs	r3, r1, r3
 723 0070 013B     		subs	r3, r3, #1
 724 0072 9A42     		cmp	r2, r3
 725 0074 D0DB     		blt	.L43
 162:level_sensor.c ****       for(j = 0;j < n-i-1;j++) {
 726              		.loc 1 162 0 is_stmt 1 discriminator 2
ARM GAS  C:\Users\HYFI_A~1\AppData\Local\Temp\ccR4M9kv.s 			page 17


 727 0076 B7F90E30 		ldrsh	r3, [r7, #14]
 728 007a 9BB2     		uxth	r3, r3
 729 007c 0133     		adds	r3, r3, #1
 730 007e 9BB2     		uxth	r3, r3
 731 0080 FB81     		strh	r3, [r7, #14]	@ movhi
 732              	.L40:
 162:level_sensor.c ****       for(j = 0;j < n-i-1;j++) {
 733              		.loc 1 162 0 is_stmt 0 discriminator 1
 734 0082 B7F90E20 		ldrsh	r2, [r7, #14]
 735 0086 B7F90230 		ldrsh	r3, [r7, #2]
 736 008a 013B     		subs	r3, r3, #1
 737 008c 9A42     		cmp	r2, r3
 738 008e C0DB     		blt	.L44
 166:level_sensor.c ****       }
 167:level_sensor.c ****    }
 168:level_sensor.c **** }
 739              		.loc 1 168 0 is_stmt 1
 740 0090 00BF     		nop
 741 0092 1037     		adds	r7, r7, #16
 742              		.cfi_def_cfa_offset 8
 743 0094 BD46     		mov	sp, r7
 744              		.cfi_def_cfa_register 13
 745              		@ sp needed
 746 0096 80BD     		pop	{r7, pc}
 747              		.cfi_endproc
 748              	.LFE71:
 749              		.size	sort, .-sort
 750              		.section	.text.swap,"ax",%progbits
 751              		.align	2
 752              		.global	swap
 753              		.thumb
 754              		.thumb_func
 755              		.type	swap, %function
 756              	swap:
 757              	.LFB72:
 169:level_sensor.c **** 
 170:level_sensor.c **** void swap(int16 *p,int16 *q) {
 758              		.loc 1 170 0
 759              		.cfi_startproc
 760              		@ args = 0, pretend = 0, frame = 16
 761              		@ frame_needed = 1, uses_anonymous_args = 0
 762              		@ link register save eliminated.
 763 0000 80B4     		push	{r7}
 764              		.cfi_def_cfa_offset 4
 765              		.cfi_offset 7, -4
 766 0002 85B0     		sub	sp, sp, #20
 767              		.cfi_def_cfa_offset 24
 768 0004 00AF     		add	r7, sp, #0
 769              		.cfi_def_cfa_register 7
 770 0006 7860     		str	r0, [r7, #4]
 771 0008 3960     		str	r1, [r7]
 171:level_sensor.c ****    int16 t;
 172:level_sensor.c ****    
 173:level_sensor.c ****    t=*p; 
 772              		.loc 1 173 0
 773 000a 7B68     		ldr	r3, [r7, #4]
 774 000c 1B88     		ldrh	r3, [r3]	@ movhi
ARM GAS  C:\Users\HYFI_A~1\AppData\Local\Temp\ccR4M9kv.s 			page 18


 775 000e FB81     		strh	r3, [r7, #14]	@ movhi
 174:level_sensor.c ****    *p=*q; 
 776              		.loc 1 174 0
 777 0010 3B68     		ldr	r3, [r7]
 778 0012 B3F90020 		ldrsh	r2, [r3]
 779 0016 7B68     		ldr	r3, [r7, #4]
 780 0018 1A80     		strh	r2, [r3]	@ movhi
 175:level_sensor.c ****    *q=t;
 781              		.loc 1 175 0
 782 001a 3B68     		ldr	r3, [r7]
 783 001c FA89     		ldrh	r2, [r7, #14]	@ movhi
 784 001e 1A80     		strh	r2, [r3]	@ movhi
 176:level_sensor.c **** }
 785              		.loc 1 176 0
 786 0020 00BF     		nop
 787 0022 1437     		adds	r7, r7, #20
 788              		.cfi_def_cfa_offset 4
 789 0024 BD46     		mov	sp, r7
 790              		.cfi_def_cfa_register 13
 791              		@ sp needed
 792 0026 80BC     		pop	{r7}
 793              		.cfi_restore 7
 794              		.cfi_def_cfa_offset 0
 795 0028 7047     		bx	lr
 796              		.cfi_endproc
 797              	.LFE72:
 798              		.size	swap, .-swap
 799 002a 00BF     		.text
 800              	.Letext0:
 801              		.file 2 "c:\\program files (x86)\\cypress\\psoc creator\\4.3\\psoc creator\\import\\gnu\\arm\\5.4.
 802              		.file 3 "c:\\program files (x86)\\cypress\\psoc creator\\4.3\\psoc creator\\import\\gnu\\arm\\5.4.
 803              		.file 4 "Generated_Source\\PSoC5/cytypes.h"
 804              		.file 5 "testing.h"
 805              		.file 6 "level_sensor.h"
 806              		.file 7 "modem.h"
 807              		.file 8 "data.h"
 808              		.file 9 "notoriOS.h"
 809              		.file 10 "Generated_Source\\PSoC5/core_cm3.h"
 810              		.file 11 "debug.h"
 811              		.section	.debug_info,"",%progbits
 812              	.Ldebug_info0:
 813 0000 F1050000 		.4byte	0x5f1
 814 0004 0400     		.2byte	0x4
 815 0006 00000000 		.4byte	.Ldebug_abbrev0
 816 000a 04       		.byte	0x4
 817 000b 01       		.uleb128 0x1
 818 000c 79000000 		.4byte	.LASF81
 819 0010 0C       		.byte	0xc
 820 0011 8B020000 		.4byte	.LASF82
 821 0015 2D040000 		.4byte	.LASF83
 822 0019 18000000 		.4byte	.Ldebug_ranges0+0x18
 823 001d 00000000 		.4byte	0
 824 0021 00000000 		.4byte	.Ldebug_line0
 825 0025 02       		.uleb128 0x2
 826 0026 01       		.byte	0x1
 827 0027 06       		.byte	0x6
 828 0028 7F020000 		.4byte	.LASF0
ARM GAS  C:\Users\HYFI_A~1\AppData\Local\Temp\ccR4M9kv.s 			page 19


 829 002c 03       		.uleb128 0x3
 830 002d 12020000 		.4byte	.LASF4
 831 0031 02       		.byte	0x2
 832 0032 1D       		.byte	0x1d
 833 0033 37000000 		.4byte	0x37
 834 0037 02       		.uleb128 0x2
 835 0038 01       		.byte	0x1
 836 0039 08       		.byte	0x8
 837 003a 3D020000 		.4byte	.LASF1
 838 003e 02       		.uleb128 0x2
 839 003f 02       		.byte	0x2
 840 0040 05       		.byte	0x5
 841 0041 41000000 		.4byte	.LASF2
 842 0045 02       		.uleb128 0x2
 843 0046 02       		.byte	0x2
 844 0047 07       		.byte	0x7
 845 0048 D7020000 		.4byte	.LASF3
 846 004c 03       		.uleb128 0x3
 847 004d 5C030000 		.4byte	.LASF5
 848 0051 02       		.byte	0x2
 849 0052 3F       		.byte	0x3f
 850 0053 57000000 		.4byte	0x57
 851 0057 02       		.uleb128 0x2
 852 0058 04       		.byte	0x4
 853 0059 05       		.byte	0x5
 854 005a F6010000 		.4byte	.LASF6
 855 005e 02       		.uleb128 0x2
 856 005f 04       		.byte	0x4
 857 0060 07       		.byte	0x7
 858 0061 A2030000 		.4byte	.LASF7
 859 0065 02       		.uleb128 0x2
 860 0066 08       		.byte	0x8
 861 0067 05       		.byte	0x5
 862 0068 07010000 		.4byte	.LASF8
 863 006c 02       		.uleb128 0x2
 864 006d 08       		.byte	0x8
 865 006e 07       		.byte	0x7
 866 006f C0010000 		.4byte	.LASF9
 867 0073 04       		.uleb128 0x4
 868 0074 04       		.byte	0x4
 869 0075 05       		.byte	0x5
 870 0076 696E7400 		.ascii	"int\000"
 871 007a 02       		.uleb128 0x2
 872 007b 04       		.byte	0x4
 873 007c 07       		.byte	0x7
 874 007d 9A020000 		.4byte	.LASF10
 875 0081 03       		.uleb128 0x3
 876 0082 5C010000 		.4byte	.LASF11
 877 0086 03       		.byte	0x3
 878 0087 18       		.byte	0x18
 879 0088 2C000000 		.4byte	0x2c
 880 008c 03       		.uleb128 0x3
 881 008d 54030000 		.4byte	.LASF12
 882 0091 03       		.byte	0x3
 883 0092 2C       		.byte	0x2c
 884 0093 4C000000 		.4byte	0x4c
 885 0097 05       		.uleb128 0x5
ARM GAS  C:\Users\HYFI_A~1\AppData\Local\Temp\ccR4M9kv.s 			page 20


 886 0098 76010000 		.4byte	.LASF13
 887 009c 04       		.byte	0x4
 888 009d E401     		.2byte	0x1e4
 889 009f 37000000 		.4byte	0x37
 890 00a3 05       		.uleb128 0x5
 891 00a4 55010000 		.4byte	.LASF14
 892 00a8 04       		.byte	0x4
 893 00a9 E501     		.2byte	0x1e5
 894 00ab 45000000 		.4byte	0x45
 895 00af 05       		.uleb128 0x5
 896 00b0 D7010000 		.4byte	.LASF15
 897 00b4 04       		.byte	0x4
 898 00b5 E801     		.2byte	0x1e8
 899 00b7 3E000000 		.4byte	0x3e
 900 00bb 05       		.uleb128 0x5
 901 00bc A5010000 		.4byte	.LASF16
 902 00c0 04       		.byte	0x4
 903 00c1 E901     		.2byte	0x1e9
 904 00c3 57000000 		.4byte	0x57
 905 00c7 02       		.uleb128 0x2
 906 00c8 04       		.byte	0x4
 907 00c9 04       		.byte	0x4
 908 00ca 9F010000 		.4byte	.LASF17
 909 00ce 02       		.uleb128 0x2
 910 00cf 08       		.byte	0x8
 911 00d0 04       		.byte	0x4
 912 00d1 C8030000 		.4byte	.LASF18
 913 00d5 02       		.uleb128 0x2
 914 00d6 01       		.byte	0x1
 915 00d7 08       		.byte	0x8
 916 00d8 DD010000 		.4byte	.LASF19
 917 00dc 02       		.uleb128 0x2
 918 00dd 08       		.byte	0x8
 919 00de 04       		.byte	0x4
 920 00df 31020000 		.4byte	.LASF20
 921 00e3 02       		.uleb128 0x2
 922 00e4 04       		.byte	0x4
 923 00e5 07       		.byte	0x7
 924 00e6 68000000 		.4byte	.LASF21
 925 00ea 06       		.uleb128 0x6
 926 00eb 04       		.byte	0x4
 927 00ec D5000000 		.4byte	0xd5
 928 00f0 06       		.uleb128 0x6
 929 00f1 04       		.byte	0x4
 930 00f2 F6000000 		.4byte	0xf6
 931 00f6 07       		.uleb128 0x7
 932 00f7 D5000000 		.4byte	0xd5
 933 00fb 08       		.uleb128 0x8
 934 00fc D5000000 		.4byte	0xd5
 935 0100 0B010000 		.4byte	0x10b
 936 0104 09       		.uleb128 0x9
 937 0105 E3000000 		.4byte	0xe3
 938 0109 17       		.byte	0x17
 939 010a 00       		.byte	0
 940 010b 0A       		.uleb128 0xa
 941 010c 8101     		.2byte	0x181
 942 010e 05       		.byte	0x5
ARM GAS  C:\Users\HYFI_A~1\AppData\Local\Temp\ccR4M9kv.s 			page 21


 943 010f 0A       		.byte	0xa
 944 0110 39010000 		.4byte	0x139
 945 0114 0B       		.uleb128 0xb
 946 0115 83030000 		.4byte	.LASF22
 947 0119 05       		.byte	0x5
 948 011a 0B       		.byte	0xb
 949 011b 39010000 		.4byte	0x139
 950 011f 00       		.byte	0
 951 0120 0B       		.uleb128 0xb
 952 0121 02030000 		.4byte	.LASF23
 953 0125 05       		.byte	0x5
 954 0126 0C       		.byte	0xc
 955 0127 97000000 		.4byte	0x97
 956 012b 80       		.byte	0x80
 957 012c 0B       		.uleb128 0xb
 958 012d EF010000 		.4byte	.LASF24
 959 0131 05       		.byte	0x5
 960 0132 0D       		.byte	0xd
 961 0133 49010000 		.4byte	0x149
 962 0137 81       		.byte	0x81
 963 0138 00       		.byte	0
 964 0139 08       		.uleb128 0x8
 965 013a D5000000 		.4byte	0xd5
 966 013e 49010000 		.4byte	0x149
 967 0142 09       		.uleb128 0x9
 968 0143 E3000000 		.4byte	0xe3
 969 0147 7F       		.byte	0x7f
 970 0148 00       		.byte	0
 971 0149 08       		.uleb128 0x8
 972 014a D5000000 		.4byte	0xd5
 973 014e 59010000 		.4byte	0x159
 974 0152 09       		.uleb128 0x9
 975 0153 E3000000 		.4byte	0xe3
 976 0157 FF       		.byte	0xff
 977 0158 00       		.byte	0
 978 0159 03       		.uleb128 0x3
 979 015a F7030000 		.4byte	.LASF25
 980 015e 05       		.byte	0x5
 981 015f 0E       		.byte	0xe
 982 0160 0B010000 		.4byte	0x10b
 983 0164 0C       		.uleb128 0xc
 984 0165 1A       		.byte	0x1a
 985 0166 06       		.byte	0x6
 986 0167 0C       		.byte	0xc
 987 0168 9D010000 		.4byte	0x19d
 988 016c 0B       		.uleb128 0xb
 989 016d 55000000 		.4byte	.LASF26
 990 0171 06       		.byte	0x6
 991 0172 0D       		.byte	0xd
 992 0173 9D010000 		.4byte	0x19d
 993 0177 00       		.byte	0
 994 0178 0B       		.uleb128 0xb
 995 0179 D5030000 		.4byte	.LASF27
 996 017d 06       		.byte	0x6
 997 017e 0E       		.byte	0xe
 998 017f AF000000 		.4byte	0xaf
 999 0183 16       		.byte	0x16
ARM GAS  C:\Users\HYFI_A~1\AppData\Local\Temp\ccR4M9kv.s 			page 22


 1000 0184 0B       		.uleb128 0xb
 1001 0185 1A040000 		.4byte	.LASF28
 1002 0189 06       		.byte	0x6
 1003 018a 0F       		.byte	0xf
 1004 018b 97000000 		.4byte	0x97
 1005 018f 18       		.byte	0x18
 1006 0190 0B       		.uleb128 0xb
 1007 0191 AB010000 		.4byte	.LASF29
 1008 0195 06       		.byte	0x6
 1009 0196 10       		.byte	0x10
 1010 0197 97000000 		.4byte	0x97
 1011 019b 19       		.byte	0x19
 1012 019c 00       		.byte	0
 1013 019d 08       		.uleb128 0x8
 1014 019e AF000000 		.4byte	0xaf
 1015 01a2 AD010000 		.4byte	0x1ad
 1016 01a6 09       		.uleb128 0x9
 1017 01a7 E3000000 		.4byte	0xe3
 1018 01ab 0A       		.byte	0xa
 1019 01ac 00       		.byte	0
 1020 01ad 03       		.uleb128 0x3
 1021 01ae 74030000 		.4byte	.LASF30
 1022 01b2 06       		.byte	0x6
 1023 01b3 11       		.byte	0x11
 1024 01b4 64010000 		.4byte	0x164
 1025 01b8 0C       		.uleb128 0xc
 1026 01b9 3C       		.byte	0x3c
 1027 01ba 07       		.byte	0x7
 1028 01bb 2C       		.byte	0x2c
 1029 01bc E5010000 		.4byte	0x1e5
 1030 01c0 0B       		.uleb128 0xb
 1031 01c1 19000000 		.4byte	.LASF31
 1032 01c5 07       		.byte	0x7
 1033 01c6 2D       		.byte	0x2d
 1034 01c7 E5010000 		.4byte	0x1e5
 1035 01cb 00       		.byte	0
 1036 01cc 0B       		.uleb128 0xb
 1037 01cd 0B000000 		.4byte	.LASF32
 1038 01d1 07       		.byte	0x7
 1039 01d2 2E       		.byte	0x2e
 1040 01d3 E5010000 		.4byte	0x1e5
 1041 01d7 14       		.byte	0x14
 1042 01d8 0B       		.uleb128 0xb
 1043 01d9 4F030000 		.4byte	.LASF33
 1044 01dd 07       		.byte	0x7
 1045 01de 2F       		.byte	0x2f
 1046 01df E5010000 		.4byte	0x1e5
 1047 01e3 28       		.byte	0x28
 1048 01e4 00       		.byte	0
 1049 01e5 08       		.uleb128 0x8
 1050 01e6 D5000000 		.4byte	0xd5
 1051 01ea F5010000 		.4byte	0x1f5
 1052 01ee 09       		.uleb128 0x9
 1053 01ef E3000000 		.4byte	0xe3
 1054 01f3 13       		.byte	0x13
 1055 01f4 00       		.byte	0
 1056 01f5 03       		.uleb128 0x3
ARM GAS  C:\Users\HYFI_A~1\AppData\Local\Temp\ccR4M9kv.s 			page 23


 1057 01f6 E2010000 		.4byte	.LASF34
 1058 01fa 07       		.byte	0x7
 1059 01fb 30       		.byte	0x30
 1060 01fc B8010000 		.4byte	0x1b8
 1061 0200 0C       		.uleb128 0xc
 1062 0201 0C       		.byte	0xc
 1063 0202 07       		.byte	0x7
 1064 0203 32       		.byte	0x32
 1065 0204 38020000 		.4byte	0x238
 1066 0208 0B       		.uleb128 0xb
 1067 0209 73040000 		.4byte	.LASF35
 1068 020d 07       		.byte	0x7
 1069 020e 33       		.byte	0x33
 1070 020f 97000000 		.4byte	0x97
 1071 0213 00       		.byte	0
 1072 0214 0D       		.uleb128 0xd
 1073 0215 737100   		.ascii	"sq\000"
 1074 0218 07       		.byte	0x7
 1075 0219 34       		.byte	0x34
 1076 021a 97000000 		.4byte	0x97
 1077 021e 01       		.byte	0x1
 1078 021f 0B       		.uleb128 0xb
 1079 0220 EA020000 		.4byte	.LASF36
 1080 0224 07       		.byte	0x7
 1081 0225 35       		.byte	0x35
 1082 0226 73000000 		.4byte	0x73
 1083 022a 04       		.byte	0x4
 1084 022b 0B       		.uleb128 0xb
 1085 022c 2F030000 		.4byte	.LASF37
 1086 0230 07       		.byte	0x7
 1087 0231 36       		.byte	0x36
 1088 0232 73000000 		.4byte	0x73
 1089 0236 08       		.byte	0x8
 1090 0237 00       		.byte	0
 1091 0238 03       		.uleb128 0x3
 1092 0239 66030000 		.4byte	.LASF38
 1093 023d 07       		.byte	0x7
 1094 023e 37       		.byte	0x37
 1095 023f 00020000 		.4byte	0x200
 1096 0243 0C       		.uleb128 0xc
 1097 0244 2C       		.byte	0x2c
 1098 0245 08       		.byte	0x8
 1099 0246 0B       		.byte	0xb
 1100 0247 70020000 		.4byte	0x270
 1101 024b 0D       		.uleb128 0xd
 1102 024c 6B657900 		.ascii	"key\000"
 1103 0250 08       		.byte	0x8
 1104 0251 0C       		.byte	0xc
 1105 0252 E5010000 		.4byte	0x1e5
 1106 0256 00       		.byte	0
 1107 0257 0B       		.uleb128 0xb
 1108 0258 3D010000 		.4byte	.LASF39
 1109 025c 08       		.byte	0x8
 1110 025d 0D       		.byte	0xd
 1111 025e E5010000 		.4byte	0x1e5
 1112 0262 14       		.byte	0x14
 1113 0263 0B       		.uleb128 0xb
ARM GAS  C:\Users\HYFI_A~1\AppData\Local\Temp\ccR4M9kv.s 			page 24


 1114 0264 95010000 		.4byte	.LASF40
 1115 0268 08       		.byte	0x8
 1116 0269 0E       		.byte	0xe
 1117 026a BB000000 		.4byte	0xbb
 1118 026e 28       		.byte	0x28
 1119 026f 00       		.byte	0
 1120 0270 03       		.uleb128 0x3
 1121 0271 A7020000 		.4byte	.LASF41
 1122 0275 08       		.byte	0x8
 1123 0276 0F       		.byte	0xf
 1124 0277 43020000 		.4byte	0x243
 1125 027b 0C       		.uleb128 0xc
 1126 027c 1C       		.byte	0x1c
 1127 027d 09       		.byte	0x9
 1128 027e 2C       		.byte	0x2c
 1129 027f 9C020000 		.4byte	0x29c
 1130 0283 0B       		.uleb128 0xb
 1131 0284 FF010000 		.4byte	.LASF42
 1132 0288 09       		.byte	0x9
 1133 0289 2E       		.byte	0x2e
 1134 028a 9C020000 		.4byte	0x29c
 1135 028e 00       		.byte	0
 1136 028f 0B       		.uleb128 0xb
 1137 0290 1F010000 		.4byte	.LASF43
 1138 0294 09       		.byte	0x9
 1139 0295 2F       		.byte	0x2f
 1140 0296 FB000000 		.4byte	0xfb
 1141 029a 04       		.byte	0x4
 1142 029b 00       		.byte	0
 1143 029c 06       		.uleb128 0x6
 1144 029d 04       		.byte	0x4
 1145 029e F5010000 		.4byte	0x1f5
 1146 02a2 03       		.uleb128 0x3
 1147 02a3 CC020000 		.4byte	.LASF44
 1148 02a7 09       		.byte	0x9
 1149 02a8 31       		.byte	0x31
 1150 02a9 7B020000 		.4byte	0x27b
 1151 02ad 0A       		.uleb128 0xa
 1152 02ae 4401     		.2byte	0x144
 1153 02b0 09       		.byte	0x9
 1154 02b1 34       		.byte	0x34
 1155 02b2 00030000 		.4byte	0x300
 1156 02b6 0B       		.uleb128 0xb
 1157 02b7 FE030000 		.4byte	.LASF45
 1158 02bb 09       		.byte	0x9
 1159 02bc 37       		.byte	0x37
 1160 02bd E5010000 		.4byte	0x1e5
 1161 02c1 00       		.byte	0
 1162 02c2 0B       		.uleb128 0xb
 1163 02c3 71000000 		.4byte	.LASF46
 1164 02c7 09       		.byte	0x9
 1165 02c8 39       		.byte	0x39
 1166 02c9 00030000 		.4byte	0x300
 1167 02cd 14       		.byte	0x14
 1168 02ce 0B       		.uleb128 0xb
 1169 02cf 12040000 		.4byte	.LASF47
 1170 02d3 09       		.byte	0x9
ARM GAS  C:\Users\HYFI_A~1\AppData\Local\Temp\ccR4M9kv.s 			page 25


 1171 02d4 3A       		.byte	0x3a
 1172 02d5 73000000 		.4byte	0x73
 1173 02d9 78       		.byte	0x78
 1174 02da 0B       		.uleb128 0xb
 1175 02db 8D010000 		.4byte	.LASF48
 1176 02df 09       		.byte	0x9
 1177 02e0 3B       		.byte	0x3b
 1178 02e1 10030000 		.4byte	0x310
 1179 02e5 7C       		.byte	0x7c
 1180 02e6 0B       		.uleb128 0xb
 1181 02e7 9A030000 		.4byte	.LASF49
 1182 02eb 09       		.byte	0x9
 1183 02ec 3C       		.byte	0x3c
 1184 02ed 00030000 		.4byte	0x300
 1185 02f1 AE       		.byte	0xae
 1186 02f2 0E       		.uleb128 0xe
 1187 02f3 81010000 		.4byte	.LASF50
 1188 02f7 09       		.byte	0x9
 1189 02f8 3D       		.byte	0x3d
 1190 02f9 10030000 		.4byte	0x310
 1191 02fd 1201     		.2byte	0x112
 1192 02ff 00       		.byte	0
 1193 0300 08       		.uleb128 0x8
 1194 0301 D5000000 		.4byte	0xd5
 1195 0305 10030000 		.4byte	0x310
 1196 0309 09       		.uleb128 0x9
 1197 030a E3000000 		.4byte	0xe3
 1198 030e 63       		.byte	0x63
 1199 030f 00       		.byte	0
 1200 0310 08       		.uleb128 0x8
 1201 0311 D5000000 		.4byte	0xd5
 1202 0315 20030000 		.4byte	0x320
 1203 0319 09       		.uleb128 0x9
 1204 031a E3000000 		.4byte	0xe3
 1205 031e 31       		.byte	0x31
 1206 031f 00       		.byte	0
 1207 0320 03       		.uleb128 0x3
 1208 0321 2B000000 		.4byte	.LASF51
 1209 0325 09       		.byte	0x9
 1210 0326 40       		.byte	0x40
 1211 0327 AD020000 		.4byte	0x2ad
 1212 032b 0F       		.uleb128 0xf
 1213 032c 06040000 		.4byte	.LASF52
 1214 0330 01       		.byte	0x1
 1215 0331 1D       		.byte	0x1d
 1216 0332 F0000000 		.4byte	0xf0
 1217 0336 00000000 		.4byte	.LFB64
 1218 033a 14000000 		.4byte	.LFE64-.LFB64
 1219 033e 01       		.uleb128 0x1
 1220 033f 9C       		.byte	0x9c
 1221 0340 0F       		.uleb128 0xf
 1222 0341 1C020000 		.4byte	.LASF53
 1223 0345 01       		.byte	0x1
 1224 0346 21       		.byte	0x21
 1225 0347 81000000 		.4byte	0x81
 1226 034b 00000000 		.4byte	.LFB65
 1227 034f 14000000 		.4byte	.LFE65-.LFB65
ARM GAS  C:\Users\HYFI_A~1\AppData\Local\Temp\ccR4M9kv.s 			page 26


 1228 0353 01       		.uleb128 0x1
 1229 0354 9C       		.byte	0x9c
 1230 0355 10       		.uleb128 0x10
 1231 0356 20000000 		.4byte	.LASF84
 1232 035a 01       		.byte	0x1
 1233 035b 25       		.byte	0x25
 1234 035c 00000000 		.4byte	.LFB66
 1235 0360 28000000 		.4byte	.LFE66-.LFB66
 1236 0364 01       		.uleb128 0x1
 1237 0365 9C       		.byte	0x9c
 1238 0366 11       		.uleb128 0x11
 1239 0367 62020000 		.4byte	.LASF54
 1240 036b 01       		.byte	0x1
 1241 036c 2B       		.byte	0x2b
 1242 036d 00000000 		.4byte	.LFB67
 1243 0371 70000000 		.4byte	.LFE67-.LFB67
 1244 0375 01       		.uleb128 0x1
 1245 0376 9C       		.byte	0x9c
 1246 0377 8A030000 		.4byte	0x38a
 1247 037b 12       		.uleb128 0x12
 1248 037c E9030000 		.4byte	.LASF56
 1249 0380 01       		.byte	0x1
 1250 0381 2D       		.byte	0x2d
 1251 0382 D5000000 		.4byte	0xd5
 1252 0386 02       		.uleb128 0x2
 1253 0387 91       		.byte	0x91
 1254 0388 77       		.sleb128 -9
 1255 0389 00       		.byte	0
 1256 038a 13       		.uleb128 0x13
 1257 038b 09030000 		.4byte	.LASF55
 1258 038f 01       		.byte	0x1
 1259 0390 38       		.byte	0x38
 1260 0391 AD010000 		.4byte	0x1ad
 1261 0395 00000000 		.4byte	.LFB68
 1262 0399 1C010000 		.4byte	.LFE68-.LFB68
 1263 039d 01       		.uleb128 0x1
 1264 039e 9C       		.byte	0x9c
 1265 039f D4030000 		.4byte	0x3d4
 1266 03a3 12       		.uleb128 0x12
 1267 03a4 B4030000 		.4byte	.LASF57
 1268 03a8 01       		.byte	0x1
 1269 03a9 3B       		.byte	0x3b
 1270 03aa AD010000 		.4byte	0x1ad
 1271 03ae 02       		.uleb128 0x2
 1272 03af 91       		.byte	0x91
 1273 03b0 50       		.sleb128 -48
 1274 03b1 12       		.uleb128 0x12
 1275 03b2 F1030000 		.4byte	.LASF58
 1276 03b6 01       		.byte	0x1
 1277 03b7 57       		.byte	0x57
 1278 03b8 EA000000 		.4byte	0xea
 1279 03bc 02       		.uleb128 0x2
 1280 03bd 91       		.byte	0x91
 1281 03be 6C       		.sleb128 -20
 1282 03bf 14       		.uleb128 0x14
 1283 03c0 00000000 		.4byte	.Ldebug_ranges0+0
 1284 03c4 12       		.uleb128 0x12
ARM GAS  C:\Users\HYFI_A~1\AppData\Local\Temp\ccR4M9kv.s 			page 27


 1285 03c5 92030000 		.4byte	.LASF59
 1286 03c9 01       		.byte	0x1
 1287 03ca 5D       		.byte	0x5d
 1288 03cb A3000000 		.4byte	0xa3
 1289 03cf 02       		.uleb128 0x2
 1290 03d0 91       		.byte	0x91
 1291 03d1 6A       		.sleb128 -22
 1292 03d2 00       		.byte	0
 1293 03d3 00       		.byte	0
 1294 03d4 13       		.uleb128 0x13
 1295 03d5 43010000 		.4byte	.LASF60
 1296 03d9 01       		.byte	0x1
 1297 03da 75       		.byte	0x75
 1298 03db 59010000 		.4byte	0x159
 1299 03df 00000000 		.4byte	.LFB69
 1300 03e3 C8000000 		.4byte	.LFE69-.LFB69
 1301 03e7 01       		.uleb128 0x1
 1302 03e8 9C       		.byte	0x9c
 1303 03e9 0C040000 		.4byte	0x40c
 1304 03ed 12       		.uleb128 0x12
 1305 03ee 8D030000 		.4byte	.LASF61
 1306 03f2 01       		.byte	0x1
 1307 03f3 76       		.byte	0x76
 1308 03f4 59010000 		.4byte	0x159
 1309 03f8 03       		.uleb128 0x3
 1310 03f9 91       		.byte	0x91
 1311 03fa EC7C     		.sleb128 -404
 1312 03fc 12       		.uleb128 0x12
 1313 03fd 78040000 		.4byte	.LASF62
 1314 0401 01       		.byte	0x1
 1315 0402 7A       		.byte	0x7a
 1316 0403 AD010000 		.4byte	0x1ad
 1317 0407 03       		.uleb128 0x3
 1318 0408 91       		.byte	0x91
 1319 0409 D07C     		.sleb128 -432
 1320 040b 00       		.byte	0
 1321 040c 15       		.uleb128 0x15
 1322 040d 25020000 		.4byte	.LASF85
 1323 0411 01       		.byte	0x1
 1324 0412 8F       		.byte	0x8f
 1325 0413 A3000000 		.4byte	0xa3
 1326 0417 00000000 		.4byte	.LFB70
 1327 041b 8E000000 		.4byte	.LFE70-.LFB70
 1328 041f 01       		.uleb128 0x1
 1329 0420 9C       		.byte	0x9c
 1330 0421 4E040000 		.4byte	0x44e
 1331 0425 16       		.uleb128 0x16
 1332 0426 CF030000 		.4byte	.LASF63
 1333 042a 01       		.byte	0x1
 1334 042b 8F       		.byte	0x8f
 1335 042c 4E040000 		.4byte	0x44e
 1336 0430 02       		.uleb128 0x2
 1337 0431 91       		.byte	0x91
 1338 0432 64       		.sleb128 -28
 1339 0433 17       		.uleb128 0x17
 1340 0434 6E00     		.ascii	"n\000"
 1341 0436 01       		.byte	0x1
ARM GAS  C:\Users\HYFI_A~1\AppData\Local\Temp\ccR4M9kv.s 			page 28


 1342 0437 8F       		.byte	0x8f
 1343 0438 97000000 		.4byte	0x97
 1344 043c 02       		.uleb128 0x2
 1345 043d 91       		.byte	0x91
 1346 043e 63       		.sleb128 -29
 1347 043f 12       		.uleb128 0x12
 1348 0440 3A000000 		.4byte	.LASF64
 1349 0444 01       		.byte	0x1
 1350 0445 91       		.byte	0x91
 1351 0446 AF000000 		.4byte	0xaf
 1352 044a 02       		.uleb128 0x2
 1353 044b 91       		.byte	0x91
 1354 044c 6E       		.sleb128 -18
 1355 044d 00       		.byte	0
 1356 044e 06       		.uleb128 0x6
 1357 044f 04       		.byte	0x4
 1358 0450 AF000000 		.4byte	0xaf
 1359 0454 11       		.uleb128 0x11
 1360 0455 14000000 		.4byte	.LASF65
 1361 0459 01       		.byte	0x1
 1362 045a 9F       		.byte	0x9f
 1363 045b 00000000 		.4byte	.LFB71
 1364 045f 98000000 		.4byte	.LFE71-.LFB71
 1365 0463 01       		.uleb128 0x1
 1366 0464 9C       		.byte	0x9c
 1367 0465 9A040000 		.4byte	0x49a
 1368 0469 17       		.uleb128 0x17
 1369 046a 6100     		.ascii	"a\000"
 1370 046c 01       		.byte	0x1
 1371 046d 9F       		.byte	0x9f
 1372 046e 4E040000 		.4byte	0x44e
 1373 0472 02       		.uleb128 0x2
 1374 0473 91       		.byte	0x91
 1375 0474 6C       		.sleb128 -20
 1376 0475 17       		.uleb128 0x17
 1377 0476 6E00     		.ascii	"n\000"
 1378 0478 01       		.byte	0x1
 1379 0479 9F       		.byte	0x9f
 1380 047a AF000000 		.4byte	0xaf
 1381 047e 02       		.uleb128 0x2
 1382 047f 91       		.byte	0x91
 1383 0480 6A       		.sleb128 -22
 1384 0481 18       		.uleb128 0x18
 1385 0482 6900     		.ascii	"i\000"
 1386 0484 01       		.byte	0x1
 1387 0485 A0       		.byte	0xa0
 1388 0486 AF000000 		.4byte	0xaf
 1389 048a 02       		.uleb128 0x2
 1390 048b 91       		.byte	0x91
 1391 048c 76       		.sleb128 -10
 1392 048d 18       		.uleb128 0x18
 1393 048e 6A00     		.ascii	"j\000"
 1394 0490 01       		.byte	0x1
 1395 0491 A0       		.byte	0xa0
 1396 0492 AF000000 		.4byte	0xaf
 1397 0496 02       		.uleb128 0x2
 1398 0497 91       		.byte	0x91
ARM GAS  C:\Users\HYFI_A~1\AppData\Local\Temp\ccR4M9kv.s 			page 29


 1399 0498 74       		.sleb128 -12
 1400 0499 00       		.byte	0
 1401 049a 19       		.uleb128 0x19
 1402 049b 1A010000 		.4byte	.LASF66
 1403 049f 01       		.byte	0x1
 1404 04a0 AA       		.byte	0xaa
 1405 04a1 00000000 		.4byte	.LFB72
 1406 04a5 2A000000 		.4byte	.LFE72-.LFB72
 1407 04a9 01       		.uleb128 0x1
 1408 04aa 9C       		.byte	0x9c
 1409 04ab D4040000 		.4byte	0x4d4
 1410 04af 17       		.uleb128 0x17
 1411 04b0 7000     		.ascii	"p\000"
 1412 04b2 01       		.byte	0x1
 1413 04b3 AA       		.byte	0xaa
 1414 04b4 4E040000 		.4byte	0x44e
 1415 04b8 02       		.uleb128 0x2
 1416 04b9 91       		.byte	0x91
 1417 04ba 6C       		.sleb128 -20
 1418 04bb 17       		.uleb128 0x17
 1419 04bc 7100     		.ascii	"q\000"
 1420 04be 01       		.byte	0x1
 1421 04bf AA       		.byte	0xaa
 1422 04c0 4E040000 		.4byte	0x44e
 1423 04c4 02       		.uleb128 0x2
 1424 04c5 91       		.byte	0x91
 1425 04c6 68       		.sleb128 -24
 1426 04c7 18       		.uleb128 0x18
 1427 04c8 7400     		.ascii	"t\000"
 1428 04ca 01       		.byte	0x1
 1429 04cb AB       		.byte	0xab
 1430 04cc AF000000 		.4byte	0xaf
 1431 04d0 02       		.uleb128 0x2
 1432 04d1 91       		.byte	0x91
 1433 04d2 76       		.sleb128 -10
 1434 04d3 00       		.byte	0
 1435 04d4 08       		.uleb128 0x8
 1436 04d5 D5000000 		.4byte	0xd5
 1437 04d9 E5040000 		.4byte	0x4e5
 1438 04dd 1A       		.uleb128 0x1a
 1439 04de E3000000 		.4byte	0xe3
 1440 04e2 0001     		.2byte	0x100
 1441 04e4 00       		.byte	0
 1442 04e5 12       		.uleb128 0x12
 1443 04e6 00000000 		.4byte	.LASF67
 1444 04ea 01       		.byte	0x1
 1445 04eb 14       		.byte	0x14
 1446 04ec D4040000 		.4byte	0x4d4
 1447 04f0 05       		.uleb128 0x5
 1448 04f1 03       		.byte	0x3
 1449 04f2 00000000 		.4byte	uart_chars
 1450 04f6 12       		.uleb128 0x12
 1451 04f7 4B000000 		.4byte	.LASF68
 1452 04fb 01       		.byte	0x1
 1453 04fc 15       		.byte	0x15
 1454 04fd 81000000 		.4byte	0x81
 1455 0501 05       		.uleb128 0x5
ARM GAS  C:\Users\HYFI_A~1\AppData\Local\Temp\ccR4M9kv.s 			page 30


 1456 0502 03       		.byte	0x3
 1457 0503 01010000 		.4byte	num_chars
 1458 0507 12       		.uleb128 0x12
 1459 0508 7C010000 		.4byte	.LASF69
 1460 050c 01       		.byte	0x1
 1461 050d 17       		.byte	0x17
 1462 050e F0000000 		.4byte	0xf0
 1463 0512 05       		.uleb128 0x5
 1464 0513 03       		.byte	0x3
 1465 0514 00000000 		.4byte	line
 1466 0518 12       		.uleb128 0x12
 1467 0519 E3030000 		.4byte	.LASF70
 1468 051d 01       		.byte	0x1
 1469 051e 18       		.byte	0x18
 1470 051f F0000000 		.4byte	0xf0
 1471 0523 05       		.uleb128 0x5
 1472 0524 03       		.byte	0x3
 1473 0525 04010000 		.4byte	match
 1474 0529 12       		.uleb128 0x12
 1475 052a 0A020000 		.4byte	.LASF71
 1476 052e 01       		.byte	0x1
 1477 052f 19       		.byte	0x19
 1478 0530 F0000000 		.4byte	0xf0
 1479 0534 05       		.uleb128 0x5
 1480 0535 03       		.byte	0x3
 1481 0536 08010000 		.4byte	pattern
 1482 053a 1B       		.uleb128 0x1b
 1483 053b 42030000 		.4byte	.LASF72
 1484 053f 0A       		.byte	0xa
 1485 0540 1207     		.2byte	0x712
 1486 0542 46050000 		.4byte	0x546
 1487 0546 1C       		.uleb128 0x1c
 1488 0547 8C000000 		.4byte	0x8c
 1489 054b 1D       		.uleb128 0x1d
 1490 054c B3020000 		.4byte	.LASF73
 1491 0550 0B       		.byte	0xb
 1492 0551 17       		.byte	0x17
 1493 0552 00030000 		.4byte	0x300
 1494 0556 05       		.uleb128 0x5
 1495 0557 03       		.byte	0x3
 1496 0558 00000000 		.4byte	debug_string
 1497 055c 1D       		.uleb128 0x1d
 1498 055d 73020000 		.4byte	.LASF74
 1499 0561 07       		.byte	0x7
 1500 0562 15       		.byte	0x15
 1501 0563 97000000 		.4byte	0x97
 1502 0567 05       		.uleb128 0x5
 1503 0568 03       		.byte	0x3
 1504 0569 00000000 		.4byte	modem_state
 1505 056d 1D       		.uleb128 0x1d
 1506 056e 4B020000 		.4byte	.LASF75
 1507 0572 07       		.byte	0x7
 1508 0573 45       		.byte	0x45
 1509 0574 BB000000 		.4byte	0xbb
 1510 0578 05       		.uleb128 0x5
 1511 0579 03       		.byte	0x3
 1512 057a 00000000 		.4byte	modem_start_time_stamp
ARM GAS  C:\Users\HYFI_A~1\AppData\Local\Temp\ccR4M9kv.s 			page 31


 1513 057e 1D       		.uleb128 0x1d
 1514 057f FF010000 		.4byte	.LASF42
 1515 0583 07       		.byte	0x7
 1516 0584 46       		.byte	0x46
 1517 0585 F5010000 		.4byte	0x1f5
 1518 0589 05       		.uleb128 0x5
 1519 058a 03       		.byte	0x3
 1520 058b 00000000 		.4byte	modem_info
 1521 058f 1D       		.uleb128 0x1d
 1522 0590 C0020000 		.4byte	.LASF76
 1523 0594 07       		.byte	0x7
 1524 0595 47       		.byte	0x47
 1525 0596 38020000 		.4byte	0x238
 1526 059a 05       		.uleb128 0x5
 1527 059b 03       		.byte	0x3
 1528 059c 00000000 		.4byte	modem_stats
 1529 05a0 1D       		.uleb128 0x1d
 1530 05a1 64010000 		.4byte	.LASF77
 1531 05a5 08       		.byte	0x8
 1532 05a6 19       		.byte	0x19
 1533 05a7 A3000000 		.4byte	0xa3
 1534 05ab 05       		.uleb128 0x5
 1535 05ac 03       		.byte	0x3
 1536 05ad 00000000 		.4byte	dataPointsInStack
 1537 05b1 08       		.uleb128 0x8
 1538 05b2 70020000 		.4byte	0x270
 1539 05b6 C1050000 		.4byte	0x5c1
 1540 05ba 09       		.uleb128 0x9
 1541 05bb E3000000 		.4byte	0xe3
 1542 05bf 63       		.byte	0x63
 1543 05c0 00       		.byte	0
 1544 05c1 1D       		.uleb128 0x1d
 1545 05c2 15010000 		.4byte	.LASF78
 1546 05c6 08       		.byte	0x8
 1547 05c7 1A       		.byte	0x1a
 1548 05c8 B1050000 		.4byte	0x5b1
 1549 05cc 05       		.uleb128 0x5
 1550 05cd 03       		.byte	0x3
 1551 05ce 00000000 		.4byte	data
 1552 05d2 1D       		.uleb128 0x1d
 1553 05d3 23030000 		.4byte	.LASF79
 1554 05d7 09       		.byte	0x9
 1555 05d8 32       		.byte	0x32
 1556 05d9 A2020000 		.4byte	0x2a2
 1557 05dd 05       		.uleb128 0x5
 1558 05de 03       		.byte	0x3
 1559 05df 00000000 		.4byte	system_info
 1560 05e3 1D       		.uleb128 0x1d
 1561 05e4 2D010000 		.4byte	.LASF80
 1562 05e8 09       		.byte	0x9
 1563 05e9 41       		.byte	0x41
 1564 05ea 20030000 		.4byte	0x320
 1565 05ee 05       		.uleb128 0x5
 1566 05ef 03       		.byte	0x3
 1567 05f0 00000000 		.4byte	system_settings
 1568 05f4 00       		.byte	0
 1569              		.section	.debug_abbrev,"",%progbits
ARM GAS  C:\Users\HYFI_A~1\AppData\Local\Temp\ccR4M9kv.s 			page 32


 1570              	.Ldebug_abbrev0:
 1571 0000 01       		.uleb128 0x1
 1572 0001 11       		.uleb128 0x11
 1573 0002 01       		.byte	0x1
 1574 0003 25       		.uleb128 0x25
 1575 0004 0E       		.uleb128 0xe
 1576 0005 13       		.uleb128 0x13
 1577 0006 0B       		.uleb128 0xb
 1578 0007 03       		.uleb128 0x3
 1579 0008 0E       		.uleb128 0xe
 1580 0009 1B       		.uleb128 0x1b
 1581 000a 0E       		.uleb128 0xe
 1582 000b 55       		.uleb128 0x55
 1583 000c 17       		.uleb128 0x17
 1584 000d 11       		.uleb128 0x11
 1585 000e 01       		.uleb128 0x1
 1586 000f 10       		.uleb128 0x10
 1587 0010 17       		.uleb128 0x17
 1588 0011 00       		.byte	0
 1589 0012 00       		.byte	0
 1590 0013 02       		.uleb128 0x2
 1591 0014 24       		.uleb128 0x24
 1592 0015 00       		.byte	0
 1593 0016 0B       		.uleb128 0xb
 1594 0017 0B       		.uleb128 0xb
 1595 0018 3E       		.uleb128 0x3e
 1596 0019 0B       		.uleb128 0xb
 1597 001a 03       		.uleb128 0x3
 1598 001b 0E       		.uleb128 0xe
 1599 001c 00       		.byte	0
 1600 001d 00       		.byte	0
 1601 001e 03       		.uleb128 0x3
 1602 001f 16       		.uleb128 0x16
 1603 0020 00       		.byte	0
 1604 0021 03       		.uleb128 0x3
 1605 0022 0E       		.uleb128 0xe
 1606 0023 3A       		.uleb128 0x3a
 1607 0024 0B       		.uleb128 0xb
 1608 0025 3B       		.uleb128 0x3b
 1609 0026 0B       		.uleb128 0xb
 1610 0027 49       		.uleb128 0x49
 1611 0028 13       		.uleb128 0x13
 1612 0029 00       		.byte	0
 1613 002a 00       		.byte	0
 1614 002b 04       		.uleb128 0x4
 1615 002c 24       		.uleb128 0x24
 1616 002d 00       		.byte	0
 1617 002e 0B       		.uleb128 0xb
 1618 002f 0B       		.uleb128 0xb
 1619 0030 3E       		.uleb128 0x3e
 1620 0031 0B       		.uleb128 0xb
 1621 0032 03       		.uleb128 0x3
 1622 0033 08       		.uleb128 0x8
 1623 0034 00       		.byte	0
 1624 0035 00       		.byte	0
 1625 0036 05       		.uleb128 0x5
 1626 0037 16       		.uleb128 0x16
ARM GAS  C:\Users\HYFI_A~1\AppData\Local\Temp\ccR4M9kv.s 			page 33


 1627 0038 00       		.byte	0
 1628 0039 03       		.uleb128 0x3
 1629 003a 0E       		.uleb128 0xe
 1630 003b 3A       		.uleb128 0x3a
 1631 003c 0B       		.uleb128 0xb
 1632 003d 3B       		.uleb128 0x3b
 1633 003e 05       		.uleb128 0x5
 1634 003f 49       		.uleb128 0x49
 1635 0040 13       		.uleb128 0x13
 1636 0041 00       		.byte	0
 1637 0042 00       		.byte	0
 1638 0043 06       		.uleb128 0x6
 1639 0044 0F       		.uleb128 0xf
 1640 0045 00       		.byte	0
 1641 0046 0B       		.uleb128 0xb
 1642 0047 0B       		.uleb128 0xb
 1643 0048 49       		.uleb128 0x49
 1644 0049 13       		.uleb128 0x13
 1645 004a 00       		.byte	0
 1646 004b 00       		.byte	0
 1647 004c 07       		.uleb128 0x7
 1648 004d 26       		.uleb128 0x26
 1649 004e 00       		.byte	0
 1650 004f 49       		.uleb128 0x49
 1651 0050 13       		.uleb128 0x13
 1652 0051 00       		.byte	0
 1653 0052 00       		.byte	0
 1654 0053 08       		.uleb128 0x8
 1655 0054 01       		.uleb128 0x1
 1656 0055 01       		.byte	0x1
 1657 0056 49       		.uleb128 0x49
 1658 0057 13       		.uleb128 0x13
 1659 0058 01       		.uleb128 0x1
 1660 0059 13       		.uleb128 0x13
 1661 005a 00       		.byte	0
 1662 005b 00       		.byte	0
 1663 005c 09       		.uleb128 0x9
 1664 005d 21       		.uleb128 0x21
 1665 005e 00       		.byte	0
 1666 005f 49       		.uleb128 0x49
 1667 0060 13       		.uleb128 0x13
 1668 0061 2F       		.uleb128 0x2f
 1669 0062 0B       		.uleb128 0xb
 1670 0063 00       		.byte	0
 1671 0064 00       		.byte	0
 1672 0065 0A       		.uleb128 0xa
 1673 0066 13       		.uleb128 0x13
 1674 0067 01       		.byte	0x1
 1675 0068 0B       		.uleb128 0xb
 1676 0069 05       		.uleb128 0x5
 1677 006a 3A       		.uleb128 0x3a
 1678 006b 0B       		.uleb128 0xb
 1679 006c 3B       		.uleb128 0x3b
 1680 006d 0B       		.uleb128 0xb
 1681 006e 01       		.uleb128 0x1
 1682 006f 13       		.uleb128 0x13
 1683 0070 00       		.byte	0
ARM GAS  C:\Users\HYFI_A~1\AppData\Local\Temp\ccR4M9kv.s 			page 34


 1684 0071 00       		.byte	0
 1685 0072 0B       		.uleb128 0xb
 1686 0073 0D       		.uleb128 0xd
 1687 0074 00       		.byte	0
 1688 0075 03       		.uleb128 0x3
 1689 0076 0E       		.uleb128 0xe
 1690 0077 3A       		.uleb128 0x3a
 1691 0078 0B       		.uleb128 0xb
 1692 0079 3B       		.uleb128 0x3b
 1693 007a 0B       		.uleb128 0xb
 1694 007b 49       		.uleb128 0x49
 1695 007c 13       		.uleb128 0x13
 1696 007d 38       		.uleb128 0x38
 1697 007e 0B       		.uleb128 0xb
 1698 007f 00       		.byte	0
 1699 0080 00       		.byte	0
 1700 0081 0C       		.uleb128 0xc
 1701 0082 13       		.uleb128 0x13
 1702 0083 01       		.byte	0x1
 1703 0084 0B       		.uleb128 0xb
 1704 0085 0B       		.uleb128 0xb
 1705 0086 3A       		.uleb128 0x3a
 1706 0087 0B       		.uleb128 0xb
 1707 0088 3B       		.uleb128 0x3b
 1708 0089 0B       		.uleb128 0xb
 1709 008a 01       		.uleb128 0x1
 1710 008b 13       		.uleb128 0x13
 1711 008c 00       		.byte	0
 1712 008d 00       		.byte	0
 1713 008e 0D       		.uleb128 0xd
 1714 008f 0D       		.uleb128 0xd
 1715 0090 00       		.byte	0
 1716 0091 03       		.uleb128 0x3
 1717 0092 08       		.uleb128 0x8
 1718 0093 3A       		.uleb128 0x3a
 1719 0094 0B       		.uleb128 0xb
 1720 0095 3B       		.uleb128 0x3b
 1721 0096 0B       		.uleb128 0xb
 1722 0097 49       		.uleb128 0x49
 1723 0098 13       		.uleb128 0x13
 1724 0099 38       		.uleb128 0x38
 1725 009a 0B       		.uleb128 0xb
 1726 009b 00       		.byte	0
 1727 009c 00       		.byte	0
 1728 009d 0E       		.uleb128 0xe
 1729 009e 0D       		.uleb128 0xd
 1730 009f 00       		.byte	0
 1731 00a0 03       		.uleb128 0x3
 1732 00a1 0E       		.uleb128 0xe
 1733 00a2 3A       		.uleb128 0x3a
 1734 00a3 0B       		.uleb128 0xb
 1735 00a4 3B       		.uleb128 0x3b
 1736 00a5 0B       		.uleb128 0xb
 1737 00a6 49       		.uleb128 0x49
 1738 00a7 13       		.uleb128 0x13
 1739 00a8 38       		.uleb128 0x38
 1740 00a9 05       		.uleb128 0x5
ARM GAS  C:\Users\HYFI_A~1\AppData\Local\Temp\ccR4M9kv.s 			page 35


 1741 00aa 00       		.byte	0
 1742 00ab 00       		.byte	0
 1743 00ac 0F       		.uleb128 0xf
 1744 00ad 2E       		.uleb128 0x2e
 1745 00ae 00       		.byte	0
 1746 00af 3F       		.uleb128 0x3f
 1747 00b0 19       		.uleb128 0x19
 1748 00b1 03       		.uleb128 0x3
 1749 00b2 0E       		.uleb128 0xe
 1750 00b3 3A       		.uleb128 0x3a
 1751 00b4 0B       		.uleb128 0xb
 1752 00b5 3B       		.uleb128 0x3b
 1753 00b6 0B       		.uleb128 0xb
 1754 00b7 27       		.uleb128 0x27
 1755 00b8 19       		.uleb128 0x19
 1756 00b9 49       		.uleb128 0x49
 1757 00ba 13       		.uleb128 0x13
 1758 00bb 11       		.uleb128 0x11
 1759 00bc 01       		.uleb128 0x1
 1760 00bd 12       		.uleb128 0x12
 1761 00be 06       		.uleb128 0x6
 1762 00bf 40       		.uleb128 0x40
 1763 00c0 18       		.uleb128 0x18
 1764 00c1 9742     		.uleb128 0x2117
 1765 00c3 19       		.uleb128 0x19
 1766 00c4 00       		.byte	0
 1767 00c5 00       		.byte	0
 1768 00c6 10       		.uleb128 0x10
 1769 00c7 2E       		.uleb128 0x2e
 1770 00c8 00       		.byte	0
 1771 00c9 3F       		.uleb128 0x3f
 1772 00ca 19       		.uleb128 0x19
 1773 00cb 03       		.uleb128 0x3
 1774 00cc 0E       		.uleb128 0xe
 1775 00cd 3A       		.uleb128 0x3a
 1776 00ce 0B       		.uleb128 0xb
 1777 00cf 3B       		.uleb128 0x3b
 1778 00d0 0B       		.uleb128 0xb
 1779 00d1 27       		.uleb128 0x27
 1780 00d2 19       		.uleb128 0x19
 1781 00d3 11       		.uleb128 0x11
 1782 00d4 01       		.uleb128 0x1
 1783 00d5 12       		.uleb128 0x12
 1784 00d6 06       		.uleb128 0x6
 1785 00d7 40       		.uleb128 0x40
 1786 00d8 18       		.uleb128 0x18
 1787 00d9 9642     		.uleb128 0x2116
 1788 00db 19       		.uleb128 0x19
 1789 00dc 00       		.byte	0
 1790 00dd 00       		.byte	0
 1791 00de 11       		.uleb128 0x11
 1792 00df 2E       		.uleb128 0x2e
 1793 00e0 01       		.byte	0x1
 1794 00e1 3F       		.uleb128 0x3f
 1795 00e2 19       		.uleb128 0x19
 1796 00e3 03       		.uleb128 0x3
 1797 00e4 0E       		.uleb128 0xe
ARM GAS  C:\Users\HYFI_A~1\AppData\Local\Temp\ccR4M9kv.s 			page 36


 1798 00e5 3A       		.uleb128 0x3a
 1799 00e6 0B       		.uleb128 0xb
 1800 00e7 3B       		.uleb128 0x3b
 1801 00e8 0B       		.uleb128 0xb
 1802 00e9 27       		.uleb128 0x27
 1803 00ea 19       		.uleb128 0x19
 1804 00eb 11       		.uleb128 0x11
 1805 00ec 01       		.uleb128 0x1
 1806 00ed 12       		.uleb128 0x12
 1807 00ee 06       		.uleb128 0x6
 1808 00ef 40       		.uleb128 0x40
 1809 00f0 18       		.uleb128 0x18
 1810 00f1 9642     		.uleb128 0x2116
 1811 00f3 19       		.uleb128 0x19
 1812 00f4 01       		.uleb128 0x1
 1813 00f5 13       		.uleb128 0x13
 1814 00f6 00       		.byte	0
 1815 00f7 00       		.byte	0
 1816 00f8 12       		.uleb128 0x12
 1817 00f9 34       		.uleb128 0x34
 1818 00fa 00       		.byte	0
 1819 00fb 03       		.uleb128 0x3
 1820 00fc 0E       		.uleb128 0xe
 1821 00fd 3A       		.uleb128 0x3a
 1822 00fe 0B       		.uleb128 0xb
 1823 00ff 3B       		.uleb128 0x3b
 1824 0100 0B       		.uleb128 0xb
 1825 0101 49       		.uleb128 0x49
 1826 0102 13       		.uleb128 0x13
 1827 0103 02       		.uleb128 0x2
 1828 0104 18       		.uleb128 0x18
 1829 0105 00       		.byte	0
 1830 0106 00       		.byte	0
 1831 0107 13       		.uleb128 0x13
 1832 0108 2E       		.uleb128 0x2e
 1833 0109 01       		.byte	0x1
 1834 010a 3F       		.uleb128 0x3f
 1835 010b 19       		.uleb128 0x19
 1836 010c 03       		.uleb128 0x3
 1837 010d 0E       		.uleb128 0xe
 1838 010e 3A       		.uleb128 0x3a
 1839 010f 0B       		.uleb128 0xb
 1840 0110 3B       		.uleb128 0x3b
 1841 0111 0B       		.uleb128 0xb
 1842 0112 49       		.uleb128 0x49
 1843 0113 13       		.uleb128 0x13
 1844 0114 11       		.uleb128 0x11
 1845 0115 01       		.uleb128 0x1
 1846 0116 12       		.uleb128 0x12
 1847 0117 06       		.uleb128 0x6
 1848 0118 40       		.uleb128 0x40
 1849 0119 18       		.uleb128 0x18
 1850 011a 9642     		.uleb128 0x2116
 1851 011c 19       		.uleb128 0x19
 1852 011d 01       		.uleb128 0x1
 1853 011e 13       		.uleb128 0x13
 1854 011f 00       		.byte	0
ARM GAS  C:\Users\HYFI_A~1\AppData\Local\Temp\ccR4M9kv.s 			page 37


 1855 0120 00       		.byte	0
 1856 0121 14       		.uleb128 0x14
 1857 0122 0B       		.uleb128 0xb
 1858 0123 01       		.byte	0x1
 1859 0124 55       		.uleb128 0x55
 1860 0125 17       		.uleb128 0x17
 1861 0126 00       		.byte	0
 1862 0127 00       		.byte	0
 1863 0128 15       		.uleb128 0x15
 1864 0129 2E       		.uleb128 0x2e
 1865 012a 01       		.byte	0x1
 1866 012b 3F       		.uleb128 0x3f
 1867 012c 19       		.uleb128 0x19
 1868 012d 03       		.uleb128 0x3
 1869 012e 0E       		.uleb128 0xe
 1870 012f 3A       		.uleb128 0x3a
 1871 0130 0B       		.uleb128 0xb
 1872 0131 3B       		.uleb128 0x3b
 1873 0132 0B       		.uleb128 0xb
 1874 0133 27       		.uleb128 0x27
 1875 0134 19       		.uleb128 0x19
 1876 0135 49       		.uleb128 0x49
 1877 0136 13       		.uleb128 0x13
 1878 0137 11       		.uleb128 0x11
 1879 0138 01       		.uleb128 0x1
 1880 0139 12       		.uleb128 0x12
 1881 013a 06       		.uleb128 0x6
 1882 013b 40       		.uleb128 0x40
 1883 013c 18       		.uleb128 0x18
 1884 013d 9642     		.uleb128 0x2116
 1885 013f 19       		.uleb128 0x19
 1886 0140 01       		.uleb128 0x1
 1887 0141 13       		.uleb128 0x13
 1888 0142 00       		.byte	0
 1889 0143 00       		.byte	0
 1890 0144 16       		.uleb128 0x16
 1891 0145 05       		.uleb128 0x5
 1892 0146 00       		.byte	0
 1893 0147 03       		.uleb128 0x3
 1894 0148 0E       		.uleb128 0xe
 1895 0149 3A       		.uleb128 0x3a
 1896 014a 0B       		.uleb128 0xb
 1897 014b 3B       		.uleb128 0x3b
 1898 014c 0B       		.uleb128 0xb
 1899 014d 49       		.uleb128 0x49
 1900 014e 13       		.uleb128 0x13
 1901 014f 02       		.uleb128 0x2
 1902 0150 18       		.uleb128 0x18
 1903 0151 00       		.byte	0
 1904 0152 00       		.byte	0
 1905 0153 17       		.uleb128 0x17
 1906 0154 05       		.uleb128 0x5
 1907 0155 00       		.byte	0
 1908 0156 03       		.uleb128 0x3
 1909 0157 08       		.uleb128 0x8
 1910 0158 3A       		.uleb128 0x3a
 1911 0159 0B       		.uleb128 0xb
ARM GAS  C:\Users\HYFI_A~1\AppData\Local\Temp\ccR4M9kv.s 			page 38


 1912 015a 3B       		.uleb128 0x3b
 1913 015b 0B       		.uleb128 0xb
 1914 015c 49       		.uleb128 0x49
 1915 015d 13       		.uleb128 0x13
 1916 015e 02       		.uleb128 0x2
 1917 015f 18       		.uleb128 0x18
 1918 0160 00       		.byte	0
 1919 0161 00       		.byte	0
 1920 0162 18       		.uleb128 0x18
 1921 0163 34       		.uleb128 0x34
 1922 0164 00       		.byte	0
 1923 0165 03       		.uleb128 0x3
 1924 0166 08       		.uleb128 0x8
 1925 0167 3A       		.uleb128 0x3a
 1926 0168 0B       		.uleb128 0xb
 1927 0169 3B       		.uleb128 0x3b
 1928 016a 0B       		.uleb128 0xb
 1929 016b 49       		.uleb128 0x49
 1930 016c 13       		.uleb128 0x13
 1931 016d 02       		.uleb128 0x2
 1932 016e 18       		.uleb128 0x18
 1933 016f 00       		.byte	0
 1934 0170 00       		.byte	0
 1935 0171 19       		.uleb128 0x19
 1936 0172 2E       		.uleb128 0x2e
 1937 0173 01       		.byte	0x1
 1938 0174 3F       		.uleb128 0x3f
 1939 0175 19       		.uleb128 0x19
 1940 0176 03       		.uleb128 0x3
 1941 0177 0E       		.uleb128 0xe
 1942 0178 3A       		.uleb128 0x3a
 1943 0179 0B       		.uleb128 0xb
 1944 017a 3B       		.uleb128 0x3b
 1945 017b 0B       		.uleb128 0xb
 1946 017c 27       		.uleb128 0x27
 1947 017d 19       		.uleb128 0x19
 1948 017e 11       		.uleb128 0x11
 1949 017f 01       		.uleb128 0x1
 1950 0180 12       		.uleb128 0x12
 1951 0181 06       		.uleb128 0x6
 1952 0182 40       		.uleb128 0x40
 1953 0183 18       		.uleb128 0x18
 1954 0184 9742     		.uleb128 0x2117
 1955 0186 19       		.uleb128 0x19
 1956 0187 01       		.uleb128 0x1
 1957 0188 13       		.uleb128 0x13
 1958 0189 00       		.byte	0
 1959 018a 00       		.byte	0
 1960 018b 1A       		.uleb128 0x1a
 1961 018c 21       		.uleb128 0x21
 1962 018d 00       		.byte	0
 1963 018e 49       		.uleb128 0x49
 1964 018f 13       		.uleb128 0x13
 1965 0190 2F       		.uleb128 0x2f
 1966 0191 05       		.uleb128 0x5
 1967 0192 00       		.byte	0
 1968 0193 00       		.byte	0
ARM GAS  C:\Users\HYFI_A~1\AppData\Local\Temp\ccR4M9kv.s 			page 39


 1969 0194 1B       		.uleb128 0x1b
 1970 0195 34       		.uleb128 0x34
 1971 0196 00       		.byte	0
 1972 0197 03       		.uleb128 0x3
 1973 0198 0E       		.uleb128 0xe
 1974 0199 3A       		.uleb128 0x3a
 1975 019a 0B       		.uleb128 0xb
 1976 019b 3B       		.uleb128 0x3b
 1977 019c 05       		.uleb128 0x5
 1978 019d 49       		.uleb128 0x49
 1979 019e 13       		.uleb128 0x13
 1980 019f 3F       		.uleb128 0x3f
 1981 01a0 19       		.uleb128 0x19
 1982 01a1 3C       		.uleb128 0x3c
 1983 01a2 19       		.uleb128 0x19
 1984 01a3 00       		.byte	0
 1985 01a4 00       		.byte	0
 1986 01a5 1C       		.uleb128 0x1c
 1987 01a6 35       		.uleb128 0x35
 1988 01a7 00       		.byte	0
 1989 01a8 49       		.uleb128 0x49
 1990 01a9 13       		.uleb128 0x13
 1991 01aa 00       		.byte	0
 1992 01ab 00       		.byte	0
 1993 01ac 1D       		.uleb128 0x1d
 1994 01ad 34       		.uleb128 0x34
 1995 01ae 00       		.byte	0
 1996 01af 03       		.uleb128 0x3
 1997 01b0 0E       		.uleb128 0xe
 1998 01b1 3A       		.uleb128 0x3a
 1999 01b2 0B       		.uleb128 0xb
 2000 01b3 3B       		.uleb128 0x3b
 2001 01b4 0B       		.uleb128 0xb
 2002 01b5 49       		.uleb128 0x49
 2003 01b6 13       		.uleb128 0x13
 2004 01b7 3F       		.uleb128 0x3f
 2005 01b8 19       		.uleb128 0x19
 2006 01b9 02       		.uleb128 0x2
 2007 01ba 18       		.uleb128 0x18
 2008 01bb 00       		.byte	0
 2009 01bc 00       		.byte	0
 2010 01bd 00       		.byte	0
 2011              		.section	.debug_aranges,"",%progbits
 2012 0000 5C000000 		.4byte	0x5c
 2013 0004 0200     		.2byte	0x2
 2014 0006 00000000 		.4byte	.Ldebug_info0
 2015 000a 04       		.byte	0x4
 2016 000b 00       		.byte	0
 2017 000c 0000     		.2byte	0
 2018 000e 0000     		.2byte	0
 2019 0010 00000000 		.4byte	.LFB64
 2020 0014 14000000 		.4byte	.LFE64-.LFB64
 2021 0018 00000000 		.4byte	.LFB65
 2022 001c 14000000 		.4byte	.LFE65-.LFB65
 2023 0020 00000000 		.4byte	.LFB66
 2024 0024 28000000 		.4byte	.LFE66-.LFB66
 2025 0028 00000000 		.4byte	.LFB67
ARM GAS  C:\Users\HYFI_A~1\AppData\Local\Temp\ccR4M9kv.s 			page 40


 2026 002c 70000000 		.4byte	.LFE67-.LFB67
 2027 0030 00000000 		.4byte	.LFB68
 2028 0034 1C010000 		.4byte	.LFE68-.LFB68
 2029 0038 00000000 		.4byte	.LFB69
 2030 003c C8000000 		.4byte	.LFE69-.LFB69
 2031 0040 00000000 		.4byte	.LFB70
 2032 0044 8E000000 		.4byte	.LFE70-.LFB70
 2033 0048 00000000 		.4byte	.LFB71
 2034 004c 98000000 		.4byte	.LFE71-.LFB71
 2035 0050 00000000 		.4byte	.LFB72
 2036 0054 2A000000 		.4byte	.LFE72-.LFB72
 2037 0058 00000000 		.4byte	0
 2038 005c 00000000 		.4byte	0
 2039              		.section	.debug_ranges,"",%progbits
 2040              	.Ldebug_ranges0:
 2041 0000 70000000 		.4byte	.LBB2
 2042 0004 C0000000 		.4byte	.LBE2
 2043 0008 D2000000 		.4byte	.LBB3
 2044 000c D4000000 		.4byte	.LBE3
 2045 0010 00000000 		.4byte	0
 2046 0014 00000000 		.4byte	0
 2047 0018 00000000 		.4byte	.LFB64
 2048 001c 14000000 		.4byte	.LFE64
 2049 0020 00000000 		.4byte	.LFB65
 2050 0024 14000000 		.4byte	.LFE65
 2051 0028 00000000 		.4byte	.LFB66
 2052 002c 28000000 		.4byte	.LFE66
 2053 0030 00000000 		.4byte	.LFB67
 2054 0034 70000000 		.4byte	.LFE67
 2055 0038 00000000 		.4byte	.LFB68
 2056 003c 1C010000 		.4byte	.LFE68
 2057 0040 00000000 		.4byte	.LFB69
 2058 0044 C8000000 		.4byte	.LFE69
 2059 0048 00000000 		.4byte	.LFB70
 2060 004c 8E000000 		.4byte	.LFE70
 2061 0050 00000000 		.4byte	.LFB71
 2062 0054 98000000 		.4byte	.LFE71
 2063 0058 00000000 		.4byte	.LFB72
 2064 005c 2A000000 		.4byte	.LFE72
 2065 0060 00000000 		.4byte	0
 2066 0064 00000000 		.4byte	0
 2067              		.section	.debug_line,"",%progbits
 2068              	.Ldebug_line0:
 2069 0000 AE020000 		.section	.debug_str,"MS",%progbits,1
 2069      0200A101 
 2069      00000201 
 2069      FB0E0D00 
 2069      01010101 
 2070              	.LASF67:
 2071 0000 75617274 		.ascii	"uart_chars\000"
 2071      5F636861 
 2071      727300
 2072              	.LASF32:
 2073 000b 6D6F6465 		.ascii	"model_id\000"
 2073      6C5F6964 
 2073      00
 2074              	.LASF65:
ARM GAS  C:\Users\HYFI_A~1\AppData\Local\Temp\ccR4M9kv.s 			page 41


 2075 0014 736F7274 		.ascii	"sort\000"
 2075      00
 2076              	.LASF31:
 2077 0019 73696D5F 		.ascii	"sim_id\000"
 2077      696400
 2078              	.LASF84:
 2079 0020 75617274 		.ascii	"uart_clear\000"
 2079      5F636C65 
 2079      617200
 2080              	.LASF51:
 2081 002b 7379735F 		.ascii	"sys_settings_t\000"
 2081      73657474 
 2081      696E6773 
 2081      5F7400
 2082              	.LASF64:
 2083 003a 6D656469 		.ascii	"median\000"
 2083      616E00
 2084              	.LASF2:
 2085 0041 73686F72 		.ascii	"short int\000"
 2085      7420696E 
 2085      7400
 2086              	.LASF68:
 2087 004b 6E756D5F 		.ascii	"num_chars\000"
 2087      63686172 
 2087      7300
 2088              	.LASF26:
 2089 0055 616C6C5F 		.ascii	"all_level_readings\000"
 2089      6C657665 
 2089      6C5F7265 
 2089      6164696E 
 2089      677300
 2090              	.LASF21:
 2091 0068 73697A65 		.ascii	"sizetype\000"
 2091      74797065 
 2091      00
 2092              	.LASF46:
 2093 0071 65705F68 		.ascii	"ep_host\000"
 2093      6F737400 
 2094              	.LASF81:
 2095 0079 474E5520 		.ascii	"GNU C11 5.4.1 20160609 (release) [ARM/embedded-5-br"
 2095      43313120 
 2095      352E342E 
 2095      31203230 
 2095      31363036 
 2096 00ac 616E6368 		.ascii	"anch revision 237715] -mcpu=cortex-m3 -mthumb -g -O"
 2096      20726576 
 2096      6973696F 
 2096      6E203233 
 2096      37373135 
 2097 00df 30202D66 		.ascii	"0 -ffunction-sections -ffat-lto-objects\000"
 2097      66756E63 
 2097      74696F6E 
 2097      2D736563 
 2097      74696F6E 
 2098              	.LASF8:
 2099 0107 6C6F6E67 		.ascii	"long long int\000"
 2099      206C6F6E 
ARM GAS  C:\Users\HYFI_A~1\AppData\Local\Temp\ccR4M9kv.s 			page 42


 2099      6720696E 
 2099      7400
 2100              	.LASF78:
 2101 0115 64617461 		.ascii	"data\000"
 2101      00
 2102              	.LASF66:
 2103 011a 73776170 		.ascii	"swap\000"
 2103      00
 2104              	.LASF43:
 2105 011f 63686970 		.ascii	"chip_uniqueId\000"
 2105      5F756E69 
 2105      71756549 
 2105      6400
 2106              	.LASF80:
 2107 012d 73797374 		.ascii	"system_settings\000"
 2107      656D5F73 
 2107      65747469 
 2107      6E677300 
 2108              	.LASF39:
 2109 013d 76616C75 		.ascii	"value\000"
 2109      6500
 2110              	.LASF60:
 2111 0143 6C657665 		.ascii	"level_sensor_test\000"
 2111      6C5F7365 
 2111      6E736F72 
 2111      5F746573 
 2111      7400
 2112              	.LASF14:
 2113 0155 75696E74 		.ascii	"uint16\000"
 2113      313600
 2114              	.LASF11:
 2115 015c 75696E74 		.ascii	"uint8_t\000"
 2115      385F7400 
 2116              	.LASF77:
 2117 0164 64617461 		.ascii	"dataPointsInStack\000"
 2117      506F696E 
 2117      7473496E 
 2117      53746163 
 2117      6B00
 2118              	.LASF13:
 2119 0176 75696E74 		.ascii	"uint8\000"
 2119      3800
 2120              	.LASF69:
 2121 017c 6C696E65 		.ascii	"line\000"
 2121      00
 2122              	.LASF50:
 2123 0181 65705F64 		.ascii	"ep_database\000"
 2123      61746162 
 2123      61736500 
 2124              	.LASF48:
 2125 018d 65705F75 		.ascii	"ep_user\000"
 2125      73657200 
 2126              	.LASF40:
 2127 0195 74696D65 		.ascii	"timeStamp\000"
 2127      5374616D 
 2127      7000
 2128              	.LASF17:
ARM GAS  C:\Users\HYFI_A~1\AppData\Local\Temp\ccR4M9kv.s 			page 43


 2129 019f 666C6F61 		.ascii	"float\000"
 2129      7400
 2130              	.LASF16:
 2131 01a5 696E7433 		.ascii	"int32\000"
 2131      3200
 2132              	.LASF29:
 2133 01ab 6E756D5F 		.ascii	"num_invalid_readings\000"
 2133      696E7661 
 2133      6C69645F 
 2133      72656164 
 2133      696E6773 
 2134              	.LASF9:
 2135 01c0 6C6F6E67 		.ascii	"long long unsigned int\000"
 2135      206C6F6E 
 2135      6720756E 
 2135      7369676E 
 2135      65642069 
 2136              	.LASF15:
 2137 01d7 696E7431 		.ascii	"int16\000"
 2137      3600
 2138              	.LASF19:
 2139 01dd 63686172 		.ascii	"char\000"
 2139      00
 2140              	.LASF34:
 2141 01e2 6D6F6465 		.ascii	"modem_info_t\000"
 2141      6D5F696E 
 2141      666F5F74 
 2141      00
 2142              	.LASF24:
 2143 01ef 72656173 		.ascii	"reason\000"
 2143      6F6E00
 2144              	.LASF6:
 2145 01f6 6C6F6E67 		.ascii	"long int\000"
 2145      20696E74 
 2145      00
 2146              	.LASF42:
 2147 01ff 6D6F6465 		.ascii	"modem_info\000"
 2147      6D5F696E 
 2147      666F00
 2148              	.LASF71:
 2149 020a 70617474 		.ascii	"pattern\000"
 2149      65726E00 
 2150              	.LASF4:
 2151 0212 5F5F7569 		.ascii	"__uint8_t\000"
 2151      6E74385F 
 2151      7400
 2152              	.LASF53:
 2153 021c 75617274 		.ascii	"uart_len\000"
 2153      5F6C656E 
 2153      00
 2154              	.LASF85:
 2155 0225 66696E64 		.ascii	"find_median\000"
 2155      5F6D6564 
 2155      69616E00 
 2156              	.LASF20:
 2157 0231 6C6F6E67 		.ascii	"long double\000"
 2157      20646F75 
ARM GAS  C:\Users\HYFI_A~1\AppData\Local\Temp\ccR4M9kv.s 			page 44


 2157      626C6500 
 2158              	.LASF1:
 2159 023d 756E7369 		.ascii	"unsigned char\000"
 2159      676E6564 
 2159      20636861 
 2159      7200
 2160              	.LASF75:
 2161 024b 6D6F6465 		.ascii	"modem_start_time_stamp\000"
 2161      6D5F7374 
 2161      6172745F 
 2161      74696D65 
 2161      5F737461 
 2162              	.LASF54:
 2163 0262 4C657665 		.ascii	"Level_Sensor_ISR\000"
 2163      6C5F5365 
 2163      6E736F72 
 2163      5F495352 
 2163      00
 2164              	.LASF74:
 2165 0273 6D6F6465 		.ascii	"modem_state\000"
 2165      6D5F7374 
 2165      61746500 
 2166              	.LASF0:
 2167 027f 7369676E 		.ascii	"signed char\000"
 2167      65642063 
 2167      68617200 
 2168              	.LASF82:
 2169 028b 6C657665 		.ascii	"level_sensor.c\000"
 2169      6C5F7365 
 2169      6E736F72 
 2169      2E6300
 2170              	.LASF10:
 2171 029a 756E7369 		.ascii	"unsigned int\000"
 2171      676E6564 
 2171      20696E74 
 2171      00
 2172              	.LASF41:
 2173 02a7 6B65795F 		.ascii	"key_value_t\000"
 2173      76616C75 
 2173      655F7400 
 2174              	.LASF73:
 2175 02b3 64656275 		.ascii	"debug_string\000"
 2175      675F7374 
 2175      72696E67 
 2175      00
 2176              	.LASF76:
 2177 02c0 6D6F6465 		.ascii	"modem_stats\000"
 2177      6D5F7374 
 2177      61747300 
 2178              	.LASF44:
 2179 02cc 7379735F 		.ascii	"sys_info_t\000"
 2179      696E666F 
 2179      5F7400
 2180              	.LASF3:
 2181 02d7 73686F72 		.ascii	"short unsigned int\000"
 2181      7420756E 
 2181      7369676E 
ARM GAS  C:\Users\HYFI_A~1\AppData\Local\Temp\ccR4M9kv.s 			page 45


 2181      65642069 
 2181      6E7400
 2182              	.LASF36:
 2183 02ea 74696D65 		.ascii	"time_to_network_connect\000"
 2183      5F746F5F 
 2183      6E657477 
 2183      6F726B5F 
 2183      636F6E6E 
 2184              	.LASF23:
 2185 0302 73746174 		.ascii	"status\000"
 2185      757300
 2186              	.LASF55:
 2187 0309 6C657665 		.ascii	"level_sensor_take_reading\000"
 2187      6C5F7365 
 2187      6E736F72 
 2187      5F74616B 
 2187      655F7265 
 2188              	.LASF79:
 2189 0323 73797374 		.ascii	"system_info\000"
 2189      656D5F69 
 2189      6E666F00 
 2190              	.LASF37:
 2191 032f 74696D65 		.ascii	"time_to_acquire_ip\000"
 2191      5F746F5F 
 2191      61637175 
 2191      6972655F 
 2191      697000
 2192              	.LASF72:
 2193 0342 49544D5F 		.ascii	"ITM_RxBuffer\000"
 2193      52784275 
 2193      66666572 
 2193      00
 2194              	.LASF33:
 2195 034f 696D6569 		.ascii	"imei\000"
 2195      00
 2196              	.LASF12:
 2197 0354 696E7433 		.ascii	"int32_t\000"
 2197      325F7400 
 2198              	.LASF5:
 2199 035c 5F5F696E 		.ascii	"__int32_t\000"
 2199      7433325F 
 2199      7400
 2200              	.LASF38:
 2201 0366 6D6F6465 		.ascii	"modem_stats_t\000"
 2201      6D5F7374 
 2201      6174735F 
 2201      7400
 2202              	.LASF30:
 2203 0374 6C657665 		.ascii	"level_sensor_t\000"
 2203      6C5F7365 
 2203      6E736F72 
 2203      5F7400
 2204              	.LASF22:
 2205 0383 74657374 		.ascii	"test_name\000"
 2205      5F6E616D 
 2205      6500
 2206              	.LASF61:
ARM GAS  C:\Users\HYFI_A~1\AppData\Local\Temp\ccR4M9kv.s 			page 46


 2207 038d 74657374 		.ascii	"test\000"
 2207      00
 2208              	.LASF59:
 2209 0392 72656164 		.ascii	"reading\000"
 2209      696E6700 
 2210              	.LASF49:
 2211 039a 65705F70 		.ascii	"ep_pswd\000"
 2211      73776400 
 2212              	.LASF7:
 2213 03a2 6C6F6E67 		.ascii	"long unsigned int\000"
 2213      20756E73 
 2213      69676E65 
 2213      6420696E 
 2213      7400
 2214              	.LASF57:
 2215 03b4 6C657665 		.ascii	"level_sensor_output\000"
 2215      6C5F7365 
 2215      6E736F72 
 2215      5F6F7574 
 2215      70757400 
 2216              	.LASF18:
 2217 03c8 646F7562 		.ascii	"double\000"
 2217      6C6500
 2218              	.LASF63:
 2219 03cf 61727261 		.ascii	"array\000"
 2219      7900
 2220              	.LASF27:
 2221 03d5 6C657665 		.ascii	"level_reading\000"
 2221      6C5F7265 
 2221      6164696E 
 2221      6700
 2222              	.LASF70:
 2223 03e3 6D617463 		.ascii	"match\000"
 2223      6800
 2224              	.LASF56:
 2225 03e9 72785F63 		.ascii	"rx_char\000"
 2225      68617200 
 2226              	.LASF58:
 2227 03f1 746F6B65 		.ascii	"token\000"
 2227      6E00
 2228              	.LASF25:
 2229 03f7 74657374 		.ascii	"test_t\000"
 2229      5F7400
 2230              	.LASF45:
 2231 03fe 6E6F6465 		.ascii	"node_id\000"
 2231      5F696400 
 2232              	.LASF52:
 2233 0406 75617274 		.ascii	"uart_string\000"
 2233      5F737472 
 2233      696E6700 
 2234              	.LASF47:
 2235 0412 65705F70 		.ascii	"ep_port\000"
 2235      6F727400 
 2236              	.LASF28:
 2237 041a 6E756D5F 		.ascii	"num_valid_readings\000"
 2237      76616C69 
 2237      645F7265 
ARM GAS  C:\Users\HYFI_A~1\AppData\Local\Temp\ccR4M9kv.s 			page 47


 2237      6164696E 
 2237      677300
 2238              	.LASF83:
 2239 042d 433A5C55 		.ascii	"C:\\Users\\hyfi_admin\\Documents\\GitHub\\notoriOS\\"
 2239      73657273 
 2239      5C687966 
 2239      695F6164 
 2239      6D696E5C 
 2240 045b 6E6F746F 		.ascii	"notoriOS\\notoriOS.cydsn\000"
 2240      72694F53 
 2240      5C6E6F74 
 2240      6F72694F 
 2240      532E6379 
 2241              	.LASF35:
 2242 0473 72737369 		.ascii	"rssi\000"
 2242      00
 2243              	.LASF62:
 2244 0478 73656E73 		.ascii	"sensor\000"
 2244      6F7200
 2245              		.ident	"GCC: (GNU Tools for ARM Embedded Processors) 5.4.1 20160609 (release) [ARM/embedded-5-bran
