ARM GAS  C:\Users\bk\AppData\Local\Temp\ccIjJ0jw.s 			page 1


   1              		.syntax unified
   2              		.cpu cortex-m3
   3              		.fpu softvfp
   4              		.eabi_attribute 20, 1
   5              		.eabi_attribute 21, 1
   6              		.eabi_attribute 23, 3
   7              		.eabi_attribute 24, 1
   8              		.eabi_attribute 25, 1
   9              		.eabi_attribute 26, 1
  10              		.eabi_attribute 30, 6
  11              		.eabi_attribute 34, 1
  12              		.eabi_attribute 18, 4
  13              		.thumb
  14              		.syntax unified
  15              		.file	"modem.c"
  16              		.text
  17              	.Ltext0:
  18              		.cfi_sections	.debug_frame
  19              		.section	.text.modem_intilize,"ax",%progbits
  20              		.align	2
  21              		.global	modem_intilize
  22              		.thumb
  23              		.thumb_func
  24              		.type	modem_intilize, %function
  25              	modem_intilize:
  26              	.LFB63:
  27              		.file 1 "modem.c"
   1:modem.c       **** //Methods for Telit modem 
   2:modem.c       **** #include "modem.h"
   3:modem.c       **** #include "notoriOS.h"
   4:modem.c       **** 
   5:modem.c       **** void modem_intilize(){
  28              		.loc 1 5 0
  29              		.cfi_startproc
  30              		@ args = 0, pretend = 0, frame = 0
  31              		@ frame_needed = 1, uses_anonymous_args = 0
  32 0000 80B5     		push	{r7, lr}
  33              		.cfi_def_cfa_offset 8
  34              		.cfi_offset 7, -8
  35              		.cfi_offset 14, -4
  36 0002 00AF     		add	r7, sp, #0
  37              		.cfi_def_cfa_register 7
   6:modem.c       ****     //don't do much except make sure that all the modem pins are pulled low
   7:modem.c       ****     //also make sure that the TX PIN is fully disabled
   8:modem.c       ****     power_down();
  38              		.loc 1 8 0
  39 0004 FFF7FEFF 		bl	power_down
   9:modem.c       ****     
  10:modem.c       **** }
  40              		.loc 1 10 0
  41 0008 00BF     		nop
  42 000a 80BD     		pop	{r7, pc}
  43              		.cfi_endproc
  44              	.LFE63:
  45              		.size	modem_intilize, .-modem_intilize
  46              		.section	.text.power_down,"ax",%progbits
  47              		.align	2
ARM GAS  C:\Users\bk\AppData\Local\Temp\ccIjJ0jw.s 			page 2


  48              		.global	power_down
  49              		.thumb
  50              		.thumb_func
  51              		.type	power_down, %function
  52              	power_down:
  53              	.LFB64:
  11:modem.c       **** 
  12:modem.c       **** void power_down(){
  54              		.loc 1 12 0
  55              		.cfi_startproc
  56              		@ args = 0, pretend = 0, frame = 0
  57              		@ frame_needed = 1, uses_anonymous_args = 0
  58 0000 80B5     		push	{r7, lr}
  59              		.cfi_def_cfa_offset 8
  60              		.cfi_offset 7, -8
  61              		.cfi_offset 14, -4
  62 0002 00AF     		add	r7, sp, #0
  63              		.cfi_def_cfa_register 7
  13:modem.c       ****     Rx_Telit_SetDriveMode(PIN_DM_DIG_HIZ);
  64              		.loc 1 13 0
  65 0004 0220     		movs	r0, #2
  66 0006 FFF7FEFF 		bl	Rx_Telit_SetDriveMode
  14:modem.c       ****     Telit_ControlReg_Write(1u);
  67              		.loc 1 14 0
  68 000a 0120     		movs	r0, #1
  69 000c FFF7FEFF 		bl	Telit_ControlReg_Write
  15:modem.c       **** }
  70              		.loc 1 15 0
  71 0010 00BF     		nop
  72 0012 80BD     		pop	{r7, pc}
  73              		.cfi_endproc
  74              	.LFE64:
  75              		.size	power_down, .-power_down
  76              		.section	.text.power_up,"ax",%progbits
  77              		.align	2
  78              		.global	power_up
  79              		.thumb
  80              		.thumb_func
  81              		.type	power_up, %function
  82              	power_up:
  83              	.LFB65:
  16:modem.c       **** 
  17:modem.c       **** //this puts all the modem pints into a state that won't leak power
  18:modem.c       **** //pleasde call restore_pins() to bring them abck to function when they are needed for UART
  19:modem.c       **** void power_up(){
  84              		.loc 1 19 0
  85              		.cfi_startproc
  86              		@ args = 0, pretend = 0, frame = 0
  87              		@ frame_needed = 1, uses_anonymous_args = 0
  88 0000 80B5     		push	{r7, lr}
  89              		.cfi_def_cfa_offset 8
  90              		.cfi_offset 7, -8
  91              		.cfi_offset 14, -4
  92 0002 00AF     		add	r7, sp, #0
  93              		.cfi_def_cfa_register 7
  20:modem.c       ****    
  21:modem.c       ****    //set drive modes
ARM GAS  C:\Users\bk\AppData\Local\Temp\ccIjJ0jw.s 			page 3


  22:modem.c       ****    Telit_ControlReg_Write(0u);
  94              		.loc 1 22 0
  95 0004 0020     		movs	r0, #0
  96 0006 FFF7FEFF 		bl	Telit_ControlReg_Write
  23:modem.c       ****    Rx_Telit_SetDriveMode(PIN_DM_STRONG);
  97              		.loc 1 23 0
  98 000a 0C20     		movs	r0, #12
  99 000c FFF7FEFF 		bl	Rx_Telit_SetDriveMode
  24:modem.c       **** 
  25:modem.c       ****    //pull down all of these, just in case
  26:modem.c       ****    Pin_Telit_pwr_Write(OFF);
 100              		.loc 1 26 0
 101 0010 0020     		movs	r0, #0
 102 0012 FFF7FEFF 		bl	Pin_Telit_pwr_Write
  27:modem.c       ****    Rx_Telit_Write(OFF); 
 103              		.loc 1 27 0
 104 0016 0020     		movs	r0, #0
 105 0018 FFF7FEFF 		bl	Rx_Telit_Write
  28:modem.c       ****    Tx_Telit_Write(OFF);
 106              		.loc 1 28 0
 107 001c 0020     		movs	r0, #0
 108 001e FFF7FEFF 		bl	Tx_Telit_Write
  29:modem.c       ****    Pin_Telit_ONOFF_Write(OFF);
 109              		.loc 1 29 0
 110 0022 0020     		movs	r0, #0
 111 0024 FFF7FEFF 		bl	Pin_Telit_ONOFF_Write
  30:modem.c       ****    Pin_Telit_SWRDY_Write(OFF);
 112              		.loc 1 30 0
 113 0028 0020     		movs	r0, #0
 114 002a FFF7FEFF 		bl	Pin_Telit_SWRDY_Write
  31:modem.c       ****     
  32:modem.c       ****    
  33:modem.c       **** }
 115              		.loc 1 33 0
 116 002e 00BF     		nop
 117 0030 80BD     		pop	{r7, pc}
 118              		.cfi_endproc
 119              	.LFE65:
 120              		.size	power_up, .-power_up
 121 0032 00BF     		.text
 122              	.Letext0:
 123              		.file 2 "c:\\program files (x86)\\cypress\\psoc creator\\4.3\\psoc creator\\import\\gnu\\arm\\5.4.
 124              		.file 3 "c:\\program files (x86)\\cypress\\psoc creator\\4.3\\psoc creator\\import\\gnu\\arm\\5.4.
 125              		.file 4 "Generated_Source\\PSoC5/cytypes.h"
 126              		.file 5 "Generated_Source\\PSoC5/core_cm3.h"
 127              		.section	.debug_info,"",%progbits
 128              	.Ldebug_info0:
 129 0000 F1000000 		.4byte	0xf1
 130 0004 0400     		.2byte	0x4
 131 0006 00000000 		.4byte	.Ldebug_abbrev0
 132 000a 04       		.byte	0x4
 133 000b 01       		.uleb128 0x1
 134 000c 72000000 		.4byte	.LASF20
 135 0010 0C       		.byte	0xc
 136 0011 39000000 		.4byte	.LASF21
 137 0015 34010000 		.4byte	.LASF22
 138 0019 00000000 		.4byte	.Ldebug_ranges0+0
ARM GAS  C:\Users\bk\AppData\Local\Temp\ccIjJ0jw.s 			page 4


 139 001d 00000000 		.4byte	0
 140 0021 00000000 		.4byte	.Ldebug_line0
 141 0025 02       		.uleb128 0x2
 142 0026 01       		.byte	0x1
 143 0027 06       		.byte	0x6
 144 0028 8A010000 		.4byte	.LASF0
 145 002c 02       		.uleb128 0x2
 146 002d 01       		.byte	0x1
 147 002e 08       		.byte	0x8
 148 002f 00010000 		.4byte	.LASF1
 149 0033 02       		.uleb128 0x2
 150 0034 02       		.byte	0x2
 151 0035 05       		.byte	0x5
 152 0036 B2010000 		.4byte	.LASF2
 153 003a 02       		.uleb128 0x2
 154 003b 02       		.byte	0x2
 155 003c 07       		.byte	0x7
 156 003d 0E000000 		.4byte	.LASF3
 157 0041 03       		.uleb128 0x3
 158 0042 A2010000 		.4byte	.LASF9
 159 0046 02       		.byte	0x2
 160 0047 3F       		.byte	0x3f
 161 0048 4C000000 		.4byte	0x4c
 162 004c 02       		.uleb128 0x2
 163 004d 04       		.byte	0x4
 164 004e 05       		.byte	0x5
 165 004f 1A010000 		.4byte	.LASF4
 166 0053 02       		.uleb128 0x2
 167 0054 04       		.byte	0x4
 168 0055 07       		.byte	0x7
 169 0056 49000000 		.4byte	.LASF5
 170 005a 02       		.uleb128 0x2
 171 005b 08       		.byte	0x8
 172 005c 05       		.byte	0x5
 173 005d 00000000 		.4byte	.LASF6
 174 0061 02       		.uleb128 0x2
 175 0062 08       		.byte	0x8
 176 0063 07       		.byte	0x7
 177 0064 5B000000 		.4byte	.LASF7
 178 0068 04       		.uleb128 0x4
 179 0069 04       		.byte	0x4
 180 006a 05       		.byte	0x5
 181 006b 696E7400 		.ascii	"int\000"
 182 006f 02       		.uleb128 0x2
 183 0070 04       		.byte	0x4
 184 0071 07       		.byte	0x7
 185 0072 BC010000 		.4byte	.LASF8
 186 0076 03       		.uleb128 0x3
 187 0077 41000000 		.4byte	.LASF10
 188 007b 03       		.byte	0x3
 189 007c 2C       		.byte	0x2c
 190 007d 41000000 		.4byte	0x41
 191 0081 05       		.uleb128 0x5
 192 0082 2E010000 		.4byte	.LASF11
 193 0086 04       		.byte	0x4
 194 0087 E401     		.2byte	0x1e4
 195 0089 2C000000 		.4byte	0x2c
ARM GAS  C:\Users\bk\AppData\Local\Temp\ccIjJ0jw.s 			page 5


 196 008d 02       		.uleb128 0x2
 197 008e 04       		.byte	0x4
 198 008f 04       		.byte	0x4
 199 0090 AC010000 		.4byte	.LASF12
 200 0094 02       		.uleb128 0x2
 201 0095 08       		.byte	0x8
 202 0096 04       		.byte	0x4
 203 0097 13010000 		.4byte	.LASF13
 204 009b 02       		.uleb128 0x2
 205 009c 01       		.byte	0x1
 206 009d 08       		.byte	0x8
 207 009e 0E010000 		.4byte	.LASF14
 208 00a2 02       		.uleb128 0x2
 209 00a3 08       		.byte	0x8
 210 00a4 04       		.byte	0x4
 211 00a5 96010000 		.4byte	.LASF15
 212 00a9 02       		.uleb128 0x2
 213 00aa 04       		.byte	0x4
 214 00ab 07       		.byte	0x7
 215 00ac C9010000 		.4byte	.LASF16
 216 00b0 06       		.uleb128 0x6
 217 00b1 21000000 		.4byte	.LASF17
 218 00b5 01       		.byte	0x1
 219 00b6 05       		.byte	0x5
 220 00b7 00000000 		.4byte	.LFB63
 221 00bb 0C000000 		.4byte	.LFE63-.LFB63
 222 00bf 01       		.uleb128 0x1
 223 00c0 9C       		.byte	0x9c
 224 00c1 06       		.uleb128 0x6
 225 00c2 23010000 		.4byte	.LASF18
 226 00c6 01       		.byte	0x1
 227 00c7 0C       		.byte	0xc
 228 00c8 00000000 		.4byte	.LFB64
 229 00cc 14000000 		.4byte	.LFE64-.LFB64
 230 00d0 01       		.uleb128 0x1
 231 00d1 9C       		.byte	0x9c
 232 00d2 06       		.uleb128 0x6
 233 00d3 30000000 		.4byte	.LASF19
 234 00d7 01       		.byte	0x1
 235 00d8 13       		.byte	0x13
 236 00d9 00000000 		.4byte	.LFB65
 237 00dd 32000000 		.4byte	.LFE65-.LFB65
 238 00e1 01       		.uleb128 0x1
 239 00e2 9C       		.byte	0x9c
 240 00e3 07       		.uleb128 0x7
 241 00e4 7D010000 		.4byte	.LASF23
 242 00e8 05       		.byte	0x5
 243 00e9 1207     		.2byte	0x712
 244 00eb EF000000 		.4byte	0xef
 245 00ef 08       		.uleb128 0x8
 246 00f0 76000000 		.4byte	0x76
 247 00f4 00       		.byte	0
 248              		.section	.debug_abbrev,"",%progbits
 249              	.Ldebug_abbrev0:
 250 0000 01       		.uleb128 0x1
 251 0001 11       		.uleb128 0x11
 252 0002 01       		.byte	0x1
ARM GAS  C:\Users\bk\AppData\Local\Temp\ccIjJ0jw.s 			page 6


 253 0003 25       		.uleb128 0x25
 254 0004 0E       		.uleb128 0xe
 255 0005 13       		.uleb128 0x13
 256 0006 0B       		.uleb128 0xb
 257 0007 03       		.uleb128 0x3
 258 0008 0E       		.uleb128 0xe
 259 0009 1B       		.uleb128 0x1b
 260 000a 0E       		.uleb128 0xe
 261 000b 55       		.uleb128 0x55
 262 000c 17       		.uleb128 0x17
 263 000d 11       		.uleb128 0x11
 264 000e 01       		.uleb128 0x1
 265 000f 10       		.uleb128 0x10
 266 0010 17       		.uleb128 0x17
 267 0011 00       		.byte	0
 268 0012 00       		.byte	0
 269 0013 02       		.uleb128 0x2
 270 0014 24       		.uleb128 0x24
 271 0015 00       		.byte	0
 272 0016 0B       		.uleb128 0xb
 273 0017 0B       		.uleb128 0xb
 274 0018 3E       		.uleb128 0x3e
 275 0019 0B       		.uleb128 0xb
 276 001a 03       		.uleb128 0x3
 277 001b 0E       		.uleb128 0xe
 278 001c 00       		.byte	0
 279 001d 00       		.byte	0
 280 001e 03       		.uleb128 0x3
 281 001f 16       		.uleb128 0x16
 282 0020 00       		.byte	0
 283 0021 03       		.uleb128 0x3
 284 0022 0E       		.uleb128 0xe
 285 0023 3A       		.uleb128 0x3a
 286 0024 0B       		.uleb128 0xb
 287 0025 3B       		.uleb128 0x3b
 288 0026 0B       		.uleb128 0xb
 289 0027 49       		.uleb128 0x49
 290 0028 13       		.uleb128 0x13
 291 0029 00       		.byte	0
 292 002a 00       		.byte	0
 293 002b 04       		.uleb128 0x4
 294 002c 24       		.uleb128 0x24
 295 002d 00       		.byte	0
 296 002e 0B       		.uleb128 0xb
 297 002f 0B       		.uleb128 0xb
 298 0030 3E       		.uleb128 0x3e
 299 0031 0B       		.uleb128 0xb
 300 0032 03       		.uleb128 0x3
 301 0033 08       		.uleb128 0x8
 302 0034 00       		.byte	0
 303 0035 00       		.byte	0
 304 0036 05       		.uleb128 0x5
 305 0037 16       		.uleb128 0x16
 306 0038 00       		.byte	0
 307 0039 03       		.uleb128 0x3
 308 003a 0E       		.uleb128 0xe
 309 003b 3A       		.uleb128 0x3a
ARM GAS  C:\Users\bk\AppData\Local\Temp\ccIjJ0jw.s 			page 7


 310 003c 0B       		.uleb128 0xb
 311 003d 3B       		.uleb128 0x3b
 312 003e 05       		.uleb128 0x5
 313 003f 49       		.uleb128 0x49
 314 0040 13       		.uleb128 0x13
 315 0041 00       		.byte	0
 316 0042 00       		.byte	0
 317 0043 06       		.uleb128 0x6
 318 0044 2E       		.uleb128 0x2e
 319 0045 00       		.byte	0
 320 0046 3F       		.uleb128 0x3f
 321 0047 19       		.uleb128 0x19
 322 0048 03       		.uleb128 0x3
 323 0049 0E       		.uleb128 0xe
 324 004a 3A       		.uleb128 0x3a
 325 004b 0B       		.uleb128 0xb
 326 004c 3B       		.uleb128 0x3b
 327 004d 0B       		.uleb128 0xb
 328 004e 11       		.uleb128 0x11
 329 004f 01       		.uleb128 0x1
 330 0050 12       		.uleb128 0x12
 331 0051 06       		.uleb128 0x6
 332 0052 40       		.uleb128 0x40
 333 0053 18       		.uleb128 0x18
 334 0054 9642     		.uleb128 0x2116
 335 0056 19       		.uleb128 0x19
 336 0057 00       		.byte	0
 337 0058 00       		.byte	0
 338 0059 07       		.uleb128 0x7
 339 005a 34       		.uleb128 0x34
 340 005b 00       		.byte	0
 341 005c 03       		.uleb128 0x3
 342 005d 0E       		.uleb128 0xe
 343 005e 3A       		.uleb128 0x3a
 344 005f 0B       		.uleb128 0xb
 345 0060 3B       		.uleb128 0x3b
 346 0061 05       		.uleb128 0x5
 347 0062 49       		.uleb128 0x49
 348 0063 13       		.uleb128 0x13
 349 0064 3F       		.uleb128 0x3f
 350 0065 19       		.uleb128 0x19
 351 0066 3C       		.uleb128 0x3c
 352 0067 19       		.uleb128 0x19
 353 0068 00       		.byte	0
 354 0069 00       		.byte	0
 355 006a 08       		.uleb128 0x8
 356 006b 35       		.uleb128 0x35
 357 006c 00       		.byte	0
 358 006d 49       		.uleb128 0x49
 359 006e 13       		.uleb128 0x13
 360 006f 00       		.byte	0
 361 0070 00       		.byte	0
 362 0071 00       		.byte	0
 363              		.section	.debug_aranges,"",%progbits
 364 0000 2C000000 		.4byte	0x2c
 365 0004 0200     		.2byte	0x2
 366 0006 00000000 		.4byte	.Ldebug_info0
ARM GAS  C:\Users\bk\AppData\Local\Temp\ccIjJ0jw.s 			page 8


 367 000a 04       		.byte	0x4
 368 000b 00       		.byte	0
 369 000c 0000     		.2byte	0
 370 000e 0000     		.2byte	0
 371 0010 00000000 		.4byte	.LFB63
 372 0014 0C000000 		.4byte	.LFE63-.LFB63
 373 0018 00000000 		.4byte	.LFB64
 374 001c 14000000 		.4byte	.LFE64-.LFB64
 375 0020 00000000 		.4byte	.LFB65
 376 0024 32000000 		.4byte	.LFE65-.LFB65
 377 0028 00000000 		.4byte	0
 378 002c 00000000 		.4byte	0
 379              		.section	.debug_ranges,"",%progbits
 380              	.Ldebug_ranges0:
 381 0000 00000000 		.4byte	.LFB63
 382 0004 0C000000 		.4byte	.LFE63
 383 0008 00000000 		.4byte	.LFB64
 384 000c 14000000 		.4byte	.LFE64
 385 0010 00000000 		.4byte	.LFB65
 386 0014 32000000 		.4byte	.LFE65
 387 0018 00000000 		.4byte	0
 388 001c 00000000 		.4byte	0
 389              		.section	.debug_line,"",%progbits
 390              	.Ldebug_line0:
 391 0000 8B010000 		.section	.debug_str,"MS",%progbits,1
 391      02004D01 
 391      00000201 
 391      FB0E0D00 
 391      01010101 
 392              	.LASF6:
 393 0000 6C6F6E67 		.ascii	"long long int\000"
 393      206C6F6E 
 393      6720696E 
 393      7400
 394              	.LASF3:
 395 000e 73686F72 		.ascii	"short unsigned int\000"
 395      7420756E 
 395      7369676E 
 395      65642069 
 395      6E7400
 396              	.LASF17:
 397 0021 6D6F6465 		.ascii	"modem_intilize\000"
 397      6D5F696E 
 397      74696C69 
 397      7A6500
 398              	.LASF19:
 399 0030 706F7765 		.ascii	"power_up\000"
 399      725F7570 
 399      00
 400              	.LASF21:
 401 0039 6D6F6465 		.ascii	"modem.c\000"
 401      6D2E6300 
 402              	.LASF10:
 403 0041 696E7433 		.ascii	"int32_t\000"
 403      325F7400 
 404              	.LASF5:
 405 0049 6C6F6E67 		.ascii	"long unsigned int\000"
ARM GAS  C:\Users\bk\AppData\Local\Temp\ccIjJ0jw.s 			page 9


 405      20756E73 
 405      69676E65 
 405      6420696E 
 405      7400
 406              	.LASF7:
 407 005b 6C6F6E67 		.ascii	"long long unsigned int\000"
 407      206C6F6E 
 407      6720756E 
 407      7369676E 
 407      65642069 
 408              	.LASF20:
 409 0072 474E5520 		.ascii	"GNU C11 5.4.1 20160609 (release) [ARM/embedded-5-br"
 409      43313120 
 409      352E342E 
 409      31203230 
 409      31363036 
 410 00a5 616E6368 		.ascii	"anch revision 237715] -mcpu=cortex-m3 -mthumb -g -O"
 410      20726576 
 410      6973696F 
 410      6E203233 
 410      37373135 
 411 00d8 30202D66 		.ascii	"0 -ffunction-sections -ffat-lto-objects\000"
 411      66756E63 
 411      74696F6E 
 411      2D736563 
 411      74696F6E 
 412              	.LASF1:
 413 0100 756E7369 		.ascii	"unsigned char\000"
 413      676E6564 
 413      20636861 
 413      7200
 414              	.LASF14:
 415 010e 63686172 		.ascii	"char\000"
 415      00
 416              	.LASF13:
 417 0113 646F7562 		.ascii	"double\000"
 417      6C6500
 418              	.LASF4:
 419 011a 6C6F6E67 		.ascii	"long int\000"
 419      20696E74 
 419      00
 420              	.LASF18:
 421 0123 706F7765 		.ascii	"power_down\000"
 421      725F646F 
 421      776E00
 422              	.LASF11:
 423 012e 75696E74 		.ascii	"uint8\000"
 423      3800
 424              	.LASF22:
 425 0134 433A5C55 		.ascii	"C:\\Users\\bk\\Documents\\GitHub\\Open Storm\\notor"
 425      73657273 
 425      5C626B5C 
 425      446F6375 
 425      6D656E74 
 426 0161 694F535C 		.ascii	"iOS\\notoriOS\\notoriOS.cydsn\000"
 426      6E6F746F 
 426      72694F53 
ARM GAS  C:\Users\bk\AppData\Local\Temp\ccIjJ0jw.s 			page 10


 426      5C6E6F74 
 426      6F72694F 
 427              	.LASF23:
 428 017d 49544D5F 		.ascii	"ITM_RxBuffer\000"
 428      52784275 
 428      66666572 
 428      00
 429              	.LASF0:
 430 018a 7369676E 		.ascii	"signed char\000"
 430      65642063 
 430      68617200 
 431              	.LASF15:
 432 0196 6C6F6E67 		.ascii	"long double\000"
 432      20646F75 
 432      626C6500 
 433              	.LASF9:
 434 01a2 5F5F696E 		.ascii	"__int32_t\000"
 434      7433325F 
 434      7400
 435              	.LASF12:
 436 01ac 666C6F61 		.ascii	"float\000"
 436      7400
 437              	.LASF2:
 438 01b2 73686F72 		.ascii	"short int\000"
 438      7420696E 
 438      7400
 439              	.LASF8:
 440 01bc 756E7369 		.ascii	"unsigned int\000"
 440      676E6564 
 440      20696E74 
 440      00
 441              	.LASF16:
 442 01c9 73697A65 		.ascii	"sizetype\000"
 442      74797065 
 442      00
 443              		.ident	"GCC: (GNU Tools for ARM Embedded Processors) 5.4.1 20160609 (release) [ARM/embedded-5-bran
