<<<<<<< HEAD
ARM GAS  C:\Users\bk\AppData\Local\Temp\ccy39PD8.s 			page 1
=======
ARM GAS  C:\Users\bk\AppData\Local\Temp\cc3nQt1S.s 			page 1
>>>>>>> parent of bb45d96... Sleep power downt to 20uA


   1              		.syntax unified
   2              		.cpu cortex-m3
   3              		.fpu softvfp
   4              		.eabi_attribute 20, 1
   5              		.eabi_attribute 21, 1
   6              		.eabi_attribute 23, 3
   7              		.eabi_attribute 24, 1
   8              		.eabi_attribute 25, 1
   9              		.eabi_attribute 26, 1
  10              		.eabi_attribute 30, 6
  11              		.eabi_attribute 34, 1
  12              		.eabi_attribute 18, 4
  13              		.thumb
  14              		.syntax unified
  15              		.file	"Power_VBAT1.c"
  16              		.text
  17              	.Ltext0:
  18              		.cfi_sections	.debug_frame
  19              		.section	.text.Power_VBAT1_Write,"ax",%progbits
  20              		.align	2
  21              		.global	Power_VBAT1_Write
  22              		.thumb
  23              		.thumb_func
  24              		.type	Power_VBAT1_Write, %function
  25              	Power_VBAT1_Write:
  26              	.LFB0:
  27              		.file 1 "Generated_Source\\PSoC5\\Power_VBAT1.c"
   1:Generated_Source\PSoC5/Power_VBAT1.c **** /*******************************************************************************
   2:Generated_Source\PSoC5/Power_VBAT1.c **** * File Name: Power_VBAT1.c  
   3:Generated_Source\PSoC5/Power_VBAT1.c **** * Version 2.20
   4:Generated_Source\PSoC5/Power_VBAT1.c **** *
   5:Generated_Source\PSoC5/Power_VBAT1.c **** * Description:
   6:Generated_Source\PSoC5/Power_VBAT1.c **** *  This file contains API to enable firmware control of a Pins component.
   7:Generated_Source\PSoC5/Power_VBAT1.c **** *
   8:Generated_Source\PSoC5/Power_VBAT1.c **** * Note:
   9:Generated_Source\PSoC5/Power_VBAT1.c **** *
  10:Generated_Source\PSoC5/Power_VBAT1.c **** ********************************************************************************
  11:Generated_Source\PSoC5/Power_VBAT1.c **** * Copyright 2008-2015, Cypress Semiconductor Corporation.  All rights reserved.
  12:Generated_Source\PSoC5/Power_VBAT1.c **** * You may use this file only in accordance with the license, terms, conditions, 
  13:Generated_Source\PSoC5/Power_VBAT1.c **** * disclaimers, and limitations in the end user license agreement accompanying 
  14:Generated_Source\PSoC5/Power_VBAT1.c **** * the software package with which this file was provided.
  15:Generated_Source\PSoC5/Power_VBAT1.c **** *******************************************************************************/
  16:Generated_Source\PSoC5/Power_VBAT1.c **** 
  17:Generated_Source\PSoC5/Power_VBAT1.c **** #include "cytypes.h"
  18:Generated_Source\PSoC5/Power_VBAT1.c **** #include "Power_VBAT1.h"
  19:Generated_Source\PSoC5/Power_VBAT1.c **** 
  20:Generated_Source\PSoC5/Power_VBAT1.c **** /* APIs are not generated for P15[7:6] on PSoC 5 */
  21:Generated_Source\PSoC5/Power_VBAT1.c **** #if !(CY_PSOC5A &&\
  22:Generated_Source\PSoC5/Power_VBAT1.c **** 	 Power_VBAT1__PORT == 15 && ((Power_VBAT1__MASK & 0xC0) != 0))
  23:Generated_Source\PSoC5/Power_VBAT1.c **** 
  24:Generated_Source\PSoC5/Power_VBAT1.c **** 
  25:Generated_Source\PSoC5/Power_VBAT1.c **** /*******************************************************************************
  26:Generated_Source\PSoC5/Power_VBAT1.c **** * Function Name: Power_VBAT1_Write
  27:Generated_Source\PSoC5/Power_VBAT1.c **** ****************************************************************************//**
  28:Generated_Source\PSoC5/Power_VBAT1.c **** *
  29:Generated_Source\PSoC5/Power_VBAT1.c **** * \brief Writes the value to the physical port (data output register), masking
  30:Generated_Source\PSoC5/Power_VBAT1.c **** *  and shifting the bits appropriately. 
<<<<<<< HEAD
ARM GAS  C:\Users\bk\AppData\Local\Temp\ccy39PD8.s 			page 2
=======
ARM GAS  C:\Users\bk\AppData\Local\Temp\cc3nQt1S.s 			page 2
>>>>>>> parent of bb45d96... Sleep power downt to 20uA


  31:Generated_Source\PSoC5/Power_VBAT1.c **** *
  32:Generated_Source\PSoC5/Power_VBAT1.c **** * The data output register controls the signal applied to the physical pin in 
  33:Generated_Source\PSoC5/Power_VBAT1.c **** * conjunction with the drive mode parameter. This function avoids changing 
  34:Generated_Source\PSoC5/Power_VBAT1.c **** * other bits in the port by using the appropriate method (read-modify-write or
  35:Generated_Source\PSoC5/Power_VBAT1.c **** * bit banding).
  36:Generated_Source\PSoC5/Power_VBAT1.c **** *
  37:Generated_Source\PSoC5/Power_VBAT1.c **** * <b>Note</b> This function should not be used on a hardware digital output pin 
  38:Generated_Source\PSoC5/Power_VBAT1.c **** * as it is driven by the hardware signal attached to it.
  39:Generated_Source\PSoC5/Power_VBAT1.c **** *
  40:Generated_Source\PSoC5/Power_VBAT1.c **** * \param value
  41:Generated_Source\PSoC5/Power_VBAT1.c **** *  Value to write to the component instance.
  42:Generated_Source\PSoC5/Power_VBAT1.c **** *
  43:Generated_Source\PSoC5/Power_VBAT1.c **** * \return 
  44:Generated_Source\PSoC5/Power_VBAT1.c **** *  None 
  45:Generated_Source\PSoC5/Power_VBAT1.c **** *
  46:Generated_Source\PSoC5/Power_VBAT1.c **** * \sideeffect
  47:Generated_Source\PSoC5/Power_VBAT1.c **** *  If you use read-modify-write operations that are not atomic; the Interrupt 
  48:Generated_Source\PSoC5/Power_VBAT1.c **** *  Service Routines (ISR) can cause corruption of this function. An ISR that 
  49:Generated_Source\PSoC5/Power_VBAT1.c **** *  interrupts this function and performs writes to the Pins component data 
  50:Generated_Source\PSoC5/Power_VBAT1.c **** *  register can cause corrupted port data. To avoid this issue, you should 
  51:Generated_Source\PSoC5/Power_VBAT1.c **** *  either use the Per-Pin APIs (primary method) or disable interrupts around 
  52:Generated_Source\PSoC5/Power_VBAT1.c **** *  this function.
  53:Generated_Source\PSoC5/Power_VBAT1.c **** *
  54:Generated_Source\PSoC5/Power_VBAT1.c **** * \funcusage
  55:Generated_Source\PSoC5/Power_VBAT1.c **** *  \snippet Power_VBAT1_SUT.c usage_Power_VBAT1_Write
  56:Generated_Source\PSoC5/Power_VBAT1.c **** *******************************************************************************/
  57:Generated_Source\PSoC5/Power_VBAT1.c **** void Power_VBAT1_Write(uint8 value)
  58:Generated_Source\PSoC5/Power_VBAT1.c **** {
  28              		.loc 1 58 0
  29              		.cfi_startproc
  30              		@ args = 0, pretend = 0, frame = 16
  31              		@ frame_needed = 1, uses_anonymous_args = 0
  32              		@ link register save eliminated.
  33 0000 80B4     		push	{r7}
  34              		.cfi_def_cfa_offset 4
  35              		.cfi_offset 7, -4
  36 0002 85B0     		sub	sp, sp, #20
  37              		.cfi_def_cfa_offset 24
  38 0004 00AF     		add	r7, sp, #0
  39              		.cfi_def_cfa_register 7
  40 0006 0346     		mov	r3, r0
  41 0008 FB71     		strb	r3, [r7, #7]
  59:Generated_Source\PSoC5/Power_VBAT1.c ****     uint8 staticBits = (Power_VBAT1_DR & (uint8)(~Power_VBAT1_MASK));
  42              		.loc 1 59 0
  43 000a 0A4B     		ldr	r3, .L2
  44 000c 1B78     		ldrb	r3, [r3]
  45 000e DBB2     		uxtb	r3, r3
  46 0010 23F00103 		bic	r3, r3, #1
  47 0014 FB73     		strb	r3, [r7, #15]
  60:Generated_Source\PSoC5/Power_VBAT1.c ****     Power_VBAT1_DR = staticBits | ((uint8)(value << Power_VBAT1_SHIFT) & Power_VBAT1_MASK);
<<<<<<< HEAD
  48              		.loc 1 60 0
  49 0016 0749     		ldr	r1, .L2
  50 0018 FB79     		ldrb	r3, [r7, #7]
  51 001a 03F00103 		and	r3, r3, #1
  52 001e DAB2     		uxtb	r2, r3
  53 0020 FB7B     		ldrb	r3, [r7, #15]
  54 0022 1343     		orrs	r3, r3, r2
ARM GAS  C:\Users\bk\AppData\Local\Temp\ccy39PD8.s 			page 3
=======
  39              		.loc 1 60 0
  40 0008 00F00100 		and	r0, r0, #1
  41              	.LVL2:
  42 000c 1843     		orrs	r0, r0, r3
  43 000e 1070     		strb	r0, [r2]
  44 0010 7047     		bx	lr
  45              	.L3:
  46 0012 00BF     		.align	2
  47              	.L2:
  48 0014 C0510040 		.word	1073762752
  49              		.cfi_endproc
  50              	.LFE0:
  51              		.size	Power_VBAT1_Write, .-Power_VBAT1_Write
  52              		.section	.text.Power_VBAT1_SetDriveMode,"ax",%progbits
  53              		.align	2
  54              		.global	Power_VBAT1_SetDriveMode
ARM GAS  C:\Users\bk\AppData\Local\Temp\cc3nQt1S.s 			page 3
>>>>>>> parent of bb45d96... Sleep power downt to 20uA


  55 0024 DBB2     		uxtb	r3, r3
  56 0026 0B70     		strb	r3, [r1]
  61:Generated_Source\PSoC5/Power_VBAT1.c **** }
  57              		.loc 1 61 0
  58 0028 00BF     		nop
  59 002a 1437     		adds	r7, r7, #20
  60              		.cfi_def_cfa_offset 4
  61 002c BD46     		mov	sp, r7
  62              		.cfi_def_cfa_register 13
  63              		@ sp needed
  64 002e 80BC     		pop	{r7}
  65              		.cfi_restore 7
  66              		.cfi_def_cfa_offset 0
  67 0030 7047     		bx	lr
  68              	.L3:
  69 0032 00BF     		.align	2
  70              	.L2:
  71 0034 C0510040 		.word	1073762752
  72              		.cfi_endproc
  73              	.LFE0:
  74              		.size	Power_VBAT1_Write, .-Power_VBAT1_Write
  75              		.section	.text.Power_VBAT1_SetDriveMode,"ax",%progbits
  76              		.align	2
  77              		.global	Power_VBAT1_SetDriveMode
  78              		.thumb
  79              		.thumb_func
  80              		.type	Power_VBAT1_SetDriveMode, %function
  81              	Power_VBAT1_SetDriveMode:
  82              	.LFB1:
  62:Generated_Source\PSoC5/Power_VBAT1.c **** 
  63:Generated_Source\PSoC5/Power_VBAT1.c **** 
  64:Generated_Source\PSoC5/Power_VBAT1.c **** /*******************************************************************************
  65:Generated_Source\PSoC5/Power_VBAT1.c **** * Function Name: Power_VBAT1_SetDriveMode
  66:Generated_Source\PSoC5/Power_VBAT1.c **** ****************************************************************************//**
  67:Generated_Source\PSoC5/Power_VBAT1.c **** *
  68:Generated_Source\PSoC5/Power_VBAT1.c **** * \brief Sets the drive mode for each of the Pins component's pins.
  69:Generated_Source\PSoC5/Power_VBAT1.c **** * 
  70:Generated_Source\PSoC5/Power_VBAT1.c **** * <b>Note</b> This affects all pins in the Pins component instance. Use the
  71:Generated_Source\PSoC5/Power_VBAT1.c **** * Per-Pin APIs if you wish to control individual pin's drive modes.
  72:Generated_Source\PSoC5/Power_VBAT1.c **** *
  73:Generated_Source\PSoC5/Power_VBAT1.c **** * \param mode
  74:Generated_Source\PSoC5/Power_VBAT1.c **** *  Mode for the selected signals. Valid options are documented in 
  75:Generated_Source\PSoC5/Power_VBAT1.c **** *  \ref driveMode.
  76:Generated_Source\PSoC5/Power_VBAT1.c **** *
  77:Generated_Source\PSoC5/Power_VBAT1.c **** * \return
  78:Generated_Source\PSoC5/Power_VBAT1.c **** *  None
  79:Generated_Source\PSoC5/Power_VBAT1.c **** *
  80:Generated_Source\PSoC5/Power_VBAT1.c **** * \sideeffect
  81:Generated_Source\PSoC5/Power_VBAT1.c **** *  If you use read-modify-write operations that are not atomic, the ISR can
  82:Generated_Source\PSoC5/Power_VBAT1.c **** *  cause corruption of this function. An ISR that interrupts this function 
  83:Generated_Source\PSoC5/Power_VBAT1.c **** *  and performs writes to the Pins component Drive Mode registers can cause 
  84:Generated_Source\PSoC5/Power_VBAT1.c **** *  corrupted port data. To avoid this issue, you should either use the Per-Pin
  85:Generated_Source\PSoC5/Power_VBAT1.c **** *  APIs (primary method) or disable interrupts around this function.
  86:Generated_Source\PSoC5/Power_VBAT1.c **** *
  87:Generated_Source\PSoC5/Power_VBAT1.c **** * \funcusage
  88:Generated_Source\PSoC5/Power_VBAT1.c **** *  \snippet Power_VBAT1_SUT.c usage_Power_VBAT1_SetDriveMode
  89:Generated_Source\PSoC5/Power_VBAT1.c **** *******************************************************************************/
ARM GAS  C:\Users\bk\AppData\Local\Temp\ccy39PD8.s 			page 4


  90:Generated_Source\PSoC5/Power_VBAT1.c **** void Power_VBAT1_SetDriveMode(uint8 mode)
  91:Generated_Source\PSoC5/Power_VBAT1.c **** {
  83              		.loc 1 91 0
  84              		.cfi_startproc
  85              		@ args = 0, pretend = 0, frame = 8
  86              		@ frame_needed = 1, uses_anonymous_args = 0
  87              		@ link register save eliminated.
  88 0000 80B4     		push	{r7}
  89              		.cfi_def_cfa_offset 4
  90              		.cfi_offset 7, -4
  91 0002 83B0     		sub	sp, sp, #12
  92              		.cfi_def_cfa_offset 16
  93 0004 00AF     		add	r7, sp, #0
  94              		.cfi_def_cfa_register 7
  95 0006 0346     		mov	r3, r0
  96 0008 FB71     		strb	r3, [r7, #7]
  92:Generated_Source\PSoC5/Power_VBAT1.c **** 	CyPins_SetPinDriveMode(Power_VBAT1_0, mode);
<<<<<<< HEAD
  97              		.loc 1 92 0
  98 000a 0B49     		ldr	r1, .L5
  99 000c 0A4B     		ldr	r3, .L5
 100 000e 1B78     		ldrb	r3, [r3]
 101 0010 DBB2     		uxtb	r3, r3
 102 0012 5BB2     		sxtb	r3, r3
 103 0014 23F00E03 		bic	r3, r3, #14
 104 0018 5AB2     		sxtb	r2, r3
 105 001a 97F90730 		ldrsb	r3, [r7, #7]
 106 001e 03F00E03 		and	r3, r3, #14
 107 0022 5BB2     		sxtb	r3, r3
 108 0024 1343     		orrs	r3, r3, r2
 109 0026 5BB2     		sxtb	r3, r3
 110 0028 DBB2     		uxtb	r3, r3
 111 002a 0B70     		strb	r3, [r1]
  93:Generated_Source\PSoC5/Power_VBAT1.c **** }
 112              		.loc 1 93 0
 113 002c 00BF     		nop
 114 002e 0C37     		adds	r7, r7, #12
 115              		.cfi_def_cfa_offset 4
 116 0030 BD46     		mov	sp, r7
 117              		.cfi_def_cfa_register 13
 118              		@ sp needed
 119 0032 80BC     		pop	{r7}
 120              		.cfi_restore 7
 121              		.cfi_def_cfa_offset 0
 122 0034 7047     		bx	lr
 123              	.L6:
 124 0036 00BF     		.align	2
 125              	.L5:
 126 0038 60500040 		.word	1073762400
 127              		.cfi_endproc
 128              	.LFE1:
 129              		.size	Power_VBAT1_SetDriveMode, .-Power_VBAT1_SetDriveMode
 130              		.section	.text.Power_VBAT1_Read,"ax",%progbits
 131              		.align	2
 132              		.global	Power_VBAT1_Read
 133              		.thumb
 134              		.thumb_func
 135              		.type	Power_VBAT1_Read, %function
ARM GAS  C:\Users\bk\AppData\Local\Temp\ccy39PD8.s 			page 5
=======
  66              		.loc 1 92 0
  67 0000 044A     		ldr	r2, .L5
  68 0002 1378     		ldrb	r3, [r2]	@ zero_extendqisi2
  69 0004 03F0F103 		and	r3, r3, #241
  70 0008 00F00E00 		and	r0, r0, #14
  71              	.LVL4:
  72 000c 1843     		orrs	r0, r0, r3
  73 000e 1070     		strb	r0, [r2]
  74 0010 7047     		bx	lr
  75              	.L6:
  76 0012 00BF     		.align	2
  77              	.L5:
  78 0014 60500040 		.word	1073762400
  79              		.cfi_endproc
ARM GAS  C:\Users\bk\AppData\Local\Temp\cc3nQt1S.s 			page 4
>>>>>>> parent of bb45d96... Sleep power downt to 20uA


 136              	Power_VBAT1_Read:
 137              	.LFB2:
  94:Generated_Source\PSoC5/Power_VBAT1.c **** 
  95:Generated_Source\PSoC5/Power_VBAT1.c **** 
  96:Generated_Source\PSoC5/Power_VBAT1.c **** /*******************************************************************************
  97:Generated_Source\PSoC5/Power_VBAT1.c **** * Function Name: Power_VBAT1_Read
  98:Generated_Source\PSoC5/Power_VBAT1.c **** ****************************************************************************//**
  99:Generated_Source\PSoC5/Power_VBAT1.c **** *
 100:Generated_Source\PSoC5/Power_VBAT1.c **** * \brief Reads the associated physical port (pin status register) and masks 
 101:Generated_Source\PSoC5/Power_VBAT1.c **** *  the required bits according to the width and bit position of the component
 102:Generated_Source\PSoC5/Power_VBAT1.c **** *  instance. 
 103:Generated_Source\PSoC5/Power_VBAT1.c **** *
 104:Generated_Source\PSoC5/Power_VBAT1.c **** * The pin's status register returns the current logic level present on the 
 105:Generated_Source\PSoC5/Power_VBAT1.c **** * physical pin.
 106:Generated_Source\PSoC5/Power_VBAT1.c **** *
 107:Generated_Source\PSoC5/Power_VBAT1.c **** * \return 
 108:Generated_Source\PSoC5/Power_VBAT1.c **** *  The current value for the pins in the component as a right justified number.
 109:Generated_Source\PSoC5/Power_VBAT1.c **** *
 110:Generated_Source\PSoC5/Power_VBAT1.c **** * \funcusage
 111:Generated_Source\PSoC5/Power_VBAT1.c **** *  \snippet Power_VBAT1_SUT.c usage_Power_VBAT1_Read  
 112:Generated_Source\PSoC5/Power_VBAT1.c **** *******************************************************************************/
 113:Generated_Source\PSoC5/Power_VBAT1.c **** uint8 Power_VBAT1_Read(void)
 114:Generated_Source\PSoC5/Power_VBAT1.c **** {
 138              		.loc 1 114 0
 139              		.cfi_startproc
 140              		@ args = 0, pretend = 0, frame = 0
 141              		@ frame_needed = 1, uses_anonymous_args = 0
 142              		@ link register save eliminated.
 143 0000 80B4     		push	{r7}
 144              		.cfi_def_cfa_offset 4
 145              		.cfi_offset 7, -4
 146 0002 00AF     		add	r7, sp, #0
 147              		.cfi_def_cfa_register 7
 115:Generated_Source\PSoC5/Power_VBAT1.c ****     return (Power_VBAT1_PS & Power_VBAT1_MASK) >> Power_VBAT1_SHIFT;
 148              		.loc 1 115 0
 149 0004 044B     		ldr	r3, .L9
 150 0006 1B78     		ldrb	r3, [r3]
 151 0008 DBB2     		uxtb	r3, r3
 152 000a 03F00103 		and	r3, r3, #1
 153 000e DBB2     		uxtb	r3, r3
 116:Generated_Source\PSoC5/Power_VBAT1.c **** }
<<<<<<< HEAD
 154              		.loc 1 116 0
 155 0010 1846     		mov	r0, r3
 156 0012 BD46     		mov	sp, r7
 157              		.cfi_def_cfa_register 13
 158              		@ sp needed
 159 0014 80BC     		pop	{r7}
 160              		.cfi_restore 7
 161              		.cfi_def_cfa_offset 0
 162 0016 7047     		bx	lr
 163              	.L10:
 164              		.align	2
 165              	.L9:
 166 0018 C1510040 		.word	1073762753
 167              		.cfi_endproc
 168              	.LFE2:
 169              		.size	Power_VBAT1_Read, .-Power_VBAT1_Read
ARM GAS  C:\Users\bk\AppData\Local\Temp\ccy39PD8.s 			page 6
=======
  98              		.loc 1 116 0
  99 0004 00F00100 		and	r0, r0, #1
 100 0008 7047     		bx	lr
 101              	.L9:
 102 000a 00BF     		.align	2
 103              	.L8:
 104 000c C1510040 		.word	1073762753
 105              		.cfi_endproc
 106              	.LFE2:
 107              		.size	Power_VBAT1_Read, .-Power_VBAT1_Read
 108              		.section	.text.Power_VBAT1_ReadDataReg,"ax",%progbits
 109              		.align	2
 110              		.global	Power_VBAT1_ReadDataReg
 111              		.thumb
 112              		.thumb_func
ARM GAS  C:\Users\bk\AppData\Local\Temp\cc3nQt1S.s 			page 5
>>>>>>> parent of bb45d96... Sleep power downt to 20uA


 170              		.section	.text.Power_VBAT1_ReadDataReg,"ax",%progbits
 171              		.align	2
 172              		.global	Power_VBAT1_ReadDataReg
 173              		.thumb
 174              		.thumb_func
 175              		.type	Power_VBAT1_ReadDataReg, %function
 176              	Power_VBAT1_ReadDataReg:
 177              	.LFB3:
 117:Generated_Source\PSoC5/Power_VBAT1.c **** 
 118:Generated_Source\PSoC5/Power_VBAT1.c **** 
 119:Generated_Source\PSoC5/Power_VBAT1.c **** /*******************************************************************************
 120:Generated_Source\PSoC5/Power_VBAT1.c **** * Function Name: Power_VBAT1_ReadDataReg
 121:Generated_Source\PSoC5/Power_VBAT1.c **** ****************************************************************************//**
 122:Generated_Source\PSoC5/Power_VBAT1.c **** *
 123:Generated_Source\PSoC5/Power_VBAT1.c **** * \brief Reads the associated physical port's data output register and masks 
 124:Generated_Source\PSoC5/Power_VBAT1.c **** *  the correct bits according to the width and bit position of the component 
 125:Generated_Source\PSoC5/Power_VBAT1.c **** *  instance. 
 126:Generated_Source\PSoC5/Power_VBAT1.c **** *
 127:Generated_Source\PSoC5/Power_VBAT1.c **** * The data output register controls the signal applied to the physical pin in 
 128:Generated_Source\PSoC5/Power_VBAT1.c **** * conjunction with the drive mode parameter. This is not the same as the 
 129:Generated_Source\PSoC5/Power_VBAT1.c **** * preferred Power_VBAT1_Read() API because the 
 130:Generated_Source\PSoC5/Power_VBAT1.c **** * Power_VBAT1_ReadDataReg() reads the data register instead of the status 
 131:Generated_Source\PSoC5/Power_VBAT1.c **** * register. For output pins this is a useful function to determine the value 
 132:Generated_Source\PSoC5/Power_VBAT1.c **** * just written to the pin.
 133:Generated_Source\PSoC5/Power_VBAT1.c **** *
 134:Generated_Source\PSoC5/Power_VBAT1.c **** * \return 
 135:Generated_Source\PSoC5/Power_VBAT1.c **** *  The current value of the data register masked and shifted into a right 
 136:Generated_Source\PSoC5/Power_VBAT1.c **** *  justified number for the component instance.
 137:Generated_Source\PSoC5/Power_VBAT1.c **** *
 138:Generated_Source\PSoC5/Power_VBAT1.c **** * \funcusage
 139:Generated_Source\PSoC5/Power_VBAT1.c **** *  \snippet Power_VBAT1_SUT.c usage_Power_VBAT1_ReadDataReg 
 140:Generated_Source\PSoC5/Power_VBAT1.c **** *******************************************************************************/
 141:Generated_Source\PSoC5/Power_VBAT1.c **** uint8 Power_VBAT1_ReadDataReg(void)
 142:Generated_Source\PSoC5/Power_VBAT1.c **** {
 178              		.loc 1 142 0
 179              		.cfi_startproc
 180              		@ args = 0, pretend = 0, frame = 0
 181              		@ frame_needed = 1, uses_anonymous_args = 0
 182              		@ link register save eliminated.
 183 0000 80B4     		push	{r7}
 184              		.cfi_def_cfa_offset 4
 185              		.cfi_offset 7, -4
 186 0002 00AF     		add	r7, sp, #0
 187              		.cfi_def_cfa_register 7
 143:Generated_Source\PSoC5/Power_VBAT1.c ****     return (Power_VBAT1_DR & Power_VBAT1_MASK) >> Power_VBAT1_SHIFT;
 188              		.loc 1 143 0
 189 0004 044B     		ldr	r3, .L13
 190 0006 1B78     		ldrb	r3, [r3]
 191 0008 DBB2     		uxtb	r3, r3
 192 000a 03F00103 		and	r3, r3, #1
 193 000e DBB2     		uxtb	r3, r3
 144:Generated_Source\PSoC5/Power_VBAT1.c **** }
<<<<<<< HEAD
 194              		.loc 1 144 0
 195 0010 1846     		mov	r0, r3
 196 0012 BD46     		mov	sp, r7
 197              		.cfi_def_cfa_register 13
 198              		@ sp needed
ARM GAS  C:\Users\bk\AppData\Local\Temp\ccy39PD8.s 			page 7


 199 0014 80BC     		pop	{r7}
 200              		.cfi_restore 7
 201              		.cfi_def_cfa_offset 0
 202 0016 7047     		bx	lr
 203              	.L14:
 204              		.align	2
 205              	.L13:
 206 0018 C0510040 		.word	1073762752
 207              		.cfi_endproc
 208              	.LFE3:
 209              		.size	Power_VBAT1_ReadDataReg, .-Power_VBAT1_ReadDataReg
 210              		.text
 211              	.Letext0:
 212              		.file 2 "Generated_Source\\PSoC5\\cytypes.h"
 213              		.section	.debug_info,"",%progbits
 214              	.Ldebug_info0:
 215 0000 1A010000 		.4byte	0x11a
 216 0004 0400     		.2byte	0x4
 217 0006 00000000 		.4byte	.Ldebug_abbrev0
 218 000a 04       		.byte	0x4
 219 000b 01       		.uleb128 0x1
 220 000c 00000000 		.4byte	.LASF20
 221 0010 0C       		.byte	0xc
 222 0011 E2010000 		.4byte	.LASF21
 223 0015 D0000000 		.4byte	.LASF22
 224 0019 00000000 		.4byte	.Ldebug_ranges0+0
 225 001d 00000000 		.4byte	0
 226 0021 00000000 		.4byte	.Ldebug_line0
 227 0025 02       		.uleb128 0x2
 228 0026 01       		.byte	0x1
 229 0027 06       		.byte	0x6
 230 0028 D6010000 		.4byte	.LASF0
 231 002c 02       		.uleb128 0x2
 232 002d 01       		.byte	0x1
 233 002e 08       		.byte	0x8
 234 002f 19010000 		.4byte	.LASF1
 235 0033 02       		.uleb128 0x2
 236 0034 02       		.byte	0x2
 237 0035 05       		.byte	0x5
 238 0036 A5010000 		.4byte	.LASF2
 239 003a 02       		.uleb128 0x2
 240 003b 02       		.byte	0x2
 241 003c 07       		.byte	0x7
 242 003d 3E010000 		.4byte	.LASF3
 243 0041 02       		.uleb128 0x2
 244 0042 04       		.byte	0x4
 245 0043 05       		.byte	0x5
 246 0044 B5010000 		.4byte	.LASF4
 247 0048 02       		.uleb128 0x2
 248 0049 04       		.byte	0x4
 249 004a 07       		.byte	0x7
 250 004b 2C010000 		.4byte	.LASF5
 251 004f 02       		.uleb128 0x2
 252 0050 08       		.byte	0x8
 253 0051 05       		.byte	0x5
 254 0052 92010000 		.4byte	.LASF6
 255 0056 02       		.uleb128 0x2
ARM GAS  C:\Users\bk\AppData\Local\Temp\ccy39PD8.s 			page 8


 256 0057 08       		.byte	0x8
 257 0058 07       		.byte	0x7
 258 0059 65010000 		.4byte	.LASF7
 259 005d 03       		.uleb128 0x3
 260 005e 04       		.byte	0x4
 261 005f 05       		.byte	0x5
 262 0060 696E7400 		.ascii	"int\000"
 263 0064 02       		.uleb128 0x2
 264 0065 04       		.byte	0x4
 265 0066 07       		.byte	0x7
 266 0067 58010000 		.4byte	.LASF8
 267 006b 04       		.uleb128 0x4
 268 006c AF010000 		.4byte	.LASF12
 269 0070 02       		.byte	0x2
 270 0071 E401     		.2byte	0x1e4
 271 0073 2C000000 		.4byte	0x2c
 272 0077 02       		.uleb128 0x2
 273 0078 04       		.byte	0x4
 274 0079 04       		.byte	0x4
 275 007a CA000000 		.4byte	.LASF9
 276 007e 02       		.uleb128 0x2
 277 007f 08       		.byte	0x8
 278 0080 04       		.byte	0x4
 279 0081 51010000 		.4byte	.LASF10
 280 0085 02       		.uleb128 0x2
 281 0086 01       		.byte	0x1
 282 0087 08       		.byte	0x8
 283 0088 A0010000 		.4byte	.LASF11
 284 008c 04       		.uleb128 0x4
 285 008d 27010000 		.4byte	.LASF13
 286 0091 02       		.byte	0x2
 287 0092 8E02     		.2byte	0x28e
 288 0094 98000000 		.4byte	0x98
 289 0098 05       		.uleb128 0x5
 290 0099 6B000000 		.4byte	0x6b
 291 009d 06       		.uleb128 0x6
 292 009e 8E000000 		.4byte	.LASF14
 293 00a2 01       		.byte	0x1
 294 00a3 39       		.byte	0x39
 295 00a4 00000000 		.4byte	.LFB0
 296 00a8 38000000 		.4byte	.LFE0-.LFB0
 297 00ac 01       		.uleb128 0x1
 298 00ad 9C       		.byte	0x9c
 299 00ae CF000000 		.4byte	0xcf
 300 00b2 07       		.uleb128 0x7
 301 00b3 A0000000 		.4byte	.LASF16
 302 00b7 01       		.byte	0x1
 303 00b8 39       		.byte	0x39
 304 00b9 6B000000 		.4byte	0x6b
 305 00bd 02       		.uleb128 0x2
 306 00be 91       		.byte	0x91
 307 00bf 6F       		.sleb128 -17
 308 00c0 08       		.uleb128 0x8
 309 00c1 BF000000 		.4byte	.LASF23
 310 00c5 01       		.byte	0x1
 311 00c6 3B       		.byte	0x3b
 312 00c7 6B000000 		.4byte	0x6b
ARM GAS  C:\Users\bk\AppData\Local\Temp\ccy39PD8.s 			page 9


 313 00cb 02       		.uleb128 0x2
 314 00cc 91       		.byte	0x91
 315 00cd 77       		.sleb128 -9
 316 00ce 00       		.byte	0
 317 00cf 06       		.uleb128 0x6
 318 00d0 A6000000 		.4byte	.LASF15
 319 00d4 01       		.byte	0x1
 320 00d5 5A       		.byte	0x5a
 321 00d6 00000000 		.4byte	.LFB1
 322 00da 3C000000 		.4byte	.LFE1-.LFB1
 323 00de 01       		.uleb128 0x1
 324 00df 9C       		.byte	0x9c
 325 00e0 F3000000 		.4byte	0xf3
 326 00e4 07       		.uleb128 0x7
 327 00e5 7C010000 		.4byte	.LASF17
 328 00e9 01       		.byte	0x1
 329 00ea 5A       		.byte	0x5a
 330 00eb 6B000000 		.4byte	0x6b
 331 00ef 02       		.uleb128 0x2
 332 00f0 91       		.byte	0x91
 333 00f1 77       		.sleb128 -9
 334 00f2 00       		.byte	0
 335 00f3 09       		.uleb128 0x9
 336 00f4 81010000 		.4byte	.LASF18
 337 00f8 01       		.byte	0x1
 338 00f9 71       		.byte	0x71
 339 00fa 6B000000 		.4byte	0x6b
 340 00fe 00000000 		.4byte	.LFB2
 341 0102 1C000000 		.4byte	.LFE2-.LFB2
 342 0106 01       		.uleb128 0x1
 343 0107 9C       		.byte	0x9c
 344 0108 09       		.uleb128 0x9
 345 0109 BE010000 		.4byte	.LASF19
 346 010d 01       		.byte	0x1
 347 010e 8D       		.byte	0x8d
 348 010f 6B000000 		.4byte	0x6b
 349 0113 00000000 		.4byte	.LFB3
 350 0117 1C000000 		.4byte	.LFE3-.LFB3
 351 011b 01       		.uleb128 0x1
 352 011c 9C       		.byte	0x9c
 353 011d 00       		.byte	0
 354              		.section	.debug_abbrev,"",%progbits
 355              	.Ldebug_abbrev0:
 356 0000 01       		.uleb128 0x1
 357 0001 11       		.uleb128 0x11
 358 0002 01       		.byte	0x1
 359 0003 25       		.uleb128 0x25
 360 0004 0E       		.uleb128 0xe
 361 0005 13       		.uleb128 0x13
 362 0006 0B       		.uleb128 0xb
 363 0007 03       		.uleb128 0x3
 364 0008 0E       		.uleb128 0xe
 365 0009 1B       		.uleb128 0x1b
 366 000a 0E       		.uleb128 0xe
 367 000b 55       		.uleb128 0x55
 368 000c 17       		.uleb128 0x17
 369 000d 11       		.uleb128 0x11
ARM GAS  C:\Users\bk\AppData\Local\Temp\ccy39PD8.s 			page 10


 370 000e 01       		.uleb128 0x1
 371 000f 10       		.uleb128 0x10
 372 0010 17       		.uleb128 0x17
 373 0011 00       		.byte	0
 374 0012 00       		.byte	0
 375 0013 02       		.uleb128 0x2
 376 0014 24       		.uleb128 0x24
 377 0015 00       		.byte	0
 378 0016 0B       		.uleb128 0xb
 379 0017 0B       		.uleb128 0xb
 380 0018 3E       		.uleb128 0x3e
 381 0019 0B       		.uleb128 0xb
 382 001a 03       		.uleb128 0x3
 383 001b 0E       		.uleb128 0xe
 384 001c 00       		.byte	0
 385 001d 00       		.byte	0
 386 001e 03       		.uleb128 0x3
 387 001f 24       		.uleb128 0x24
 388 0020 00       		.byte	0
 389 0021 0B       		.uleb128 0xb
 390 0022 0B       		.uleb128 0xb
 391 0023 3E       		.uleb128 0x3e
 392 0024 0B       		.uleb128 0xb
 393 0025 03       		.uleb128 0x3
 394 0026 08       		.uleb128 0x8
 395 0027 00       		.byte	0
 396 0028 00       		.byte	0
 397 0029 04       		.uleb128 0x4
 398 002a 16       		.uleb128 0x16
 399 002b 00       		.byte	0
 400 002c 03       		.uleb128 0x3
 401 002d 0E       		.uleb128 0xe
 402 002e 3A       		.uleb128 0x3a
 403 002f 0B       		.uleb128 0xb
 404 0030 3B       		.uleb128 0x3b
 405 0031 05       		.uleb128 0x5
 406 0032 49       		.uleb128 0x49
 407 0033 13       		.uleb128 0x13
 408 0034 00       		.byte	0
 409 0035 00       		.byte	0
 410 0036 05       		.uleb128 0x5
 411 0037 35       		.uleb128 0x35
 412 0038 00       		.byte	0
 413 0039 49       		.uleb128 0x49
 414 003a 13       		.uleb128 0x13
 415 003b 00       		.byte	0
 416 003c 00       		.byte	0
 417 003d 06       		.uleb128 0x6
 418 003e 2E       		.uleb128 0x2e
 419 003f 01       		.byte	0x1
 420 0040 3F       		.uleb128 0x3f
 421 0041 19       		.uleb128 0x19
 422 0042 03       		.uleb128 0x3
 423 0043 0E       		.uleb128 0xe
 424 0044 3A       		.uleb128 0x3a
 425 0045 0B       		.uleb128 0xb
 426 0046 3B       		.uleb128 0x3b
ARM GAS  C:\Users\bk\AppData\Local\Temp\ccy39PD8.s 			page 11


 427 0047 0B       		.uleb128 0xb
 428 0048 27       		.uleb128 0x27
 429 0049 19       		.uleb128 0x19
 430 004a 11       		.uleb128 0x11
 431 004b 01       		.uleb128 0x1
 432 004c 12       		.uleb128 0x12
 433 004d 06       		.uleb128 0x6
 434 004e 40       		.uleb128 0x40
 435 004f 18       		.uleb128 0x18
 436 0050 9742     		.uleb128 0x2117
 437 0052 19       		.uleb128 0x19
 438 0053 01       		.uleb128 0x1
 439 0054 13       		.uleb128 0x13
 440 0055 00       		.byte	0
 441 0056 00       		.byte	0
 442 0057 07       		.uleb128 0x7
 443 0058 05       		.uleb128 0x5
 444 0059 00       		.byte	0
 445 005a 03       		.uleb128 0x3
 446 005b 0E       		.uleb128 0xe
 447 005c 3A       		.uleb128 0x3a
 448 005d 0B       		.uleb128 0xb
 449 005e 3B       		.uleb128 0x3b
 450 005f 0B       		.uleb128 0xb
 451 0060 49       		.uleb128 0x49
 452 0061 13       		.uleb128 0x13
 453 0062 02       		.uleb128 0x2
 454 0063 18       		.uleb128 0x18
 455 0064 00       		.byte	0
 456 0065 00       		.byte	0
 457 0066 08       		.uleb128 0x8
 458 0067 34       		.uleb128 0x34
 459 0068 00       		.byte	0
 460 0069 03       		.uleb128 0x3
 461 006a 0E       		.uleb128 0xe
 462 006b 3A       		.uleb128 0x3a
 463 006c 0B       		.uleb128 0xb
 464 006d 3B       		.uleb128 0x3b
 465 006e 0B       		.uleb128 0xb
 466 006f 49       		.uleb128 0x49
 467 0070 13       		.uleb128 0x13
 468 0071 02       		.uleb128 0x2
 469 0072 18       		.uleb128 0x18
 470 0073 00       		.byte	0
 471 0074 00       		.byte	0
 472 0075 09       		.uleb128 0x9
 473 0076 2E       		.uleb128 0x2e
 474 0077 00       		.byte	0
 475 0078 3F       		.uleb128 0x3f
 476 0079 19       		.uleb128 0x19
 477 007a 03       		.uleb128 0x3
 478 007b 0E       		.uleb128 0xe
 479 007c 3A       		.uleb128 0x3a
 480 007d 0B       		.uleb128 0xb
 481 007e 3B       		.uleb128 0x3b
 482 007f 0B       		.uleb128 0xb
 483 0080 27       		.uleb128 0x27
ARM GAS  C:\Users\bk\AppData\Local\Temp\ccy39PD8.s 			page 12


 484 0081 19       		.uleb128 0x19
 485 0082 49       		.uleb128 0x49
 486 0083 13       		.uleb128 0x13
 487 0084 11       		.uleb128 0x11
 488 0085 01       		.uleb128 0x1
 489 0086 12       		.uleb128 0x12
 490 0087 06       		.uleb128 0x6
 491 0088 40       		.uleb128 0x40
 492 0089 18       		.uleb128 0x18
 493 008a 9742     		.uleb128 0x2117
 494 008c 19       		.uleb128 0x19
 495 008d 00       		.byte	0
 496 008e 00       		.byte	0
 497 008f 00       		.byte	0
 498              		.section	.debug_aranges,"",%progbits
 499 0000 34000000 		.4byte	0x34
 500 0004 0200     		.2byte	0x2
 501 0006 00000000 		.4byte	.Ldebug_info0
 502 000a 04       		.byte	0x4
 503 000b 00       		.byte	0
 504 000c 0000     		.2byte	0
 505 000e 0000     		.2byte	0
 506 0010 00000000 		.4byte	.LFB0
 507 0014 38000000 		.4byte	.LFE0-.LFB0
 508 0018 00000000 		.4byte	.LFB1
 509 001c 3C000000 		.4byte	.LFE1-.LFB1
 510 0020 00000000 		.4byte	.LFB2
 511 0024 1C000000 		.4byte	.LFE2-.LFB2
 512 0028 00000000 		.4byte	.LFB3
 513 002c 1C000000 		.4byte	.LFE3-.LFB3
 514 0030 00000000 		.4byte	0
 515 0034 00000000 		.4byte	0
 516              		.section	.debug_ranges,"",%progbits
 517              	.Ldebug_ranges0:
 518 0000 00000000 		.4byte	.LFB0
 519 0004 38000000 		.4byte	.LFE0
 520 0008 00000000 		.4byte	.LFB1
 521 000c 3C000000 		.4byte	.LFE1
 522 0010 00000000 		.4byte	.LFB2
 523 0014 1C000000 		.4byte	.LFE2
 524 0018 00000000 		.4byte	.LFB3
 525 001c 1C000000 		.4byte	.LFE3
 526 0020 00000000 		.4byte	0
 527 0024 00000000 		.4byte	0
 528              		.section	.debug_line,"",%progbits
 529              	.Ldebug_line0:
 530 0000 97000000 		.section	.debug_str,"MS",%progbits,1
 530      02004800 
 530      00000201 
 530      FB0E0D00 
 530      01010101 
 531              	.LASF20:
 532 0000 474E5520 		.ascii	"GNU C11 5.4.1 20160609 (release) [ARM/embedded-5-br"
 532      43313120 
 532      352E342E 
 532      31203230 
 532      31363036 
ARM GAS  C:\Users\bk\AppData\Local\Temp\ccy39PD8.s 			page 13


 533 0033 616E6368 		.ascii	"anch revision 237715] -mcpu=cortex-m3 -mthumb -g -O"
 533      20726576 
 533      6973696F 
 533      6E203233 
 533      37373135 
 534 0066 30202D66 		.ascii	"0 -ffunction-sections -ffat-lto-objects\000"
 534      66756E63 
 534      74696F6E 
 534      2D736563 
 534      74696F6E 
 535              	.LASF14:
 536 008e 506F7765 		.ascii	"Power_VBAT1_Write\000"
 536      725F5642 
 536      4154315F 
 536      57726974 
 536      6500
 537              	.LASF16:
 538 00a0 76616C75 		.ascii	"value\000"
 538      6500
 539              	.LASF15:
 540 00a6 506F7765 		.ascii	"Power_VBAT1_SetDriveMode\000"
 540      725F5642 
 540      4154315F 
 540      53657444 
 540      72697665 
 541              	.LASF23:
 542 00bf 73746174 		.ascii	"staticBits\000"
 542      69634269 
 542      747300
 543              	.LASF9:
 544 00ca 666C6F61 		.ascii	"float\000"
 544      7400
 545              	.LASF22:
 546 00d0 433A5C55 		.ascii	"C:\\Users\\bk\\Documents\\GitHub\\Open Storm\\notor"
 546      73657273 
 546      5C626B5C 
 546      446F6375 
 546      6D656E74 
 547 00fd 694F535C 		.ascii	"iOS\\notoriOS\\notoriOS.cydsn\000"
 547      6E6F746F 
 547      72694F53 
 547      5C6E6F74 
 547      6F72694F 
 548              	.LASF1:
 549 0119 756E7369 		.ascii	"unsigned char\000"
 549      676E6564 
 549      20636861 
 549      7200
 550              	.LASF13:
 551 0127 72656738 		.ascii	"reg8\000"
 551      00
 552              	.LASF5:
 553 012c 6C6F6E67 		.ascii	"long unsigned int\000"
 553      20756E73 
 553      69676E65 
 553      6420696E 
 553      7400
ARM GAS  C:\Users\bk\AppData\Local\Temp\ccy39PD8.s 			page 14


 554              	.LASF3:
 555 013e 73686F72 		.ascii	"short unsigned int\000"
 555      7420756E 
 555      7369676E 
 555      65642069 
 555      6E7400
 556              	.LASF10:
 557 0151 646F7562 		.ascii	"double\000"
 557      6C6500
 558              	.LASF8:
 559 0158 756E7369 		.ascii	"unsigned int\000"
 559      676E6564 
 559      20696E74 
 559      00
 560              	.LASF7:
 561 0165 6C6F6E67 		.ascii	"long long unsigned int\000"
 561      206C6F6E 
 561      6720756E 
 561      7369676E 
 561      65642069 
 562              	.LASF17:
 563 017c 6D6F6465 		.ascii	"mode\000"
 563      00
 564              	.LASF18:
 565 0181 506F7765 		.ascii	"Power_VBAT1_Read\000"
 565      725F5642 
 565      4154315F 
 565      52656164 
 565      00
 566              	.LASF6:
 567 0192 6C6F6E67 		.ascii	"long long int\000"
 567      206C6F6E 
 567      6720696E 
 567      7400
 568              	.LASF11:
 569 01a0 63686172 		.ascii	"char\000"
 569      00
 570              	.LASF2:
 571 01a5 73686F72 		.ascii	"short int\000"
 571      7420696E 
 571      7400
 572              	.LASF12:
 573 01af 75696E74 		.ascii	"uint8\000"
 573      3800
 574              	.LASF4:
 575 01b5 6C6F6E67 		.ascii	"long int\000"
 575      20696E74 
 575      00
 576              	.LASF19:
 577 01be 506F7765 		.ascii	"Power_VBAT1_ReadDataReg\000"
 577      725F5642 
 577      4154315F 
 577      52656164 
 577      44617461 
 578              	.LASF0:
 579 01d6 7369676E 		.ascii	"signed char\000"
 579      65642063 
ARM GAS  C:\Users\bk\AppData\Local\Temp\ccy39PD8.s 			page 15
=======
 124              		.loc 1 144 0
 125 0004 00F00100 		and	r0, r0, #1
 126 0008 7047     		bx	lr
 127              	.L12:
 128 000a 00BF     		.align	2
 129              	.L11:
 130 000c C0510040 		.word	1073762752
 131              		.cfi_endproc
 132              	.LFE3:
 133              		.size	Power_VBAT1_ReadDataReg, .-Power_VBAT1_ReadDataReg
 134              		.text
 135              	.Letext0:
 136              		.file 2 "Generated_Source\\PSoC5\\cytypes.h"
 137              		.section	.debug_info,"",%progbits
 138              	.Ldebug_info0:
 139 0000 1B010000 		.4byte	0x11b
 140 0004 0400     		.2byte	0x4
 141 0006 00000000 		.4byte	.Ldebug_abbrev0
ARM GAS  C:\Users\bk\AppData\Local\Temp\cc3nQt1S.s 			page 6


 142 000a 04       		.byte	0x4
 143 000b 01       		.uleb128 0x1
 144 000c 99000000 		.4byte	.LASF20
 145 0010 0C       		.byte	0xc
 146 0011 E2010000 		.4byte	.LASF21
 147 0015 42000000 		.4byte	.LASF22
 148 0019 00000000 		.4byte	.Ldebug_ranges0+0
 149 001d 00000000 		.4byte	0
 150 0021 00000000 		.4byte	.Ldebug_line0
 151 0025 02       		.uleb128 0x2
 152 0026 01       		.byte	0x1
 153 0027 06       		.byte	0x6
 154 0028 D6010000 		.4byte	.LASF0
 155 002c 02       		.uleb128 0x2
 156 002d 01       		.byte	0x1
 157 002e 08       		.byte	0x8
 158 002f 8B000000 		.4byte	.LASF1
 159 0033 02       		.uleb128 0x2
 160 0034 02       		.byte	0x2
 161 0035 05       		.byte	0x5
 162 0036 A5010000 		.4byte	.LASF2
 163 003a 02       		.uleb128 0x2
 164 003b 02       		.byte	0x2
 165 003c 07       		.byte	0x7
 166 003d 3E010000 		.4byte	.LASF3
 167 0041 02       		.uleb128 0x2
 168 0042 04       		.byte	0x4
 169 0043 05       		.byte	0x5
 170 0044 B5010000 		.4byte	.LASF4
 171 0048 02       		.uleb128 0x2
 172 0049 04       		.byte	0x4
 173 004a 07       		.byte	0x7
 174 004b 2C010000 		.4byte	.LASF5
 175 004f 02       		.uleb128 0x2
 176 0050 08       		.byte	0x8
 177 0051 05       		.byte	0x5
 178 0052 92010000 		.4byte	.LASF6
 179 0056 02       		.uleb128 0x2
 180 0057 08       		.byte	0x8
 181 0058 07       		.byte	0x7
 182 0059 65010000 		.4byte	.LASF7
 183 005d 03       		.uleb128 0x3
 184 005e 04       		.byte	0x4
 185 005f 05       		.byte	0x5
 186 0060 696E7400 		.ascii	"int\000"
 187 0064 02       		.uleb128 0x2
 188 0065 04       		.byte	0x4
 189 0066 07       		.byte	0x7
 190 0067 58010000 		.4byte	.LASF8
 191 006b 04       		.uleb128 0x4
 192 006c AF010000 		.4byte	.LASF12
 193 0070 02       		.byte	0x2
 194 0071 E401     		.2byte	0x1e4
 195 0073 2C000000 		.4byte	0x2c
 196 0077 02       		.uleb128 0x2
 197 0078 04       		.byte	0x4
 198 0079 04       		.byte	0x4
ARM GAS  C:\Users\bk\AppData\Local\Temp\cc3nQt1S.s 			page 7


 199 007a 3C000000 		.4byte	.LASF9
 200 007e 02       		.uleb128 0x2
 201 007f 08       		.byte	0x8
 202 0080 04       		.byte	0x4
 203 0081 51010000 		.4byte	.LASF10
 204 0085 02       		.uleb128 0x2
 205 0086 01       		.byte	0x1
 206 0087 08       		.byte	0x8
 207 0088 A0010000 		.4byte	.LASF11
 208 008c 04       		.uleb128 0x4
 209 008d 27010000 		.4byte	.LASF13
 210 0091 02       		.byte	0x2
 211 0092 8E02     		.2byte	0x28e
 212 0094 98000000 		.4byte	0x98
 213 0098 05       		.uleb128 0x5
 214 0099 6B000000 		.4byte	0x6b
 215 009d 06       		.uleb128 0x6
 216 009e 00000000 		.4byte	.LASF14
 217 00a2 01       		.byte	0x1
 218 00a3 39       		.byte	0x39
 219 00a4 00000000 		.4byte	.LFB0
 220 00a8 18000000 		.4byte	.LFE0-.LFB0
 221 00ac 01       		.uleb128 0x1
 222 00ad 9C       		.byte	0x9c
 223 00ae CF000000 		.4byte	0xcf
 224 00b2 07       		.uleb128 0x7
 225 00b3 12000000 		.4byte	.LASF16
 226 00b7 01       		.byte	0x1
 227 00b8 39       		.byte	0x39
 228 00b9 6B000000 		.4byte	0x6b
 229 00bd 00000000 		.4byte	.LLST0
 230 00c1 08       		.uleb128 0x8
 231 00c2 31000000 		.4byte	.LASF23
 232 00c6 01       		.byte	0x1
 233 00c7 3B       		.byte	0x3b
 234 00c8 6B000000 		.4byte	0x6b
 235 00cc 01       		.uleb128 0x1
 236 00cd 53       		.byte	0x53
 237 00ce 00       		.byte	0
 238 00cf 06       		.uleb128 0x6
 239 00d0 18000000 		.4byte	.LASF15
 240 00d4 01       		.byte	0x1
 241 00d5 5A       		.byte	0x5a
 242 00d6 00000000 		.4byte	.LFB1
 243 00da 18000000 		.4byte	.LFE1-.LFB1
 244 00de 01       		.uleb128 0x1
 245 00df 9C       		.byte	0x9c
 246 00e0 F4000000 		.4byte	0xf4
 247 00e4 07       		.uleb128 0x7
 248 00e5 7C010000 		.4byte	.LASF17
 249 00e9 01       		.byte	0x1
 250 00ea 5A       		.byte	0x5a
 251 00eb 6B000000 		.4byte	0x6b
 252 00ef 21000000 		.4byte	.LLST1
 253 00f3 00       		.byte	0
 254 00f4 09       		.uleb128 0x9
 255 00f5 81010000 		.4byte	.LASF18
ARM GAS  C:\Users\bk\AppData\Local\Temp\cc3nQt1S.s 			page 8


 256 00f9 01       		.byte	0x1
 257 00fa 71       		.byte	0x71
 258 00fb 6B000000 		.4byte	0x6b
 259 00ff 00000000 		.4byte	.LFB2
 260 0103 10000000 		.4byte	.LFE2-.LFB2
 261 0107 01       		.uleb128 0x1
 262 0108 9C       		.byte	0x9c
 263 0109 09       		.uleb128 0x9
 264 010a BE010000 		.4byte	.LASF19
 265 010e 01       		.byte	0x1
 266 010f 8D       		.byte	0x8d
 267 0110 6B000000 		.4byte	0x6b
 268 0114 00000000 		.4byte	.LFB3
 269 0118 10000000 		.4byte	.LFE3-.LFB3
 270 011c 01       		.uleb128 0x1
 271 011d 9C       		.byte	0x9c
 272 011e 00       		.byte	0
 273              		.section	.debug_abbrev,"",%progbits
 274              	.Ldebug_abbrev0:
 275 0000 01       		.uleb128 0x1
 276 0001 11       		.uleb128 0x11
 277 0002 01       		.byte	0x1
 278 0003 25       		.uleb128 0x25
 279 0004 0E       		.uleb128 0xe
 280 0005 13       		.uleb128 0x13
 281 0006 0B       		.uleb128 0xb
 282 0007 03       		.uleb128 0x3
 283 0008 0E       		.uleb128 0xe
 284 0009 1B       		.uleb128 0x1b
 285 000a 0E       		.uleb128 0xe
 286 000b 55       		.uleb128 0x55
 287 000c 17       		.uleb128 0x17
 288 000d 11       		.uleb128 0x11
 289 000e 01       		.uleb128 0x1
 290 000f 10       		.uleb128 0x10
 291 0010 17       		.uleb128 0x17
 292 0011 00       		.byte	0
 293 0012 00       		.byte	0
 294 0013 02       		.uleb128 0x2
 295 0014 24       		.uleb128 0x24
 296 0015 00       		.byte	0
 297 0016 0B       		.uleb128 0xb
 298 0017 0B       		.uleb128 0xb
 299 0018 3E       		.uleb128 0x3e
 300 0019 0B       		.uleb128 0xb
 301 001a 03       		.uleb128 0x3
 302 001b 0E       		.uleb128 0xe
 303 001c 00       		.byte	0
 304 001d 00       		.byte	0
 305 001e 03       		.uleb128 0x3
 306 001f 24       		.uleb128 0x24
 307 0020 00       		.byte	0
 308 0021 0B       		.uleb128 0xb
 309 0022 0B       		.uleb128 0xb
 310 0023 3E       		.uleb128 0x3e
 311 0024 0B       		.uleb128 0xb
 312 0025 03       		.uleb128 0x3
ARM GAS  C:\Users\bk\AppData\Local\Temp\cc3nQt1S.s 			page 9


 313 0026 08       		.uleb128 0x8
 314 0027 00       		.byte	0
 315 0028 00       		.byte	0
 316 0029 04       		.uleb128 0x4
 317 002a 16       		.uleb128 0x16
 318 002b 00       		.byte	0
 319 002c 03       		.uleb128 0x3
 320 002d 0E       		.uleb128 0xe
 321 002e 3A       		.uleb128 0x3a
 322 002f 0B       		.uleb128 0xb
 323 0030 3B       		.uleb128 0x3b
 324 0031 05       		.uleb128 0x5
 325 0032 49       		.uleb128 0x49
 326 0033 13       		.uleb128 0x13
 327 0034 00       		.byte	0
 328 0035 00       		.byte	0
 329 0036 05       		.uleb128 0x5
 330 0037 35       		.uleb128 0x35
 331 0038 00       		.byte	0
 332 0039 49       		.uleb128 0x49
 333 003a 13       		.uleb128 0x13
 334 003b 00       		.byte	0
 335 003c 00       		.byte	0
 336 003d 06       		.uleb128 0x6
 337 003e 2E       		.uleb128 0x2e
 338 003f 01       		.byte	0x1
 339 0040 3F       		.uleb128 0x3f
 340 0041 19       		.uleb128 0x19
 341 0042 03       		.uleb128 0x3
 342 0043 0E       		.uleb128 0xe
 343 0044 3A       		.uleb128 0x3a
 344 0045 0B       		.uleb128 0xb
 345 0046 3B       		.uleb128 0x3b
 346 0047 0B       		.uleb128 0xb
 347 0048 27       		.uleb128 0x27
 348 0049 19       		.uleb128 0x19
 349 004a 11       		.uleb128 0x11
 350 004b 01       		.uleb128 0x1
 351 004c 12       		.uleb128 0x12
 352 004d 06       		.uleb128 0x6
 353 004e 40       		.uleb128 0x40
 354 004f 18       		.uleb128 0x18
 355 0050 9742     		.uleb128 0x2117
 356 0052 19       		.uleb128 0x19
 357 0053 01       		.uleb128 0x1
 358 0054 13       		.uleb128 0x13
 359 0055 00       		.byte	0
 360 0056 00       		.byte	0
 361 0057 07       		.uleb128 0x7
 362 0058 05       		.uleb128 0x5
 363 0059 00       		.byte	0
 364 005a 03       		.uleb128 0x3
 365 005b 0E       		.uleb128 0xe
 366 005c 3A       		.uleb128 0x3a
 367 005d 0B       		.uleb128 0xb
 368 005e 3B       		.uleb128 0x3b
 369 005f 0B       		.uleb128 0xb
ARM GAS  C:\Users\bk\AppData\Local\Temp\cc3nQt1S.s 			page 10


 370 0060 49       		.uleb128 0x49
 371 0061 13       		.uleb128 0x13
 372 0062 02       		.uleb128 0x2
 373 0063 17       		.uleb128 0x17
 374 0064 00       		.byte	0
 375 0065 00       		.byte	0
 376 0066 08       		.uleb128 0x8
 377 0067 34       		.uleb128 0x34
 378 0068 00       		.byte	0
 379 0069 03       		.uleb128 0x3
 380 006a 0E       		.uleb128 0xe
 381 006b 3A       		.uleb128 0x3a
 382 006c 0B       		.uleb128 0xb
 383 006d 3B       		.uleb128 0x3b
 384 006e 0B       		.uleb128 0xb
 385 006f 49       		.uleb128 0x49
 386 0070 13       		.uleb128 0x13
 387 0071 02       		.uleb128 0x2
 388 0072 18       		.uleb128 0x18
 389 0073 00       		.byte	0
 390 0074 00       		.byte	0
 391 0075 09       		.uleb128 0x9
 392 0076 2E       		.uleb128 0x2e
 393 0077 00       		.byte	0
 394 0078 3F       		.uleb128 0x3f
 395 0079 19       		.uleb128 0x19
 396 007a 03       		.uleb128 0x3
 397 007b 0E       		.uleb128 0xe
 398 007c 3A       		.uleb128 0x3a
 399 007d 0B       		.uleb128 0xb
 400 007e 3B       		.uleb128 0x3b
 401 007f 0B       		.uleb128 0xb
 402 0080 27       		.uleb128 0x27
 403 0081 19       		.uleb128 0x19
 404 0082 49       		.uleb128 0x49
 405 0083 13       		.uleb128 0x13
 406 0084 11       		.uleb128 0x11
 407 0085 01       		.uleb128 0x1
 408 0086 12       		.uleb128 0x12
 409 0087 06       		.uleb128 0x6
 410 0088 40       		.uleb128 0x40
 411 0089 18       		.uleb128 0x18
 412 008a 9742     		.uleb128 0x2117
 413 008c 19       		.uleb128 0x19
 414 008d 00       		.byte	0
 415 008e 00       		.byte	0
 416 008f 00       		.byte	0
 417              		.section	.debug_loc,"",%progbits
 418              	.Ldebug_loc0:
 419              	.LLST0:
 420 0000 00000000 		.4byte	.LVL0
 421 0004 0C000000 		.4byte	.LVL2
 422 0008 0100     		.2byte	0x1
 423 000a 50       		.byte	0x50
 424 000b 0C000000 		.4byte	.LVL2
 425 000f 18000000 		.4byte	.LFE0
 426 0013 0400     		.2byte	0x4
ARM GAS  C:\Users\bk\AppData\Local\Temp\cc3nQt1S.s 			page 11


 427 0015 F3       		.byte	0xf3
 428 0016 01       		.uleb128 0x1
 429 0017 50       		.byte	0x50
 430 0018 9F       		.byte	0x9f
 431 0019 00000000 		.4byte	0
 432 001d 00000000 		.4byte	0
 433              	.LLST1:
 434 0021 00000000 		.4byte	.LVL3
 435 0025 0C000000 		.4byte	.LVL4
 436 0029 0100     		.2byte	0x1
 437 002b 50       		.byte	0x50
 438 002c 0C000000 		.4byte	.LVL4
 439 0030 18000000 		.4byte	.LFE1
 440 0034 0400     		.2byte	0x4
 441 0036 F3       		.byte	0xf3
 442 0037 01       		.uleb128 0x1
 443 0038 50       		.byte	0x50
 444 0039 9F       		.byte	0x9f
 445 003a 00000000 		.4byte	0
 446 003e 00000000 		.4byte	0
 447              		.section	.debug_aranges,"",%progbits
 448 0000 34000000 		.4byte	0x34
 449 0004 0200     		.2byte	0x2
 450 0006 00000000 		.4byte	.Ldebug_info0
 451 000a 04       		.byte	0x4
 452 000b 00       		.byte	0
 453 000c 0000     		.2byte	0
 454 000e 0000     		.2byte	0
 455 0010 00000000 		.4byte	.LFB0
 456 0014 18000000 		.4byte	.LFE0-.LFB0
 457 0018 00000000 		.4byte	.LFB1
 458 001c 18000000 		.4byte	.LFE1-.LFB1
 459 0020 00000000 		.4byte	.LFB2
 460 0024 10000000 		.4byte	.LFE2-.LFB2
 461 0028 00000000 		.4byte	.LFB3
 462 002c 10000000 		.4byte	.LFE3-.LFB3
 463 0030 00000000 		.4byte	0
 464 0034 00000000 		.4byte	0
 465              		.section	.debug_ranges,"",%progbits
 466              	.Ldebug_ranges0:
 467 0000 00000000 		.4byte	.LFB0
 468 0004 18000000 		.4byte	.LFE0
 469 0008 00000000 		.4byte	.LFB1
 470 000c 18000000 		.4byte	.LFE1
 471 0010 00000000 		.4byte	.LFB2
 472 0014 10000000 		.4byte	.LFE2
 473 0018 00000000 		.4byte	.LFB3
 474 001c 10000000 		.4byte	.LFE3
 475 0020 00000000 		.4byte	0
 476 0024 00000000 		.4byte	0
 477              		.section	.debug_line,"",%progbits
 478              	.Ldebug_line0:
 479 0000 94000000 		.section	.debug_str,"MS",%progbits,1
 479      02004800 
 479      00000201 
 479      FB0E0D00 
 479      01010101 
ARM GAS  C:\Users\bk\AppData\Local\Temp\cc3nQt1S.s 			page 12


 480              	.LASF14:
 481 0000 506F7765 		.ascii	"Power_VBAT1_Write\000"
 481      725F5642 
 481      4154315F 
 481      57726974 
 481      6500
 482              	.LASF16:
 483 0012 76616C75 		.ascii	"value\000"
 483      6500
 484              	.LASF15:
 485 0018 506F7765 		.ascii	"Power_VBAT1_SetDriveMode\000"
 485      725F5642 
 485      4154315F 
 485      53657444 
 485      72697665 
 486              	.LASF23:
 487 0031 73746174 		.ascii	"staticBits\000"
 487      69634269 
 487      747300
 488              	.LASF9:
 489 003c 666C6F61 		.ascii	"float\000"
 489      7400
 490              	.LASF22:
 491 0042 433A5C55 		.ascii	"C:\\Users\\bk\\Documents\\GitHub\\Open Storm\\notor"
 491      73657273 
 491      5C626B5C 
 491      446F6375 
 491      6D656E74 
 492 006f 694F535C 		.ascii	"iOS\\notoriOS\\notoriOS.cydsn\000"
 492      6E6F746F 
 492      72694F53 
 492      5C6E6F74 
 492      6F72694F 
 493              	.LASF1:
 494 008b 756E7369 		.ascii	"unsigned char\000"
 494      676E6564 
 494      20636861 
 494      7200
 495              	.LASF20:
 496 0099 474E5520 		.ascii	"GNU C11 5.4.1 20160609 (release) [ARM/embedded-5-br"
 496      43313120 
 496      352E342E 
 496      31203230 
 496      31363036 
 497 00cc 616E6368 		.ascii	"anch revision 237715] -mcpu=cortex-m3 -mthumb -g -O"
 497      20726576 
 497      6973696F 
 497      6E203233 
 497      37373135 
 498 00ff 67202D66 		.ascii	"g -ffunction-sections -ffat-lto-objects\000"
 498      66756E63 
 498      74696F6E 
 498      2D736563 
 498      74696F6E 
 499              	.LASF13:
 500 0127 72656738 		.ascii	"reg8\000"
 500      00
ARM GAS  C:\Users\bk\AppData\Local\Temp\cc3nQt1S.s 			page 13


 501              	.LASF5:
 502 012c 6C6F6E67 		.ascii	"long unsigned int\000"
 502      20756E73 
 502      69676E65 
 502      6420696E 
 502      7400
 503              	.LASF3:
 504 013e 73686F72 		.ascii	"short unsigned int\000"
 504      7420756E 
 504      7369676E 
 504      65642069 
 504      6E7400
 505              	.LASF10:
 506 0151 646F7562 		.ascii	"double\000"
 506      6C6500
 507              	.LASF8:
 508 0158 756E7369 		.ascii	"unsigned int\000"
 508      676E6564 
 508      20696E74 
 508      00
 509              	.LASF7:
 510 0165 6C6F6E67 		.ascii	"long long unsigned int\000"
 510      206C6F6E 
 510      6720756E 
 510      7369676E 
 510      65642069 
 511              	.LASF17:
 512 017c 6D6F6465 		.ascii	"mode\000"
 512      00
 513              	.LASF18:
 514 0181 506F7765 		.ascii	"Power_VBAT1_Read\000"
 514      725F5642 
 514      4154315F 
 514      52656164 
 514      00
 515              	.LASF6:
 516 0192 6C6F6E67 		.ascii	"long long int\000"
 516      206C6F6E 
 516      6720696E 
 516      7400
 517              	.LASF11:
 518 01a0 63686172 		.ascii	"char\000"
 518      00
 519              	.LASF2:
 520 01a5 73686F72 		.ascii	"short int\000"
 520      7420696E 
 520      7400
 521              	.LASF12:
 522 01af 75696E74 		.ascii	"uint8\000"
 522      3800
 523              	.LASF4:
 524 01b5 6C6F6E67 		.ascii	"long int\000"
 524      20696E74 
 524      00
 525              	.LASF19:
 526 01be 506F7765 		.ascii	"Power_VBAT1_ReadDataReg\000"
 526      725F5642 
ARM GAS  C:\Users\bk\AppData\Local\Temp\cc3nQt1S.s 			page 14
>>>>>>> parent of bb45d96... Sleep power downt to 20uA


 579      68617200 
 580              	.LASF21:
 581 01e2 47656E65 		.ascii	"Generated_Source\\PSoC5\\Power_VBAT1.c\000"
 581      72617465 
 581      645F536F 
 581      75726365 
 581      5C50536F 
 582              		.ident	"GCC: (GNU Tools for ARM Embedded Processors) 5.4.1 20160609 (release) [ARM/embedded-5-bran
