<<<<<<< HEAD
ARM GAS  C:\Users\bk\AppData\Local\Temp\cc1bgrAs.s 			page 1
=======
ARM GAS  C:\Users\bk\AppData\Local\Temp\ccEQmUAi.s 			page 1
>>>>>>> parent of bb45d96... Sleep power downt to 20uA


   1              		.syntax unified
   2              		.cpu cortex-m3
   3              		.fpu softvfp
   4              		.eabi_attribute 20, 1
   5              		.eabi_attribute 21, 1
   6              		.eabi_attribute 23, 3
   7              		.eabi_attribute 24, 1
   8              		.eabi_attribute 25, 1
   9              		.eabi_attribute 26, 1
  10              		.eabi_attribute 30, 6
  11              		.eabi_attribute 34, 1
  12              		.eabi_attribute 18, 4
  13              		.thumb
  14              		.syntax unified
  15              		.file	"Power_VDD4.c"
  16              		.text
  17              	.Ltext0:
  18              		.cfi_sections	.debug_frame
  19              		.section	.text.Power_VDD4_Write,"ax",%progbits
  20              		.align	2
  21              		.global	Power_VDD4_Write
  22              		.thumb
  23              		.thumb_func
  24              		.type	Power_VDD4_Write, %function
  25              	Power_VDD4_Write:
  26              	.LFB0:
  27              		.file 1 "Generated_Source\\PSoC5\\Power_VDD4.c"
   1:Generated_Source\PSoC5/Power_VDD4.c **** /*******************************************************************************
   2:Generated_Source\PSoC5/Power_VDD4.c **** * File Name: Power_VDD4.c  
   3:Generated_Source\PSoC5/Power_VDD4.c **** * Version 2.20
   4:Generated_Source\PSoC5/Power_VDD4.c **** *
   5:Generated_Source\PSoC5/Power_VDD4.c **** * Description:
   6:Generated_Source\PSoC5/Power_VDD4.c **** *  This file contains API to enable firmware control of a Pins component.
   7:Generated_Source\PSoC5/Power_VDD4.c **** *
   8:Generated_Source\PSoC5/Power_VDD4.c **** * Note:
   9:Generated_Source\PSoC5/Power_VDD4.c **** *
  10:Generated_Source\PSoC5/Power_VDD4.c **** ********************************************************************************
  11:Generated_Source\PSoC5/Power_VDD4.c **** * Copyright 2008-2015, Cypress Semiconductor Corporation.  All rights reserved.
  12:Generated_Source\PSoC5/Power_VDD4.c **** * You may use this file only in accordance with the license, terms, conditions, 
  13:Generated_Source\PSoC5/Power_VDD4.c **** * disclaimers, and limitations in the end user license agreement accompanying 
  14:Generated_Source\PSoC5/Power_VDD4.c **** * the software package with which this file was provided.
  15:Generated_Source\PSoC5/Power_VDD4.c **** *******************************************************************************/
  16:Generated_Source\PSoC5/Power_VDD4.c **** 
  17:Generated_Source\PSoC5/Power_VDD4.c **** #include "cytypes.h"
  18:Generated_Source\PSoC5/Power_VDD4.c **** #include "Power_VDD4.h"
  19:Generated_Source\PSoC5/Power_VDD4.c **** 
  20:Generated_Source\PSoC5/Power_VDD4.c **** /* APIs are not generated for P15[7:6] on PSoC 5 */
  21:Generated_Source\PSoC5/Power_VDD4.c **** #if !(CY_PSOC5A &&\
  22:Generated_Source\PSoC5/Power_VDD4.c **** 	 Power_VDD4__PORT == 15 && ((Power_VDD4__MASK & 0xC0) != 0))
  23:Generated_Source\PSoC5/Power_VDD4.c **** 
  24:Generated_Source\PSoC5/Power_VDD4.c **** 
  25:Generated_Source\PSoC5/Power_VDD4.c **** /*******************************************************************************
  26:Generated_Source\PSoC5/Power_VDD4.c **** * Function Name: Power_VDD4_Write
  27:Generated_Source\PSoC5/Power_VDD4.c **** ****************************************************************************//**
  28:Generated_Source\PSoC5/Power_VDD4.c **** *
  29:Generated_Source\PSoC5/Power_VDD4.c **** * \brief Writes the value to the physical port (data output register), masking
  30:Generated_Source\PSoC5/Power_VDD4.c **** *  and shifting the bits appropriately. 
<<<<<<< HEAD
ARM GAS  C:\Users\bk\AppData\Local\Temp\cc1bgrAs.s 			page 2
=======
ARM GAS  C:\Users\bk\AppData\Local\Temp\ccEQmUAi.s 			page 2
>>>>>>> parent of bb45d96... Sleep power downt to 20uA


  31:Generated_Source\PSoC5/Power_VDD4.c **** *
  32:Generated_Source\PSoC5/Power_VDD4.c **** * The data output register controls the signal applied to the physical pin in 
  33:Generated_Source\PSoC5/Power_VDD4.c **** * conjunction with the drive mode parameter. This function avoids changing 
  34:Generated_Source\PSoC5/Power_VDD4.c **** * other bits in the port by using the appropriate method (read-modify-write or
  35:Generated_Source\PSoC5/Power_VDD4.c **** * bit banding).
  36:Generated_Source\PSoC5/Power_VDD4.c **** *
  37:Generated_Source\PSoC5/Power_VDD4.c **** * <b>Note</b> This function should not be used on a hardware digital output pin 
  38:Generated_Source\PSoC5/Power_VDD4.c **** * as it is driven by the hardware signal attached to it.
  39:Generated_Source\PSoC5/Power_VDD4.c **** *
  40:Generated_Source\PSoC5/Power_VDD4.c **** * \param value
  41:Generated_Source\PSoC5/Power_VDD4.c **** *  Value to write to the component instance.
  42:Generated_Source\PSoC5/Power_VDD4.c **** *
  43:Generated_Source\PSoC5/Power_VDD4.c **** * \return 
  44:Generated_Source\PSoC5/Power_VDD4.c **** *  None 
  45:Generated_Source\PSoC5/Power_VDD4.c **** *
  46:Generated_Source\PSoC5/Power_VDD4.c **** * \sideeffect
  47:Generated_Source\PSoC5/Power_VDD4.c **** *  If you use read-modify-write operations that are not atomic; the Interrupt 
  48:Generated_Source\PSoC5/Power_VDD4.c **** *  Service Routines (ISR) can cause corruption of this function. An ISR that 
  49:Generated_Source\PSoC5/Power_VDD4.c **** *  interrupts this function and performs writes to the Pins component data 
  50:Generated_Source\PSoC5/Power_VDD4.c **** *  register can cause corrupted port data. To avoid this issue, you should 
  51:Generated_Source\PSoC5/Power_VDD4.c **** *  either use the Per-Pin APIs (primary method) or disable interrupts around 
  52:Generated_Source\PSoC5/Power_VDD4.c **** *  this function.
  53:Generated_Source\PSoC5/Power_VDD4.c **** *
  54:Generated_Source\PSoC5/Power_VDD4.c **** * \funcusage
  55:Generated_Source\PSoC5/Power_VDD4.c **** *  \snippet Power_VDD4_SUT.c usage_Power_VDD4_Write
  56:Generated_Source\PSoC5/Power_VDD4.c **** *******************************************************************************/
  57:Generated_Source\PSoC5/Power_VDD4.c **** void Power_VDD4_Write(uint8 value)
  58:Generated_Source\PSoC5/Power_VDD4.c **** {
  28              		.loc 1 58 0
  29              		.cfi_startproc
  30              		@ args = 0, pretend = 0, frame = 16
  31              		@ frame_needed = 1, uses_anonymous_args = 0
  32              		@ link register save eliminated.
  33 0000 80B4     		push	{r7}
  34              		.cfi_def_cfa_offset 4
  35              		.cfi_offset 7, -4
  36 0002 85B0     		sub	sp, sp, #20
  37              		.cfi_def_cfa_offset 24
  38 0004 00AF     		add	r7, sp, #0
  39              		.cfi_def_cfa_register 7
  40 0006 0346     		mov	r3, r0
  41 0008 FB71     		strb	r3, [r7, #7]
  59:Generated_Source\PSoC5/Power_VDD4.c ****     uint8 staticBits = (Power_VDD4_DR & (uint8)(~Power_VDD4_MASK));
  42              		.loc 1 59 0
  43 000a 0B4B     		ldr	r3, .L2
  44 000c 1B78     		ldrb	r3, [r3]
  45 000e DBB2     		uxtb	r3, r3
  46 0010 23F00803 		bic	r3, r3, #8
  47 0014 FB73     		strb	r3, [r7, #15]
  60:Generated_Source\PSoC5/Power_VDD4.c ****     Power_VDD4_DR = staticBits | ((uint8)(value << Power_VDD4_SHIFT) & Power_VDD4_MASK);
<<<<<<< HEAD
  48              		.loc 1 60 0
  49 0016 0849     		ldr	r1, .L2
  50 0018 FB79     		ldrb	r3, [r7, #7]
  51 001a DB00     		lsls	r3, r3, #3
  52 001c DBB2     		uxtb	r3, r3
  53 001e 03F00803 		and	r3, r3, #8
  54 0022 DAB2     		uxtb	r2, r3
ARM GAS  C:\Users\bk\AppData\Local\Temp\cc1bgrAs.s 			page 3
=======
  39              		.loc 1 60 0
  40 0008 C000     		lsls	r0, r0, #3
  41              	.LVL2:
  42 000a 00F00800 		and	r0, r0, #8
  43 000e 1843     		orrs	r0, r0, r3
  44 0010 1070     		strb	r0, [r2]
  45 0012 7047     		bx	lr
  46              	.L3:
  47              		.align	2
  48              	.L2:
  49 0014 30510040 		.word	1073762608
  50              		.cfi_endproc
  51              	.LFE0:
  52              		.size	Power_VDD4_Write, .-Power_VDD4_Write
  53              		.section	.text.Power_VDD4_SetDriveMode,"ax",%progbits
  54              		.align	2
ARM GAS  C:\Users\bk\AppData\Local\Temp\ccEQmUAi.s 			page 3
>>>>>>> parent of bb45d96... Sleep power downt to 20uA


  55 0024 FB7B     		ldrb	r3, [r7, #15]
  56 0026 1343     		orrs	r3, r3, r2
  57 0028 DBB2     		uxtb	r3, r3
  58 002a 0B70     		strb	r3, [r1]
  61:Generated_Source\PSoC5/Power_VDD4.c **** }
  59              		.loc 1 61 0
  60 002c 00BF     		nop
  61 002e 1437     		adds	r7, r7, #20
  62              		.cfi_def_cfa_offset 4
  63 0030 BD46     		mov	sp, r7
  64              		.cfi_def_cfa_register 13
  65              		@ sp needed
  66 0032 80BC     		pop	{r7}
  67              		.cfi_restore 7
  68              		.cfi_def_cfa_offset 0
  69 0034 7047     		bx	lr
  70              	.L3:
  71 0036 00BF     		.align	2
  72              	.L2:
  73 0038 30510040 		.word	1073762608
  74              		.cfi_endproc
  75              	.LFE0:
  76              		.size	Power_VDD4_Write, .-Power_VDD4_Write
  77              		.section	.text.Power_VDD4_SetDriveMode,"ax",%progbits
  78              		.align	2
  79              		.global	Power_VDD4_SetDriveMode
  80              		.thumb
  81              		.thumb_func
  82              		.type	Power_VDD4_SetDriveMode, %function
  83              	Power_VDD4_SetDriveMode:
  84              	.LFB1:
  62:Generated_Source\PSoC5/Power_VDD4.c **** 
  63:Generated_Source\PSoC5/Power_VDD4.c **** 
  64:Generated_Source\PSoC5/Power_VDD4.c **** /*******************************************************************************
  65:Generated_Source\PSoC5/Power_VDD4.c **** * Function Name: Power_VDD4_SetDriveMode
  66:Generated_Source\PSoC5/Power_VDD4.c **** ****************************************************************************//**
  67:Generated_Source\PSoC5/Power_VDD4.c **** *
  68:Generated_Source\PSoC5/Power_VDD4.c **** * \brief Sets the drive mode for each of the Pins component's pins.
  69:Generated_Source\PSoC5/Power_VDD4.c **** * 
  70:Generated_Source\PSoC5/Power_VDD4.c **** * <b>Note</b> This affects all pins in the Pins component instance. Use the
  71:Generated_Source\PSoC5/Power_VDD4.c **** * Per-Pin APIs if you wish to control individual pin's drive modes.
  72:Generated_Source\PSoC5/Power_VDD4.c **** *
  73:Generated_Source\PSoC5/Power_VDD4.c **** * \param mode
  74:Generated_Source\PSoC5/Power_VDD4.c **** *  Mode for the selected signals. Valid options are documented in 
  75:Generated_Source\PSoC5/Power_VDD4.c **** *  \ref driveMode.
  76:Generated_Source\PSoC5/Power_VDD4.c **** *
  77:Generated_Source\PSoC5/Power_VDD4.c **** * \return
  78:Generated_Source\PSoC5/Power_VDD4.c **** *  None
  79:Generated_Source\PSoC5/Power_VDD4.c **** *
  80:Generated_Source\PSoC5/Power_VDD4.c **** * \sideeffect
  81:Generated_Source\PSoC5/Power_VDD4.c **** *  If you use read-modify-write operations that are not atomic, the ISR can
  82:Generated_Source\PSoC5/Power_VDD4.c **** *  cause corruption of this function. An ISR that interrupts this function 
  83:Generated_Source\PSoC5/Power_VDD4.c **** *  and performs writes to the Pins component Drive Mode registers can cause 
  84:Generated_Source\PSoC5/Power_VDD4.c **** *  corrupted port data. To avoid this issue, you should either use the Per-Pin
  85:Generated_Source\PSoC5/Power_VDD4.c **** *  APIs (primary method) or disable interrupts around this function.
  86:Generated_Source\PSoC5/Power_VDD4.c **** *
  87:Generated_Source\PSoC5/Power_VDD4.c **** * \funcusage
ARM GAS  C:\Users\bk\AppData\Local\Temp\cc1bgrAs.s 			page 4


  88:Generated_Source\PSoC5/Power_VDD4.c **** *  \snippet Power_VDD4_SUT.c usage_Power_VDD4_SetDriveMode
  89:Generated_Source\PSoC5/Power_VDD4.c **** *******************************************************************************/
  90:Generated_Source\PSoC5/Power_VDD4.c **** void Power_VDD4_SetDriveMode(uint8 mode)
  91:Generated_Source\PSoC5/Power_VDD4.c **** {
  85              		.loc 1 91 0
  86              		.cfi_startproc
  87              		@ args = 0, pretend = 0, frame = 8
  88              		@ frame_needed = 1, uses_anonymous_args = 0
  89              		@ link register save eliminated.
  90 0000 80B4     		push	{r7}
  91              		.cfi_def_cfa_offset 4
  92              		.cfi_offset 7, -4
  93 0002 83B0     		sub	sp, sp, #12
  94              		.cfi_def_cfa_offset 16
  95 0004 00AF     		add	r7, sp, #0
  96              		.cfi_def_cfa_register 7
  97 0006 0346     		mov	r3, r0
  98 0008 FB71     		strb	r3, [r7, #7]
  92:Generated_Source\PSoC5/Power_VDD4.c **** 	CyPins_SetPinDriveMode(Power_VDD4_0, mode);
<<<<<<< HEAD
  99              		.loc 1 92 0
 100 000a 0B49     		ldr	r1, .L5
 101 000c 0A4B     		ldr	r3, .L5
 102 000e 1B78     		ldrb	r3, [r3]
 103 0010 DBB2     		uxtb	r3, r3
 104 0012 5BB2     		sxtb	r3, r3
 105 0014 23F00E03 		bic	r3, r3, #14
 106 0018 5AB2     		sxtb	r2, r3
 107 001a 97F90730 		ldrsb	r3, [r7, #7]
 108 001e 03F00E03 		and	r3, r3, #14
 109 0022 5BB2     		sxtb	r3, r3
 110 0024 1343     		orrs	r3, r3, r2
 111 0026 5BB2     		sxtb	r3, r3
 112 0028 DBB2     		uxtb	r3, r3
 113 002a 0B70     		strb	r3, [r1]
  93:Generated_Source\PSoC5/Power_VDD4.c **** }
 114              		.loc 1 93 0
 115 002c 00BF     		nop
 116 002e 0C37     		adds	r7, r7, #12
 117              		.cfi_def_cfa_offset 4
 118 0030 BD46     		mov	sp, r7
 119              		.cfi_def_cfa_register 13
 120              		@ sp needed
 121 0032 80BC     		pop	{r7}
 122              		.cfi_restore 7
 123              		.cfi_def_cfa_offset 0
 124 0034 7047     		bx	lr
 125              	.L6:
 126 0036 00BF     		.align	2
 127              	.L5:
 128 0038 1B500040 		.word	1073762331
 129              		.cfi_endproc
 130              	.LFE1:
 131              		.size	Power_VDD4_SetDriveMode, .-Power_VDD4_SetDriveMode
 132              		.section	.text.Power_VDD4_Read,"ax",%progbits
 133              		.align	2
 134              		.global	Power_VDD4_Read
 135              		.thumb
ARM GAS  C:\Users\bk\AppData\Local\Temp\cc1bgrAs.s 			page 5
=======
  67              		.loc 1 92 0
  68 0000 044A     		ldr	r2, .L5
  69 0002 1378     		ldrb	r3, [r2]	@ zero_extendqisi2
  70 0004 03F0F103 		and	r3, r3, #241
  71 0008 00F00E00 		and	r0, r0, #14
  72              	.LVL4:
  73 000c 1843     		orrs	r0, r0, r3
  74 000e 1070     		strb	r0, [r2]
  75 0010 7047     		bx	lr
  76              	.L6:
  77 0012 00BF     		.align	2
  78              	.L5:
  79 0014 1B500040 		.word	1073762331
ARM GAS  C:\Users\bk\AppData\Local\Temp\ccEQmUAi.s 			page 4
>>>>>>> parent of bb45d96... Sleep power downt to 20uA


 136              		.thumb_func
 137              		.type	Power_VDD4_Read, %function
 138              	Power_VDD4_Read:
 139              	.LFB2:
  94:Generated_Source\PSoC5/Power_VDD4.c **** 
  95:Generated_Source\PSoC5/Power_VDD4.c **** 
  96:Generated_Source\PSoC5/Power_VDD4.c **** /*******************************************************************************
  97:Generated_Source\PSoC5/Power_VDD4.c **** * Function Name: Power_VDD4_Read
  98:Generated_Source\PSoC5/Power_VDD4.c **** ****************************************************************************//**
  99:Generated_Source\PSoC5/Power_VDD4.c **** *
 100:Generated_Source\PSoC5/Power_VDD4.c **** * \brief Reads the associated physical port (pin status register) and masks 
 101:Generated_Source\PSoC5/Power_VDD4.c **** *  the required bits according to the width and bit position of the component
 102:Generated_Source\PSoC5/Power_VDD4.c **** *  instance. 
 103:Generated_Source\PSoC5/Power_VDD4.c **** *
 104:Generated_Source\PSoC5/Power_VDD4.c **** * The pin's status register returns the current logic level present on the 
 105:Generated_Source\PSoC5/Power_VDD4.c **** * physical pin.
 106:Generated_Source\PSoC5/Power_VDD4.c **** *
 107:Generated_Source\PSoC5/Power_VDD4.c **** * \return 
 108:Generated_Source\PSoC5/Power_VDD4.c **** *  The current value for the pins in the component as a right justified number.
 109:Generated_Source\PSoC5/Power_VDD4.c **** *
 110:Generated_Source\PSoC5/Power_VDD4.c **** * \funcusage
 111:Generated_Source\PSoC5/Power_VDD4.c **** *  \snippet Power_VDD4_SUT.c usage_Power_VDD4_Read  
 112:Generated_Source\PSoC5/Power_VDD4.c **** *******************************************************************************/
 113:Generated_Source\PSoC5/Power_VDD4.c **** uint8 Power_VDD4_Read(void)
 114:Generated_Source\PSoC5/Power_VDD4.c **** {
 140              		.loc 1 114 0
 141              		.cfi_startproc
 142              		@ args = 0, pretend = 0, frame = 0
 143              		@ frame_needed = 1, uses_anonymous_args = 0
 144              		@ link register save eliminated.
 145 0000 80B4     		push	{r7}
 146              		.cfi_def_cfa_offset 4
 147              		.cfi_offset 7, -4
 148 0002 00AF     		add	r7, sp, #0
 149              		.cfi_def_cfa_register 7
 115:Generated_Source\PSoC5/Power_VDD4.c ****     return (Power_VDD4_PS & Power_VDD4_MASK) >> Power_VDD4_SHIFT;
 150              		.loc 1 115 0
 151 0004 054B     		ldr	r3, .L9
 152 0006 1B78     		ldrb	r3, [r3]
 153 0008 DBB2     		uxtb	r3, r3
 154 000a 03F00803 		and	r3, r3, #8
 155 000e DB08     		lsrs	r3, r3, #3
 156 0010 DBB2     		uxtb	r3, r3
 116:Generated_Source\PSoC5/Power_VDD4.c **** }
<<<<<<< HEAD
 157              		.loc 1 116 0
 158 0012 1846     		mov	r0, r3
 159 0014 BD46     		mov	sp, r7
 160              		.cfi_def_cfa_register 13
 161              		@ sp needed
 162 0016 80BC     		pop	{r7}
 163              		.cfi_restore 7
 164              		.cfi_def_cfa_offset 0
 165 0018 7047     		bx	lr
 166              	.L10:
 167 001a 00BF     		.align	2
 168              	.L9:
 169 001c 31510040 		.word	1073762609
ARM GAS  C:\Users\bk\AppData\Local\Temp\cc1bgrAs.s 			page 6
=======
  99              		.loc 1 116 0
 100 0004 C0F3C000 		ubfx	r0, r0, #3, #1
 101 0008 7047     		bx	lr
 102              	.L9:
 103 000a 00BF     		.align	2
 104              	.L8:
 105 000c 31510040 		.word	1073762609
 106              		.cfi_endproc
 107              	.LFE2:
 108              		.size	Power_VDD4_Read, .-Power_VDD4_Read
 109              		.section	.text.Power_VDD4_ReadDataReg,"ax",%progbits
 110              		.align	2
 111              		.global	Power_VDD4_ReadDataReg
 112              		.thumb
ARM GAS  C:\Users\bk\AppData\Local\Temp\ccEQmUAi.s 			page 5
>>>>>>> parent of bb45d96... Sleep power downt to 20uA


 170              		.cfi_endproc
 171              	.LFE2:
 172              		.size	Power_VDD4_Read, .-Power_VDD4_Read
 173              		.section	.text.Power_VDD4_ReadDataReg,"ax",%progbits
 174              		.align	2
 175              		.global	Power_VDD4_ReadDataReg
 176              		.thumb
 177              		.thumb_func
 178              		.type	Power_VDD4_ReadDataReg, %function
 179              	Power_VDD4_ReadDataReg:
 180              	.LFB3:
 117:Generated_Source\PSoC5/Power_VDD4.c **** 
 118:Generated_Source\PSoC5/Power_VDD4.c **** 
 119:Generated_Source\PSoC5/Power_VDD4.c **** /*******************************************************************************
 120:Generated_Source\PSoC5/Power_VDD4.c **** * Function Name: Power_VDD4_ReadDataReg
 121:Generated_Source\PSoC5/Power_VDD4.c **** ****************************************************************************//**
 122:Generated_Source\PSoC5/Power_VDD4.c **** *
 123:Generated_Source\PSoC5/Power_VDD4.c **** * \brief Reads the associated physical port's data output register and masks 
 124:Generated_Source\PSoC5/Power_VDD4.c **** *  the correct bits according to the width and bit position of the component 
 125:Generated_Source\PSoC5/Power_VDD4.c **** *  instance. 
 126:Generated_Source\PSoC5/Power_VDD4.c **** *
 127:Generated_Source\PSoC5/Power_VDD4.c **** * The data output register controls the signal applied to the physical pin in 
 128:Generated_Source\PSoC5/Power_VDD4.c **** * conjunction with the drive mode parameter. This is not the same as the 
 129:Generated_Source\PSoC5/Power_VDD4.c **** * preferred Power_VDD4_Read() API because the 
 130:Generated_Source\PSoC5/Power_VDD4.c **** * Power_VDD4_ReadDataReg() reads the data register instead of the status 
 131:Generated_Source\PSoC5/Power_VDD4.c **** * register. For output pins this is a useful function to determine the value 
 132:Generated_Source\PSoC5/Power_VDD4.c **** * just written to the pin.
 133:Generated_Source\PSoC5/Power_VDD4.c **** *
 134:Generated_Source\PSoC5/Power_VDD4.c **** * \return 
 135:Generated_Source\PSoC5/Power_VDD4.c **** *  The current value of the data register masked and shifted into a right 
 136:Generated_Source\PSoC5/Power_VDD4.c **** *  justified number for the component instance.
 137:Generated_Source\PSoC5/Power_VDD4.c **** *
 138:Generated_Source\PSoC5/Power_VDD4.c **** * \funcusage
 139:Generated_Source\PSoC5/Power_VDD4.c **** *  \snippet Power_VDD4_SUT.c usage_Power_VDD4_ReadDataReg 
 140:Generated_Source\PSoC5/Power_VDD4.c **** *******************************************************************************/
 141:Generated_Source\PSoC5/Power_VDD4.c **** uint8 Power_VDD4_ReadDataReg(void)
 142:Generated_Source\PSoC5/Power_VDD4.c **** {
 181              		.loc 1 142 0
 182              		.cfi_startproc
 183              		@ args = 0, pretend = 0, frame = 0
 184              		@ frame_needed = 1, uses_anonymous_args = 0
 185              		@ link register save eliminated.
 186 0000 80B4     		push	{r7}
 187              		.cfi_def_cfa_offset 4
 188              		.cfi_offset 7, -4
 189 0002 00AF     		add	r7, sp, #0
 190              		.cfi_def_cfa_register 7
 143:Generated_Source\PSoC5/Power_VDD4.c ****     return (Power_VDD4_DR & Power_VDD4_MASK) >> Power_VDD4_SHIFT;
 191              		.loc 1 143 0
 192 0004 054B     		ldr	r3, .L13
 193 0006 1B78     		ldrb	r3, [r3]
 194 0008 DBB2     		uxtb	r3, r3
 195 000a 03F00803 		and	r3, r3, #8
 196 000e DB08     		lsrs	r3, r3, #3
 197 0010 DBB2     		uxtb	r3, r3
 144:Generated_Source\PSoC5/Power_VDD4.c **** }
<<<<<<< HEAD
 198              		.loc 1 144 0
ARM GAS  C:\Users\bk\AppData\Local\Temp\cc1bgrAs.s 			page 7


 199 0012 1846     		mov	r0, r3
 200 0014 BD46     		mov	sp, r7
 201              		.cfi_def_cfa_register 13
 202              		@ sp needed
 203 0016 80BC     		pop	{r7}
 204              		.cfi_restore 7
 205              		.cfi_def_cfa_offset 0
 206 0018 7047     		bx	lr
 207              	.L14:
 208 001a 00BF     		.align	2
 209              	.L13:
 210 001c 30510040 		.word	1073762608
 211              		.cfi_endproc
 212              	.LFE3:
 213              		.size	Power_VDD4_ReadDataReg, .-Power_VDD4_ReadDataReg
 214              		.text
 215              	.Letext0:
 216              		.file 2 "Generated_Source\\PSoC5\\cytypes.h"
 217              		.section	.debug_info,"",%progbits
 218              	.Ldebug_info0:
 219 0000 1A010000 		.4byte	0x11a
 220 0004 0400     		.2byte	0x4
 221 0006 00000000 		.4byte	.Ldebug_abbrev0
 222 000a 04       		.byte	0x4
 223 000b 01       		.uleb128 0x1
 224 000c 00000000 		.4byte	.LASF20
 225 0010 0C       		.byte	0xc
 226 0011 AF000000 		.4byte	.LASF21
 227 0015 D9000000 		.4byte	.LASF22
 228 0019 00000000 		.4byte	.Ldebug_ranges0+0
 229 001d 00000000 		.4byte	0
 230 0021 00000000 		.4byte	.Ldebug_line0
 231 0025 02       		.uleb128 0x2
 232 0026 01       		.byte	0x1
 233 0027 06       		.byte	0x6
 234 0028 F6010000 		.4byte	.LASF0
 235 002c 02       		.uleb128 0x2
 236 002d 01       		.byte	0x1
 237 002e 08       		.byte	0x8
 238 002f 22010000 		.4byte	.LASF1
 239 0033 02       		.uleb128 0x2
 240 0034 02       		.byte	0x2
 241 0035 05       		.byte	0x5
 242 0036 CC010000 		.4byte	.LASF2
 243 003a 02       		.uleb128 0x2
 244 003b 02       		.byte	0x2
 245 003c 07       		.byte	0x7
 246 003d 47010000 		.4byte	.LASF3
 247 0041 02       		.uleb128 0x2
 248 0042 04       		.byte	0x4
 249 0043 05       		.byte	0x5
 250 0044 ED010000 		.4byte	.LASF4
 251 0048 02       		.uleb128 0x2
 252 0049 04       		.byte	0x4
 253 004a 07       		.byte	0x7
 254 004b 35010000 		.4byte	.LASF5
 255 004f 02       		.uleb128 0x2
ARM GAS  C:\Users\bk\AppData\Local\Temp\cc1bgrAs.s 			page 8


 256 0050 08       		.byte	0x8
 257 0051 05       		.byte	0x5
 258 0052 B9010000 		.4byte	.LASF6
 259 0056 02       		.uleb128 0x2
 260 0057 08       		.byte	0x8
 261 0058 07       		.byte	0x7
 262 0059 6E010000 		.4byte	.LASF7
 263 005d 03       		.uleb128 0x3
 264 005e 04       		.byte	0x4
 265 005f 05       		.byte	0x5
 266 0060 696E7400 		.ascii	"int\000"
 267 0064 02       		.uleb128 0x2
 268 0065 04       		.byte	0x4
 269 0066 07       		.byte	0x7
 270 0067 61010000 		.4byte	.LASF8
 271 006b 04       		.uleb128 0x4
 272 006c D6010000 		.4byte	.LASF12
 273 0070 02       		.byte	0x2
 274 0071 E401     		.2byte	0x1e4
 275 0073 2C000000 		.4byte	0x2c
 276 0077 02       		.uleb128 0x2
 277 0078 04       		.byte	0x4
 278 0079 04       		.byte	0x4
 279 007a D3000000 		.4byte	.LASF9
 280 007e 02       		.uleb128 0x2
 281 007f 08       		.byte	0x8
 282 0080 04       		.byte	0x4
 283 0081 5A010000 		.4byte	.LASF10
 284 0085 02       		.uleb128 0x2
 285 0086 01       		.byte	0x1
 286 0087 08       		.byte	0x8
 287 0088 C7010000 		.4byte	.LASF11
 288 008c 04       		.uleb128 0x4
 289 008d 30010000 		.4byte	.LASF13
 290 0091 02       		.byte	0x2
 291 0092 8E02     		.2byte	0x28e
 292 0094 98000000 		.4byte	0x98
 293 0098 05       		.uleb128 0x5
 294 0099 6B000000 		.4byte	0x6b
 295 009d 06       		.uleb128 0x6
 296 009e DC010000 		.4byte	.LASF14
 297 00a2 01       		.byte	0x1
 298 00a3 39       		.byte	0x39
 299 00a4 00000000 		.4byte	.LFB0
 300 00a8 3C000000 		.4byte	.LFE0-.LFB0
 301 00ac 01       		.uleb128 0x1
 302 00ad 9C       		.byte	0x9c
 303 00ae CF000000 		.4byte	0xcf
 304 00b2 07       		.uleb128 0x7
 305 00b3 8E000000 		.4byte	.LASF16
 306 00b7 01       		.byte	0x1
 307 00b8 39       		.byte	0x39
 308 00b9 6B000000 		.4byte	0x6b
 309 00bd 02       		.uleb128 0x2
 310 00be 91       		.byte	0x91
 311 00bf 6F       		.sleb128 -17
 312 00c0 08       		.uleb128 0x8
ARM GAS  C:\Users\bk\AppData\Local\Temp\cc1bgrAs.s 			page 9


 313 00c1 94000000 		.4byte	.LASF23
 314 00c5 01       		.byte	0x1
 315 00c6 3B       		.byte	0x3b
 316 00c7 6B000000 		.4byte	0x6b
 317 00cb 02       		.uleb128 0x2
 318 00cc 91       		.byte	0x91
 319 00cd 77       		.sleb128 -9
 320 00ce 00       		.byte	0
 321 00cf 06       		.uleb128 0x6
 322 00d0 A1010000 		.4byte	.LASF15
 323 00d4 01       		.byte	0x1
 324 00d5 5A       		.byte	0x5a
 325 00d6 00000000 		.4byte	.LFB1
 326 00da 3C000000 		.4byte	.LFE1-.LFB1
 327 00de 01       		.uleb128 0x1
 328 00df 9C       		.byte	0x9c
 329 00e0 F3000000 		.4byte	0xf3
 330 00e4 07       		.uleb128 0x7
 331 00e5 9C010000 		.4byte	.LASF17
 332 00e9 01       		.byte	0x1
 333 00ea 5A       		.byte	0x5a
 334 00eb 6B000000 		.4byte	0x6b
 335 00ef 02       		.uleb128 0x2
 336 00f0 91       		.byte	0x91
 337 00f1 77       		.sleb128 -9
 338 00f2 00       		.byte	0
 339 00f3 09       		.uleb128 0x9
 340 00f4 9F000000 		.4byte	.LASF18
 341 00f8 01       		.byte	0x1
 342 00f9 71       		.byte	0x71
 343 00fa 6B000000 		.4byte	0x6b
 344 00fe 00000000 		.4byte	.LFB2
 345 0102 20000000 		.4byte	.LFE2-.LFB2
 346 0106 01       		.uleb128 0x1
 347 0107 9C       		.byte	0x9c
 348 0108 09       		.uleb128 0x9
 349 0109 85010000 		.4byte	.LASF19
 350 010d 01       		.byte	0x1
 351 010e 8D       		.byte	0x8d
 352 010f 6B000000 		.4byte	0x6b
 353 0113 00000000 		.4byte	.LFB3
 354 0117 20000000 		.4byte	.LFE3-.LFB3
 355 011b 01       		.uleb128 0x1
 356 011c 9C       		.byte	0x9c
 357 011d 00       		.byte	0
 358              		.section	.debug_abbrev,"",%progbits
 359              	.Ldebug_abbrev0:
 360 0000 01       		.uleb128 0x1
 361 0001 11       		.uleb128 0x11
 362 0002 01       		.byte	0x1
 363 0003 25       		.uleb128 0x25
 364 0004 0E       		.uleb128 0xe
 365 0005 13       		.uleb128 0x13
 366 0006 0B       		.uleb128 0xb
 367 0007 03       		.uleb128 0x3
 368 0008 0E       		.uleb128 0xe
 369 0009 1B       		.uleb128 0x1b
ARM GAS  C:\Users\bk\AppData\Local\Temp\cc1bgrAs.s 			page 10


 370 000a 0E       		.uleb128 0xe
 371 000b 55       		.uleb128 0x55
 372 000c 17       		.uleb128 0x17
 373 000d 11       		.uleb128 0x11
 374 000e 01       		.uleb128 0x1
 375 000f 10       		.uleb128 0x10
 376 0010 17       		.uleb128 0x17
 377 0011 00       		.byte	0
 378 0012 00       		.byte	0
 379 0013 02       		.uleb128 0x2
 380 0014 24       		.uleb128 0x24
 381 0015 00       		.byte	0
 382 0016 0B       		.uleb128 0xb
 383 0017 0B       		.uleb128 0xb
 384 0018 3E       		.uleb128 0x3e
 385 0019 0B       		.uleb128 0xb
 386 001a 03       		.uleb128 0x3
 387 001b 0E       		.uleb128 0xe
 388 001c 00       		.byte	0
 389 001d 00       		.byte	0
 390 001e 03       		.uleb128 0x3
 391 001f 24       		.uleb128 0x24
 392 0020 00       		.byte	0
 393 0021 0B       		.uleb128 0xb
 394 0022 0B       		.uleb128 0xb
 395 0023 3E       		.uleb128 0x3e
 396 0024 0B       		.uleb128 0xb
 397 0025 03       		.uleb128 0x3
 398 0026 08       		.uleb128 0x8
 399 0027 00       		.byte	0
 400 0028 00       		.byte	0
 401 0029 04       		.uleb128 0x4
 402 002a 16       		.uleb128 0x16
 403 002b 00       		.byte	0
 404 002c 03       		.uleb128 0x3
 405 002d 0E       		.uleb128 0xe
 406 002e 3A       		.uleb128 0x3a
 407 002f 0B       		.uleb128 0xb
 408 0030 3B       		.uleb128 0x3b
 409 0031 05       		.uleb128 0x5
 410 0032 49       		.uleb128 0x49
 411 0033 13       		.uleb128 0x13
 412 0034 00       		.byte	0
 413 0035 00       		.byte	0
 414 0036 05       		.uleb128 0x5
 415 0037 35       		.uleb128 0x35
 416 0038 00       		.byte	0
 417 0039 49       		.uleb128 0x49
 418 003a 13       		.uleb128 0x13
 419 003b 00       		.byte	0
 420 003c 00       		.byte	0
 421 003d 06       		.uleb128 0x6
 422 003e 2E       		.uleb128 0x2e
 423 003f 01       		.byte	0x1
 424 0040 3F       		.uleb128 0x3f
 425 0041 19       		.uleb128 0x19
 426 0042 03       		.uleb128 0x3
ARM GAS  C:\Users\bk\AppData\Local\Temp\cc1bgrAs.s 			page 11


 427 0043 0E       		.uleb128 0xe
 428 0044 3A       		.uleb128 0x3a
 429 0045 0B       		.uleb128 0xb
 430 0046 3B       		.uleb128 0x3b
 431 0047 0B       		.uleb128 0xb
 432 0048 27       		.uleb128 0x27
 433 0049 19       		.uleb128 0x19
 434 004a 11       		.uleb128 0x11
 435 004b 01       		.uleb128 0x1
 436 004c 12       		.uleb128 0x12
 437 004d 06       		.uleb128 0x6
 438 004e 40       		.uleb128 0x40
 439 004f 18       		.uleb128 0x18
 440 0050 9742     		.uleb128 0x2117
 441 0052 19       		.uleb128 0x19
 442 0053 01       		.uleb128 0x1
 443 0054 13       		.uleb128 0x13
 444 0055 00       		.byte	0
 445 0056 00       		.byte	0
 446 0057 07       		.uleb128 0x7
 447 0058 05       		.uleb128 0x5
 448 0059 00       		.byte	0
 449 005a 03       		.uleb128 0x3
 450 005b 0E       		.uleb128 0xe
 451 005c 3A       		.uleb128 0x3a
 452 005d 0B       		.uleb128 0xb
 453 005e 3B       		.uleb128 0x3b
 454 005f 0B       		.uleb128 0xb
 455 0060 49       		.uleb128 0x49
 456 0061 13       		.uleb128 0x13
 457 0062 02       		.uleb128 0x2
 458 0063 18       		.uleb128 0x18
 459 0064 00       		.byte	0
 460 0065 00       		.byte	0
 461 0066 08       		.uleb128 0x8
 462 0067 34       		.uleb128 0x34
 463 0068 00       		.byte	0
 464 0069 03       		.uleb128 0x3
 465 006a 0E       		.uleb128 0xe
 466 006b 3A       		.uleb128 0x3a
 467 006c 0B       		.uleb128 0xb
 468 006d 3B       		.uleb128 0x3b
 469 006e 0B       		.uleb128 0xb
 470 006f 49       		.uleb128 0x49
 471 0070 13       		.uleb128 0x13
 472 0071 02       		.uleb128 0x2
 473 0072 18       		.uleb128 0x18
 474 0073 00       		.byte	0
 475 0074 00       		.byte	0
 476 0075 09       		.uleb128 0x9
 477 0076 2E       		.uleb128 0x2e
 478 0077 00       		.byte	0
 479 0078 3F       		.uleb128 0x3f
 480 0079 19       		.uleb128 0x19
 481 007a 03       		.uleb128 0x3
 482 007b 0E       		.uleb128 0xe
 483 007c 3A       		.uleb128 0x3a
ARM GAS  C:\Users\bk\AppData\Local\Temp\cc1bgrAs.s 			page 12


 484 007d 0B       		.uleb128 0xb
 485 007e 3B       		.uleb128 0x3b
 486 007f 0B       		.uleb128 0xb
 487 0080 27       		.uleb128 0x27
 488 0081 19       		.uleb128 0x19
 489 0082 49       		.uleb128 0x49
 490 0083 13       		.uleb128 0x13
 491 0084 11       		.uleb128 0x11
 492 0085 01       		.uleb128 0x1
 493 0086 12       		.uleb128 0x12
 494 0087 06       		.uleb128 0x6
 495 0088 40       		.uleb128 0x40
 496 0089 18       		.uleb128 0x18
 497 008a 9742     		.uleb128 0x2117
 498 008c 19       		.uleb128 0x19
 499 008d 00       		.byte	0
 500 008e 00       		.byte	0
 501 008f 00       		.byte	0
 502              		.section	.debug_aranges,"",%progbits
 503 0000 34000000 		.4byte	0x34
 504 0004 0200     		.2byte	0x2
 505 0006 00000000 		.4byte	.Ldebug_info0
 506 000a 04       		.byte	0x4
 507 000b 00       		.byte	0
 508 000c 0000     		.2byte	0
 509 000e 0000     		.2byte	0
 510 0010 00000000 		.4byte	.LFB0
 511 0014 3C000000 		.4byte	.LFE0-.LFB0
 512 0018 00000000 		.4byte	.LFB1
 513 001c 3C000000 		.4byte	.LFE1-.LFB1
 514 0020 00000000 		.4byte	.LFB2
 515 0024 20000000 		.4byte	.LFE2-.LFB2
 516 0028 00000000 		.4byte	.LFB3
 517 002c 20000000 		.4byte	.LFE3-.LFB3
 518 0030 00000000 		.4byte	0
 519 0034 00000000 		.4byte	0
 520              		.section	.debug_ranges,"",%progbits
 521              	.Ldebug_ranges0:
 522 0000 00000000 		.4byte	.LFB0
 523 0004 3C000000 		.4byte	.LFE0
 524 0008 00000000 		.4byte	.LFB1
 525 000c 3C000000 		.4byte	.LFE1
 526 0010 00000000 		.4byte	.LFB2
 527 0014 20000000 		.4byte	.LFE2
 528 0018 00000000 		.4byte	.LFB3
 529 001c 20000000 		.4byte	.LFE3
 530 0020 00000000 		.4byte	0
 531 0024 00000000 		.4byte	0
 532              		.section	.debug_line,"",%progbits
 533              	.Ldebug_line0:
 534 0000 96000000 		.section	.debug_str,"MS",%progbits,1
 534      02004700 
 534      00000201 
 534      FB0E0D00 
 534      01010101 
 535              	.LASF20:
 536 0000 474E5520 		.ascii	"GNU C11 5.4.1 20160609 (release) [ARM/embedded-5-br"
ARM GAS  C:\Users\bk\AppData\Local\Temp\cc1bgrAs.s 			page 13


 536      43313120 
 536      352E342E 
 536      31203230 
 536      31363036 
 537 0033 616E6368 		.ascii	"anch revision 237715] -mcpu=cortex-m3 -mthumb -g -O"
 537      20726576 
 537      6973696F 
 537      6E203233 
 537      37373135 
 538 0066 30202D66 		.ascii	"0 -ffunction-sections -ffat-lto-objects\000"
 538      66756E63 
 538      74696F6E 
 538      2D736563 
 538      74696F6E 
 539              	.LASF16:
 540 008e 76616C75 		.ascii	"value\000"
 540      6500
 541              	.LASF23:
 542 0094 73746174 		.ascii	"staticBits\000"
 542      69634269 
 542      747300
 543              	.LASF18:
 544 009f 506F7765 		.ascii	"Power_VDD4_Read\000"
 544      725F5644 
 544      44345F52 
 544      65616400 
 545              	.LASF21:
 546 00af 47656E65 		.ascii	"Generated_Source\\PSoC5\\Power_VDD4.c\000"
 546      72617465 
 546      645F536F 
 546      75726365 
 546      5C50536F 
 547              	.LASF9:
 548 00d3 666C6F61 		.ascii	"float\000"
 548      7400
 549              	.LASF22:
 550 00d9 433A5C55 		.ascii	"C:\\Users\\bk\\Documents\\GitHub\\Open Storm\\notor"
 550      73657273 
 550      5C626B5C 
 550      446F6375 
 550      6D656E74 
 551 0106 694F535C 		.ascii	"iOS\\notoriOS\\notoriOS.cydsn\000"
 551      6E6F746F 
 551      72694F53 
 551      5C6E6F74 
 551      6F72694F 
 552              	.LASF1:
 553 0122 756E7369 		.ascii	"unsigned char\000"
 553      676E6564 
 553      20636861 
 553      7200
 554              	.LASF13:
 555 0130 72656738 		.ascii	"reg8\000"
 555      00
 556              	.LASF5:
 557 0135 6C6F6E67 		.ascii	"long unsigned int\000"
 557      20756E73 
ARM GAS  C:\Users\bk\AppData\Local\Temp\cc1bgrAs.s 			page 14


 557      69676E65 
 557      6420696E 
 557      7400
 558              	.LASF3:
 559 0147 73686F72 		.ascii	"short unsigned int\000"
 559      7420756E 
 559      7369676E 
 559      65642069 
 559      6E7400
 560              	.LASF10:
 561 015a 646F7562 		.ascii	"double\000"
 561      6C6500
 562              	.LASF8:
 563 0161 756E7369 		.ascii	"unsigned int\000"
 563      676E6564 
 563      20696E74 
 563      00
 564              	.LASF7:
 565 016e 6C6F6E67 		.ascii	"long long unsigned int\000"
 565      206C6F6E 
 565      6720756E 
 565      7369676E 
 565      65642069 
 566              	.LASF19:
 567 0185 506F7765 		.ascii	"Power_VDD4_ReadDataReg\000"
 567      725F5644 
 567      44345F52 
 567      65616444 
 567      61746152 
 568              	.LASF17:
 569 019c 6D6F6465 		.ascii	"mode\000"
 569      00
 570              	.LASF15:
 571 01a1 506F7765 		.ascii	"Power_VDD4_SetDriveMode\000"
 571      725F5644 
 571      44345F53 
 571      65744472 
 571      6976654D 
 572              	.LASF6:
 573 01b9 6C6F6E67 		.ascii	"long long int\000"
 573      206C6F6E 
 573      6720696E 
 573      7400
 574              	.LASF11:
 575 01c7 63686172 		.ascii	"char\000"
 575      00
 576              	.LASF2:
 577 01cc 73686F72 		.ascii	"short int\000"
 577      7420696E 
 577      7400
 578              	.LASF12:
 579 01d6 75696E74 		.ascii	"uint8\000"
 579      3800
 580              	.LASF14:
 581 01dc 506F7765 		.ascii	"Power_VDD4_Write\000"
 581      725F5644 
 581      44345F57 
ARM GAS  C:\Users\bk\AppData\Local\Temp\cc1bgrAs.s 			page 15
=======
 125              		.loc 1 144 0
 126 0004 C0F3C000 		ubfx	r0, r0, #3, #1
 127 0008 7047     		bx	lr
 128              	.L12:
 129 000a 00BF     		.align	2
 130              	.L11:
 131 000c 30510040 		.word	1073762608
 132              		.cfi_endproc
 133              	.LFE3:
 134              		.size	Power_VDD4_ReadDataReg, .-Power_VDD4_ReadDataReg
 135              		.text
 136              	.Letext0:
 137              		.file 2 "Generated_Source\\PSoC5\\cytypes.h"
 138              		.section	.debug_info,"",%progbits
 139              	.Ldebug_info0:
 140 0000 1B010000 		.4byte	0x11b
 141 0004 0400     		.2byte	0x4
ARM GAS  C:\Users\bk\AppData\Local\Temp\ccEQmUAi.s 			page 6


 142 0006 00000000 		.4byte	.Ldebug_abbrev0
 143 000a 04       		.byte	0x4
 144 000b 01       		.uleb128 0x1
 145 000c A2000000 		.4byte	.LASF20
 146 0010 0C       		.byte	0xc
 147 0011 21000000 		.4byte	.LASF21
 148 0015 4B000000 		.4byte	.LASF22
 149 0019 00000000 		.4byte	.Ldebug_ranges0+0
 150 001d 00000000 		.4byte	0
 151 0021 00000000 		.4byte	.Ldebug_line0
 152 0025 02       		.uleb128 0x2
 153 0026 01       		.byte	0x1
 154 0027 06       		.byte	0x6
 155 0028 F6010000 		.4byte	.LASF0
 156 002c 02       		.uleb128 0x2
 157 002d 01       		.byte	0x1
 158 002e 08       		.byte	0x8
 159 002f 94000000 		.4byte	.LASF1
 160 0033 02       		.uleb128 0x2
 161 0034 02       		.byte	0x2
 162 0035 05       		.byte	0x5
 163 0036 CC010000 		.4byte	.LASF2
 164 003a 02       		.uleb128 0x2
 165 003b 02       		.byte	0x2
 166 003c 07       		.byte	0x7
 167 003d 47010000 		.4byte	.LASF3
 168 0041 02       		.uleb128 0x2
 169 0042 04       		.byte	0x4
 170 0043 05       		.byte	0x5
 171 0044 ED010000 		.4byte	.LASF4
 172 0048 02       		.uleb128 0x2
 173 0049 04       		.byte	0x4
 174 004a 07       		.byte	0x7
 175 004b 35010000 		.4byte	.LASF5
 176 004f 02       		.uleb128 0x2
 177 0050 08       		.byte	0x8
 178 0051 05       		.byte	0x5
 179 0052 B9010000 		.4byte	.LASF6
 180 0056 02       		.uleb128 0x2
 181 0057 08       		.byte	0x8
 182 0058 07       		.byte	0x7
 183 0059 6E010000 		.4byte	.LASF7
 184 005d 03       		.uleb128 0x3
 185 005e 04       		.byte	0x4
 186 005f 05       		.byte	0x5
 187 0060 696E7400 		.ascii	"int\000"
 188 0064 02       		.uleb128 0x2
 189 0065 04       		.byte	0x4
 190 0066 07       		.byte	0x7
 191 0067 61010000 		.4byte	.LASF8
 192 006b 04       		.uleb128 0x4
 193 006c D6010000 		.4byte	.LASF12
 194 0070 02       		.byte	0x2
 195 0071 E401     		.2byte	0x1e4
 196 0073 2C000000 		.4byte	0x2c
 197 0077 02       		.uleb128 0x2
 198 0078 04       		.byte	0x4
ARM GAS  C:\Users\bk\AppData\Local\Temp\ccEQmUAi.s 			page 7


 199 0079 04       		.byte	0x4
 200 007a 45000000 		.4byte	.LASF9
 201 007e 02       		.uleb128 0x2
 202 007f 08       		.byte	0x8
 203 0080 04       		.byte	0x4
 204 0081 5A010000 		.4byte	.LASF10
 205 0085 02       		.uleb128 0x2
 206 0086 01       		.byte	0x1
 207 0087 08       		.byte	0x8
 208 0088 C7010000 		.4byte	.LASF11
 209 008c 04       		.uleb128 0x4
 210 008d 30010000 		.4byte	.LASF13
 211 0091 02       		.byte	0x2
 212 0092 8E02     		.2byte	0x28e
 213 0094 98000000 		.4byte	0x98
 214 0098 05       		.uleb128 0x5
 215 0099 6B000000 		.4byte	0x6b
 216 009d 06       		.uleb128 0x6
 217 009e DC010000 		.4byte	.LASF14
 218 00a2 01       		.byte	0x1
 219 00a3 39       		.byte	0x39
 220 00a4 00000000 		.4byte	.LFB0
 221 00a8 18000000 		.4byte	.LFE0-.LFB0
 222 00ac 01       		.uleb128 0x1
 223 00ad 9C       		.byte	0x9c
 224 00ae CF000000 		.4byte	0xcf
 225 00b2 07       		.uleb128 0x7
 226 00b3 00000000 		.4byte	.LASF16
 227 00b7 01       		.byte	0x1
 228 00b8 39       		.byte	0x39
 229 00b9 6B000000 		.4byte	0x6b
 230 00bd 00000000 		.4byte	.LLST0
 231 00c1 08       		.uleb128 0x8
 232 00c2 06000000 		.4byte	.LASF23
 233 00c6 01       		.byte	0x1
 234 00c7 3B       		.byte	0x3b
 235 00c8 6B000000 		.4byte	0x6b
 236 00cc 01       		.uleb128 0x1
 237 00cd 53       		.byte	0x53
 238 00ce 00       		.byte	0
 239 00cf 06       		.uleb128 0x6
 240 00d0 A1010000 		.4byte	.LASF15
 241 00d4 01       		.byte	0x1
 242 00d5 5A       		.byte	0x5a
 243 00d6 00000000 		.4byte	.LFB1
 244 00da 18000000 		.4byte	.LFE1-.LFB1
 245 00de 01       		.uleb128 0x1
 246 00df 9C       		.byte	0x9c
 247 00e0 F4000000 		.4byte	0xf4
 248 00e4 07       		.uleb128 0x7
 249 00e5 9C010000 		.4byte	.LASF17
 250 00e9 01       		.byte	0x1
 251 00ea 5A       		.byte	0x5a
 252 00eb 6B000000 		.4byte	0x6b
 253 00ef 21000000 		.4byte	.LLST1
 254 00f3 00       		.byte	0
 255 00f4 09       		.uleb128 0x9
ARM GAS  C:\Users\bk\AppData\Local\Temp\ccEQmUAi.s 			page 8


 256 00f5 11000000 		.4byte	.LASF18
 257 00f9 01       		.byte	0x1
 258 00fa 71       		.byte	0x71
 259 00fb 6B000000 		.4byte	0x6b
 260 00ff 00000000 		.4byte	.LFB2
 261 0103 10000000 		.4byte	.LFE2-.LFB2
 262 0107 01       		.uleb128 0x1
 263 0108 9C       		.byte	0x9c
 264 0109 09       		.uleb128 0x9
 265 010a 85010000 		.4byte	.LASF19
 266 010e 01       		.byte	0x1
 267 010f 8D       		.byte	0x8d
 268 0110 6B000000 		.4byte	0x6b
 269 0114 00000000 		.4byte	.LFB3
 270 0118 10000000 		.4byte	.LFE3-.LFB3
 271 011c 01       		.uleb128 0x1
 272 011d 9C       		.byte	0x9c
 273 011e 00       		.byte	0
 274              		.section	.debug_abbrev,"",%progbits
 275              	.Ldebug_abbrev0:
 276 0000 01       		.uleb128 0x1
 277 0001 11       		.uleb128 0x11
 278 0002 01       		.byte	0x1
 279 0003 25       		.uleb128 0x25
 280 0004 0E       		.uleb128 0xe
 281 0005 13       		.uleb128 0x13
 282 0006 0B       		.uleb128 0xb
 283 0007 03       		.uleb128 0x3
 284 0008 0E       		.uleb128 0xe
 285 0009 1B       		.uleb128 0x1b
 286 000a 0E       		.uleb128 0xe
 287 000b 55       		.uleb128 0x55
 288 000c 17       		.uleb128 0x17
 289 000d 11       		.uleb128 0x11
 290 000e 01       		.uleb128 0x1
 291 000f 10       		.uleb128 0x10
 292 0010 17       		.uleb128 0x17
 293 0011 00       		.byte	0
 294 0012 00       		.byte	0
 295 0013 02       		.uleb128 0x2
 296 0014 24       		.uleb128 0x24
 297 0015 00       		.byte	0
 298 0016 0B       		.uleb128 0xb
 299 0017 0B       		.uleb128 0xb
 300 0018 3E       		.uleb128 0x3e
 301 0019 0B       		.uleb128 0xb
 302 001a 03       		.uleb128 0x3
 303 001b 0E       		.uleb128 0xe
 304 001c 00       		.byte	0
 305 001d 00       		.byte	0
 306 001e 03       		.uleb128 0x3
 307 001f 24       		.uleb128 0x24
 308 0020 00       		.byte	0
 309 0021 0B       		.uleb128 0xb
 310 0022 0B       		.uleb128 0xb
 311 0023 3E       		.uleb128 0x3e
 312 0024 0B       		.uleb128 0xb
ARM GAS  C:\Users\bk\AppData\Local\Temp\ccEQmUAi.s 			page 9


 313 0025 03       		.uleb128 0x3
 314 0026 08       		.uleb128 0x8
 315 0027 00       		.byte	0
 316 0028 00       		.byte	0
 317 0029 04       		.uleb128 0x4
 318 002a 16       		.uleb128 0x16
 319 002b 00       		.byte	0
 320 002c 03       		.uleb128 0x3
 321 002d 0E       		.uleb128 0xe
 322 002e 3A       		.uleb128 0x3a
 323 002f 0B       		.uleb128 0xb
 324 0030 3B       		.uleb128 0x3b
 325 0031 05       		.uleb128 0x5
 326 0032 49       		.uleb128 0x49
 327 0033 13       		.uleb128 0x13
 328 0034 00       		.byte	0
 329 0035 00       		.byte	0
 330 0036 05       		.uleb128 0x5
 331 0037 35       		.uleb128 0x35
 332 0038 00       		.byte	0
 333 0039 49       		.uleb128 0x49
 334 003a 13       		.uleb128 0x13
 335 003b 00       		.byte	0
 336 003c 00       		.byte	0
 337 003d 06       		.uleb128 0x6
 338 003e 2E       		.uleb128 0x2e
 339 003f 01       		.byte	0x1
 340 0040 3F       		.uleb128 0x3f
 341 0041 19       		.uleb128 0x19
 342 0042 03       		.uleb128 0x3
 343 0043 0E       		.uleb128 0xe
 344 0044 3A       		.uleb128 0x3a
 345 0045 0B       		.uleb128 0xb
 346 0046 3B       		.uleb128 0x3b
 347 0047 0B       		.uleb128 0xb
 348 0048 27       		.uleb128 0x27
 349 0049 19       		.uleb128 0x19
 350 004a 11       		.uleb128 0x11
 351 004b 01       		.uleb128 0x1
 352 004c 12       		.uleb128 0x12
 353 004d 06       		.uleb128 0x6
 354 004e 40       		.uleb128 0x40
 355 004f 18       		.uleb128 0x18
 356 0050 9742     		.uleb128 0x2117
 357 0052 19       		.uleb128 0x19
 358 0053 01       		.uleb128 0x1
 359 0054 13       		.uleb128 0x13
 360 0055 00       		.byte	0
 361 0056 00       		.byte	0
 362 0057 07       		.uleb128 0x7
 363 0058 05       		.uleb128 0x5
 364 0059 00       		.byte	0
 365 005a 03       		.uleb128 0x3
 366 005b 0E       		.uleb128 0xe
 367 005c 3A       		.uleb128 0x3a
 368 005d 0B       		.uleb128 0xb
 369 005e 3B       		.uleb128 0x3b
ARM GAS  C:\Users\bk\AppData\Local\Temp\ccEQmUAi.s 			page 10


 370 005f 0B       		.uleb128 0xb
 371 0060 49       		.uleb128 0x49
 372 0061 13       		.uleb128 0x13
 373 0062 02       		.uleb128 0x2
 374 0063 17       		.uleb128 0x17
 375 0064 00       		.byte	0
 376 0065 00       		.byte	0
 377 0066 08       		.uleb128 0x8
 378 0067 34       		.uleb128 0x34
 379 0068 00       		.byte	0
 380 0069 03       		.uleb128 0x3
 381 006a 0E       		.uleb128 0xe
 382 006b 3A       		.uleb128 0x3a
 383 006c 0B       		.uleb128 0xb
 384 006d 3B       		.uleb128 0x3b
 385 006e 0B       		.uleb128 0xb
 386 006f 49       		.uleb128 0x49
 387 0070 13       		.uleb128 0x13
 388 0071 02       		.uleb128 0x2
 389 0072 18       		.uleb128 0x18
 390 0073 00       		.byte	0
 391 0074 00       		.byte	0
 392 0075 09       		.uleb128 0x9
 393 0076 2E       		.uleb128 0x2e
 394 0077 00       		.byte	0
 395 0078 3F       		.uleb128 0x3f
 396 0079 19       		.uleb128 0x19
 397 007a 03       		.uleb128 0x3
 398 007b 0E       		.uleb128 0xe
 399 007c 3A       		.uleb128 0x3a
 400 007d 0B       		.uleb128 0xb
 401 007e 3B       		.uleb128 0x3b
 402 007f 0B       		.uleb128 0xb
 403 0080 27       		.uleb128 0x27
 404 0081 19       		.uleb128 0x19
 405 0082 49       		.uleb128 0x49
 406 0083 13       		.uleb128 0x13
 407 0084 11       		.uleb128 0x11
 408 0085 01       		.uleb128 0x1
 409 0086 12       		.uleb128 0x12
 410 0087 06       		.uleb128 0x6
 411 0088 40       		.uleb128 0x40
 412 0089 18       		.uleb128 0x18
 413 008a 9742     		.uleb128 0x2117
 414 008c 19       		.uleb128 0x19
 415 008d 00       		.byte	0
 416 008e 00       		.byte	0
 417 008f 00       		.byte	0
 418              		.section	.debug_loc,"",%progbits
 419              	.Ldebug_loc0:
 420              	.LLST0:
 421 0000 00000000 		.4byte	.LVL0
 422 0004 0A000000 		.4byte	.LVL2
 423 0008 0100     		.2byte	0x1
 424 000a 50       		.byte	0x50
 425 000b 0A000000 		.4byte	.LVL2
 426 000f 18000000 		.4byte	.LFE0
ARM GAS  C:\Users\bk\AppData\Local\Temp\ccEQmUAi.s 			page 11


 427 0013 0400     		.2byte	0x4
 428 0015 F3       		.byte	0xf3
 429 0016 01       		.uleb128 0x1
 430 0017 50       		.byte	0x50
 431 0018 9F       		.byte	0x9f
 432 0019 00000000 		.4byte	0
 433 001d 00000000 		.4byte	0
 434              	.LLST1:
 435 0021 00000000 		.4byte	.LVL3
 436 0025 0C000000 		.4byte	.LVL4
 437 0029 0100     		.2byte	0x1
 438 002b 50       		.byte	0x50
 439 002c 0C000000 		.4byte	.LVL4
 440 0030 18000000 		.4byte	.LFE1
 441 0034 0400     		.2byte	0x4
 442 0036 F3       		.byte	0xf3
 443 0037 01       		.uleb128 0x1
 444 0038 50       		.byte	0x50
 445 0039 9F       		.byte	0x9f
 446 003a 00000000 		.4byte	0
 447 003e 00000000 		.4byte	0
 448              		.section	.debug_aranges,"",%progbits
 449 0000 34000000 		.4byte	0x34
 450 0004 0200     		.2byte	0x2
 451 0006 00000000 		.4byte	.Ldebug_info0
 452 000a 04       		.byte	0x4
 453 000b 00       		.byte	0
 454 000c 0000     		.2byte	0
 455 000e 0000     		.2byte	0
 456 0010 00000000 		.4byte	.LFB0
 457 0014 18000000 		.4byte	.LFE0-.LFB0
 458 0018 00000000 		.4byte	.LFB1
 459 001c 18000000 		.4byte	.LFE1-.LFB1
 460 0020 00000000 		.4byte	.LFB2
 461 0024 10000000 		.4byte	.LFE2-.LFB2
 462 0028 00000000 		.4byte	.LFB3
 463 002c 10000000 		.4byte	.LFE3-.LFB3
 464 0030 00000000 		.4byte	0
 465 0034 00000000 		.4byte	0
 466              		.section	.debug_ranges,"",%progbits
 467              	.Ldebug_ranges0:
 468 0000 00000000 		.4byte	.LFB0
 469 0004 18000000 		.4byte	.LFE0
 470 0008 00000000 		.4byte	.LFB1
 471 000c 18000000 		.4byte	.LFE1
 472 0010 00000000 		.4byte	.LFB2
 473 0014 10000000 		.4byte	.LFE2
 474 0018 00000000 		.4byte	.LFB3
 475 001c 10000000 		.4byte	.LFE3
 476 0020 00000000 		.4byte	0
 477 0024 00000000 		.4byte	0
 478              		.section	.debug_line,"",%progbits
 479              	.Ldebug_line0:
 480 0000 93000000 		.section	.debug_str,"MS",%progbits,1
 480      02004700 
 480      00000201 
 480      FB0E0D00 
ARM GAS  C:\Users\bk\AppData\Local\Temp\ccEQmUAi.s 			page 12


 480      01010101 
 481              	.LASF16:
 482 0000 76616C75 		.ascii	"value\000"
 482      6500
 483              	.LASF23:
 484 0006 73746174 		.ascii	"staticBits\000"
 484      69634269 
 484      747300
 485              	.LASF18:
 486 0011 506F7765 		.ascii	"Power_VDD4_Read\000"
 486      725F5644 
 486      44345F52 
 486      65616400 
 487              	.LASF21:
 488 0021 47656E65 		.ascii	"Generated_Source\\PSoC5\\Power_VDD4.c\000"
 488      72617465 
 488      645F536F 
 488      75726365 
 488      5C50536F 
 489              	.LASF9:
 490 0045 666C6F61 		.ascii	"float\000"
 490      7400
 491              	.LASF22:
 492 004b 433A5C55 		.ascii	"C:\\Users\\bk\\Documents\\GitHub\\Open Storm\\notor"
 492      73657273 
 492      5C626B5C 
 492      446F6375 
 492      6D656E74 
 493 0078 694F535C 		.ascii	"iOS\\notoriOS\\notoriOS.cydsn\000"
 493      6E6F746F 
 493      72694F53 
 493      5C6E6F74 
 493      6F72694F 
 494              	.LASF1:
 495 0094 756E7369 		.ascii	"unsigned char\000"
 495      676E6564 
 495      20636861 
 495      7200
 496              	.LASF20:
 497 00a2 474E5520 		.ascii	"GNU C11 5.4.1 20160609 (release) [ARM/embedded-5-br"
 497      43313120 
 497      352E342E 
 497      31203230 
 497      31363036 
 498 00d5 616E6368 		.ascii	"anch revision 237715] -mcpu=cortex-m3 -mthumb -g -O"
 498      20726576 
 498      6973696F 
 498      6E203233 
 498      37373135 
 499 0108 67202D66 		.ascii	"g -ffunction-sections -ffat-lto-objects\000"
 499      66756E63 
 499      74696F6E 
 499      2D736563 
 499      74696F6E 
 500              	.LASF13:
 501 0130 72656738 		.ascii	"reg8\000"
 501      00
ARM GAS  C:\Users\bk\AppData\Local\Temp\ccEQmUAi.s 			page 13


 502              	.LASF5:
 503 0135 6C6F6E67 		.ascii	"long unsigned int\000"
 503      20756E73 
 503      69676E65 
 503      6420696E 
 503      7400
 504              	.LASF3:
 505 0147 73686F72 		.ascii	"short unsigned int\000"
 505      7420756E 
 505      7369676E 
 505      65642069 
 505      6E7400
 506              	.LASF10:
 507 015a 646F7562 		.ascii	"double\000"
 507      6C6500
 508              	.LASF8:
 509 0161 756E7369 		.ascii	"unsigned int\000"
 509      676E6564 
 509      20696E74 
 509      00
 510              	.LASF7:
 511 016e 6C6F6E67 		.ascii	"long long unsigned int\000"
 511      206C6F6E 
 511      6720756E 
 511      7369676E 
 511      65642069 
 512              	.LASF19:
 513 0185 506F7765 		.ascii	"Power_VDD4_ReadDataReg\000"
 513      725F5644 
 513      44345F52 
 513      65616444 
 513      61746152 
 514              	.LASF17:
 515 019c 6D6F6465 		.ascii	"mode\000"
 515      00
 516              	.LASF15:
 517 01a1 506F7765 		.ascii	"Power_VDD4_SetDriveMode\000"
 517      725F5644 
 517      44345F53 
 517      65744472 
 517      6976654D 
 518              	.LASF6:
 519 01b9 6C6F6E67 		.ascii	"long long int\000"
 519      206C6F6E 
 519      6720696E 
 519      7400
 520              	.LASF11:
 521 01c7 63686172 		.ascii	"char\000"
 521      00
 522              	.LASF2:
 523 01cc 73686F72 		.ascii	"short int\000"
 523      7420696E 
 523      7400
 524              	.LASF12:
 525 01d6 75696E74 		.ascii	"uint8\000"
 525      3800
 526              	.LASF14:
ARM GAS  C:\Users\bk\AppData\Local\Temp\ccEQmUAi.s 			page 14
>>>>>>> parent of bb45d96... Sleep power downt to 20uA


 581      72697465 
 581      00
 582              	.LASF4:
 583 01ed 6C6F6E67 		.ascii	"long int\000"
 583      20696E74 
 583      00
 584              	.LASF0:
 585 01f6 7369676E 		.ascii	"signed char\000"
 585      65642063 
 585      68617200 
 586              		.ident	"GCC: (GNU Tools for ARM Embedded Processors) 5.4.1 20160609 (release) [ARM/embedded-5-bran
