ARM GAS  C:\Users\hail\AppData\Local\Temp\ccfaTvMx.s 			page 1


   1              		.syntax unified
   2              		.cpu cortex-m3
   3              		.fpu softvfp
   4              		.eabi_attribute 20, 1
   5              		.eabi_attribute 21, 1
   6              		.eabi_attribute 23, 3
   7              		.eabi_attribute 24, 1
   8              		.eabi_attribute 25, 1
   9              		.eabi_attribute 26, 1
  10              		.eabi_attribute 30, 6
  11              		.eabi_attribute 34, 1
  12              		.eabi_attribute 18, 4
  13              		.thumb
  14              		.syntax unified
  15              		.file	"sd_card.c"
  16              		.text
  17              	.Ltext0:
  18              		.cfi_sections	.debug_frame
  19              		.syntax unified
  20              		.global _printf_float
  21              		.thumb
  22              		.syntax unified
  23              		.comm	modem_state,1,1
  24              		.comm	modem_start_time_stamp,4,4
  25              		.comm	modem_info,60,4
  26              		.comm	modem_stats,12,4
  27              		.comm	dataPointsInStack,2,2
  28              		.comm	dataPointsInStackDesired,2,2
  29              		.comm	data,6600,4
  30              		.comm	http_request,10000,4
  31              		.comm	http_body,10000,4
  32              		.comm	http_route,200,4
  33              		.comm	system_info,28,4
  34              		.comm	system_settings,324,4
  35              		.global	SD_dir
  36              		.bss
  37              		.align	2
  38              		.type	SD_dir, %object
  39              		.size	SD_dir, 10
  40              	SD_dir:
  41 0000 00000000 		.space	10
  41      00000000 
  41      0000
  42              		.global	SD_body
  43 000a 0000     		.align	2
  44              		.type	SD_body, %object
  45              		.size	SD_body, 3000
  46              	SD_body:
  47 000c 00000000 		.space	3000
  47      00000000 
  47      00000000 
  47      00000000 
  47      00000000 
  48              		.global	SD_filename
  49              		.data
  50              		.align	2
  51              		.type	SD_filename, %object
ARM GAS  C:\Users\hail\AppData\Local\Temp\ccfaTvMx.s 			page 2


  52              		.size	SD_filename, 30
  53              	SD_filename:
  54 0000 46696C65 		.ascii	"Filename.txt\000"
  54      6E616D65 
  54      2E747874 
  54      00
  55 000d 00000000 		.space	17
  55      00000000 
  55      00000000 
  55      00000000 
  55      00
  56              		.global	SD_filemode
  57 001e 0000     		.align	2
  58              		.type	SD_filemode, %object
  59              		.size	SD_filemode, 5
  60              	SD_filemode:
  61 0020 612B00   		.ascii	"a+\000"
  62 0023 0000     		.space	2
  63              		.section	.text.SD_init,"ax",%progbits
  64              		.align	2
  65              		.global	SD_init
  66              		.thumb
  67              		.thumb_func
  68              		.type	SD_init, %function
  69              	SD_init:
  70              	.LFB64:
  71              		.file 1 "sd_card.c"
   1:sd_card.c     **** /**
   2:sd_card.c     ****  * @file sdcard.c
   3:sd_card.c     ****  * @brief  Write to an SD card.
   4:sd_card.c     ****  * @author Brandon Wong
   5:sd_card.c     ****  * @version 0.0.01
   6:sd_card.c     ****  * @date 2019-05-15
   7:sd_card.c     ****  */
   8:sd_card.c     **** #include <stdio.h>  // Defines three variable types, several macros, and various functions for perf
   9:sd_card.c     **** #include "sd_card.h"
  10:sd_card.c     **** #include "notoriOS.h"
  11:sd_card.c     **** 
  12:sd_card.c     **** // Preallocate card
  13:sd_card.c     **** char    SD_dir[10]      = {'\0'};
  14:sd_card.c     **** char    SD_body[3000]   = {'\0'};
  15:sd_card.c     **** char    SD_filename[30] = "Filename.txt";
  16:sd_card.c     **** char    SD_filemode[5]  = "a+";
  17:sd_card.c     **** 
  18:sd_card.c     **** 
  19:sd_card.c     **** void SD_power_up();
  20:sd_card.c     **** void SD_power_down();
  21:sd_card.c     **** 
  22:sd_card.c     **** ///NOTE -- IF SD CARD is not plugged it, the board will draw more power.
  23:sd_card.c     **** 
  24:sd_card.c     **** 
  25:sd_card.c     **** /** SD_init()
  26:sd_card.c     **** * @brief Initialize the file system for the SD card
  27:sd_card.c     **** * @param Null
  28:sd_card.c     **** * @return void
  29:sd_card.c     **** */
  30:sd_card.c     **** void SD_init()
ARM GAS  C:\Users\hail\AppData\Local\Temp\ccfaTvMx.s 			page 3


  31:sd_card.c     **** {
  72              		.loc 1 31 0
  73              		.cfi_startproc
  74              		@ args = 0, pretend = 0, frame = 0
  75              		@ frame_needed = 1, uses_anonymous_args = 0
  76              		@ link register save eliminated.
  77 0000 80B4     		push	{r7}
  78              		.cfi_def_cfa_offset 4
  79              		.cfi_offset 7, -4
  80 0002 00AF     		add	r7, sp, #0
  81              		.cfi_def_cfa_register 7
  32:sd_card.c     ****     /* Uncomment to enable support for long file names
  33:sd_card.c     ****      * Note: To use long file names (LFN) support on PSoC 5LP devices, you must call
  34:sd_card.c     ****      * FS_FAT_SupportLFN(). For PSoC 3 devices, this feature is enabled by default.
  35:sd_card.c     ****      */
  36:sd_card.c     ****     //FS_FAT_SupportLFN();    
  37:sd_card.c     **** }
  82              		.loc 1 37 0
  83 0004 00BF     		nop
  84 0006 BD46     		mov	sp, r7
  85              		.cfi_def_cfa_register 13
  86              		@ sp needed
  87 0008 80BC     		pop	{r7}
  88              		.cfi_restore 7
  89              		.cfi_def_cfa_offset 0
  90 000a 7047     		bx	lr
  91              		.cfi_endproc
  92              	.LFE64:
  93              		.size	SD_init, .-SD_init
  94              		.section	.rodata
  95              		.align	2
  96              	.LC0:
  97 0000 252E3873 		.ascii	"%.8s\000"
  97      00
  98              		.section	.text.SD_mkdir,"ax",%progbits
  99              		.align	2
 100              		.global	SD_mkdir
 101              		.thumb
 102              		.thumb_func
 103              		.type	SD_mkdir, %function
 104              	SD_mkdir:
 105              	.LFB65:
  38:sd_card.c     **** 
  39:sd_card.c     **** /**
  40:sd_card.c     ****  * @brief Make a directory on the SD card
  41:sd_card.c     ****  * @param dir_name is the name of the directory to create
  42:sd_card.c     ****  * @return 1u on success, 0u otherwise
  43:sd_card.c     ****  */
  44:sd_card.c     **** uint8 SD_mkdir(char* dir_name)
  45:sd_card.c     **** {
 106              		.loc 1 45 0
 107              		.cfi_startproc
 108              		@ args = 0, pretend = 0, frame = 16
 109              		@ frame_needed = 1, uses_anonymous_args = 0
 110 0000 80B5     		push	{r7, lr}
 111              		.cfi_def_cfa_offset 8
 112              		.cfi_offset 7, -8
ARM GAS  C:\Users\hail\AppData\Local\Temp\ccfaTvMx.s 			page 4


 113              		.cfi_offset 14, -4
 114 0002 84B0     		sub	sp, sp, #16
 115              		.cfi_def_cfa_offset 24
 116 0004 00AF     		add	r7, sp, #0
 117              		.cfi_def_cfa_register 7
 118 0006 7860     		str	r0, [r7, #4]
  46:sd_card.c     ****     uint8 status = 9; // Initialize to a value not 0 or -1
 119              		.loc 1 46 0
 120 0008 0923     		movs	r3, #9
 121 000a FB73     		strb	r3, [r7, #15]
  47:sd_card.c     ****     
  48:sd_card.c     ****     SD_power_up(); // Wakeup the SD Card component
 122              		.loc 1 48 0
 123 000c FFF7FEFF 		bl	SD_power_up
  49:sd_card.c     ****     // The snprintf() function formats and stores a series of characters and values in the array bu
  50:sd_card.c     ****     snprintf(SD_dir,sizeof(SD_dir),"%.8s",dir_name); 
 124              		.loc 1 50 0
 125 0010 7B68     		ldr	r3, [r7, #4]
 126 0012 094A     		ldr	r2, .L4
 127 0014 0A21     		movs	r1, #10
 128 0016 0948     		ldr	r0, .L4+4
 129 0018 FFF7FEFF 		bl	snprintf
  51:sd_card.c     ****     
  52:sd_card.c     ****     // FS_MKDir() creates a directory using FS.h.
  53:sd_card.c     ****     // Typecasting (1+FS_MkDir(SD_dir)) into an uint8 datatype
  54:sd_card.c     ****     // This makes it 0 if it's a failture, 1 if it's successful
  55:sd_card.c     ****     status = (uint8) ( 1+FS_MkDir(SD_dir) );
 130              		.loc 1 55 0
 131 001c 0748     		ldr	r0, .L4+4
 132 001e FFF7FEFF 		bl	FS_MkDir
 133 0022 0346     		mov	r3, r0
 134 0024 DBB2     		uxtb	r3, r3
 135 0026 0133     		adds	r3, r3, #1
 136 0028 FB73     		strb	r3, [r7, #15]
  56:sd_card.c     ****     
  57:sd_card.c     ****     SD_power_down(); // Turn off the SD Card
 137              		.loc 1 57 0
 138 002a FFF7FEFF 		bl	SD_power_down
  58:sd_card.c     ****     
  59:sd_card.c     ****     return status;
 139              		.loc 1 59 0
 140 002e FB7B     		ldrb	r3, [r7, #15]	@ zero_extendqisi2
  60:sd_card.c     **** }
 141              		.loc 1 60 0
 142 0030 1846     		mov	r0, r3
 143 0032 1037     		adds	r7, r7, #16
 144              		.cfi_def_cfa_offset 8
 145 0034 BD46     		mov	sp, r7
 146              		.cfi_def_cfa_register 13
 147              		@ sp needed
 148 0036 80BD     		pop	{r7, pc}
 149              	.L5:
 150              		.align	2
 151              	.L4:
 152 0038 00000000 		.word	.LC0
 153 003c 00000000 		.word	SD_dir
 154              		.cfi_endproc
ARM GAS  C:\Users\hail\AppData\Local\Temp\ccfaTvMx.s 			page 5


 155              	.LFE65:
 156              		.size	SD_mkdir, .-SD_mkdir
 157              		.section	.text.SD_rmfile,"ax",%progbits
 158              		.align	2
 159              		.global	SD_rmfile
 160              		.thumb
 161              		.thumb_func
 162              		.type	SD_rmfile, %function
 163              	SD_rmfile:
 164              	.LFB66:
  61:sd_card.c     **** 
  62:sd_card.c     **** /**
  63:sd_card.c     ****  * @brief Delete a file
  64:sd_card.c     ****  * @param dir_name is the name of the directory to create
  65:sd_card.c     ****  * @return 1u on success, 0u otherwise
  66:sd_card.c     ****  */
  67:sd_card.c     **** uint8 SD_rmfile(const char * fileName)
  68:sd_card.c     **** {
 165              		.loc 1 68 0
 166              		.cfi_startproc
 167              		@ args = 0, pretend = 0, frame = 16
 168              		@ frame_needed = 1, uses_anonymous_args = 0
 169 0000 80B5     		push	{r7, lr}
 170              		.cfi_def_cfa_offset 8
 171              		.cfi_offset 7, -8
 172              		.cfi_offset 14, -4
 173 0002 84B0     		sub	sp, sp, #16
 174              		.cfi_def_cfa_offset 24
 175 0004 00AF     		add	r7, sp, #0
 176              		.cfi_def_cfa_register 7
 177 0006 7860     		str	r0, [r7, #4]
  69:sd_card.c     ****     uint8 status = 9; // initialize to a value not 0 or -1
 178              		.loc 1 69 0
 179 0008 0923     		movs	r3, #9
 180 000a FB73     		strb	r3, [r7, #15]
  70:sd_card.c     **** 
  71:sd_card.c     ****     SD_power_up(); // Wakeup the SD Card component
 181              		.loc 1 71 0
 182 000c FFF7FEFF 		bl	SD_power_up
  72:sd_card.c     ****     
  73:sd_card.c     ****     // FS_Remove() removes a file using FS.h.
  74:sd_card.c     ****     // Typecasting (1+FS_Remove(fileName)) into an uint8 datatype
  75:sd_card.c     ****     // This makes it 0 if it's a failture, 1 if it's successful
  76:sd_card.c     ****     status = (uint8) ( 1+FS_Remove(fileName));
 183              		.loc 1 76 0
 184 0010 7868     		ldr	r0, [r7, #4]
 185 0012 FFF7FEFF 		bl	FS_Remove
 186 0016 0346     		mov	r3, r0
 187 0018 DBB2     		uxtb	r3, r3
 188 001a 0133     		adds	r3, r3, #1
 189 001c FB73     		strb	r3, [r7, #15]
  77:sd_card.c     ****     
  78:sd_card.c     ****     SD_power_down(); // Turn off the SD Card
 190              		.loc 1 78 0
 191 001e FFF7FEFF 		bl	SD_power_down
  79:sd_card.c     ****     
  80:sd_card.c     ****     return status;
ARM GAS  C:\Users\hail\AppData\Local\Temp\ccfaTvMx.s 			page 6


 192              		.loc 1 80 0
 193 0022 FB7B     		ldrb	r3, [r7, #15]	@ zero_extendqisi2
  81:sd_card.c     **** }
 194              		.loc 1 81 0
 195 0024 1846     		mov	r0, r3
 196 0026 1037     		adds	r7, r7, #16
 197              		.cfi_def_cfa_offset 8
 198 0028 BD46     		mov	sp, r7
 199              		.cfi_def_cfa_register 13
 200              		@ sp needed
 201 002a 80BD     		pop	{r7, pc}
 202              		.cfi_endproc
 203              	.LFE66:
 204              		.size	SD_rmfile, .-SD_rmfile
 205              		.section	.text.SD_write,"ax",%progbits
 206              		.align	2
 207              		.global	SD_write
 208              		.thumb
 209              		.thumb_func
 210              		.type	SD_write, %function
 211              	SD_write:
 212              	.LFB67:
  82:sd_card.c     **** 
  83:sd_card.c     **** /**
  84:sd_card.c     ****  * @brief Write data to the SD card
  85:sd_card.c     ****  * @param fileName is the name of the file to write to
  86:sd_card.c     ****  * @param pMode is the write mode
  87:sd_card.c     ****  * @param pData is the data to be written
  88:sd_card.c     ****  * @return 1u on success, 0u otherwise
  89:sd_card.c     ****  */
  90:sd_card.c     **** uint8 SD_write(const char * fileName, const char * pMode, const void * pData)
  91:sd_card.c     **** {
 213              		.loc 1 91 0
 214              		.cfi_startproc
 215              		@ args = 0, pretend = 0, frame = 24
 216              		@ frame_needed = 1, uses_anonymous_args = 0
 217 0000 80B5     		push	{r7, lr}
 218              		.cfi_def_cfa_offset 8
 219              		.cfi_offset 7, -8
 220              		.cfi_offset 14, -4
 221 0002 86B0     		sub	sp, sp, #24
 222              		.cfi_def_cfa_offset 32
 223 0004 00AF     		add	r7, sp, #0
 224              		.cfi_def_cfa_register 7
 225 0006 F860     		str	r0, [r7, #12]
 226 0008 B960     		str	r1, [r7, #8]
 227 000a 7A60     		str	r2, [r7, #4]
  92:sd_card.c     ****     uint8 status = 9u; // Initialize to a value not 0 or 1
 228              		.loc 1 92 0
 229 000c 0923     		movs	r3, #9
 230 000e FB75     		strb	r3, [r7, #23]
  93:sd_card.c     ****     FS_FILE *pFile; // FS_FILE data structure defined in FS.h
  94:sd_card.c     **** 
  95:sd_card.c     ****     SD_power_up(); // Wakeup the SD Card component
 231              		.loc 1 95 0
 232 0010 FFF7FEFF 		bl	SD_power_up
  96:sd_card.c     ****     
ARM GAS  C:\Users\hail\AppData\Local\Temp\ccfaTvMx.s 			page 7


  97:sd_card.c     ****     // FS_FOpen() opens an existing file or creates a new one.
  98:sd_card.c     ****     // fileName is the file to be opened or created. It's a 0-termianted string that cannot be NULL
  99:sd_card.c     ****     // pMode indicates how the file should be opened. It's a 0-terminated string that cannot be NUL
 100:sd_card.c     ****     pFile = FS_FOpen(fileName, pMode);
 233              		.loc 1 100 0
 234 0014 B968     		ldr	r1, [r7, #8]
 235 0016 F868     		ldr	r0, [r7, #12]
 236 0018 FFF7FEFF 		bl	FS_FOpen
 237 001c 3861     		str	r0, [r7, #16]
 101:sd_card.c     ****     
 102:sd_card.c     ****     // If the SD card doesn't open, try reinitializing the filesystem
 103:sd_card.c     ****     if (pFile == 0){
 238              		.loc 1 103 0
 239 001e 3B69     		ldr	r3, [r7, #16]
 240 0020 002B     		cmp	r3, #0
 241 0022 08D1     		bne	.L9
 104:sd_card.c     ****         FS_DeInit(); // FS_DeInit() frees allocated resources
 242              		.loc 1 104 0
 243 0024 FFF7FEFF 		bl	FS_DeInit
 105:sd_card.c     ****         FS_Init(); // FS_Init() starts the file system
 244              		.loc 1 105 0
 245 0028 FFF7FEFF 		bl	FS_Init
 106:sd_card.c     ****         pFile = FS_FOpen(fileName, pMode);
 246              		.loc 1 106 0
 247 002c B968     		ldr	r1, [r7, #8]
 248 002e F868     		ldr	r0, [r7, #12]
 249 0030 FFF7FEFF 		bl	FS_FOpen
 250 0034 3861     		str	r0, [r7, #16]
 251              	.L9:
 107:sd_card.c     ****     }
 108:sd_card.c     ****     
 109:sd_card.c     ****     // Note: We are using the "No Long File Name (LFN)" library,
 110:sd_card.c     ****     //  so names are limited to 8 characters and 3 bytes for extensions
 111:sd_card.c     ****     if (pFile != 0) {
 252              		.loc 1 111 0
 253 0036 3B69     		ldr	r3, [r7, #16]
 254 0038 002B     		cmp	r3, #0
 255 003a 10D0     		beq	.L10
 112:sd_card.c     ****         // FS_Write() writes data to file: pFile is handle to open file, pData is data to be writte
 113:sd_card.c     ****         FS_Write(pFile, pData, strlen(pData));
 256              		.loc 1 113 0
 257 003c 7868     		ldr	r0, [r7, #4]
 258 003e FFF7FEFF 		bl	strlen
 259 0042 0346     		mov	r3, r0
 260 0044 1A46     		mov	r2, r3
 261 0046 7968     		ldr	r1, [r7, #4]
 262 0048 3869     		ldr	r0, [r7, #16]
 263 004a FFF7FEFF 		bl	FS_Write
 114:sd_card.c     ****         
 115:sd_card.c     ****         // FS_FClose() closes an opened file using FS.h. It returns 1 if there's a failure, 0 if su
 116:sd_card.c     ****         // Typecasting (1+FS_FClose(pFile)) into an uint8 datatype
 117:sd_card.c     ****         // This makes it 0 if it's a failture, 1 if it's successful
 118:sd_card.c     ****         status = (uint8) ( -1*FS_FClose(pFile) )+1;
 264              		.loc 1 118 0
 265 004e 3869     		ldr	r0, [r7, #16]
 266 0050 FFF7FEFF 		bl	FS_FClose
 267 0054 0346     		mov	r3, r0
ARM GAS  C:\Users\hail\AppData\Local\Temp\ccfaTvMx.s 			page 8


 268 0056 DBB2     		uxtb	r3, r3
 269 0058 C3F10103 		rsb	r3, r3, #1
 270 005c FB75     		strb	r3, [r7, #23]
 271              	.L10:
 119:sd_card.c     ****     }
 120:sd_card.c     ****     
 121:sd_card.c     ****     SD_power_down(); // Turn off the SD Card
 272              		.loc 1 121 0
 273 005e FFF7FEFF 		bl	SD_power_down
 122:sd_card.c     **** 
 123:sd_card.c     ****     
 124:sd_card.c     ****     return status;
 274              		.loc 1 124 0
 275 0062 FB7D     		ldrb	r3, [r7, #23]	@ zero_extendqisi2
 125:sd_card.c     **** }
 276              		.loc 1 125 0
 277 0064 1846     		mov	r0, r3
 278 0066 1837     		adds	r7, r7, #24
 279              		.cfi_def_cfa_offset 8
 280 0068 BD46     		mov	sp, r7
 281              		.cfi_def_cfa_register 13
 282              		@ sp needed
 283 006a 80BD     		pop	{r7, pc}
 284              		.cfi_endproc
 285              	.LFE67:
 286              		.size	SD_write, .-SD_write
 287              		.section	.rodata
 288 0005 000000   		.align	2
 289              	.LC1:
 290 0008 7200     		.ascii	"r\000"
 291              		.section	.text.SD_read,"ax",%progbits
 292              		.align	2
 293              		.global	SD_read
 294              		.thumb
 295              		.thumb_func
 296              		.type	SD_read, %function
 297              	SD_read:
 298              	.LFB68:
 126:sd_card.c     **** 
 127:sd_card.c     **** /**
 128:sd_card.c     ****  * @brief Write data to the SD card
 129:sd_card.c     ****  * @param fileName is the name of the file to write to
 130:sd_card.c     ****  * @param pMode is the write mode
 131:sd_card.c     ****  * @param pData is the data to be written
 132:sd_card.c     ****  * @return 1u on success, 0u otherwise
 133:sd_card.c     ****  */
 134:sd_card.c     **** uint8 SD_read(const char * fileName,  void * pData, unsigned long NumBytes)
 135:sd_card.c     **** {
 299              		.loc 1 135 0
 300              		.cfi_startproc
 301              		@ args = 0, pretend = 0, frame = 24
 302              		@ frame_needed = 1, uses_anonymous_args = 0
 303 0000 80B5     		push	{r7, lr}
 304              		.cfi_def_cfa_offset 8
 305              		.cfi_offset 7, -8
 306              		.cfi_offset 14, -4
 307 0002 86B0     		sub	sp, sp, #24
ARM GAS  C:\Users\hail\AppData\Local\Temp\ccfaTvMx.s 			page 9


 308              		.cfi_def_cfa_offset 32
 309 0004 00AF     		add	r7, sp, #0
 310              		.cfi_def_cfa_register 7
 311 0006 F860     		str	r0, [r7, #12]
 312 0008 B960     		str	r1, [r7, #8]
 313 000a 7A60     		str	r2, [r7, #4]
 136:sd_card.c     ****     uint8 status = 9u; // initialize to a value not 0 or 1
 314              		.loc 1 136 0
 315 000c 0923     		movs	r3, #9
 316 000e FB75     		strb	r3, [r7, #23]
 137:sd_card.c     ****     FS_FILE *pFile; // FS_FILE data structure defined in FS.h
 138:sd_card.c     **** 
 139:sd_card.c     ****     SD_power_up(); // Powerup the SD Card component
 317              		.loc 1 139 0
 318 0010 FFF7FEFF 		bl	SD_power_up
 140:sd_card.c     ****     
 141:sd_card.c     ****     // FS_FOpen() opens an existing file or creates a new one.
 142:sd_card.c     ****     // fileName is the file to be opened or created. It's a 0-terminated string that cannot be NULL
 143:sd_card.c     ****     // "r" indicates how the file should be opened, in this case, for reading.
 144:sd_card.c     ****     pFile = FS_FOpen(fileName, "r");
 319              		.loc 1 144 0
 320 0014 1349     		ldr	r1, .L16
 321 0016 F868     		ldr	r0, [r7, #12]
 322 0018 FFF7FEFF 		bl	FS_FOpen
 323 001c 3861     		str	r0, [r7, #16]
 145:sd_card.c     ****     
 146:sd_card.c     ****     // If the SD card doesn't open, try reinitializing the filesystem
 147:sd_card.c     ****     if (pFile == 0){
 324              		.loc 1 147 0
 325 001e 3B69     		ldr	r3, [r7, #16]
 326 0020 002B     		cmp	r3, #0
 327 0022 08D1     		bne	.L13
 148:sd_card.c     ****         FS_DeInit();// FS_DeInit() frees allocated resources
 328              		.loc 1 148 0
 329 0024 FFF7FEFF 		bl	FS_DeInit
 149:sd_card.c     ****         FS_Init(); // FS_Init() starts the file system
 330              		.loc 1 149 0
 331 0028 FFF7FEFF 		bl	FS_Init
 150:sd_card.c     ****         pFile = FS_FOpen(fileName, "r");
 332              		.loc 1 150 0
 333 002c 0D49     		ldr	r1, .L16
 334 002e F868     		ldr	r0, [r7, #12]
 335 0030 FFF7FEFF 		bl	FS_FOpen
 336 0034 3861     		str	r0, [r7, #16]
 337              	.L13:
 151:sd_card.c     ****     }
 152:sd_card.c     ****     
 153:sd_card.c     ****     // Note: We are using the "No Long File Name (LFN)" library,
 154:sd_card.c     ****     //  so names are limited to 8 characters and 3 bytes for extensions
 155:sd_card.c     ****     if (pFile != 0) {
 338              		.loc 1 155 0
 339 0036 3B69     		ldr	r3, [r7, #16]
 340 0038 002B     		cmp	r3, #0
 341 003a 0CD0     		beq	.L14
 156:sd_card.c     ****         // FS_Read() reads data from a file: pFile is handle to an opened file, pData is the buffer
 157:sd_card.c     ****         FS_Read(pFile,pData,NumBytes);
 342              		.loc 1 157 0
ARM GAS  C:\Users\hail\AppData\Local\Temp\ccfaTvMx.s 			page 10


 343 003c 7A68     		ldr	r2, [r7, #4]
 344 003e B968     		ldr	r1, [r7, #8]
 345 0040 3869     		ldr	r0, [r7, #16]
 346 0042 FFF7FEFF 		bl	FS_Read
 158:sd_card.c     ****         
 159:sd_card.c     ****         // FS_FClose() closes an opened file using FS.h. It returns 1 if there's a failure, 0 if su
 160:sd_card.c     ****         // Typecasting (1+FS_FClose(pFile)) into an uint8 datatype
 161:sd_card.c     ****         // This makes it 0 if it's a failture, 1 if it's successful
 162:sd_card.c     ****         status = (uint8) ( -1*FS_FClose(pFile) )+1;
 347              		.loc 1 162 0
 348 0046 3869     		ldr	r0, [r7, #16]
 349 0048 FFF7FEFF 		bl	FS_FClose
 350 004c 0346     		mov	r3, r0
 351 004e DBB2     		uxtb	r3, r3
 352 0050 C3F10103 		rsb	r3, r3, #1
 353 0054 FB75     		strb	r3, [r7, #23]
 354              	.L14:
 163:sd_card.c     ****     }
 164:sd_card.c     ****     
 165:sd_card.c     ****     SD_power_down(); // Power down the SD card
 355              		.loc 1 165 0
 356 0056 FFF7FEFF 		bl	SD_power_down
 166:sd_card.c     ****     
 167:sd_card.c     ****     return status;
 357              		.loc 1 167 0
 358 005a FB7D     		ldrb	r3, [r7, #23]	@ zero_extendqisi2
 168:sd_card.c     **** }
 359              		.loc 1 168 0
 360 005c 1846     		mov	r0, r3
 361 005e 1837     		adds	r7, r7, #24
 362              		.cfi_def_cfa_offset 8
 363 0060 BD46     		mov	sp, r7
 364              		.cfi_def_cfa_register 13
 365              		@ sp needed
 366 0062 80BD     		pop	{r7, pc}
 367              	.L17:
 368              		.align	2
 369              	.L16:
 370 0064 08000000 		.word	.LC1
 371              		.cfi_endproc
 372              	.LFE68:
 373              		.size	SD_read, .-SD_read
 374              		.section	.text.SD_power_up,"ax",%progbits
 375              		.align	2
 376              		.global	SD_power_up
 377              		.thumb
 378              		.thumb_func
 379              		.type	SD_power_up, %function
 380              	SD_power_up:
 381              	.LFB69:
 169:sd_card.c     **** 
 170:sd_card.c     **** // Power up SD Card
 171:sd_card.c     **** void SD_power_up(){
 382              		.loc 1 171 0
 383              		.cfi_startproc
 384              		@ args = 0, pretend = 0, frame = 0
 385              		@ frame_needed = 1, uses_anonymous_args = 0
ARM GAS  C:\Users\hail\AppData\Local\Temp\ccfaTvMx.s 			page 11


 386 0000 80B5     		push	{r7, lr}
 387              		.cfi_def_cfa_offset 8
 388              		.cfi_offset 7, -8
 389              		.cfi_offset 14, -4
 390 0002 00AF     		add	r7, sp, #0
 391              		.cfi_def_cfa_register 7
 172:sd_card.c     **** 
 173:sd_card.c     ****     emFile_Wakeup(); // Prepare SPIM Components to wake up.
 392              		.loc 1 173 0
 393 0004 FFF7FEFF 		bl	emFile_Wakeup
 174:sd_card.c     ****     
 175:sd_card.c     ****     SD_Card_Power_Write(ON); // Turn on the SD Card (pulls it high).
 394              		.loc 1 175 0
 395 0008 0120     		movs	r0, #1
 396 000a FFF7FEFF 		bl	SD_Card_Power_Write
 176:sd_card.c     ****     FS_Init(); // FS_Init() starts the file system
 397              		.loc 1 176 0
 398 000e FFF7FEFF 		bl	FS_Init
 177:sd_card.c     **** }
 399              		.loc 1 177 0
 400 0012 00BF     		nop
 401 0014 80BD     		pop	{r7, pc}
 402              		.cfi_endproc
 403              	.LFE69:
 404              		.size	SD_power_up, .-SD_power_up
 405 0016 00BF     		.section	.text.SD_power_down,"ax",%progbits
 406              		.align	2
 407              		.global	SD_power_down
 408              		.thumb
 409              		.thumb_func
 410              		.type	SD_power_down, %function
 411              	SD_power_down:
 412              	.LFB70:
 178:sd_card.c     **** 
 179:sd_card.c     **** // Power down SD Card
 180:sd_card.c     **** void SD_power_down(){
 413              		.loc 1 180 0
 414              		.cfi_startproc
 415              		@ args = 0, pretend = 0, frame = 0
 416              		@ frame_needed = 1, uses_anonymous_args = 0
 417 0000 80B5     		push	{r7, lr}
 418              		.cfi_def_cfa_offset 8
 419              		.cfi_offset 7, -8
 420              		.cfi_offset 14, -4
 421 0002 00AF     		add	r7, sp, #0
 422              		.cfi_def_cfa_register 7
 181:sd_card.c     ****     
 182:sd_card.c     ****     SD_Card_Power_Write(OFF);  // Turn off the SD Card (pulls it low). 
 423              		.loc 1 182 0
 424 0004 0020     		movs	r0, #0
 425 0006 FFF7FEFF 		bl	SD_Card_Power_Write
 183:sd_card.c     ****     emFile_Sleep(); // emFIle_Sleep() prepare emFile to go to sleep.
 426              		.loc 1 183 0
 427 000a FFF7FEFF 		bl	emFile_Sleep
 184:sd_card.c     ****     FS_DeInit(); // FS_DeInit() frees allocated resources
 428              		.loc 1 184 0
 429 000e FFF7FEFF 		bl	FS_DeInit
ARM GAS  C:\Users\hail\AppData\Local\Temp\ccfaTvMx.s 			page 12


 185:sd_card.c     ****     
 186:sd_card.c     ****     emFile_miso0_Write(OFF); // emFile_miso0_Write(): Assigns a new value to the digital port's dat
 430              		.loc 1 186 0
 431 0012 0020     		movs	r0, #0
 432 0014 FFF7FEFF 		bl	emFile_miso0_Write
 187:sd_card.c     ****     emFile_mosi0_Write(OFF); // emFile_mosi0_Write(): Assigns a new value to the digital port's dat
 433              		.loc 1 187 0
 434 0018 0020     		movs	r0, #0
 435 001a FFF7FEFF 		bl	emFile_mosi0_Write
 188:sd_card.c     ****     emFile_sclk0_Write(OFF); // emFile_sclk0_Write(): Assigns a new value to the digital port's dat
 436              		.loc 1 188 0
 437 001e 0020     		movs	r0, #0
 438 0020 FFF7FEFF 		bl	emFile_sclk0_Write
 189:sd_card.c     ****     emFile_SPI0_CS_Write(OFF); // emFile_SPIO_CS_Write(): Assigns a new value to the digital port's
 439              		.loc 1 189 0
 440 0024 0020     		movs	r0, #0
 441 0026 FFF7FEFF 		bl	emFile_SPI0_CS_Write
 190:sd_card.c     ****     // SD_Chip_Detect_Write(OFF);
 191:sd_card.c     **** }
 442              		.loc 1 191 0
 443 002a 00BF     		nop
 444 002c 80BD     		pop	{r7, pc}
 445              		.cfi_endproc
 446              	.LFE70:
 447              		.size	SD_power_down, .-SD_power_down
 448 002e 00BF     		.section	.rodata
 449 000a 0000     		.align	2
 450              	.LC2:
 451 000c 54455354 		.ascii	"TEST_SD_CARD\000"
 451      5F53445F 
 451      43415244 
 451      00
 452 0019 000000   		.align	2
 453              	.LC5:
 454 001c 54455354 		.ascii	"TEST_PASS\000"
 454      5F504153 
 454      5300
 455 0026 0000     		.align	2
 456              	.LC6:
 457 0028 7700     		.ascii	"w\000"
 458 002a 0000     		.align	2
 459              	.LC7:
 460 002c 53554343 		.ascii	"SUCCESS WRITE READ DELETE FILE\000"
 460      45535320 
 460      57524954 
 460      45205245 
 460      41442044 
 461 004b 00       		.align	2
 462              	.LC8:
 463 004c 4641494C 		.ascii	"FAILED TO WRITE READ DELETE FILE\000"
 463      45442054 
 463      4F205752 
 463      49544520 
 463      52454144 
 464 006d 000000   		.align	2
 465              	.LC3:
 466 0070 54455354 		.ascii	"TEST_FAIL\000"
ARM GAS  C:\Users\hail\AppData\Local\Temp\ccfaTvMx.s 			page 13


 466      5F464149 
 466      4C00
 467 007a 0000     		.align	2
 468              	.LC4:
 469 007c 74657374 		.ascii	"test.txt\000"
 469      2E747874 
 469      00
 470              		.section	.text.SD_card_test,"ax",%progbits
 471              		.align	2
 472              		.global	SD_card_test
 473              		.thumb
 474              		.thumb_func
 475              		.type	SD_card_test, %function
 476              	SD_card_test:
 477              	.LFB71:
 192:sd_card.c     **** 
 193:sd_card.c     **** // Testing the SD Card - create a  file, write random number, read number from file, delete directo
 194:sd_card.c     **** test_t SD_card_test(){
 478              		.loc 1 194 0
 479              		.cfi_startproc
 480              		@ args = 0, pretend = 0, frame = 424
 481              		@ frame_needed = 1, uses_anonymous_args = 0
 482 0000 F0B5     		push	{r4, r5, r6, r7, lr}
 483              		.cfi_def_cfa_offset 20
 484              		.cfi_offset 4, -20
 485              		.cfi_offset 5, -16
 486              		.cfi_offset 6, -12
 487              		.cfi_offset 7, -8
 488              		.cfi_offset 14, -4
 489 0002 EBB0     		sub	sp, sp, #428
 490              		.cfi_def_cfa_offset 448
 491 0004 00AF     		add	r7, sp, #0
 492              		.cfi_def_cfa_register 7
 493 0006 3B1D     		adds	r3, r7, #4
 494 0008 1860     		str	r0, [r3]
 195:sd_card.c     ****     
 196:sd_card.c     ****     // test_t is a new data type we defined in test.h. We then use that data type to define a struc
 197:sd_card.c     ****     test_t test;
 198:sd_card.c     ****     snprintf(test.test_name,sizeof(test.test_name),"TEST_SD_CARD");
 495              		.loc 1 198 0
 496 000a 07F12403 		add	r3, r7, #36
 497 000e 3D4A     		ldr	r2, .L25
 498 0010 1C46     		mov	r4, r3
 499 0012 1346     		mov	r3, r2
 500 0014 0FCB     		ldmia	r3, {r0, r1, r2, r3}
 501 0016 07C4     		stmia	r4!, {r0, r1, r2}
 502 0018 2370     		strb	r3, [r4]
 199:sd_card.c     ****     test.status = 0;
 503              		.loc 1 199 0
 504 001a 07F12403 		add	r3, r7, #36
 505 001e 0022     		movs	r2, #0
 506 0020 83F88020 		strb	r2, [r3, #128]
 200:sd_card.c     ****     
 201:sd_card.c     ****     char data[] = "TEST_FAIL";
 507              		.loc 1 201 0
 508 0024 07F11803 		add	r3, r7, #24
 509 0028 374A     		ldr	r2, .L25+4
ARM GAS  C:\Users\hail\AppData\Local\Temp\ccfaTvMx.s 			page 14


 510 002a 07CA     		ldmia	r2, {r0, r1, r2}
 511 002c 03C3     		stmia	r3!, {r0, r1}
 512 002e 1A80     		strh	r2, [r3]	@ movhi
 202:sd_card.c     ****     char fileName[] = "test.txt";
 513              		.loc 1 202 0
 514 0030 07F10C03 		add	r3, r7, #12
 515 0034 354A     		ldr	r2, .L25+8
 516 0036 07CA     		ldmia	r2, {r0, r1, r2}
 517 0038 03C3     		stmia	r3!, {r0, r1}
 518 003a 1A70     		strb	r2, [r3]
 203:sd_card.c     ****     
 204:sd_card.c     ****     SD_rmfile(fileName); // Remove file from SD Card
 519              		.loc 1 204 0
 520 003c 07F10C03 		add	r3, r7, #12
 521 0040 1846     		mov	r0, r3
 522 0042 FFF7FEFF 		bl	SD_rmfile
 205:sd_card.c     ****     SD_write(fileName,"w","TEST_PASS"); // Write data to SD Card
 523              		.loc 1 205 0
 524 0046 07F10C03 		add	r3, r7, #12
 525 004a 314A     		ldr	r2, .L25+12
 526 004c 3149     		ldr	r1, .L25+16
 527 004e 1846     		mov	r0, r3
 528 0050 FFF7FEFF 		bl	SD_write
 206:sd_card.c     ****     SD_read(fileName,data,sizeof(data)); // Read data from the SD card
 529              		.loc 1 206 0
 530 0054 07F11801 		add	r1, r7, #24
 531 0058 07F10C03 		add	r3, r7, #12
 532 005c 0A22     		movs	r2, #10
 533 005e 1846     		mov	r0, r3
 534 0060 FFF7FEFF 		bl	SD_read
 207:sd_card.c     ****     test.status = SD_rmfile(fileName);
 535              		.loc 1 207 0
 536 0064 07F10C03 		add	r3, r7, #12
 537 0068 1846     		mov	r0, r3
 538 006a FFF7FEFF 		bl	SD_rmfile
 539 006e 0346     		mov	r3, r0
 540 0070 1A46     		mov	r2, r3
 541 0072 07F12403 		add	r3, r7, #36
 542 0076 83F88020 		strb	r2, [r3, #128]
 208:sd_card.c     ****     
 209:sd_card.c     ****     if(test.status == 1){
 543              		.loc 1 209 0
 544 007a 07F12403 		add	r3, r7, #36
 545 007e 93F88030 		ldrb	r3, [r3, #128]	@ zero_extendqisi2
 546 0082 012B     		cmp	r3, #1
 547 0084 14D1     		bne	.L21
 210:sd_card.c     ****         snprintf(test.reason,sizeof(test.reason),"SUCCESS WRITE READ DELETE FILE");
 548              		.loc 1 210 0
 549 0086 07F12403 		add	r3, r7, #36
 550 008a 8133     		adds	r3, r3, #129
 551 008c 224A     		ldr	r2, .L25+20
 552 008e 1D46     		mov	r5, r3
 553 0090 1446     		mov	r4, r2
 554 0092 0FCC     		ldmia	r4!, {r0, r1, r2, r3}
 555 0094 2860     		str	r0, [r5]	@ unaligned
 556 0096 6960     		str	r1, [r5, #4]	@ unaligned
 557 0098 AA60     		str	r2, [r5, #8]	@ unaligned
ARM GAS  C:\Users\hail\AppData\Local\Temp\ccfaTvMx.s 			page 15


 558 009a EB60     		str	r3, [r5, #12]	@ unaligned
 559 009c 07CC     		ldmia	r4!, {r0, r1, r2}
 560 009e 2861     		str	r0, [r5, #16]	@ unaligned
 561 00a0 6961     		str	r1, [r5, #20]	@ unaligned
 562 00a2 AA61     		str	r2, [r5, #24]	@ unaligned
 563 00a4 2388     		ldrh	r3, [r4]	@ unaligned
 564 00a6 A278     		ldrb	r2, [r4, #2]
 565 00a8 AB83     		strh	r3, [r5, #28]	@ unaligned
 566 00aa 1346     		mov	r3, r2
 567 00ac AB77     		strb	r3, [r5, #30]
 568 00ae 17E0     		b	.L22
 569              	.L21:
 211:sd_card.c     ****     }else{
 212:sd_card.c     ****        snprintf(test.reason,sizeof(test.reason),"FAILED TO WRITE READ DELETE FILE"); 
 570              		.loc 1 212 0
 571 00b0 07F12403 		add	r3, r7, #36
 572 00b4 8133     		adds	r3, r3, #129
 573 00b6 194A     		ldr	r2, .L25+24
 574 00b8 1446     		mov	r4, r2
 575 00ba 9E46     		mov	lr, r3
 576 00bc 04F1200C 		add	ip, r4, #32
 577              	.L23:
 578 00c0 7546     		mov	r5, lr
 579 00c2 2646     		mov	r6, r4
 580 00c4 0FCE     		ldmia	r6!, {r0, r1, r2, r3}
 581 00c6 2860     		str	r0, [r5]	@ unaligned
 582 00c8 6960     		str	r1, [r5, #4]	@ unaligned
 583 00ca AA60     		str	r2, [r5, #8]	@ unaligned
 584 00cc EB60     		str	r3, [r5, #12]	@ unaligned
 585 00ce 1034     		adds	r4, r4, #16
 586 00d0 0EF1100E 		add	lr, lr, #16
 587 00d4 6445     		cmp	r4, ip
 588 00d6 F3D1     		bne	.L23
 589 00d8 7346     		mov	r3, lr
 590 00da 2246     		mov	r2, r4
 591 00dc 1278     		ldrb	r2, [r2]
 592 00de 1A70     		strb	r2, [r3]
 593              	.L22:
 213:sd_card.c     ****     }
 214:sd_card.c     ****     
 215:sd_card.c     ****     return test;
 594              		.loc 1 215 0
 595 00e0 3B1D     		adds	r3, r7, #4
 596 00e2 1A68     		ldr	r2, [r3]
 597 00e4 07F12403 		add	r3, r7, #36
 598 00e8 1046     		mov	r0, r2
 599 00ea 1946     		mov	r1, r3
 600 00ec 40F28113 		movw	r3, #385
 601 00f0 1A46     		mov	r2, r3
 602 00f2 FFF7FEFF 		bl	memcpy
 216:sd_card.c     ****     
 217:sd_card.c     **** }
 603              		.loc 1 217 0
 604 00f6 3B1D     		adds	r3, r7, #4
 605 00f8 1868     		ldr	r0, [r3]
 606 00fa 07F5D677 		add	r7, r7, #428
 607              		.cfi_def_cfa_offset 20
ARM GAS  C:\Users\hail\AppData\Local\Temp\ccfaTvMx.s 			page 16


 608 00fe BD46     		mov	sp, r7
 609              		.cfi_def_cfa_register 13
 610              		@ sp needed
 611 0100 F0BD     		pop	{r4, r5, r6, r7, pc}
 612              	.L26:
 613 0102 00BF     		.align	2
 614              	.L25:
 615 0104 0C000000 		.word	.LC2
 616 0108 70000000 		.word	.LC3
 617 010c 7C000000 		.word	.LC4
 618 0110 1C000000 		.word	.LC5
 619 0114 28000000 		.word	.LC6
 620 0118 2C000000 		.word	.LC7
 621 011c 4C000000 		.word	.LC8
 622              		.cfi_endproc
 623              	.LFE71:
 624              		.size	SD_card_test, .-SD_card_test
 625              		.text
 626              	.Letext0:
 627              		.file 2 "c:\\program files (x86)\\cypress\\psoc creator\\4.1\\psoc creator\\import\\gnu\\arm\\5.4.
 628              		.file 3 "c:\\program files (x86)\\cypress\\psoc creator\\4.1\\psoc creator\\import\\gnu\\arm\\5.4.
 629              		.file 4 "Generated_Source\\PSoC5/cytypes.h"
 630              		.file 5 "testing.h"
 631              		.file 6 "..\\emFile_V322c\\Code\\Include\\PSoC5/FS_Types.h"
 632              		.file 7 "modem.h"
 633              		.file 8 "data.h"
 634              		.file 9 "notoriOS.h"
 635              		.file 10 "Generated_Source\\PSoC5/core_cm3.h"
 636              		.section	.debug_info,"",%progbits
 637              	.Ldebug_info0:
 638 0000 1B060000 		.4byte	0x61b
 639 0004 0400     		.2byte	0x4
 640 0006 00000000 		.4byte	.Ldebug_abbrev0
 641 000a 04       		.byte	0x4
 642 000b 01       		.uleb128 0x1
 643 000c 66000000 		.4byte	.LASF76
 644 0010 0C       		.byte	0xc
 645 0011 5C000000 		.4byte	.LASF77
 646 0015 85020000 		.4byte	.LASF78
 647 0019 00000000 		.4byte	.Ldebug_ranges0+0
 648 001d 00000000 		.4byte	0
 649 0021 00000000 		.4byte	.Ldebug_line0
 650 0025 02       		.uleb128 0x2
 651 0026 01       		.byte	0x1
 652 0027 06       		.byte	0x6
 653 0028 15020000 		.4byte	.LASF0
 654 002c 02       		.uleb128 0x2
 655 002d 01       		.byte	0x1
 656 002e 08       		.byte	0x8
 657 002f DC010000 		.4byte	.LASF1
 658 0033 02       		.uleb128 0x2
 659 0034 02       		.byte	0x2
 660 0035 05       		.byte	0x5
 661 0036 2D000000 		.4byte	.LASF2
 662 003a 02       		.uleb128 0x2
 663 003b 02       		.byte	0x2
 664 003c 07       		.byte	0x7
ARM GAS  C:\Users\hail\AppData\Local\Temp\ccfaTvMx.s 			page 17


 665 003d E0020000 		.4byte	.LASF3
 666 0041 03       		.uleb128 0x3
 667 0042 AE030000 		.4byte	.LASF12
 668 0046 02       		.byte	0x2
 669 0047 3F       		.byte	0x3f
 670 0048 4C000000 		.4byte	0x4c
 671 004c 02       		.uleb128 0x2
 672 004d 04       		.byte	0x4
 673 004e 05       		.byte	0x5
 674 004f A5010000 		.4byte	.LASF4
 675 0053 02       		.uleb128 0x2
 676 0054 04       		.byte	0x4
 677 0055 07       		.byte	0x7
 678 0056 82030000 		.4byte	.LASF5
 679 005a 02       		.uleb128 0x2
 680 005b 08       		.byte	0x8
 681 005c 05       		.byte	0x5
 682 005d 7E010000 		.4byte	.LASF6
 683 0061 02       		.uleb128 0x2
 684 0062 08       		.byte	0x8
 685 0063 07       		.byte	0x7
 686 0064 21020000 		.4byte	.LASF7
 687 0068 04       		.uleb128 0x4
 688 0069 04       		.byte	0x4
 689 006a 05       		.byte	0x5
 690 006b 696E7400 		.ascii	"int\000"
 691 006f 02       		.uleb128 0x2
 692 0070 04       		.byte	0x4
 693 0071 07       		.byte	0x7
 694 0072 4E020000 		.4byte	.LASF8
 695 0076 02       		.uleb128 0x2
 696 0077 08       		.byte	0x8
 697 0078 04       		.byte	0x4
 698 0079 D0010000 		.4byte	.LASF9
 699 007d 05       		.uleb128 0x5
 700 007e 04       		.byte	0x4
 701 007f 02       		.uleb128 0x2
 702 0080 04       		.byte	0x4
 703 0081 07       		.byte	0x7
 704 0082 37000000 		.4byte	.LASF10
 705 0086 06       		.uleb128 0x6
 706 0087 04       		.byte	0x4
 707 0088 8C000000 		.4byte	0x8c
 708 008c 02       		.uleb128 0x2
 709 008d 01       		.byte	0x1
 710 008e 08       		.byte	0x8
 711 008f 8C010000 		.4byte	.LASF11
 712 0093 06       		.uleb128 0x6
 713 0094 04       		.byte	0x4
 714 0095 99000000 		.4byte	0x99
 715 0099 07       		.uleb128 0x7
 716 009a 8C000000 		.4byte	0x8c
 717 009e 08       		.uleb128 0x8
 718 009f 8C000000 		.4byte	0x8c
 719 00a3 AE000000 		.4byte	0xae
 720 00a7 09       		.uleb128 0x9
 721 00a8 7F000000 		.4byte	0x7f
ARM GAS  C:\Users\hail\AppData\Local\Temp\ccfaTvMx.s 			page 18


 722 00ac 17       		.byte	0x17
 723 00ad 00       		.byte	0
 724 00ae 03       		.uleb128 0x3
 725 00af 45030000 		.4byte	.LASF13
 726 00b3 03       		.byte	0x3
 727 00b4 2C       		.byte	0x2c
 728 00b5 41000000 		.4byte	0x41
 729 00b9 0A       		.uleb128 0xa
 730 00ba 29010000 		.4byte	.LASF14
 731 00be 04       		.byte	0x4
 732 00bf 9201     		.2byte	0x192
 733 00c1 2C000000 		.4byte	0x2c
 734 00c5 0A       		.uleb128 0xa
 735 00c6 10010000 		.4byte	.LASF15
 736 00ca 04       		.byte	0x4
 737 00cb 9301     		.2byte	0x193
 738 00cd 3A000000 		.4byte	0x3a
 739 00d1 0A       		.uleb128 0xa
 740 00d2 94030000 		.4byte	.LASF16
 741 00d6 04       		.byte	0x4
 742 00d7 9701     		.2byte	0x197
 743 00d9 4C000000 		.4byte	0x4c
 744 00dd 02       		.uleb128 0x2
 745 00de 04       		.byte	0x4
 746 00df 04       		.byte	0x4
 747 00e0 6F010000 		.4byte	.LASF17
 748 00e4 02       		.uleb128 0x2
 749 00e5 08       		.byte	0x8
 750 00e6 04       		.byte	0x4
 751 00e7 9A030000 		.4byte	.LASF18
 752 00eb 06       		.uleb128 0x6
 753 00ec 04       		.byte	0x4
 754 00ed F1000000 		.4byte	0xf1
 755 00f1 0B       		.uleb128 0xb
 756 00f2 0C       		.uleb128 0xc
 757 00f3 8101     		.2byte	0x181
 758 00f5 05       		.byte	0x5
 759 00f6 0A       		.byte	0xa
 760 00f7 20010000 		.4byte	0x120
 761 00fb 0D       		.uleb128 0xd
 762 00fc 5B030000 		.4byte	.LASF19
 763 0100 05       		.byte	0x5
 764 0101 0C       		.byte	0xc
 765 0102 20010000 		.4byte	0x120
 766 0106 00       		.byte	0
 767 0107 0D       		.uleb128 0xd
 768 0108 0B030000 		.4byte	.LASF20
 769 010c 05       		.byte	0x5
 770 010d 0D       		.byte	0xd
 771 010e B9000000 		.4byte	0xb9
 772 0112 80       		.byte	0x80
 773 0113 0D       		.uleb128 0xd
 774 0114 9E010000 		.4byte	.LASF21
 775 0118 05       		.byte	0x5
 776 0119 0F       		.byte	0xf
 777 011a 30010000 		.4byte	0x130
 778 011e 81       		.byte	0x81
ARM GAS  C:\Users\hail\AppData\Local\Temp\ccfaTvMx.s 			page 19


 779 011f 00       		.byte	0
 780 0120 08       		.uleb128 0x8
 781 0121 8C000000 		.4byte	0x8c
 782 0125 30010000 		.4byte	0x130
 783 0129 09       		.uleb128 0x9
 784 012a 7F000000 		.4byte	0x7f
 785 012e 7F       		.byte	0x7f
 786 012f 00       		.byte	0
 787 0130 08       		.uleb128 0x8
 788 0131 8C000000 		.4byte	0x8c
 789 0135 40010000 		.4byte	0x140
 790 0139 09       		.uleb128 0x9
 791 013a 7F000000 		.4byte	0x7f
 792 013e FF       		.byte	0xff
 793 013f 00       		.byte	0
 794 0140 03       		.uleb128 0x3
 795 0141 39030000 		.4byte	.LASF22
 796 0145 05       		.byte	0x5
 797 0146 10       		.byte	0x10
 798 0147 F2000000 		.4byte	0xf2
 799 014b 03       		.uleb128 0x3
 800 014c EA010000 		.4byte	.LASF23
 801 0150 06       		.byte	0x6
 802 0151 7E       		.byte	0x7e
 803 0152 56010000 		.4byte	0x156
 804 0156 0E       		.uleb128 0xe
 805 0157 EA010000 		.4byte	.LASF23
 806 015b 06       		.uleb128 0x6
 807 015c 04       		.byte	0x4
 808 015d 4B010000 		.4byte	0x14b
 809 0161 0F       		.uleb128 0xf
 810 0162 3C       		.byte	0x3c
 811 0163 07       		.byte	0x7
 812 0164 2C       		.byte	0x2c
 813 0165 8E010000 		.4byte	0x18e
 814 0169 0D       		.uleb128 0xd
 815 016a 09000000 		.4byte	.LASF24
 816 016e 07       		.byte	0x7
 817 016f 2D       		.byte	0x2d
 818 0170 8E010000 		.4byte	0x18e
 819 0174 00       		.byte	0
 820 0175 0D       		.uleb128 0xd
 821 0176 00000000 		.4byte	.LASF25
 822 017a 07       		.byte	0x7
 823 017b 2E       		.byte	0x2e
 824 017c 8E010000 		.4byte	0x18e
 825 0180 14       		.byte	0x14
 826 0181 0D       		.uleb128 0xd
 827 0182 40030000 		.4byte	.LASF26
 828 0186 07       		.byte	0x7
 829 0187 2F       		.byte	0x2f
 830 0188 8E010000 		.4byte	0x18e
 831 018c 28       		.byte	0x28
 832 018d 00       		.byte	0
 833 018e 08       		.uleb128 0x8
 834 018f 8C000000 		.4byte	0x8c
 835 0193 9E010000 		.4byte	0x19e
ARM GAS  C:\Users\hail\AppData\Local\Temp\ccfaTvMx.s 			page 20


 836 0197 09       		.uleb128 0x9
 837 0198 7F000000 		.4byte	0x7f
 838 019c 13       		.byte	0x13
 839 019d 00       		.byte	0
 840 019e 03       		.uleb128 0x3
 841 019f 91010000 		.4byte	.LASF27
 842 01a3 07       		.byte	0x7
 843 01a4 30       		.byte	0x30
 844 01a5 61010000 		.4byte	0x161
 845 01a9 0F       		.uleb128 0xf
 846 01aa 0C       		.byte	0xc
 847 01ab 07       		.byte	0x7
 848 01ac 32       		.byte	0x32
 849 01ad E2010000 		.4byte	0x1e2
 850 01b1 0D       		.uleb128 0xd
 851 01b2 18040000 		.4byte	.LASF28
 852 01b6 07       		.byte	0x7
 853 01b7 33       		.byte	0x33
 854 01b8 B9000000 		.4byte	0xb9
 855 01bc 00       		.byte	0
 856 01bd 0D       		.uleb128 0xd
 857 01be 6A030000 		.4byte	.LASF29
 858 01c2 07       		.byte	0x7
 859 01c3 34       		.byte	0x34
 860 01c4 B9000000 		.4byte	0xb9
 861 01c8 01       		.byte	0x1
 862 01c9 0D       		.uleb128 0xd
 863 01ca F3020000 		.4byte	.LASF30
 864 01ce 07       		.byte	0x7
 865 01cf 35       		.byte	0x35
 866 01d0 68000000 		.4byte	0x68
 867 01d4 04       		.byte	0x4
 868 01d5 0D       		.uleb128 0xd
 869 01d6 26030000 		.4byte	.LASF31
 870 01da 07       		.byte	0x7
 871 01db 36       		.byte	0x36
 872 01dc 68000000 		.4byte	0x68
 873 01e0 08       		.byte	0x8
 874 01e1 00       		.byte	0
 875 01e2 03       		.uleb128 0x3
 876 01e3 4D030000 		.4byte	.LASF32
 877 01e7 07       		.byte	0x7
 878 01e8 37       		.byte	0x37
 879 01e9 A9010000 		.4byte	0x1a9
 880 01ed 0F       		.uleb128 0xf
 881 01ee 2C       		.byte	0x2c
 882 01ef 08       		.byte	0x8
 883 01f0 10       		.byte	0x10
 884 01f1 1A020000 		.4byte	0x21a
 885 01f5 10       		.uleb128 0x10
 886 01f6 6B657900 		.ascii	"key\000"
 887 01fa 08       		.byte	0x8
 888 01fb 11       		.byte	0x11
 889 01fc 8E010000 		.4byte	0x18e
 890 0200 00       		.byte	0
 891 0201 0D       		.uleb128 0xd
 892 0202 F1030000 		.4byte	.LASF33
ARM GAS  C:\Users\hail\AppData\Local\Temp\ccfaTvMx.s 			page 21


 893 0206 08       		.byte	0x8
 894 0207 12       		.byte	0x12
 895 0208 8E010000 		.4byte	0x18e
 896 020c 14       		.byte	0x14
 897 020d 0D       		.uleb128 0xd
 898 020e 43010000 		.4byte	.LASF34
 899 0212 08       		.byte	0x8
 900 0213 13       		.byte	0x13
 901 0214 D1000000 		.4byte	0xd1
 902 0218 28       		.byte	0x28
 903 0219 00       		.byte	0
 904 021a 03       		.uleb128 0x3
 905 021b 5B020000 		.4byte	.LASF35
 906 021f 08       		.byte	0x8
 907 0220 14       		.byte	0x14
 908 0221 ED010000 		.4byte	0x1ed
 909 0225 0F       		.uleb128 0xf
 910 0226 1C       		.byte	0x1c
 911 0227 09       		.byte	0x9
 912 0228 37       		.byte	0x37
 913 0229 46020000 		.4byte	0x246
 914 022d 0D       		.uleb128 0xd
 915 022e AE010000 		.4byte	.LASF36
 916 0232 09       		.byte	0x9
 917 0233 39       		.byte	0x39
 918 0234 46020000 		.4byte	0x246
 919 0238 00       		.byte	0
 920 0239 0D       		.uleb128 0xd
 921 023a F9000000 		.4byte	.LASF37
 922 023e 09       		.byte	0x9
 923 023f 3A       		.byte	0x3a
 924 0240 9E000000 		.4byte	0x9e
 925 0244 04       		.byte	0x4
 926 0245 00       		.byte	0
 927 0246 06       		.uleb128 0x6
 928 0247 04       		.byte	0x4
 929 0248 9E010000 		.4byte	0x19e
 930 024c 03       		.uleb128 0x3
 931 024d D5020000 		.4byte	.LASF38
 932 0251 09       		.byte	0x9
 933 0252 3C       		.byte	0x3c
 934 0253 25020000 		.4byte	0x225
 935 0257 0C       		.uleb128 0xc
 936 0258 4401     		.2byte	0x144
 937 025a 09       		.byte	0x9
 938 025b 42       		.byte	0x42
 939 025c AA020000 		.4byte	0x2aa
 940 0260 0D       		.uleb128 0xd
 941 0261 C4030000 		.4byte	.LASF39
 942 0265 09       		.byte	0x9
 943 0266 45       		.byte	0x45
 944 0267 8E010000 		.4byte	0x18e
 945 026b 00       		.byte	0
 946 026c 0D       		.uleb128 0xd
 947 026d 4D000000 		.4byte	.LASF40
 948 0271 09       		.byte	0x9
 949 0272 47       		.byte	0x47
ARM GAS  C:\Users\hail\AppData\Local\Temp\ccfaTvMx.s 			page 22


 950 0273 AA020000 		.4byte	0x2aa
 951 0277 14       		.byte	0x14
 952 0278 0D       		.uleb128 0xd
 953 0279 E9030000 		.4byte	.LASF41
 954 027d 09       		.byte	0x9
 955 027e 48       		.byte	0x48
 956 027f 68000000 		.4byte	0x68
 957 0283 78       		.byte	0x78
 958 0284 0D       		.uleb128 0xd
 959 0285 3B010000 		.4byte	.LASF42
 960 0289 09       		.byte	0x9
 961 028a 49       		.byte	0x49
 962 028b BA020000 		.4byte	0x2ba
 963 028f 7C       		.byte	0x7c
 964 0290 0D       		.uleb128 0xd
 965 0291 7A030000 		.4byte	.LASF43
 966 0295 09       		.byte	0x9
 967 0296 4A       		.byte	0x4a
 968 0297 AA020000 		.4byte	0x2aa
 969 029b AE       		.byte	0xae
 970 029c 11       		.uleb128 0x11
 971 029d 2F010000 		.4byte	.LASF44
 972 02a1 09       		.byte	0x9
 973 02a2 4B       		.byte	0x4b
 974 02a3 BA020000 		.4byte	0x2ba
 975 02a7 1201     		.2byte	0x112
 976 02a9 00       		.byte	0
 977 02aa 08       		.uleb128 0x8
 978 02ab 8C000000 		.4byte	0x8c
 979 02af BA020000 		.4byte	0x2ba
 980 02b3 09       		.uleb128 0x9
 981 02b4 7F000000 		.4byte	0x7f
 982 02b8 63       		.byte	0x63
 983 02b9 00       		.byte	0
 984 02ba 08       		.uleb128 0x8
 985 02bb 8C000000 		.4byte	0x8c
 986 02bf CA020000 		.4byte	0x2ca
 987 02c3 09       		.uleb128 0x9
 988 02c4 7F000000 		.4byte	0x7f
 989 02c8 31       		.byte	0x31
 990 02c9 00       		.byte	0
 991 02ca 03       		.uleb128 0x3
 992 02cb 18000000 		.4byte	.LASF45
 993 02cf 09       		.byte	0x9
 994 02d0 4E       		.byte	0x4e
 995 02d1 57020000 		.4byte	0x257
 996 02d5 12       		.uleb128 0x12
 997 02d6 CC030000 		.4byte	.LASF56
 998 02da 01       		.byte	0x1
 999 02db 1E       		.byte	0x1e
 1000 02dc 00000000 		.4byte	.LFB64
 1001 02e0 0C000000 		.4byte	.LFE64-.LFB64
 1002 02e4 01       		.uleb128 0x1
 1003 02e5 9C       		.byte	0x9c
 1004 02e6 13       		.uleb128 0x13
 1005 02e7 4D010000 		.4byte	.LASF46
 1006 02eb 01       		.byte	0x1
ARM GAS  C:\Users\hail\AppData\Local\Temp\ccfaTvMx.s 			page 23


 1007 02ec 2C       		.byte	0x2c
 1008 02ed B9000000 		.4byte	0xb9
 1009 02f1 00000000 		.4byte	.LFB65
 1010 02f5 40000000 		.4byte	.LFE65-.LFB65
 1011 02f9 01       		.uleb128 0x1
 1012 02fa 9C       		.byte	0x9c
 1013 02fb 1C030000 		.4byte	0x31c
 1014 02ff 14       		.uleb128 0x14
 1015 0300 75010000 		.4byte	.LASF48
 1016 0304 01       		.byte	0x1
 1017 0305 2C       		.byte	0x2c
 1018 0306 86000000 		.4byte	0x86
 1019 030a 02       		.uleb128 0x2
 1020 030b 91       		.byte	0x91
 1021 030c 6C       		.sleb128 -20
 1022 030d 15       		.uleb128 0x15
 1023 030e 0B030000 		.4byte	.LASF20
 1024 0312 01       		.byte	0x1
 1025 0313 2E       		.byte	0x2e
 1026 0314 B9000000 		.4byte	0xb9
 1027 0318 02       		.uleb128 0x2
 1028 0319 91       		.byte	0x91
 1029 031a 77       		.sleb128 -9
 1030 031b 00       		.byte	0
 1031 031c 13       		.uleb128 0x13
 1032 031d 01040000 		.4byte	.LASF47
 1033 0321 01       		.byte	0x1
 1034 0322 43       		.byte	0x43
 1035 0323 B9000000 		.4byte	0xb9
 1036 0327 00000000 		.4byte	.LFB66
 1037 032b 2C000000 		.4byte	.LFE66-.LFB66
 1038 032f 01       		.uleb128 0x1
 1039 0330 9C       		.byte	0x9c
 1040 0331 52030000 		.4byte	0x352
 1041 0335 14       		.uleb128 0x14
 1042 0336 D4030000 		.4byte	.LASF49
 1043 033a 01       		.byte	0x1
 1044 033b 43       		.byte	0x43
 1045 033c 93000000 		.4byte	0x93
 1046 0340 02       		.uleb128 0x2
 1047 0341 91       		.byte	0x91
 1048 0342 6C       		.sleb128 -20
 1049 0343 15       		.uleb128 0x15
 1050 0344 0B030000 		.4byte	.LASF20
 1051 0348 01       		.byte	0x1
 1052 0349 45       		.byte	0x45
 1053 034a B9000000 		.4byte	0xb9
 1054 034e 02       		.uleb128 0x2
 1055 034f 91       		.byte	0x91
 1056 0350 77       		.sleb128 -9
 1057 0351 00       		.byte	0
 1058 0352 13       		.uleb128 0x13
 1059 0353 C7010000 		.4byte	.LASF50
 1060 0357 01       		.byte	0x1
 1061 0358 5A       		.byte	0x5a
 1062 0359 B9000000 		.4byte	0xb9
 1063 035d 00000000 		.4byte	.LFB67
ARM GAS  C:\Users\hail\AppData\Local\Temp\ccfaTvMx.s 			page 24


 1064 0361 6C000000 		.4byte	.LFE67-.LFB67
 1065 0365 01       		.uleb128 0x1
 1066 0366 9C       		.byte	0x9c
 1067 0367 B2030000 		.4byte	0x3b2
 1068 036b 14       		.uleb128 0x14
 1069 036c D4030000 		.4byte	.LASF49
 1070 0370 01       		.byte	0x1
 1071 0371 5A       		.byte	0x5a
 1072 0372 93000000 		.4byte	0x93
 1073 0376 02       		.uleb128 0x2
 1074 0377 91       		.byte	0x91
 1075 0378 6C       		.sleb128 -20
 1076 0379 14       		.uleb128 0x14
 1077 037a 73020000 		.4byte	.LASF51
 1078 037e 01       		.byte	0x1
 1079 037f 5A       		.byte	0x5a
 1080 0380 93000000 		.4byte	0x93
 1081 0384 02       		.uleb128 0x2
 1082 0385 91       		.byte	0x91
 1083 0386 68       		.sleb128 -24
 1084 0387 14       		.uleb128 0x14
 1085 0388 27000000 		.4byte	.LASF52
 1086 038c 01       		.byte	0x1
 1087 038d 5A       		.byte	0x5a
 1088 038e EB000000 		.4byte	0xeb
 1089 0392 02       		.uleb128 0x2
 1090 0393 91       		.byte	0x91
 1091 0394 64       		.sleb128 -28
 1092 0395 15       		.uleb128 0x15
 1093 0396 0B030000 		.4byte	.LASF20
 1094 039a 01       		.byte	0x1
 1095 039b 5C       		.byte	0x5c
 1096 039c B9000000 		.4byte	0xb9
 1097 03a0 02       		.uleb128 0x2
 1098 03a1 91       		.byte	0x91
 1099 03a2 77       		.sleb128 -9
 1100 03a3 15       		.uleb128 0x15
 1101 03a4 48020000 		.4byte	.LASF53
 1102 03a8 01       		.byte	0x1
 1103 03a9 5D       		.byte	0x5d
 1104 03aa 5B010000 		.4byte	0x15b
 1105 03ae 02       		.uleb128 0x2
 1106 03af 91       		.byte	0x91
 1107 03b0 70       		.sleb128 -16
 1108 03b1 00       		.byte	0
 1109 03b2 13       		.uleb128 0x13
 1110 03b3 10000000 		.4byte	.LASF54
 1111 03b7 01       		.byte	0x1
 1112 03b8 86       		.byte	0x86
 1113 03b9 B9000000 		.4byte	0xb9
 1114 03bd 00000000 		.4byte	.LFB68
 1115 03c1 68000000 		.4byte	.LFE68-.LFB68
 1116 03c5 01       		.uleb128 0x1
 1117 03c6 9C       		.byte	0x9c
 1118 03c7 12040000 		.4byte	0x412
 1119 03cb 14       		.uleb128 0x14
 1120 03cc D4030000 		.4byte	.LASF49
ARM GAS  C:\Users\hail\AppData\Local\Temp\ccfaTvMx.s 			page 25


 1121 03d0 01       		.byte	0x1
 1122 03d1 86       		.byte	0x86
 1123 03d2 93000000 		.4byte	0x93
 1124 03d6 02       		.uleb128 0x2
 1125 03d7 91       		.byte	0x91
 1126 03d8 6C       		.sleb128 -20
 1127 03d9 14       		.uleb128 0x14
 1128 03da 27000000 		.4byte	.LASF52
 1129 03de 01       		.byte	0x1
 1130 03df 86       		.byte	0x86
 1131 03e0 7D000000 		.4byte	0x7d
 1132 03e4 02       		.uleb128 0x2
 1133 03e5 91       		.byte	0x91
 1134 03e6 68       		.sleb128 -24
 1135 03e7 14       		.uleb128 0x14
 1136 03e8 07010000 		.4byte	.LASF55
 1137 03ec 01       		.byte	0x1
 1138 03ed 86       		.byte	0x86
 1139 03ee 53000000 		.4byte	0x53
 1140 03f2 02       		.uleb128 0x2
 1141 03f3 91       		.byte	0x91
 1142 03f4 64       		.sleb128 -28
 1143 03f5 15       		.uleb128 0x15
 1144 03f6 0B030000 		.4byte	.LASF20
 1145 03fa 01       		.byte	0x1
 1146 03fb 88       		.byte	0x88
 1147 03fc B9000000 		.4byte	0xb9
 1148 0400 02       		.uleb128 0x2
 1149 0401 91       		.byte	0x91
 1150 0402 77       		.sleb128 -9
 1151 0403 15       		.uleb128 0x15
 1152 0404 48020000 		.4byte	.LASF53
 1153 0408 01       		.byte	0x1
 1154 0409 89       		.byte	0x89
 1155 040a 5B010000 		.4byte	0x15b
 1156 040e 02       		.uleb128 0x2
 1157 040f 91       		.byte	0x91
 1158 0410 70       		.sleb128 -16
 1159 0411 00       		.byte	0
 1160 0412 16       		.uleb128 0x16
 1161 0413 DD030000 		.4byte	.LASF57
 1162 0417 01       		.byte	0x1
 1163 0418 AB       		.byte	0xab
 1164 0419 00000000 		.4byte	.LFB69
 1165 041d 16000000 		.4byte	.LFE69-.LFB69
 1166 0421 01       		.uleb128 0x1
 1167 0422 9C       		.byte	0x9c
 1168 0423 16       		.uleb128 0x16
 1169 0424 B9010000 		.4byte	.LASF58
 1170 0428 01       		.byte	0x1
 1171 0429 B4       		.byte	0xb4
 1172 042a 00000000 		.4byte	.LFB70
 1173 042e 2E000000 		.4byte	.LFE70-.LFB70
 1174 0432 01       		.uleb128 0x1
 1175 0433 9C       		.byte	0x9c
 1176 0434 17       		.uleb128 0x17
 1177 0435 40000000 		.4byte	.LASF79
ARM GAS  C:\Users\hail\AppData\Local\Temp\ccfaTvMx.s 			page 26


 1178 0439 01       		.byte	0x1
 1179 043a C2       		.byte	0xc2
 1180 043b 40010000 		.4byte	0x140
 1181 043f 00000000 		.4byte	.LFB71
 1182 0443 20010000 		.4byte	.LFE71-.LFB71
 1183 0447 01       		.uleb128 0x1
 1184 0448 9C       		.byte	0x9c
 1185 0449 7B040000 		.4byte	0x47b
 1186 044d 15       		.uleb128 0x15
 1187 044e 65030000 		.4byte	.LASF59
 1188 0452 01       		.byte	0x1
 1189 0453 C5       		.byte	0xc5
 1190 0454 40010000 		.4byte	0x140
 1191 0458 03       		.uleb128 0x3
 1192 0459 91       		.byte	0x91
 1193 045a E47C     		.sleb128 -412
 1194 045c 15       		.uleb128 0x15
 1195 045d F4000000 		.4byte	.LASF60
 1196 0461 01       		.byte	0x1
 1197 0462 C9       		.byte	0xc9
 1198 0463 7B040000 		.4byte	0x47b
 1199 0467 03       		.uleb128 0x3
 1200 0468 91       		.byte	0x91
 1201 0469 D87C     		.sleb128 -424
 1202 046b 15       		.uleb128 0x15
 1203 046c D4030000 		.4byte	.LASF49
 1204 0470 01       		.byte	0x1
 1205 0471 CA       		.byte	0xca
 1206 0472 8B040000 		.4byte	0x48b
 1207 0476 03       		.uleb128 0x3
 1208 0477 91       		.byte	0x91
 1209 0478 CC7C     		.sleb128 -436
 1210 047a 00       		.byte	0
 1211 047b 08       		.uleb128 0x8
 1212 047c 8C000000 		.4byte	0x8c
 1213 0480 8B040000 		.4byte	0x48b
 1214 0484 09       		.uleb128 0x9
 1215 0485 7F000000 		.4byte	0x7f
 1216 0489 09       		.byte	0x9
 1217 048a 00       		.byte	0
 1218 048b 08       		.uleb128 0x8
 1219 048c 8C000000 		.4byte	0x8c
 1220 0490 9B040000 		.4byte	0x49b
 1221 0494 09       		.uleb128 0x9
 1222 0495 7F000000 		.4byte	0x7f
 1223 0499 08       		.byte	0x8
 1224 049a 00       		.byte	0
 1225 049b 18       		.uleb128 0x18
 1226 049c A1030000 		.4byte	.LASF61
 1227 04a0 0A       		.byte	0xa
 1228 04a1 1207     		.2byte	0x712
 1229 04a3 A7040000 		.4byte	0x4a7
 1230 04a7 19       		.uleb128 0x19
 1231 04a8 AE000000 		.4byte	0xae
 1232 04ac 1A       		.uleb128 0x1a
 1233 04ad 09020000 		.4byte	.LASF62
 1234 04b1 07       		.byte	0x7
ARM GAS  C:\Users\hail\AppData\Local\Temp\ccfaTvMx.s 			page 27


 1235 04b2 15       		.byte	0x15
 1236 04b3 B9000000 		.4byte	0xb9
 1237 04b7 05       		.uleb128 0x5
 1238 04b8 03       		.byte	0x3
 1239 04b9 00000000 		.4byte	modem_state
 1240 04bd 1A       		.uleb128 0x1a
 1241 04be F2010000 		.4byte	.LASF63
 1242 04c2 07       		.byte	0x7
 1243 04c3 45       		.byte	0x45
 1244 04c4 D1000000 		.4byte	0xd1
 1245 04c8 05       		.uleb128 0x5
 1246 04c9 03       		.byte	0x3
 1247 04ca 00000000 		.4byte	modem_start_time_stamp
 1248 04ce 1A       		.uleb128 0x1a
 1249 04cf AE010000 		.4byte	.LASF36
 1250 04d3 07       		.byte	0x7
 1251 04d4 46       		.byte	0x46
 1252 04d5 9E010000 		.4byte	0x19e
 1253 04d9 05       		.uleb128 0x5
 1254 04da 03       		.byte	0x3
 1255 04db 00000000 		.4byte	modem_info
 1256 04df 1A       		.uleb128 0x1a
 1257 04e0 79020000 		.4byte	.LASF64
 1258 04e4 07       		.byte	0x7
 1259 04e5 47       		.byte	0x47
 1260 04e6 E2010000 		.4byte	0x1e2
 1261 04ea 05       		.uleb128 0x5
 1262 04eb 03       		.byte	0x3
 1263 04ec 00000000 		.4byte	modem_stats
 1264 04f0 1A       		.uleb128 0x1a
 1265 04f1 17010000 		.4byte	.LASF65
 1266 04f5 08       		.byte	0x8
 1267 04f6 1D       		.byte	0x1d
 1268 04f7 C5000000 		.4byte	0xc5
 1269 04fb 05       		.uleb128 0x5
 1270 04fc 03       		.byte	0x3
 1271 04fd 00000000 		.4byte	dataPointsInStack
 1272 0501 1A       		.uleb128 0x1a
 1273 0502 56010000 		.4byte	.LASF66
 1274 0506 08       		.byte	0x8
 1275 0507 1E       		.byte	0x1e
 1276 0508 C5000000 		.4byte	0xc5
 1277 050c 05       		.uleb128 0x5
 1278 050d 03       		.byte	0x3
 1279 050e 00000000 		.4byte	dataPointsInStackDesired
 1280 0512 08       		.uleb128 0x8
 1281 0513 1A020000 		.4byte	0x21a
 1282 0517 22050000 		.4byte	0x522
 1283 051b 09       		.uleb128 0x9
 1284 051c 7F000000 		.4byte	0x7f
 1285 0520 95       		.byte	0x95
 1286 0521 00       		.byte	0
 1287 0522 1A       		.uleb128 0x1a
 1288 0523 F4000000 		.4byte	.LASF60
 1289 0527 08       		.byte	0x8
 1290 0528 1F       		.byte	0x1f
 1291 0529 12050000 		.4byte	0x512
ARM GAS  C:\Users\hail\AppData\Local\Temp\ccfaTvMx.s 			page 28


 1292 052d 05       		.uleb128 0x5
 1293 052e 03       		.byte	0x3
 1294 052f 00000000 		.4byte	data
 1295 0533 08       		.uleb128 0x8
 1296 0534 8C000000 		.4byte	0x8c
 1297 0538 44050000 		.4byte	0x544
 1298 053c 1B       		.uleb128 0x1b
 1299 053d 7F000000 		.4byte	0x7f
 1300 0541 0F27     		.2byte	0x270f
 1301 0543 00       		.byte	0
 1302 0544 1A       		.uleb128 0x1a
 1303 0545 0B040000 		.4byte	.LASF67
 1304 0549 09       		.byte	0x9
 1305 054a 16       		.byte	0x16
 1306 054b 33050000 		.4byte	0x533
 1307 054f 05       		.uleb128 0x5
 1308 0550 03       		.byte	0x3
 1309 0551 00000000 		.4byte	http_request
 1310 0555 1A       		.uleb128 0x1a
 1311 0556 F7030000 		.4byte	.LASF68
 1312 055a 09       		.byte	0x9
 1313 055b 17       		.byte	0x17
 1314 055c 33050000 		.4byte	0x533
 1315 0560 05       		.uleb128 0x5
 1316 0561 03       		.byte	0x3
 1317 0562 00000000 		.4byte	http_body
 1318 0566 08       		.uleb128 0x8
 1319 0567 8C000000 		.4byte	0x8c
 1320 056b 76050000 		.4byte	0x576
 1321 056f 09       		.uleb128 0x9
 1322 0570 7F000000 		.4byte	0x7f
 1323 0574 C7       		.byte	0xc7
 1324 0575 00       		.byte	0
 1325 0576 1A       		.uleb128 0x1a
 1326 0577 6F030000 		.4byte	.LASF69
 1327 057b 09       		.byte	0x9
 1328 057c 18       		.byte	0x18
 1329 057d 66050000 		.4byte	0x566
 1330 0581 05       		.uleb128 0x5
 1331 0582 03       		.byte	0x3
 1332 0583 00000000 		.4byte	http_route
 1333 0587 1A       		.uleb128 0x1a
 1334 0588 1A030000 		.4byte	.LASF70
 1335 058c 09       		.byte	0x9
 1336 058d 3F       		.byte	0x3f
 1337 058e 4C020000 		.4byte	0x24c
 1338 0592 05       		.uleb128 0x5
 1339 0593 03       		.byte	0x3
 1340 0594 00000000 		.4byte	system_info
 1341 0598 1A       		.uleb128 0x1a
 1342 0599 38020000 		.4byte	.LASF71
 1343 059d 09       		.byte	0x9
 1344 059e 51       		.byte	0x51
 1345 059f CA020000 		.4byte	0x2ca
 1346 05a3 05       		.uleb128 0x5
 1347 05a4 03       		.byte	0x3
 1348 05a5 00000000 		.4byte	system_settings
ARM GAS  C:\Users\hail\AppData\Local\Temp\ccfaTvMx.s 			page 29


 1349 05a9 1A       		.uleb128 0x1a
 1350 05aa 55000000 		.4byte	.LASF72
 1351 05ae 01       		.byte	0x1
 1352 05af 0D       		.byte	0xd
 1353 05b0 7B040000 		.4byte	0x47b
 1354 05b4 05       		.uleb128 0x5
 1355 05b5 03       		.byte	0x3
 1356 05b6 00000000 		.4byte	SD_dir
 1357 05ba 08       		.uleb128 0x8
 1358 05bb 8C000000 		.4byte	0x8c
 1359 05bf CB050000 		.4byte	0x5cb
 1360 05c3 1B       		.uleb128 0x1b
 1361 05c4 7F000000 		.4byte	0x7f
 1362 05c8 B70B     		.2byte	0xbb7
 1363 05ca 00       		.byte	0
 1364 05cb 1A       		.uleb128 0x1a
 1365 05cc 12030000 		.4byte	.LASF73
 1366 05d0 01       		.byte	0x1
 1367 05d1 0E       		.byte	0xe
 1368 05d2 BA050000 		.4byte	0x5ba
 1369 05d6 05       		.uleb128 0x5
 1370 05d7 03       		.byte	0x3
 1371 05d8 00000000 		.4byte	SD_body
 1372 05dc 08       		.uleb128 0x8
 1373 05dd 8C000000 		.4byte	0x8c
 1374 05e1 EC050000 		.4byte	0x5ec
 1375 05e5 09       		.uleb128 0x9
 1376 05e6 7F000000 		.4byte	0x7f
 1377 05ea 1D       		.byte	0x1d
 1378 05eb 00       		.byte	0
 1379 05ec 1A       		.uleb128 0x1a
 1380 05ed B8030000 		.4byte	.LASF74
 1381 05f1 01       		.byte	0x1
 1382 05f2 0F       		.byte	0xf
 1383 05f3 DC050000 		.4byte	0x5dc
 1384 05f7 05       		.uleb128 0x5
 1385 05f8 03       		.byte	0x3
 1386 05f9 00000000 		.4byte	SD_filename
 1387 05fd 08       		.uleb128 0x8
 1388 05fe 8C000000 		.4byte	0x8c
 1389 0602 0D060000 		.4byte	0x60d
 1390 0606 09       		.uleb128 0x9
 1391 0607 7F000000 		.4byte	0x7f
 1392 060b 04       		.byte	0x4
 1393 060c 00       		.byte	0
 1394 060d 1A       		.uleb128 0x1a
 1395 060e 67020000 		.4byte	.LASF75
 1396 0612 01       		.byte	0x1
 1397 0613 10       		.byte	0x10
 1398 0614 FD050000 		.4byte	0x5fd
 1399 0618 05       		.uleb128 0x5
 1400 0619 03       		.byte	0x3
 1401 061a 00000000 		.4byte	SD_filemode
 1402 061e 00       		.byte	0
 1403              		.section	.debug_abbrev,"",%progbits
 1404              	.Ldebug_abbrev0:
 1405 0000 01       		.uleb128 0x1
ARM GAS  C:\Users\hail\AppData\Local\Temp\ccfaTvMx.s 			page 30


 1406 0001 11       		.uleb128 0x11
 1407 0002 01       		.byte	0x1
 1408 0003 25       		.uleb128 0x25
 1409 0004 0E       		.uleb128 0xe
 1410 0005 13       		.uleb128 0x13
 1411 0006 0B       		.uleb128 0xb
 1412 0007 03       		.uleb128 0x3
 1413 0008 0E       		.uleb128 0xe
 1414 0009 1B       		.uleb128 0x1b
 1415 000a 0E       		.uleb128 0xe
 1416 000b 55       		.uleb128 0x55
 1417 000c 17       		.uleb128 0x17
 1418 000d 11       		.uleb128 0x11
 1419 000e 01       		.uleb128 0x1
 1420 000f 10       		.uleb128 0x10
 1421 0010 17       		.uleb128 0x17
 1422 0011 00       		.byte	0
 1423 0012 00       		.byte	0
 1424 0013 02       		.uleb128 0x2
 1425 0014 24       		.uleb128 0x24
 1426 0015 00       		.byte	0
 1427 0016 0B       		.uleb128 0xb
 1428 0017 0B       		.uleb128 0xb
 1429 0018 3E       		.uleb128 0x3e
 1430 0019 0B       		.uleb128 0xb
 1431 001a 03       		.uleb128 0x3
 1432 001b 0E       		.uleb128 0xe
 1433 001c 00       		.byte	0
 1434 001d 00       		.byte	0
 1435 001e 03       		.uleb128 0x3
 1436 001f 16       		.uleb128 0x16
 1437 0020 00       		.byte	0
 1438 0021 03       		.uleb128 0x3
 1439 0022 0E       		.uleb128 0xe
 1440 0023 3A       		.uleb128 0x3a
 1441 0024 0B       		.uleb128 0xb
 1442 0025 3B       		.uleb128 0x3b
 1443 0026 0B       		.uleb128 0xb
 1444 0027 49       		.uleb128 0x49
 1445 0028 13       		.uleb128 0x13
 1446 0029 00       		.byte	0
 1447 002a 00       		.byte	0
 1448 002b 04       		.uleb128 0x4
 1449 002c 24       		.uleb128 0x24
 1450 002d 00       		.byte	0
 1451 002e 0B       		.uleb128 0xb
 1452 002f 0B       		.uleb128 0xb
 1453 0030 3E       		.uleb128 0x3e
 1454 0031 0B       		.uleb128 0xb
 1455 0032 03       		.uleb128 0x3
 1456 0033 08       		.uleb128 0x8
 1457 0034 00       		.byte	0
 1458 0035 00       		.byte	0
 1459 0036 05       		.uleb128 0x5
 1460 0037 0F       		.uleb128 0xf
 1461 0038 00       		.byte	0
 1462 0039 0B       		.uleb128 0xb
ARM GAS  C:\Users\hail\AppData\Local\Temp\ccfaTvMx.s 			page 31


 1463 003a 0B       		.uleb128 0xb
 1464 003b 00       		.byte	0
 1465 003c 00       		.byte	0
 1466 003d 06       		.uleb128 0x6
 1467 003e 0F       		.uleb128 0xf
 1468 003f 00       		.byte	0
 1469 0040 0B       		.uleb128 0xb
 1470 0041 0B       		.uleb128 0xb
 1471 0042 49       		.uleb128 0x49
 1472 0043 13       		.uleb128 0x13
 1473 0044 00       		.byte	0
 1474 0045 00       		.byte	0
 1475 0046 07       		.uleb128 0x7
 1476 0047 26       		.uleb128 0x26
 1477 0048 00       		.byte	0
 1478 0049 49       		.uleb128 0x49
 1479 004a 13       		.uleb128 0x13
 1480 004b 00       		.byte	0
 1481 004c 00       		.byte	0
 1482 004d 08       		.uleb128 0x8
 1483 004e 01       		.uleb128 0x1
 1484 004f 01       		.byte	0x1
 1485 0050 49       		.uleb128 0x49
 1486 0051 13       		.uleb128 0x13
 1487 0052 01       		.uleb128 0x1
 1488 0053 13       		.uleb128 0x13
 1489 0054 00       		.byte	0
 1490 0055 00       		.byte	0
 1491 0056 09       		.uleb128 0x9
 1492 0057 21       		.uleb128 0x21
 1493 0058 00       		.byte	0
 1494 0059 49       		.uleb128 0x49
 1495 005a 13       		.uleb128 0x13
 1496 005b 2F       		.uleb128 0x2f
 1497 005c 0B       		.uleb128 0xb
 1498 005d 00       		.byte	0
 1499 005e 00       		.byte	0
 1500 005f 0A       		.uleb128 0xa
 1501 0060 16       		.uleb128 0x16
 1502 0061 00       		.byte	0
 1503 0062 03       		.uleb128 0x3
 1504 0063 0E       		.uleb128 0xe
 1505 0064 3A       		.uleb128 0x3a
 1506 0065 0B       		.uleb128 0xb
 1507 0066 3B       		.uleb128 0x3b
 1508 0067 05       		.uleb128 0x5
 1509 0068 49       		.uleb128 0x49
 1510 0069 13       		.uleb128 0x13
 1511 006a 00       		.byte	0
 1512 006b 00       		.byte	0
 1513 006c 0B       		.uleb128 0xb
 1514 006d 26       		.uleb128 0x26
 1515 006e 00       		.byte	0
 1516 006f 00       		.byte	0
 1517 0070 00       		.byte	0
 1518 0071 0C       		.uleb128 0xc
 1519 0072 13       		.uleb128 0x13
ARM GAS  C:\Users\hail\AppData\Local\Temp\ccfaTvMx.s 			page 32


 1520 0073 01       		.byte	0x1
 1521 0074 0B       		.uleb128 0xb
 1522 0075 05       		.uleb128 0x5
 1523 0076 3A       		.uleb128 0x3a
 1524 0077 0B       		.uleb128 0xb
 1525 0078 3B       		.uleb128 0x3b
 1526 0079 0B       		.uleb128 0xb
 1527 007a 01       		.uleb128 0x1
 1528 007b 13       		.uleb128 0x13
 1529 007c 00       		.byte	0
 1530 007d 00       		.byte	0
 1531 007e 0D       		.uleb128 0xd
 1532 007f 0D       		.uleb128 0xd
 1533 0080 00       		.byte	0
 1534 0081 03       		.uleb128 0x3
 1535 0082 0E       		.uleb128 0xe
 1536 0083 3A       		.uleb128 0x3a
 1537 0084 0B       		.uleb128 0xb
 1538 0085 3B       		.uleb128 0x3b
 1539 0086 0B       		.uleb128 0xb
 1540 0087 49       		.uleb128 0x49
 1541 0088 13       		.uleb128 0x13
 1542 0089 38       		.uleb128 0x38
 1543 008a 0B       		.uleb128 0xb
 1544 008b 00       		.byte	0
 1545 008c 00       		.byte	0
 1546 008d 0E       		.uleb128 0xe
 1547 008e 13       		.uleb128 0x13
 1548 008f 00       		.byte	0
 1549 0090 03       		.uleb128 0x3
 1550 0091 0E       		.uleb128 0xe
 1551 0092 3C       		.uleb128 0x3c
 1552 0093 19       		.uleb128 0x19
 1553 0094 00       		.byte	0
 1554 0095 00       		.byte	0
 1555 0096 0F       		.uleb128 0xf
 1556 0097 13       		.uleb128 0x13
 1557 0098 01       		.byte	0x1
 1558 0099 0B       		.uleb128 0xb
 1559 009a 0B       		.uleb128 0xb
 1560 009b 3A       		.uleb128 0x3a
 1561 009c 0B       		.uleb128 0xb
 1562 009d 3B       		.uleb128 0x3b
 1563 009e 0B       		.uleb128 0xb
 1564 009f 01       		.uleb128 0x1
 1565 00a0 13       		.uleb128 0x13
 1566 00a1 00       		.byte	0
 1567 00a2 00       		.byte	0
 1568 00a3 10       		.uleb128 0x10
 1569 00a4 0D       		.uleb128 0xd
 1570 00a5 00       		.byte	0
 1571 00a6 03       		.uleb128 0x3
 1572 00a7 08       		.uleb128 0x8
 1573 00a8 3A       		.uleb128 0x3a
 1574 00a9 0B       		.uleb128 0xb
 1575 00aa 3B       		.uleb128 0x3b
 1576 00ab 0B       		.uleb128 0xb
ARM GAS  C:\Users\hail\AppData\Local\Temp\ccfaTvMx.s 			page 33


 1577 00ac 49       		.uleb128 0x49
 1578 00ad 13       		.uleb128 0x13
 1579 00ae 38       		.uleb128 0x38
 1580 00af 0B       		.uleb128 0xb
 1581 00b0 00       		.byte	0
 1582 00b1 00       		.byte	0
 1583 00b2 11       		.uleb128 0x11
 1584 00b3 0D       		.uleb128 0xd
 1585 00b4 00       		.byte	0
 1586 00b5 03       		.uleb128 0x3
 1587 00b6 0E       		.uleb128 0xe
 1588 00b7 3A       		.uleb128 0x3a
 1589 00b8 0B       		.uleb128 0xb
 1590 00b9 3B       		.uleb128 0x3b
 1591 00ba 0B       		.uleb128 0xb
 1592 00bb 49       		.uleb128 0x49
 1593 00bc 13       		.uleb128 0x13
 1594 00bd 38       		.uleb128 0x38
 1595 00be 05       		.uleb128 0x5
 1596 00bf 00       		.byte	0
 1597 00c0 00       		.byte	0
 1598 00c1 12       		.uleb128 0x12
 1599 00c2 2E       		.uleb128 0x2e
 1600 00c3 00       		.byte	0
 1601 00c4 3F       		.uleb128 0x3f
 1602 00c5 19       		.uleb128 0x19
 1603 00c6 03       		.uleb128 0x3
 1604 00c7 0E       		.uleb128 0xe
 1605 00c8 3A       		.uleb128 0x3a
 1606 00c9 0B       		.uleb128 0xb
 1607 00ca 3B       		.uleb128 0x3b
 1608 00cb 0B       		.uleb128 0xb
 1609 00cc 11       		.uleb128 0x11
 1610 00cd 01       		.uleb128 0x1
 1611 00ce 12       		.uleb128 0x12
 1612 00cf 06       		.uleb128 0x6
 1613 00d0 40       		.uleb128 0x40
 1614 00d1 18       		.uleb128 0x18
 1615 00d2 9742     		.uleb128 0x2117
 1616 00d4 19       		.uleb128 0x19
 1617 00d5 00       		.byte	0
 1618 00d6 00       		.byte	0
 1619 00d7 13       		.uleb128 0x13
 1620 00d8 2E       		.uleb128 0x2e
 1621 00d9 01       		.byte	0x1
 1622 00da 3F       		.uleb128 0x3f
 1623 00db 19       		.uleb128 0x19
 1624 00dc 03       		.uleb128 0x3
 1625 00dd 0E       		.uleb128 0xe
 1626 00de 3A       		.uleb128 0x3a
 1627 00df 0B       		.uleb128 0xb
 1628 00e0 3B       		.uleb128 0x3b
 1629 00e1 0B       		.uleb128 0xb
 1630 00e2 27       		.uleb128 0x27
 1631 00e3 19       		.uleb128 0x19
 1632 00e4 49       		.uleb128 0x49
 1633 00e5 13       		.uleb128 0x13
ARM GAS  C:\Users\hail\AppData\Local\Temp\ccfaTvMx.s 			page 34


 1634 00e6 11       		.uleb128 0x11
 1635 00e7 01       		.uleb128 0x1
 1636 00e8 12       		.uleb128 0x12
 1637 00e9 06       		.uleb128 0x6
 1638 00ea 40       		.uleb128 0x40
 1639 00eb 18       		.uleb128 0x18
 1640 00ec 9642     		.uleb128 0x2116
 1641 00ee 19       		.uleb128 0x19
 1642 00ef 01       		.uleb128 0x1
 1643 00f0 13       		.uleb128 0x13
 1644 00f1 00       		.byte	0
 1645 00f2 00       		.byte	0
 1646 00f3 14       		.uleb128 0x14
 1647 00f4 05       		.uleb128 0x5
 1648 00f5 00       		.byte	0
 1649 00f6 03       		.uleb128 0x3
 1650 00f7 0E       		.uleb128 0xe
 1651 00f8 3A       		.uleb128 0x3a
 1652 00f9 0B       		.uleb128 0xb
 1653 00fa 3B       		.uleb128 0x3b
 1654 00fb 0B       		.uleb128 0xb
 1655 00fc 49       		.uleb128 0x49
 1656 00fd 13       		.uleb128 0x13
 1657 00fe 02       		.uleb128 0x2
 1658 00ff 18       		.uleb128 0x18
 1659 0100 00       		.byte	0
 1660 0101 00       		.byte	0
 1661 0102 15       		.uleb128 0x15
 1662 0103 34       		.uleb128 0x34
 1663 0104 00       		.byte	0
 1664 0105 03       		.uleb128 0x3
 1665 0106 0E       		.uleb128 0xe
 1666 0107 3A       		.uleb128 0x3a
 1667 0108 0B       		.uleb128 0xb
 1668 0109 3B       		.uleb128 0x3b
 1669 010a 0B       		.uleb128 0xb
 1670 010b 49       		.uleb128 0x49
 1671 010c 13       		.uleb128 0x13
 1672 010d 02       		.uleb128 0x2
 1673 010e 18       		.uleb128 0x18
 1674 010f 00       		.byte	0
 1675 0110 00       		.byte	0
 1676 0111 16       		.uleb128 0x16
 1677 0112 2E       		.uleb128 0x2e
 1678 0113 00       		.byte	0
 1679 0114 3F       		.uleb128 0x3f
 1680 0115 19       		.uleb128 0x19
 1681 0116 03       		.uleb128 0x3
 1682 0117 0E       		.uleb128 0xe
 1683 0118 3A       		.uleb128 0x3a
 1684 0119 0B       		.uleb128 0xb
 1685 011a 3B       		.uleb128 0x3b
 1686 011b 0B       		.uleb128 0xb
 1687 011c 11       		.uleb128 0x11
 1688 011d 01       		.uleb128 0x1
 1689 011e 12       		.uleb128 0x12
 1690 011f 06       		.uleb128 0x6
ARM GAS  C:\Users\hail\AppData\Local\Temp\ccfaTvMx.s 			page 35


 1691 0120 40       		.uleb128 0x40
 1692 0121 18       		.uleb128 0x18
 1693 0122 9642     		.uleb128 0x2116
 1694 0124 19       		.uleb128 0x19
 1695 0125 00       		.byte	0
 1696 0126 00       		.byte	0
 1697 0127 17       		.uleb128 0x17
 1698 0128 2E       		.uleb128 0x2e
 1699 0129 01       		.byte	0x1
 1700 012a 3F       		.uleb128 0x3f
 1701 012b 19       		.uleb128 0x19
 1702 012c 03       		.uleb128 0x3
 1703 012d 0E       		.uleb128 0xe
 1704 012e 3A       		.uleb128 0x3a
 1705 012f 0B       		.uleb128 0xb
 1706 0130 3B       		.uleb128 0x3b
 1707 0131 0B       		.uleb128 0xb
 1708 0132 49       		.uleb128 0x49
 1709 0133 13       		.uleb128 0x13
 1710 0134 11       		.uleb128 0x11
 1711 0135 01       		.uleb128 0x1
 1712 0136 12       		.uleb128 0x12
 1713 0137 06       		.uleb128 0x6
 1714 0138 40       		.uleb128 0x40
 1715 0139 18       		.uleb128 0x18
 1716 013a 9642     		.uleb128 0x2116
 1717 013c 19       		.uleb128 0x19
 1718 013d 01       		.uleb128 0x1
 1719 013e 13       		.uleb128 0x13
 1720 013f 00       		.byte	0
 1721 0140 00       		.byte	0
 1722 0141 18       		.uleb128 0x18
 1723 0142 34       		.uleb128 0x34
 1724 0143 00       		.byte	0
 1725 0144 03       		.uleb128 0x3
 1726 0145 0E       		.uleb128 0xe
 1727 0146 3A       		.uleb128 0x3a
 1728 0147 0B       		.uleb128 0xb
 1729 0148 3B       		.uleb128 0x3b
 1730 0149 05       		.uleb128 0x5
 1731 014a 49       		.uleb128 0x49
 1732 014b 13       		.uleb128 0x13
 1733 014c 3F       		.uleb128 0x3f
 1734 014d 19       		.uleb128 0x19
 1735 014e 3C       		.uleb128 0x3c
 1736 014f 19       		.uleb128 0x19
 1737 0150 00       		.byte	0
 1738 0151 00       		.byte	0
 1739 0152 19       		.uleb128 0x19
 1740 0153 35       		.uleb128 0x35
 1741 0154 00       		.byte	0
 1742 0155 49       		.uleb128 0x49
 1743 0156 13       		.uleb128 0x13
 1744 0157 00       		.byte	0
 1745 0158 00       		.byte	0
 1746 0159 1A       		.uleb128 0x1a
 1747 015a 34       		.uleb128 0x34
ARM GAS  C:\Users\hail\AppData\Local\Temp\ccfaTvMx.s 			page 36


 1748 015b 00       		.byte	0
 1749 015c 03       		.uleb128 0x3
 1750 015d 0E       		.uleb128 0xe
 1751 015e 3A       		.uleb128 0x3a
 1752 015f 0B       		.uleb128 0xb
 1753 0160 3B       		.uleb128 0x3b
 1754 0161 0B       		.uleb128 0xb
 1755 0162 49       		.uleb128 0x49
 1756 0163 13       		.uleb128 0x13
 1757 0164 3F       		.uleb128 0x3f
 1758 0165 19       		.uleb128 0x19
 1759 0166 02       		.uleb128 0x2
 1760 0167 18       		.uleb128 0x18
 1761 0168 00       		.byte	0
 1762 0169 00       		.byte	0
 1763 016a 1B       		.uleb128 0x1b
 1764 016b 21       		.uleb128 0x21
 1765 016c 00       		.byte	0
 1766 016d 49       		.uleb128 0x49
 1767 016e 13       		.uleb128 0x13
 1768 016f 2F       		.uleb128 0x2f
 1769 0170 05       		.uleb128 0x5
 1770 0171 00       		.byte	0
 1771 0172 00       		.byte	0
 1772 0173 00       		.byte	0
 1773              		.section	.debug_aranges,"",%progbits
 1774 0000 54000000 		.4byte	0x54
 1775 0004 0200     		.2byte	0x2
 1776 0006 00000000 		.4byte	.Ldebug_info0
 1777 000a 04       		.byte	0x4
 1778 000b 00       		.byte	0
 1779 000c 0000     		.2byte	0
 1780 000e 0000     		.2byte	0
 1781 0010 00000000 		.4byte	.LFB64
 1782 0014 0C000000 		.4byte	.LFE64-.LFB64
 1783 0018 00000000 		.4byte	.LFB65
 1784 001c 40000000 		.4byte	.LFE65-.LFB65
 1785 0020 00000000 		.4byte	.LFB66
 1786 0024 2C000000 		.4byte	.LFE66-.LFB66
 1787 0028 00000000 		.4byte	.LFB67
 1788 002c 6C000000 		.4byte	.LFE67-.LFB67
 1789 0030 00000000 		.4byte	.LFB68
 1790 0034 68000000 		.4byte	.LFE68-.LFB68
 1791 0038 00000000 		.4byte	.LFB69
 1792 003c 16000000 		.4byte	.LFE69-.LFB69
 1793 0040 00000000 		.4byte	.LFB70
 1794 0044 2E000000 		.4byte	.LFE70-.LFB70
 1795 0048 00000000 		.4byte	.LFB71
 1796 004c 20010000 		.4byte	.LFE71-.LFB71
 1797 0050 00000000 		.4byte	0
 1798 0054 00000000 		.4byte	0
 1799              		.section	.debug_ranges,"",%progbits
 1800              	.Ldebug_ranges0:
 1801 0000 00000000 		.4byte	.LFB64
 1802 0004 0C000000 		.4byte	.LFE64
 1803 0008 00000000 		.4byte	.LFB65
 1804 000c 40000000 		.4byte	.LFE65
ARM GAS  C:\Users\hail\AppData\Local\Temp\ccfaTvMx.s 			page 37


 1805 0010 00000000 		.4byte	.LFB66
 1806 0014 2C000000 		.4byte	.LFE66
 1807 0018 00000000 		.4byte	.LFB67
 1808 001c 6C000000 		.4byte	.LFE67
 1809 0020 00000000 		.4byte	.LFB68
 1810 0024 68000000 		.4byte	.LFE68
 1811 0028 00000000 		.4byte	.LFB69
 1812 002c 16000000 		.4byte	.LFE69
 1813 0030 00000000 		.4byte	.LFB70
 1814 0034 2E000000 		.4byte	.LFE70
 1815 0038 00000000 		.4byte	.LFB71
 1816 003c 20010000 		.4byte	.LFE71
 1817 0040 00000000 		.4byte	0
 1818 0044 00000000 		.4byte	0
 1819              		.section	.debug_line,"",%progbits
 1820              	.Ldebug_line0:
 1821 0000 77020000 		.section	.debug_str,"MS",%progbits,1
 1821      0200B001 
 1821      00000201 
 1821      FB0E0D00 
 1821      01010101 
 1822              	.LASF25:
 1823 0000 6D6F6465 		.ascii	"model_id\000"
 1823      6C5F6964 
 1823      00
 1824              	.LASF24:
 1825 0009 73696D5F 		.ascii	"sim_id\000"
 1825      696400
 1826              	.LASF54:
 1827 0010 53445F72 		.ascii	"SD_read\000"
 1827      65616400 
 1828              	.LASF45:
 1829 0018 7379735F 		.ascii	"sys_settings_t\000"
 1829      73657474 
 1829      696E6773 
 1829      5F7400
 1830              	.LASF52:
 1831 0027 70446174 		.ascii	"pData\000"
 1831      6100
 1832              	.LASF2:
 1833 002d 73686F72 		.ascii	"short int\000"
 1833      7420696E 
 1833      7400
 1834              	.LASF10:
 1835 0037 73697A65 		.ascii	"sizetype\000"
 1835      74797065 
 1835      00
 1836              	.LASF79:
 1837 0040 53445F63 		.ascii	"SD_card_test\000"
 1837      6172645F 
 1837      74657374 
 1837      00
 1838              	.LASF40:
 1839 004d 65705F68 		.ascii	"ep_host\000"
 1839      6F737400 
 1840              	.LASF72:
 1841 0055 53445F64 		.ascii	"SD_dir\000"
ARM GAS  C:\Users\hail\AppData\Local\Temp\ccfaTvMx.s 			page 38


 1841      697200
 1842              	.LASF77:
 1843 005c 73645F63 		.ascii	"sd_card.c\000"
 1843      6172642E 
 1843      6300
 1844              	.LASF76:
 1845 0066 474E5520 		.ascii	"GNU C11 5.4.1 20160609 (release) [ARM/embedded-5-br"
 1845      43313120 
 1845      352E342E 
 1845      31203230 
 1845      31363036 
 1846 0099 616E6368 		.ascii	"anch revision 237715] -mcpu=cortex-m3 -mthumb -g -O"
 1846      20726576 
 1846      6973696F 
 1846      6E203233 
 1846      37373135 
 1847 00cc 30202D66 		.ascii	"0 -ffunction-sections -ffat-lto-objects\000"
 1847      66756E63 
 1847      74696F6E 
 1847      2D736563 
 1847      74696F6E 
 1848              	.LASF60:
 1849 00f4 64617461 		.ascii	"data\000"
 1849      00
 1850              	.LASF37:
 1851 00f9 63686970 		.ascii	"chip_uniqueId\000"
 1851      5F756E69 
 1851      71756549 
 1851      6400
 1852              	.LASF55:
 1853 0107 4E756D42 		.ascii	"NumBytes\000"
 1853      79746573 
 1853      00
 1854              	.LASF15:
 1855 0110 75696E74 		.ascii	"uint16\000"
 1855      313600
 1856              	.LASF65:
 1857 0117 64617461 		.ascii	"dataPointsInStack\000"
 1857      506F696E 
 1857      7473496E 
 1857      53746163 
 1857      6B00
 1858              	.LASF14:
 1859 0129 75696E74 		.ascii	"uint8\000"
 1859      3800
 1860              	.LASF44:
 1861 012f 65705F64 		.ascii	"ep_database\000"
 1861      61746162 
 1861      61736500 
 1862              	.LASF42:
 1863 013b 65705F75 		.ascii	"ep_user\000"
 1863      73657200 
 1864              	.LASF34:
 1865 0143 74696D65 		.ascii	"timeStamp\000"
 1865      5374616D 
 1865      7000
 1866              	.LASF46:
ARM GAS  C:\Users\hail\AppData\Local\Temp\ccfaTvMx.s 			page 39


 1867 014d 53445F6D 		.ascii	"SD_mkdir\000"
 1867      6B646972 
 1867      00
 1868              	.LASF66:
 1869 0156 64617461 		.ascii	"dataPointsInStackDesired\000"
 1869      506F696E 
 1869      7473496E 
 1869      53746163 
 1869      6B446573 
 1870              	.LASF17:
 1871 016f 666C6F61 		.ascii	"float\000"
 1871      7400
 1872              	.LASF48:
 1873 0175 6469725F 		.ascii	"dir_name\000"
 1873      6E616D65 
 1873      00
 1874              	.LASF6:
 1875 017e 6C6F6E67 		.ascii	"long long int\000"
 1875      206C6F6E 
 1875      6720696E 
 1875      7400
 1876              	.LASF11:
 1877 018c 63686172 		.ascii	"char\000"
 1877      00
 1878              	.LASF27:
 1879 0191 6D6F6465 		.ascii	"modem_info_t\000"
 1879      6D5F696E 
 1879      666F5F74 
 1879      00
 1880              	.LASF21:
 1881 019e 72656173 		.ascii	"reason\000"
 1881      6F6E00
 1882              	.LASF4:
 1883 01a5 6C6F6E67 		.ascii	"long int\000"
 1883      20696E74 
 1883      00
 1884              	.LASF36:
 1885 01ae 6D6F6465 		.ascii	"modem_info\000"
 1885      6D5F696E 
 1885      666F00
 1886              	.LASF58:
 1887 01b9 53445F70 		.ascii	"SD_power_down\000"
 1887      6F776572 
 1887      5F646F77 
 1887      6E00
 1888              	.LASF50:
 1889 01c7 53445F77 		.ascii	"SD_write\000"
 1889      72697465 
 1889      00
 1890              	.LASF9:
 1891 01d0 6C6F6E67 		.ascii	"long double\000"
 1891      20646F75 
 1891      626C6500 
 1892              	.LASF1:
 1893 01dc 756E7369 		.ascii	"unsigned char\000"
 1893      676E6564 
 1893      20636861 
ARM GAS  C:\Users\hail\AppData\Local\Temp\ccfaTvMx.s 			page 40


 1893      7200
 1894              	.LASF23:
 1895 01ea 46535F46 		.ascii	"FS_FILE\000"
 1895      494C4500 
 1896              	.LASF63:
 1897 01f2 6D6F6465 		.ascii	"modem_start_time_stamp\000"
 1897      6D5F7374 
 1897      6172745F 
 1897      74696D65 
 1897      5F737461 
 1898              	.LASF62:
 1899 0209 6D6F6465 		.ascii	"modem_state\000"
 1899      6D5F7374 
 1899      61746500 
 1900              	.LASF0:
 1901 0215 7369676E 		.ascii	"signed char\000"
 1901      65642063 
 1901      68617200 
 1902              	.LASF7:
 1903 0221 6C6F6E67 		.ascii	"long long unsigned int\000"
 1903      206C6F6E 
 1903      6720756E 
 1903      7369676E 
 1903      65642069 
 1904              	.LASF71:
 1905 0238 73797374 		.ascii	"system_settings\000"
 1905      656D5F73 
 1905      65747469 
 1905      6E677300 
 1906              	.LASF53:
 1907 0248 7046696C 		.ascii	"pFile\000"
 1907      6500
 1908              	.LASF8:
 1909 024e 756E7369 		.ascii	"unsigned int\000"
 1909      676E6564 
 1909      20696E74 
 1909      00
 1910              	.LASF35:
 1911 025b 6B65795F 		.ascii	"key_value_t\000"
 1911      76616C75 
 1911      655F7400 
 1912              	.LASF75:
 1913 0267 53445F66 		.ascii	"SD_filemode\000"
 1913      696C656D 
 1913      6F646500 
 1914              	.LASF51:
 1915 0273 704D6F64 		.ascii	"pMode\000"
 1915      6500
 1916              	.LASF64:
 1917 0279 6D6F6465 		.ascii	"modem_stats\000"
 1917      6D5F7374 
 1917      61747300 
 1918              	.LASF78:
 1919 0285 433A5C55 		.ascii	"C:\\Users\\hail\\Desktop\\Brooke Research\\notoriOS"
 1919      73657273 
 1919      5C686169 
 1919      6C5C4465 
ARM GAS  C:\Users\hail\AppData\Local\Temp\ccfaTvMx.s 			page 41


 1919      736B746F 
 1920 02b3 5C6E6F74 		.ascii	"\\notoriOS\\notoriOS\\notoriOS.cydsn\000"
 1920      6F72694F 
 1920      535C6E6F 
 1920      746F7269 
 1920      4F535C6E 
 1921              	.LASF38:
 1922 02d5 7379735F 		.ascii	"sys_info_t\000"
 1922      696E666F 
 1922      5F7400
 1923              	.LASF3:
 1924 02e0 73686F72 		.ascii	"short unsigned int\000"
 1924      7420756E 
 1924      7369676E 
 1924      65642069 
 1924      6E7400
 1925              	.LASF30:
 1926 02f3 74696D65 		.ascii	"time_to_network_connect\000"
 1926      5F746F5F 
 1926      6E657477 
 1926      6F726B5F 
 1926      636F6E6E 
 1927              	.LASF20:
 1928 030b 73746174 		.ascii	"status\000"
 1928      757300
 1929              	.LASF73:
 1930 0312 53445F62 		.ascii	"SD_body\000"
 1930      6F647900 
 1931              	.LASF70:
 1932 031a 73797374 		.ascii	"system_info\000"
 1932      656D5F69 
 1932      6E666F00 
 1933              	.LASF31:
 1934 0326 74696D65 		.ascii	"time_to_acquire_ip\000"
 1934      5F746F5F 
 1934      61637175 
 1934      6972655F 
 1934      697000
 1935              	.LASF22:
 1936 0339 74657374 		.ascii	"test_t\000"
 1936      5F7400
 1937              	.LASF26:
 1938 0340 696D6569 		.ascii	"imei\000"
 1938      00
 1939              	.LASF13:
 1940 0345 696E7433 		.ascii	"int32_t\000"
 1940      325F7400 
 1941              	.LASF32:
 1942 034d 6D6F6465 		.ascii	"modem_stats_t\000"
 1942      6D5F7374 
 1942      6174735F 
 1942      7400
 1943              	.LASF19:
 1944 035b 74657374 		.ascii	"test_name\000"
 1944      5F6E616D 
 1944      6500
 1945              	.LASF59:
ARM GAS  C:\Users\hail\AppData\Local\Temp\ccfaTvMx.s 			page 42


 1946 0365 74657374 		.ascii	"test\000"
 1946      00
 1947              	.LASF29:
 1948 036a 72737271 		.ascii	"rsrq\000"
 1948      00
 1949              	.LASF69:
 1950 036f 68747470 		.ascii	"http_route\000"
 1950      5F726F75 
 1950      746500
 1951              	.LASF43:
 1952 037a 65705F70 		.ascii	"ep_pswd\000"
 1952      73776400 
 1953              	.LASF5:
 1954 0382 6C6F6E67 		.ascii	"long unsigned int\000"
 1954      20756E73 
 1954      69676E65 
 1954      6420696E 
 1954      7400
 1955              	.LASF16:
 1956 0394 696E7433 		.ascii	"int32\000"
 1956      3200
 1957              	.LASF18:
 1958 039a 646F7562 		.ascii	"double\000"
 1958      6C6500
 1959              	.LASF61:
 1960 03a1 49544D5F 		.ascii	"ITM_RxBuffer\000"
 1960      52784275 
 1960      66666572 
 1960      00
 1961              	.LASF12:
 1962 03ae 5F5F696E 		.ascii	"__int32_t\000"
 1962      7433325F 
 1962      7400
 1963              	.LASF74:
 1964 03b8 53445F66 		.ascii	"SD_filename\000"
 1964      696C656E 
 1964      616D6500 
 1965              	.LASF39:
 1966 03c4 6E6F6465 		.ascii	"node_id\000"
 1966      5F696400 
 1967              	.LASF56:
 1968 03cc 53445F69 		.ascii	"SD_init\000"
 1968      6E697400 
 1969              	.LASF49:
 1970 03d4 66696C65 		.ascii	"fileName\000"
 1970      4E616D65 
 1970      00
 1971              	.LASF57:
 1972 03dd 53445F70 		.ascii	"SD_power_up\000"
 1972      6F776572 
 1972      5F757000 
 1973              	.LASF41:
 1974 03e9 65705F70 		.ascii	"ep_port\000"
 1974      6F727400 
 1975              	.LASF33:
 1976 03f1 76616C75 		.ascii	"value\000"
 1976      6500
ARM GAS  C:\Users\hail\AppData\Local\Temp\ccfaTvMx.s 			page 43


 1977              	.LASF68:
 1978 03f7 68747470 		.ascii	"http_body\000"
 1978      5F626F64 
 1978      7900
 1979              	.LASF47:
 1980 0401 53445F72 		.ascii	"SD_rmfile\000"
 1980      6D66696C 
 1980      6500
 1981              	.LASF67:
 1982 040b 68747470 		.ascii	"http_request\000"
 1982      5F726571 
 1982      75657374 
 1982      00
 1983              	.LASF28:
 1984 0418 72737369 		.ascii	"rssi\000"
 1984      00
 1985              		.ident	"GCC: (GNU Tools for ARM Embedded Processors) 5.4.1 20160609 (release) [ARM/embedded-5-bran
