ARM GAS  C:\Users\HYFI_A~1\AppData\Local\Temp\ccxfs4Sb.s 			page 1


   1              		.syntax unified
   2              		.cpu cortex-m3
   3              		.fpu softvfp
   4              		.eabi_attribute 20, 1
   5              		.eabi_attribute 21, 1
   6              		.eabi_attribute 23, 3
   7              		.eabi_attribute 24, 1
   8              		.eabi_attribute 25, 1
   9              		.eabi_attribute 26, 1
  10              		.eabi_attribute 30, 6
  11              		.eabi_attribute 34, 1
  12              		.eabi_attribute 18, 4
  13              		.thumb
  14              		.syntax unified
  15              		.file	"voltages.c"
  16              		.text
  17              	.Ltext0:
  18              		.cfi_sections	.debug_frame
  19              		.comm	debug_string,100,4
  20              		.syntax unified
  21              		.global _printf_float
  22              		.thumb
  23              		.syntax unified
  24              		.comm	modem_state,1,1
  25              		.comm	modem_start_time_stamp,4,4
  26              		.comm	modem_info,60,4
  27              		.comm	modem_stats,12,4
  28              		.comm	dataPointsInStack,2,2
  29              		.comm	data,440,4
  30              		.comm	system_info,28,4
  31              		.comm	system_settings,324,4
  32              		.global	__aeabi_fmul
  33              		.global	__aeabi_fsub
  34              		.global	__aeabi_f2d
  35              		.global	__aeabi_dmul
  36              		.global	__aeabi_d2f
  37              		.section	.text.voltage_take_readings,"ax",%progbits
  38              		.align	2
  39              		.global	voltage_take_readings
  40              		.thumb
  41              		.thumb_func
  42              		.type	voltage_take_readings, %function
  43              	voltage_take_readings:
  44              	.LFB64:
  45              		.file 1 "voltages.c"
   1:voltages.c    **** #include "voltages.h"
   2:voltages.c    **** #include "notoriOS.h"
   3:voltages.c    **** #include <stdio.h>
   4:voltages.c    **** #include <string.h>
   5:voltages.c    **** 
   6:voltages.c    **** 
   7:voltages.c    **** 
   8:voltages.c    **** voltage_t voltage_take_readings(){
  46              		.loc 1 8 0
  47              		.cfi_startproc
  48              		@ args = 0, pretend = 0, frame = 80
  49              		@ frame_needed = 1, uses_anonymous_args = 0
ARM GAS  C:\Users\HYFI_A~1\AppData\Local\Temp\ccxfs4Sb.s 			page 2


  50 0000 90B5     		push	{r4, r7, lr}
  51              		.cfi_def_cfa_offset 12
  52              		.cfi_offset 4, -12
  53              		.cfi_offset 7, -8
  54              		.cfi_offset 14, -4
  55 0002 95B0     		sub	sp, sp, #84
  56              		.cfi_def_cfa_offset 96
  57 0004 00AF     		add	r7, sp, #0
  58              		.cfi_def_cfa_register 7
  59 0006 7860     		str	r0, [r7, #4]
   9:voltages.c    ****     
  10:voltages.c    ****     voltage_t voltage;
  11:voltages.c    ****     /* flip on the ADC pin */
  12:voltages.c    **** 	Battery_Voltage_Enable_Write(ON);
  60              		.loc 1 12 0
  61 0008 0120     		movs	r0, #1
  62 000a FFF7FEFF 		bl	Battery_Voltage_Enable_Write
  13:voltages.c    **** 	CyDelay(10u);	
  63              		.loc 1 13 0
  64 000e 0A20     		movs	r0, #10
  65 0010 FFF7FEFF 		bl	CyDelay
  14:voltages.c    ****     
  15:voltages.c    **** 	/* Start the ADC */
  16:voltages.c    **** 	ADC_Start(); 
  66              		.loc 1 16 0
  67 0014 FFF7FEFF 		bl	ADC_Start
  17:voltages.c    ****     AMux_Start();
  68              		.loc 1 17 0
  69 0018 FFF7FEFF 		bl	AMux_Start
  70              	.LBB2:
  18:voltages.c    ****     
  19:voltages.c    ****     
  20:voltages.c    ****     float channels[AMux_CHANNELS];
  21:voltages.c    ****     //sweep the MUX Channels
  22:voltages.c    ****     for(uint8 c = 0; c< AMux_CHANNELS; c++)
  71              		.loc 1 22 0
  72 001c 0023     		movs	r3, #0
  73 001e 87F84F30 		strb	r3, [r7, #79]
  74 0022 34E0     		b	.L2
  75              	.L5:
  76              	.LBB3:
  23:voltages.c    ****     {
  24:voltages.c    ****         int32 readings[N_SAMPLES];
  25:voltages.c    ****         AMux_Select(c);
  77              		.loc 1 25 0
  78 0024 97F84F30 		ldrb	r3, [r7, #79]	@ zero_extendqisi2
  79 0028 1846     		mov	r0, r3
  80 002a FFF7FEFF 		bl	AMux_Select
  81              	.LBB4:
  26:voltages.c    ****         for(uint8 i=0; i< N_SAMPLES; i++){
  82              		.loc 1 26 0
  83 002e 0023     		movs	r3, #0
  84 0030 87F84E30 		strb	r3, [r7, #78]
  85 0034 0FE0     		b	.L3
  86              	.L4:
  27:voltages.c    ****             readings[i] = ADC_Read32();
  87              		.loc 1 27 0 discriminator 3
ARM GAS  C:\Users\HYFI_A~1\AppData\Local\Temp\ccxfs4Sb.s 			page 3


  88 0036 97F84E40 		ldrb	r4, [r7, #78]	@ zero_extendqisi2
  89 003a FFF7FEFF 		bl	ADC_Read32
  90 003e 0246     		mov	r2, r0
  91 0040 A300     		lsls	r3, r4, #2
  92 0042 07F15001 		add	r1, r7, #80
  93 0046 0B44     		add	r3, r3, r1
  94 0048 43F8482C 		str	r2, [r3, #-72]
  26:voltages.c    ****         for(uint8 i=0; i< N_SAMPLES; i++){
  95              		.loc 1 26 0 discriminator 3
  96 004c 97F84E30 		ldrb	r3, [r7, #78]	@ zero_extendqisi2
  97 0050 0133     		adds	r3, r3, #1
  98 0052 87F84E30 		strb	r3, [r7, #78]
  99              	.L3:
  26:voltages.c    ****         for(uint8 i=0; i< N_SAMPLES; i++){
 100              		.loc 1 26 0 is_stmt 0 discriminator 1
 101 0056 97F84E30 		ldrb	r3, [r7, #78]	@ zero_extendqisi2
 102 005a 0A2B     		cmp	r3, #10
 103 005c EBD9     		bls	.L4
 104              	.LBE4:
  28:voltages.c    ****         }
  29:voltages.c    ****         channels[c] = ADC_CountsTo_Volts(find_median32(readings,N_SAMPLES));//get median of reading
 105              		.loc 1 29 0 is_stmt 1 discriminator 2
 106 005e 97F84F40 		ldrb	r4, [r7, #79]	@ zero_extendqisi2
 107 0062 07F10803 		add	r3, r7, #8
 108 0066 0B21     		movs	r1, #11
 109 0068 1846     		mov	r0, r3
 110 006a FFF7FEFF 		bl	find_median32
 111 006e 0346     		mov	r3, r0
 112 0070 1846     		mov	r0, r3
 113 0072 FFF7FEFF 		bl	ADC_CountsTo_Volts
 114 0076 0246     		mov	r2, r0
 115 0078 A300     		lsls	r3, r4, #2
 116 007a 07F15001 		add	r1, r7, #80
 117 007e 0B44     		add	r3, r3, r1
 118 0080 43F81C2C 		str	r2, [r3, #-28]	@ float
 119              	.LBE3:
  22:voltages.c    ****     {
 120              		.loc 1 22 0 discriminator 2
 121 0084 97F84F30 		ldrb	r3, [r7, #79]	@ zero_extendqisi2
 122 0088 0133     		adds	r3, r3, #1
 123 008a 87F84F30 		strb	r3, [r7, #79]
 124              	.L2:
  22:voltages.c    ****     {
 125              		.loc 1 22 0 is_stmt 0 discriminator 1
 126 008e 97F84F30 		ldrb	r3, [r7, #79]	@ zero_extendqisi2
 127 0092 012B     		cmp	r3, #1
 128 0094 C6D9     		bls	.L5
 129              	.LBE2:
  30:voltages.c    ****         
  31:voltages.c    ****     }
  32:voltages.c    ****     
  33:voltages.c    ****     AMux_Stop();
 130              		.loc 1 33 0 is_stmt 1
 131 0096 FFF7FEFF 		bl	AMux_Start
  34:voltages.c    ****     ADC_Stop();
 132              		.loc 1 34 0
 133 009a FFF7FEFF 		bl	ADC_Stop
ARM GAS  C:\Users\HYFI_A~1\AppData\Local\Temp\ccxfs4Sb.s 			page 4


  35:voltages.c    ****     
  36:voltages.c    ****     Battery_Voltage_Enable_Write(OFF);
 134              		.loc 1 36 0
 135 009e 0020     		movs	r0, #0
 136 00a0 FFF7FEFF 		bl	Battery_Voltage_Enable_Write
  37:voltages.c    ****     
  38:voltages.c    ****     voltage.voltage_battery = channels[ADC_MUX_VBAT] * 11; //voltage divider is (1/10) ratio, so mu
 137              		.loc 1 38 0
 138 00a4 7B6B     		ldr	r3, [r7, #52]	@ float
 139 00a6 1849     		ldr	r1, .L7+8
 140 00a8 1846     		mov	r0, r3
 141 00aa FFF7FEFF 		bl	__aeabi_fmul
 142 00ae 0346     		mov	r3, r0
 143 00b0 FB63     		str	r3, [r7, #60]	@ float
  39:voltages.c    ****     voltage.voltage_solar = channels[ADC_MUX_VSOL]; //just want voltage here
 144              		.loc 1 39 0
 145 00b2 BB6B     		ldr	r3, [r7, #56]	@ float
 146 00b4 3B64     		str	r3, [r7, #64]	@ float
  40:voltages.c    ****     //votage across sense resistor gives 100mV drop for max current, which is 800mA
  41:voltages.c    ****     voltage.voltage_charge_current = 0.1*(channels[ADC_MUX_CHRG] - voltage.voltage_battery);
 147              		.loc 1 41 0
 148 00b6 FB6B     		ldr	r3, [r7, #60]	@ float
 149 00b8 FA6B     		ldr	r2, [r7, #60]	@ float
 150 00ba 1146     		mov	r1, r2
 151 00bc 1846     		mov	r0, r3
 152 00be FFF7FEFF 		bl	__aeabi_fsub
 153 00c2 0346     		mov	r3, r0
 154 00c4 1846     		mov	r0, r3
 155 00c6 FFF7FEFF 		bl	__aeabi_f2d
 156 00ca 0DA3     		adr	r3, .L7
 157 00cc D3E90023 		ldrd	r2, [r3]
 158 00d0 FFF7FEFF 		bl	__aeabi_dmul
 159 00d4 0346     		mov	r3, r0
 160 00d6 0C46     		mov	r4, r1
 161 00d8 1846     		mov	r0, r3
 162 00da 2146     		mov	r1, r4
 163 00dc FFF7FEFF 		bl	__aeabi_d2f
 164 00e0 0346     		mov	r3, r0
 165 00e2 7B64     		str	r3, [r7, #68]	@ float
  42:voltages.c    ****     
  43:voltages.c    ****     voltage.valid = 1;
 166              		.loc 1 43 0
 167 00e4 0123     		movs	r3, #1
 168 00e6 87F84830 		strb	r3, [r7, #72]
  44:voltages.c    ****     
  45:voltages.c    ****     
  46:voltages.c    ****     return voltage;
 169              		.loc 1 46 0
 170 00ea 7B68     		ldr	r3, [r7, #4]
 171 00ec 1C46     		mov	r4, r3
 172 00ee 07F13C03 		add	r3, r7, #60
 173 00f2 0FCB     		ldmia	r3, {r0, r1, r2, r3}
 174 00f4 84E80F00 		stmia	r4, {r0, r1, r2, r3}
  47:voltages.c    **** }
 175              		.loc 1 47 0
 176 00f8 7868     		ldr	r0, [r7, #4]
 177 00fa 5437     		adds	r7, r7, #84
ARM GAS  C:\Users\HYFI_A~1\AppData\Local\Temp\ccxfs4Sb.s 			page 5


 178              		.cfi_def_cfa_offset 12
 179 00fc BD46     		mov	sp, r7
 180              		.cfi_def_cfa_register 13
 181              		@ sp needed
 182 00fe 90BD     		pop	{r4, r7, pc}
 183              	.L8:
 184              		.align	3
 185              	.L7:
 186 0100 9A999999 		.word	-1717986918
 187 0104 9999B93F 		.word	1069128089
 188 0108 00003041 		.word	1093664768
 189              		.cfi_endproc
 190              	.LFE64:
 191              		.size	voltage_take_readings, .-voltage_take_readings
 192              		.section	.text.sort32,"ax",%progbits
 193              		.align	2
 194              		.global	sort32
 195              		.thumb
 196              		.thumb_func
 197              		.type	sort32, %function
 198              	sort32:
 199              	.LFB65:
  48:voltages.c    **** 
  49:voltages.c    **** 
  50:voltages.c    **** void sort32(int32 a[],int32 n) { 
 200              		.loc 1 50 0
 201              		.cfi_startproc
 202              		@ args = 0, pretend = 0, frame = 16
 203              		@ frame_needed = 1, uses_anonymous_args = 0
 204 0000 80B5     		push	{r7, lr}
 205              		.cfi_def_cfa_offset 8
 206              		.cfi_offset 7, -8
 207              		.cfi_offset 14, -4
 208 0002 84B0     		sub	sp, sp, #16
 209              		.cfi_def_cfa_offset 24
 210 0004 00AF     		add	r7, sp, #0
 211              		.cfi_def_cfa_register 7
 212 0006 7860     		str	r0, [r7, #4]
 213 0008 3960     		str	r1, [r7]
  51:voltages.c    ****    int32 i,j;
  52:voltages.c    **** 
  53:voltages.c    ****    for(i = 0;i < n-1;i++) {
 214              		.loc 1 53 0
 215 000a 0023     		movs	r3, #0
 216 000c FB60     		str	r3, [r7, #12]
 217 000e 28E0     		b	.L10
 218              	.L14:
  54:voltages.c    ****       for(j = 0;j < n-i-1;j++) {
 219              		.loc 1 54 0
 220 0010 0023     		movs	r3, #0
 221 0012 BB60     		str	r3, [r7, #8]
 222 0014 1BE0     		b	.L11
 223              	.L13:
  55:voltages.c    ****          if(a[j] > a[j+1])
 224              		.loc 1 55 0
 225 0016 BB68     		ldr	r3, [r7, #8]
 226 0018 9B00     		lsls	r3, r3, #2
ARM GAS  C:\Users\HYFI_A~1\AppData\Local\Temp\ccxfs4Sb.s 			page 6


 227 001a 7A68     		ldr	r2, [r7, #4]
 228 001c 1344     		add	r3, r3, r2
 229 001e 1A68     		ldr	r2, [r3]
 230 0020 BB68     		ldr	r3, [r7, #8]
 231 0022 0133     		adds	r3, r3, #1
 232 0024 9B00     		lsls	r3, r3, #2
 233 0026 7968     		ldr	r1, [r7, #4]
 234 0028 0B44     		add	r3, r3, r1
 235 002a 1B68     		ldr	r3, [r3]
 236 002c 9A42     		cmp	r2, r3
 237 002e 0BDD     		ble	.L12
  56:voltages.c    ****             swap32(&a[j],&a[j+1]);
 238              		.loc 1 56 0
 239 0030 BB68     		ldr	r3, [r7, #8]
 240 0032 9B00     		lsls	r3, r3, #2
 241 0034 7A68     		ldr	r2, [r7, #4]
 242 0036 D018     		adds	r0, r2, r3
 243 0038 BB68     		ldr	r3, [r7, #8]
 244 003a 0133     		adds	r3, r3, #1
 245 003c 9B00     		lsls	r3, r3, #2
 246 003e 7A68     		ldr	r2, [r7, #4]
 247 0040 1344     		add	r3, r3, r2
 248 0042 1946     		mov	r1, r3
 249 0044 FFF7FEFF 		bl	swap32
 250              	.L12:
  54:voltages.c    ****       for(j = 0;j < n-i-1;j++) {
 251              		.loc 1 54 0 discriminator 2
 252 0048 BB68     		ldr	r3, [r7, #8]
 253 004a 0133     		adds	r3, r3, #1
 254 004c BB60     		str	r3, [r7, #8]
 255              	.L11:
  54:voltages.c    ****       for(j = 0;j < n-i-1;j++) {
 256              		.loc 1 54 0 is_stmt 0 discriminator 1
 257 004e 3A68     		ldr	r2, [r7]
 258 0050 FB68     		ldr	r3, [r7, #12]
 259 0052 D31A     		subs	r3, r2, r3
 260 0054 5A1E     		subs	r2, r3, #1
 261 0056 BB68     		ldr	r3, [r7, #8]
 262 0058 9A42     		cmp	r2, r3
 263 005a DCDC     		bgt	.L13
  53:voltages.c    ****       for(j = 0;j < n-i-1;j++) {
 264              		.loc 1 53 0 is_stmt 1 discriminator 2
 265 005c FB68     		ldr	r3, [r7, #12]
 266 005e 0133     		adds	r3, r3, #1
 267 0060 FB60     		str	r3, [r7, #12]
 268              	.L10:
  53:voltages.c    ****       for(j = 0;j < n-i-1;j++) {
 269              		.loc 1 53 0 is_stmt 0 discriminator 1
 270 0062 3B68     		ldr	r3, [r7]
 271 0064 5A1E     		subs	r2, r3, #1
 272 0066 FB68     		ldr	r3, [r7, #12]
 273 0068 9A42     		cmp	r2, r3
 274 006a D1DC     		bgt	.L14
  57:voltages.c    ****       }
  58:voltages.c    ****    }
  59:voltages.c    **** }
 275              		.loc 1 59 0 is_stmt 1
ARM GAS  C:\Users\HYFI_A~1\AppData\Local\Temp\ccxfs4Sb.s 			page 7


 276 006c 00BF     		nop
 277 006e 1037     		adds	r7, r7, #16
 278              		.cfi_def_cfa_offset 8
 279 0070 BD46     		mov	sp, r7
 280              		.cfi_def_cfa_register 13
 281              		@ sp needed
 282 0072 80BD     		pop	{r7, pc}
 283              		.cfi_endproc
 284              	.LFE65:
 285              		.size	sort32, .-sort32
 286              		.section	.text.swap32,"ax",%progbits
 287              		.align	2
 288              		.global	swap32
 289              		.thumb
 290              		.thumb_func
 291              		.type	swap32, %function
 292              	swap32:
 293              	.LFB66:
  60:voltages.c    **** 
  61:voltages.c    **** void swap32(int32 *p,int32 *q){
 294              		.loc 1 61 0
 295              		.cfi_startproc
 296              		@ args = 0, pretend = 0, frame = 16
 297              		@ frame_needed = 1, uses_anonymous_args = 0
 298              		@ link register save eliminated.
 299 0000 80B4     		push	{r7}
 300              		.cfi_def_cfa_offset 4
 301              		.cfi_offset 7, -4
 302 0002 85B0     		sub	sp, sp, #20
 303              		.cfi_def_cfa_offset 24
 304 0004 00AF     		add	r7, sp, #0
 305              		.cfi_def_cfa_register 7
 306 0006 7860     		str	r0, [r7, #4]
 307 0008 3960     		str	r1, [r7]
  62:voltages.c    ****    int32 t;
  63:voltages.c    ****    
  64:voltages.c    ****    t=*p; 
 308              		.loc 1 64 0
 309 000a 7B68     		ldr	r3, [r7, #4]
 310 000c 1B68     		ldr	r3, [r3]
 311 000e FB60     		str	r3, [r7, #12]
  65:voltages.c    ****    *p=*q; 
 312              		.loc 1 65 0
 313 0010 3B68     		ldr	r3, [r7]
 314 0012 1A68     		ldr	r2, [r3]
 315 0014 7B68     		ldr	r3, [r7, #4]
 316 0016 1A60     		str	r2, [r3]
  66:voltages.c    ****    *q=t;
 317              		.loc 1 66 0
 318 0018 3B68     		ldr	r3, [r7]
 319 001a FA68     		ldr	r2, [r7, #12]
 320 001c 1A60     		str	r2, [r3]
  67:voltages.c    **** }
 321              		.loc 1 67 0
 322 001e 00BF     		nop
 323 0020 1437     		adds	r7, r7, #20
 324              		.cfi_def_cfa_offset 4
ARM GAS  C:\Users\HYFI_A~1\AppData\Local\Temp\ccxfs4Sb.s 			page 8


 325 0022 BD46     		mov	sp, r7
 326              		.cfi_def_cfa_register 13
 327              		@ sp needed
 328 0024 80BC     		pop	{r7}
 329              		.cfi_restore 7
 330              		.cfi_def_cfa_offset 0
 331 0026 7047     		bx	lr
 332              		.cfi_endproc
 333              	.LFE66:
 334              		.size	swap32, .-swap32
 335              		.global	__aeabi_i2d
 336              		.global	__aeabi_ddiv
 337              		.global	__aeabi_d2iz
 338              		.section	.text.find_median32,"ax",%progbits
 339              		.align	2
 340              		.global	find_median32
 341              		.thumb
 342              		.thumb_func
 343              		.type	find_median32, %function
 344              	find_median32:
 345              	.LFB67:
  68:voltages.c    **** 
  69:voltages.c    **** // function to calculate the median of the array, after array is sorted
  70:voltages.c    **** int32 find_median32(int32 array[] , int32 n)
  71:voltages.c    **** {
 346              		.loc 1 71 0
 347              		.cfi_startproc
 348              		@ args = 0, pretend = 0, frame = 16
 349              		@ frame_needed = 1, uses_anonymous_args = 0
 350 0000 90B5     		push	{r4, r7, lr}
 351              		.cfi_def_cfa_offset 12
 352              		.cfi_offset 4, -12
 353              		.cfi_offset 7, -8
 354              		.cfi_offset 14, -4
 355 0002 85B0     		sub	sp, sp, #20
 356              		.cfi_def_cfa_offset 32
 357 0004 00AF     		add	r7, sp, #0
 358              		.cfi_def_cfa_register 7
 359 0006 7860     		str	r0, [r7, #4]
 360 0008 3960     		str	r1, [r7]
  72:voltages.c    ****     int32 median=0;
 361              		.loc 1 72 0
 362 000a 0023     		movs	r3, #0
 363 000c FB60     		str	r3, [r7, #12]
  73:voltages.c    ****     sort32(array,n);
 364              		.loc 1 73 0
 365 000e 3968     		ldr	r1, [r7]
 366 0010 7868     		ldr	r0, [r7, #4]
 367 0012 FFF7FEFF 		bl	sort32
  74:voltages.c    ****     
  75:voltages.c    ****     // if number of elements are even
  76:voltages.c    ****     if(n%2 == 0)
 368              		.loc 1 76 0
 369 0016 3B68     		ldr	r3, [r7]
 370 0018 03F00103 		and	r3, r3, #1
 371 001c 002B     		cmp	r3, #0
 372 001e 23D1     		bne	.L17
ARM GAS  C:\Users\HYFI_A~1\AppData\Local\Temp\ccxfs4Sb.s 			page 9


  77:voltages.c    ****         median = (array[(n-1)/2] + array[n/2])/2.0;
 373              		.loc 1 77 0
 374 0020 3B68     		ldr	r3, [r7]
 375 0022 013B     		subs	r3, r3, #1
 376 0024 DA0F     		lsrs	r2, r3, #31
 377 0026 1344     		add	r3, r3, r2
 378 0028 5B10     		asrs	r3, r3, #1
 379 002a 9B00     		lsls	r3, r3, #2
 380 002c 7A68     		ldr	r2, [r7, #4]
 381 002e 1344     		add	r3, r3, r2
 382 0030 1A68     		ldr	r2, [r3]
 383 0032 3B68     		ldr	r3, [r7]
 384 0034 D90F     		lsrs	r1, r3, #31
 385 0036 0B44     		add	r3, r3, r1
 386 0038 5B10     		asrs	r3, r3, #1
 387 003a 9B00     		lsls	r3, r3, #2
 388 003c 7968     		ldr	r1, [r7, #4]
 389 003e 0B44     		add	r3, r3, r1
 390 0040 1B68     		ldr	r3, [r3]
 391 0042 1344     		add	r3, r3, r2
 392 0044 1846     		mov	r0, r3
 393 0046 FFF7FEFF 		bl	__aeabi_i2d
 394 004a 4FF00002 		mov	r2, #0
 395 004e 4FF08043 		mov	r3, #1073741824
 396 0052 FFF7FEFF 		bl	__aeabi_ddiv
 397 0056 0346     		mov	r3, r0
 398 0058 0C46     		mov	r4, r1
 399 005a 1846     		mov	r0, r3
 400 005c 2146     		mov	r1, r4
 401 005e FFF7FEFF 		bl	__aeabi_d2iz
 402 0062 0346     		mov	r3, r0
 403 0064 FB60     		str	r3, [r7, #12]
 404 0066 08E0     		b	.L18
 405              	.L17:
  78:voltages.c    ****     // if number of elements are odd
  79:voltages.c    ****     else
  80:voltages.c    ****         median = array[n/2];
 406              		.loc 1 80 0
 407 0068 3B68     		ldr	r3, [r7]
 408 006a DA0F     		lsrs	r2, r3, #31
 409 006c 1344     		add	r3, r3, r2
 410 006e 5B10     		asrs	r3, r3, #1
 411 0070 9B00     		lsls	r3, r3, #2
 412 0072 7A68     		ldr	r2, [r7, #4]
 413 0074 1344     		add	r3, r3, r2
 414 0076 1B68     		ldr	r3, [r3]
 415 0078 FB60     		str	r3, [r7, #12]
 416              	.L18:
  81:voltages.c    ****     
  82:voltages.c    ****     return median;
 417              		.loc 1 82 0
 418 007a FB68     		ldr	r3, [r7, #12]
  83:voltages.c    **** }
 419              		.loc 1 83 0
 420 007c 1846     		mov	r0, r3
 421 007e 1437     		adds	r7, r7, #20
 422              		.cfi_def_cfa_offset 12
ARM GAS  C:\Users\HYFI_A~1\AppData\Local\Temp\ccxfs4Sb.s 			page 10


 423 0080 BD46     		mov	sp, r7
 424              		.cfi_def_cfa_register 13
 425              		@ sp needed
 426 0082 90BD     		pop	{r4, r7, pc}
 427              		.cfi_endproc
 428              	.LFE67:
 429              		.size	find_median32, .-find_median32
 430              		.section	.rodata
 431              		.align	2
 432              	.LC0:
 433 0000 54455354 		.ascii	"TEST_ANALOG_VOLTAGES\000"
 433      5F414E41 
 433      4C4F475F 
 433      564F4C54 
 433      41474553 
 434 0015 000000   		.align	2
 435              	.LC1:
 436 0018 56424154 		.ascii	"VBAT=%.3f,VSOL=%.3f,CHRG=%.3f\000"
 436      3D252E33 
 436      662C5653 
 436      4F4C3D25 
 436      2E33662C 
 437              		.section	.text.voltages_test,"ax",%progbits
 438              		.align	2
 439              		.global	voltages_test
 440              		.thumb
 441              		.thumb_func
 442              		.type	voltages_test, %function
 443              	voltages_test:
 444              	.LFB68:
  84:voltages.c    **** 
  85:voltages.c    **** test_t voltages_test(){
 445              		.loc 1 85 0
 446              		.cfi_startproc
 447              		@ args = 0, pretend = 0, frame = 416
 448              		@ frame_needed = 1, uses_anonymous_args = 0
 449 0000 2DE9B043 		push	{r4, r5, r7, r8, r9, lr}
 450              		.cfi_def_cfa_offset 24
 451              		.cfi_offset 4, -24
 452              		.cfi_offset 5, -20
 453              		.cfi_offset 7, -16
 454              		.cfi_offset 8, -12
 455              		.cfi_offset 9, -8
 456              		.cfi_offset 14, -4
 457 0004 ECB0     		sub	sp, sp, #432
 458              		.cfi_def_cfa_offset 456
 459 0006 04AF     		add	r7, sp, #16
 460              		.cfi_def_cfa 7, 440
 461 0008 3B1D     		adds	r3, r7, #4
 462 000a 1860     		str	r0, [r3]
  86:voltages.c    ****     
  87:voltages.c    ****     test_t test;
  88:voltages.c    ****     test.status = 0;
 463              		.loc 1 88 0
 464 000c 07F11C03 		add	r3, r7, #28
 465 0010 0022     		movs	r2, #0
 466 0012 83F88020 		strb	r2, [r3, #128]
ARM GAS  C:\Users\HYFI_A~1\AppData\Local\Temp\ccxfs4Sb.s 			page 11


  89:voltages.c    ****     sprintf(test.test_name,"TEST_ANALOG_VOLTAGES");
 467              		.loc 1 89 0
 468 0016 07F11C03 		add	r3, r7, #28
 469 001a 254A     		ldr	r2, .L22
 470 001c 1C46     		mov	r4, r3
 471 001e 1546     		mov	r5, r2
 472 0020 0FCD     		ldmia	r5!, {r0, r1, r2, r3}
 473 0022 0FC4     		stmia	r4!, {r0, r1, r2, r3}
 474 0024 95E80300 		ldmia	r5, {r0, r1}
 475 0028 2060     		str	r0, [r4]
 476 002a 0434     		adds	r4, r4, #4
 477 002c 2170     		strb	r1, [r4]
  90:voltages.c    ****     
  91:voltages.c    ****     voltage_t voltage = voltage_take_readings();
 478              		.loc 1 91 0
 479 002e 07F10C03 		add	r3, r7, #12
 480 0032 1846     		mov	r0, r3
 481 0034 FFF7FEFF 		bl	voltage_take_readings
  92:voltages.c    ****     
  93:voltages.c    ****     //do some checks here if you want the test to meet some voltage requrement
  94:voltages.c    ****     //poipoi
  95:voltages.c    ****     
  96:voltages.c    ****     sprintf(test.reason,"VBAT=%.3f,VSOL=%.3f,CHRG=%.3f",
  97:voltages.c    ****             voltage.voltage_battery,
 482              		.loc 1 97 0
 483 0038 07F10C03 		add	r3, r7, #12
 484 003c 1B68     		ldr	r3, [r3]	@ float
  96:voltages.c    ****             voltage.voltage_battery,
 485              		.loc 1 96 0
 486 003e 1846     		mov	r0, r3
 487 0040 FFF7FEFF 		bl	__aeabi_f2d
 488 0044 8046     		mov	r8, r0
 489 0046 8946     		mov	r9, r1
  98:voltages.c    ****             voltage.voltage_solar,
 490              		.loc 1 98 0
 491 0048 07F10C03 		add	r3, r7, #12
 492 004c 5B68     		ldr	r3, [r3, #4]	@ float
  96:voltages.c    ****             voltage.voltage_battery,
 493              		.loc 1 96 0
 494 004e 1846     		mov	r0, r3
 495 0050 FFF7FEFF 		bl	__aeabi_f2d
 496 0054 0446     		mov	r4, r0
 497 0056 0D46     		mov	r5, r1
  99:voltages.c    ****             voltage.voltage_charge_current);
 498              		.loc 1 99 0
 499 0058 07F10C03 		add	r3, r7, #12
 500 005c 9B68     		ldr	r3, [r3, #8]	@ float
  96:voltages.c    ****             voltage.voltage_battery,
 501              		.loc 1 96 0
 502 005e 1846     		mov	r0, r3
 503 0060 FFF7FEFF 		bl	__aeabi_f2d
 504 0064 0246     		mov	r2, r0
 505 0066 0B46     		mov	r3, r1
 506 0068 07F11C01 		add	r1, r7, #28
 507 006c 01F18100 		add	r0, r1, #129
 508 0070 CDE90223 		strd	r2, [sp, #8]
 509 0074 CDE90045 		strd	r4, [sp]
ARM GAS  C:\Users\HYFI_A~1\AppData\Local\Temp\ccxfs4Sb.s 			page 12


 510 0078 4246     		mov	r2, r8
 511 007a 4B46     		mov	r3, r9
 512 007c 0D49     		ldr	r1, .L22+4
 513 007e FFF7FEFF 		bl	sprintf
 100:voltages.c    ****     
 101:voltages.c    ****     test.status = 1;
 514              		.loc 1 101 0
 515 0082 07F11C03 		add	r3, r7, #28
 516 0086 0122     		movs	r2, #1
 517 0088 83F88020 		strb	r2, [r3, #128]
 102:voltages.c    ****         
 103:voltages.c    ****     return test;
 518              		.loc 1 103 0
 519 008c 3B1D     		adds	r3, r7, #4
 520 008e 1A68     		ldr	r2, [r3]
 521 0090 07F11C03 		add	r3, r7, #28
 522 0094 1046     		mov	r0, r2
 523 0096 1946     		mov	r1, r3
 524 0098 40F28113 		movw	r3, #385
 525 009c 1A46     		mov	r2, r3
 526 009e FFF7FEFF 		bl	memcpy
 104:voltages.c    **** }
 527              		.loc 1 104 0
 528 00a2 3B1D     		adds	r3, r7, #4
 529 00a4 1868     		ldr	r0, [r3]
 530 00a6 07F5D077 		add	r7, r7, #416
 531              		.cfi_def_cfa_offset 24
 532 00aa BD46     		mov	sp, r7
 533              		.cfi_def_cfa_register 13
 534              		@ sp needed
 535 00ac BDE8B083 		pop	{r4, r5, r7, r8, r9, pc}
 536              	.L23:
 537              		.align	2
 538              	.L22:
 539 00b0 00000000 		.word	.LC0
 540 00b4 18000000 		.word	.LC1
 541              		.cfi_endproc
 542              	.LFE68:
 543              		.size	voltages_test, .-voltages_test
 544              		.text
 545              	.Letext0:
 546              		.file 2 "c:\\program files (x86)\\cypress\\psoc creator\\4.3\\psoc creator\\import\\gnu\\arm\\5.4.
 547              		.file 3 "c:\\program files (x86)\\cypress\\psoc creator\\4.3\\psoc creator\\import\\gnu\\arm\\5.4.
 548              		.file 4 "Generated_Source\\PSoC5/cytypes.h"
 549              		.file 5 "testing.h"
 550              		.file 6 "voltages.h"
 551              		.file 7 "modem.h"
 552              		.file 8 "data.h"
 553              		.file 9 "notoriOS.h"
 554              		.file 10 "Generated_Source\\PSoC5/core_cm3.h"
 555              		.file 11 "debug.h"
 556              		.section	.debug_info,"",%progbits
 557              	.Ldebug_info0:
 558 0000 3A050000 		.4byte	0x53a
 559 0004 0400     		.2byte	0x4
 560 0006 00000000 		.4byte	.Ldebug_abbrev0
 561 000a 04       		.byte	0x4
ARM GAS  C:\Users\HYFI_A~1\AppData\Local\Temp\ccxfs4Sb.s 			page 13


 562 000b 01       		.uleb128 0x1
 563 000c 5D000000 		.4byte	.LASF68
 564 0010 0C       		.byte	0xc
 565 0011 F0000000 		.4byte	.LASF69
 566 0015 73030000 		.4byte	.LASF70
 567 0019 00000000 		.4byte	.Ldebug_ranges0+0
 568 001d 00000000 		.4byte	0
 569 0021 00000000 		.4byte	.Ldebug_line0
 570 0025 02       		.uleb128 0x2
 571 0026 01       		.byte	0x1
 572 0027 06       		.byte	0x6
 573 0028 26020000 		.4byte	.LASF0
 574 002c 02       		.uleb128 0x2
 575 002d 01       		.byte	0x1
 576 002e 08       		.byte	0x8
 577 002f ED010000 		.4byte	.LASF1
 578 0033 02       		.uleb128 0x2
 579 0034 02       		.byte	0x2
 580 0035 05       		.byte	0x5
 581 0036 42000000 		.4byte	.LASF2
 582 003a 02       		.uleb128 0x2
 583 003b 02       		.byte	0x2
 584 003c 07       		.byte	0x7
 585 003d 86020000 		.4byte	.LASF3
 586 0041 03       		.uleb128 0x3
 587 0042 52030000 		.4byte	.LASF9
 588 0046 02       		.byte	0x2
 589 0047 3F       		.byte	0x3f
 590 0048 4C000000 		.4byte	0x4c
 591 004c 02       		.uleb128 0x2
 592 004d 04       		.byte	0x4
 593 004e 05       		.byte	0x5
 594 004f BE010000 		.4byte	.LASF4
 595 0053 02       		.uleb128 0x2
 596 0054 04       		.byte	0x4
 597 0055 07       		.byte	0x7
 598 0056 33030000 		.4byte	.LASF5
 599 005a 02       		.uleb128 0x2
 600 005b 08       		.byte	0x8
 601 005c 05       		.byte	0x5
 602 005d 97010000 		.4byte	.LASF6
 603 0061 02       		.uleb128 0x2
 604 0062 08       		.byte	0x8
 605 0063 07       		.byte	0x7
 606 0064 32020000 		.4byte	.LASF7
 607 0068 04       		.uleb128 0x4
 608 0069 04       		.byte	0x4
 609 006a 05       		.byte	0x5
 610 006b 696E7400 		.ascii	"int\000"
 611 006f 02       		.uleb128 0x2
 612 0070 04       		.byte	0x4
 613 0071 07       		.byte	0x7
 614 0072 49020000 		.4byte	.LASF8
 615 0076 03       		.uleb128 0x3
 616 0077 F3020000 		.4byte	.LASF10
 617 007b 03       		.byte	0x3
 618 007c 2C       		.byte	0x2c
ARM GAS  C:\Users\HYFI_A~1\AppData\Local\Temp\ccxfs4Sb.s 			page 14


 619 007d 41000000 		.4byte	0x41
 620 0081 05       		.uleb128 0x5
 621 0082 3C010000 		.4byte	.LASF11
 622 0086 04       		.byte	0x4
 623 0087 E401     		.2byte	0x1e4
 624 0089 2C000000 		.4byte	0x2c
 625 008d 05       		.uleb128 0x5
 626 008e 24030000 		.4byte	.LASF12
 627 0092 04       		.byte	0x4
 628 0093 E501     		.2byte	0x1e5
 629 0095 3A000000 		.4byte	0x3a
 630 0099 05       		.uleb128 0x5
 631 009a 91010000 		.4byte	.LASF13
 632 009e 04       		.byte	0x4
 633 009f E901     		.2byte	0x1e9
 634 00a1 4C000000 		.4byte	0x4c
 635 00a5 02       		.uleb128 0x2
 636 00a6 04       		.byte	0x4
 637 00a7 04       		.byte	0x4
 638 00a8 7D010000 		.4byte	.LASF14
 639 00ac 02       		.uleb128 0x2
 640 00ad 08       		.byte	0x8
 641 00ae 04       		.byte	0x4
 642 00af 45030000 		.4byte	.LASF15
 643 00b3 02       		.uleb128 0x2
 644 00b4 01       		.byte	0x1
 645 00b5 08       		.byte	0x8
 646 00b6 A5010000 		.4byte	.LASF16
 647 00ba 02       		.uleb128 0x2
 648 00bb 08       		.byte	0x8
 649 00bc 04       		.byte	0x4
 650 00bd E1010000 		.4byte	.LASF17
 651 00c1 02       		.uleb128 0x2
 652 00c2 04       		.byte	0x4
 653 00c3 07       		.byte	0x7
 654 00c4 4C000000 		.4byte	.LASF18
 655 00c8 06       		.uleb128 0x6
 656 00c9 B3000000 		.4byte	0xb3
 657 00cd D8000000 		.4byte	0xd8
 658 00d1 07       		.uleb128 0x7
 659 00d2 C1000000 		.4byte	0xc1
 660 00d6 17       		.byte	0x17
 661 00d7 00       		.byte	0
 662 00d8 08       		.uleb128 0x8
 663 00d9 8101     		.2byte	0x181
 664 00db 05       		.byte	0x5
 665 00dc 0A       		.byte	0xa
 666 00dd 06010000 		.4byte	0x106
 667 00e1 09       		.uleb128 0x9
 668 00e2 15030000 		.4byte	.LASF19
 669 00e6 05       		.byte	0x5
 670 00e7 0B       		.byte	0xb
 671 00e8 06010000 		.4byte	0x106
 672 00ec 00       		.byte	0
 673 00ed 09       		.uleb128 0x9
 674 00ee B1020000 		.4byte	.LASF20
 675 00f2 05       		.byte	0x5
ARM GAS  C:\Users\HYFI_A~1\AppData\Local\Temp\ccxfs4Sb.s 			page 15


 676 00f3 0C       		.byte	0xc
 677 00f4 81000000 		.4byte	0x81
 678 00f8 80       		.byte	0x80
 679 00f9 09       		.uleb128 0x9
 680 00fa B7010000 		.4byte	.LASF21
 681 00fe 05       		.byte	0x5
 682 00ff 0D       		.byte	0xd
 683 0100 16010000 		.4byte	0x116
 684 0104 81       		.byte	0x81
 685 0105 00       		.byte	0
 686 0106 06       		.uleb128 0x6
 687 0107 B3000000 		.4byte	0xb3
 688 010b 16010000 		.4byte	0x116
 689 010f 07       		.uleb128 0x7
 690 0110 C1000000 		.4byte	0xc1
 691 0114 7F       		.byte	0x7f
 692 0115 00       		.byte	0
 693 0116 06       		.uleb128 0x6
 694 0117 B3000000 		.4byte	0xb3
 695 011b 26010000 		.4byte	0x126
 696 011f 07       		.uleb128 0x7
 697 0120 C1000000 		.4byte	0xc1
 698 0124 FF       		.byte	0xff
 699 0125 00       		.byte	0
 700 0126 03       		.uleb128 0x3
 701 0127 5C030000 		.4byte	.LASF22
 702 012b 05       		.byte	0x5
 703 012c 0E       		.byte	0xe
 704 012d D8000000 		.4byte	0xd8
 705 0131 0A       		.uleb128 0xa
 706 0132 10       		.byte	0x10
 707 0133 06       		.byte	0x6
 708 0134 0E       		.byte	0xe
 709 0135 6A010000 		.4byte	0x16a
 710 0139 09       		.uleb128 0x9
 711 013a 1A010000 		.4byte	.LASF23
 712 013e 06       		.byte	0x6
 713 013f 0F       		.byte	0xf
 714 0140 A5000000 		.4byte	0xa5
 715 0144 00       		.byte	0
 716 0145 09       		.uleb128 0x9
 717 0146 10000000 		.4byte	.LASF24
 718 014a 06       		.byte	0x6
 719 014b 10       		.byte	0x10
 720 014c A5000000 		.4byte	0xa5
 721 0150 04       		.byte	0x4
 722 0151 09       		.uleb128 0x9
 723 0152 B9030000 		.4byte	.LASF25
 724 0156 06       		.byte	0x6
 725 0157 11       		.byte	0x11
 726 0158 A5000000 		.4byte	0xa5
 727 015c 08       		.byte	0x8
 728 015d 09       		.uleb128 0x9
 729 015e FB010000 		.4byte	.LASF26
 730 0162 06       		.byte	0x6
 731 0163 12       		.byte	0x12
 732 0164 81000000 		.4byte	0x81
ARM GAS  C:\Users\HYFI_A~1\AppData\Local\Temp\ccxfs4Sb.s 			page 16


 733 0168 0C       		.byte	0xc
 734 0169 00       		.byte	0
 735 016a 03       		.uleb128 0x3
 736 016b E9020000 		.4byte	.LASF27
 737 016f 06       		.byte	0x6
 738 0170 13       		.byte	0x13
 739 0171 31010000 		.4byte	0x131
 740 0175 0A       		.uleb128 0xa
 741 0176 3C       		.byte	0x3c
 742 0177 07       		.byte	0x7
 743 0178 2A       		.byte	0x2a
 744 0179 A2010000 		.4byte	0x1a2
 745 017d 09       		.uleb128 0x9
 746 017e 09000000 		.4byte	.LASF28
 747 0182 07       		.byte	0x7
 748 0183 2B       		.byte	0x2b
 749 0184 A2010000 		.4byte	0x1a2
 750 0188 00       		.byte	0
 751 0189 09       		.uleb128 0x9
 752 018a 00000000 		.4byte	.LASF29
 753 018e 07       		.byte	0x7
 754 018f 2C       		.byte	0x2c
 755 0190 A2010000 		.4byte	0x1a2
 756 0194 14       		.byte	0x14
 757 0195 09       		.uleb128 0x9
 758 0196 E4020000 		.4byte	.LASF30
 759 019a 07       		.byte	0x7
 760 019b 2D       		.byte	0x2d
 761 019c A2010000 		.4byte	0x1a2
 762 01a0 28       		.byte	0x28
 763 01a1 00       		.byte	0
 764 01a2 06       		.uleb128 0x6
 765 01a3 B3000000 		.4byte	0xb3
 766 01a7 B2010000 		.4byte	0x1b2
 767 01ab 07       		.uleb128 0x7
 768 01ac C1000000 		.4byte	0xc1
 769 01b0 13       		.byte	0x13
 770 01b1 00       		.byte	0
 771 01b2 03       		.uleb128 0x3
 772 01b3 AA010000 		.4byte	.LASF31
 773 01b7 07       		.byte	0x7
 774 01b8 2E       		.byte	0x2e
 775 01b9 75010000 		.4byte	0x175
 776 01bd 0A       		.uleb128 0xa
 777 01be 0C       		.byte	0xc
 778 01bf 07       		.byte	0x7
 779 01c0 30       		.byte	0x30
 780 01c1 F5010000 		.4byte	0x1f5
 781 01c5 09       		.uleb128 0x9
 782 01c6 D0030000 		.4byte	.LASF32
 783 01ca 07       		.byte	0x7
 784 01cb 31       		.byte	0x31
 785 01cc 81000000 		.4byte	0x81
 786 01d0 00       		.byte	0
 787 01d1 0B       		.uleb128 0xb
 788 01d2 737100   		.ascii	"sq\000"
 789 01d5 07       		.byte	0x7
ARM GAS  C:\Users\HYFI_A~1\AppData\Local\Temp\ccxfs4Sb.s 			page 17


 790 01d6 32       		.byte	0x32
 791 01d7 81000000 		.4byte	0x81
 792 01db 01       		.byte	0x1
 793 01dc 09       		.uleb128 0x9
 794 01dd 99020000 		.4byte	.LASF33
 795 01e1 07       		.byte	0x7
 796 01e2 33       		.byte	0x33
 797 01e3 68000000 		.4byte	0x68
 798 01e7 04       		.byte	0x4
 799 01e8 09       		.uleb128 0x9
 800 01e9 C4020000 		.4byte	.LASF34
 801 01ed 07       		.byte	0x7
 802 01ee 34       		.byte	0x34
 803 01ef 68000000 		.4byte	0x68
 804 01f3 08       		.byte	0x8
 805 01f4 00       		.byte	0
 806 01f5 03       		.uleb128 0x3
 807 01f6 FB020000 		.4byte	.LASF35
 808 01fa 07       		.byte	0x7
 809 01fb 35       		.byte	0x35
 810 01fc BD010000 		.4byte	0x1bd
 811 0200 0A       		.uleb128 0xa
 812 0201 2C       		.byte	0x2c
 813 0202 08       		.byte	0x8
 814 0203 0B       		.byte	0xb
 815 0204 2D020000 		.4byte	0x22d
 816 0208 0B       		.uleb128 0xb
 817 0209 6B657900 		.ascii	"key\000"
 818 020d 08       		.byte	0x8
 819 020e 0C       		.byte	0xc
 820 020f A2010000 		.4byte	0x1a2
 821 0213 00       		.byte	0
 822 0214 09       		.uleb128 0x9
 823 0215 14010000 		.4byte	.LASF36
 824 0219 08       		.byte	0x8
 825 021a 0D       		.byte	0xd
 826 021b A2010000 		.4byte	0x1a2
 827 021f 14       		.byte	0x14
 828 0220 09       		.uleb128 0x9
 829 0221 5D010000 		.4byte	.LASF37
 830 0225 08       		.byte	0x8
 831 0226 0E       		.byte	0xe
 832 0227 99000000 		.4byte	0x99
 833 022b 28       		.byte	0x28
 834 022c 00       		.byte	0
 835 022d 03       		.uleb128 0x3
 836 022e 56020000 		.4byte	.LASF38
 837 0232 08       		.byte	0x8
 838 0233 0F       		.byte	0xf
 839 0234 00020000 		.4byte	0x200
 840 0238 0A       		.uleb128 0xa
 841 0239 1C       		.byte	0x1c
 842 023a 09       		.byte	0x9
 843 023b 2C       		.byte	0x2c
 844 023c 59020000 		.4byte	0x259
 845 0240 09       		.uleb128 0x9
 846 0241 CF010000 		.4byte	.LASF39
ARM GAS  C:\Users\HYFI_A~1\AppData\Local\Temp\ccxfs4Sb.s 			page 18


 847 0245 09       		.byte	0x9
 848 0246 2E       		.byte	0x2e
 849 0247 59020000 		.4byte	0x259
 850 024b 00       		.byte	0
 851 024c 09       		.uleb128 0x9
 852 024d 34000000 		.4byte	.LASF40
 853 0251 09       		.byte	0x9
 854 0252 2F       		.byte	0x2f
 855 0253 C8000000 		.4byte	0xc8
 856 0257 04       		.byte	0x4
 857 0258 00       		.byte	0
 858 0259 0C       		.uleb128 0xc
 859 025a 04       		.byte	0x4
 860 025b B2010000 		.4byte	0x1b2
 861 025f 03       		.uleb128 0x3
 862 0260 7B020000 		.4byte	.LASF41
 863 0264 09       		.byte	0x9
 864 0265 31       		.byte	0x31
 865 0266 38020000 		.4byte	0x238
 866 026a 08       		.uleb128 0x8
 867 026b 4401     		.2byte	0x144
 868 026d 09       		.byte	0x9
 869 026e 34       		.byte	0x34
 870 026f BD020000 		.4byte	0x2bd
 871 0273 09       		.uleb128 0x9
 872 0274 63030000 		.4byte	.LASF42
 873 0278 09       		.byte	0x9
 874 0279 37       		.byte	0x37
 875 027a A2010000 		.4byte	0x1a2
 876 027e 00       		.byte	0
 877 027f 09       		.uleb128 0x9
 878 0280 55000000 		.4byte	.LASF43
 879 0284 09       		.byte	0x9
 880 0285 39       		.byte	0x39
 881 0286 BD020000 		.4byte	0x2bd
 882 028a 14       		.byte	0x14
 883 028b 09       		.uleb128 0x9
 884 028c 6B030000 		.4byte	.LASF44
 885 0290 09       		.byte	0x9
 886 0291 3A       		.byte	0x3a
 887 0292 68000000 		.4byte	0x68
 888 0296 78       		.byte	0x78
 889 0297 09       		.uleb128 0x9
 890 0298 55010000 		.4byte	.LASF45
 891 029c 09       		.byte	0x9
 892 029d 3B       		.byte	0x3b
 893 029e CD020000 		.4byte	0x2cd
 894 02a2 7C       		.byte	0x7c
 895 02a3 09       		.uleb128 0x9
 896 02a4 2B030000 		.4byte	.LASF46
 897 02a8 09       		.byte	0x9
 898 02a9 3C       		.byte	0x3c
 899 02aa BD020000 		.4byte	0x2bd
 900 02ae AE       		.byte	0xae
 901 02af 0D       		.uleb128 0xd
 902 02b0 49010000 		.4byte	.LASF47
 903 02b4 09       		.byte	0x9
ARM GAS  C:\Users\HYFI_A~1\AppData\Local\Temp\ccxfs4Sb.s 			page 19


 904 02b5 3D       		.byte	0x3d
 905 02b6 CD020000 		.4byte	0x2cd
 906 02ba 1201     		.2byte	0x112
 907 02bc 00       		.byte	0
 908 02bd 06       		.uleb128 0x6
 909 02be B3000000 		.4byte	0xb3
 910 02c2 CD020000 		.4byte	0x2cd
 911 02c6 07       		.uleb128 0x7
 912 02c7 C1000000 		.4byte	0xc1
 913 02cb 63       		.byte	0x63
 914 02cc 00       		.byte	0
 915 02cd 06       		.uleb128 0x6
 916 02ce B3000000 		.4byte	0xb3
 917 02d2 DD020000 		.4byte	0x2dd
 918 02d6 07       		.uleb128 0x7
 919 02d7 C1000000 		.4byte	0xc1
 920 02db 31       		.byte	0x31
 921 02dc 00       		.byte	0
 922 02dd 03       		.uleb128 0x3
 923 02de 1E000000 		.4byte	.LASF48
 924 02e2 09       		.byte	0x9
 925 02e3 3F       		.byte	0x3f
 926 02e4 6A020000 		.4byte	0x26a
 927 02e8 0E       		.uleb128 0xe
 928 02e9 67010000 		.4byte	.LASF52
 929 02ed 01       		.byte	0x1
 930 02ee 08       		.byte	0x8
 931 02ef 6A010000 		.4byte	0x16a
 932 02f3 00000000 		.4byte	.LFB64
 933 02f7 0C010000 		.4byte	.LFE64-.LFB64
 934 02fb 01       		.uleb128 0x1
 935 02fc 9C       		.byte	0x9c
 936 02fd 63030000 		.4byte	0x363
 937 0301 0F       		.uleb128 0xf
 938 0302 C7010000 		.4byte	.LASF49
 939 0306 01       		.byte	0x1
 940 0307 0A       		.byte	0xa
 941 0308 6A010000 		.4byte	0x16a
 942 030c 02       		.uleb128 0x2
 943 030d 91       		.byte	0x91
 944 030e 5C       		.sleb128 -36
 945 030f 0F       		.uleb128 0xf
 946 0310 FB000000 		.4byte	.LASF50
 947 0314 01       		.byte	0x1
 948 0315 14       		.byte	0x14
 949 0316 63030000 		.4byte	0x363
 950 031a 02       		.uleb128 0x2
 951 031b 91       		.byte	0x91
 952 031c 54       		.sleb128 -44
 953 031d 10       		.uleb128 0x10
 954 031e 1C000000 		.4byte	.LBB2
 955 0322 7A000000 		.4byte	.LBE2-.LBB2
 956 0326 11       		.uleb128 0x11
 957 0327 6300     		.ascii	"c\000"
 958 0329 01       		.byte	0x1
 959 032a 16       		.byte	0x16
 960 032b 81000000 		.4byte	0x81
ARM GAS  C:\Users\HYFI_A~1\AppData\Local\Temp\ccxfs4Sb.s 			page 20


 961 032f 02       		.uleb128 0x2
 962 0330 91       		.byte	0x91
 963 0331 6F       		.sleb128 -17
 964 0332 10       		.uleb128 0x10
 965 0333 24000000 		.4byte	.LBB3
 966 0337 60000000 		.4byte	.LBE3-.LBB3
 967 033b 0F       		.uleb128 0xf
 968 033c D5030000 		.4byte	.LASF51
 969 0340 01       		.byte	0x1
 970 0341 18       		.byte	0x18
 971 0342 73030000 		.4byte	0x373
 972 0346 03       		.uleb128 0x3
 973 0347 91       		.byte	0x91
 974 0348 A87F     		.sleb128 -88
 975 034a 10       		.uleb128 0x10
 976 034b 2E000000 		.4byte	.LBB4
 977 034f 30000000 		.4byte	.LBE4-.LBB4
 978 0353 11       		.uleb128 0x11
 979 0354 6900     		.ascii	"i\000"
 980 0356 01       		.byte	0x1
 981 0357 1A       		.byte	0x1a
 982 0358 81000000 		.4byte	0x81
 983 035c 02       		.uleb128 0x2
 984 035d 91       		.byte	0x91
 985 035e 6E       		.sleb128 -18
 986 035f 00       		.byte	0
 987 0360 00       		.byte	0
 988 0361 00       		.byte	0
 989 0362 00       		.byte	0
 990 0363 06       		.uleb128 0x6
 991 0364 A5000000 		.4byte	0xa5
 992 0368 73030000 		.4byte	0x373
 993 036c 07       		.uleb128 0x7
 994 036d C1000000 		.4byte	0xc1
 995 0371 01       		.byte	0x1
 996 0372 00       		.byte	0
 997 0373 06       		.uleb128 0x6
 998 0374 99000000 		.4byte	0x99
 999 0378 83030000 		.4byte	0x383
 1000 037c 07       		.uleb128 0x7
 1001 037d C1000000 		.4byte	0xc1
 1002 0381 0A       		.byte	0xa
 1003 0382 00       		.byte	0
 1004 0383 12       		.uleb128 0x12
 1005 0384 DA010000 		.4byte	.LASF53
 1006 0388 01       		.byte	0x1
 1007 0389 32       		.byte	0x32
 1008 038a 00000000 		.4byte	.LFB65
 1009 038e 74000000 		.4byte	.LFE65-.LFB65
 1010 0392 01       		.uleb128 0x1
 1011 0393 9C       		.byte	0x9c
 1012 0394 C9030000 		.4byte	0x3c9
 1013 0398 13       		.uleb128 0x13
 1014 0399 6100     		.ascii	"a\000"
 1015 039b 01       		.byte	0x1
 1016 039c 32       		.byte	0x32
 1017 039d C9030000 		.4byte	0x3c9
ARM GAS  C:\Users\HYFI_A~1\AppData\Local\Temp\ccxfs4Sb.s 			page 21


 1018 03a1 02       		.uleb128 0x2
 1019 03a2 91       		.byte	0x91
 1020 03a3 6C       		.sleb128 -20
 1021 03a4 13       		.uleb128 0x13
 1022 03a5 6E00     		.ascii	"n\000"
 1023 03a7 01       		.byte	0x1
 1024 03a8 32       		.byte	0x32
 1025 03a9 99000000 		.4byte	0x99
 1026 03ad 02       		.uleb128 0x2
 1027 03ae 91       		.byte	0x91
 1028 03af 68       		.sleb128 -24
 1029 03b0 11       		.uleb128 0x11
 1030 03b1 6900     		.ascii	"i\000"
 1031 03b3 01       		.byte	0x1
 1032 03b4 33       		.byte	0x33
 1033 03b5 99000000 		.4byte	0x99
 1034 03b9 02       		.uleb128 0x2
 1035 03ba 91       		.byte	0x91
 1036 03bb 74       		.sleb128 -12
 1037 03bc 11       		.uleb128 0x11
 1038 03bd 6A00     		.ascii	"j\000"
 1039 03bf 01       		.byte	0x1
 1040 03c0 33       		.byte	0x33
 1041 03c1 99000000 		.4byte	0x99
 1042 03c5 02       		.uleb128 0x2
 1043 03c6 91       		.byte	0x91
 1044 03c7 70       		.sleb128 -16
 1045 03c8 00       		.byte	0
 1046 03c9 0C       		.uleb128 0xc
 1047 03ca 04       		.byte	0x4
 1048 03cb 99000000 		.4byte	0x99
 1049 03cf 14       		.uleb128 0x14
 1050 03d0 42010000 		.4byte	.LASF54
 1051 03d4 01       		.byte	0x1
 1052 03d5 3D       		.byte	0x3d
 1053 03d6 00000000 		.4byte	.LFB66
 1054 03da 28000000 		.4byte	.LFE66-.LFB66
 1055 03de 01       		.uleb128 0x1
 1056 03df 9C       		.byte	0x9c
 1057 03e0 09040000 		.4byte	0x409
 1058 03e4 13       		.uleb128 0x13
 1059 03e5 7000     		.ascii	"p\000"
 1060 03e7 01       		.byte	0x1
 1061 03e8 3D       		.byte	0x3d
 1062 03e9 C9030000 		.4byte	0x3c9
 1063 03ed 02       		.uleb128 0x2
 1064 03ee 91       		.byte	0x91
 1065 03ef 6C       		.sleb128 -20
 1066 03f0 13       		.uleb128 0x13
 1067 03f1 7100     		.ascii	"q\000"
 1068 03f3 01       		.byte	0x1
 1069 03f4 3D       		.byte	0x3d
 1070 03f5 C9030000 		.4byte	0x3c9
 1071 03f9 02       		.uleb128 0x2
 1072 03fa 91       		.byte	0x91
 1073 03fb 68       		.sleb128 -24
 1074 03fc 11       		.uleb128 0x11
ARM GAS  C:\Users\HYFI_A~1\AppData\Local\Temp\ccxfs4Sb.s 			page 22


 1075 03fd 7400     		.ascii	"t\000"
 1076 03ff 01       		.byte	0x1
 1077 0400 3E       		.byte	0x3e
 1078 0401 99000000 		.4byte	0x99
 1079 0405 02       		.uleb128 0x2
 1080 0406 91       		.byte	0x91
 1081 0407 74       		.sleb128 -12
 1082 0408 00       		.byte	0
 1083 0409 15       		.uleb128 0x15
 1084 040a 18020000 		.4byte	.LASF71
 1085 040e 01       		.byte	0x1
 1086 040f 46       		.byte	0x46
 1087 0410 99000000 		.4byte	0x99
 1088 0414 00000000 		.4byte	.LFB67
 1089 0418 84000000 		.4byte	.LFE67-.LFB67
 1090 041c 01       		.uleb128 0x1
 1091 041d 9C       		.byte	0x9c
 1092 041e 4B040000 		.4byte	0x44b
 1093 0422 16       		.uleb128 0x16
 1094 0423 4C030000 		.4byte	.LASF55
 1095 0427 01       		.byte	0x1
 1096 0428 46       		.byte	0x46
 1097 0429 C9030000 		.4byte	0x3c9
 1098 042d 02       		.uleb128 0x2
 1099 042e 91       		.byte	0x91
 1100 042f 64       		.sleb128 -28
 1101 0430 13       		.uleb128 0x13
 1102 0431 6E00     		.ascii	"n\000"
 1103 0433 01       		.byte	0x1
 1104 0434 46       		.byte	0x46
 1105 0435 99000000 		.4byte	0x99
 1106 0439 02       		.uleb128 0x2
 1107 043a 91       		.byte	0x91
 1108 043b 60       		.sleb128 -32
 1109 043c 0F       		.uleb128 0xf
 1110 043d 2D000000 		.4byte	.LASF56
 1111 0441 01       		.byte	0x1
 1112 0442 48       		.byte	0x48
 1113 0443 99000000 		.4byte	0x99
 1114 0447 02       		.uleb128 0x2
 1115 0448 91       		.byte	0x91
 1116 0449 6C       		.sleb128 -20
 1117 044a 00       		.byte	0
 1118 044b 0E       		.uleb128 0xe
 1119 044c 83010000 		.4byte	.LASF57
 1120 0450 01       		.byte	0x1
 1121 0451 55       		.byte	0x55
 1122 0452 26010000 		.4byte	0x126
 1123 0456 00000000 		.4byte	.LFB68
 1124 045a B8000000 		.4byte	.LFE68-.LFB68
 1125 045e 01       		.uleb128 0x1
 1126 045f 9C       		.byte	0x9c
 1127 0460 83040000 		.4byte	0x483
 1128 0464 0F       		.uleb128 0xf
 1129 0465 1F030000 		.4byte	.LASF58
 1130 0469 01       		.byte	0x1
 1131 046a 57       		.byte	0x57
ARM GAS  C:\Users\HYFI_A~1\AppData\Local\Temp\ccxfs4Sb.s 			page 23


 1132 046b 26010000 		.4byte	0x126
 1133 046f 03       		.uleb128 0x3
 1134 0470 91       		.byte	0x91
 1135 0471 E47C     		.sleb128 -412
 1136 0473 0F       		.uleb128 0xf
 1137 0474 C7010000 		.4byte	.LASF49
 1138 0478 01       		.byte	0x1
 1139 0479 5B       		.byte	0x5b
 1140 047a 6A010000 		.4byte	0x16a
 1141 047e 03       		.uleb128 0x3
 1142 047f 91       		.byte	0x91
 1143 0480 D47C     		.sleb128 -428
 1144 0482 00       		.byte	0
 1145 0483 17       		.uleb128 0x17
 1146 0484 D7020000 		.4byte	.LASF59
 1147 0488 0A       		.byte	0xa
 1148 0489 1207     		.2byte	0x712
 1149 048b 8F040000 		.4byte	0x48f
 1150 048f 18       		.uleb128 0x18
 1151 0490 76000000 		.4byte	0x76
 1152 0494 19       		.uleb128 0x19
 1153 0495 62020000 		.4byte	.LASF60
 1154 0499 0B       		.byte	0xb
 1155 049a 17       		.byte	0x17
 1156 049b BD020000 		.4byte	0x2bd
 1157 049f 05       		.uleb128 0x5
 1158 04a0 03       		.byte	0x3
 1159 04a1 00000000 		.4byte	debug_string
 1160 04a5 19       		.uleb128 0x19
 1161 04a6 09030000 		.4byte	.LASF61
 1162 04aa 07       		.byte	0x7
 1163 04ab 13       		.byte	0x13
 1164 04ac 81000000 		.4byte	0x81
 1165 04b0 05       		.uleb128 0x5
 1166 04b1 03       		.byte	0x3
 1167 04b2 00000000 		.4byte	modem_state
 1168 04b6 19       		.uleb128 0x19
 1169 04b7 01020000 		.4byte	.LASF62
 1170 04bb 07       		.byte	0x7
 1171 04bc 38       		.byte	0x38
 1172 04bd 99000000 		.4byte	0x99
 1173 04c1 05       		.uleb128 0x5
 1174 04c2 03       		.byte	0x3
 1175 04c3 00000000 		.4byte	modem_start_time_stamp
 1176 04c7 19       		.uleb128 0x19
 1177 04c8 CF010000 		.4byte	.LASF39
 1178 04cc 07       		.byte	0x7
 1179 04cd 39       		.byte	0x39
 1180 04ce B2010000 		.4byte	0x1b2
 1181 04d2 05       		.uleb128 0x5
 1182 04d3 03       		.byte	0x3
 1183 04d4 00000000 		.4byte	modem_info
 1184 04d8 19       		.uleb128 0x19
 1185 04d9 6F020000 		.4byte	.LASF63
 1186 04dd 07       		.byte	0x7
 1187 04de 3A       		.byte	0x3a
 1188 04df F5010000 		.4byte	0x1f5
ARM GAS  C:\Users\HYFI_A~1\AppData\Local\Temp\ccxfs4Sb.s 			page 24


 1189 04e3 05       		.uleb128 0x5
 1190 04e4 03       		.byte	0x3
 1191 04e5 00000000 		.4byte	modem_stats
 1192 04e9 19       		.uleb128 0x19
 1193 04ea 2A010000 		.4byte	.LASF64
 1194 04ee 08       		.byte	0x8
 1195 04ef 19       		.byte	0x19
 1196 04f0 8D000000 		.4byte	0x8d
 1197 04f4 05       		.uleb128 0x5
 1198 04f5 03       		.byte	0x3
 1199 04f6 00000000 		.4byte	dataPointsInStack
 1200 04fa 06       		.uleb128 0x6
 1201 04fb 2D020000 		.4byte	0x22d
 1202 04ff 0A050000 		.4byte	0x50a
 1203 0503 07       		.uleb128 0x7
 1204 0504 C1000000 		.4byte	0xc1
 1205 0508 09       		.byte	0x9
 1206 0509 00       		.byte	0
 1207 050a 19       		.uleb128 0x19
 1208 050b EB000000 		.4byte	.LASF65
 1209 050f 08       		.byte	0x8
 1210 0510 1A       		.byte	0x1a
 1211 0511 FA040000 		.4byte	0x4fa
 1212 0515 05       		.uleb128 0x5
 1213 0516 03       		.byte	0x3
 1214 0517 00000000 		.4byte	data
 1215 051b 19       		.uleb128 0x19
 1216 051c B8020000 		.4byte	.LASF66
 1217 0520 09       		.byte	0x9
 1218 0521 32       		.byte	0x32
 1219 0522 5F020000 		.4byte	0x25f
 1220 0526 05       		.uleb128 0x5
 1221 0527 03       		.byte	0x3
 1222 0528 00000000 		.4byte	system_info
 1223 052c 19       		.uleb128 0x19
 1224 052d 04010000 		.4byte	.LASF67
 1225 0531 09       		.byte	0x9
 1226 0532 40       		.byte	0x40
 1227 0533 DD020000 		.4byte	0x2dd
 1228 0537 05       		.uleb128 0x5
 1229 0538 03       		.byte	0x3
 1230 0539 00000000 		.4byte	system_settings
 1231 053d 00       		.byte	0
 1232              		.section	.debug_abbrev,"",%progbits
 1233              	.Ldebug_abbrev0:
 1234 0000 01       		.uleb128 0x1
 1235 0001 11       		.uleb128 0x11
 1236 0002 01       		.byte	0x1
 1237 0003 25       		.uleb128 0x25
 1238 0004 0E       		.uleb128 0xe
 1239 0005 13       		.uleb128 0x13
 1240 0006 0B       		.uleb128 0xb
 1241 0007 03       		.uleb128 0x3
 1242 0008 0E       		.uleb128 0xe
 1243 0009 1B       		.uleb128 0x1b
 1244 000a 0E       		.uleb128 0xe
 1245 000b 55       		.uleb128 0x55
ARM GAS  C:\Users\HYFI_A~1\AppData\Local\Temp\ccxfs4Sb.s 			page 25


 1246 000c 17       		.uleb128 0x17
 1247 000d 11       		.uleb128 0x11
 1248 000e 01       		.uleb128 0x1
 1249 000f 10       		.uleb128 0x10
 1250 0010 17       		.uleb128 0x17
 1251 0011 00       		.byte	0
 1252 0012 00       		.byte	0
 1253 0013 02       		.uleb128 0x2
 1254 0014 24       		.uleb128 0x24
 1255 0015 00       		.byte	0
 1256 0016 0B       		.uleb128 0xb
 1257 0017 0B       		.uleb128 0xb
 1258 0018 3E       		.uleb128 0x3e
 1259 0019 0B       		.uleb128 0xb
 1260 001a 03       		.uleb128 0x3
 1261 001b 0E       		.uleb128 0xe
 1262 001c 00       		.byte	0
 1263 001d 00       		.byte	0
 1264 001e 03       		.uleb128 0x3
 1265 001f 16       		.uleb128 0x16
 1266 0020 00       		.byte	0
 1267 0021 03       		.uleb128 0x3
 1268 0022 0E       		.uleb128 0xe
 1269 0023 3A       		.uleb128 0x3a
 1270 0024 0B       		.uleb128 0xb
 1271 0025 3B       		.uleb128 0x3b
 1272 0026 0B       		.uleb128 0xb
 1273 0027 49       		.uleb128 0x49
 1274 0028 13       		.uleb128 0x13
 1275 0029 00       		.byte	0
 1276 002a 00       		.byte	0
 1277 002b 04       		.uleb128 0x4
 1278 002c 24       		.uleb128 0x24
 1279 002d 00       		.byte	0
 1280 002e 0B       		.uleb128 0xb
 1281 002f 0B       		.uleb128 0xb
 1282 0030 3E       		.uleb128 0x3e
 1283 0031 0B       		.uleb128 0xb
 1284 0032 03       		.uleb128 0x3
 1285 0033 08       		.uleb128 0x8
 1286 0034 00       		.byte	0
 1287 0035 00       		.byte	0
 1288 0036 05       		.uleb128 0x5
 1289 0037 16       		.uleb128 0x16
 1290 0038 00       		.byte	0
 1291 0039 03       		.uleb128 0x3
 1292 003a 0E       		.uleb128 0xe
 1293 003b 3A       		.uleb128 0x3a
 1294 003c 0B       		.uleb128 0xb
 1295 003d 3B       		.uleb128 0x3b
 1296 003e 05       		.uleb128 0x5
 1297 003f 49       		.uleb128 0x49
 1298 0040 13       		.uleb128 0x13
 1299 0041 00       		.byte	0
 1300 0042 00       		.byte	0
 1301 0043 06       		.uleb128 0x6
 1302 0044 01       		.uleb128 0x1
ARM GAS  C:\Users\HYFI_A~1\AppData\Local\Temp\ccxfs4Sb.s 			page 26


 1303 0045 01       		.byte	0x1
 1304 0046 49       		.uleb128 0x49
 1305 0047 13       		.uleb128 0x13
 1306 0048 01       		.uleb128 0x1
 1307 0049 13       		.uleb128 0x13
 1308 004a 00       		.byte	0
 1309 004b 00       		.byte	0
 1310 004c 07       		.uleb128 0x7
 1311 004d 21       		.uleb128 0x21
 1312 004e 00       		.byte	0
 1313 004f 49       		.uleb128 0x49
 1314 0050 13       		.uleb128 0x13
 1315 0051 2F       		.uleb128 0x2f
 1316 0052 0B       		.uleb128 0xb
 1317 0053 00       		.byte	0
 1318 0054 00       		.byte	0
 1319 0055 08       		.uleb128 0x8
 1320 0056 13       		.uleb128 0x13
 1321 0057 01       		.byte	0x1
 1322 0058 0B       		.uleb128 0xb
 1323 0059 05       		.uleb128 0x5
 1324 005a 3A       		.uleb128 0x3a
 1325 005b 0B       		.uleb128 0xb
 1326 005c 3B       		.uleb128 0x3b
 1327 005d 0B       		.uleb128 0xb
 1328 005e 01       		.uleb128 0x1
 1329 005f 13       		.uleb128 0x13
 1330 0060 00       		.byte	0
 1331 0061 00       		.byte	0
 1332 0062 09       		.uleb128 0x9
 1333 0063 0D       		.uleb128 0xd
 1334 0064 00       		.byte	0
 1335 0065 03       		.uleb128 0x3
 1336 0066 0E       		.uleb128 0xe
 1337 0067 3A       		.uleb128 0x3a
 1338 0068 0B       		.uleb128 0xb
 1339 0069 3B       		.uleb128 0x3b
 1340 006a 0B       		.uleb128 0xb
 1341 006b 49       		.uleb128 0x49
 1342 006c 13       		.uleb128 0x13
 1343 006d 38       		.uleb128 0x38
 1344 006e 0B       		.uleb128 0xb
 1345 006f 00       		.byte	0
 1346 0070 00       		.byte	0
 1347 0071 0A       		.uleb128 0xa
 1348 0072 13       		.uleb128 0x13
 1349 0073 01       		.byte	0x1
 1350 0074 0B       		.uleb128 0xb
 1351 0075 0B       		.uleb128 0xb
 1352 0076 3A       		.uleb128 0x3a
 1353 0077 0B       		.uleb128 0xb
 1354 0078 3B       		.uleb128 0x3b
 1355 0079 0B       		.uleb128 0xb
 1356 007a 01       		.uleb128 0x1
 1357 007b 13       		.uleb128 0x13
 1358 007c 00       		.byte	0
 1359 007d 00       		.byte	0
ARM GAS  C:\Users\HYFI_A~1\AppData\Local\Temp\ccxfs4Sb.s 			page 27


 1360 007e 0B       		.uleb128 0xb
 1361 007f 0D       		.uleb128 0xd
 1362 0080 00       		.byte	0
 1363 0081 03       		.uleb128 0x3
 1364 0082 08       		.uleb128 0x8
 1365 0083 3A       		.uleb128 0x3a
 1366 0084 0B       		.uleb128 0xb
 1367 0085 3B       		.uleb128 0x3b
 1368 0086 0B       		.uleb128 0xb
 1369 0087 49       		.uleb128 0x49
 1370 0088 13       		.uleb128 0x13
 1371 0089 38       		.uleb128 0x38
 1372 008a 0B       		.uleb128 0xb
 1373 008b 00       		.byte	0
 1374 008c 00       		.byte	0
 1375 008d 0C       		.uleb128 0xc
 1376 008e 0F       		.uleb128 0xf
 1377 008f 00       		.byte	0
 1378 0090 0B       		.uleb128 0xb
 1379 0091 0B       		.uleb128 0xb
 1380 0092 49       		.uleb128 0x49
 1381 0093 13       		.uleb128 0x13
 1382 0094 00       		.byte	0
 1383 0095 00       		.byte	0
 1384 0096 0D       		.uleb128 0xd
 1385 0097 0D       		.uleb128 0xd
 1386 0098 00       		.byte	0
 1387 0099 03       		.uleb128 0x3
 1388 009a 0E       		.uleb128 0xe
 1389 009b 3A       		.uleb128 0x3a
 1390 009c 0B       		.uleb128 0xb
 1391 009d 3B       		.uleb128 0x3b
 1392 009e 0B       		.uleb128 0xb
 1393 009f 49       		.uleb128 0x49
 1394 00a0 13       		.uleb128 0x13
 1395 00a1 38       		.uleb128 0x38
 1396 00a2 05       		.uleb128 0x5
 1397 00a3 00       		.byte	0
 1398 00a4 00       		.byte	0
 1399 00a5 0E       		.uleb128 0xe
 1400 00a6 2E       		.uleb128 0x2e
 1401 00a7 01       		.byte	0x1
 1402 00a8 3F       		.uleb128 0x3f
 1403 00a9 19       		.uleb128 0x19
 1404 00aa 03       		.uleb128 0x3
 1405 00ab 0E       		.uleb128 0xe
 1406 00ac 3A       		.uleb128 0x3a
 1407 00ad 0B       		.uleb128 0xb
 1408 00ae 3B       		.uleb128 0x3b
 1409 00af 0B       		.uleb128 0xb
 1410 00b0 49       		.uleb128 0x49
 1411 00b1 13       		.uleb128 0x13
 1412 00b2 11       		.uleb128 0x11
 1413 00b3 01       		.uleb128 0x1
 1414 00b4 12       		.uleb128 0x12
 1415 00b5 06       		.uleb128 0x6
 1416 00b6 40       		.uleb128 0x40
ARM GAS  C:\Users\HYFI_A~1\AppData\Local\Temp\ccxfs4Sb.s 			page 28


 1417 00b7 18       		.uleb128 0x18
 1418 00b8 9642     		.uleb128 0x2116
 1419 00ba 19       		.uleb128 0x19
 1420 00bb 01       		.uleb128 0x1
 1421 00bc 13       		.uleb128 0x13
 1422 00bd 00       		.byte	0
 1423 00be 00       		.byte	0
 1424 00bf 0F       		.uleb128 0xf
 1425 00c0 34       		.uleb128 0x34
 1426 00c1 00       		.byte	0
 1427 00c2 03       		.uleb128 0x3
 1428 00c3 0E       		.uleb128 0xe
 1429 00c4 3A       		.uleb128 0x3a
 1430 00c5 0B       		.uleb128 0xb
 1431 00c6 3B       		.uleb128 0x3b
 1432 00c7 0B       		.uleb128 0xb
 1433 00c8 49       		.uleb128 0x49
 1434 00c9 13       		.uleb128 0x13
 1435 00ca 02       		.uleb128 0x2
 1436 00cb 18       		.uleb128 0x18
 1437 00cc 00       		.byte	0
 1438 00cd 00       		.byte	0
 1439 00ce 10       		.uleb128 0x10
 1440 00cf 0B       		.uleb128 0xb
 1441 00d0 01       		.byte	0x1
 1442 00d1 11       		.uleb128 0x11
 1443 00d2 01       		.uleb128 0x1
 1444 00d3 12       		.uleb128 0x12
 1445 00d4 06       		.uleb128 0x6
 1446 00d5 00       		.byte	0
 1447 00d6 00       		.byte	0
 1448 00d7 11       		.uleb128 0x11
 1449 00d8 34       		.uleb128 0x34
 1450 00d9 00       		.byte	0
 1451 00da 03       		.uleb128 0x3
 1452 00db 08       		.uleb128 0x8
 1453 00dc 3A       		.uleb128 0x3a
 1454 00dd 0B       		.uleb128 0xb
 1455 00de 3B       		.uleb128 0x3b
 1456 00df 0B       		.uleb128 0xb
 1457 00e0 49       		.uleb128 0x49
 1458 00e1 13       		.uleb128 0x13
 1459 00e2 02       		.uleb128 0x2
 1460 00e3 18       		.uleb128 0x18
 1461 00e4 00       		.byte	0
 1462 00e5 00       		.byte	0
 1463 00e6 12       		.uleb128 0x12
 1464 00e7 2E       		.uleb128 0x2e
 1465 00e8 01       		.byte	0x1
 1466 00e9 3F       		.uleb128 0x3f
 1467 00ea 19       		.uleb128 0x19
 1468 00eb 03       		.uleb128 0x3
 1469 00ec 0E       		.uleb128 0xe
 1470 00ed 3A       		.uleb128 0x3a
 1471 00ee 0B       		.uleb128 0xb
 1472 00ef 3B       		.uleb128 0x3b
 1473 00f0 0B       		.uleb128 0xb
ARM GAS  C:\Users\HYFI_A~1\AppData\Local\Temp\ccxfs4Sb.s 			page 29


 1474 00f1 27       		.uleb128 0x27
 1475 00f2 19       		.uleb128 0x19
 1476 00f3 11       		.uleb128 0x11
 1477 00f4 01       		.uleb128 0x1
 1478 00f5 12       		.uleb128 0x12
 1479 00f6 06       		.uleb128 0x6
 1480 00f7 40       		.uleb128 0x40
 1481 00f8 18       		.uleb128 0x18
 1482 00f9 9642     		.uleb128 0x2116
 1483 00fb 19       		.uleb128 0x19
 1484 00fc 01       		.uleb128 0x1
 1485 00fd 13       		.uleb128 0x13
 1486 00fe 00       		.byte	0
 1487 00ff 00       		.byte	0
 1488 0100 13       		.uleb128 0x13
 1489 0101 05       		.uleb128 0x5
 1490 0102 00       		.byte	0
 1491 0103 03       		.uleb128 0x3
 1492 0104 08       		.uleb128 0x8
 1493 0105 3A       		.uleb128 0x3a
 1494 0106 0B       		.uleb128 0xb
 1495 0107 3B       		.uleb128 0x3b
 1496 0108 0B       		.uleb128 0xb
 1497 0109 49       		.uleb128 0x49
 1498 010a 13       		.uleb128 0x13
 1499 010b 02       		.uleb128 0x2
 1500 010c 18       		.uleb128 0x18
 1501 010d 00       		.byte	0
 1502 010e 00       		.byte	0
 1503 010f 14       		.uleb128 0x14
 1504 0110 2E       		.uleb128 0x2e
 1505 0111 01       		.byte	0x1
 1506 0112 3F       		.uleb128 0x3f
 1507 0113 19       		.uleb128 0x19
 1508 0114 03       		.uleb128 0x3
 1509 0115 0E       		.uleb128 0xe
 1510 0116 3A       		.uleb128 0x3a
 1511 0117 0B       		.uleb128 0xb
 1512 0118 3B       		.uleb128 0x3b
 1513 0119 0B       		.uleb128 0xb
 1514 011a 27       		.uleb128 0x27
 1515 011b 19       		.uleb128 0x19
 1516 011c 11       		.uleb128 0x11
 1517 011d 01       		.uleb128 0x1
 1518 011e 12       		.uleb128 0x12
 1519 011f 06       		.uleb128 0x6
 1520 0120 40       		.uleb128 0x40
 1521 0121 18       		.uleb128 0x18
 1522 0122 9742     		.uleb128 0x2117
 1523 0124 19       		.uleb128 0x19
 1524 0125 01       		.uleb128 0x1
 1525 0126 13       		.uleb128 0x13
 1526 0127 00       		.byte	0
 1527 0128 00       		.byte	0
 1528 0129 15       		.uleb128 0x15
 1529 012a 2E       		.uleb128 0x2e
 1530 012b 01       		.byte	0x1
ARM GAS  C:\Users\HYFI_A~1\AppData\Local\Temp\ccxfs4Sb.s 			page 30


 1531 012c 3F       		.uleb128 0x3f
 1532 012d 19       		.uleb128 0x19
 1533 012e 03       		.uleb128 0x3
 1534 012f 0E       		.uleb128 0xe
 1535 0130 3A       		.uleb128 0x3a
 1536 0131 0B       		.uleb128 0xb
 1537 0132 3B       		.uleb128 0x3b
 1538 0133 0B       		.uleb128 0xb
 1539 0134 27       		.uleb128 0x27
 1540 0135 19       		.uleb128 0x19
 1541 0136 49       		.uleb128 0x49
 1542 0137 13       		.uleb128 0x13
 1543 0138 11       		.uleb128 0x11
 1544 0139 01       		.uleb128 0x1
 1545 013a 12       		.uleb128 0x12
 1546 013b 06       		.uleb128 0x6
 1547 013c 40       		.uleb128 0x40
 1548 013d 18       		.uleb128 0x18
 1549 013e 9642     		.uleb128 0x2116
 1550 0140 19       		.uleb128 0x19
 1551 0141 01       		.uleb128 0x1
 1552 0142 13       		.uleb128 0x13
 1553 0143 00       		.byte	0
 1554 0144 00       		.byte	0
 1555 0145 16       		.uleb128 0x16
 1556 0146 05       		.uleb128 0x5
 1557 0147 00       		.byte	0
 1558 0148 03       		.uleb128 0x3
 1559 0149 0E       		.uleb128 0xe
 1560 014a 3A       		.uleb128 0x3a
 1561 014b 0B       		.uleb128 0xb
 1562 014c 3B       		.uleb128 0x3b
 1563 014d 0B       		.uleb128 0xb
 1564 014e 49       		.uleb128 0x49
 1565 014f 13       		.uleb128 0x13
 1566 0150 02       		.uleb128 0x2
 1567 0151 18       		.uleb128 0x18
 1568 0152 00       		.byte	0
 1569 0153 00       		.byte	0
 1570 0154 17       		.uleb128 0x17
 1571 0155 34       		.uleb128 0x34
 1572 0156 00       		.byte	0
 1573 0157 03       		.uleb128 0x3
 1574 0158 0E       		.uleb128 0xe
 1575 0159 3A       		.uleb128 0x3a
 1576 015a 0B       		.uleb128 0xb
 1577 015b 3B       		.uleb128 0x3b
 1578 015c 05       		.uleb128 0x5
 1579 015d 49       		.uleb128 0x49
 1580 015e 13       		.uleb128 0x13
 1581 015f 3F       		.uleb128 0x3f
 1582 0160 19       		.uleb128 0x19
 1583 0161 3C       		.uleb128 0x3c
 1584 0162 19       		.uleb128 0x19
 1585 0163 00       		.byte	0
 1586 0164 00       		.byte	0
 1587 0165 18       		.uleb128 0x18
ARM GAS  C:\Users\HYFI_A~1\AppData\Local\Temp\ccxfs4Sb.s 			page 31


 1588 0166 35       		.uleb128 0x35
 1589 0167 00       		.byte	0
 1590 0168 49       		.uleb128 0x49
 1591 0169 13       		.uleb128 0x13
 1592 016a 00       		.byte	0
 1593 016b 00       		.byte	0
 1594 016c 19       		.uleb128 0x19
 1595 016d 34       		.uleb128 0x34
 1596 016e 00       		.byte	0
 1597 016f 03       		.uleb128 0x3
 1598 0170 0E       		.uleb128 0xe
 1599 0171 3A       		.uleb128 0x3a
 1600 0172 0B       		.uleb128 0xb
 1601 0173 3B       		.uleb128 0x3b
 1602 0174 0B       		.uleb128 0xb
 1603 0175 49       		.uleb128 0x49
 1604 0176 13       		.uleb128 0x13
 1605 0177 3F       		.uleb128 0x3f
 1606 0178 19       		.uleb128 0x19
 1607 0179 02       		.uleb128 0x2
 1608 017a 18       		.uleb128 0x18
 1609 017b 00       		.byte	0
 1610 017c 00       		.byte	0
 1611 017d 00       		.byte	0
 1612              		.section	.debug_aranges,"",%progbits
 1613 0000 3C000000 		.4byte	0x3c
 1614 0004 0200     		.2byte	0x2
 1615 0006 00000000 		.4byte	.Ldebug_info0
 1616 000a 04       		.byte	0x4
 1617 000b 00       		.byte	0
 1618 000c 0000     		.2byte	0
 1619 000e 0000     		.2byte	0
 1620 0010 00000000 		.4byte	.LFB64
 1621 0014 0C010000 		.4byte	.LFE64-.LFB64
 1622 0018 00000000 		.4byte	.LFB65
 1623 001c 74000000 		.4byte	.LFE65-.LFB65
 1624 0020 00000000 		.4byte	.LFB66
 1625 0024 28000000 		.4byte	.LFE66-.LFB66
 1626 0028 00000000 		.4byte	.LFB67
 1627 002c 84000000 		.4byte	.LFE67-.LFB67
 1628 0030 00000000 		.4byte	.LFB68
 1629 0034 B8000000 		.4byte	.LFE68-.LFB68
 1630 0038 00000000 		.4byte	0
 1631 003c 00000000 		.4byte	0
 1632              		.section	.debug_ranges,"",%progbits
 1633              	.Ldebug_ranges0:
 1634 0000 00000000 		.4byte	.LFB64
 1635 0004 0C010000 		.4byte	.LFE64
 1636 0008 00000000 		.4byte	.LFB65
 1637 000c 74000000 		.4byte	.LFE65
 1638 0010 00000000 		.4byte	.LFB66
 1639 0014 28000000 		.4byte	.LFE66
 1640 0018 00000000 		.4byte	.LFB67
 1641 001c 84000000 		.4byte	.LFE67
 1642 0020 00000000 		.4byte	.LFB68
 1643 0024 B8000000 		.4byte	.LFE68
 1644 0028 00000000 		.4byte	0
ARM GAS  C:\Users\HYFI_A~1\AppData\Local\Temp\ccxfs4Sb.s 			page 32


 1645 002c 00000000 		.4byte	0
 1646              		.section	.debug_line,"",%progbits
 1647              	.Ldebug_line0:
 1648 0000 59020000 		.section	.debug_str,"MS",%progbits,1
 1648      02009901 
 1648      00000201 
 1648      FB0E0D00 
 1648      01010101 
 1649              	.LASF29:
 1650 0000 6D6F6465 		.ascii	"model_id\000"
 1650      6C5F6964 
 1650      00
 1651              	.LASF28:
 1652 0009 73696D5F 		.ascii	"sim_id\000"
 1652      696400
 1653              	.LASF24:
 1654 0010 766F6C74 		.ascii	"voltage_solar\000"
 1654      6167655F 
 1654      736F6C61 
 1654      7200
 1655              	.LASF48:
 1656 001e 7379735F 		.ascii	"sys_settings_t\000"
 1656      73657474 
 1656      696E6773 
 1656      5F7400
 1657              	.LASF56:
 1658 002d 6D656469 		.ascii	"median\000"
 1658      616E00
 1659              	.LASF40:
 1660 0034 63686970 		.ascii	"chip_uniqueId\000"
 1660      5F756E69 
 1660      71756549 
 1660      6400
 1661              	.LASF2:
 1662 0042 73686F72 		.ascii	"short int\000"
 1662      7420696E 
 1662      7400
 1663              	.LASF18:
 1664 004c 73697A65 		.ascii	"sizetype\000"
 1664      74797065 
 1664      00
 1665              	.LASF43:
 1666 0055 65705F68 		.ascii	"ep_host\000"
 1666      6F737400 
 1667              	.LASF68:
 1668 005d 474E5520 		.ascii	"GNU C11 5.4.1 20160609 (release) [ARM/embedded-5-br"
 1668      43313120 
 1668      352E342E 
 1668      31203230 
 1668      31363036 
 1669 0090 616E6368 		.ascii	"anch revision 237715] -mcpu=cortex-m3 -mthumb -g -O"
 1669      20726576 
 1669      6973696F 
 1669      6E203233 
 1669      37373135 
 1670 00c3 30202D66 		.ascii	"0 -ffunction-sections -ffat-lto-objects\000"
 1670      66756E63 
ARM GAS  C:\Users\HYFI_A~1\AppData\Local\Temp\ccxfs4Sb.s 			page 33


 1670      74696F6E 
 1670      2D736563 
 1670      74696F6E 
 1671              	.LASF65:
 1672 00eb 64617461 		.ascii	"data\000"
 1672      00
 1673              	.LASF69:
 1674 00f0 766F6C74 		.ascii	"voltages.c\000"
 1674      61676573 
 1674      2E6300
 1675              	.LASF50:
 1676 00fb 6368616E 		.ascii	"channels\000"
 1676      6E656C73 
 1676      00
 1677              	.LASF67:
 1678 0104 73797374 		.ascii	"system_settings\000"
 1678      656D5F73 
 1678      65747469 
 1678      6E677300 
 1679              	.LASF36:
 1680 0114 76616C75 		.ascii	"value\000"
 1680      6500
 1681              	.LASF23:
 1682 011a 766F6C74 		.ascii	"voltage_battery\000"
 1682      6167655F 
 1682      62617474 
 1682      65727900 
 1683              	.LASF64:
 1684 012a 64617461 		.ascii	"dataPointsInStack\000"
 1684      506F696E 
 1684      7473496E 
 1684      53746163 
 1684      6B00
 1685              	.LASF11:
 1686 013c 75696E74 		.ascii	"uint8\000"
 1686      3800
 1687              	.LASF54:
 1688 0142 73776170 		.ascii	"swap32\000"
 1688      333200
 1689              	.LASF47:
 1690 0149 65705F64 		.ascii	"ep_database\000"
 1690      61746162 
 1690      61736500 
 1691              	.LASF45:
 1692 0155 65705F75 		.ascii	"ep_user\000"
 1692      73657200 
 1693              	.LASF37:
 1694 015d 74696D65 		.ascii	"timeStamp\000"
 1694      5374616D 
 1694      7000
 1695              	.LASF52:
 1696 0167 766F6C74 		.ascii	"voltage_take_readings\000"
 1696      6167655F 
 1696      74616B65 
 1696      5F726561 
 1696      64696E67 
 1697              	.LASF14:
ARM GAS  C:\Users\HYFI_A~1\AppData\Local\Temp\ccxfs4Sb.s 			page 34


 1698 017d 666C6F61 		.ascii	"float\000"
 1698      7400
 1699              	.LASF57:
 1700 0183 766F6C74 		.ascii	"voltages_test\000"
 1700      61676573 
 1700      5F746573 
 1700      7400
 1701              	.LASF13:
 1702 0191 696E7433 		.ascii	"int32\000"
 1702      3200
 1703              	.LASF6:
 1704 0197 6C6F6E67 		.ascii	"long long int\000"
 1704      206C6F6E 
 1704      6720696E 
 1704      7400
 1705              	.LASF16:
 1706 01a5 63686172 		.ascii	"char\000"
 1706      00
 1707              	.LASF31:
 1708 01aa 6D6F6465 		.ascii	"modem_info_t\000"
 1708      6D5F696E 
 1708      666F5F74 
 1708      00
 1709              	.LASF21:
 1710 01b7 72656173 		.ascii	"reason\000"
 1710      6F6E00
 1711              	.LASF4:
 1712 01be 6C6F6E67 		.ascii	"long int\000"
 1712      20696E74 
 1712      00
 1713              	.LASF49:
 1714 01c7 766F6C74 		.ascii	"voltage\000"
 1714      61676500 
 1715              	.LASF39:
 1716 01cf 6D6F6465 		.ascii	"modem_info\000"
 1716      6D5F696E 
 1716      666F00
 1717              	.LASF53:
 1718 01da 736F7274 		.ascii	"sort32\000"
 1718      333200
 1719              	.LASF17:
 1720 01e1 6C6F6E67 		.ascii	"long double\000"
 1720      20646F75 
 1720      626C6500 
 1721              	.LASF1:
 1722 01ed 756E7369 		.ascii	"unsigned char\000"
 1722      676E6564 
 1722      20636861 
 1722      7200
 1723              	.LASF26:
 1724 01fb 76616C69 		.ascii	"valid\000"
 1724      6400
 1725              	.LASF62:
 1726 0201 6D6F6465 		.ascii	"modem_start_time_stamp\000"
 1726      6D5F7374 
 1726      6172745F 
 1726      74696D65 
ARM GAS  C:\Users\HYFI_A~1\AppData\Local\Temp\ccxfs4Sb.s 			page 35


 1726      5F737461 
 1727              	.LASF71:
 1728 0218 66696E64 		.ascii	"find_median32\000"
 1728      5F6D6564 
 1728      69616E33 
 1728      3200
 1729              	.LASF0:
 1730 0226 7369676E 		.ascii	"signed char\000"
 1730      65642063 
 1730      68617200 
 1731              	.LASF7:
 1732 0232 6C6F6E67 		.ascii	"long long unsigned int\000"
 1732      206C6F6E 
 1732      6720756E 
 1732      7369676E 
 1732      65642069 
 1733              	.LASF8:
 1734 0249 756E7369 		.ascii	"unsigned int\000"
 1734      676E6564 
 1734      20696E74 
 1734      00
 1735              	.LASF38:
 1736 0256 6B65795F 		.ascii	"key_value_t\000"
 1736      76616C75 
 1736      655F7400 
 1737              	.LASF60:
 1738 0262 64656275 		.ascii	"debug_string\000"
 1738      675F7374 
 1738      72696E67 
 1738      00
 1739              	.LASF63:
 1740 026f 6D6F6465 		.ascii	"modem_stats\000"
 1740      6D5F7374 
 1740      61747300 
 1741              	.LASF41:
 1742 027b 7379735F 		.ascii	"sys_info_t\000"
 1742      696E666F 
 1742      5F7400
 1743              	.LASF3:
 1744 0286 73686F72 		.ascii	"short unsigned int\000"
 1744      7420756E 
 1744      7369676E 
 1744      65642069 
 1744      6E7400
 1745              	.LASF33:
 1746 0299 74696D65 		.ascii	"time_to_network_connect\000"
 1746      5F746F5F 
 1746      6E657477 
 1746      6F726B5F 
 1746      636F6E6E 
 1747              	.LASF20:
 1748 02b1 73746174 		.ascii	"status\000"
 1748      757300
 1749              	.LASF66:
 1750 02b8 73797374 		.ascii	"system_info\000"
 1750      656D5F69 
 1750      6E666F00 
ARM GAS  C:\Users\HYFI_A~1\AppData\Local\Temp\ccxfs4Sb.s 			page 36


 1751              	.LASF34:
 1752 02c4 74696D65 		.ascii	"time_to_acquire_ip\000"
 1752      5F746F5F 
 1752      61637175 
 1752      6972655F 
 1752      697000
 1753              	.LASF59:
 1754 02d7 49544D5F 		.ascii	"ITM_RxBuffer\000"
 1754      52784275 
 1754      66666572 
 1754      00
 1755              	.LASF30:
 1756 02e4 696D6569 		.ascii	"imei\000"
 1756      00
 1757              	.LASF27:
 1758 02e9 766F6C74 		.ascii	"voltage_t\000"
 1758      6167655F 
 1758      7400
 1759              	.LASF10:
 1760 02f3 696E7433 		.ascii	"int32_t\000"
 1760      325F7400 
 1761              	.LASF35:
 1762 02fb 6D6F6465 		.ascii	"modem_stats_t\000"
 1762      6D5F7374 
 1762      6174735F 
 1762      7400
 1763              	.LASF61:
 1764 0309 6D6F6465 		.ascii	"modem_state\000"
 1764      6D5F7374 
 1764      61746500 
 1765              	.LASF19:
 1766 0315 74657374 		.ascii	"test_name\000"
 1766      5F6E616D 
 1766      6500
 1767              	.LASF58:
 1768 031f 74657374 		.ascii	"test\000"
 1768      00
 1769              	.LASF12:
 1770 0324 75696E74 		.ascii	"uint16\000"
 1770      313600
 1771              	.LASF46:
 1772 032b 65705F70 		.ascii	"ep_pswd\000"
 1772      73776400 
 1773              	.LASF5:
 1774 0333 6C6F6E67 		.ascii	"long unsigned int\000"
 1774      20756E73 
 1774      69676E65 
 1774      6420696E 
 1774      7400
 1775              	.LASF15:
 1776 0345 646F7562 		.ascii	"double\000"
 1776      6C6500
 1777              	.LASF55:
 1778 034c 61727261 		.ascii	"array\000"
 1778      7900
 1779              	.LASF9:
 1780 0352 5F5F696E 		.ascii	"__int32_t\000"
ARM GAS  C:\Users\HYFI_A~1\AppData\Local\Temp\ccxfs4Sb.s 			page 37


 1780      7433325F 
 1780      7400
 1781              	.LASF22:
 1782 035c 74657374 		.ascii	"test_t\000"
 1782      5F7400
 1783              	.LASF42:
 1784 0363 6E6F6465 		.ascii	"node_id\000"
 1784      5F696400 
 1785              	.LASF44:
 1786 036b 65705F70 		.ascii	"ep_port\000"
 1786      6F727400 
 1787              	.LASF70:
 1788 0373 433A5C55 		.ascii	"C:\\Users\\hyfi_admin\\Documents\\GitHub\\notoriOS\\"
 1788      73657273 
 1788      5C687966 
 1788      695F6164 
 1788      6D696E5C 
 1789 03a1 6E6F746F 		.ascii	"notoriOS\\notoriOS.cydsn\000"
 1789      72694F53 
 1789      5C6E6F74 
 1789      6F72694F 
 1789      532E6379 
 1790              	.LASF25:
 1791 03b9 766F6C74 		.ascii	"voltage_charge_current\000"
 1791      6167655F 
 1791      63686172 
 1791      67655F63 
 1791      75727265 
 1792              	.LASF32:
 1793 03d0 72737369 		.ascii	"rssi\000"
 1793      00
 1794              	.LASF51:
 1795 03d5 72656164 		.ascii	"readings\000"
 1795      696E6773 
 1795      00
 1796              		.ident	"GCC: (GNU Tools for ARM Embedded Processors) 5.4.1 20160609 (release) [ARM/embedded-5-bran
